<?xml version="1.0" encoding="UTF-8"?>
<testsuite name="kr.inek.tanbbang01.Tanbbang01ApplicationTests" tests="1" skipped="0" failures="0" errors="0" timestamp="2019-06-13T08:57:35" hostname="Ins-MacBook-Pro.local" time="0.004">
  <properties/>
  <testcase name="contextLoads" classname="kr.inek.tanbbang01.Tanbbang01ApplicationTests" time="0.004"/>
  <system-out><![CDATA[2019-06-13 17:57:30.292  INFO 81444 --- [    Test worker] .b.t.c.SpringBootTestContextBootstrapper : Neither @ContextConfiguration nor @ContextHierarchy found for test class [kr.inek.tanbbang01.Tanbbang01ApplicationTests], using SpringBootContextLoader
2019-06-13 17:57:30.294  INFO 81444 --- [    Test worker] o.s.t.c.support.AbstractContextLoader    : Could not detect default resource locations for test class [kr.inek.tanbbang01.Tanbbang01ApplicationTests]: no resource found for suffixes {-context.xml, Context.groovy}.
2019-06-13 17:57:30.294  INFO 81444 --- [    Test worker] t.c.s.AnnotationConfigContextLoaderUtils : Could not detect default configuration classes for test class [kr.inek.tanbbang01.Tanbbang01ApplicationTests]: Tanbbang01ApplicationTests does not declare any static, non-private, non-final, nested classes annotated with @Configuration.
2019-06-13 17:57:30.301  INFO 81444 --- [    Test worker] .b.t.c.SpringBootTestContextBootstrapper : Found @SpringBootConfiguration kr.inek.tanbbang01.Tanbbang01Application for test class kr.inek.tanbbang01.Tanbbang01ApplicationTests
2019-06-13 17:57:30.304  INFO 81444 --- [    Test worker] .b.t.c.SpringBootTestContextBootstrapper : Loaded default TestExecutionListener class names from location [META-INF/spring.factories]: [org.springframework.boot.test.autoconfigure.restdocs.RestDocsTestExecutionListener, org.springframework.boot.test.autoconfigure.web.client.MockRestServiceServerResetTestExecutionListener, org.springframework.boot.test.autoconfigure.web.servlet.MockMvcPrintOnlyOnFailureTestExecutionListener, org.springframework.boot.test.autoconfigure.web.servlet.WebDriverTestExecutionListener, org.springframework.boot.test.mock.mockito.MockitoTestExecutionListener, org.springframework.boot.test.mock.mockito.ResetMocksTestExecutionListener, org.springframework.test.context.web.ServletTestExecutionListener, org.springframework.test.context.support.DirtiesContextBeforeModesTestExecutionListener, org.springframework.test.context.support.DependencyInjectionTestExecutionListener, org.springframework.test.context.support.DirtiesContextTestExecutionListener, org.springframework.test.context.transaction.TransactionalTestExecutionListener, org.springframework.test.context.jdbc.SqlScriptsTestExecutionListener]
2019-06-13 17:57:30.304  INFO 81444 --- [    Test worker] .b.t.c.SpringBootTestContextBootstrapper : Using TestExecutionListeners: [org.springframework.test.context.web.ServletTestExecutionListener@1d858b9c, org.springframework.test.context.support.DirtiesContextBeforeModesTestExecutionListener@4b866cdf, org.springframework.boot.test.mock.mockito.MockitoTestExecutionListener@55789363, org.springframework.boot.test.autoconfigure.SpringBootDependencyInjectionTestExecutionListener@d5f9c71, org.springframework.test.context.support.DirtiesContextTestExecutionListener@3c373f2d, org.springframework.test.context.transaction.TransactionalTestExecutionListener@442f4ce0, org.springframework.test.context.jdbc.SqlScriptsTestExecutionListener@555d3c8d, org.springframework.boot.test.autoconfigure.restdocs.RestDocsTestExecutionListener@24909e43, org.springframework.boot.test.autoconfigure.web.client.MockRestServiceServerResetTestExecutionListener@21db03ab, org.springframework.boot.test.autoconfigure.web.servlet.MockMvcPrintOnlyOnFailureTestExecutionListener@1f2d133c, org.springframework.boot.test.autoconfigure.web.servlet.WebDriverTestExecutionListener@2328fd00, org.springframework.boot.test.mock.mockito.ResetMocksTestExecutionListener@3ea0da0]

  .   ____          _            __ _ _
 /\\ / ___'_ __ _ _(_)_ __  __ _ \ \ \ \
( ( )\___ | '_ | '_| | '_ \/ _` | \ \ \ \
 \\/  ___)| |_)| | | | | || (_| |  ) ) ) )
  '  |____| .__|_| |_|_| |_\__, | / / / /
 =========|_|==============|___/=/_/_/_/
 :: Spring Boot ::        (v2.1.5.RELEASE)

2019-06-13 17:57:30.346  INFO 81444 --- [    Test worker] k.i.t.Tanbbang01ApplicationTests         : Starting Tanbbang01ApplicationTests on Ins-MacBook-Pro.local with PID 81444 (started by InSeong in /Users/InSeong/Develop/SpringBoot-Workspace/springboot)
2019-06-13 17:57:30.346  INFO 81444 --- [    Test worker] k.i.t.Tanbbang01ApplicationTests         : No active profile set, falling back to default profiles: default
2019-06-13 17:57:31.136  INFO 81444 --- [    Test worker] .s.d.r.c.RepositoryConfigurationDelegate : Bootstrapping Spring Data repositories in DEFAULT mode.
2019-06-13 17:57:31.161  INFO 81444 --- [    Test worker] .s.d.r.c.RepositoryConfigurationDelegate : Finished Spring Data repository scanning in 25ms. Found 4 repository interfaces.
2019-06-13 17:57:31.337  INFO 81444 --- [    Test worker] trationDelegate$BeanPostProcessorChecker : Bean 'org.springframework.transaction.annotation.ProxyTransactionManagementConfiguration' of type [org.springframework.transaction.annotation.ProxyTransactionManagementConfiguration$$EnhancerBySpringCGLIB$$d87b527e] is not eligible for getting processed by all BeanPostProcessors (for example: not eligible for auto-proxying)
2019-06-13 17:57:31.411  INFO 81444 --- [    Test worker] trationDelegate$BeanPostProcessorChecker : Bean 'org.springframework.hateoas.config.HateoasConfiguration' of type [org.springframework.hateoas.config.HateoasConfiguration$$EnhancerBySpringCGLIB$$57fb9fb0] is not eligible for getting processed by all BeanPostProcessors (for example: not eligible for auto-proxying)
2019-06-13 17:57:31.640  INFO 81444 --- [    Test worker] com.zaxxer.hikari.HikariDataSource       : HikariPool-2 - Starting...
2019-06-13 17:57:31.844  INFO 81444 --- [    Test worker] com.zaxxer.hikari.pool.PoolBase          : HikariPool-2 - Driver does not support get/set network timeout for connections. (oracle.jdbc.driver.T4CConnection.getNetworkTimeout()I)
2019-06-13 17:57:31.861  INFO 81444 --- [    Test worker] com.zaxxer.hikari.HikariDataSource       : HikariPool-2 - Start completed.
2019-06-13 17:57:31.881  INFO 81444 --- [    Test worker] o.hibernate.jpa.internal.util.LogHelper  : HHH000204: Processing PersistenceUnitInfo [
	name: default
	...]
2019-06-13 17:57:31.885 DEBUG 81444 --- [    Test worker] org.hibernate.type.BasicTypeRegistry     : Adding type registration boolean -> org.hibernate.type.BooleanType@3fb3285
2019-06-13 17:57:31.885 DEBUG 81444 --- [    Test worker] org.hibernate.type.BasicTypeRegistry     : Adding type registration boolean -> org.hibernate.type.BooleanType@3fb3285
2019-06-13 17:57:31.885 DEBUG 81444 --- [    Test worker] org.hibernate.type.BasicTypeRegistry     : Adding type registration java.lang.Boolean -> org.hibernate.type.BooleanType@3fb3285
2019-06-13 17:57:31.886 DEBUG 81444 --- [    Test worker] org.hibernate.type.BasicTypeRegistry     : Adding type registration numeric_boolean -> org.hibernate.type.NumericBooleanType@35672417
2019-06-13 17:57:31.886 DEBUG 81444 --- [    Test worker] org.hibernate.type.BasicTypeRegistry     : Adding type registration true_false -> org.hibernate.type.TrueFalseType@443d7a73
2019-06-13 17:57:31.886 DEBUG 81444 --- [    Test worker] org.hibernate.type.BasicTypeRegistry     : Adding type registration yes_no -> org.hibernate.type.YesNoType@7fd64dfc
2019-06-13 17:57:31.886 DEBUG 81444 --- [    Test worker] org.hibernate.type.BasicTypeRegistry     : Adding type registration byte -> org.hibernate.type.ByteType@3a9b9811
2019-06-13 17:57:31.886 DEBUG 81444 --- [    Test worker] org.hibernate.type.BasicTypeRegistry     : Adding type registration byte -> org.hibernate.type.ByteType@3a9b9811
2019-06-13 17:57:31.886 DEBUG 81444 --- [    Test worker] org.hibernate.type.BasicTypeRegistry     : Adding type registration java.lang.Byte -> org.hibernate.type.ByteType@3a9b9811
2019-06-13 17:57:31.887 DEBUG 81444 --- [    Test worker] org.hibernate.type.BasicTypeRegistry     : Adding type registration character -> org.hibernate.type.CharacterType@6032dfd8
2019-06-13 17:57:31.887 DEBUG 81444 --- [    Test worker] org.hibernate.type.BasicTypeRegistry     : Adding type registration char -> org.hibernate.type.CharacterType@6032dfd8
2019-06-13 17:57:31.887 DEBUG 81444 --- [    Test worker] org.hibernate.type.BasicTypeRegistry     : Adding type registration java.lang.Character -> org.hibernate.type.CharacterType@6032dfd8
2019-06-13 17:57:31.887 DEBUG 81444 --- [    Test worker] org.hibernate.type.BasicTypeRegistry     : Adding type registration short -> org.hibernate.type.ShortType@729f417b
2019-06-13 17:57:31.887 DEBUG 81444 --- [    Test worker] org.hibernate.type.BasicTypeRegistry     : Adding type registration short -> org.hibernate.type.ShortType@729f417b
2019-06-13 17:57:31.887 DEBUG 81444 --- [    Test worker] org.hibernate.type.BasicTypeRegistry     : Adding type registration java.lang.Short -> org.hibernate.type.ShortType@729f417b
2019-06-13 17:57:31.887 DEBUG 81444 --- [    Test worker] org.hibernate.type.BasicTypeRegistry     : Adding type registration integer -> org.hibernate.type.IntegerType@2df1efad
2019-06-13 17:57:31.888 DEBUG 81444 --- [    Test worker] org.hibernate.type.BasicTypeRegistry     : Adding type registration int -> org.hibernate.type.IntegerType@2df1efad
2019-06-13 17:57:31.888 DEBUG 81444 --- [    Test worker] org.hibernate.type.BasicTypeRegistry     : Adding type registration java.lang.Integer -> org.hibernate.type.IntegerType@2df1efad
2019-06-13 17:57:31.888 DEBUG 81444 --- [    Test worker] org.hibernate.type.BasicTypeRegistry     : Adding type registration long -> org.hibernate.type.LongType@4e7c0a68
2019-06-13 17:57:31.888 DEBUG 81444 --- [    Test worker] org.hibernate.type.BasicTypeRegistry     : Adding type registration long -> org.hibernate.type.LongType@4e7c0a68
2019-06-13 17:57:31.888 DEBUG 81444 --- [    Test worker] org.hibernate.type.BasicTypeRegistry     : Adding type registration java.lang.Long -> org.hibernate.type.LongType@4e7c0a68
2019-06-13 17:57:31.888 DEBUG 81444 --- [    Test worker] org.hibernate.type.BasicTypeRegistry     : Adding type registration float -> org.hibernate.type.FloatType@5e54ca09
2019-06-13 17:57:31.888 DEBUG 81444 --- [    Test worker] org.hibernate.type.BasicTypeRegistry     : Adding type registration float -> org.hibernate.type.FloatType@5e54ca09
2019-06-13 17:57:31.888 DEBUG 81444 --- [    Test worker] org.hibernate.type.BasicTypeRegistry     : Adding type registration java.lang.Float -> org.hibernate.type.FloatType@5e54ca09
2019-06-13 17:57:31.888 DEBUG 81444 --- [    Test worker] org.hibernate.type.BasicTypeRegistry     : Adding type registration double -> org.hibernate.type.DoubleType@1e749e0c
2019-06-13 17:57:31.889 DEBUG 81444 --- [    Test worker] org.hibernate.type.BasicTypeRegistry     : Adding type registration double -> org.hibernate.type.DoubleType@1e749e0c
2019-06-13 17:57:31.889 DEBUG 81444 --- [    Test worker] org.hibernate.type.BasicTypeRegistry     : Adding type registration java.lang.Double -> org.hibernate.type.DoubleType@1e749e0c
2019-06-13 17:57:31.889 DEBUG 81444 --- [    Test worker] org.hibernate.type.BasicTypeRegistry     : Adding type registration big_decimal -> org.hibernate.type.BigDecimalType@257be273
2019-06-13 17:57:31.889 DEBUG 81444 --- [    Test worker] org.hibernate.type.BasicTypeRegistry     : Adding type registration java.math.BigDecimal -> org.hibernate.type.BigDecimalType@257be273
2019-06-13 17:57:31.889 DEBUG 81444 --- [    Test worker] org.hibernate.type.BasicTypeRegistry     : Adding type registration big_integer -> org.hibernate.type.BigIntegerType@21135678
2019-06-13 17:57:31.889 DEBUG 81444 --- [    Test worker] org.hibernate.type.BasicTypeRegistry     : Adding type registration java.math.BigInteger -> org.hibernate.type.BigIntegerType@21135678
2019-06-13 17:57:31.889 DEBUG 81444 --- [    Test worker] org.hibernate.type.BasicTypeRegistry     : Adding type registration string -> org.hibernate.type.StringType@5abebf5e
2019-06-13 17:57:31.889 DEBUG 81444 --- [    Test worker] org.hibernate.type.BasicTypeRegistry     : Adding type registration java.lang.String -> org.hibernate.type.StringType@5abebf5e
2019-06-13 17:57:31.889 DEBUG 81444 --- [    Test worker] org.hibernate.type.BasicTypeRegistry     : Adding type registration nstring -> org.hibernate.type.StringNVarcharType@2581ece1
2019-06-13 17:57:31.889 DEBUG 81444 --- [    Test worker] org.hibernate.type.BasicTypeRegistry     : Adding type registration ncharacter -> org.hibernate.type.CharacterNCharType@62c260d3
2019-06-13 17:57:31.890 DEBUG 81444 --- [    Test worker] org.hibernate.type.BasicTypeRegistry     : Adding type registration url -> org.hibernate.type.UrlType@651eb507
2019-06-13 17:57:31.890 DEBUG 81444 --- [    Test worker] org.hibernate.type.BasicTypeRegistry     : Adding type registration java.net.URL -> org.hibernate.type.UrlType@651eb507
2019-06-13 17:57:31.890 DEBUG 81444 --- [    Test worker] org.hibernate.type.BasicTypeRegistry     : Adding type registration Duration -> org.hibernate.type.DurationType@5903ca8f
2019-06-13 17:57:31.890 DEBUG 81444 --- [    Test worker] org.hibernate.type.BasicTypeRegistry     : Adding type registration java.time.Duration -> org.hibernate.type.DurationType@5903ca8f
2019-06-13 17:57:31.890 DEBUG 81444 --- [    Test worker] org.hibernate.type.BasicTypeRegistry     : Adding type registration Instant -> org.hibernate.type.InstantType@6f994649
2019-06-13 17:57:31.890 DEBUG 81444 --- [    Test worker] org.hibernate.type.BasicTypeRegistry     : Adding type registration java.time.Instant -> org.hibernate.type.InstantType@6f994649
2019-06-13 17:57:31.890 DEBUG 81444 --- [    Test worker] org.hibernate.type.BasicTypeRegistry     : Adding type registration LocalDateTime -> org.hibernate.type.LocalDateTimeType@79ddd80
2019-06-13 17:57:31.890 DEBUG 81444 --- [    Test worker] org.hibernate.type.BasicTypeRegistry     : Adding type registration java.time.LocalDateTime -> org.hibernate.type.LocalDateTimeType@79ddd80
2019-06-13 17:57:31.890 DEBUG 81444 --- [    Test worker] org.hibernate.type.BasicTypeRegistry     : Adding type registration LocalDate -> org.hibernate.type.LocalDateType@1a54b8d2
2019-06-13 17:57:31.890 DEBUG 81444 --- [    Test worker] org.hibernate.type.BasicTypeRegistry     : Adding type registration java.time.LocalDate -> org.hibernate.type.LocalDateType@1a54b8d2
2019-06-13 17:57:31.891 DEBUG 81444 --- [    Test worker] org.hibernate.type.BasicTypeRegistry     : Adding type registration LocalTime -> org.hibernate.type.LocalTimeType@1a227429
2019-06-13 17:57:31.891 DEBUG 81444 --- [    Test worker] org.hibernate.type.BasicTypeRegistry     : Adding type registration java.time.LocalTime -> org.hibernate.type.LocalTimeType@1a227429
2019-06-13 17:57:31.891 DEBUG 81444 --- [    Test worker] org.hibernate.type.BasicTypeRegistry     : Adding type registration OffsetDateTime -> org.hibernate.type.OffsetDateTimeType@1feb4063
2019-06-13 17:57:31.891 DEBUG 81444 --- [    Test worker] org.hibernate.type.BasicTypeRegistry     : Adding type registration java.time.OffsetDateTime -> org.hibernate.type.OffsetDateTimeType@1feb4063
2019-06-13 17:57:31.891 DEBUG 81444 --- [    Test worker] org.hibernate.type.BasicTypeRegistry     : Adding type registration OffsetTime -> org.hibernate.type.OffsetTimeType@6a5133b2
2019-06-13 17:57:31.891 DEBUG 81444 --- [    Test worker] org.hibernate.type.BasicTypeRegistry     : Adding type registration java.time.OffsetTime -> org.hibernate.type.OffsetTimeType@6a5133b2
2019-06-13 17:57:31.891 DEBUG 81444 --- [    Test worker] org.hibernate.type.BasicTypeRegistry     : Adding type registration ZonedDateTime -> org.hibernate.type.ZonedDateTimeType@1d8d24ed
2019-06-13 17:57:31.892 DEBUG 81444 --- [    Test worker] org.hibernate.type.BasicTypeRegistry     : Adding type registration java.time.ZonedDateTime -> org.hibernate.type.ZonedDateTimeType@1d8d24ed
2019-06-13 17:57:31.892 DEBUG 81444 --- [    Test worker] org.hibernate.type.BasicTypeRegistry     : Adding type registration date -> org.hibernate.type.DateType@7b613f05
2019-06-13 17:57:31.892 DEBUG 81444 --- [    Test worker] org.hibernate.type.BasicTypeRegistry     : Adding type registration java.sql.Date -> org.hibernate.type.DateType@7b613f05
2019-06-13 17:57:31.892 DEBUG 81444 --- [    Test worker] org.hibernate.type.BasicTypeRegistry     : Adding type registration time -> org.hibernate.type.TimeType@719928fc
2019-06-13 17:57:31.892 DEBUG 81444 --- [    Test worker] org.hibernate.type.BasicTypeRegistry     : Adding type registration java.sql.Time -> org.hibernate.type.TimeType@719928fc
2019-06-13 17:57:31.892 DEBUG 81444 --- [    Test worker] org.hibernate.type.BasicTypeRegistry     : Adding type registration timestamp -> org.hibernate.type.TimestampType@5e725238
2019-06-13 17:57:31.892 DEBUG 81444 --- [    Test worker] org.hibernate.type.BasicTypeRegistry     : Adding type registration java.sql.Timestamp -> org.hibernate.type.TimestampType@5e725238
2019-06-13 17:57:31.892 DEBUG 81444 --- [    Test worker] org.hibernate.type.BasicTypeRegistry     : Adding type registration java.util.Date -> org.hibernate.type.TimestampType@5e725238
2019-06-13 17:57:31.893 DEBUG 81444 --- [    Test worker] org.hibernate.type.BasicTypeRegistry     : Adding type registration dbtimestamp -> org.hibernate.type.DbTimestampType@7cb17f44
2019-06-13 17:57:31.893 DEBUG 81444 --- [    Test worker] org.hibernate.type.BasicTypeRegistry     : Adding type registration calendar -> org.hibernate.type.CalendarType@1eb9363b
2019-06-13 17:57:31.893 DEBUG 81444 --- [    Test worker] org.hibernate.type.BasicTypeRegistry     : Adding type registration java.util.Calendar -> org.hibernate.type.CalendarType@1eb9363b
2019-06-13 17:57:31.893 DEBUG 81444 --- [    Test worker] org.hibernate.type.BasicTypeRegistry     : Adding type registration java.util.GregorianCalendar -> org.hibernate.type.CalendarType@1eb9363b
2019-06-13 17:57:31.893 DEBUG 81444 --- [    Test worker] org.hibernate.type.BasicTypeRegistry     : Adding type registration calendar_date -> org.hibernate.type.CalendarDateType@42808161
2019-06-13 17:57:31.893 DEBUG 81444 --- [    Test worker] org.hibernate.type.BasicTypeRegistry     : Adding type registration locale -> org.hibernate.type.LocaleType@7b2da429
2019-06-13 17:57:31.893 DEBUG 81444 --- [    Test worker] org.hibernate.type.BasicTypeRegistry     : Adding type registration java.util.Locale -> org.hibernate.type.LocaleType@7b2da429
2019-06-13 17:57:31.893 DEBUG 81444 --- [    Test worker] org.hibernate.type.BasicTypeRegistry     : Adding type registration currency -> org.hibernate.type.CurrencyType@2649a6fe
2019-06-13 17:57:31.894 DEBUG 81444 --- [    Test worker] org.hibernate.type.BasicTypeRegistry     : Adding type registration java.util.Currency -> org.hibernate.type.CurrencyType@2649a6fe
2019-06-13 17:57:31.894 DEBUG 81444 --- [    Test worker] org.hibernate.type.BasicTypeRegistry     : Adding type registration timezone -> org.hibernate.type.TimeZoneType@42ef1de6
2019-06-13 17:57:31.894 DEBUG 81444 --- [    Test worker] org.hibernate.type.BasicTypeRegistry     : Adding type registration java.util.TimeZone -> org.hibernate.type.TimeZoneType@42ef1de6
2019-06-13 17:57:31.894 DEBUG 81444 --- [    Test worker] org.hibernate.type.BasicTypeRegistry     : Adding type registration class -> org.hibernate.type.ClassType@31815722
2019-06-13 17:57:31.894 DEBUG 81444 --- [    Test worker] org.hibernate.type.BasicTypeRegistry     : Adding type registration java.lang.Class -> org.hibernate.type.ClassType@31815722
2019-06-13 17:57:31.894 DEBUG 81444 --- [    Test worker] org.hibernate.type.BasicTypeRegistry     : Adding type registration uuid-binary -> org.hibernate.type.UUIDBinaryType@572e4dc9
2019-06-13 17:57:31.894 DEBUG 81444 --- [    Test worker] org.hibernate.type.BasicTypeRegistry     : Adding type registration java.util.UUID -> org.hibernate.type.UUIDBinaryType@572e4dc9
2019-06-13 17:57:31.894 DEBUG 81444 --- [    Test worker] org.hibernate.type.BasicTypeRegistry     : Adding type registration uuid-char -> org.hibernate.type.UUIDCharType@419dc28c
2019-06-13 17:57:31.894 DEBUG 81444 --- [    Test worker] org.hibernate.type.BasicTypeRegistry     : Adding type registration binary -> org.hibernate.type.BinaryType@55e47b1d
2019-06-13 17:57:31.894 DEBUG 81444 --- [    Test worker] org.hibernate.type.BasicTypeRegistry     : Adding type registration byte[] -> org.hibernate.type.BinaryType@55e47b1d
2019-06-13 17:57:31.894 DEBUG 81444 --- [    Test worker] org.hibernate.type.BasicTypeRegistry     : Adding type registration [B -> org.hibernate.type.BinaryType@55e47b1d
2019-06-13 17:57:31.894 DEBUG 81444 --- [    Test worker] org.hibernate.type.BasicTypeRegistry     : Adding type registration wrapper-binary -> org.hibernate.type.WrapperBinaryType@62ed5bae
2019-06-13 17:57:31.894 DEBUG 81444 --- [    Test worker] org.hibernate.type.BasicTypeRegistry     : Adding type registration Byte[] -> org.hibernate.type.WrapperBinaryType@62ed5bae
2019-06-13 17:57:31.895 DEBUG 81444 --- [    Test worker] org.hibernate.type.BasicTypeRegistry     : Adding type registration [Ljava.lang.Byte; -> org.hibernate.type.WrapperBinaryType@62ed5bae
2019-06-13 17:57:31.895 DEBUG 81444 --- [    Test worker] org.hibernate.type.BasicTypeRegistry     : Adding type registration row_version -> org.hibernate.type.RowVersionType@2f69feb2
2019-06-13 17:57:31.895 DEBUG 81444 --- [    Test worker] org.hibernate.type.BasicTypeRegistry     : Adding type registration image -> org.hibernate.type.ImageType@6627a5
2019-06-13 17:57:31.895 DEBUG 81444 --- [    Test worker] org.hibernate.type.BasicTypeRegistry     : Adding type registration characters -> org.hibernate.type.CharArrayType@14a24497
2019-06-13 17:57:31.895 DEBUG 81444 --- [    Test worker] org.hibernate.type.BasicTypeRegistry     : Adding type registration char[] -> org.hibernate.type.CharArrayType@14a24497
2019-06-13 17:57:31.895 DEBUG 81444 --- [    Test worker] org.hibernate.type.BasicTypeRegistry     : Adding type registration [C -> org.hibernate.type.CharArrayType@14a24497
2019-06-13 17:57:31.895 DEBUG 81444 --- [    Test worker] org.hibernate.type.BasicTypeRegistry     : Adding type registration wrapper-characters -> org.hibernate.type.CharacterArrayType@50c66909
2019-06-13 17:57:31.895 DEBUG 81444 --- [    Test worker] org.hibernate.type.BasicTypeRegistry     : Adding type registration [Ljava.lang.Character; -> org.hibernate.type.CharacterArrayType@50c66909
2019-06-13 17:57:31.895 DEBUG 81444 --- [    Test worker] org.hibernate.type.BasicTypeRegistry     : Adding type registration Character[] -> org.hibernate.type.CharacterArrayType@50c66909
2019-06-13 17:57:31.895 DEBUG 81444 --- [    Test worker] org.hibernate.type.BasicTypeRegistry     : Adding type registration text -> org.hibernate.type.TextType@7bbbaacb
2019-06-13 17:57:31.895 DEBUG 81444 --- [    Test worker] org.hibernate.type.BasicTypeRegistry     : Adding type registration ntext -> org.hibernate.type.NTextType@6726212e
2019-06-13 17:57:31.896 DEBUG 81444 --- [    Test worker] org.hibernate.type.BasicTypeRegistry     : Adding type registration blob -> org.hibernate.type.BlobType@b88fb10
2019-06-13 17:57:31.896 DEBUG 81444 --- [    Test worker] org.hibernate.type.BasicTypeRegistry     : Adding type registration java.sql.Blob -> org.hibernate.type.BlobType@b88fb10
2019-06-13 17:57:31.896 DEBUG 81444 --- [    Test worker] org.hibernate.type.BasicTypeRegistry     : Adding type registration materialized_blob -> org.hibernate.type.MaterializedBlobType@703eecd1
2019-06-13 17:57:31.896 DEBUG 81444 --- [    Test worker] org.hibernate.type.BasicTypeRegistry     : Adding type registration clob -> org.hibernate.type.ClobType@6da7226f
2019-06-13 17:57:31.896 DEBUG 81444 --- [    Test worker] org.hibernate.type.BasicTypeRegistry     : Adding type registration java.sql.Clob -> org.hibernate.type.ClobType@6da7226f
2019-06-13 17:57:31.896 DEBUG 81444 --- [    Test worker] org.hibernate.type.BasicTypeRegistry     : Adding type registration nclob -> org.hibernate.type.NClobType@548ade7e
2019-06-13 17:57:31.896 DEBUG 81444 --- [    Test worker] org.hibernate.type.BasicTypeRegistry     : Adding type registration java.sql.NClob -> org.hibernate.type.NClobType@548ade7e
2019-06-13 17:57:31.896 DEBUG 81444 --- [    Test worker] org.hibernate.type.BasicTypeRegistry     : Adding type registration materialized_clob -> org.hibernate.type.MaterializedClobType@6e83ace
2019-06-13 17:57:31.896 DEBUG 81444 --- [    Test worker] org.hibernate.type.BasicTypeRegistry     : Adding type registration materialized_nclob -> org.hibernate.type.MaterializedNClobType@71d97a2f
2019-06-13 17:57:31.896 DEBUG 81444 --- [    Test worker] org.hibernate.type.BasicTypeRegistry     : Adding type registration serializable -> org.hibernate.type.SerializableType@471c4827
2019-06-13 17:57:31.896 DEBUG 81444 --- [    Test worker] org.hibernate.type.BasicTypeRegistry     : Adding type registration object -> org.hibernate.type.ObjectType@36ddf04
2019-06-13 17:57:31.896 DEBUG 81444 --- [    Test worker] org.hibernate.type.BasicTypeRegistry     : Adding type registration java.lang.Object -> org.hibernate.type.ObjectType@36ddf04
2019-06-13 17:57:31.897 DEBUG 81444 --- [    Test worker] org.hibernate.type.BasicTypeRegistry     : Adding type registration imm_date -> org.hibernate.type.AdaptedImmutableType@3476db85
2019-06-13 17:57:31.897 DEBUG 81444 --- [    Test worker] org.hibernate.type.BasicTypeRegistry     : Adding type registration imm_time -> org.hibernate.type.AdaptedImmutableType@497db3f3
2019-06-13 17:57:31.897 DEBUG 81444 --- [    Test worker] org.hibernate.type.BasicTypeRegistry     : Adding type registration imm_timestamp -> org.hibernate.type.AdaptedImmutableType@70988c31
2019-06-13 17:57:31.897 DEBUG 81444 --- [    Test worker] org.hibernate.type.BasicTypeRegistry     : Adding type registration imm_dbtimestamp -> org.hibernate.type.AdaptedImmutableType@2d262351
2019-06-13 17:57:31.897 DEBUG 81444 --- [    Test worker] org.hibernate.type.BasicTypeRegistry     : Adding type registration imm_calendar -> org.hibernate.type.AdaptedImmutableType@2f0e7f83
2019-06-13 17:57:31.897 DEBUG 81444 --- [    Test worker] org.hibernate.type.BasicTypeRegistry     : Adding type registration imm_calendar_date -> org.hibernate.type.AdaptedImmutableType@b48a3ba
2019-06-13 17:57:31.897 DEBUG 81444 --- [    Test worker] org.hibernate.type.BasicTypeRegistry     : Adding type registration imm_binary -> org.hibernate.type.AdaptedImmutableType@3f055fe6
2019-06-13 17:57:31.897 DEBUG 81444 --- [    Test worker] org.hibernate.type.BasicTypeRegistry     : Adding type registration imm_serializable -> org.hibernate.type.AdaptedImmutableType@2325dffc
2019-06-13 17:57:31.902  INFO 81444 --- [    Test worker] org.hibernate.dialect.Dialect            : HHH000400: Using dialect: org.hibernate.dialect.Oracle10gDialect
2019-06-13 17:57:32.099 DEBUG 81444 --- [    Test worker] o.h.type.spi.TypeConfiguration$Scope     : Scoping TypeConfiguration [org.hibernate.type.spi.TypeConfiguration@b289a0b] to MetadataBuildingContext [org.hibernate.boot.internal.MetadataBuildingContextRootImpl@21a8a5be]
2019-06-13 17:57:32.189 DEBUG 81444 --- [    Test worker] o.h.type.spi.TypeConfiguration$Scope     : Scoping TypeConfiguration [org.hibernate.type.spi.TypeConfiguration@b289a0b] to SessionFactoryImpl [org.hibernate.internal.SessionFactoryImpl@7461d82]
2019-06-13 17:57:32.205 TRACE 81444 --- [    Test worker] o.h.type.spi.TypeConfiguration$Scope     : Handling #sessionFactoryCreated from [org.hibernate.internal.SessionFactoryImpl@7461d82] for TypeConfiguration
2019-06-13 17:57:32.205  INFO 81444 --- [    Test worker] j.LocalContainerEntityManagerFactoryBean : Initialized JPA EntityManagerFactory for persistence unit 'default'
2019-06-13 17:57:33.138  WARN 81444 --- [    Test worker] aWebConfiguration$JpaWebMvcConfiguration : spring.jpa.open-in-view is enabled by default. Therefore, database queries may be performed during view rendering. Explicitly configure spring.jpa.open-in-view to disable this warning
2019-06-13 17:57:33.773  INFO 81444 --- [    Test worker] o.s.b.a.e.web.EndpointLinksResolver      : Exposing 15 endpoint(s) beneath base path '/actuator'
2019-06-13 17:57:34.145  INFO 81444 --- [    Test worker] o.s.s.web.DefaultSecurityFilterChain     : Creating filter chain: Ant [pattern='/css/**'], []
2019-06-13 17:57:34.146  INFO 81444 --- [    Test worker] o.s.s.web.DefaultSecurityFilterChain     : Creating filter chain: Ant [pattern='/script/**'], []
2019-06-13 17:57:34.146  INFO 81444 --- [    Test worker] o.s.s.web.DefaultSecurityFilterChain     : Creating filter chain: Ant [pattern='image/**'], []
2019-06-13 17:57:34.146  INFO 81444 --- [    Test worker] o.s.s.web.DefaultSecurityFilterChain     : Creating filter chain: Ant [pattern='/fonts/**'], []
2019-06-13 17:57:34.146  INFO 81444 --- [    Test worker] o.s.s.web.DefaultSecurityFilterChain     : Creating filter chain: Ant [pattern='lib/**'], []
2019-06-13 17:57:34.269  INFO 81444 --- [    Test worker] o.s.s.web.DefaultSecurityFilterChain     : Creating filter chain: any request, [org.springframework.security.web.context.request.async.WebAsyncManagerIntegrationFilter@1ead036d, org.springframework.security.web.context.SecurityContextPersistenceFilter@19802dad, org.springframework.security.web.header.HeaderWriterFilter@2c9928bf, org.springframework.security.web.csrf.CsrfFilter@1d08a967, org.springframework.security.web.authentication.logout.LogoutFilter@770c961a, org.springframework.security.web.savedrequest.RequestCacheAwareFilter@c0b119d, org.springframework.security.web.servletapi.SecurityContextHolderAwareRequestFilter@69321c73, org.springframework.security.web.authentication.AnonymousAuthenticationFilter@4cf54b63, org.springframework.security.web.session.SessionManagementFilter@411bf778, org.springframework.security.web.access.ExceptionTranslationFilter@28d7b931, org.springframework.security.web.access.intercept.FilterSecurityInterceptor@7772b888]
2019-06-13 17:57:34.334  INFO 81444 --- [    Test worker] pertySourcedRequestMappingHandlerMapping : Mapped URL path [/v2/api-docs] onto method [public org.springframework.http.ResponseEntity<springfox.documentation.spring.web.json.Json> springfox.documentation.swagger2.web.Swagger2Controller.getDocumentation(java.lang.String,javax.servlet.http.HttpServletRequest)]
2019-06-13 17:57:34.764  INFO 81444 --- [    Test worker] o.s.s.concurrent.ThreadPoolTaskExecutor  : Initializing ExecutorService 'applicationTaskExecutor'
2019-06-13 17:57:35.527  INFO 81444 --- [    Test worker] d.s.w.p.DocumentationPluginsBootstrapper : Context refreshed
2019-06-13 17:57:35.529  INFO 81444 --- [    Test worker] d.s.w.p.DocumentationPluginsBootstrapper : Found 1 custom documentation plugin(s)
2019-06-13 17:57:35.551  INFO 81444 --- [    Test worker] s.d.s.w.s.ApiListingReferenceScanner     : Scanning for api listing references
2019-06-13 17:57:35.654  INFO 81444 --- [    Test worker] .d.s.w.r.o.CachingOperationNameGenerator : Generating unique operation named: handleUsingGET_1
2019-06-13 17:57:35.658  INFO 81444 --- [    Test worker] .d.s.w.r.o.CachingOperationNameGenerator : Generating unique operation named: handleUsingGET_2
2019-06-13 17:57:35.660  INFO 81444 --- [    Test worker] .d.s.w.r.o.CachingOperationNameGenerator : Generating unique operation named: handleUsingGET_3
2019-06-13 17:57:35.662  INFO 81444 --- [    Test worker] .d.s.w.r.o.CachingOperationNameGenerator : Generating unique operation named: handleUsingDELETE_1
2019-06-13 17:57:35.664  INFO 81444 --- [    Test worker] .d.s.w.r.o.CachingOperationNameGenerator : Generating unique operation named: handleUsingGET_4
2019-06-13 17:57:35.665  INFO 81444 --- [    Test worker] .d.s.w.r.o.CachingOperationNameGenerator : Generating unique operation named: handleUsingGET_5
2019-06-13 17:57:35.667  INFO 81444 --- [    Test worker] .d.s.w.r.o.CachingOperationNameGenerator : Generating unique operation named: handleUsingGET_6
2019-06-13 17:57:35.668  INFO 81444 --- [    Test worker] .d.s.w.r.o.CachingOperationNameGenerator : Generating unique operation named: handleUsingGET_7
2019-06-13 17:57:35.670  INFO 81444 --- [    Test worker] .d.s.w.r.o.CachingOperationNameGenerator : Generating unique operation named: handleUsingGET_8
2019-06-13 17:57:35.672  INFO 81444 --- [    Test worker] .d.s.w.r.o.CachingOperationNameGenerator : Generating unique operation named: handleUsingGET_9
2019-06-13 17:57:35.673  INFO 81444 --- [    Test worker] .d.s.w.r.o.CachingOperationNameGenerator : Generating unique operation named: handleUsingGET_10
2019-06-13 17:57:35.675  INFO 81444 --- [    Test worker] .d.s.w.r.o.CachingOperationNameGenerator : Generating unique operation named: handleUsingGET_11
2019-06-13 17:57:35.677  INFO 81444 --- [    Test worker] .d.s.w.r.o.CachingOperationNameGenerator : Generating unique operation named: handleUsingGET_12
2019-06-13 17:57:35.682  INFO 81444 --- [    Test worker] .d.s.w.r.o.CachingOperationNameGenerator : Generating unique operation named: handleUsingGET_13
2019-06-13 17:57:35.685  INFO 81444 --- [    Test worker] .d.s.w.r.o.CachingOperationNameGenerator : Generating unique operation named: handleUsingGET_14
2019-06-13 17:57:35.688  INFO 81444 --- [    Test worker] .d.s.w.r.o.CachingOperationNameGenerator : Generating unique operation named: handleUsingGET_15
2019-06-13 17:57:35.690  INFO 81444 --- [    Test worker] .d.s.w.r.o.CachingOperationNameGenerator : Generating unique operation named: handleUsingGET_16
2019-06-13 17:57:35.691  INFO 81444 --- [    Test worker] .d.s.w.r.o.CachingOperationNameGenerator : Generating unique operation named: handleUsingGET_17
2019-06-13 17:57:35.693  INFO 81444 --- [    Test worker] .d.s.w.r.o.CachingOperationNameGenerator : Generating unique operation named: handleUsingGET_18
2019-06-13 17:57:35.695  INFO 81444 --- [    Test worker] .d.s.w.r.o.CachingOperationNameGenerator : Generating unique operation named: handleUsingGET_19
2019-06-13 17:57:35.697  INFO 81444 --- [    Test worker] .d.s.w.r.o.CachingOperationNameGenerator : Generating unique operation named: handleUsingGET_20
2019-06-13 17:57:35.755  INFO 81444 --- [    Test worker] .d.s.w.r.o.CachingOperationNameGenerator : Generating unique operation named: retrieveAllUsersUsingGET_1
2019-06-13 17:57:35.767  INFO 81444 --- [    Test worker] .d.s.w.r.o.CachingOperationNameGenerator : Generating unique operation named: creaetUserUsingPOST_1
2019-06-13 17:57:35.772  INFO 81444 --- [    Test worker] .d.s.w.r.o.CachingOperationNameGenerator : Generating unique operation named: deleteUserUsingDELETE_1
2019-06-13 17:57:35.774  INFO 81444 --- [    Test worker] .d.s.w.r.o.CachingOperationNameGenerator : Generating unique operation named: retrieveAllUsersUsingGET_2
2019-06-13 17:57:35.780  INFO 81444 --- [    Test worker] .d.s.w.r.o.CachingOperationNameGenerator : Generating unique operation named: retrieveUserUsingGET_1
2019-06-13 17:57:35.830  INFO 81444 --- [    Test worker] k.i.t.Tanbbang01ApplicationTests         : Started Tanbbang01ApplicationTests in 5.524 seconds (JVM running for 28.841)
]]></system-out>
  <system-err><![CDATA[]]></system-err>
</testsuite>
