<?xml version="1.0" encoding="UTF-8"?>
<testsuite name="kr.inek.tanbbang01.controller.DeptControllerTest" tests="2" skipped="0" failures="0" errors="0" timestamp="2019-06-13T08:57:26" hostname="Ins-MacBook-Pro.local" time="3.931">
  <properties/>
  <testcase name="retrieveDeptById" classname="kr.inek.tanbbang01.controller.DeptControllerTest" time="0.764"/>
  <testcase name="retrieveAllDepts" classname="kr.inek.tanbbang01.controller.DeptControllerTest" time="3.165"/>
  <system-out><![CDATA[17:57:08.074 [Test worker] DEBUG org.springframework.test.context.junit4.SpringJUnit4ClassRunner - SpringJUnit4ClassRunner constructor called with [class kr.inek.tanbbang01.controller.DeptControllerTest]
17:57:08.088 [Test worker] DEBUG org.springframework.test.context.BootstrapUtils - Instantiating CacheAwareContextLoaderDelegate from class [org.springframework.test.context.cache.DefaultCacheAwareContextLoaderDelegate]
17:57:08.134 [Test worker] DEBUG org.springframework.test.context.BootstrapUtils - Instantiating BootstrapContext using constructor [public org.springframework.test.context.support.DefaultBootstrapContext(java.lang.Class,org.springframework.test.context.CacheAwareContextLoaderDelegate)]
17:57:08.177 [Test worker] DEBUG org.springframework.test.context.BootstrapUtils - Instantiating TestContextBootstrapper for test class [kr.inek.tanbbang01.controller.DeptControllerTest] from class [org.springframework.boot.test.context.SpringBootTestContextBootstrapper]
17:57:08.193 [Test worker] INFO org.springframework.boot.test.context.SpringBootTestContextBootstrapper - Neither @ContextConfiguration nor @ContextHierarchy found for test class [kr.inek.tanbbang01.controller.DeptControllerTest], using SpringBootContextLoader
17:57:08.199 [Test worker] DEBUG org.springframework.test.context.support.AbstractContextLoader - Did not detect default resource location for test class [kr.inek.tanbbang01.controller.DeptControllerTest]: class path resource [kr/inek/tanbbang01/controller/DeptControllerTest-context.xml] does not exist
17:57:08.200 [Test worker] DEBUG org.springframework.test.context.support.AbstractContextLoader - Did not detect default resource location for test class [kr.inek.tanbbang01.controller.DeptControllerTest]: class path resource [kr/inek/tanbbang01/controller/DeptControllerTestContext.groovy] does not exist
17:57:08.201 [Test worker] INFO org.springframework.test.context.support.AbstractContextLoader - Could not detect default resource locations for test class [kr.inek.tanbbang01.controller.DeptControllerTest]: no resource found for suffixes {-context.xml, Context.groovy}.
17:57:08.202 [Test worker] INFO org.springframework.test.context.support.AnnotationConfigContextLoaderUtils - Could not detect default configuration classes for test class [kr.inek.tanbbang01.controller.DeptControllerTest]: DeptControllerTest does not declare any static, non-private, non-final, nested classes annotated with @Configuration.
17:57:08.301 [Test worker] DEBUG org.springframework.test.context.support.ActiveProfilesUtils - Could not find an 'annotation declaring class' for annotation type [org.springframework.test.context.ActiveProfiles] and class [kr.inek.tanbbang01.controller.DeptControllerTest]
17:57:08.436 [Test worker] DEBUG org.springframework.context.annotation.ClassPathScanningCandidateComponentProvider - Identified candidate component class: file [/Users/InSeong/Develop/SpringBoot-Workspace/springboot/build/classes/java/main/kr/inek/tanbbang01/Tanbbang01Application.class]
17:57:08.438 [Test worker] INFO org.springframework.boot.test.context.SpringBootTestContextBootstrapper - Found @SpringBootConfiguration kr.inek.tanbbang01.Tanbbang01Application for test class kr.inek.tanbbang01.controller.DeptControllerTest
17:57:08.715 [Test worker] DEBUG org.springframework.boot.test.context.SpringBootTestContextBootstrapper - @TestExecutionListeners is not present for class [kr.inek.tanbbang01.controller.DeptControllerTest]: using defaults.
17:57:08.747 [Test worker] INFO org.springframework.boot.test.context.SpringBootTestContextBootstrapper - Loaded default TestExecutionListener class names from location [META-INF/spring.factories]: [org.springframework.boot.test.autoconfigure.restdocs.RestDocsTestExecutionListener, org.springframework.boot.test.autoconfigure.web.client.MockRestServiceServerResetTestExecutionListener, org.springframework.boot.test.autoconfigure.web.servlet.MockMvcPrintOnlyOnFailureTestExecutionListener, org.springframework.boot.test.autoconfigure.web.servlet.WebDriverTestExecutionListener, org.springframework.boot.test.mock.mockito.MockitoTestExecutionListener, org.springframework.boot.test.mock.mockito.ResetMocksTestExecutionListener, org.springframework.test.context.web.ServletTestExecutionListener, org.springframework.test.context.support.DirtiesContextBeforeModesTestExecutionListener, org.springframework.test.context.support.DependencyInjectionTestExecutionListener, org.springframework.test.context.support.DirtiesContextTestExecutionListener, org.springframework.test.context.transaction.TransactionalTestExecutionListener, org.springframework.test.context.jdbc.SqlScriptsTestExecutionListener]
17:57:08.800 [Test worker] INFO org.springframework.boot.test.context.SpringBootTestContextBootstrapper - Using TestExecutionListeners: [org.springframework.test.context.web.ServletTestExecutionListener@5394827b, org.springframework.test.context.support.DirtiesContextBeforeModesTestExecutionListener@5d725c76, org.springframework.boot.test.mock.mockito.MockitoTestExecutionListener@488e3e5, org.springframework.boot.test.autoconfigure.SpringBootDependencyInjectionTestExecutionListener@14f0bdd8, org.springframework.test.context.support.DirtiesContextTestExecutionListener@63807267, org.springframework.test.context.transaction.TransactionalTestExecutionListener@2c5e038d, org.springframework.test.context.jdbc.SqlScriptsTestExecutionListener@6f8a5a28, org.springframework.boot.test.autoconfigure.restdocs.RestDocsTestExecutionListener@7e85347c, org.springframework.boot.test.autoconfigure.web.client.MockRestServiceServerResetTestExecutionListener@1ef66281, org.springframework.boot.test.autoconfigure.web.servlet.MockMvcPrintOnlyOnFailureTestExecutionListener@426848b9, org.springframework.boot.test.autoconfigure.web.servlet.WebDriverTestExecutionListener@7f0e11c6, org.springframework.boot.test.mock.mockito.ResetMocksTestExecutionListener@287ffc8f]
17:57:08.809 [Test worker] DEBUG org.springframework.test.annotation.ProfileValueUtils - Retrieved @ProfileValueSourceConfiguration [null] for test class [kr.inek.tanbbang01.controller.DeptControllerTest]
17:57:08.809 [Test worker] DEBUG org.springframework.test.annotation.ProfileValueUtils - Retrieved ProfileValueSource type [class org.springframework.test.annotation.SystemProfileValueSource] for class [kr.inek.tanbbang01.controller.DeptControllerTest]
17:57:08.811 [Test worker] DEBUG org.springframework.test.annotation.ProfileValueUtils - Retrieved @ProfileValueSourceConfiguration [null] for test class [kr.inek.tanbbang01.controller.DeptControllerTest]
17:57:08.811 [Test worker] DEBUG org.springframework.test.annotation.ProfileValueUtils - Retrieved ProfileValueSource type [class org.springframework.test.annotation.SystemProfileValueSource] for class [kr.inek.tanbbang01.controller.DeptControllerTest]
17:57:08.820 [Test worker] DEBUG org.springframework.test.context.support.AbstractDirtiesContextTestExecutionListener - Before test class: context [DefaultTestContext@1ae58f8e testClass = DeptControllerTest, testInstance = [null], testMethod = [null], testException = [null], mergedContextConfiguration = [WebMergedContextConfiguration@3c084bc5 testClass = DeptControllerTest, locations = '{}', classes = '{class kr.inek.tanbbang01.Tanbbang01Application}', contextInitializerClasses = '[]', activeProfiles = '{}', propertySourceLocations = '{}', propertySourceProperties = '{org.springframework.boot.test.context.SpringBootTestContextBootstrapper=true}', contextCustomizers = set[org.springframework.boot.test.autoconfigure.properties.PropertyMappingContextCustomizer@e7e8512, org.springframework.boot.test.autoconfigure.web.servlet.WebDriverContextCustomizerFactory$Customizer@105673b5, [ImportsContextCustomizer@17b46a0e key = [org.springframework.boot.test.autoconfigure.web.servlet.MockMvcAutoConfiguration, org.springframework.boot.test.autoconfigure.web.servlet.MockMvcSecurityAutoConfiguration, org.springframework.boot.test.autoconfigure.web.servlet.MockMvcWebClientAutoConfiguration, org.springframework.boot.test.autoconfigure.web.servlet.MockMvcWebDriverAutoConfiguration]], org.springframework.boot.test.context.filter.ExcludeFilterContextCustomizer@632a195c, org.springframework.boot.test.json.DuplicateJsonObjectContextCustomizerFactory$DuplicateJsonObjectContextCustomizer@38379907, org.springframework.boot.test.mock.mockito.MockitoContextCustomizer@0, org.springframework.boot.test.web.client.TestRestTemplateContextCustomizer@7b20621e], resourceBasePath = 'src/main/webapp', contextLoader = 'org.springframework.boot.test.context.SpringBootContextLoader', parent = [null]], attributes = map['org.springframework.test.context.web.ServletTestExecutionListener.activateListener' -> true]], class annotated with @DirtiesContext [false] with mode [null].
17:57:08.821 [Test worker] DEBUG org.springframework.test.annotation.ProfileValueUtils - Retrieved @ProfileValueSourceConfiguration [null] for test class [kr.inek.tanbbang01.controller.DeptControllerTest]
17:57:08.822 [Test worker] DEBUG org.springframework.test.annotation.ProfileValueUtils - Retrieved ProfileValueSource type [class org.springframework.test.annotation.SystemProfileValueSource] for class [kr.inek.tanbbang01.controller.DeptControllerTest]
17:57:09.080 [Test worker] DEBUG org.springframework.test.context.support.TestPropertySourceUtils - Adding inlined properties to environment: {spring.jmx.enabled=false, org.springframework.boot.test.context.SpringBootTestContextBootstrapper=true, server.port=-1}

  .   ____          _            __ _ _
 /\\ / ___'_ __ _ _(_)_ __  __ _ \ \ \ \
( ( )\___ | '_ | '_| | '_ \/ _` | \ \ \ \
 \\/  ___)| |_)| | | | | || (_| |  ) ) ) )
  '  |____| .__|_| |_|_| |_\__, | / / / /
 =========|_|==============|___/=/_/_/_/
 :: Spring Boot ::        (v2.1.5.RELEASE)

2019-06-13 17:57:09.581  INFO 81444 --- [    Test worker] k.i.t.controller.DeptControllerTest      : Starting DeptControllerTest on Ins-MacBook-Pro.local with PID 81444 (started by InSeong in /Users/InSeong/Develop/SpringBoot-Workspace/springboot)
2019-06-13 17:57:09.587  INFO 81444 --- [    Test worker] k.i.t.controller.DeptControllerTest      : No active profile set, falling back to default profiles: default
2019-06-13 17:57:12.367  INFO 81444 --- [    Test worker] .s.d.r.c.RepositoryConfigurationDelegate : Bootstrapping Spring Data repositories in DEFAULT mode.
2019-06-13 17:57:12.532  INFO 81444 --- [    Test worker] .s.d.r.c.RepositoryConfigurationDelegate : Finished Spring Data repository scanning in 146ms. Found 4 repository interfaces.
2019-06-13 17:57:13.784  INFO 81444 --- [    Test worker] trationDelegate$BeanPostProcessorChecker : Bean 'org.springframework.transaction.annotation.ProxyTransactionManagementConfiguration' of type [org.springframework.transaction.annotation.ProxyTransactionManagementConfiguration$$EnhancerBySpringCGLIB$$d87b527e] is not eligible for getting processed by all BeanPostProcessors (for example: not eligible for auto-proxying)
2019-06-13 17:57:13.902  INFO 81444 --- [    Test worker] trationDelegate$BeanPostProcessorChecker : Bean 'org.springframework.hateoas.config.HateoasConfiguration' of type [org.springframework.hateoas.config.HateoasConfiguration$$EnhancerBySpringCGLIB$$57fb9fb0] is not eligible for getting processed by all BeanPostProcessors (for example: not eligible for auto-proxying)
2019-06-13 17:57:14.462  INFO 81444 --- [    Test worker] com.zaxxer.hikari.HikariDataSource       : HikariPool-1 - Starting...
2019-06-13 17:57:15.339  INFO 81444 --- [    Test worker] com.zaxxer.hikari.pool.PoolBase          : HikariPool-1 - Driver does not support get/set network timeout for connections. (oracle.jdbc.driver.T4CConnection.getNetworkTimeout()I)
2019-06-13 17:57:15.506  INFO 81444 --- [    Test worker] com.zaxxer.hikari.HikariDataSource       : HikariPool-1 - Start completed.
2019-06-13 17:57:15.640  INFO 81444 --- [    Test worker] o.hibernate.jpa.internal.util.LogHelper  : HHH000204: Processing PersistenceUnitInfo [
	name: default
	...]
2019-06-13 17:57:15.868  INFO 81444 --- [    Test worker] org.hibernate.Version                    : HHH000412: Hibernate Core {5.3.10.Final}
2019-06-13 17:57:15.871  INFO 81444 --- [    Test worker] org.hibernate.cfg.Environment            : HHH000206: hibernate.properties not found
2019-06-13 17:57:16.193  INFO 81444 --- [    Test worker] o.hibernate.annotations.common.Version   : HCANN000001: Hibernate Commons Annotations {5.0.4.Final}
2019-06-13 17:57:16.263 DEBUG 81444 --- [    Test worker] org.hibernate.type.BasicTypeRegistry     : Adding type registration boolean -> org.hibernate.type.BooleanType@3fb3285
2019-06-13 17:57:16.263 DEBUG 81444 --- [    Test worker] org.hibernate.type.BasicTypeRegistry     : Adding type registration boolean -> org.hibernate.type.BooleanType@3fb3285
2019-06-13 17:57:16.264 DEBUG 81444 --- [    Test worker] org.hibernate.type.BasicTypeRegistry     : Adding type registration java.lang.Boolean -> org.hibernate.type.BooleanType@3fb3285
2019-06-13 17:57:16.265 DEBUG 81444 --- [    Test worker] org.hibernate.type.BasicTypeRegistry     : Adding type registration numeric_boolean -> org.hibernate.type.NumericBooleanType@35672417
2019-06-13 17:57:16.267 DEBUG 81444 --- [    Test worker] org.hibernate.type.BasicTypeRegistry     : Adding type registration true_false -> org.hibernate.type.TrueFalseType@443d7a73
2019-06-13 17:57:16.268 DEBUG 81444 --- [    Test worker] org.hibernate.type.BasicTypeRegistry     : Adding type registration yes_no -> org.hibernate.type.YesNoType@7fd64dfc
2019-06-13 17:57:16.270 DEBUG 81444 --- [    Test worker] org.hibernate.type.BasicTypeRegistry     : Adding type registration byte -> org.hibernate.type.ByteType@3a9b9811
2019-06-13 17:57:16.270 DEBUG 81444 --- [    Test worker] org.hibernate.type.BasicTypeRegistry     : Adding type registration byte -> org.hibernate.type.ByteType@3a9b9811
2019-06-13 17:57:16.271 DEBUG 81444 --- [    Test worker] org.hibernate.type.BasicTypeRegistry     : Adding type registration java.lang.Byte -> org.hibernate.type.ByteType@3a9b9811
2019-06-13 17:57:16.273 DEBUG 81444 --- [    Test worker] org.hibernate.type.BasicTypeRegistry     : Adding type registration character -> org.hibernate.type.CharacterType@6032dfd8
2019-06-13 17:57:16.274 DEBUG 81444 --- [    Test worker] org.hibernate.type.BasicTypeRegistry     : Adding type registration char -> org.hibernate.type.CharacterType@6032dfd8
2019-06-13 17:57:16.275 DEBUG 81444 --- [    Test worker] org.hibernate.type.BasicTypeRegistry     : Adding type registration java.lang.Character -> org.hibernate.type.CharacterType@6032dfd8
2019-06-13 17:57:16.277 DEBUG 81444 --- [    Test worker] org.hibernate.type.BasicTypeRegistry     : Adding type registration short -> org.hibernate.type.ShortType@729f417b
2019-06-13 17:57:16.278 DEBUG 81444 --- [    Test worker] org.hibernate.type.BasicTypeRegistry     : Adding type registration short -> org.hibernate.type.ShortType@729f417b
2019-06-13 17:57:16.278 DEBUG 81444 --- [    Test worker] org.hibernate.type.BasicTypeRegistry     : Adding type registration java.lang.Short -> org.hibernate.type.ShortType@729f417b
2019-06-13 17:57:16.282 DEBUG 81444 --- [    Test worker] org.hibernate.type.BasicTypeRegistry     : Adding type registration integer -> org.hibernate.type.IntegerType@2df1efad
2019-06-13 17:57:16.284 DEBUG 81444 --- [    Test worker] org.hibernate.type.BasicTypeRegistry     : Adding type registration int -> org.hibernate.type.IntegerType@2df1efad
2019-06-13 17:57:16.284 DEBUG 81444 --- [    Test worker] org.hibernate.type.BasicTypeRegistry     : Adding type registration java.lang.Integer -> org.hibernate.type.IntegerType@2df1efad
2019-06-13 17:57:16.287 DEBUG 81444 --- [    Test worker] org.hibernate.type.BasicTypeRegistry     : Adding type registration long -> org.hibernate.type.LongType@4e7c0a68
2019-06-13 17:57:16.287 DEBUG 81444 --- [    Test worker] org.hibernate.type.BasicTypeRegistry     : Adding type registration long -> org.hibernate.type.LongType@4e7c0a68
2019-06-13 17:57:16.287 DEBUG 81444 --- [    Test worker] org.hibernate.type.BasicTypeRegistry     : Adding type registration java.lang.Long -> org.hibernate.type.LongType@4e7c0a68
2019-06-13 17:57:16.289 DEBUG 81444 --- [    Test worker] org.hibernate.type.BasicTypeRegistry     : Adding type registration float -> org.hibernate.type.FloatType@5e54ca09
2019-06-13 17:57:16.289 DEBUG 81444 --- [    Test worker] org.hibernate.type.BasicTypeRegistry     : Adding type registration float -> org.hibernate.type.FloatType@5e54ca09
2019-06-13 17:57:16.291 DEBUG 81444 --- [    Test worker] org.hibernate.type.BasicTypeRegistry     : Adding type registration java.lang.Float -> org.hibernate.type.FloatType@5e54ca09
2019-06-13 17:57:16.293 DEBUG 81444 --- [    Test worker] org.hibernate.type.BasicTypeRegistry     : Adding type registration double -> org.hibernate.type.DoubleType@1e749e0c
2019-06-13 17:57:16.293 DEBUG 81444 --- [    Test worker] org.hibernate.type.BasicTypeRegistry     : Adding type registration double -> org.hibernate.type.DoubleType@1e749e0c
2019-06-13 17:57:16.294 DEBUG 81444 --- [    Test worker] org.hibernate.type.BasicTypeRegistry     : Adding type registration java.lang.Double -> org.hibernate.type.DoubleType@1e749e0c
2019-06-13 17:57:16.295 DEBUG 81444 --- [    Test worker] org.hibernate.type.BasicTypeRegistry     : Adding type registration big_decimal -> org.hibernate.type.BigDecimalType@257be273
2019-06-13 17:57:16.296 DEBUG 81444 --- [    Test worker] org.hibernate.type.BasicTypeRegistry     : Adding type registration java.math.BigDecimal -> org.hibernate.type.BigDecimalType@257be273
2019-06-13 17:57:16.298 DEBUG 81444 --- [    Test worker] org.hibernate.type.BasicTypeRegistry     : Adding type registration big_integer -> org.hibernate.type.BigIntegerType@21135678
2019-06-13 17:57:16.298 DEBUG 81444 --- [    Test worker] org.hibernate.type.BasicTypeRegistry     : Adding type registration java.math.BigInteger -> org.hibernate.type.BigIntegerType@21135678
2019-06-13 17:57:16.299 DEBUG 81444 --- [    Test worker] org.hibernate.type.BasicTypeRegistry     : Adding type registration string -> org.hibernate.type.StringType@5abebf5e
2019-06-13 17:57:16.300 DEBUG 81444 --- [    Test worker] org.hibernate.type.BasicTypeRegistry     : Adding type registration java.lang.String -> org.hibernate.type.StringType@5abebf5e
2019-06-13 17:57:16.301 DEBUG 81444 --- [    Test worker] org.hibernate.type.BasicTypeRegistry     : Adding type registration nstring -> org.hibernate.type.StringNVarcharType@2581ece1
2019-06-13 17:57:16.302 DEBUG 81444 --- [    Test worker] org.hibernate.type.BasicTypeRegistry     : Adding type registration ncharacter -> org.hibernate.type.CharacterNCharType@62c260d3
2019-06-13 17:57:16.304 DEBUG 81444 --- [    Test worker] org.hibernate.type.BasicTypeRegistry     : Adding type registration url -> org.hibernate.type.UrlType@651eb507
2019-06-13 17:57:16.305 DEBUG 81444 --- [    Test worker] org.hibernate.type.BasicTypeRegistry     : Adding type registration java.net.URL -> org.hibernate.type.UrlType@651eb507
2019-06-13 17:57:16.313 DEBUG 81444 --- [    Test worker] org.hibernate.type.BasicTypeRegistry     : Adding type registration Duration -> org.hibernate.type.DurationType@5903ca8f
2019-06-13 17:57:16.314 DEBUG 81444 --- [    Test worker] org.hibernate.type.BasicTypeRegistry     : Adding type registration java.time.Duration -> org.hibernate.type.DurationType@5903ca8f
2019-06-13 17:57:16.318 DEBUG 81444 --- [    Test worker] org.hibernate.type.BasicTypeRegistry     : Adding type registration Instant -> org.hibernate.type.InstantType@6f994649
2019-06-13 17:57:16.319 DEBUG 81444 --- [    Test worker] org.hibernate.type.BasicTypeRegistry     : Adding type registration java.time.Instant -> org.hibernate.type.InstantType@6f994649
2019-06-13 17:57:16.323 DEBUG 81444 --- [    Test worker] org.hibernate.type.BasicTypeRegistry     : Adding type registration LocalDateTime -> org.hibernate.type.LocalDateTimeType@79ddd80
2019-06-13 17:57:16.323 DEBUG 81444 --- [    Test worker] org.hibernate.type.BasicTypeRegistry     : Adding type registration java.time.LocalDateTime -> org.hibernate.type.LocalDateTimeType@79ddd80
2019-06-13 17:57:16.328 DEBUG 81444 --- [    Test worker] org.hibernate.type.BasicTypeRegistry     : Adding type registration LocalDate -> org.hibernate.type.LocalDateType@1a54b8d2
2019-06-13 17:57:16.328 DEBUG 81444 --- [    Test worker] org.hibernate.type.BasicTypeRegistry     : Adding type registration java.time.LocalDate -> org.hibernate.type.LocalDateType@1a54b8d2
2019-06-13 17:57:16.330 DEBUG 81444 --- [    Test worker] org.hibernate.type.BasicTypeRegistry     : Adding type registration LocalTime -> org.hibernate.type.LocalTimeType@1a227429
2019-06-13 17:57:16.334 DEBUG 81444 --- [    Test worker] org.hibernate.type.BasicTypeRegistry     : Adding type registration java.time.LocalTime -> org.hibernate.type.LocalTimeType@1a227429
2019-06-13 17:57:16.337 DEBUG 81444 --- [    Test worker] org.hibernate.type.BasicTypeRegistry     : Adding type registration OffsetDateTime -> org.hibernate.type.OffsetDateTimeType@1feb4063
2019-06-13 17:57:16.337 DEBUG 81444 --- [    Test worker] org.hibernate.type.BasicTypeRegistry     : Adding type registration java.time.OffsetDateTime -> org.hibernate.type.OffsetDateTimeType@1feb4063
2019-06-13 17:57:16.339 DEBUG 81444 --- [    Test worker] org.hibernate.type.BasicTypeRegistry     : Adding type registration OffsetTime -> org.hibernate.type.OffsetTimeType@6a5133b2
2019-06-13 17:57:16.339 DEBUG 81444 --- [    Test worker] org.hibernate.type.BasicTypeRegistry     : Adding type registration java.time.OffsetTime -> org.hibernate.type.OffsetTimeType@6a5133b2
2019-06-13 17:57:16.343 DEBUG 81444 --- [    Test worker] org.hibernate.type.BasicTypeRegistry     : Adding type registration ZonedDateTime -> org.hibernate.type.ZonedDateTimeType@1d8d24ed
2019-06-13 17:57:16.343 DEBUG 81444 --- [    Test worker] org.hibernate.type.BasicTypeRegistry     : Adding type registration java.time.ZonedDateTime -> org.hibernate.type.ZonedDateTimeType@1d8d24ed
2019-06-13 17:57:16.347 DEBUG 81444 --- [    Test worker] org.hibernate.type.BasicTypeRegistry     : Adding type registration date -> org.hibernate.type.DateType@7b613f05
2019-06-13 17:57:16.347 DEBUG 81444 --- [    Test worker] org.hibernate.type.BasicTypeRegistry     : Adding type registration java.sql.Date -> org.hibernate.type.DateType@7b613f05
2019-06-13 17:57:16.350 DEBUG 81444 --- [    Test worker] org.hibernate.type.BasicTypeRegistry     : Adding type registration time -> org.hibernate.type.TimeType@719928fc
2019-06-13 17:57:16.351 DEBUG 81444 --- [    Test worker] org.hibernate.type.BasicTypeRegistry     : Adding type registration java.sql.Time -> org.hibernate.type.TimeType@719928fc
2019-06-13 17:57:16.353 DEBUG 81444 --- [    Test worker] org.hibernate.type.BasicTypeRegistry     : Adding type registration timestamp -> org.hibernate.type.TimestampType@5e725238
2019-06-13 17:57:16.353 DEBUG 81444 --- [    Test worker] org.hibernate.type.BasicTypeRegistry     : Adding type registration java.sql.Timestamp -> org.hibernate.type.TimestampType@5e725238
2019-06-13 17:57:16.353 DEBUG 81444 --- [    Test worker] org.hibernate.type.BasicTypeRegistry     : Adding type registration java.util.Date -> org.hibernate.type.TimestampType@5e725238
2019-06-13 17:57:16.355 DEBUG 81444 --- [    Test worker] org.hibernate.type.BasicTypeRegistry     : Adding type registration dbtimestamp -> org.hibernate.type.DbTimestampType@7cb17f44
2019-06-13 17:57:16.358 DEBUG 81444 --- [    Test worker] org.hibernate.type.BasicTypeRegistry     : Adding type registration calendar -> org.hibernate.type.CalendarType@1eb9363b
2019-06-13 17:57:16.359 DEBUG 81444 --- [    Test worker] org.hibernate.type.BasicTypeRegistry     : Adding type registration java.util.Calendar -> org.hibernate.type.CalendarType@1eb9363b
2019-06-13 17:57:16.359 DEBUG 81444 --- [    Test worker] org.hibernate.type.BasicTypeRegistry     : Adding type registration java.util.GregorianCalendar -> org.hibernate.type.CalendarType@1eb9363b
2019-06-13 17:57:16.361 DEBUG 81444 --- [    Test worker] org.hibernate.type.BasicTypeRegistry     : Adding type registration calendar_date -> org.hibernate.type.CalendarDateType@42808161
2019-06-13 17:57:16.363 DEBUG 81444 --- [    Test worker] org.hibernate.type.BasicTypeRegistry     : Adding type registration locale -> org.hibernate.type.LocaleType@7b2da429
2019-06-13 17:57:16.364 DEBUG 81444 --- [    Test worker] org.hibernate.type.BasicTypeRegistry     : Adding type registration java.util.Locale -> org.hibernate.type.LocaleType@7b2da429
2019-06-13 17:57:16.366 DEBUG 81444 --- [    Test worker] org.hibernate.type.BasicTypeRegistry     : Adding type registration currency -> org.hibernate.type.CurrencyType@2649a6fe
2019-06-13 17:57:16.366 DEBUG 81444 --- [    Test worker] org.hibernate.type.BasicTypeRegistry     : Adding type registration java.util.Currency -> org.hibernate.type.CurrencyType@2649a6fe
2019-06-13 17:57:16.372 DEBUG 81444 --- [    Test worker] org.hibernate.type.BasicTypeRegistry     : Adding type registration timezone -> org.hibernate.type.TimeZoneType@42ef1de6
2019-06-13 17:57:16.372 DEBUG 81444 --- [    Test worker] org.hibernate.type.BasicTypeRegistry     : Adding type registration java.util.TimeZone -> org.hibernate.type.TimeZoneType@42ef1de6
2019-06-13 17:57:16.374 DEBUG 81444 --- [    Test worker] org.hibernate.type.BasicTypeRegistry     : Adding type registration class -> org.hibernate.type.ClassType@31815722
2019-06-13 17:57:16.374 DEBUG 81444 --- [    Test worker] org.hibernate.type.BasicTypeRegistry     : Adding type registration java.lang.Class -> org.hibernate.type.ClassType@31815722
2019-06-13 17:57:16.376 DEBUG 81444 --- [    Test worker] org.hibernate.type.BasicTypeRegistry     : Adding type registration uuid-binary -> org.hibernate.type.UUIDBinaryType@572e4dc9
2019-06-13 17:57:16.376 DEBUG 81444 --- [    Test worker] org.hibernate.type.BasicTypeRegistry     : Adding type registration java.util.UUID -> org.hibernate.type.UUIDBinaryType@572e4dc9
2019-06-13 17:57:16.377 DEBUG 81444 --- [    Test worker] org.hibernate.type.BasicTypeRegistry     : Adding type registration uuid-char -> org.hibernate.type.UUIDCharType@419dc28c
2019-06-13 17:57:16.382 DEBUG 81444 --- [    Test worker] org.hibernate.type.BasicTypeRegistry     : Adding type registration binary -> org.hibernate.type.BinaryType@55e47b1d
2019-06-13 17:57:16.383 DEBUG 81444 --- [    Test worker] org.hibernate.type.BasicTypeRegistry     : Adding type registration byte[] -> org.hibernate.type.BinaryType@55e47b1d
2019-06-13 17:57:16.384 DEBUG 81444 --- [    Test worker] org.hibernate.type.BasicTypeRegistry     : Adding type registration [B -> org.hibernate.type.BinaryType@55e47b1d
2019-06-13 17:57:16.386 DEBUG 81444 --- [    Test worker] org.hibernate.type.BasicTypeRegistry     : Adding type registration wrapper-binary -> org.hibernate.type.WrapperBinaryType@62ed5bae
2019-06-13 17:57:16.387 DEBUG 81444 --- [    Test worker] org.hibernate.type.BasicTypeRegistry     : Adding type registration Byte[] -> org.hibernate.type.WrapperBinaryType@62ed5bae
2019-06-13 17:57:16.388 DEBUG 81444 --- [    Test worker] org.hibernate.type.BasicTypeRegistry     : Adding type registration [Ljava.lang.Byte; -> org.hibernate.type.WrapperBinaryType@62ed5bae
2019-06-13 17:57:16.390 DEBUG 81444 --- [    Test worker] org.hibernate.type.BasicTypeRegistry     : Adding type registration row_version -> org.hibernate.type.RowVersionType@2f69feb2
2019-06-13 17:57:16.391 DEBUG 81444 --- [    Test worker] org.hibernate.type.BasicTypeRegistry     : Adding type registration image -> org.hibernate.type.ImageType@6627a5
2019-06-13 17:57:16.393 DEBUG 81444 --- [    Test worker] org.hibernate.type.BasicTypeRegistry     : Adding type registration characters -> org.hibernate.type.CharArrayType@14a24497
2019-06-13 17:57:16.393 DEBUG 81444 --- [    Test worker] org.hibernate.type.BasicTypeRegistry     : Adding type registration char[] -> org.hibernate.type.CharArrayType@14a24497
2019-06-13 17:57:16.394 DEBUG 81444 --- [    Test worker] org.hibernate.type.BasicTypeRegistry     : Adding type registration [C -> org.hibernate.type.CharArrayType@14a24497
2019-06-13 17:57:16.395 DEBUG 81444 --- [    Test worker] org.hibernate.type.BasicTypeRegistry     : Adding type registration wrapper-characters -> org.hibernate.type.CharacterArrayType@50c66909
2019-06-13 17:57:16.396 DEBUG 81444 --- [    Test worker] org.hibernate.type.BasicTypeRegistry     : Adding type registration [Ljava.lang.Character; -> org.hibernate.type.CharacterArrayType@50c66909
2019-06-13 17:57:16.396 DEBUG 81444 --- [    Test worker] org.hibernate.type.BasicTypeRegistry     : Adding type registration Character[] -> org.hibernate.type.CharacterArrayType@50c66909
2019-06-13 17:57:16.397 DEBUG 81444 --- [    Test worker] org.hibernate.type.BasicTypeRegistry     : Adding type registration text -> org.hibernate.type.TextType@7bbbaacb
2019-06-13 17:57:16.398 DEBUG 81444 --- [    Test worker] org.hibernate.type.BasicTypeRegistry     : Adding type registration ntext -> org.hibernate.type.NTextType@6726212e
2019-06-13 17:57:16.401 DEBUG 81444 --- [    Test worker] org.hibernate.type.BasicTypeRegistry     : Adding type registration blob -> org.hibernate.type.BlobType@b88fb10
2019-06-13 17:57:16.402 DEBUG 81444 --- [    Test worker] org.hibernate.type.BasicTypeRegistry     : Adding type registration java.sql.Blob -> org.hibernate.type.BlobType@b88fb10
2019-06-13 17:57:16.403 DEBUG 81444 --- [    Test worker] org.hibernate.type.BasicTypeRegistry     : Adding type registration materialized_blob -> org.hibernate.type.MaterializedBlobType@703eecd1
2019-06-13 17:57:16.407 DEBUG 81444 --- [    Test worker] org.hibernate.type.BasicTypeRegistry     : Adding type registration clob -> org.hibernate.type.ClobType@6da7226f
2019-06-13 17:57:16.408 DEBUG 81444 --- [    Test worker] org.hibernate.type.BasicTypeRegistry     : Adding type registration java.sql.Clob -> org.hibernate.type.ClobType@6da7226f
2019-06-13 17:57:16.414 DEBUG 81444 --- [    Test worker] org.hibernate.type.BasicTypeRegistry     : Adding type registration nclob -> org.hibernate.type.NClobType@548ade7e
2019-06-13 17:57:16.414 DEBUG 81444 --- [    Test worker] org.hibernate.type.BasicTypeRegistry     : Adding type registration java.sql.NClob -> org.hibernate.type.NClobType@548ade7e
2019-06-13 17:57:16.416 DEBUG 81444 --- [    Test worker] org.hibernate.type.BasicTypeRegistry     : Adding type registration materialized_clob -> org.hibernate.type.MaterializedClobType@6e83ace
2019-06-13 17:57:16.417 DEBUG 81444 --- [    Test worker] org.hibernate.type.BasicTypeRegistry     : Adding type registration materialized_nclob -> org.hibernate.type.MaterializedNClobType@71d97a2f
2019-06-13 17:57:16.420 DEBUG 81444 --- [    Test worker] org.hibernate.type.BasicTypeRegistry     : Adding type registration serializable -> org.hibernate.type.SerializableType@471c4827
2019-06-13 17:57:16.426 DEBUG 81444 --- [    Test worker] org.hibernate.type.BasicTypeRegistry     : Adding type registration object -> org.hibernate.type.ObjectType@36ddf04
2019-06-13 17:57:16.426 DEBUG 81444 --- [    Test worker] org.hibernate.type.BasicTypeRegistry     : Adding type registration java.lang.Object -> org.hibernate.type.ObjectType@36ddf04
2019-06-13 17:57:16.427 DEBUG 81444 --- [    Test worker] org.hibernate.type.BasicTypeRegistry     : Adding type registration imm_date -> org.hibernate.type.AdaptedImmutableType@11b58a81
2019-06-13 17:57:16.428 DEBUG 81444 --- [    Test worker] org.hibernate.type.BasicTypeRegistry     : Adding type registration imm_time -> org.hibernate.type.AdaptedImmutableType@7c4df24c
2019-06-13 17:57:16.428 DEBUG 81444 --- [    Test worker] org.hibernate.type.BasicTypeRegistry     : Adding type registration imm_timestamp -> org.hibernate.type.AdaptedImmutableType@1535b510
2019-06-13 17:57:16.429 DEBUG 81444 --- [    Test worker] org.hibernate.type.BasicTypeRegistry     : Adding type registration imm_dbtimestamp -> org.hibernate.type.AdaptedImmutableType@c953de5
2019-06-13 17:57:16.429 DEBUG 81444 --- [    Test worker] org.hibernate.type.BasicTypeRegistry     : Adding type registration imm_calendar -> org.hibernate.type.AdaptedImmutableType@31494f74
2019-06-13 17:57:16.429 DEBUG 81444 --- [    Test worker] org.hibernate.type.BasicTypeRegistry     : Adding type registration imm_calendar_date -> org.hibernate.type.AdaptedImmutableType@22051483
2019-06-13 17:57:16.430 DEBUG 81444 --- [    Test worker] org.hibernate.type.BasicTypeRegistry     : Adding type registration imm_binary -> org.hibernate.type.AdaptedImmutableType@1a20b8e6
2019-06-13 17:57:16.430 DEBUG 81444 --- [    Test worker] org.hibernate.type.BasicTypeRegistry     : Adding type registration imm_serializable -> org.hibernate.type.AdaptedImmutableType@3f7fc452
2019-06-13 17:57:16.628  INFO 81444 --- [    Test worker] org.hibernate.dialect.Dialect            : HHH000400: Using dialect: org.hibernate.dialect.Oracle10gDialect
2019-06-13 17:57:16.920 DEBUG 81444 --- [    Test worker] o.h.type.spi.TypeConfiguration$Scope     : Scoping TypeConfiguration [org.hibernate.type.spi.TypeConfiguration@3a4528ce] to MetadataBuildingContext [org.hibernate.boot.internal.MetadataBuildingContextRootImpl@5beb5968]
2019-06-13 17:57:17.865 DEBUG 81444 --- [    Test worker] o.h.type.spi.TypeConfiguration$Scope     : Scoping TypeConfiguration [org.hibernate.type.spi.TypeConfiguration@3a4528ce] to SessionFactoryImpl [org.hibernate.internal.SessionFactoryImpl@244af178]
2019-06-13 17:57:18.782 TRACE 81444 --- [    Test worker] o.h.type.spi.TypeConfiguration$Scope     : Handling #sessionFactoryCreated from [org.hibernate.internal.SessionFactoryImpl@244af178] for TypeConfiguration
2019-06-13 17:57:18.785  INFO 81444 --- [    Test worker] j.LocalContainerEntityManagerFactoryBean : Initialized JPA EntityManagerFactory for persistence unit 'default'
2019-06-13 17:57:20.868  WARN 81444 --- [    Test worker] aWebConfiguration$JpaWebMvcConfiguration : spring.jpa.open-in-view is enabled by default. Therefore, database queries may be performed during view rendering. Explicitly configure spring.jpa.open-in-view to disable this warning
2019-06-13 17:57:22.255  INFO 81444 --- [    Test worker] o.s.b.a.e.web.EndpointLinksResolver      : Exposing 15 endpoint(s) beneath base path '/actuator'
2019-06-13 17:57:23.066  INFO 81444 --- [    Test worker] o.s.s.web.DefaultSecurityFilterChain     : Creating filter chain: Ant [pattern='/css/**'], []
2019-06-13 17:57:23.067  INFO 81444 --- [    Test worker] o.s.s.web.DefaultSecurityFilterChain     : Creating filter chain: Ant [pattern='/script/**'], []
2019-06-13 17:57:23.067  INFO 81444 --- [    Test worker] o.s.s.web.DefaultSecurityFilterChain     : Creating filter chain: Ant [pattern='image/**'], []
2019-06-13 17:57:23.067  INFO 81444 --- [    Test worker] o.s.s.web.DefaultSecurityFilterChain     : Creating filter chain: Ant [pattern='/fonts/**'], []
2019-06-13 17:57:23.067  INFO 81444 --- [    Test worker] o.s.s.web.DefaultSecurityFilterChain     : Creating filter chain: Ant [pattern='lib/**'], []
2019-06-13 17:57:23.284  INFO 81444 --- [    Test worker] o.s.s.web.DefaultSecurityFilterChain     : Creating filter chain: any request, [org.springframework.security.web.context.request.async.WebAsyncManagerIntegrationFilter@64f3e992, org.springframework.security.web.context.SecurityContextPersistenceFilter@78ccdf75, org.springframework.security.web.header.HeaderWriterFilter@2d449e8a, org.springframework.security.web.csrf.CsrfFilter@2d271e15, org.springframework.security.web.authentication.logout.LogoutFilter@15ddb0b5, org.springframework.security.web.savedrequest.RequestCacheAwareFilter@41f5a7ea, org.springframework.security.web.servletapi.SecurityContextHolderAwareRequestFilter@7a72e6b9, org.springframework.security.web.authentication.AnonymousAuthenticationFilter@345e2d46, org.springframework.security.web.session.SessionManagementFilter@6dc2d111, org.springframework.security.web.access.ExceptionTranslationFilter@7887ad3f, org.springframework.security.web.access.intercept.FilterSecurityInterceptor@3249aa0e]
2019-06-13 17:57:23.374  INFO 81444 --- [    Test worker] pertySourcedRequestMappingHandlerMapping : Mapped URL path [/v2/api-docs] onto method [public org.springframework.http.ResponseEntity<springfox.documentation.spring.web.json.Json> springfox.documentation.swagger2.web.Swagger2Controller.getDocumentation(java.lang.String,javax.servlet.http.HttpServletRequest)]
2019-06-13 17:57:24.196  INFO 81444 --- [    Test worker] o.s.s.concurrent.ThreadPoolTaskExecutor  : Initializing ExecutorService 'applicationTaskExecutor'
2019-06-13 17:57:25.426  INFO 81444 --- [    Test worker] o.s.b.t.m.w.SpringBootMockServletContext : Initializing Spring TestDispatcherServlet ''
2019-06-13 17:57:25.426  INFO 81444 --- [    Test worker] o.s.t.web.servlet.TestDispatcherServlet  : Initializing Servlet ''
2019-06-13 17:57:25.456  INFO 81444 --- [    Test worker] o.s.t.web.servlet.TestDispatcherServlet  : Completed initialization in 30 ms
2019-06-13 17:57:25.547  INFO 81444 --- [    Test worker] d.s.w.p.DocumentationPluginsBootstrapper : Context refreshed
2019-06-13 17:57:25.581  INFO 81444 --- [    Test worker] d.s.w.p.DocumentationPluginsBootstrapper : Found 1 custom documentation plugin(s)
2019-06-13 17:57:25.674  INFO 81444 --- [    Test worker] s.d.s.w.s.ApiListingReferenceScanner     : Scanning for api listing references
2019-06-13 17:57:26.082  INFO 81444 --- [    Test worker] .d.s.w.r.o.CachingOperationNameGenerator : Generating unique operation named: handleUsingGET_1
2019-06-13 17:57:26.086  INFO 81444 --- [    Test worker] .d.s.w.r.o.CachingOperationNameGenerator : Generating unique operation named: handleUsingGET_2
2019-06-13 17:57:26.090  INFO 81444 --- [    Test worker] .d.s.w.r.o.CachingOperationNameGenerator : Generating unique operation named: handleUsingGET_3
2019-06-13 17:57:26.093  INFO 81444 --- [    Test worker] .d.s.w.r.o.CachingOperationNameGenerator : Generating unique operation named: handleUsingDELETE_1
2019-06-13 17:57:26.096  INFO 81444 --- [    Test worker] .d.s.w.r.o.CachingOperationNameGenerator : Generating unique operation named: handleUsingGET_4
2019-06-13 17:57:26.098  INFO 81444 --- [    Test worker] .d.s.w.r.o.CachingOperationNameGenerator : Generating unique operation named: handleUsingGET_5
2019-06-13 17:57:26.100  INFO 81444 --- [    Test worker] .d.s.w.r.o.CachingOperationNameGenerator : Generating unique operation named: handleUsingGET_6
2019-06-13 17:57:26.103  INFO 81444 --- [    Test worker] .d.s.w.r.o.CachingOperationNameGenerator : Generating unique operation named: handleUsingGET_7
2019-06-13 17:57:26.105  INFO 81444 --- [    Test worker] .d.s.w.r.o.CachingOperationNameGenerator : Generating unique operation named: handleUsingGET_8
2019-06-13 17:57:26.110  INFO 81444 --- [    Test worker] .d.s.w.r.o.CachingOperationNameGenerator : Generating unique operation named: handleUsingGET_9
2019-06-13 17:57:26.114  INFO 81444 --- [    Test worker] .d.s.w.r.o.CachingOperationNameGenerator : Generating unique operation named: handleUsingGET_10
2019-06-13 17:57:26.118  INFO 81444 --- [    Test worker] .d.s.w.r.o.CachingOperationNameGenerator : Generating unique operation named: handleUsingGET_11
2019-06-13 17:57:26.124  INFO 81444 --- [    Test worker] .d.s.w.r.o.CachingOperationNameGenerator : Generating unique operation named: handleUsingGET_12
2019-06-13 17:57:26.127  INFO 81444 --- [    Test worker] .d.s.w.r.o.CachingOperationNameGenerator : Generating unique operation named: handleUsingGET_13
2019-06-13 17:57:26.129  INFO 81444 --- [    Test worker] .d.s.w.r.o.CachingOperationNameGenerator : Generating unique operation named: handleUsingGET_14
2019-06-13 17:57:26.136  INFO 81444 --- [    Test worker] .d.s.w.r.o.CachingOperationNameGenerator : Generating unique operation named: handleUsingGET_15
2019-06-13 17:57:26.138  INFO 81444 --- [    Test worker] .d.s.w.r.o.CachingOperationNameGenerator : Generating unique operation named: handleUsingGET_16
2019-06-13 17:57:26.140  INFO 81444 --- [    Test worker] .d.s.w.r.o.CachingOperationNameGenerator : Generating unique operation named: handleUsingGET_17
2019-06-13 17:57:26.143  INFO 81444 --- [    Test worker] .d.s.w.r.o.CachingOperationNameGenerator : Generating unique operation named: handleUsingGET_18
2019-06-13 17:57:26.145  INFO 81444 --- [    Test worker] .d.s.w.r.o.CachingOperationNameGenerator : Generating unique operation named: handleUsingGET_19
2019-06-13 17:57:26.152  INFO 81444 --- [    Test worker] .d.s.w.r.o.CachingOperationNameGenerator : Generating unique operation named: handleUsingGET_20
2019-06-13 17:57:26.195  INFO 81444 --- [    Test worker] .d.s.w.r.o.CachingOperationNameGenerator : Generating unique operation named: retrieveAllUsersUsingGET_1
2019-06-13 17:57:26.203  INFO 81444 --- [    Test worker] .d.s.w.r.o.CachingOperationNameGenerator : Generating unique operation named: creaetUserUsingPOST_1
2019-06-13 17:57:26.205  INFO 81444 --- [    Test worker] .d.s.w.r.o.CachingOperationNameGenerator : Generating unique operation named: deleteUserUsingDELETE_1
2019-06-13 17:57:26.220  INFO 81444 --- [    Test worker] .d.s.w.r.o.CachingOperationNameGenerator : Generating unique operation named: retrieveAllUsersUsingGET_2
2019-06-13 17:57:26.222  INFO 81444 --- [    Test worker] .d.s.w.r.o.CachingOperationNameGenerator : Generating unique operation named: retrieveUserUsingGET_1
2019-06-13 17:57:26.304  INFO 81444 --- [    Test worker] k.i.t.controller.DeptControllerTest      : Started DeptControllerTest in 17.213 seconds (JVM running for 19.314)
2019-06-13 17:57:26.653 DEBUG 81444 --- [    Test worker] org.hibernate.SQL                        : 
    select
        dept0_.id as id1_0_0_,
        dept0_.code as code2_0_0_,
        dept0_.date_created as date_created3_0_0_,
        dept0_.is_active as is_active4_0_0_,
        dept0_.last_updated as last_updated5_0_0_,
        dept0_.last_updator_id as last_updator_id6_0_0_,
        dept0_.my_parent_id as my_parent_id7_0_0_,
        dept0_.name as name8_0_0_ 
    from
        dept dept0_ 
    where
        dept0_.id=?
Hibernate: 
    select
        dept0_.id as id1_0_0_,
        dept0_.code as code2_0_0_,
        dept0_.date_created as date_created3_0_0_,
        dept0_.is_active as is_active4_0_0_,
        dept0_.last_updated as last_updated5_0_0_,
        dept0_.last_updator_id as last_updator_id6_0_0_,
        dept0_.my_parent_id as my_parent_id7_0_0_,
        dept0_.name as name8_0_0_ 
    from
        dept dept0_ 
    where
        dept0_.id=?
2019-06-13 17:57:26.720 TRACE 81444 --- [    Test worker] o.h.type.descriptor.sql.BasicBinder      : binding parameter [1] as [BIGINT] - [1]
2019-06-13 17:57:26.763 TRACE 81444 --- [    Test worker] o.h.type.descriptor.sql.BasicExtractor   : extracted value ([code2_0_0_] : [VARCHAR]) - [AAAA]
2019-06-13 17:57:26.765 TRACE 81444 --- [    Test worker] o.h.type.descriptor.sql.BasicExtractor   : extracted value ([date_created3_0_0_] : [TIMESTAMP]) - [2019-05-21 06:12:47.0]
2019-06-13 17:57:26.766 TRACE 81444 --- [    Test worker] o.h.type.descriptor.sql.BasicExtractor   : extracted value ([is_active4_0_0_] : [BIT]) - [true]
2019-06-13 17:57:26.766 TRACE 81444 --- [    Test worker] o.h.type.descriptor.sql.BasicExtractor   : extracted value ([last_updated5_0_0_] : [TIMESTAMP]) - [2019-05-21 06:12:47.0]
2019-06-13 17:57:26.767 TRACE 81444 --- [    Test worker] o.h.type.descriptor.sql.BasicExtractor   : extracted value ([last_updator_id6_0_0_] : [BIGINT]) - [1]
2019-06-13 17:57:26.768 TRACE 81444 --- [    Test worker] o.h.type.descriptor.sql.BasicExtractor   : extracted value ([my_parent_id7_0_0_] : [BIGINT]) - [null]
2019-06-13 17:57:26.768 TRACE 81444 --- [    Test worker] o.h.type.descriptor.sql.BasicExtractor   : extracted value ([name8_0_0_] : [VARCHAR]) - [INEK_SOLARS]

MockHttpServletRequest:
      HTTP Method = GET
      Request URI = /jpa/depts/1
       Parameters = {}
          Headers = []
             Body = null
    Session Attrs = {}

Handler:
             Type = kr.inek.tanbbang01.controller.DeptController
           Method = public org.springframework.hateoas.Resource<kr.inek.tanbbang01.model.Dept> kr.inek.tanbbang01.controller.DeptController.retrieveDept(java.lang.Long)

Async:
    Async started = false
     Async result = null

Resolved Exception:
             Type = null

ModelAndView:
        View name = null
             View = null
            Model = null

FlashMap:
       Attributes = null

MockHttpServletResponse:
           Status = 200
    Error message = null
          Headers = [Content-Type:"application/hal+json;charset=UTF-8", X-Content-Type-Options:"nosniff", X-XSS-Protection:"1; mode=block", Cache-Control:"no-cache, no-store, max-age=0, must-revalidate", Pragma:"no-cache", Expires:"0", X-Frame-Options:"DENY"]
     Content type = application/hal+json;charset=UTF-8
             Body = {
  "code" : "AAAA",
  "name" : "INEK_SOLARS",
  "myParentId" : null,
  "isActive" : true,
  "lastUpdatorId" : 1,
  "dateCreated" : "2019-05-20T21:12:47.000+0000",
  "lastUpdated" : "2019-05-20T21:12:47.000+0000",
  "_links" : {
    "all-depts" : {
      "href" : "http://localhost/jpa/depts"
    }
  }
}
    Forwarded URL = null
   Redirected URL = null
          Cookies = []
2019-06-13 17:57:27.223  INFO 81444 --- [    Test worker] o.h.h.i.QueryTranslatorFactoryInitiator  : HHH000397: Using ASTQueryTranslatorFactory
2019-06-13 17:57:27.448 DEBUG 81444 --- [    Test worker] org.hibernate.SQL                        : 
    select
        dept0_.id as id1_0_,
        dept0_.code as code2_0_,
        dept0_.date_created as date_created3_0_,
        dept0_.is_active as is_active4_0_,
        dept0_.last_updated as last_updated5_0_,
        dept0_.last_updator_id as last_updator_id6_0_,
        dept0_.my_parent_id as my_parent_id7_0_,
        dept0_.name as name8_0_ 
    from
        dept dept0_
Hibernate: 
    select
        dept0_.id as id1_0_,
        dept0_.code as code2_0_,
        dept0_.date_created as date_created3_0_,
        dept0_.is_active as is_active4_0_,
        dept0_.last_updated as last_updated5_0_,
        dept0_.last_updator_id as last_updator_id6_0_,
        dept0_.my_parent_id as my_parent_id7_0_,
        dept0_.name as name8_0_ 
    from
        dept dept0_
2019-06-13 17:57:27.471 TRACE 81444 --- [    Test worker] o.h.type.descriptor.sql.BasicExtractor   : extracted value ([id1_0_] : [BIGINT]) - [1]
2019-06-13 17:57:27.472 TRACE 81444 --- [    Test worker] o.h.type.descriptor.sql.BasicExtractor   : extracted value ([code2_0_] : [VARCHAR]) - [AAAA]
2019-06-13 17:57:27.472 TRACE 81444 --- [    Test worker] o.h.type.descriptor.sql.BasicExtractor   : extracted value ([date_created3_0_] : [TIMESTAMP]) - [2019-05-21 06:12:47.0]
2019-06-13 17:57:27.473 TRACE 81444 --- [    Test worker] o.h.type.descriptor.sql.BasicExtractor   : extracted value ([is_active4_0_] : [BIT]) - [true]
2019-06-13 17:57:27.473 TRACE 81444 --- [    Test worker] o.h.type.descriptor.sql.BasicExtractor   : extracted value ([last_updated5_0_] : [TIMESTAMP]) - [2019-05-21 06:12:47.0]
2019-06-13 17:57:27.473 TRACE 81444 --- [    Test worker] o.h.type.descriptor.sql.BasicExtractor   : extracted value ([last_updator_id6_0_] : [BIGINT]) - [1]
2019-06-13 17:57:27.474 TRACE 81444 --- [    Test worker] o.h.type.descriptor.sql.BasicExtractor   : extracted value ([my_parent_id7_0_] : [BIGINT]) - [null]
2019-06-13 17:57:27.474 TRACE 81444 --- [    Test worker] o.h.type.descriptor.sql.BasicExtractor   : extracted value ([name8_0_] : [VARCHAR]) - [INEK_SOLARS]
2019-06-13 17:57:27.474 TRACE 81444 --- [    Test worker] o.h.type.descriptor.sql.BasicExtractor   : extracted value ([id1_0_] : [BIGINT]) - [2]
2019-06-13 17:57:27.475 TRACE 81444 --- [    Test worker] o.h.type.descriptor.sql.BasicExtractor   : extracted value ([code2_0_] : [VARCHAR]) - [X0000]
2019-06-13 17:57:27.476 TRACE 81444 --- [    Test worker] o.h.type.descriptor.sql.BasicExtractor   : extracted value ([date_created3_0_] : [TIMESTAMP]) - [2019-05-23 15:50:00.0]
2019-06-13 17:57:27.476 TRACE 81444 --- [    Test worker] o.h.type.descriptor.sql.BasicExtractor   : extracted value ([is_active4_0_] : [BIT]) - [true]
2019-06-13 17:57:27.476 TRACE 81444 --- [    Test worker] o.h.type.descriptor.sql.BasicExtractor   : extracted value ([last_updated5_0_] : [TIMESTAMP]) - [2019-05-23 15:50:00.0]
2019-06-13 17:57:27.477 TRACE 81444 --- [    Test worker] o.h.type.descriptor.sql.BasicExtractor   : extracted value ([last_updator_id6_0_] : [BIGINT]) - [6]
2019-06-13 17:57:27.477 TRACE 81444 --- [    Test worker] o.h.type.descriptor.sql.BasicExtractor   : extracted value ([my_parent_id7_0_] : [BIGINT]) - [null]
2019-06-13 17:57:27.478 TRACE 81444 --- [    Test worker] o.h.type.descriptor.sql.BasicExtractor   : extracted value ([name8_0_] : [VARCHAR]) - [명예학생]
2019-06-13 17:57:27.478 TRACE 81444 --- [    Test worker] o.h.type.descriptor.sql.BasicExtractor   : extracted value ([id1_0_] : [BIGINT]) - [3]
2019-06-13 17:57:27.479 TRACE 81444 --- [    Test worker] o.h.type.descriptor.sql.BasicExtractor   : extracted value ([code2_0_] : [VARCHAR]) - [X1001]
2019-06-13 17:57:27.480 TRACE 81444 --- [    Test worker] o.h.type.descriptor.sql.BasicExtractor   : extracted value ([date_created3_0_] : [TIMESTAMP]) - [2019-05-23 15:50:01.0]
2019-06-13 17:57:27.480 TRACE 81444 --- [    Test worker] o.h.type.descriptor.sql.BasicExtractor   : extracted value ([is_active4_0_] : [BIT]) - [true]
2019-06-13 17:57:27.480 TRACE 81444 --- [    Test worker] o.h.type.descriptor.sql.BasicExtractor   : extracted value ([last_updated5_0_] : [TIMESTAMP]) - [2019-05-24 14:46:06.0]
2019-06-13 17:57:27.481 TRACE 81444 --- [    Test worker] o.h.type.descriptor.sql.BasicExtractor   : extracted value ([last_updator_id6_0_] : [BIGINT]) - [6]
2019-06-13 17:57:27.481 TRACE 81444 --- [    Test worker] o.h.type.descriptor.sql.BasicExtractor   : extracted value ([my_parent_id7_0_] : [BIGINT]) - [850]
2019-06-13 17:57:27.481 TRACE 81444 --- [    Test worker] o.h.type.descriptor.sql.BasicExtractor   : extracted value ([name8_0_] : [VARCHAR]) - [인문대학공용]
2019-06-13 17:57:27.482 TRACE 81444 --- [    Test worker] o.h.type.descriptor.sql.BasicExtractor   : extracted value ([id1_0_] : [BIGINT]) - [4]
2019-06-13 17:57:27.482 TRACE 81444 --- [    Test worker] o.h.type.descriptor.sql.BasicExtractor   : extracted value ([code2_0_] : [VARCHAR]) - [X1002]
2019-06-13 17:57:27.484 TRACE 81444 --- [    Test worker] o.h.type.descriptor.sql.BasicExtractor   : extracted value ([date_created3_0_] : [TIMESTAMP]) - [2019-05-23 15:50:01.0]
2019-06-13 17:57:27.484 TRACE 81444 --- [    Test worker] o.h.type.descriptor.sql.BasicExtractor   : extracted value ([is_active4_0_] : [BIT]) - [true]
2019-06-13 17:57:27.485 TRACE 81444 --- [    Test worker] o.h.type.descriptor.sql.BasicExtractor   : extracted value ([last_updated5_0_] : [TIMESTAMP]) - [2019-05-24 14:46:06.0]
2019-06-13 17:57:27.485 TRACE 81444 --- [    Test worker] o.h.type.descriptor.sql.BasicExtractor   : extracted value ([last_updator_id6_0_] : [BIGINT]) - [6]
2019-06-13 17:57:27.485 TRACE 81444 --- [    Test worker] o.h.type.descriptor.sql.BasicExtractor   : extracted value ([my_parent_id7_0_] : [BIGINT]) - [852]
2019-06-13 17:57:27.485 TRACE 81444 --- [    Test worker] o.h.type.descriptor.sql.BasicExtractor   : extracted value ([name8_0_] : [VARCHAR]) - [사회과학대학공용]
2019-06-13 17:57:27.486 TRACE 81444 --- [    Test worker] o.h.type.descriptor.sql.BasicExtractor   : extracted value ([id1_0_] : [BIGINT]) - [5]
2019-06-13 17:57:27.486 TRACE 81444 --- [    Test worker] o.h.type.descriptor.sql.BasicExtractor   : extracted value ([code2_0_] : [VARCHAR]) - [X1003]
2019-06-13 17:57:27.486 TRACE 81444 --- [    Test worker] o.h.type.descriptor.sql.BasicExtractor   : extracted value ([date_created3_0_] : [TIMESTAMP]) - [2019-05-23 15:50:02.0]
2019-06-13 17:57:27.487 TRACE 81444 --- [    Test worker] o.h.type.descriptor.sql.BasicExtractor   : extracted value ([is_active4_0_] : [BIT]) - [true]
2019-06-13 17:57:27.488 TRACE 81444 --- [    Test worker] o.h.type.descriptor.sql.BasicExtractor   : extracted value ([last_updated5_0_] : [TIMESTAMP]) - [2019-05-24 14:46:07.0]
2019-06-13 17:57:27.488 TRACE 81444 --- [    Test worker] o.h.type.descriptor.sql.BasicExtractor   : extracted value ([last_updator_id6_0_] : [BIGINT]) - [6]
2019-06-13 17:57:27.488 TRACE 81444 --- [    Test worker] o.h.type.descriptor.sql.BasicExtractor   : extracted value ([my_parent_id7_0_] : [BIGINT]) - [853]
2019-06-13 17:57:27.488 TRACE 81444 --- [    Test worker] o.h.type.descriptor.sql.BasicExtractor   : extracted value ([name8_0_] : [VARCHAR]) - [자연과학대학공용]
2019-06-13 17:57:27.489 TRACE 81444 --- [    Test worker] o.h.type.descriptor.sql.BasicExtractor   : extracted value ([id1_0_] : [BIGINT]) - [6]
2019-06-13 17:57:27.489 TRACE 81444 --- [    Test worker] o.h.type.descriptor.sql.BasicExtractor   : extracted value ([code2_0_] : [VARCHAR]) - [X1004]
2019-06-13 17:57:27.489 TRACE 81444 --- [    Test worker] o.h.type.descriptor.sql.BasicExtractor   : extracted value ([date_created3_0_] : [TIMESTAMP]) - [2019-05-23 15:50:02.0]
2019-06-13 17:57:27.490 TRACE 81444 --- [    Test worker] o.h.type.descriptor.sql.BasicExtractor   : extracted value ([is_active4_0_] : [BIT]) - [true]
2019-06-13 17:57:27.490 TRACE 81444 --- [    Test worker] o.h.type.descriptor.sql.BasicExtractor   : extracted value ([last_updated5_0_] : [TIMESTAMP]) - [2019-05-24 14:46:07.0]
2019-06-13 17:57:27.490 TRACE 81444 --- [    Test worker] o.h.type.descriptor.sql.BasicExtractor   : extracted value ([last_updator_id6_0_] : [BIGINT]) - [6]
2019-06-13 17:57:27.491 TRACE 81444 --- [    Test worker] o.h.type.descriptor.sql.BasicExtractor   : extracted value ([my_parent_id7_0_] : [BIGINT]) - [854]
2019-06-13 17:57:27.491 TRACE 81444 --- [    Test worker] o.h.type.descriptor.sql.BasicExtractor   : extracted value ([name8_0_] : [VARCHAR]) - [공과대학공용]
2019-06-13 17:57:27.491 TRACE 81444 --- [    Test worker] o.h.type.descriptor.sql.BasicExtractor   : extracted value ([id1_0_] : [BIGINT]) - [7]
2019-06-13 17:57:27.492 TRACE 81444 --- [    Test worker] o.h.type.descriptor.sql.BasicExtractor   : extracted value ([code2_0_] : [VARCHAR]) - [X1005]
2019-06-13 17:57:27.492 TRACE 81444 --- [    Test worker] o.h.type.descriptor.sql.BasicExtractor   : extracted value ([date_created3_0_] : [TIMESTAMP]) - [2019-05-23 15:50:02.0]
2019-06-13 17:57:27.492 TRACE 81444 --- [    Test worker] o.h.type.descriptor.sql.BasicExtractor   : extracted value ([is_active4_0_] : [BIT]) - [true]
2019-06-13 17:57:27.493 TRACE 81444 --- [    Test worker] o.h.type.descriptor.sql.BasicExtractor   : extracted value ([last_updated5_0_] : [TIMESTAMP]) - [2019-05-24 14:46:07.0]
2019-06-13 17:57:27.493 TRACE 81444 --- [    Test worker] o.h.type.descriptor.sql.BasicExtractor   : extracted value ([last_updator_id6_0_] : [BIGINT]) - [6]
2019-06-13 17:57:27.493 TRACE 81444 --- [    Test worker] o.h.type.descriptor.sql.BasicExtractor   : extracted value ([my_parent_id7_0_] : [BIGINT]) - [855]
2019-06-13 17:57:27.494 TRACE 81444 --- [    Test worker] o.h.type.descriptor.sql.BasicExtractor   : extracted value ([name8_0_] : [VARCHAR]) - [해양과학대학공용]
2019-06-13 17:57:27.494 TRACE 81444 --- [    Test worker] o.h.type.descriptor.sql.BasicExtractor   : extracted value ([id1_0_] : [BIGINT]) - [8]
2019-06-13 17:57:27.494 TRACE 81444 --- [    Test worker] o.h.type.descriptor.sql.BasicExtractor   : extracted value ([code2_0_] : [VARCHAR]) - [X1006]
2019-06-13 17:57:27.495 TRACE 81444 --- [    Test worker] o.h.type.descriptor.sql.BasicExtractor   : extracted value ([date_created3_0_] : [TIMESTAMP]) - [2019-05-23 15:50:03.0]
2019-06-13 17:57:27.495 TRACE 81444 --- [    Test worker] o.h.type.descriptor.sql.BasicExtractor   : extracted value ([is_active4_0_] : [BIT]) - [true]
2019-06-13 17:57:27.495 TRACE 81444 --- [    Test worker] o.h.type.descriptor.sql.BasicExtractor   : extracted value ([last_updated5_0_] : [TIMESTAMP]) - [2019-05-24 14:46:08.0]
2019-06-13 17:57:27.496 TRACE 81444 --- [    Test worker] o.h.type.descriptor.sql.BasicExtractor   : extracted value ([last_updator_id6_0_] : [BIGINT]) - [6]
2019-06-13 17:57:27.497 TRACE 81444 --- [    Test worker] o.h.type.descriptor.sql.BasicExtractor   : extracted value ([my_parent_id7_0_] : [BIGINT]) - [851]
2019-06-13 17:57:27.497 TRACE 81444 --- [    Test worker] o.h.type.descriptor.sql.BasicExtractor   : extracted value ([name8_0_] : [VARCHAR]) - [예술대학공용]
2019-06-13 17:57:27.498 TRACE 81444 --- [    Test worker] o.h.type.descriptor.sql.BasicExtractor   : extracted value ([id1_0_] : [BIGINT]) - [9]
2019-06-13 17:57:27.498 TRACE 81444 --- [    Test worker] o.h.type.descriptor.sql.BasicExtractor   : extracted value ([code2_0_] : [VARCHAR]) - [X1011]
2019-06-13 17:57:27.499 TRACE 81444 --- [    Test worker] o.h.type.descriptor.sql.BasicExtractor   : extracted value ([date_created3_0_] : [TIMESTAMP]) - [2019-05-23 15:50:03.0]
2019-06-13 17:57:27.499 TRACE 81444 --- [    Test worker] o.h.type.descriptor.sql.BasicExtractor   : extracted value ([is_active4_0_] : [BIT]) - [true]
2019-06-13 17:57:27.499 TRACE 81444 --- [    Test worker] o.h.type.descriptor.sql.BasicExtractor   : extracted value ([last_updated5_0_] : [TIMESTAMP]) - [2019-05-24 14:07:25.0]
2019-06-13 17:57:27.500 TRACE 81444 --- [    Test worker] o.h.type.descriptor.sql.BasicExtractor   : extracted value ([last_updator_id6_0_] : [BIGINT]) - [6]
2019-06-13 17:57:27.500 TRACE 81444 --- [    Test worker] o.h.type.descriptor.sql.BasicExtractor   : extracted value ([my_parent_id7_0_] : [BIGINT]) - [852]
2019-06-13 17:57:27.500 TRACE 81444 --- [    Test worker] o.h.type.descriptor.sql.BasicExtractor   : extracted value ([name8_0_] : [VARCHAR]) - [경영학과]
2019-06-13 17:57:27.501 TRACE 81444 --- [    Test worker] o.h.type.descriptor.sql.BasicExtractor   : extracted value ([id1_0_] : [BIGINT]) - [10]
2019-06-13 17:57:27.501 TRACE 81444 --- [    Test worker] o.h.type.descriptor.sql.BasicExtractor   : extracted value ([code2_0_] : [VARCHAR]) - [X1021]
2019-06-13 17:57:27.501 TRACE 81444 --- [    Test worker] o.h.type.descriptor.sql.BasicExtractor   : extracted value ([date_created3_0_] : [TIMESTAMP]) - [2019-05-23 15:50:04.0]
2019-06-13 17:57:27.501 TRACE 81444 --- [    Test worker] o.h.type.descriptor.sql.BasicExtractor   : extracted value ([is_active4_0_] : [BIT]) - [true]
2019-06-13 17:57:27.502 TRACE 81444 --- [    Test worker] o.h.type.descriptor.sql.BasicExtractor   : extracted value ([last_updated5_0_] : [TIMESTAMP]) - [2019-05-24 14:07:26.0]
2019-06-13 17:57:27.502 TRACE 81444 --- [    Test worker] o.h.type.descriptor.sql.BasicExtractor   : extracted value ([last_updator_id6_0_] : [BIGINT]) - [6]
2019-06-13 17:57:27.504 TRACE 81444 --- [    Test worker] o.h.type.descriptor.sql.BasicExtractor   : extracted value ([my_parent_id7_0_] : [BIGINT]) - [852]
2019-06-13 17:57:27.505 TRACE 81444 --- [    Test worker] o.h.type.descriptor.sql.BasicExtractor   : extracted value ([name8_0_] : [VARCHAR]) - [회계학과]
2019-06-13 17:57:27.524 TRACE 81444 --- [    Test worker] o.h.type.descriptor.sql.BasicExtractor   : extracted value ([id1_0_] : [BIGINT]) - [11]
2019-06-13 17:57:27.524 TRACE 81444 --- [    Test worker] o.h.type.descriptor.sql.BasicExtractor   : extracted value ([code2_0_] : [VARCHAR]) - [X1031]
2019-06-13 17:57:27.525 TRACE 81444 --- [    Test worker] o.h.type.descriptor.sql.BasicExtractor   : extracted value ([date_created3_0_] : [TIMESTAMP]) - [2019-05-23 15:50:04.0]
2019-06-13 17:57:27.525 TRACE 81444 --- [    Test worker] o.h.type.descriptor.sql.BasicExtractor   : extracted value ([is_active4_0_] : [BIT]) - [true]
2019-06-13 17:57:27.526 TRACE 81444 --- [    Test worker] o.h.type.descriptor.sql.BasicExtractor   : extracted value ([last_updated5_0_] : [TIMESTAMP]) - [2019-05-24 14:07:26.0]
2019-06-13 17:57:27.526 TRACE 81444 --- [    Test worker] o.h.type.descriptor.sql.BasicExtractor   : extracted value ([last_updator_id6_0_] : [BIGINT]) - [6]
2019-06-13 17:57:27.526 TRACE 81444 --- [    Test worker] o.h.type.descriptor.sql.BasicExtractor   : extracted value ([my_parent_id7_0_] : [BIGINT]) - [852]
2019-06-13 17:57:27.526 TRACE 81444 --- [    Test worker] o.h.type.descriptor.sql.BasicExtractor   : extracted value ([name8_0_] : [VARCHAR]) - [무역학과]
2019-06-13 17:57:27.527 TRACE 81444 --- [    Test worker] o.h.type.descriptor.sql.BasicExtractor   : extracted value ([id1_0_] : [BIGINT]) - [12]
2019-06-13 17:57:27.527 TRACE 81444 --- [    Test worker] o.h.type.descriptor.sql.BasicExtractor   : extracted value ([code2_0_] : [VARCHAR]) - [X1041]
2019-06-13 17:57:27.528 TRACE 81444 --- [    Test worker] o.h.type.descriptor.sql.BasicExtractor   : extracted value ([date_created3_0_] : [TIMESTAMP]) - [2019-05-23 15:50:04.0]
2019-06-13 17:57:27.528 TRACE 81444 --- [    Test worker] o.h.type.descriptor.sql.BasicExtractor   : extracted value ([is_active4_0_] : [BIT]) - [true]
2019-06-13 17:57:27.528 TRACE 81444 --- [    Test worker] o.h.type.descriptor.sql.BasicExtractor   : extracted value ([last_updated5_0_] : [TIMESTAMP]) - [2019-05-24 14:46:09.0]
2019-06-13 17:57:27.529 TRACE 81444 --- [    Test worker] o.h.type.descriptor.sql.BasicExtractor   : extracted value ([last_updator_id6_0_] : [BIGINT]) - [6]
2019-06-13 17:57:27.529 TRACE 81444 --- [    Test worker] o.h.type.descriptor.sql.BasicExtractor   : extracted value ([my_parent_id7_0_] : [BIGINT]) - [853]
2019-06-13 17:57:27.529 TRACE 81444 --- [    Test worker] o.h.type.descriptor.sql.BasicExtractor   : extracted value ([name8_0_] : [VARCHAR]) - [가정학과]
2019-06-13 17:57:27.530 TRACE 81444 --- [    Test worker] o.h.type.descriptor.sql.BasicExtractor   : extracted value ([id1_0_] : [BIGINT]) - [13]
2019-06-13 17:57:27.530 TRACE 81444 --- [    Test worker] o.h.type.descriptor.sql.BasicExtractor   : extracted value ([code2_0_] : [VARCHAR]) - [X1042]
2019-06-13 17:57:27.531 TRACE 81444 --- [    Test worker] o.h.type.descriptor.sql.BasicExtractor   : extracted value ([date_created3_0_] : [TIMESTAMP]) - [2019-05-23 15:50:05.0]
2019-06-13 17:57:27.531 TRACE 81444 --- [    Test worker] o.h.type.descriptor.sql.BasicExtractor   : extracted value ([is_active4_0_] : [BIT]) - [true]
2019-06-13 17:57:27.531 TRACE 81444 --- [    Test worker] o.h.type.descriptor.sql.BasicExtractor   : extracted value ([last_updated5_0_] : [TIMESTAMP]) - [2019-05-24 14:46:09.0]
2019-06-13 17:57:27.532 TRACE 81444 --- [    Test worker] o.h.type.descriptor.sql.BasicExtractor   : extracted value ([last_updator_id6_0_] : [BIGINT]) - [6]
2019-06-13 17:57:27.532 TRACE 81444 --- [    Test worker] o.h.type.descriptor.sql.BasicExtractor   : extracted value ([my_parent_id7_0_] : [BIGINT]) - [853]
2019-06-13 17:57:27.532 TRACE 81444 --- [    Test worker] o.h.type.descriptor.sql.BasicExtractor   : extracted value ([name8_0_] : [VARCHAR]) - [가정관리학과]
2019-06-13 17:57:27.532 TRACE 81444 --- [    Test worker] o.h.type.descriptor.sql.BasicExtractor   : extracted value ([id1_0_] : [BIGINT]) - [14]
2019-06-13 17:57:27.533 TRACE 81444 --- [    Test worker] o.h.type.descriptor.sql.BasicExtractor   : extracted value ([code2_0_] : [VARCHAR]) - [X1051]
2019-06-13 17:57:27.533 TRACE 81444 --- [    Test worker] o.h.type.descriptor.sql.BasicExtractor   : extracted value ([date_created3_0_] : [TIMESTAMP]) - [2019-05-23 15:50:05.0]
2019-06-13 17:57:27.535 TRACE 81444 --- [    Test worker] o.h.type.descriptor.sql.BasicExtractor   : extracted value ([is_active4_0_] : [BIT]) - [true]
2019-06-13 17:57:27.536 TRACE 81444 --- [    Test worker] o.h.type.descriptor.sql.BasicExtractor   : extracted value ([last_updated5_0_] : [TIMESTAMP]) - [2019-05-24 14:07:26.0]
2019-06-13 17:57:27.536 TRACE 81444 --- [    Test worker] o.h.type.descriptor.sql.BasicExtractor   : extracted value ([last_updator_id6_0_] : [BIGINT]) - [6]
2019-06-13 17:57:27.536 TRACE 81444 --- [    Test worker] o.h.type.descriptor.sql.BasicExtractor   : extracted value ([my_parent_id7_0_] : [BIGINT]) - [851]
2019-06-13 17:57:27.537 TRACE 81444 --- [    Test worker] o.h.type.descriptor.sql.BasicExtractor   : extracted value ([name8_0_] : [VARCHAR]) - [음악과]
2019-06-13 17:57:27.537 TRACE 81444 --- [    Test worker] o.h.type.descriptor.sql.BasicExtractor   : extracted value ([id1_0_] : [BIGINT]) - [15]
2019-06-13 17:57:27.538 TRACE 81444 --- [    Test worker] o.h.type.descriptor.sql.BasicExtractor   : extracted value ([code2_0_] : [VARCHAR]) - [X1061]
2019-06-13 17:57:27.538 TRACE 81444 --- [    Test worker] o.h.type.descriptor.sql.BasicExtractor   : extracted value ([date_created3_0_] : [TIMESTAMP]) - [2019-05-23 15:50:05.0]
2019-06-13 17:57:27.539 TRACE 81444 --- [    Test worker] o.h.type.descriptor.sql.BasicExtractor   : extracted value ([is_active4_0_] : [BIT]) - [true]
2019-06-13 17:57:27.539 TRACE 81444 --- [    Test worker] o.h.type.descriptor.sql.BasicExtractor   : extracted value ([last_updated5_0_] : [TIMESTAMP]) - [2019-05-24 14:07:27.0]
2019-06-13 17:57:27.539 TRACE 81444 --- [    Test worker] o.h.type.descriptor.sql.BasicExtractor   : extracted value ([last_updator_id6_0_] : [BIGINT]) - [6]
2019-06-13 17:57:27.539 TRACE 81444 --- [    Test worker] o.h.type.descriptor.sql.BasicExtractor   : extracted value ([my_parent_id7_0_] : [BIGINT]) - [851]
2019-06-13 17:57:27.540 TRACE 81444 --- [    Test worker] o.h.type.descriptor.sql.BasicExtractor   : extracted value ([name8_0_] : [VARCHAR]) - [미술학과]
2019-06-13 17:57:27.541 TRACE 81444 --- [    Test worker] o.h.type.descriptor.sql.BasicExtractor   : extracted value ([id1_0_] : [BIGINT]) - [16]
2019-06-13 17:57:27.541 TRACE 81444 --- [    Test worker] o.h.type.descriptor.sql.BasicExtractor   : extracted value ([code2_0_] : [VARCHAR]) - [X1071]
2019-06-13 17:57:27.541 TRACE 81444 --- [    Test worker] o.h.type.descriptor.sql.BasicExtractor   : extracted value ([date_created3_0_] : [TIMESTAMP]) - [2019-05-23 15:50:06.0]
2019-06-13 17:57:27.541 TRACE 81444 --- [    Test worker] o.h.type.descriptor.sql.BasicExtractor   : extracted value ([is_active4_0_] : [BIT]) - [true]
2019-06-13 17:57:27.541 TRACE 81444 --- [    Test worker] o.h.type.descriptor.sql.BasicExtractor   : extracted value ([last_updated5_0_] : [TIMESTAMP]) - [2019-05-24 14:07:27.0]
2019-06-13 17:57:27.542 TRACE 81444 --- [    Test worker] o.h.type.descriptor.sql.BasicExtractor   : extracted value ([last_updator_id6_0_] : [BIGINT]) - [6]
2019-06-13 17:57:27.542 TRACE 81444 --- [    Test worker] o.h.type.descriptor.sql.BasicExtractor   : extracted value ([my_parent_id7_0_] : [BIGINT]) - [850]
2019-06-13 17:57:27.542 TRACE 81444 --- [    Test worker] o.h.type.descriptor.sql.BasicExtractor   : extracted value ([name8_0_] : [VARCHAR]) - [영어영문학과]
2019-06-13 17:57:27.543 TRACE 81444 --- [    Test worker] o.h.type.descriptor.sql.BasicExtractor   : extracted value ([id1_0_] : [BIGINT]) - [17]
2019-06-13 17:57:27.543 TRACE 81444 --- [    Test worker] o.h.type.descriptor.sql.BasicExtractor   : extracted value ([code2_0_] : [VARCHAR]) - [X1081]
2019-06-13 17:57:27.543 TRACE 81444 --- [    Test worker] o.h.type.descriptor.sql.BasicExtractor   : extracted value ([date_created3_0_] : [TIMESTAMP]) - [2019-05-23 15:50:06.0]
2019-06-13 17:57:27.543 TRACE 81444 --- [    Test worker] o.h.type.descriptor.sql.BasicExtractor   : extracted value ([is_active4_0_] : [BIT]) - [true]
2019-06-13 17:57:27.543 TRACE 81444 --- [    Test worker] o.h.type.descriptor.sql.BasicExtractor   : extracted value ([last_updated5_0_] : [TIMESTAMP]) - [2019-05-24 14:07:27.0]
2019-06-13 17:57:27.544 TRACE 81444 --- [    Test worker] o.h.type.descriptor.sql.BasicExtractor   : extracted value ([last_updator_id6_0_] : [BIGINT]) - [6]
2019-06-13 17:57:27.544 TRACE 81444 --- [    Test worker] o.h.type.descriptor.sql.BasicExtractor   : extracted value ([my_parent_id7_0_] : [BIGINT]) - [853]
2019-06-13 17:57:27.544 TRACE 81444 --- [    Test worker] o.h.type.descriptor.sql.BasicExtractor   : extracted value ([name8_0_] : [VARCHAR]) - [수학과]
2019-06-13 17:57:27.545 TRACE 81444 --- [    Test worker] o.h.type.descriptor.sql.BasicExtractor   : extracted value ([id1_0_] : [BIGINT]) - [18]
2019-06-13 17:57:27.546 TRACE 81444 --- [    Test worker] o.h.type.descriptor.sql.BasicExtractor   : extracted value ([code2_0_] : [VARCHAR]) - [X1091]
2019-06-13 17:57:27.546 TRACE 81444 --- [    Test worker] o.h.type.descriptor.sql.BasicExtractor   : extracted value ([date_created3_0_] : [TIMESTAMP]) - [2019-05-23 15:50:07.0]
2019-06-13 17:57:27.546 TRACE 81444 --- [    Test worker] o.h.type.descriptor.sql.BasicExtractor   : extracted value ([is_active4_0_] : [BIT]) - [true]
2019-06-13 17:57:27.546 TRACE 81444 --- [    Test worker] o.h.type.descriptor.sql.BasicExtractor   : extracted value ([last_updated5_0_] : [TIMESTAMP]) - [2019-05-24 14:07:28.0]
2019-06-13 17:57:27.546 TRACE 81444 --- [    Test worker] o.h.type.descriptor.sql.BasicExtractor   : extracted value ([last_updator_id6_0_] : [BIGINT]) - [6]
2019-06-13 17:57:27.547 TRACE 81444 --- [    Test worker] o.h.type.descriptor.sql.BasicExtractor   : extracted value ([my_parent_id7_0_] : [BIGINT]) - [853]
2019-06-13 17:57:27.547 TRACE 81444 --- [    Test worker] o.h.type.descriptor.sql.BasicExtractor   : extracted value ([name8_0_] : [VARCHAR]) - [물리학과]
2019-06-13 17:57:27.547 TRACE 81444 --- [    Test worker] o.h.type.descriptor.sql.BasicExtractor   : extracted value ([id1_0_] : [BIGINT]) - [19]
2019-06-13 17:57:27.547 TRACE 81444 --- [    Test worker] o.h.type.descriptor.sql.BasicExtractor   : extracted value ([code2_0_] : [VARCHAR]) - [X1101]
2019-06-13 17:57:27.548 TRACE 81444 --- [    Test worker] o.h.type.descriptor.sql.BasicExtractor   : extracted value ([date_created3_0_] : [TIMESTAMP]) - [2019-05-23 15:50:07.0]
2019-06-13 17:57:27.548 TRACE 81444 --- [    Test worker] o.h.type.descriptor.sql.BasicExtractor   : extracted value ([is_active4_0_] : [BIT]) - [true]
2019-06-13 17:57:27.548 TRACE 81444 --- [    Test worker] o.h.type.descriptor.sql.BasicExtractor   : extracted value ([last_updated5_0_] : [TIMESTAMP]) - [2019-05-24 14:07:28.0]
2019-06-13 17:57:27.548 TRACE 81444 --- [    Test worker] o.h.type.descriptor.sql.BasicExtractor   : extracted value ([last_updator_id6_0_] : [BIGINT]) - [6]
2019-06-13 17:57:27.549 TRACE 81444 --- [    Test worker] o.h.type.descriptor.sql.BasicExtractor   : extracted value ([my_parent_id7_0_] : [BIGINT]) - [850]
2019-06-13 17:57:27.549 TRACE 81444 --- [    Test worker] o.h.type.descriptor.sql.BasicExtractor   : extracted value ([name8_0_] : [VARCHAR]) - [국어국문학과]
2019-06-13 17:57:27.549 TRACE 81444 --- [    Test worker] o.h.type.descriptor.sql.BasicExtractor   : extracted value ([id1_0_] : [BIGINT]) - [20]
2019-06-13 17:57:27.549 TRACE 81444 --- [    Test worker] o.h.type.descriptor.sql.BasicExtractor   : extracted value ([code2_0_] : [VARCHAR]) - [X1111]
2019-06-13 17:57:27.553 TRACE 81444 --- [    Test worker] o.h.type.descriptor.sql.BasicExtractor   : extracted value ([date_created3_0_] : [TIMESTAMP]) - [2019-05-23 15:50:07.0]
2019-06-13 17:57:27.553 TRACE 81444 --- [    Test worker] o.h.type.descriptor.sql.BasicExtractor   : extracted value ([is_active4_0_] : [BIT]) - [true]
2019-06-13 17:57:27.553 TRACE 81444 --- [    Test worker] o.h.type.descriptor.sql.BasicExtractor   : extracted value ([last_updated5_0_] : [TIMESTAMP]) - [2019-05-24 14:07:28.0]
2019-06-13 17:57:27.554 TRACE 81444 --- [    Test worker] o.h.type.descriptor.sql.BasicExtractor   : extracted value ([last_updator_id6_0_] : [BIGINT]) - [6]
2019-06-13 17:57:27.554 TRACE 81444 --- [    Test worker] o.h.type.descriptor.sql.BasicExtractor   : extracted value ([my_parent_id7_0_] : [BIGINT]) - [853]
2019-06-13 17:57:27.554 TRACE 81444 --- [    Test worker] o.h.type.descriptor.sql.BasicExtractor   : extracted value ([name8_0_] : [VARCHAR]) - [생물학과]
2019-06-13 17:57:27.575 TRACE 81444 --- [    Test worker] o.h.type.descriptor.sql.BasicExtractor   : extracted value ([id1_0_] : [BIGINT]) - [21]
2019-06-13 17:57:27.575 TRACE 81444 --- [    Test worker] o.h.type.descriptor.sql.BasicExtractor   : extracted value ([code2_0_] : [VARCHAR]) - [X1112]
2019-06-13 17:57:27.576 TRACE 81444 --- [    Test worker] o.h.type.descriptor.sql.BasicExtractor   : extracted value ([date_created3_0_] : [TIMESTAMP]) - [2019-05-23 15:50:08.0]
2019-06-13 17:57:27.576 TRACE 81444 --- [    Test worker] o.h.type.descriptor.sql.BasicExtractor   : extracted value ([is_active4_0_] : [BIT]) - [true]
2019-06-13 17:57:27.576 TRACE 81444 --- [    Test worker] o.h.type.descriptor.sql.BasicExtractor   : extracted value ([last_updated5_0_] : [TIMESTAMP]) - [2019-05-24 14:46:11.0]
2019-06-13 17:57:27.576 TRACE 81444 --- [    Test worker] o.h.type.descriptor.sql.BasicExtractor   : extracted value ([last_updator_id6_0_] : [BIGINT]) - [6]
2019-06-13 17:57:27.576 TRACE 81444 --- [    Test worker] o.h.type.descriptor.sql.BasicExtractor   : extracted value ([my_parent_id7_0_] : [BIGINT]) - [853]
2019-06-13 17:57:27.577 TRACE 81444 --- [    Test worker] o.h.type.descriptor.sql.BasicExtractor   : extracted value ([name8_0_] : [VARCHAR]) - [생명과학과]
2019-06-13 17:57:27.577 TRACE 81444 --- [    Test worker] o.h.type.descriptor.sql.BasicExtractor   : extracted value ([id1_0_] : [BIGINT]) - [22]
2019-06-13 17:57:27.577 TRACE 81444 --- [    Test worker] o.h.type.descriptor.sql.BasicExtractor   : extracted value ([code2_0_] : [VARCHAR]) - [X1113]
2019-06-13 17:57:27.579 TRACE 81444 --- [    Test worker] o.h.type.descriptor.sql.BasicExtractor   : extracted value ([date_created3_0_] : [TIMESTAMP]) - [2019-05-23 15:50:08.0]
2019-06-13 17:57:27.579 TRACE 81444 --- [    Test worker] o.h.type.descriptor.sql.BasicExtractor   : extracted value ([is_active4_0_] : [BIT]) - [true]
2019-06-13 17:57:27.579 TRACE 81444 --- [    Test worker] o.h.type.descriptor.sql.BasicExtractor   : extracted value ([last_updated5_0_] : [TIMESTAMP]) - [2019-05-24 14:07:29.0]
2019-06-13 17:57:27.579 TRACE 81444 --- [    Test worker] o.h.type.descriptor.sql.BasicExtractor   : extracted value ([last_updator_id6_0_] : [BIGINT]) - [6]
2019-06-13 17:57:27.580 TRACE 81444 --- [    Test worker] o.h.type.descriptor.sql.BasicExtractor   : extracted value ([my_parent_id7_0_] : [BIGINT]) - [853]
2019-06-13 17:57:27.580 TRACE 81444 --- [    Test worker] o.h.type.descriptor.sql.BasicExtractor   : extracted value ([name8_0_] : [VARCHAR]) - [생태환경교육연계전공]
2019-06-13 17:57:27.581 TRACE 81444 --- [    Test worker] o.h.type.descriptor.sql.BasicExtractor   : extracted value ([id1_0_] : [BIGINT]) - [23]
2019-06-13 17:57:27.582 TRACE 81444 --- [    Test worker] o.h.type.descriptor.sql.BasicExtractor   : extracted value ([code2_0_] : [VARCHAR]) - [X1121]
2019-06-13 17:57:27.583 TRACE 81444 --- [    Test worker] o.h.type.descriptor.sql.BasicExtractor   : extracted value ([date_created3_0_] : [TIMESTAMP]) - [2019-05-23 15:50:08.0]
2019-06-13 17:57:27.583 TRACE 81444 --- [    Test worker] o.h.type.descriptor.sql.BasicExtractor   : extracted value ([is_active4_0_] : [BIT]) - [true]
2019-06-13 17:57:27.584 TRACE 81444 --- [    Test worker] o.h.type.descriptor.sql.BasicExtractor   : extracted value ([last_updated5_0_] : [TIMESTAMP]) - [2019-05-24 14:07:29.0]
2019-06-13 17:57:27.584 TRACE 81444 --- [    Test worker] o.h.type.descriptor.sql.BasicExtractor   : extracted value ([last_updator_id6_0_] : [BIGINT]) - [6]
2019-06-13 17:57:27.584 TRACE 81444 --- [    Test worker] o.h.type.descriptor.sql.BasicExtractor   : extracted value ([my_parent_id7_0_] : [BIGINT]) - [852]
2019-06-13 17:57:27.585 TRACE 81444 --- [    Test worker] o.h.type.descriptor.sql.BasicExtractor   : extracted value ([name8_0_] : [VARCHAR]) - [행정학과]
2019-06-13 17:57:27.585 TRACE 81444 --- [    Test worker] o.h.type.descriptor.sql.BasicExtractor   : extracted value ([id1_0_] : [BIGINT]) - [24]
2019-06-13 17:57:27.586 TRACE 81444 --- [    Test worker] o.h.type.descriptor.sql.BasicExtractor   : extracted value ([code2_0_] : [VARCHAR]) - [X1122]
2019-06-13 17:57:27.586 TRACE 81444 --- [    Test worker] o.h.type.descriptor.sql.BasicExtractor   : extracted value ([date_created3_0_] : [TIMESTAMP]) - [2019-05-23 15:50:09.0]
2019-06-13 17:57:27.586 TRACE 81444 --- [    Test worker] o.h.type.descriptor.sql.BasicExtractor   : extracted value ([is_active4_0_] : [BIT]) - [true]
2019-06-13 17:57:27.586 TRACE 81444 --- [    Test worker] o.h.type.descriptor.sql.BasicExtractor   : extracted value ([last_updated5_0_] : [TIMESTAMP]) - [2019-05-24 14:07:30.0]
2019-06-13 17:57:27.587 TRACE 81444 --- [    Test worker] o.h.type.descriptor.sql.BasicExtractor   : extracted value ([last_updator_id6_0_] : [BIGINT]) - [6]
2019-06-13 17:57:27.587 TRACE 81444 --- [    Test worker] o.h.type.descriptor.sql.BasicExtractor   : extracted value ([my_parent_id7_0_] : [BIGINT]) - [852]
2019-06-13 17:57:27.587 TRACE 81444 --- [    Test worker] o.h.type.descriptor.sql.BasicExtractor   : extracted value ([name8_0_] : [VARCHAR]) - [공공인재연계전공]
2019-06-13 17:57:27.587 TRACE 81444 --- [    Test worker] o.h.type.descriptor.sql.BasicExtractor   : extracted value ([id1_0_] : [BIGINT]) - [25]
2019-06-13 17:57:27.588 TRACE 81444 --- [    Test worker] o.h.type.descriptor.sql.BasicExtractor   : extracted value ([code2_0_] : [VARCHAR]) - [X1131]
2019-06-13 17:57:27.588 TRACE 81444 --- [    Test worker] o.h.type.descriptor.sql.BasicExtractor   : extracted value ([date_created3_0_] : [TIMESTAMP]) - [2019-05-23 15:50:09.0]
2019-06-13 17:57:27.588 TRACE 81444 --- [    Test worker] o.h.type.descriptor.sql.BasicExtractor   : extracted value ([is_active4_0_] : [BIT]) - [true]
2019-06-13 17:57:27.589 TRACE 81444 --- [    Test worker] o.h.type.descriptor.sql.BasicExtractor   : extracted value ([last_updated5_0_] : [TIMESTAMP]) - [2019-05-24 14:07:30.0]
2019-06-13 17:57:27.589 TRACE 81444 --- [    Test worker] o.h.type.descriptor.sql.BasicExtractor   : extracted value ([last_updator_id6_0_] : [BIGINT]) - [6]
2019-06-13 17:57:27.589 TRACE 81444 --- [    Test worker] o.h.type.descriptor.sql.BasicExtractor   : extracted value ([my_parent_id7_0_] : [BIGINT]) - [853]
2019-06-13 17:57:27.589 TRACE 81444 --- [    Test worker] o.h.type.descriptor.sql.BasicExtractor   : extracted value ([name8_0_] : [VARCHAR]) - [체육학과]
2019-06-13 17:57:27.590 TRACE 81444 --- [    Test worker] o.h.type.descriptor.sql.BasicExtractor   : extracted value ([id1_0_] : [BIGINT]) - [26]
2019-06-13 17:57:27.590 TRACE 81444 --- [    Test worker] o.h.type.descriptor.sql.BasicExtractor   : extracted value ([code2_0_] : [VARCHAR]) - [X1141]
2019-06-13 17:57:27.590 TRACE 81444 --- [    Test worker] o.h.type.descriptor.sql.BasicExtractor   : extracted value ([date_created3_0_] : [TIMESTAMP]) - [2019-05-23 15:50:10.0]
2019-06-13 17:57:27.591 TRACE 81444 --- [    Test worker] o.h.type.descriptor.sql.BasicExtractor   : extracted value ([is_active4_0_] : [BIT]) - [true]
2019-06-13 17:57:27.591 TRACE 81444 --- [    Test worker] o.h.type.descriptor.sql.BasicExtractor   : extracted value ([last_updated5_0_] : [TIMESTAMP]) - [2019-05-24 14:07:30.0]
2019-06-13 17:57:27.591 TRACE 81444 --- [    Test worker] o.h.type.descriptor.sql.BasicExtractor   : extracted value ([last_updator_id6_0_] : [BIGINT]) - [6]
2019-06-13 17:57:27.591 TRACE 81444 --- [    Test worker] o.h.type.descriptor.sql.BasicExtractor   : extracted value ([my_parent_id7_0_] : [BIGINT]) - [853]
2019-06-13 17:57:27.591 TRACE 81444 --- [    Test worker] o.h.type.descriptor.sql.BasicExtractor   : extracted value ([name8_0_] : [VARCHAR]) - [화학과]
2019-06-13 17:57:27.592 TRACE 81444 --- [    Test worker] o.h.type.descriptor.sql.BasicExtractor   : extracted value ([id1_0_] : [BIGINT]) - [27]
2019-06-13 17:57:27.592 TRACE 81444 --- [    Test worker] o.h.type.descriptor.sql.BasicExtractor   : extracted value ([code2_0_] : [VARCHAR]) - [X1151]
2019-06-13 17:57:27.592 TRACE 81444 --- [    Test worker] o.h.type.descriptor.sql.BasicExtractor   : extracted value ([date_created3_0_] : [TIMESTAMP]) - [2019-05-23 15:50:10.0]
2019-06-13 17:57:27.592 TRACE 81444 --- [    Test worker] o.h.type.descriptor.sql.BasicExtractor   : extracted value ([is_active4_0_] : [BIT]) - [true]
2019-06-13 17:57:27.592 TRACE 81444 --- [    Test worker] o.h.type.descriptor.sql.BasicExtractor   : extracted value ([last_updated5_0_] : [TIMESTAMP]) - [2019-05-24 14:07:31.0]
2019-06-13 17:57:27.593 TRACE 81444 --- [    Test worker] o.h.type.descriptor.sql.BasicExtractor   : extracted value ([last_updator_id6_0_] : [BIGINT]) - [6]
2019-06-13 17:57:27.593 TRACE 81444 --- [    Test worker] o.h.type.descriptor.sql.BasicExtractor   : extracted value ([my_parent_id7_0_] : [BIGINT]) - [850]
2019-06-13 17:57:27.593 TRACE 81444 --- [    Test worker] o.h.type.descriptor.sql.BasicExtractor   : extracted value ([name8_0_] : [VARCHAR]) - [독어독문학과]
2019-06-13 17:57:27.593 TRACE 81444 --- [    Test worker] o.h.type.descriptor.sql.BasicExtractor   : extracted value ([id1_0_] : [BIGINT]) - [28]
2019-06-13 17:57:27.594 TRACE 81444 --- [    Test worker] o.h.type.descriptor.sql.BasicExtractor   : extracted value ([code2_0_] : [VARCHAR]) - [X1152]
2019-06-13 17:57:27.594 TRACE 81444 --- [    Test worker] o.h.type.descriptor.sql.BasicExtractor   : extracted value ([date_created3_0_] : [TIMESTAMP]) - [2019-05-23 15:50:10.0]
2019-06-13 17:57:27.594 TRACE 81444 --- [    Test worker] o.h.type.descriptor.sql.BasicExtractor   : extracted value ([is_active4_0_] : [BIT]) - [true]
2019-06-13 17:57:27.595 TRACE 81444 --- [    Test worker] o.h.type.descriptor.sql.BasicExtractor   : extracted value ([last_updated5_0_] : [TIMESTAMP]) - [2019-05-24 14:07:31.0]
2019-06-13 17:57:27.595 TRACE 81444 --- [    Test worker] o.h.type.descriptor.sql.BasicExtractor   : extracted value ([last_updator_id6_0_] : [BIGINT]) - [6]
2019-06-13 17:57:27.595 TRACE 81444 --- [    Test worker] o.h.type.descriptor.sql.BasicExtractor   : extracted value ([my_parent_id7_0_] : [BIGINT]) - [850]
2019-06-13 17:57:27.596 TRACE 81444 --- [    Test worker] o.h.type.descriptor.sql.BasicExtractor   : extracted value ([name8_0_] : [VARCHAR]) - [유럽미디어문화학과]
2019-06-13 17:57:27.596 TRACE 81444 --- [    Test worker] o.h.type.descriptor.sql.BasicExtractor   : extracted value ([id1_0_] : [BIGINT]) - [29]
2019-06-13 17:57:27.596 TRACE 81444 --- [    Test worker] o.h.type.descriptor.sql.BasicExtractor   : extracted value ([code2_0_] : [VARCHAR]) - [X1153]
2019-06-13 17:57:27.597 TRACE 81444 --- [    Test worker] o.h.type.descriptor.sql.BasicExtractor   : extracted value ([date_created3_0_] : [TIMESTAMP]) - [2019-05-23 15:50:11.0]
2019-06-13 17:57:27.597 TRACE 81444 --- [    Test worker] o.h.type.descriptor.sql.BasicExtractor   : extracted value ([is_active4_0_] : [BIT]) - [true]
2019-06-13 17:57:27.597 TRACE 81444 --- [    Test worker] o.h.type.descriptor.sql.BasicExtractor   : extracted value ([last_updated5_0_] : [TIMESTAMP]) - [2019-05-24 14:07:31.0]
2019-06-13 17:57:27.597 TRACE 81444 --- [    Test worker] o.h.type.descriptor.sql.BasicExtractor   : extracted value ([last_updator_id6_0_] : [BIGINT]) - [6]
2019-06-13 17:57:27.598 TRACE 81444 --- [    Test worker] o.h.type.descriptor.sql.BasicExtractor   : extracted value ([my_parent_id7_0_] : [BIGINT]) - [850]
2019-06-13 17:57:27.598 TRACE 81444 --- [    Test worker] o.h.type.descriptor.sql.BasicExtractor   : extracted value ([name8_0_] : [VARCHAR]) - [미디어문화학과]
2019-06-13 17:57:27.598 TRACE 81444 --- [    Test worker] o.h.type.descriptor.sql.BasicExtractor   : extracted value ([id1_0_] : [BIGINT]) - [30]
2019-06-13 17:57:27.599 TRACE 81444 --- [    Test worker] o.h.type.descriptor.sql.BasicExtractor   : extracted value ([code2_0_] : [VARCHAR]) - [X1161]
2019-06-13 17:57:27.599 TRACE 81444 --- [    Test worker] o.h.type.descriptor.sql.BasicExtractor   : extracted value ([date_created3_0_] : [TIMESTAMP]) - [2019-05-23 15:50:11.0]
2019-06-13 17:57:27.599 TRACE 81444 --- [    Test worker] o.h.type.descriptor.sql.BasicExtractor   : extracted value ([is_active4_0_] : [BIT]) - [true]
2019-06-13 17:57:27.600 TRACE 81444 --- [    Test worker] o.h.type.descriptor.sql.BasicExtractor   : extracted value ([last_updated5_0_] : [TIMESTAMP]) - [2019-05-24 14:07:32.0]
2019-06-13 17:57:27.600 TRACE 81444 --- [    Test worker] o.h.type.descriptor.sql.BasicExtractor   : extracted value ([last_updator_id6_0_] : [BIGINT]) - [6]
2019-06-13 17:57:27.600 TRACE 81444 --- [    Test worker] o.h.type.descriptor.sql.BasicExtractor   : extracted value ([my_parent_id7_0_] : [BIGINT]) - [852]
2019-06-13 17:57:27.600 TRACE 81444 --- [    Test worker] o.h.type.descriptor.sql.BasicExtractor   : extracted value ([name8_0_] : [VARCHAR]) - [법학과]
2019-06-13 17:57:27.619 TRACE 81444 --- [    Test worker] o.h.type.descriptor.sql.BasicExtractor   : extracted value ([id1_0_] : [BIGINT]) - [31]
2019-06-13 17:57:27.619 TRACE 81444 --- [    Test worker] o.h.type.descriptor.sql.BasicExtractor   : extracted value ([code2_0_] : [VARCHAR]) - [X1165]
2019-06-13 17:57:27.619 TRACE 81444 --- [    Test worker] o.h.type.descriptor.sql.BasicExtractor   : extracted value ([date_created3_0_] : [TIMESTAMP]) - [2019-05-23 15:50:11.0]
2019-06-13 17:57:27.619 TRACE 81444 --- [    Test worker] o.h.type.descriptor.sql.BasicExtractor   : extracted value ([is_active4_0_] : [BIT]) - [true]
2019-06-13 17:57:27.620 TRACE 81444 --- [    Test worker] o.h.type.descriptor.sql.BasicExtractor   : extracted value ([last_updated5_0_] : [TIMESTAMP]) - [2019-05-24 14:07:32.0]
2019-06-13 17:57:27.620 TRACE 81444 --- [    Test worker] o.h.type.descriptor.sql.BasicExtractor   : extracted value ([last_updator_id6_0_] : [BIGINT]) - [6]
2019-06-13 17:57:27.620 TRACE 81444 --- [    Test worker] o.h.type.descriptor.sql.BasicExtractor   : extracted value ([my_parent_id7_0_] : [BIGINT]) - [852]
2019-06-13 17:57:27.620 TRACE 81444 --- [    Test worker] o.h.type.descriptor.sql.BasicExtractor   : extracted value ([name8_0_] : [VARCHAR]) - [디지털포렌식전공]
2019-06-13 17:57:27.621 TRACE 81444 --- [    Test worker] o.h.type.descriptor.sql.BasicExtractor   : extracted value ([id1_0_] : [BIGINT]) - [32]
2019-06-13 17:57:27.621 TRACE 81444 --- [    Test worker] o.h.type.descriptor.sql.BasicExtractor   : extracted value ([code2_0_] : [VARCHAR]) - [X1171]
2019-06-13 17:57:27.621 TRACE 81444 --- [    Test worker] o.h.type.descriptor.sql.BasicExtractor   : extracted value ([date_created3_0_] : [TIMESTAMP]) - [2019-05-23 15:50:12.0]
2019-06-13 17:57:27.621 TRACE 81444 --- [    Test worker] o.h.type.descriptor.sql.BasicExtractor   : extracted value ([is_active4_0_] : [BIT]) - [true]
2019-06-13 17:57:27.622 TRACE 81444 --- [    Test worker] o.h.type.descriptor.sql.BasicExtractor   : extracted value ([last_updated5_0_] : [TIMESTAMP]) - [2019-05-24 14:46:14.0]
2019-06-13 17:57:27.622 TRACE 81444 --- [    Test worker] o.h.type.descriptor.sql.BasicExtractor   : extracted value ([last_updator_id6_0_] : [BIGINT]) - [6]
2019-06-13 17:57:27.622 TRACE 81444 --- [    Test worker] o.h.type.descriptor.sql.BasicExtractor   : extracted value ([my_parent_id7_0_] : [BIGINT]) - [853]
2019-06-13 17:57:27.622 TRACE 81444 --- [    Test worker] o.h.type.descriptor.sql.BasicExtractor   : extracted value ([name8_0_] : [VARCHAR]) - [전산통계학과]
2019-06-13 17:57:27.622 TRACE 81444 --- [    Test worker] o.h.type.descriptor.sql.BasicExtractor   : extracted value ([id1_0_] : [BIGINT]) - [33]
2019-06-13 17:57:27.623 TRACE 81444 --- [    Test worker] o.h.type.descriptor.sql.BasicExtractor   : extracted value ([code2_0_] : [VARCHAR]) - [X1172]
2019-06-13 17:57:27.623 TRACE 81444 --- [    Test worker] o.h.type.descriptor.sql.BasicExtractor   : extracted value ([date_created3_0_] : [TIMESTAMP]) - [2019-05-23 15:50:12.0]
2019-06-13 17:57:27.623 TRACE 81444 --- [    Test worker] o.h.type.descriptor.sql.BasicExtractor   : extracted value ([is_active4_0_] : [BIT]) - [true]
2019-06-13 17:57:27.624 TRACE 81444 --- [    Test worker] o.h.type.descriptor.sql.BasicExtractor   : extracted value ([last_updated5_0_] : [TIMESTAMP]) - [2019-05-24 14:46:14.0]
2019-06-13 17:57:27.624 TRACE 81444 --- [    Test worker] o.h.type.descriptor.sql.BasicExtractor   : extracted value ([last_updator_id6_0_] : [BIGINT]) - [6]
2019-06-13 17:57:27.624 TRACE 81444 --- [    Test worker] o.h.type.descriptor.sql.BasicExtractor   : extracted value ([my_parent_id7_0_] : [BIGINT]) - [853]
2019-06-13 17:57:27.624 TRACE 81444 --- [    Test worker] o.h.type.descriptor.sql.BasicExtractor   : extracted value ([name8_0_] : [VARCHAR]) - [전자계산학과]
2019-06-13 17:57:27.624 TRACE 81444 --- [    Test worker] o.h.type.descriptor.sql.BasicExtractor   : extracted value ([id1_0_] : [BIGINT]) - [34]
2019-06-13 17:57:27.624 TRACE 81444 --- [    Test worker] o.h.type.descriptor.sql.BasicExtractor   : extracted value ([code2_0_] : [VARCHAR]) - [X1173]
2019-06-13 17:57:27.625 TRACE 81444 --- [    Test worker] o.h.type.descriptor.sql.BasicExtractor   : extracted value ([date_created3_0_] : [TIMESTAMP]) - [2019-05-23 15:50:13.0]
2019-06-13 17:57:27.625 TRACE 81444 --- [    Test worker] o.h.type.descriptor.sql.BasicExtractor   : extracted value ([is_active4_0_] : [BIT]) - [true]
2019-06-13 17:57:27.625 TRACE 81444 --- [    Test worker] o.h.type.descriptor.sql.BasicExtractor   : extracted value ([last_updated5_0_] : [TIMESTAMP]) - [2019-05-24 14:46:15.0]
2019-06-13 17:57:27.625 TRACE 81444 --- [    Test worker] o.h.type.descriptor.sql.BasicExtractor   : extracted value ([last_updator_id6_0_] : [BIGINT]) - [6]
2019-06-13 17:57:27.625 TRACE 81444 --- [    Test worker] o.h.type.descriptor.sql.BasicExtractor   : extracted value ([my_parent_id7_0_] : [BIGINT]) - [853]
2019-06-13 17:57:27.625 TRACE 81444 --- [    Test worker] o.h.type.descriptor.sql.BasicExtractor   : extracted value ([name8_0_] : [VARCHAR]) - [컴퓨터과학과]
2019-06-13 17:57:27.625 TRACE 81444 --- [    Test worker] o.h.type.descriptor.sql.BasicExtractor   : extracted value ([id1_0_] : [BIGINT]) - [35]
2019-06-13 17:57:27.625 TRACE 81444 --- [    Test worker] o.h.type.descriptor.sql.BasicExtractor   : extracted value ([code2_0_] : [VARCHAR]) - [X1174]
2019-06-13 17:57:27.626 TRACE 81444 --- [    Test worker] o.h.type.descriptor.sql.BasicExtractor   : extracted value ([date_created3_0_] : [TIMESTAMP]) - [2019-05-23 15:50:13.0]
2019-06-13 17:57:27.626 TRACE 81444 --- [    Test worker] o.h.type.descriptor.sql.BasicExtractor   : extracted value ([is_active4_0_] : [BIT]) - [true]
2019-06-13 17:57:27.626 TRACE 81444 --- [    Test worker] o.h.type.descriptor.sql.BasicExtractor   : extracted value ([last_updated5_0_] : [TIMESTAMP]) - [2019-05-24 14:07:32.0]
2019-06-13 17:57:27.626 TRACE 81444 --- [    Test worker] o.h.type.descriptor.sql.BasicExtractor   : extracted value ([last_updator_id6_0_] : [BIGINT]) - [6]
2019-06-13 17:57:27.626 TRACE 81444 --- [    Test worker] o.h.type.descriptor.sql.BasicExtractor   : extracted value ([my_parent_id7_0_] : [BIGINT]) - [853]
2019-06-13 17:57:27.627 TRACE 81444 --- [    Test worker] o.h.type.descriptor.sql.BasicExtractor   : extracted value ([name8_0_] : [VARCHAR]) - [컴퓨터정보과학과]
2019-06-13 17:57:27.627 TRACE 81444 --- [    Test worker] o.h.type.descriptor.sql.BasicExtractor   : extracted value ([id1_0_] : [BIGINT]) - [36]
2019-06-13 17:57:27.627 TRACE 81444 --- [    Test worker] o.h.type.descriptor.sql.BasicExtractor   : extracted value ([code2_0_] : [VARCHAR]) - [X1175]
2019-06-13 17:57:27.627 TRACE 81444 --- [    Test worker] o.h.type.descriptor.sql.BasicExtractor   : extracted value ([date_created3_0_] : [TIMESTAMP]) - [2019-05-23 15:50:13.0]
2019-06-13 17:57:27.628 TRACE 81444 --- [    Test worker] o.h.type.descriptor.sql.BasicExtractor   : extracted value ([is_active4_0_] : [BIT]) - [true]
2019-06-13 17:57:27.628 TRACE 81444 --- [    Test worker] o.h.type.descriptor.sql.BasicExtractor   : extracted value ([last_updated5_0_] : [TIMESTAMP]) - [2019-05-24 14:07:33.0]
2019-06-13 17:57:27.628 TRACE 81444 --- [    Test worker] o.h.type.descriptor.sql.BasicExtractor   : extracted value ([last_updator_id6_0_] : [BIGINT]) - [6]
2019-06-13 17:57:27.628 TRACE 81444 --- [    Test worker] o.h.type.descriptor.sql.BasicExtractor   : extracted value ([my_parent_id7_0_] : [BIGINT]) - [854]
2019-06-13 17:57:27.628 TRACE 81444 --- [    Test worker] o.h.type.descriptor.sql.BasicExtractor   : extracted value ([name8_0_] : [VARCHAR]) - [컴퓨터정보공학과]
2019-06-13 17:57:27.629 TRACE 81444 --- [    Test worker] o.h.type.descriptor.sql.BasicExtractor   : extracted value ([id1_0_] : [BIGINT]) - [37]
2019-06-13 17:57:27.629 TRACE 81444 --- [    Test worker] o.h.type.descriptor.sql.BasicExtractor   : extracted value ([code2_0_] : [VARCHAR]) - [X1181]
2019-06-13 17:57:27.629 TRACE 81444 --- [    Test worker] o.h.type.descriptor.sql.BasicExtractor   : extracted value ([date_created3_0_] : [TIMESTAMP]) - [2019-05-23 15:50:14.0]
2019-06-13 17:57:27.629 TRACE 81444 --- [    Test worker] o.h.type.descriptor.sql.BasicExtractor   : extracted value ([is_active4_0_] : [BIT]) - [true]
2019-06-13 17:57:27.629 TRACE 81444 --- [    Test worker] o.h.type.descriptor.sql.BasicExtractor   : extracted value ([last_updated5_0_] : [TIMESTAMP]) - [2019-05-24 14:46:16.0]
2019-06-13 17:57:27.629 TRACE 81444 --- [    Test worker] o.h.type.descriptor.sql.BasicExtractor   : extracted value ([last_updator_id6_0_] : [BIGINT]) - [6]
2019-06-13 17:57:27.629 TRACE 81444 --- [    Test worker] o.h.type.descriptor.sql.BasicExtractor   : extracted value ([my_parent_id7_0_] : [BIGINT]) - [853]
2019-06-13 17:57:27.630 TRACE 81444 --- [    Test worker] o.h.type.descriptor.sql.BasicExtractor   : extracted value ([name8_0_] : [VARCHAR]) - [해양개발학과]
2019-06-13 17:57:27.630 TRACE 81444 --- [    Test worker] o.h.type.descriptor.sql.BasicExtractor   : extracted value ([id1_0_] : [BIGINT]) - [38]
2019-06-13 17:57:27.630 TRACE 81444 --- [    Test worker] o.h.type.descriptor.sql.BasicExtractor   : extracted value ([code2_0_] : [VARCHAR]) - [X1182]
2019-06-13 17:57:27.631 TRACE 81444 --- [    Test worker] o.h.type.descriptor.sql.BasicExtractor   : extracted value ([date_created3_0_] : [TIMESTAMP]) - [2019-05-23 15:50:14.0]
2019-06-13 17:57:27.631 TRACE 81444 --- [    Test worker] o.h.type.descriptor.sql.BasicExtractor   : extracted value ([is_active4_0_] : [BIT]) - [true]
2019-06-13 17:57:27.631 TRACE 81444 --- [    Test worker] o.h.type.descriptor.sql.BasicExtractor   : extracted value ([last_updated5_0_] : [TIMESTAMP]) - [2019-05-24 14:46:16.0]
2019-06-13 17:57:27.631 TRACE 81444 --- [    Test worker] o.h.type.descriptor.sql.BasicExtractor   : extracted value ([last_updator_id6_0_] : [BIGINT]) - [6]
2019-06-13 17:57:27.632 TRACE 81444 --- [    Test worker] o.h.type.descriptor.sql.BasicExtractor   : extracted value ([my_parent_id7_0_] : [BIGINT]) - [855]
2019-06-13 17:57:27.632 TRACE 81444 --- [    Test worker] o.h.type.descriptor.sql.BasicExtractor   : extracted value ([name8_0_] : [VARCHAR]) - [해양자원육성학과]
2019-06-13 17:57:27.632 TRACE 81444 --- [    Test worker] o.h.type.descriptor.sql.BasicExtractor   : extracted value ([id1_0_] : [BIGINT]) - [39]
2019-06-13 17:57:27.635 TRACE 81444 --- [    Test worker] o.h.type.descriptor.sql.BasicExtractor   : extracted value ([code2_0_] : [VARCHAR]) - [X1183]
2019-06-13 17:57:27.635 TRACE 81444 --- [    Test worker] o.h.type.descriptor.sql.BasicExtractor   : extracted value ([date_created3_0_] : [TIMESTAMP]) - [2019-05-23 15:50:14.0]
2019-06-13 17:57:27.635 TRACE 81444 --- [    Test worker] o.h.type.descriptor.sql.BasicExtractor   : extracted value ([is_active4_0_] : [BIT]) - [true]
2019-06-13 17:57:27.635 TRACE 81444 --- [    Test worker] o.h.type.descriptor.sql.BasicExtractor   : extracted value ([last_updated5_0_] : [TIMESTAMP]) - [2019-05-24 14:46:16.0]
2019-06-13 17:57:27.636 TRACE 81444 --- [    Test worker] o.h.type.descriptor.sql.BasicExtractor   : extracted value ([last_updator_id6_0_] : [BIGINT]) - [6]
2019-06-13 17:57:27.636 TRACE 81444 --- [    Test worker] o.h.type.descriptor.sql.BasicExtractor   : extracted value ([my_parent_id7_0_] : [BIGINT]) - [855]
2019-06-13 17:57:27.637 TRACE 81444 --- [    Test worker] o.h.type.descriptor.sql.BasicExtractor   : extracted value ([name8_0_] : [VARCHAR]) - [해양생명개발학과]
2019-06-13 17:57:27.637 TRACE 81444 --- [    Test worker] o.h.type.descriptor.sql.BasicExtractor   : extracted value ([id1_0_] : [BIGINT]) - [40]
2019-06-13 17:57:27.638 TRACE 81444 --- [    Test worker] o.h.type.descriptor.sql.BasicExtractor   : extracted value ([code2_0_] : [VARCHAR]) - [X1184]
2019-06-13 17:57:27.638 TRACE 81444 --- [    Test worker] o.h.type.descriptor.sql.BasicExtractor   : extracted value ([date_created3_0_] : [TIMESTAMP]) - [2019-05-23 15:50:15.0]
2019-06-13 17:57:27.638 TRACE 81444 --- [    Test worker] o.h.type.descriptor.sql.BasicExtractor   : extracted value ([is_active4_0_] : [BIT]) - [true]
2019-06-13 17:57:27.638 TRACE 81444 --- [    Test worker] o.h.type.descriptor.sql.BasicExtractor   : extracted value ([last_updated5_0_] : [TIMESTAMP]) - [2019-05-24 14:07:33.0]
2019-06-13 17:57:27.638 TRACE 81444 --- [    Test worker] o.h.type.descriptor.sql.BasicExtractor   : extracted value ([last_updator_id6_0_] : [BIGINT]) - [6]
2019-06-13 17:57:27.638 TRACE 81444 --- [    Test worker] o.h.type.descriptor.sql.BasicExtractor   : extracted value ([my_parent_id7_0_] : [BIGINT]) - [855]
2019-06-13 17:57:27.639 TRACE 81444 --- [    Test worker] o.h.type.descriptor.sql.BasicExtractor   : extracted value ([name8_0_] : [VARCHAR]) - [해양생물공학과]
2019-06-13 17:57:27.659 TRACE 81444 --- [    Test worker] o.h.type.descriptor.sql.BasicExtractor   : extracted value ([id1_0_] : [BIGINT]) - [41]
2019-06-13 17:57:27.660 TRACE 81444 --- [    Test worker] o.h.type.descriptor.sql.BasicExtractor   : extracted value ([code2_0_] : [VARCHAR]) - [X1191]
2019-06-13 17:57:27.660 TRACE 81444 --- [    Test worker] o.h.type.descriptor.sql.BasicExtractor   : extracted value ([date_created3_0_] : [TIMESTAMP]) - [2019-05-23 15:50:15.0]
2019-06-13 17:57:27.661 TRACE 81444 --- [    Test worker] o.h.type.descriptor.sql.BasicExtractor   : extracted value ([is_active4_0_] : [BIT]) - [true]
2019-06-13 17:57:27.661 TRACE 81444 --- [    Test worker] o.h.type.descriptor.sql.BasicExtractor   : extracted value ([last_updated5_0_] : [TIMESTAMP]) - [2019-05-24 14:07:34.0]
2019-06-13 17:57:27.661 TRACE 81444 --- [    Test worker] o.h.type.descriptor.sql.BasicExtractor   : extracted value ([last_updator_id6_0_] : [BIGINT]) - [6]
2019-06-13 17:57:27.661 TRACE 81444 --- [    Test worker] o.h.type.descriptor.sql.BasicExtractor   : extracted value ([my_parent_id7_0_] : [BIGINT]) - [851]
2019-06-13 17:57:27.661 TRACE 81444 --- [    Test worker] o.h.type.descriptor.sql.BasicExtractor   : extracted value ([name8_0_] : [VARCHAR]) - [산업디자인학과]
2019-06-13 17:57:27.661 TRACE 81444 --- [    Test worker] o.h.type.descriptor.sql.BasicExtractor   : extracted value ([id1_0_] : [BIGINT]) - [42]
2019-06-13 17:57:27.662 TRACE 81444 --- [    Test worker] o.h.type.descriptor.sql.BasicExtractor   : extracted value ([code2_0_] : [VARCHAR]) - [X1201]
2019-06-13 17:57:27.662 TRACE 81444 --- [    Test worker] o.h.type.descriptor.sql.BasicExtractor   : extracted value ([date_created3_0_] : [TIMESTAMP]) - [2019-05-23 15:50:16.0]
2019-06-13 17:57:27.662 TRACE 81444 --- [    Test worker] o.h.type.descriptor.sql.BasicExtractor   : extracted value ([is_active4_0_] : [BIT]) - [true]
2019-06-13 17:57:27.662 TRACE 81444 --- [    Test worker] o.h.type.descriptor.sql.BasicExtractor   : extracted value ([last_updated5_0_] : [TIMESTAMP]) - [2019-05-24 14:07:34.0]
2019-06-13 17:57:27.662 TRACE 81444 --- [    Test worker] o.h.type.descriptor.sql.BasicExtractor   : extracted value ([last_updator_id6_0_] : [BIGINT]) - [6]
2019-06-13 17:57:27.663 TRACE 81444 --- [    Test worker] o.h.type.descriptor.sql.BasicExtractor   : extracted value ([my_parent_id7_0_] : [BIGINT]) - [852]
2019-06-13 17:57:27.663 TRACE 81444 --- [    Test worker] o.h.type.descriptor.sql.BasicExtractor   : extracted value ([name8_0_] : [VARCHAR]) - [경제학과]
2019-06-13 17:57:27.663 TRACE 81444 --- [    Test worker] o.h.type.descriptor.sql.BasicExtractor   : extracted value ([id1_0_] : [BIGINT]) - [43]
2019-06-13 17:57:27.663 TRACE 81444 --- [    Test worker] o.h.type.descriptor.sql.BasicExtractor   : extracted value ([code2_0_] : [VARCHAR]) - [X1211]
2019-06-13 17:57:27.663 TRACE 81444 --- [    Test worker] o.h.type.descriptor.sql.BasicExtractor   : extracted value ([date_created3_0_] : [TIMESTAMP]) - [2019-05-23 15:50:16.0]
2019-06-13 17:57:27.664 TRACE 81444 --- [    Test worker] o.h.type.descriptor.sql.BasicExtractor   : extracted value ([is_active4_0_] : [BIT]) - [true]
2019-06-13 17:57:27.664 TRACE 81444 --- [    Test worker] o.h.type.descriptor.sql.BasicExtractor   : extracted value ([last_updated5_0_] : [TIMESTAMP]) - [2019-05-24 14:07:34.0]
2019-06-13 17:57:27.664 TRACE 81444 --- [    Test worker] o.h.type.descriptor.sql.BasicExtractor   : extracted value ([last_updator_id6_0_] : [BIGINT]) - [6]
2019-06-13 17:57:27.664 TRACE 81444 --- [    Test worker] o.h.type.descriptor.sql.BasicExtractor   : extracted value ([my_parent_id7_0_] : [BIGINT]) - [855]
2019-06-13 17:57:27.665 TRACE 81444 --- [    Test worker] o.h.type.descriptor.sql.BasicExtractor   : extracted value ([name8_0_] : [VARCHAR]) - [해양공학과]
2019-06-13 17:57:27.665 TRACE 81444 --- [    Test worker] o.h.type.descriptor.sql.BasicExtractor   : extracted value ([id1_0_] : [BIGINT]) - [44]
2019-06-13 17:57:27.666 TRACE 81444 --- [    Test worker] o.h.type.descriptor.sql.BasicExtractor   : extracted value ([code2_0_] : [VARCHAR]) - [X1221]
2019-06-13 17:57:27.667 TRACE 81444 --- [    Test worker] o.h.type.descriptor.sql.BasicExtractor   : extracted value ([date_created3_0_] : [TIMESTAMP]) - [2019-05-23 15:50:16.0]
2019-06-13 17:57:27.667 TRACE 81444 --- [    Test worker] o.h.type.descriptor.sql.BasicExtractor   : extracted value ([is_active4_0_] : [BIT]) - [true]
2019-06-13 17:57:27.667 TRACE 81444 --- [    Test worker] o.h.type.descriptor.sql.BasicExtractor   : extracted value ([last_updated5_0_] : [TIMESTAMP]) - [2019-05-24 14:07:35.0]
2019-06-13 17:57:27.668 TRACE 81444 --- [    Test worker] o.h.type.descriptor.sql.BasicExtractor   : extracted value ([last_updator_id6_0_] : [BIGINT]) - [6]
2019-06-13 17:57:27.668 TRACE 81444 --- [    Test worker] o.h.type.descriptor.sql.BasicExtractor   : extracted value ([my_parent_id7_0_] : [BIGINT]) - [855]
2019-06-13 17:57:27.669 TRACE 81444 --- [    Test worker] o.h.type.descriptor.sql.BasicExtractor   : extracted value ([name8_0_] : [VARCHAR]) - [해양학과]
2019-06-13 17:57:27.669 TRACE 81444 --- [    Test worker] o.h.type.descriptor.sql.BasicExtractor   : extracted value ([id1_0_] : [BIGINT]) - [45]
2019-06-13 17:57:27.669 TRACE 81444 --- [    Test worker] o.h.type.descriptor.sql.BasicExtractor   : extracted value ([code2_0_] : [VARCHAR]) - [X1222]
2019-06-13 17:57:27.670 TRACE 81444 --- [    Test worker] o.h.type.descriptor.sql.BasicExtractor   : extracted value ([date_created3_0_] : [TIMESTAMP]) - [2019-05-23 15:50:17.0]
2019-06-13 17:57:27.670 TRACE 81444 --- [    Test worker] o.h.type.descriptor.sql.BasicExtractor   : extracted value ([is_active4_0_] : [BIT]) - [true]
2019-06-13 17:57:27.670 TRACE 81444 --- [    Test worker] o.h.type.descriptor.sql.BasicExtractor   : extracted value ([last_updated5_0_] : [TIMESTAMP]) - [2019-05-24 14:46:18.0]
2019-06-13 17:57:27.670 TRACE 81444 --- [    Test worker] o.h.type.descriptor.sql.BasicExtractor   : extracted value ([last_updator_id6_0_] : [BIGINT]) - [6]
2019-06-13 17:57:27.670 TRACE 81444 --- [    Test worker] o.h.type.descriptor.sql.BasicExtractor   : extracted value ([my_parent_id7_0_] : [BIGINT]) - [855]
2019-06-13 17:57:27.671 TRACE 81444 --- [    Test worker] o.h.type.descriptor.sql.BasicExtractor   : extracted value ([name8_0_] : [VARCHAR]) - [해양정보과학과]
2019-06-13 17:57:27.671 TRACE 81444 --- [    Test worker] o.h.type.descriptor.sql.BasicExtractor   : extracted value ([id1_0_] : [BIGINT]) - [46]
2019-06-13 17:57:27.671 TRACE 81444 --- [    Test worker] o.h.type.descriptor.sql.BasicExtractor   : extracted value ([code2_0_] : [VARCHAR]) - [X1231]
2019-06-13 17:57:27.672 TRACE 81444 --- [    Test worker] o.h.type.descriptor.sql.BasicExtractor   : extracted value ([date_created3_0_] : [TIMESTAMP]) - [2019-05-23 15:50:17.0]
2019-06-13 17:57:27.672 TRACE 81444 --- [    Test worker] o.h.type.descriptor.sql.BasicExtractor   : extracted value ([is_active4_0_] : [BIT]) - [true]
2019-06-13 17:57:27.672 TRACE 81444 --- [    Test worker] o.h.type.descriptor.sql.BasicExtractor   : extracted value ([last_updated5_0_] : [TIMESTAMP]) - [2019-05-24 14:07:35.0]
2019-06-13 17:57:27.672 TRACE 81444 --- [    Test worker] o.h.type.descriptor.sql.BasicExtractor   : extracted value ([last_updator_id6_0_] : [BIGINT]) - [6]
2019-06-13 17:57:27.672 TRACE 81444 --- [    Test worker] o.h.type.descriptor.sql.BasicExtractor   : extracted value ([my_parent_id7_0_] : [BIGINT]) - [853]
2019-06-13 17:57:27.673 TRACE 81444 --- [    Test worker] o.h.type.descriptor.sql.BasicExtractor   : extracted value ([name8_0_] : [VARCHAR]) - [식품영양학과]
2019-06-13 17:57:27.673 TRACE 81444 --- [    Test worker] o.h.type.descriptor.sql.BasicExtractor   : extracted value ([id1_0_] : [BIGINT]) - [47]
2019-06-13 17:57:27.673 TRACE 81444 --- [    Test worker] o.h.type.descriptor.sql.BasicExtractor   : extracted value ([code2_0_] : [VARCHAR]) - [X1241]
2019-06-13 17:57:27.674 TRACE 81444 --- [    Test worker] o.h.type.descriptor.sql.BasicExtractor   : extracted value ([date_created3_0_] : [TIMESTAMP]) - [2019-05-23 15:50:17.0]
2019-06-13 17:57:27.674 TRACE 81444 --- [    Test worker] o.h.type.descriptor.sql.BasicExtractor   : extracted value ([is_active4_0_] : [BIT]) - [true]
2019-06-13 17:57:27.674 TRACE 81444 --- [    Test worker] o.h.type.descriptor.sql.BasicExtractor   : extracted value ([last_updated5_0_] : [TIMESTAMP]) - [2019-05-24 14:07:35.0]
2019-06-13 17:57:27.674 TRACE 81444 --- [    Test worker] o.h.type.descriptor.sql.BasicExtractor   : extracted value ([last_updator_id6_0_] : [BIGINT]) - [6]
2019-06-13 17:57:27.674 TRACE 81444 --- [    Test worker] o.h.type.descriptor.sql.BasicExtractor   : extracted value ([my_parent_id7_0_] : [BIGINT]) - [854]
2019-06-13 17:57:27.674 TRACE 81444 --- [    Test worker] o.h.type.descriptor.sql.BasicExtractor   : extracted value ([name8_0_] : [VARCHAR]) - [전자공학과]
2019-06-13 17:57:27.675 TRACE 81444 --- [    Test worker] o.h.type.descriptor.sql.BasicExtractor   : extracted value ([id1_0_] : [BIGINT]) - [48]
2019-06-13 17:57:27.675 TRACE 81444 --- [    Test worker] o.h.type.descriptor.sql.BasicExtractor   : extracted value ([code2_0_] : [VARCHAR]) - [X1251]
2019-06-13 17:57:27.675 TRACE 81444 --- [    Test worker] o.h.type.descriptor.sql.BasicExtractor   : extracted value ([date_created3_0_] : [TIMESTAMP]) - [2019-05-23 15:50:18.0]
2019-06-13 17:57:27.675 TRACE 81444 --- [    Test worker] o.h.type.descriptor.sql.BasicExtractor   : extracted value ([is_active4_0_] : [BIT]) - [true]
2019-06-13 17:57:27.675 TRACE 81444 --- [    Test worker] o.h.type.descriptor.sql.BasicExtractor   : extracted value ([last_updated5_0_] : [TIMESTAMP]) - [2019-05-24 14:07:36.0]
2019-06-13 17:57:27.676 TRACE 81444 --- [    Test worker] o.h.type.descriptor.sql.BasicExtractor   : extracted value ([last_updator_id6_0_] : [BIGINT]) - [6]
2019-06-13 17:57:27.676 TRACE 81444 --- [    Test worker] o.h.type.descriptor.sql.BasicExtractor   : extracted value ([my_parent_id7_0_] : [BIGINT]) - [854]
2019-06-13 17:57:27.676 TRACE 81444 --- [    Test worker] o.h.type.descriptor.sql.BasicExtractor   : extracted value ([name8_0_] : [VARCHAR]) - [정보통신공학과]
2019-06-13 17:57:27.676 TRACE 81444 --- [    Test worker] o.h.type.descriptor.sql.BasicExtractor   : extracted value ([id1_0_] : [BIGINT]) - [49]
2019-06-13 17:57:27.676 TRACE 81444 --- [    Test worker] o.h.type.descriptor.sql.BasicExtractor   : extracted value ([code2_0_] : [VARCHAR]) - [X1261]
2019-06-13 17:57:27.676 TRACE 81444 --- [    Test worker] o.h.type.descriptor.sql.BasicExtractor   : extracted value ([date_created3_0_] : [TIMESTAMP]) - [2019-05-23 15:50:18.0]
2019-06-13 17:57:27.677 TRACE 81444 --- [    Test worker] o.h.type.descriptor.sql.BasicExtractor   : extracted value ([is_active4_0_] : [BIT]) - [true]
2019-06-13 17:57:27.677 TRACE 81444 --- [    Test worker] o.h.type.descriptor.sql.BasicExtractor   : extracted value ([last_updated5_0_] : [TIMESTAMP]) - [2019-05-24 14:46:19.0]
2019-06-13 17:57:27.677 TRACE 81444 --- [    Test worker] o.h.type.descriptor.sql.BasicExtractor   : extracted value ([last_updator_id6_0_] : [BIGINT]) - [6]
2019-06-13 17:57:27.677 TRACE 81444 --- [    Test worker] o.h.type.descriptor.sql.BasicExtractor   : extracted value ([my_parent_id7_0_] : [BIGINT]) - [854]
2019-06-13 17:57:27.677 TRACE 81444 --- [    Test worker] o.h.type.descriptor.sql.BasicExtractor   : extracted value ([name8_0_] : [VARCHAR]) - [회로및시스템공학과]
2019-06-13 17:57:27.677 TRACE 81444 --- [    Test worker] o.h.type.descriptor.sql.BasicExtractor   : extracted value ([id1_0_] : [BIGINT]) - [50]
2019-06-13 17:57:27.678 TRACE 81444 --- [    Test worker] o.h.type.descriptor.sql.BasicExtractor   : extracted value ([code2_0_] : [VARCHAR]) - [X1262]
2019-06-13 17:57:27.678 TRACE 81444 --- [    Test worker] o.h.type.descriptor.sql.BasicExtractor   : extracted value ([date_created3_0_] : [TIMESTAMP]) - [2019-05-23 15:50:18.0]
2019-06-13 17:57:27.678 TRACE 81444 --- [    Test worker] o.h.type.descriptor.sql.BasicExtractor   : extracted value ([is_active4_0_] : [BIT]) - [true]
2019-06-13 17:57:27.678 TRACE 81444 --- [    Test worker] o.h.type.descriptor.sql.BasicExtractor   : extracted value ([last_updated5_0_] : [TIMESTAMP]) - [2019-05-24 14:46:19.0]
2019-06-13 17:57:27.678 TRACE 81444 --- [    Test worker] o.h.type.descriptor.sql.BasicExtractor   : extracted value ([last_updator_id6_0_] : [BIGINT]) - [6]
2019-06-13 17:57:27.678 TRACE 81444 --- [    Test worker] o.h.type.descriptor.sql.BasicExtractor   : extracted value ([my_parent_id7_0_] : [BIGINT]) - [854]
2019-06-13 17:57:27.678 TRACE 81444 --- [    Test worker] o.h.type.descriptor.sql.BasicExtractor   : extracted value ([name8_0_] : [VARCHAR]) - [제어계측공학과]
2019-06-13 17:57:27.698 TRACE 81444 --- [    Test worker] o.h.type.descriptor.sql.BasicExtractor   : extracted value ([id1_0_] : [BIGINT]) - [51]
2019-06-13 17:57:27.699 TRACE 81444 --- [    Test worker] o.h.type.descriptor.sql.BasicExtractor   : extracted value ([code2_0_] : [VARCHAR]) - [X1263]
2019-06-13 17:57:27.699 TRACE 81444 --- [    Test worker] o.h.type.descriptor.sql.BasicExtractor   : extracted value ([date_created3_0_] : [TIMESTAMP]) - [2019-05-23 15:50:19.0]
2019-06-13 17:57:27.699 TRACE 81444 --- [    Test worker] o.h.type.descriptor.sql.BasicExtractor   : extracted value ([is_active4_0_] : [BIT]) - [true]
2019-06-13 17:57:27.699 TRACE 81444 --- [    Test worker] o.h.type.descriptor.sql.BasicExtractor   : extracted value ([last_updated5_0_] : [TIMESTAMP]) - [2019-05-24 14:07:36.0]
2019-06-13 17:57:27.699 TRACE 81444 --- [    Test worker] o.h.type.descriptor.sql.BasicExtractor   : extracted value ([last_updator_id6_0_] : [BIGINT]) - [6]
2019-06-13 17:57:27.700 TRACE 81444 --- [    Test worker] o.h.type.descriptor.sql.BasicExtractor   : extracted value ([my_parent_id7_0_] : [BIGINT]) - [854]
2019-06-13 17:57:27.700 TRACE 81444 --- [    Test worker] o.h.type.descriptor.sql.BasicExtractor   : extracted value ([name8_0_] : [VARCHAR]) - [제어로봇시스템공학과]
2019-06-13 17:57:27.700 TRACE 81444 --- [    Test worker] o.h.type.descriptor.sql.BasicExtractor   : extracted value ([id1_0_] : [BIGINT]) - [52]
2019-06-13 17:57:27.700 TRACE 81444 --- [    Test worker] o.h.type.descriptor.sql.BasicExtractor   : extracted value ([code2_0_] : [VARCHAR]) - [X1264]
2019-06-13 17:57:27.700 TRACE 81444 --- [    Test worker] o.h.type.descriptor.sql.BasicExtractor   : extracted value ([date_created3_0_] : [TIMESTAMP]) - [2019-05-23 15:50:19.0]
2019-06-13 17:57:27.700 TRACE 81444 --- [    Test worker] o.h.type.descriptor.sql.BasicExtractor   : extracted value ([is_active4_0_] : [BIT]) - [true]
2019-06-13 17:57:27.700 TRACE 81444 --- [    Test worker] o.h.type.descriptor.sql.BasicExtractor   : extracted value ([last_updated5_0_] : [TIMESTAMP]) - [2019-05-24 14:07:36.0]
2019-06-13 17:57:27.700 TRACE 81444 --- [    Test worker] o.h.type.descriptor.sql.BasicExtractor   : extracted value ([last_updator_id6_0_] : [BIGINT]) - [6]
2019-06-13 17:57:27.700 TRACE 81444 --- [    Test worker] o.h.type.descriptor.sql.BasicExtractor   : extracted value ([my_parent_id7_0_] : [BIGINT]) - [854]
2019-06-13 17:57:27.700 TRACE 81444 --- [    Test worker] o.h.type.descriptor.sql.BasicExtractor   : extracted value ([name8_0_] : [VARCHAR]) - [제어로봇공학과]
2019-06-13 17:57:27.700 TRACE 81444 --- [    Test worker] o.h.type.descriptor.sql.BasicExtractor   : extracted value ([id1_0_] : [BIGINT]) - [53]
2019-06-13 17:57:27.700 TRACE 81444 --- [    Test worker] o.h.type.descriptor.sql.BasicExtractor   : extracted value ([code2_0_] : [VARCHAR]) - [X1265]
2019-06-13 17:57:27.700 TRACE 81444 --- [    Test worker] o.h.type.descriptor.sql.BasicExtractor   : extracted value ([date_created3_0_] : [TIMESTAMP]) - [2019-05-23 15:50:28.0]
2019-06-13 17:57:27.700 TRACE 81444 --- [    Test worker] o.h.type.descriptor.sql.BasicExtractor   : extracted value ([is_active4_0_] : [BIT]) - [true]
2019-06-13 17:57:27.700 TRACE 81444 --- [    Test worker] o.h.type.descriptor.sql.BasicExtractor   : extracted value ([last_updated5_0_] : [TIMESTAMP]) - [2019-05-24 14:07:37.0]
2019-06-13 17:57:27.701 TRACE 81444 --- [    Test worker] o.h.type.descriptor.sql.BasicExtractor   : extracted value ([last_updator_id6_0_] : [BIGINT]) - [6]
2019-06-13 17:57:27.701 TRACE 81444 --- [    Test worker] o.h.type.descriptor.sql.BasicExtractor   : extracted value ([my_parent_id7_0_] : [BIGINT]) - [854]
2019-06-13 17:57:27.701 TRACE 81444 --- [    Test worker] o.h.type.descriptor.sql.BasicExtractor   : extracted value ([name8_0_] : [VARCHAR]) - [풍력연계전공]
2019-06-13 17:57:27.701 TRACE 81444 --- [    Test worker] o.h.type.descriptor.sql.BasicExtractor   : extracted value ([id1_0_] : [BIGINT]) - [54]
2019-06-13 17:57:27.701 TRACE 81444 --- [    Test worker] o.h.type.descriptor.sql.BasicExtractor   : extracted value ([code2_0_] : [VARCHAR]) - [X1271]
2019-06-13 17:57:27.701 TRACE 81444 --- [    Test worker] o.h.type.descriptor.sql.BasicExtractor   : extracted value ([date_created3_0_] : [TIMESTAMP]) - [2019-05-23 15:50:29.0]
2019-06-13 17:57:27.701 TRACE 81444 --- [    Test worker] o.h.type.descriptor.sql.BasicExtractor   : extracted value ([is_active4_0_] : [BIT]) - [true]
2019-06-13 17:57:27.701 TRACE 81444 --- [    Test worker] o.h.type.descriptor.sql.BasicExtractor   : extracted value ([last_updated5_0_] : [TIMESTAMP]) - [2019-05-24 14:46:20.0]
2019-06-13 17:57:27.701 TRACE 81444 --- [    Test worker] o.h.type.descriptor.sql.BasicExtractor   : extracted value ([last_updator_id6_0_] : [BIGINT]) - [6]
2019-06-13 17:57:27.701 TRACE 81444 --- [    Test worker] o.h.type.descriptor.sql.BasicExtractor   : extracted value ([my_parent_id7_0_] : [BIGINT]) - [853]
2019-06-13 17:57:27.701 TRACE 81444 --- [    Test worker] o.h.type.descriptor.sql.BasicExtractor   : extracted value ([name8_0_] : [VARCHAR]) - [기계설계학과]
2019-06-13 17:57:27.701 TRACE 81444 --- [    Test worker] o.h.type.descriptor.sql.BasicExtractor   : extracted value ([id1_0_] : [BIGINT]) - [55]
2019-06-13 17:57:27.701 TRACE 81444 --- [    Test worker] o.h.type.descriptor.sql.BasicExtractor   : extracted value ([code2_0_] : [VARCHAR]) - [X1281]
2019-06-13 17:57:27.701 TRACE 81444 --- [    Test worker] o.h.type.descriptor.sql.BasicExtractor   : extracted value ([date_created3_0_] : [TIMESTAMP]) - [2019-05-23 15:50:29.0]
2019-06-13 17:57:27.701 TRACE 81444 --- [    Test worker] o.h.type.descriptor.sql.BasicExtractor   : extracted value ([is_active4_0_] : [BIT]) - [true]
2019-06-13 17:57:27.701 TRACE 81444 --- [    Test worker] o.h.type.descriptor.sql.BasicExtractor   : extracted value ([last_updated5_0_] : [TIMESTAMP]) - [2019-05-24 14:46:21.0]
2019-06-13 17:57:27.701 TRACE 81444 --- [    Test worker] o.h.type.descriptor.sql.BasicExtractor   : extracted value ([last_updator_id6_0_] : [BIGINT]) - [6]
2019-06-13 17:57:27.701 TRACE 81444 --- [    Test worker] o.h.type.descriptor.sql.BasicExtractor   : extracted value ([my_parent_id7_0_] : [BIGINT]) - [855]
2019-06-13 17:57:27.701 TRACE 81444 --- [    Test worker] o.h.type.descriptor.sql.BasicExtractor   : extracted value ([name8_0_] : [VARCHAR]) - [생산기계공학과]
2019-06-13 17:57:27.702 TRACE 81444 --- [    Test worker] o.h.type.descriptor.sql.BasicExtractor   : extracted value ([id1_0_] : [BIGINT]) - [56]
2019-06-13 17:57:27.702 TRACE 81444 --- [    Test worker] o.h.type.descriptor.sql.BasicExtractor   : extracted value ([code2_0_] : [VARCHAR]) - [X1291]
2019-06-13 17:57:27.702 TRACE 81444 --- [    Test worker] o.h.type.descriptor.sql.BasicExtractor   : extracted value ([date_created3_0_] : [TIMESTAMP]) - [2019-05-23 15:50:29.0]
2019-06-13 17:57:27.702 TRACE 81444 --- [    Test worker] o.h.type.descriptor.sql.BasicExtractor   : extracted value ([is_active4_0_] : [BIT]) - [true]
2019-06-13 17:57:27.702 TRACE 81444 --- [    Test worker] o.h.type.descriptor.sql.BasicExtractor   : extracted value ([last_updated5_0_] : [TIMESTAMP]) - [2019-05-24 14:46:21.0]
2019-06-13 17:57:27.702 TRACE 81444 --- [    Test worker] o.h.type.descriptor.sql.BasicExtractor   : extracted value ([last_updator_id6_0_] : [BIGINT]) - [6]
2019-06-13 17:57:27.702 TRACE 81444 --- [    Test worker] o.h.type.descriptor.sql.BasicExtractor   : extracted value ([my_parent_id7_0_] : [BIGINT]) - [854]
2019-06-13 17:57:27.702 TRACE 81444 --- [    Test worker] o.h.type.descriptor.sql.BasicExtractor   : extracted value ([name8_0_] : [VARCHAR]) - [재료공학과]
2019-06-13 17:57:27.702 TRACE 81444 --- [    Test worker] o.h.type.descriptor.sql.BasicExtractor   : extracted value ([id1_0_] : [BIGINT]) - [57]
2019-06-13 17:57:27.702 TRACE 81444 --- [    Test worker] o.h.type.descriptor.sql.BasicExtractor   : extracted value ([code2_0_] : [VARCHAR]) - [X1292]
2019-06-13 17:57:27.702 TRACE 81444 --- [    Test worker] o.h.type.descriptor.sql.BasicExtractor   : extracted value ([date_created3_0_] : [TIMESTAMP]) - [2019-05-23 15:50:30.0]
2019-06-13 17:57:27.702 TRACE 81444 --- [    Test worker] o.h.type.descriptor.sql.BasicExtractor   : extracted value ([is_active4_0_] : [BIT]) - [true]
2019-06-13 17:57:27.702 TRACE 81444 --- [    Test worker] o.h.type.descriptor.sql.BasicExtractor   : extracted value ([last_updated5_0_] : [TIMESTAMP]) - [2019-05-24 14:07:37.0]
2019-06-13 17:57:27.702 TRACE 81444 --- [    Test worker] o.h.type.descriptor.sql.BasicExtractor   : extracted value ([last_updator_id6_0_] : [BIGINT]) - [6]
2019-06-13 17:57:27.702 TRACE 81444 --- [    Test worker] o.h.type.descriptor.sql.BasicExtractor   : extracted value ([my_parent_id7_0_] : [BIGINT]) - [854]
2019-06-13 17:57:27.702 TRACE 81444 --- [    Test worker] o.h.type.descriptor.sql.BasicExtractor   : extracted value ([name8_0_] : [VARCHAR]) - [신소재공학과]
2019-06-13 17:57:27.702 TRACE 81444 --- [    Test worker] o.h.type.descriptor.sql.BasicExtractor   : extracted value ([id1_0_] : [BIGINT]) - [58]
2019-06-13 17:57:27.702 TRACE 81444 --- [    Test worker] o.h.type.descriptor.sql.BasicExtractor   : extracted value ([code2_0_] : [VARCHAR]) - [X1301]
2019-06-13 17:57:27.702 TRACE 81444 --- [    Test worker] o.h.type.descriptor.sql.BasicExtractor   : extracted value ([date_created3_0_] : [TIMESTAMP]) - [2019-05-23 15:50:30.0]
2019-06-13 17:57:27.702 TRACE 81444 --- [    Test worker] o.h.type.descriptor.sql.BasicExtractor   : extracted value ([is_active4_0_] : [BIT]) - [true]
2019-06-13 17:57:27.703 TRACE 81444 --- [    Test worker] o.h.type.descriptor.sql.BasicExtractor   : extracted value ([last_updated5_0_] : [TIMESTAMP]) - [2019-05-24 14:07:37.0]
2019-06-13 17:57:27.703 TRACE 81444 --- [    Test worker] o.h.type.descriptor.sql.BasicExtractor   : extracted value ([last_updator_id6_0_] : [BIGINT]) - [6]
2019-06-13 17:57:27.703 TRACE 81444 --- [    Test worker] o.h.type.descriptor.sql.BasicExtractor   : extracted value ([my_parent_id7_0_] : [BIGINT]) - [850]
2019-06-13 17:57:27.703 TRACE 81444 --- [    Test worker] o.h.type.descriptor.sql.BasicExtractor   : extracted value ([name8_0_] : [VARCHAR]) - [일어일문학과]
2019-06-13 17:57:27.704 TRACE 81444 --- [    Test worker] o.h.type.descriptor.sql.BasicExtractor   : extracted value ([id1_0_] : [BIGINT]) - [59]
2019-06-13 17:57:27.704 TRACE 81444 --- [    Test worker] o.h.type.descriptor.sql.BasicExtractor   : extracted value ([code2_0_] : [VARCHAR]) - [X1311]
2019-06-13 17:57:27.704 TRACE 81444 --- [    Test worker] o.h.type.descriptor.sql.BasicExtractor   : extracted value ([date_created3_0_] : [TIMESTAMP]) - [2019-05-23 15:50:30.0]
2019-06-13 17:57:27.704 TRACE 81444 --- [    Test worker] o.h.type.descriptor.sql.BasicExtractor   : extracted value ([is_active4_0_] : [BIT]) - [true]
2019-06-13 17:57:27.704 TRACE 81444 --- [    Test worker] o.h.type.descriptor.sql.BasicExtractor   : extracted value ([last_updated5_0_] : [TIMESTAMP]) - [2019-05-24 14:46:22.0]
2019-06-13 17:57:27.705 TRACE 81444 --- [    Test worker] o.h.type.descriptor.sql.BasicExtractor   : extracted value ([last_updator_id6_0_] : [BIGINT]) - [6]
2019-06-13 17:57:27.705 TRACE 81444 --- [    Test worker] o.h.type.descriptor.sql.BasicExtractor   : extracted value ([my_parent_id7_0_] : [BIGINT]) - [854]
2019-06-13 17:57:27.705 TRACE 81444 --- [    Test worker] o.h.type.descriptor.sql.BasicExtractor   : extracted value ([name8_0_] : [VARCHAR]) - [해양환경공학과]
2019-06-13 17:57:27.705 TRACE 81444 --- [    Test worker] o.h.type.descriptor.sql.BasicExtractor   : extracted value ([id1_0_] : [BIGINT]) - [60]
2019-06-13 17:57:27.705 TRACE 81444 --- [    Test worker] o.h.type.descriptor.sql.BasicExtractor   : extracted value ([code2_0_] : [VARCHAR]) - [X1312]
2019-06-13 17:57:27.706 TRACE 81444 --- [    Test worker] o.h.type.descriptor.sql.BasicExtractor   : extracted value ([date_created3_0_] : [TIMESTAMP]) - [2019-05-23 15:50:31.0]
2019-06-13 17:57:27.706 TRACE 81444 --- [    Test worker] o.h.type.descriptor.sql.BasicExtractor   : extracted value ([is_active4_0_] : [BIT]) - [true]
2019-06-13 17:57:27.706 TRACE 81444 --- [    Test worker] o.h.type.descriptor.sql.BasicExtractor   : extracted value ([last_updated5_0_] : [TIMESTAMP]) - [2019-05-24 14:07:38.0]
2019-06-13 17:57:27.706 TRACE 81444 --- [    Test worker] o.h.type.descriptor.sql.BasicExtractor   : extracted value ([last_updator_id6_0_] : [BIGINT]) - [6]
2019-06-13 17:57:27.706 TRACE 81444 --- [    Test worker] o.h.type.descriptor.sql.BasicExtractor   : extracted value ([my_parent_id7_0_] : [BIGINT]) - [854]
2019-06-13 17:57:27.706 TRACE 81444 --- [    Test worker] o.h.type.descriptor.sql.BasicExtractor   : extracted value ([name8_0_] : [VARCHAR]) - [환경공학과]
2019-06-13 17:57:27.724 TRACE 81444 --- [    Test worker] o.h.type.descriptor.sql.BasicExtractor   : extracted value ([id1_0_] : [BIGINT]) - [61]
2019-06-13 17:57:27.724 TRACE 81444 --- [    Test worker] o.h.type.descriptor.sql.BasicExtractor   : extracted value ([code2_0_] : [VARCHAR]) - [X1321]
2019-06-13 17:57:27.724 TRACE 81444 --- [    Test worker] o.h.type.descriptor.sql.BasicExtractor   : extracted value ([date_created3_0_] : [TIMESTAMP]) - [2019-05-23 15:50:31.0]
2019-06-13 17:57:27.724 TRACE 81444 --- [    Test worker] o.h.type.descriptor.sql.BasicExtractor   : extracted value ([is_active4_0_] : [BIT]) - [true]
2019-06-13 17:57:27.724 TRACE 81444 --- [    Test worker] o.h.type.descriptor.sql.BasicExtractor   : extracted value ([last_updated5_0_] : [TIMESTAMP]) - [2019-05-24 14:07:38.0]
2019-06-13 17:57:27.724 TRACE 81444 --- [    Test worker] o.h.type.descriptor.sql.BasicExtractor   : extracted value ([last_updator_id6_0_] : [BIGINT]) - [6]
2019-06-13 17:57:27.724 TRACE 81444 --- [    Test worker] o.h.type.descriptor.sql.BasicExtractor   : extracted value ([my_parent_id7_0_] : [BIGINT]) - [854]
2019-06-13 17:57:27.724 TRACE 81444 --- [    Test worker] o.h.type.descriptor.sql.BasicExtractor   : extracted value ([name8_0_] : [VARCHAR]) - [전기공학과]
2019-06-13 17:57:27.724 TRACE 81444 --- [    Test worker] o.h.type.descriptor.sql.BasicExtractor   : extracted value ([id1_0_] : [BIGINT]) - [62]
2019-06-13 17:57:27.725 TRACE 81444 --- [    Test worker] o.h.type.descriptor.sql.BasicExtractor   : extracted value ([code2_0_] : [VARCHAR]) - [X1331]
2019-06-13 17:57:27.725 TRACE 81444 --- [    Test worker] o.h.type.descriptor.sql.BasicExtractor   : extracted value ([date_created3_0_] : [TIMESTAMP]) - [2019-05-23 15:50:32.0]
2019-06-13 17:57:27.725 TRACE 81444 --- [    Test worker] o.h.type.descriptor.sql.BasicExtractor   : extracted value ([is_active4_0_] : [BIT]) - [true]
2019-06-13 17:57:27.725 TRACE 81444 --- [    Test worker] o.h.type.descriptor.sql.BasicExtractor   : extracted value ([last_updated5_0_] : [TIMESTAMP]) - [2019-05-24 14:46:23.0]
2019-06-13 17:57:27.725 TRACE 81444 --- [    Test worker] o.h.type.descriptor.sql.BasicExtractor   : extracted value ([last_updator_id6_0_] : [BIGINT]) - [6]
2019-06-13 17:57:27.725 TRACE 81444 --- [    Test worker] o.h.type.descriptor.sql.BasicExtractor   : extracted value ([my_parent_id7_0_] : [BIGINT]) - [854]
2019-06-13 17:57:27.725 TRACE 81444 --- [    Test worker] o.h.type.descriptor.sql.BasicExtractor   : extracted value ([name8_0_] : [VARCHAR]) - [화학공학과]
2019-06-13 17:57:27.725 TRACE 81444 --- [    Test worker] o.h.type.descriptor.sql.BasicExtractor   : extracted value ([id1_0_] : [BIGINT]) - [63]
2019-06-13 17:57:27.725 TRACE 81444 --- [    Test worker] o.h.type.descriptor.sql.BasicExtractor   : extracted value ([code2_0_] : [VARCHAR]) - [X1332]
2019-06-13 17:57:27.725 TRACE 81444 --- [    Test worker] o.h.type.descriptor.sql.BasicExtractor   : extracted value ([date_created3_0_] : [TIMESTAMP]) - [2019-05-23 15:50:32.0]
2019-06-13 17:57:27.725 TRACE 81444 --- [    Test worker] o.h.type.descriptor.sql.BasicExtractor   : extracted value ([is_active4_0_] : [BIT]) - [true]
2019-06-13 17:57:27.726 TRACE 81444 --- [    Test worker] o.h.type.descriptor.sql.BasicExtractor   : extracted value ([last_updated5_0_] : [TIMESTAMP]) - [2019-05-24 14:07:38.0]
2019-06-13 17:57:27.726 TRACE 81444 --- [    Test worker] o.h.type.descriptor.sql.BasicExtractor   : extracted value ([last_updator_id6_0_] : [BIGINT]) - [6]
2019-06-13 17:57:27.726 TRACE 81444 --- [    Test worker] o.h.type.descriptor.sql.BasicExtractor   : extracted value ([my_parent_id7_0_] : [BIGINT]) - [854]
2019-06-13 17:57:27.726 TRACE 81444 --- [    Test worker] o.h.type.descriptor.sql.BasicExtractor   : extracted value ([name8_0_] : [VARCHAR]) - [나노화학공학과]
2019-06-13 17:57:27.726 TRACE 81444 --- [    Test worker] o.h.type.descriptor.sql.BasicExtractor   : extracted value ([id1_0_] : [BIGINT]) - [64]
2019-06-13 17:57:27.726 TRACE 81444 --- [    Test worker] o.h.type.descriptor.sql.BasicExtractor   : extracted value ([code2_0_] : [VARCHAR]) - [X1341]
2019-06-13 17:57:27.726 TRACE 81444 --- [    Test worker] o.h.type.descriptor.sql.BasicExtractor   : extracted value ([date_created3_0_] : [TIMESTAMP]) - [2019-05-23 15:50:32.0]
2019-06-13 17:57:27.726 TRACE 81444 --- [    Test worker] o.h.type.descriptor.sql.BasicExtractor   : extracted value ([is_active4_0_] : [BIT]) - [true]
2019-06-13 17:57:27.726 TRACE 81444 --- [    Test worker] o.h.type.descriptor.sql.BasicExtractor   : extracted value ([last_updated5_0_] : [TIMESTAMP]) - [2019-05-24 14:46:23.0]
2019-06-13 17:57:27.726 TRACE 81444 --- [    Test worker] o.h.type.descriptor.sql.BasicExtractor   : extracted value ([last_updator_id6_0_] : [BIGINT]) - [6]
2019-06-13 17:57:27.726 TRACE 81444 --- [    Test worker] o.h.type.descriptor.sql.BasicExtractor   : extracted value ([my_parent_id7_0_] : [BIGINT]) - [852]
2019-06-13 17:57:27.726 TRACE 81444 --- [    Test worker] o.h.type.descriptor.sql.BasicExtractor   : extracted value ([name8_0_] : [VARCHAR]) - [수산경영학과]
2019-06-13 17:57:27.726 TRACE 81444 --- [    Test worker] o.h.type.descriptor.sql.BasicExtractor   : extracted value ([id1_0_] : [BIGINT]) - [65]
2019-06-13 17:57:27.727 TRACE 81444 --- [    Test worker] o.h.type.descriptor.sql.BasicExtractor   : extracted value ([code2_0_] : [VARCHAR]) - [X1351]
2019-06-13 17:57:27.727 TRACE 81444 --- [    Test worker] o.h.type.descriptor.sql.BasicExtractor   : extracted value ([date_created3_0_] : [TIMESTAMP]) - [2019-05-23 15:50:33.0]
2019-06-13 17:57:27.727 TRACE 81444 --- [    Test worker] o.h.type.descriptor.sql.BasicExtractor   : extracted value ([is_active4_0_] : [BIT]) - [true]
2019-06-13 17:57:27.727 TRACE 81444 --- [    Test worker] o.h.type.descriptor.sql.BasicExtractor   : extracted value ([last_updated5_0_] : [TIMESTAMP]) - [2019-05-23 15:50:33.0]
2019-06-13 17:57:27.727 TRACE 81444 --- [    Test worker] o.h.type.descriptor.sql.BasicExtractor   : extracted value ([last_updator_id6_0_] : [BIGINT]) - [6]
2019-06-13 17:57:27.727 TRACE 81444 --- [    Test worker] o.h.type.descriptor.sql.BasicExtractor   : extracted value ([my_parent_id7_0_] : [BIGINT]) - [null]
2019-06-13 17:57:27.727 TRACE 81444 --- [    Test worker] o.h.type.descriptor.sql.BasicExtractor   : extracted value ([name8_0_] : [VARCHAR]) - [어업학과]
2019-06-13 17:57:27.727 TRACE 81444 --- [    Test worker] o.h.type.descriptor.sql.BasicExtractor   : extracted value ([id1_0_] : [BIGINT]) - [66]
2019-06-13 17:57:27.727 TRACE 81444 --- [    Test worker] o.h.type.descriptor.sql.BasicExtractor   : extracted value ([code2_0_] : [VARCHAR]) - [X1352]
2019-06-13 17:57:27.727 TRACE 81444 --- [    Test worker] o.h.type.descriptor.sql.BasicExtractor   : extracted value ([date_created3_0_] : [TIMESTAMP]) - [2019-05-23 15:50:33.0]
2019-06-13 17:57:27.727 TRACE 81444 --- [    Test worker] o.h.type.descriptor.sql.BasicExtractor   : extracted value ([is_active4_0_] : [BIT]) - [true]
2019-06-13 17:57:27.727 TRACE 81444 --- [    Test worker] o.h.type.descriptor.sql.BasicExtractor   : extracted value ([last_updated5_0_] : [TIMESTAMP]) - [2019-05-24 14:07:39.0]
2019-06-13 17:57:27.727 TRACE 81444 --- [    Test worker] o.h.type.descriptor.sql.BasicExtractor   : extracted value ([last_updator_id6_0_] : [BIGINT]) - [6]
2019-06-13 17:57:27.727 TRACE 81444 --- [    Test worker] o.h.type.descriptor.sql.BasicExtractor   : extracted value ([my_parent_id7_0_] : [BIGINT]) - [855]
2019-06-13 17:57:27.728 TRACE 81444 --- [    Test worker] o.h.type.descriptor.sql.BasicExtractor   : extracted value ([name8_0_] : [VARCHAR]) - [해양생산학과]
2019-06-13 17:57:27.728 TRACE 81444 --- [    Test worker] o.h.type.descriptor.sql.BasicExtractor   : extracted value ([id1_0_] : [BIGINT]) - [67]
2019-06-13 17:57:27.728 TRACE 81444 --- [    Test worker] o.h.type.descriptor.sql.BasicExtractor   : extracted value ([code2_0_] : [VARCHAR]) - [X1353]
2019-06-13 17:57:27.728 TRACE 81444 --- [    Test worker] o.h.type.descriptor.sql.BasicExtractor   : extracted value ([date_created3_0_] : [TIMESTAMP]) - [2019-05-23 15:50:33.0]
2019-06-13 17:57:27.728 TRACE 81444 --- [    Test worker] o.h.type.descriptor.sql.BasicExtractor   : extracted value ([is_active4_0_] : [BIT]) - [true]
2019-06-13 17:57:27.728 TRACE 81444 --- [    Test worker] o.h.type.descriptor.sql.BasicExtractor   : extracted value ([last_updated5_0_] : [TIMESTAMP]) - [2019-05-24 14:07:39.0]
2019-06-13 17:57:27.728 TRACE 81444 --- [    Test worker] o.h.type.descriptor.sql.BasicExtractor   : extracted value ([last_updator_id6_0_] : [BIGINT]) - [6]
2019-06-13 17:57:27.728 TRACE 81444 --- [    Test worker] o.h.type.descriptor.sql.BasicExtractor   : extracted value ([my_parent_id7_0_] : [BIGINT]) - [855]
2019-06-13 17:57:27.729 TRACE 81444 --- [    Test worker] o.h.type.descriptor.sql.BasicExtractor   : extracted value ([name8_0_] : [VARCHAR]) - [해양산업운송과학기술학부]
2019-06-13 17:57:27.729 TRACE 81444 --- [    Test worker] o.h.type.descriptor.sql.BasicExtractor   : extracted value ([id1_0_] : [BIGINT]) - [68]
2019-06-13 17:57:27.729 TRACE 81444 --- [    Test worker] o.h.type.descriptor.sql.BasicExtractor   : extracted value ([code2_0_] : [VARCHAR]) - [X1361]
2019-06-13 17:57:27.729 TRACE 81444 --- [    Test worker] o.h.type.descriptor.sql.BasicExtractor   : extracted value ([date_created3_0_] : [TIMESTAMP]) - [2019-05-23 15:50:34.0]
2019-06-13 17:57:27.729 TRACE 81444 --- [    Test worker] o.h.type.descriptor.sql.BasicExtractor   : extracted value ([is_active4_0_] : [BIT]) - [true]
2019-06-13 17:57:27.729 TRACE 81444 --- [    Test worker] o.h.type.descriptor.sql.BasicExtractor   : extracted value ([last_updated5_0_] : [TIMESTAMP]) - [2019-05-23 15:50:34.0]
2019-06-13 17:57:27.729 TRACE 81444 --- [    Test worker] o.h.type.descriptor.sql.BasicExtractor   : extracted value ([last_updator_id6_0_] : [BIGINT]) - [6]
2019-06-13 17:57:27.729 TRACE 81444 --- [    Test worker] o.h.type.descriptor.sql.BasicExtractor   : extracted value ([my_parent_id7_0_] : [BIGINT]) - [null]
2019-06-13 17:57:27.729 TRACE 81444 --- [    Test worker] o.h.type.descriptor.sql.BasicExtractor   : extracted value ([name8_0_] : [VARCHAR]) - [수산가공학과]
2019-06-13 17:57:27.729 TRACE 81444 --- [    Test worker] o.h.type.descriptor.sql.BasicExtractor   : extracted value ([id1_0_] : [BIGINT]) - [69]
2019-06-13 17:57:27.730 TRACE 81444 --- [    Test worker] o.h.type.descriptor.sql.BasicExtractor   : extracted value ([code2_0_] : [VARCHAR]) - [X1362]
2019-06-13 17:57:27.730 TRACE 81444 --- [    Test worker] o.h.type.descriptor.sql.BasicExtractor   : extracted value ([date_created3_0_] : [TIMESTAMP]) - [2019-05-23 15:50:34.0]
2019-06-13 17:57:27.730 TRACE 81444 --- [    Test worker] o.h.type.descriptor.sql.BasicExtractor   : extracted value ([is_active4_0_] : [BIT]) - [true]
2019-06-13 17:57:27.730 TRACE 81444 --- [    Test worker] o.h.type.descriptor.sql.BasicExtractor   : extracted value ([last_updated5_0_] : [TIMESTAMP]) - [2019-05-24 14:46:25.0]
2019-06-13 17:57:27.730 TRACE 81444 --- [    Test worker] o.h.type.descriptor.sql.BasicExtractor   : extracted value ([last_updator_id6_0_] : [BIGINT]) - [6]
2019-06-13 17:57:27.730 TRACE 81444 --- [    Test worker] o.h.type.descriptor.sql.BasicExtractor   : extracted value ([my_parent_id7_0_] : [BIGINT]) - [855]
2019-06-13 17:57:27.730 TRACE 81444 --- [    Test worker] o.h.type.descriptor.sql.BasicExtractor   : extracted value ([name8_0_] : [VARCHAR]) - [식품공학과]
2019-06-13 17:57:27.730 TRACE 81444 --- [    Test worker] o.h.type.descriptor.sql.BasicExtractor   : extracted value ([id1_0_] : [BIGINT]) - [70]
2019-06-13 17:57:27.730 TRACE 81444 --- [    Test worker] o.h.type.descriptor.sql.BasicExtractor   : extracted value ([code2_0_] : [VARCHAR]) - [X1363]
2019-06-13 17:57:27.730 TRACE 81444 --- [    Test worker] o.h.type.descriptor.sql.BasicExtractor   : extracted value ([date_created3_0_] : [TIMESTAMP]) - [2019-05-23 15:50:35.0]
2019-06-13 17:57:27.730 TRACE 81444 --- [    Test worker] o.h.type.descriptor.sql.BasicExtractor   : extracted value ([is_active4_0_] : [BIT]) - [true]
2019-06-13 17:57:27.730 TRACE 81444 --- [    Test worker] o.h.type.descriptor.sql.BasicExtractor   : extracted value ([last_updated5_0_] : [TIMESTAMP]) - [2019-05-24 14:07:39.0]
2019-06-13 17:57:27.730 TRACE 81444 --- [    Test worker] o.h.type.descriptor.sql.BasicExtractor   : extracted value ([last_updator_id6_0_] : [BIGINT]) - [6]
2019-06-13 17:57:27.730 TRACE 81444 --- [    Test worker] o.h.type.descriptor.sql.BasicExtractor   : extracted value ([my_parent_id7_0_] : [BIGINT]) - [855]
2019-06-13 17:57:27.730 TRACE 81444 --- [    Test worker] o.h.type.descriptor.sql.BasicExtractor   : extracted value ([name8_0_] : [VARCHAR]) - [식품생명공학과]
2019-06-13 17:57:27.748 TRACE 81444 --- [    Test worker] o.h.type.descriptor.sql.BasicExtractor   : extracted value ([id1_0_] : [BIGINT]) - [71]
2019-06-13 17:57:27.749 TRACE 81444 --- [    Test worker] o.h.type.descriptor.sql.BasicExtractor   : extracted value ([code2_0_] : [VARCHAR]) - [X1371]
2019-06-13 17:57:27.749 TRACE 81444 --- [    Test worker] o.h.type.descriptor.sql.BasicExtractor   : extracted value ([date_created3_0_] : [TIMESTAMP]) - [2019-05-23 15:50:35.0]
2019-06-13 17:57:27.750 TRACE 81444 --- [    Test worker] o.h.type.descriptor.sql.BasicExtractor   : extracted value ([is_active4_0_] : [BIT]) - [true]
2019-06-13 17:57:27.750 TRACE 81444 --- [    Test worker] o.h.type.descriptor.sql.BasicExtractor   : extracted value ([last_updated5_0_] : [TIMESTAMP]) - [2019-05-23 15:50:35.0]
2019-06-13 17:57:27.750 TRACE 81444 --- [    Test worker] o.h.type.descriptor.sql.BasicExtractor   : extracted value ([last_updator_id6_0_] : [BIGINT]) - [6]
2019-06-13 17:57:27.751 TRACE 81444 --- [    Test worker] o.h.type.descriptor.sql.BasicExtractor   : extracted value ([my_parent_id7_0_] : [BIGINT]) - [null]
2019-06-13 17:57:27.751 TRACE 81444 --- [    Test worker] o.h.type.descriptor.sql.BasicExtractor   : extracted value ([name8_0_] : [VARCHAR]) - [양식학과]
2019-06-13 17:57:27.751 TRACE 81444 --- [    Test worker] o.h.type.descriptor.sql.BasicExtractor   : extracted value ([id1_0_] : [BIGINT]) - [72]
2019-06-13 17:57:27.751 TRACE 81444 --- [    Test worker] o.h.type.descriptor.sql.BasicExtractor   : extracted value ([code2_0_] : [VARCHAR]) - [X1372]
2019-06-13 17:57:27.751 TRACE 81444 --- [    Test worker] o.h.type.descriptor.sql.BasicExtractor   : extracted value ([date_created3_0_] : [TIMESTAMP]) - [2019-05-23 15:50:35.0]
2019-06-13 17:57:27.751 TRACE 81444 --- [    Test worker] o.h.type.descriptor.sql.BasicExtractor   : extracted value ([is_active4_0_] : [BIT]) - [true]
2019-06-13 17:57:27.752 TRACE 81444 --- [    Test worker] o.h.type.descriptor.sql.BasicExtractor   : extracted value ([last_updated5_0_] : [TIMESTAMP]) - [2019-05-24 14:07:40.0]
2019-06-13 17:57:27.752 TRACE 81444 --- [    Test worker] o.h.type.descriptor.sql.BasicExtractor   : extracted value ([last_updator_id6_0_] : [BIGINT]) - [6]
2019-06-13 17:57:27.752 TRACE 81444 --- [    Test worker] o.h.type.descriptor.sql.BasicExtractor   : extracted value ([my_parent_id7_0_] : [BIGINT]) - [855]
2019-06-13 17:57:27.752 TRACE 81444 --- [    Test worker] o.h.type.descriptor.sql.BasicExtractor   : extracted value ([name8_0_] : [VARCHAR]) - [해양생명양식학과]
2019-06-13 17:57:27.752 TRACE 81444 --- [    Test worker] o.h.type.descriptor.sql.BasicExtractor   : extracted value ([id1_0_] : [BIGINT]) - [73]
2019-06-13 17:57:27.752 TRACE 81444 --- [    Test worker] o.h.type.descriptor.sql.BasicExtractor   : extracted value ([code2_0_] : [VARCHAR]) - [X1381]
2019-06-13 17:57:27.752 TRACE 81444 --- [    Test worker] o.h.type.descriptor.sql.BasicExtractor   : extracted value ([date_created3_0_] : [TIMESTAMP]) - [2019-05-23 15:50:36.0]
2019-06-13 17:57:27.752 TRACE 81444 --- [    Test worker] o.h.type.descriptor.sql.BasicExtractor   : extracted value ([is_active4_0_] : [BIT]) - [true]
2019-06-13 17:57:27.752 TRACE 81444 --- [    Test worker] o.h.type.descriptor.sql.BasicExtractor   : extracted value ([last_updated5_0_] : [TIMESTAMP]) - [2019-05-23 15:50:36.0]
2019-06-13 17:57:27.752 TRACE 81444 --- [    Test worker] o.h.type.descriptor.sql.BasicExtractor   : extracted value ([last_updator_id6_0_] : [BIGINT]) - [6]
2019-06-13 17:57:27.752 TRACE 81444 --- [    Test worker] o.h.type.descriptor.sql.BasicExtractor   : extracted value ([my_parent_id7_0_] : [BIGINT]) - [null]
2019-06-13 17:57:27.752 TRACE 81444 --- [    Test worker] o.h.type.descriptor.sql.BasicExtractor   : extracted value ([name8_0_] : [VARCHAR]) - [기관학과]
2019-06-13 17:57:27.753 TRACE 81444 --- [    Test worker] o.h.type.descriptor.sql.BasicExtractor   : extracted value ([id1_0_] : [BIGINT]) - [74]
2019-06-13 17:57:27.753 TRACE 81444 --- [    Test worker] o.h.type.descriptor.sql.BasicExtractor   : extracted value ([code2_0_] : [VARCHAR]) - [X1382]
2019-06-13 17:57:27.753 TRACE 81444 --- [    Test worker] o.h.type.descriptor.sql.BasicExtractor   : extracted value ([date_created3_0_] : [TIMESTAMP]) - [2019-05-23 15:50:36.0]
2019-06-13 17:57:27.753 TRACE 81444 --- [    Test worker] o.h.type.descriptor.sql.BasicExtractor   : extracted value ([is_active4_0_] : [BIT]) - [true]
2019-06-13 17:57:27.753 TRACE 81444 --- [    Test worker] o.h.type.descriptor.sql.BasicExtractor   : extracted value ([last_updated5_0_] : [TIMESTAMP]) - [2019-05-24 14:46:26.0]
2019-06-13 17:57:27.753 TRACE 81444 --- [    Test worker] o.h.type.descriptor.sql.BasicExtractor   : extracted value ([last_updator_id6_0_] : [BIGINT]) - [6]
2019-06-13 17:57:27.753 TRACE 81444 --- [    Test worker] o.h.type.descriptor.sql.BasicExtractor   : extracted value ([my_parent_id7_0_] : [BIGINT]) - [855]
2019-06-13 17:57:27.753 TRACE 81444 --- [    Test worker] o.h.type.descriptor.sql.BasicExtractor   : extracted value ([name8_0_] : [VARCHAR]) - [기관공학과]
2019-06-13 17:57:27.754 TRACE 81444 --- [    Test worker] o.h.type.descriptor.sql.BasicExtractor   : extracted value ([id1_0_] : [BIGINT]) - [75]
2019-06-13 17:57:27.754 TRACE 81444 --- [    Test worker] o.h.type.descriptor.sql.BasicExtractor   : extracted value ([code2_0_] : [VARCHAR]) - [X1383]
2019-06-13 17:57:27.754 TRACE 81444 --- [    Test worker] o.h.type.descriptor.sql.BasicExtractor   : extracted value ([date_created3_0_] : [TIMESTAMP]) - [2019-05-23 15:50:36.0]
2019-06-13 17:57:27.754 TRACE 81444 --- [    Test worker] o.h.type.descriptor.sql.BasicExtractor   : extracted value ([is_active4_0_] : [BIT]) - [true]
2019-06-13 17:57:27.754 TRACE 81444 --- [    Test worker] o.h.type.descriptor.sql.BasicExtractor   : extracted value ([last_updated5_0_] : [TIMESTAMP]) - [2019-05-24 14:07:40.0]
2019-06-13 17:57:27.754 TRACE 81444 --- [    Test worker] o.h.type.descriptor.sql.BasicExtractor   : extracted value ([last_updator_id6_0_] : [BIGINT]) - [6]
2019-06-13 17:57:27.754 TRACE 81444 --- [    Test worker] o.h.type.descriptor.sql.BasicExtractor   : extracted value ([my_parent_id7_0_] : [BIGINT]) - [855]
2019-06-13 17:57:27.754 TRACE 81444 --- [    Test worker] o.h.type.descriptor.sql.BasicExtractor   : extracted value ([name8_0_] : [VARCHAR]) - [동력기계시스템공학과]
2019-06-13 17:57:27.754 TRACE 81444 --- [    Test worker] o.h.type.descriptor.sql.BasicExtractor   : extracted value ([id1_0_] : [BIGINT]) - [76]
2019-06-13 17:57:27.755 TRACE 81444 --- [    Test worker] o.h.type.descriptor.sql.BasicExtractor   : extracted value ([code2_0_] : [VARCHAR]) - [X1391]
2019-06-13 17:57:27.755 TRACE 81444 --- [    Test worker] o.h.type.descriptor.sql.BasicExtractor   : extracted value ([date_created3_0_] : [TIMESTAMP]) - [2019-05-23 15:50:37.0]
2019-06-13 17:57:27.755 TRACE 81444 --- [    Test worker] o.h.type.descriptor.sql.BasicExtractor   : extracted value ([is_active4_0_] : [BIT]) - [true]
2019-06-13 17:57:27.755 TRACE 81444 --- [    Test worker] o.h.type.descriptor.sql.BasicExtractor   : extracted value ([last_updated5_0_] : [TIMESTAMP]) - [2019-05-23 15:50:37.0]
2019-06-13 17:57:27.755 TRACE 81444 --- [    Test worker] o.h.type.descriptor.sql.BasicExtractor   : extracted value ([last_updator_id6_0_] : [BIGINT]) - [6]
2019-06-13 17:57:27.755 TRACE 81444 --- [    Test worker] o.h.type.descriptor.sql.BasicExtractor   : extracted value ([my_parent_id7_0_] : [BIGINT]) - [null]
2019-06-13 17:57:27.755 TRACE 81444 --- [    Test worker] o.h.type.descriptor.sql.BasicExtractor   : extracted value ([name8_0_] : [VARCHAR]) - [통신학과]
2019-06-13 17:57:27.755 TRACE 81444 --- [    Test worker] o.h.type.descriptor.sql.BasicExtractor   : extracted value ([id1_0_] : [BIGINT]) - [77]
2019-06-13 17:57:27.755 TRACE 81444 --- [    Test worker] o.h.type.descriptor.sql.BasicExtractor   : extracted value ([code2_0_] : [VARCHAR]) - [X1392]
2019-06-13 17:57:27.755 TRACE 81444 --- [    Test worker] o.h.type.descriptor.sql.BasicExtractor   : extracted value ([date_created3_0_] : [TIMESTAMP]) - [2019-05-23 15:50:37.0]
2019-06-13 17:57:27.756 TRACE 81444 --- [    Test worker] o.h.type.descriptor.sql.BasicExtractor   : extracted value ([is_active4_0_] : [BIT]) - [true]
2019-06-13 17:57:27.756 TRACE 81444 --- [    Test worker] o.h.type.descriptor.sql.BasicExtractor   : extracted value ([last_updated5_0_] : [TIMESTAMP]) - [2019-05-24 14:07:40.0]
2019-06-13 17:57:27.756 TRACE 81444 --- [    Test worker] o.h.type.descriptor.sql.BasicExtractor   : extracted value ([last_updator_id6_0_] : [BIGINT]) - [6]
2019-06-13 17:57:27.756 TRACE 81444 --- [    Test worker] o.h.type.descriptor.sql.BasicExtractor   : extracted value ([my_parent_id7_0_] : [BIGINT]) - [854]
2019-06-13 17:57:27.756 TRACE 81444 --- [    Test worker] o.h.type.descriptor.sql.BasicExtractor   : extracted value ([name8_0_] : [VARCHAR]) - [전파공학과]
2019-06-13 17:57:27.756 TRACE 81444 --- [    Test worker] o.h.type.descriptor.sql.BasicExtractor   : extracted value ([id1_0_] : [BIGINT]) - [78]
2019-06-13 17:57:27.756 TRACE 81444 --- [    Test worker] o.h.type.descriptor.sql.BasicExtractor   : extracted value ([code2_0_] : [VARCHAR]) - [X1401]
2019-06-13 17:57:27.757 TRACE 81444 --- [    Test worker] o.h.type.descriptor.sql.BasicExtractor   : extracted value ([date_created3_0_] : [TIMESTAMP]) - [2019-05-23 15:50:37.0]
2019-06-13 17:57:27.757 TRACE 81444 --- [    Test worker] o.h.type.descriptor.sql.BasicExtractor   : extracted value ([is_active4_0_] : [BIT]) - [true]
2019-06-13 17:57:27.757 TRACE 81444 --- [    Test worker] o.h.type.descriptor.sql.BasicExtractor   : extracted value ([last_updated5_0_] : [TIMESTAMP]) - [2019-05-23 15:50:37.0]
2019-06-13 17:57:27.757 TRACE 81444 --- [    Test worker] o.h.type.descriptor.sql.BasicExtractor   : extracted value ([last_updator_id6_0_] : [BIGINT]) - [6]
2019-06-13 17:57:27.757 TRACE 81444 --- [    Test worker] o.h.type.descriptor.sql.BasicExtractor   : extracted value ([my_parent_id7_0_] : [BIGINT]) - [null]
2019-06-13 17:57:27.757 TRACE 81444 --- [    Test worker] o.h.type.descriptor.sql.BasicExtractor   : extracted value ([name8_0_] : [VARCHAR]) - [해양토목학과]
2019-06-13 17:57:27.757 TRACE 81444 --- [    Test worker] o.h.type.descriptor.sql.BasicExtractor   : extracted value ([id1_0_] : [BIGINT]) - [79]
2019-06-13 17:57:27.757 TRACE 81444 --- [    Test worker] o.h.type.descriptor.sql.BasicExtractor   : extracted value ([code2_0_] : [VARCHAR]) - [X1402]
2019-06-13 17:57:27.757 TRACE 81444 --- [    Test worker] o.h.type.descriptor.sql.BasicExtractor   : extracted value ([date_created3_0_] : [TIMESTAMP]) - [2019-05-23 15:50:38.0]
2019-06-13 17:57:27.758 TRACE 81444 --- [    Test worker] o.h.type.descriptor.sql.BasicExtractor   : extracted value ([is_active4_0_] : [BIT]) - [true]
2019-06-13 17:57:27.758 TRACE 81444 --- [    Test worker] o.h.type.descriptor.sql.BasicExtractor   : extracted value ([last_updated5_0_] : [TIMESTAMP]) - [2019-05-24 14:46:27.0]
2019-06-13 17:57:27.758 TRACE 81444 --- [    Test worker] o.h.type.descriptor.sql.BasicExtractor   : extracted value ([last_updator_id6_0_] : [BIGINT]) - [6]
2019-06-13 17:57:27.758 TRACE 81444 --- [    Test worker] o.h.type.descriptor.sql.BasicExtractor   : extracted value ([my_parent_id7_0_] : [BIGINT]) - [855]
2019-06-13 17:57:27.758 TRACE 81444 --- [    Test worker] o.h.type.descriptor.sql.BasicExtractor   : extracted value ([name8_0_] : [VARCHAR]) - [해양토목공학과]
2019-06-13 17:57:27.758 TRACE 81444 --- [    Test worker] o.h.type.descriptor.sql.BasicExtractor   : extracted value ([id1_0_] : [BIGINT]) - [80]
2019-06-13 17:57:27.758 TRACE 81444 --- [    Test worker] o.h.type.descriptor.sql.BasicExtractor   : extracted value ([code2_0_] : [VARCHAR]) - [X1403]
2019-06-13 17:57:27.758 TRACE 81444 --- [    Test worker] o.h.type.descriptor.sql.BasicExtractor   : extracted value ([date_created3_0_] : [TIMESTAMP]) - [2019-05-23 15:50:38.0]
2019-06-13 17:57:27.758 TRACE 81444 --- [    Test worker] o.h.type.descriptor.sql.BasicExtractor   : extracted value ([is_active4_0_] : [BIT]) - [true]
2019-06-13 17:57:27.759 TRACE 81444 --- [    Test worker] o.h.type.descriptor.sql.BasicExtractor   : extracted value ([last_updated5_0_] : [TIMESTAMP]) - [2019-05-24 14:07:41.0]
2019-06-13 17:57:27.759 TRACE 81444 --- [    Test worker] o.h.type.descriptor.sql.BasicExtractor   : extracted value ([last_updator_id6_0_] : [BIGINT]) - [6]
2019-06-13 17:57:27.759 TRACE 81444 --- [    Test worker] o.h.type.descriptor.sql.BasicExtractor   : extracted value ([my_parent_id7_0_] : [BIGINT]) - [855]
2019-06-13 17:57:27.759 TRACE 81444 --- [    Test worker] o.h.type.descriptor.sql.BasicExtractor   : extracted value ([name8_0_] : [VARCHAR]) - [해양건설공학과]
2019-06-13 17:57:27.775 TRACE 81444 --- [    Test worker] o.h.type.descriptor.sql.BasicExtractor   : extracted value ([id1_0_] : [BIGINT]) - [81]
2019-06-13 17:57:27.775 TRACE 81444 --- [    Test worker] o.h.type.descriptor.sql.BasicExtractor   : extracted value ([code2_0_] : [VARCHAR]) - [X1411]
2019-06-13 17:57:27.775 TRACE 81444 --- [    Test worker] o.h.type.descriptor.sql.BasicExtractor   : extracted value ([date_created3_0_] : [TIMESTAMP]) - [2019-05-23 15:50:38.0]
2019-06-13 17:57:27.775 TRACE 81444 --- [    Test worker] o.h.type.descriptor.sql.BasicExtractor   : extracted value ([is_active4_0_] : [BIT]) - [true]
2019-06-13 17:57:27.775 TRACE 81444 --- [    Test worker] o.h.type.descriptor.sql.BasicExtractor   : extracted value ([last_updated5_0_] : [TIMESTAMP]) - [2019-05-23 15:50:38.0]
2019-06-13 17:57:27.775 TRACE 81444 --- [    Test worker] o.h.type.descriptor.sql.BasicExtractor   : extracted value ([last_updator_id6_0_] : [BIGINT]) - [6]
2019-06-13 17:57:27.775 TRACE 81444 --- [    Test worker] o.h.type.descriptor.sql.BasicExtractor   : extracted value ([my_parent_id7_0_] : [BIGINT]) - [null]
2019-06-13 17:57:27.775 TRACE 81444 --- [    Test worker] o.h.type.descriptor.sql.BasicExtractor   : extracted value ([name8_0_] : [VARCHAR]) - [해양환경학과]
2019-06-13 17:57:27.775 TRACE 81444 --- [    Test worker] o.h.type.descriptor.sql.BasicExtractor   : extracted value ([id1_0_] : [BIGINT]) - [82]
2019-06-13 17:57:27.775 TRACE 81444 --- [    Test worker] o.h.type.descriptor.sql.BasicExtractor   : extracted value ([code2_0_] : [VARCHAR]) - [X1412]
2019-06-13 17:57:27.776 TRACE 81444 --- [    Test worker] o.h.type.descriptor.sql.BasicExtractor   : extracted value ([date_created3_0_] : [TIMESTAMP]) - [2019-05-23 15:50:39.0]
2019-06-13 17:57:27.776 TRACE 81444 --- [    Test worker] o.h.type.descriptor.sql.BasicExtractor   : extracted value ([is_active4_0_] : [BIT]) - [true]
2019-06-13 17:57:27.776 TRACE 81444 --- [    Test worker] o.h.type.descriptor.sql.BasicExtractor   : extracted value ([last_updated5_0_] : [TIMESTAMP]) - [2019-05-24 14:46:28.0]
2019-06-13 17:57:27.776 TRACE 81444 --- [    Test worker] o.h.type.descriptor.sql.BasicExtractor   : extracted value ([last_updator_id6_0_] : [BIGINT]) - [6]
2019-06-13 17:57:27.776 TRACE 81444 --- [    Test worker] o.h.type.descriptor.sql.BasicExtractor   : extracted value ([my_parent_id7_0_] : [BIGINT]) - [854]
2019-06-13 17:57:27.776 TRACE 81444 --- [    Test worker] o.h.type.descriptor.sql.BasicExtractor   : extracted value ([name8_0_] : [VARCHAR]) - [해양환경공학과]
2019-06-13 17:57:27.776 TRACE 81444 --- [    Test worker] o.h.type.descriptor.sql.BasicExtractor   : extracted value ([id1_0_] : [BIGINT]) - [83]
2019-06-13 17:57:27.776 TRACE 81444 --- [    Test worker] o.h.type.descriptor.sql.BasicExtractor   : extracted value ([code2_0_] : [VARCHAR]) - [X1421]
2019-06-13 17:57:27.777 TRACE 81444 --- [    Test worker] o.h.type.descriptor.sql.BasicExtractor   : extracted value ([date_created3_0_] : [TIMESTAMP]) - [2019-05-23 15:50:39.0]
2019-06-13 17:57:27.777 TRACE 81444 --- [    Test worker] o.h.type.descriptor.sql.BasicExtractor   : extracted value ([is_active4_0_] : [BIT]) - [true]
2019-06-13 17:57:27.777 TRACE 81444 --- [    Test worker] o.h.type.descriptor.sql.BasicExtractor   : extracted value ([last_updated5_0_] : [TIMESTAMP]) - [2019-05-24 14:46:29.0]
2019-06-13 17:57:27.777 TRACE 81444 --- [    Test worker] o.h.type.descriptor.sql.BasicExtractor   : extracted value ([last_updator_id6_0_] : [BIGINT]) - [6]
2019-06-13 17:57:27.777 TRACE 81444 --- [    Test worker] o.h.type.descriptor.sql.BasicExtractor   : extracted value ([my_parent_id7_0_] : [BIGINT]) - [855]
2019-06-13 17:57:27.777 TRACE 81444 --- [    Test worker] o.h.type.descriptor.sql.BasicExtractor   : extracted value ([name8_0_] : [VARCHAR]) - [수족병리학과]
2019-06-13 17:57:27.777 TRACE 81444 --- [    Test worker] o.h.type.descriptor.sql.BasicExtractor   : extracted value ([id1_0_] : [BIGINT]) - [84]
2019-06-13 17:57:27.777 TRACE 81444 --- [    Test worker] o.h.type.descriptor.sql.BasicExtractor   : extracted value ([code2_0_] : [VARCHAR]) - [X1422]
2019-06-13 17:57:27.777 TRACE 81444 --- [    Test worker] o.h.type.descriptor.sql.BasicExtractor   : extracted value ([date_created3_0_] : [TIMESTAMP]) - [2019-05-23 15:50:40.0]
2019-06-13 17:57:27.777 TRACE 81444 --- [    Test worker] o.h.type.descriptor.sql.BasicExtractor   : extracted value ([is_active4_0_] : [BIT]) - [true]
2019-06-13 17:57:27.778 TRACE 81444 --- [    Test worker] o.h.type.descriptor.sql.BasicExtractor   : extracted value ([last_updated5_0_] : [TIMESTAMP]) - [2019-05-24 14:46:29.0]
2019-06-13 17:57:27.778 TRACE 81444 --- [    Test worker] o.h.type.descriptor.sql.BasicExtractor   : extracted value ([last_updator_id6_0_] : [BIGINT]) - [6]
2019-06-13 17:57:27.778 TRACE 81444 --- [    Test worker] o.h.type.descriptor.sql.BasicExtractor   : extracted value ([my_parent_id7_0_] : [BIGINT]) - [855]
2019-06-13 17:57:27.778 TRACE 81444 --- [    Test worker] o.h.type.descriptor.sql.BasicExtractor   : extracted value ([name8_0_] : [VARCHAR]) - [해양생명의학과]
2019-06-13 17:57:27.778 TRACE 81444 --- [    Test worker] o.h.type.descriptor.sql.BasicExtractor   : extracted value ([id1_0_] : [BIGINT]) - [85]
2019-06-13 17:57:27.778 TRACE 81444 --- [    Test worker] o.h.type.descriptor.sql.BasicExtractor   : extracted value ([code2_0_] : [VARCHAR]) - [X1423]
2019-06-13 17:57:27.779 TRACE 81444 --- [    Test worker] o.h.type.descriptor.sql.BasicExtractor   : extracted value ([date_created3_0_] : [TIMESTAMP]) - [2019-05-23 15:50:40.0]
2019-06-13 17:57:27.779 TRACE 81444 --- [    Test worker] o.h.type.descriptor.sql.BasicExtractor   : extracted value ([is_active4_0_] : [BIT]) - [true]
2019-06-13 17:57:27.779 TRACE 81444 --- [    Test worker] o.h.type.descriptor.sql.BasicExtractor   : extracted value ([last_updated5_0_] : [TIMESTAMP]) - [2019-05-24 14:07:41.0]
2019-06-13 17:57:27.779 TRACE 81444 --- [    Test worker] o.h.type.descriptor.sql.BasicExtractor   : extracted value ([last_updator_id6_0_] : [BIGINT]) - [6]
2019-06-13 17:57:27.779 TRACE 81444 --- [    Test worker] o.h.type.descriptor.sql.BasicExtractor   : extracted value ([my_parent_id7_0_] : [BIGINT]) - [855]
2019-06-13 17:57:27.779 TRACE 81444 --- [    Test worker] o.h.type.descriptor.sql.BasicExtractor   : extracted value ([name8_0_] : [VARCHAR]) - [수산생명의학과]
2019-06-13 17:57:27.779 TRACE 81444 --- [    Test worker] o.h.type.descriptor.sql.BasicExtractor   : extracted value ([id1_0_] : [BIGINT]) - [86]
2019-06-13 17:57:27.779 TRACE 81444 --- [    Test worker] o.h.type.descriptor.sql.BasicExtractor   : extracted value ([code2_0_] : [VARCHAR]) - [X1431]
2019-06-13 17:57:27.780 TRACE 81444 --- [    Test worker] o.h.type.descriptor.sql.BasicExtractor   : extracted value ([date_created3_0_] : [TIMESTAMP]) - [2019-05-23 15:50:40.0]
2019-06-13 17:57:27.780 TRACE 81444 --- [    Test worker] o.h.type.descriptor.sql.BasicExtractor   : extracted value ([is_active4_0_] : [BIT]) - [true]
2019-06-13 17:57:27.780 TRACE 81444 --- [    Test worker] o.h.type.descriptor.sql.BasicExtractor   : extracted value ([last_updated5_0_] : [TIMESTAMP]) - [2019-05-24 14:07:41.0]
2019-06-13 17:57:27.780 TRACE 81444 --- [    Test worker] o.h.type.descriptor.sql.BasicExtractor   : extracted value ([last_updator_id6_0_] : [BIGINT]) - [6]
2019-06-13 17:57:27.780 TRACE 81444 --- [    Test worker] o.h.type.descriptor.sql.BasicExtractor   : extracted value ([my_parent_id7_0_] : [BIGINT]) - [853]
2019-06-13 17:57:27.780 TRACE 81444 --- [    Test worker] o.h.type.descriptor.sql.BasicExtractor   : extracted value ([name8_0_] : [VARCHAR]) - [계산통계학과]
2019-06-13 17:57:27.780 TRACE 81444 --- [    Test worker] o.h.type.descriptor.sql.BasicExtractor   : extracted value ([id1_0_] : [BIGINT]) - [87]
2019-06-13 17:57:27.780 TRACE 81444 --- [    Test worker] o.h.type.descriptor.sql.BasicExtractor   : extracted value ([code2_0_] : [VARCHAR]) - [X1432]
2019-06-13 17:57:27.780 TRACE 81444 --- [    Test worker] o.h.type.descriptor.sql.BasicExtractor   : extracted value ([date_created3_0_] : [TIMESTAMP]) - [2019-05-23 15:50:41.0]
2019-06-13 17:57:27.780 TRACE 81444 --- [    Test worker] o.h.type.descriptor.sql.BasicExtractor   : extracted value ([is_active4_0_] : [BIT]) - [true]
2019-06-13 17:57:27.780 TRACE 81444 --- [    Test worker] o.h.type.descriptor.sql.BasicExtractor   : extracted value ([last_updated5_0_] : [TIMESTAMP]) - [2019-05-24 14:46:30.0]
2019-06-13 17:57:27.780 TRACE 81444 --- [    Test worker] o.h.type.descriptor.sql.BasicExtractor   : extracted value ([last_updator_id6_0_] : [BIGINT]) - [6]
2019-06-13 17:57:27.780 TRACE 81444 --- [    Test worker] o.h.type.descriptor.sql.BasicExtractor   : extracted value ([my_parent_id7_0_] : [BIGINT]) - [853]
2019-06-13 17:57:27.780 TRACE 81444 --- [    Test worker] o.h.type.descriptor.sql.BasicExtractor   : extracted value ([name8_0_] : [VARCHAR]) - [정보통계학과]
2019-06-13 17:57:27.781 TRACE 81444 --- [    Test worker] o.h.type.descriptor.sql.BasicExtractor   : extracted value ([id1_0_] : [BIGINT]) - [88]
2019-06-13 17:57:27.781 TRACE 81444 --- [    Test worker] o.h.type.descriptor.sql.BasicExtractor   : extracted value ([code2_0_] : [VARCHAR]) - [X1433]
2019-06-13 17:57:27.781 TRACE 81444 --- [    Test worker] o.h.type.descriptor.sql.BasicExtractor   : extracted value ([date_created3_0_] : [TIMESTAMP]) - [2019-05-23 15:50:41.0]
2019-06-13 17:57:27.781 TRACE 81444 --- [    Test worker] o.h.type.descriptor.sql.BasicExtractor   : extracted value ([is_active4_0_] : [BIT]) - [true]
2019-06-13 17:57:27.781 TRACE 81444 --- [    Test worker] o.h.type.descriptor.sql.BasicExtractor   : extracted value ([last_updated5_0_] : [TIMESTAMP]) - [2019-05-24 14:07:42.0]
2019-06-13 17:57:27.781 TRACE 81444 --- [    Test worker] o.h.type.descriptor.sql.BasicExtractor   : extracted value ([last_updator_id6_0_] : [BIGINT]) - [6]
2019-06-13 17:57:27.781 TRACE 81444 --- [    Test worker] o.h.type.descriptor.sql.BasicExtractor   : extracted value ([my_parent_id7_0_] : [BIGINT]) - [853]
2019-06-13 17:57:27.781 TRACE 81444 --- [    Test worker] o.h.type.descriptor.sql.BasicExtractor   : extracted value ([name8_0_] : [VARCHAR]) - [통계컴퓨터과학과]
2019-06-13 17:57:27.781 TRACE 81444 --- [    Test worker] o.h.type.descriptor.sql.BasicExtractor   : extracted value ([id1_0_] : [BIGINT]) - [89]
2019-06-13 17:57:27.781 TRACE 81444 --- [    Test worker] o.h.type.descriptor.sql.BasicExtractor   : extracted value ([code2_0_] : [VARCHAR]) - [X1441]
2019-06-13 17:57:27.781 TRACE 81444 --- [    Test worker] o.h.type.descriptor.sql.BasicExtractor   : extracted value ([date_created3_0_] : [TIMESTAMP]) - [2019-05-23 15:50:41.0]
2019-06-13 17:57:27.781 TRACE 81444 --- [    Test worker] o.h.type.descriptor.sql.BasicExtractor   : extracted value ([is_active4_0_] : [BIT]) - [true]
2019-06-13 17:57:27.781 TRACE 81444 --- [    Test worker] o.h.type.descriptor.sql.BasicExtractor   : extracted value ([last_updated5_0_] : [TIMESTAMP]) - [2019-05-24 14:07:42.0]
2019-06-13 17:57:27.781 TRACE 81444 --- [    Test worker] o.h.type.descriptor.sql.BasicExtractor   : extracted value ([last_updator_id6_0_] : [BIGINT]) - [6]
2019-06-13 17:57:27.781 TRACE 81444 --- [    Test worker] o.h.type.descriptor.sql.BasicExtractor   : extracted value ([my_parent_id7_0_] : [BIGINT]) - [853]
2019-06-13 17:57:27.781 TRACE 81444 --- [    Test worker] o.h.type.descriptor.sql.BasicExtractor   : extracted value ([name8_0_] : [VARCHAR]) - [의류학과]
2019-06-13 17:57:27.782 TRACE 81444 --- [    Test worker] o.h.type.descriptor.sql.BasicExtractor   : extracted value ([id1_0_] : [BIGINT]) - [90]
2019-06-13 17:57:27.782 TRACE 81444 --- [    Test worker] o.h.type.descriptor.sql.BasicExtractor   : extracted value ([code2_0_] : [VARCHAR]) - [X1451]
2019-06-13 17:57:27.782 TRACE 81444 --- [    Test worker] o.h.type.descriptor.sql.BasicExtractor   : extracted value ([date_created3_0_] : [TIMESTAMP]) - [2019-05-23 15:50:42.0]
2019-06-13 17:57:27.782 TRACE 81444 --- [    Test worker] o.h.type.descriptor.sql.BasicExtractor   : extracted value ([is_active4_0_] : [BIT]) - [true]
2019-06-13 17:57:27.782 TRACE 81444 --- [    Test worker] o.h.type.descriptor.sql.BasicExtractor   : extracted value ([last_updated5_0_] : [TIMESTAMP]) - [2019-05-24 14:07:43.0]
2019-06-13 17:57:27.782 TRACE 81444 --- [    Test worker] o.h.type.descriptor.sql.BasicExtractor   : extracted value ([last_updator_id6_0_] : [BIGINT]) - [6]
2019-06-13 17:57:27.783 TRACE 81444 --- [    Test worker] o.h.type.descriptor.sql.BasicExtractor   : extracted value ([my_parent_id7_0_] : [BIGINT]) - [854]
2019-06-13 17:57:27.783 TRACE 81444 --- [    Test worker] o.h.type.descriptor.sql.BasicExtractor   : extracted value ([name8_0_] : [VARCHAR]) - [건축공학과]
2019-06-13 17:57:27.798 TRACE 81444 --- [    Test worker] o.h.type.descriptor.sql.BasicExtractor   : extracted value ([id1_0_] : [BIGINT]) - [91]
2019-06-13 17:57:27.799 TRACE 81444 --- [    Test worker] o.h.type.descriptor.sql.BasicExtractor   : extracted value ([code2_0_] : [VARCHAR]) - [X1452]
2019-06-13 17:57:27.799 TRACE 81444 --- [    Test worker] o.h.type.descriptor.sql.BasicExtractor   : extracted value ([date_created3_0_] : [TIMESTAMP]) - [2019-05-23 15:50:42.0]
2019-06-13 17:57:27.799 TRACE 81444 --- [    Test worker] o.h.type.descriptor.sql.BasicExtractor   : extracted value ([is_active4_0_] : [BIT]) - [true]
2019-06-13 17:57:27.800 TRACE 81444 --- [    Test worker] o.h.type.descriptor.sql.BasicExtractor   : extracted value ([last_updated5_0_] : [TIMESTAMP]) - [2019-05-24 14:07:43.0]
2019-06-13 17:57:27.800 TRACE 81444 --- [    Test worker] o.h.type.descriptor.sql.BasicExtractor   : extracted value ([last_updator_id6_0_] : [BIGINT]) - [6]
2019-06-13 17:57:27.800 TRACE 81444 --- [    Test worker] o.h.type.descriptor.sql.BasicExtractor   : extracted value ([my_parent_id7_0_] : [BIGINT]) - [871]
2019-06-13 17:57:27.800 TRACE 81444 --- [    Test worker] o.h.type.descriptor.sql.BasicExtractor   : extracted value ([name8_0_] : [VARCHAR]) - [건축해양건설융합공학부]
2019-06-13 17:57:27.800 TRACE 81444 --- [    Test worker] o.h.type.descriptor.sql.BasicExtractor   : extracted value ([id1_0_] : [BIGINT]) - [92]
2019-06-13 17:57:27.800 TRACE 81444 --- [    Test worker] o.h.type.descriptor.sql.BasicExtractor   : extracted value ([code2_0_] : [VARCHAR]) - [X1461]
2019-06-13 17:57:27.801 TRACE 81444 --- [    Test worker] o.h.type.descriptor.sql.BasicExtractor   : extracted value ([date_created3_0_] : [TIMESTAMP]) - [2019-05-23 15:50:43.0]
2019-06-13 17:57:27.801 TRACE 81444 --- [    Test worker] o.h.type.descriptor.sql.BasicExtractor   : extracted value ([is_active4_0_] : [BIT]) - [true]
2019-06-13 17:57:27.801 TRACE 81444 --- [    Test worker] o.h.type.descriptor.sql.BasicExtractor   : extracted value ([last_updated5_0_] : [TIMESTAMP]) - [2019-05-24 14:07:43.0]
2019-06-13 17:57:27.801 TRACE 81444 --- [    Test worker] o.h.type.descriptor.sql.BasicExtractor   : extracted value ([last_updator_id6_0_] : [BIGINT]) - [6]
2019-06-13 17:57:27.801 TRACE 81444 --- [    Test worker] o.h.type.descriptor.sql.BasicExtractor   : extracted value ([my_parent_id7_0_] : [BIGINT]) - [850]
2019-06-13 17:57:27.801 TRACE 81444 --- [    Test worker] o.h.type.descriptor.sql.BasicExtractor   : extracted value ([name8_0_] : [VARCHAR]) - [중어중문학과]
2019-06-13 17:57:27.801 TRACE 81444 --- [    Test worker] o.h.type.descriptor.sql.BasicExtractor   : extracted value ([id1_0_] : [BIGINT]) - [93]
2019-06-13 17:57:27.802 TRACE 81444 --- [    Test worker] o.h.type.descriptor.sql.BasicExtractor   : extracted value ([code2_0_] : [VARCHAR]) - [X1471]
2019-06-13 17:57:27.802 TRACE 81444 --- [    Test worker] o.h.type.descriptor.sql.BasicExtractor   : extracted value ([date_created3_0_] : [TIMESTAMP]) - [2019-05-23 15:50:43.0]
2019-06-13 17:57:27.802 TRACE 81444 --- [    Test worker] o.h.type.descriptor.sql.BasicExtractor   : extracted value ([is_active4_0_] : [BIT]) - [true]
2019-06-13 17:57:27.802 TRACE 81444 --- [    Test worker] o.h.type.descriptor.sql.BasicExtractor   : extracted value ([last_updated5_0_] : [TIMESTAMP]) - [2019-05-24 14:46:32.0]
2019-06-13 17:57:27.802 TRACE 81444 --- [    Test worker] o.h.type.descriptor.sql.BasicExtractor   : extracted value ([last_updator_id6_0_] : [BIGINT]) - [6]
2019-06-13 17:57:27.802 TRACE 81444 --- [    Test worker] o.h.type.descriptor.sql.BasicExtractor   : extracted value ([my_parent_id7_0_] : [BIGINT]) - [851]
2019-06-13 17:57:27.802 TRACE 81444 --- [    Test worker] o.h.type.descriptor.sql.BasicExtractor   : extracted value ([name8_0_] : [VARCHAR]) - [산업도예학과]
2019-06-13 17:57:27.802 TRACE 81444 --- [    Test worker] o.h.type.descriptor.sql.BasicExtractor   : extracted value ([id1_0_] : [BIGINT]) - [94]
2019-06-13 17:57:27.803 TRACE 81444 --- [    Test worker] o.h.type.descriptor.sql.BasicExtractor   : extracted value ([code2_0_] : [VARCHAR]) - [X1472]
2019-06-13 17:57:27.803 TRACE 81444 --- [    Test worker] o.h.type.descriptor.sql.BasicExtractor   : extracted value ([date_created3_0_] : [TIMESTAMP]) - [2019-05-23 15:50:43.0]
2019-06-13 17:57:27.803 TRACE 81444 --- [    Test worker] o.h.type.descriptor.sql.BasicExtractor   : extracted value ([is_active4_0_] : [BIT]) - [true]
2019-06-13 17:57:27.803 TRACE 81444 --- [    Test worker] o.h.type.descriptor.sql.BasicExtractor   : extracted value ([last_updated5_0_] : [TIMESTAMP]) - [2019-05-24 14:07:44.0]
2019-06-13 17:57:27.803 TRACE 81444 --- [    Test worker] o.h.type.descriptor.sql.BasicExtractor   : extracted value ([last_updator_id6_0_] : [BIGINT]) - [6]
2019-06-13 17:57:27.803 TRACE 81444 --- [    Test worker] o.h.type.descriptor.sql.BasicExtractor   : extracted value ([my_parent_id7_0_] : [BIGINT]) - [851]
2019-06-13 17:57:27.803 TRACE 81444 --- [    Test worker] o.h.type.descriptor.sql.BasicExtractor   : extracted value ([name8_0_] : [VARCHAR]) - [세라믹디자인학과]
2019-06-13 17:57:27.804 TRACE 81444 --- [    Test worker] o.h.type.descriptor.sql.BasicExtractor   : extracted value ([id1_0_] : [BIGINT]) - [95]
2019-06-13 17:57:27.804 TRACE 81444 --- [    Test worker] o.h.type.descriptor.sql.BasicExtractor   : extracted value ([code2_0_] : [VARCHAR]) - [X1473]
2019-06-13 17:57:27.804 TRACE 81444 --- [    Test worker] o.h.type.descriptor.sql.BasicExtractor   : extracted value ([date_created3_0_] : [TIMESTAMP]) - [2019-05-23 15:50:44.0]
2019-06-13 17:57:27.804 TRACE 81444 --- [    Test worker] o.h.type.descriptor.sql.BasicExtractor   : extracted value ([is_active4_0_] : [BIT]) - [true]
2019-06-13 17:57:27.804 TRACE 81444 --- [    Test worker] o.h.type.descriptor.sql.BasicExtractor   : extracted value ([last_updated5_0_] : [TIMESTAMP]) - [2019-05-24 14:07:44.0]
2019-06-13 17:57:27.805 TRACE 81444 --- [    Test worker] o.h.type.descriptor.sql.BasicExtractor   : extracted value ([last_updator_id6_0_] : [BIGINT]) - [6]
2019-06-13 17:57:27.805 TRACE 81444 --- [    Test worker] o.h.type.descriptor.sql.BasicExtractor   : extracted value ([my_parent_id7_0_] : [BIGINT]) - [851]
2019-06-13 17:57:27.805 TRACE 81444 --- [    Test worker] o.h.type.descriptor.sql.BasicExtractor   : extracted value ([name8_0_] : [VARCHAR]) - [세라믹콘텐츠디자인학과]
2019-06-13 17:57:27.806 TRACE 81444 --- [    Test worker] o.h.type.descriptor.sql.BasicExtractor   : extracted value ([id1_0_] : [BIGINT]) - [96]
2019-06-13 17:57:27.806 TRACE 81444 --- [    Test worker] o.h.type.descriptor.sql.BasicExtractor   : extracted value ([code2_0_] : [VARCHAR]) - [X1481]
2019-06-13 17:57:27.806 TRACE 81444 --- [    Test worker] o.h.type.descriptor.sql.BasicExtractor   : extracted value ([date_created3_0_] : [TIMESTAMP]) - [2019-05-23 15:50:44.0]
2019-06-13 17:57:27.806 TRACE 81444 --- [    Test worker] o.h.type.descriptor.sql.BasicExtractor   : extracted value ([is_active4_0_] : [BIT]) - [true]
2019-06-13 17:57:27.806 TRACE 81444 --- [    Test worker] o.h.type.descriptor.sql.BasicExtractor   : extracted value ([last_updated5_0_] : [TIMESTAMP]) - [2019-05-24 14:07:44.0]
2019-06-13 17:57:27.806 TRACE 81444 --- [    Test worker] o.h.type.descriptor.sql.BasicExtractor   : extracted value ([last_updator_id6_0_] : [BIGINT]) - [6]
2019-06-13 17:57:27.806 TRACE 81444 --- [    Test worker] o.h.type.descriptor.sql.BasicExtractor   : extracted value ([my_parent_id7_0_] : [BIGINT]) - [850]
2019-06-13 17:57:27.806 TRACE 81444 --- [    Test worker] o.h.type.descriptor.sql.BasicExtractor   : extracted value ([name8_0_] : [VARCHAR]) - [사학과]
2019-06-13 17:57:27.806 TRACE 81444 --- [    Test worker] o.h.type.descriptor.sql.BasicExtractor   : extracted value ([id1_0_] : [BIGINT]) - [97]
2019-06-13 17:57:27.807 TRACE 81444 --- [    Test worker] o.h.type.descriptor.sql.BasicExtractor   : extracted value ([code2_0_] : [VARCHAR]) - [X1491]
2019-06-13 17:57:27.807 TRACE 81444 --- [    Test worker] o.h.type.descriptor.sql.BasicExtractor   : extracted value ([date_created3_0_] : [TIMESTAMP]) - [2019-05-23 15:50:44.0]
2019-06-13 17:57:27.807 TRACE 81444 --- [    Test worker] o.h.type.descriptor.sql.BasicExtractor   : extracted value ([is_active4_0_] : [BIT]) - [true]
2019-06-13 17:57:27.807 TRACE 81444 --- [    Test worker] o.h.type.descriptor.sql.BasicExtractor   : extracted value ([last_updated5_0_] : [TIMESTAMP]) - [2019-05-24 14:46:33.0]
2019-06-13 17:57:27.807 TRACE 81444 --- [    Test worker] o.h.type.descriptor.sql.BasicExtractor   : extracted value ([last_updator_id6_0_] : [BIGINT]) - [6]
2019-06-13 17:57:27.807 TRACE 81444 --- [    Test worker] o.h.type.descriptor.sql.BasicExtractor   : extracted value ([my_parent_id7_0_] : [BIGINT]) - [854]
2019-06-13 17:57:27.807 TRACE 81444 --- [    Test worker] o.h.type.descriptor.sql.BasicExtractor   : extracted value ([name8_0_] : [VARCHAR]) - [기계공학부]
2019-06-13 17:57:27.808 TRACE 81444 --- [    Test worker] o.h.type.descriptor.sql.BasicExtractor   : extracted value ([id1_0_] : [BIGINT]) - [98]
2019-06-13 17:57:27.808 TRACE 81444 --- [    Test worker] o.h.type.descriptor.sql.BasicExtractor   : extracted value ([code2_0_] : [VARCHAR]) - [X1492]
2019-06-13 17:57:27.808 TRACE 81444 --- [    Test worker] o.h.type.descriptor.sql.BasicExtractor   : extracted value ([date_created3_0_] : [TIMESTAMP]) - [2019-05-23 15:50:45.0]
2019-06-13 17:57:27.808 TRACE 81444 --- [    Test worker] o.h.type.descriptor.sql.BasicExtractor   : extracted value ([is_active4_0_] : [BIT]) - [true]
2019-06-13 17:57:27.808 TRACE 81444 --- [    Test worker] o.h.type.descriptor.sql.BasicExtractor   : extracted value ([last_updated5_0_] : [TIMESTAMP]) - [2019-05-24 14:07:45.0]
2019-06-13 17:57:27.808 TRACE 81444 --- [    Test worker] o.h.type.descriptor.sql.BasicExtractor   : extracted value ([last_updator_id6_0_] : [BIGINT]) - [6]
2019-06-13 17:57:27.808 TRACE 81444 --- [    Test worker] o.h.type.descriptor.sql.BasicExtractor   : extracted value ([my_parent_id7_0_] : [BIGINT]) - [854]
2019-06-13 17:57:27.808 TRACE 81444 --- [    Test worker] o.h.type.descriptor.sql.BasicExtractor   : extracted value ([name8_0_] : [VARCHAR]) - [기계자동차공학부]
2019-06-13 17:57:27.809 TRACE 81444 --- [    Test worker] o.h.type.descriptor.sql.BasicExtractor   : extracted value ([id1_0_] : [BIGINT]) - [99]
2019-06-13 17:57:27.809 TRACE 81444 --- [    Test worker] o.h.type.descriptor.sql.BasicExtractor   : extracted value ([code2_0_] : [VARCHAR]) - [X1493]
2019-06-13 17:57:27.809 TRACE 81444 --- [    Test worker] o.h.type.descriptor.sql.BasicExtractor   : extracted value ([date_created3_0_] : [TIMESTAMP]) - [2019-05-23 15:50:45.0]
2019-06-13 17:57:27.809 TRACE 81444 --- [    Test worker] o.h.type.descriptor.sql.BasicExtractor   : extracted value ([is_active4_0_] : [BIT]) - [true]
2019-06-13 17:57:27.809 TRACE 81444 --- [    Test worker] o.h.type.descriptor.sql.BasicExtractor   : extracted value ([last_updated5_0_] : [TIMESTAMP]) - [2019-05-24 14:07:45.0]
2019-06-13 17:57:27.809 TRACE 81444 --- [    Test worker] o.h.type.descriptor.sql.BasicExtractor   : extracted value ([last_updator_id6_0_] : [BIGINT]) - [6]
2019-06-13 17:57:27.809 TRACE 81444 --- [    Test worker] o.h.type.descriptor.sql.BasicExtractor   : extracted value ([my_parent_id7_0_] : [BIGINT]) - [854]
2019-06-13 17:57:27.809 TRACE 81444 --- [    Test worker] o.h.type.descriptor.sql.BasicExtractor   : extracted value ([name8_0_] : [VARCHAR]) - [기계자동차조선해양공학부]
2019-06-13 17:57:27.809 TRACE 81444 --- [    Test worker] o.h.type.descriptor.sql.BasicExtractor   : extracted value ([id1_0_] : [BIGINT]) - [100]
2019-06-13 17:57:27.809 TRACE 81444 --- [    Test worker] o.h.type.descriptor.sql.BasicExtractor   : extracted value ([code2_0_] : [VARCHAR]) - [X1494]
2019-06-13 17:57:27.809 TRACE 81444 --- [    Test worker] o.h.type.descriptor.sql.BasicExtractor   : extracted value ([date_created3_0_] : [TIMESTAMP]) - [2019-05-23 15:50:46.0]
2019-06-13 17:57:27.809 TRACE 81444 --- [    Test worker] o.h.type.descriptor.sql.BasicExtractor   : extracted value ([is_active4_0_] : [BIT]) - [true]
2019-06-13 17:57:27.810 TRACE 81444 --- [    Test worker] o.h.type.descriptor.sql.BasicExtractor   : extracted value ([last_updated5_0_] : [TIMESTAMP]) - [2019-05-24 14:07:45.0]
2019-06-13 17:57:27.810 TRACE 81444 --- [    Test worker] o.h.type.descriptor.sql.BasicExtractor   : extracted value ([last_updator_id6_0_] : [BIGINT]) - [6]
2019-06-13 17:57:27.810 TRACE 81444 --- [    Test worker] o.h.type.descriptor.sql.BasicExtractor   : extracted value ([my_parent_id7_0_] : [BIGINT]) - [871]
2019-06-13 17:57:27.810 TRACE 81444 --- [    Test worker] o.h.type.descriptor.sql.BasicExtractor   : extracted value ([name8_0_] : [VARCHAR]) - [기계융합시스템공학부]
2019-06-13 17:57:27.828 TRACE 81444 --- [    Test worker] o.h.type.descriptor.sql.BasicExtractor   : extracted value ([id1_0_] : [BIGINT]) - [101]
2019-06-13 17:57:27.828 TRACE 81444 --- [    Test worker] o.h.type.descriptor.sql.BasicExtractor   : extracted value ([code2_0_] : [VARCHAR]) - [X1501]
2019-06-13 17:57:27.828 TRACE 81444 --- [    Test worker] o.h.type.descriptor.sql.BasicExtractor   : extracted value ([date_created3_0_] : [TIMESTAMP]) - [2019-05-23 15:50:46.0]
2019-06-13 17:57:27.829 TRACE 81444 --- [    Test worker] o.h.type.descriptor.sql.BasicExtractor   : extracted value ([is_active4_0_] : [BIT]) - [true]
2019-06-13 17:57:27.829 TRACE 81444 --- [    Test worker] o.h.type.descriptor.sql.BasicExtractor   : extracted value ([last_updated5_0_] : [TIMESTAMP]) - [2019-05-24 14:46:34.0]
2019-06-13 17:57:27.829 TRACE 81444 --- [    Test worker] o.h.type.descriptor.sql.BasicExtractor   : extracted value ([last_updator_id6_0_] : [BIGINT]) - [6]
2019-06-13 17:57:27.829 TRACE 81444 --- [    Test worker] o.h.type.descriptor.sql.BasicExtractor   : extracted value ([my_parent_id7_0_] : [BIGINT]) - [854]
2019-06-13 17:57:27.829 TRACE 81444 --- [    Test worker] o.h.type.descriptor.sql.BasicExtractor   : extracted value ([name8_0_] : [VARCHAR]) - [토목공학부]
2019-06-13 17:57:27.829 TRACE 81444 --- [    Test worker] o.h.type.descriptor.sql.BasicExtractor   : extracted value ([id1_0_] : [BIGINT]) - [102]
2019-06-13 17:57:27.829 TRACE 81444 --- [    Test worker] o.h.type.descriptor.sql.BasicExtractor   : extracted value ([code2_0_] : [VARCHAR]) - [X1502]
2019-06-13 17:57:27.829 TRACE 81444 --- [    Test worker] o.h.type.descriptor.sql.BasicExtractor   : extracted value ([date_created3_0_] : [TIMESTAMP]) - [2019-05-23 15:50:46.0]
2019-06-13 17:57:27.829 TRACE 81444 --- [    Test worker] o.h.type.descriptor.sql.BasicExtractor   : extracted value ([is_active4_0_] : [BIT]) - [true]
2019-06-13 17:57:27.829 TRACE 81444 --- [    Test worker] o.h.type.descriptor.sql.BasicExtractor   : extracted value ([last_updated5_0_] : [TIMESTAMP]) - [2019-05-24 14:07:46.0]
2019-06-13 17:57:27.830 TRACE 81444 --- [    Test worker] o.h.type.descriptor.sql.BasicExtractor   : extracted value ([last_updator_id6_0_] : [BIGINT]) - [6]
2019-06-13 17:57:27.830 TRACE 81444 --- [    Test worker] o.h.type.descriptor.sql.BasicExtractor   : extracted value ([my_parent_id7_0_] : [BIGINT]) - [854]
2019-06-13 17:57:27.830 TRACE 81444 --- [    Test worker] o.h.type.descriptor.sql.BasicExtractor   : extracted value ([name8_0_] : [VARCHAR]) - [토목공학과]
2019-06-13 17:57:27.830 TRACE 81444 --- [    Test worker] o.h.type.descriptor.sql.BasicExtractor   : extracted value ([id1_0_] : [BIGINT]) - [103]
2019-06-13 17:57:27.830 TRACE 81444 --- [    Test worker] o.h.type.descriptor.sql.BasicExtractor   : extracted value ([code2_0_] : [VARCHAR]) - [X1511]
2019-06-13 17:57:27.830 TRACE 81444 --- [    Test worker] o.h.type.descriptor.sql.BasicExtractor   : extracted value ([date_created3_0_] : [TIMESTAMP]) - [2019-05-23 15:50:47.0]
2019-06-13 17:57:27.830 TRACE 81444 --- [    Test worker] o.h.type.descriptor.sql.BasicExtractor   : extracted value ([is_active4_0_] : [BIT]) - [true]
2019-06-13 17:57:27.831 TRACE 81444 --- [    Test worker] o.h.type.descriptor.sql.BasicExtractor   : extracted value ([last_updated5_0_] : [TIMESTAMP]) - [2019-05-24 14:07:46.0]
2019-06-13 17:57:27.831 TRACE 81444 --- [    Test worker] o.h.type.descriptor.sql.BasicExtractor   : extracted value ([last_updator_id6_0_] : [BIGINT]) - [6]
2019-06-13 17:57:27.831 TRACE 81444 --- [    Test worker] o.h.type.descriptor.sql.BasicExtractor   : extracted value ([my_parent_id7_0_] : [BIGINT]) - [852]
2019-06-13 17:57:27.831 TRACE 81444 --- [    Test worker] o.h.type.descriptor.sql.BasicExtractor   : extracted value ([name8_0_] : [VARCHAR]) - [사회복지학과]
2019-06-13 17:57:27.831 TRACE 81444 --- [    Test worker] o.h.type.descriptor.sql.BasicExtractor   : extracted value ([id1_0_] : [BIGINT]) - [104]
2019-06-13 17:57:27.831 TRACE 81444 --- [    Test worker] o.h.type.descriptor.sql.BasicExtractor   : extracted value ([code2_0_] : [VARCHAR]) - [X1521]
2019-06-13 17:57:27.831 TRACE 81444 --- [    Test worker] o.h.type.descriptor.sql.BasicExtractor   : extracted value ([date_created3_0_] : [TIMESTAMP]) - [2019-05-23 15:50:47.0]
2019-06-13 17:57:27.831 TRACE 81444 --- [    Test worker] o.h.type.descriptor.sql.BasicExtractor   : extracted value ([is_active4_0_] : [BIT]) - [true]
2019-06-13 17:57:27.831 TRACE 81444 --- [    Test worker] o.h.type.descriptor.sql.BasicExtractor   : extracted value ([last_updated5_0_] : [TIMESTAMP]) - [2019-05-24 14:46:35.0]
2019-06-13 17:57:27.831 TRACE 81444 --- [    Test worker] o.h.type.descriptor.sql.BasicExtractor   : extracted value ([last_updator_id6_0_] : [BIGINT]) - [6]
2019-06-13 17:57:27.832 TRACE 81444 --- [    Test worker] o.h.type.descriptor.sql.BasicExtractor   : extracted value ([my_parent_id7_0_] : [BIGINT]) - [855]
2019-06-13 17:57:27.832 TRACE 81444 --- [    Test worker] o.h.type.descriptor.sql.BasicExtractor   : extracted value ([name8_0_] : [VARCHAR]) - [해양시스템학과]
2019-06-13 17:57:27.832 TRACE 81444 --- [    Test worker] o.h.type.descriptor.sql.BasicExtractor   : extracted value ([id1_0_] : [BIGINT]) - [105]
2019-06-13 17:57:27.832 TRACE 81444 --- [    Test worker] o.h.type.descriptor.sql.BasicExtractor   : extracted value ([code2_0_] : [VARCHAR]) - [X1522]
2019-06-13 17:57:27.832 TRACE 81444 --- [    Test worker] o.h.type.descriptor.sql.BasicExtractor   : extracted value ([date_created3_0_] : [TIMESTAMP]) - [2019-05-23 15:50:47.0]
2019-06-13 17:57:27.832 TRACE 81444 --- [    Test worker] o.h.type.descriptor.sql.BasicExtractor   : extracted value ([is_active4_0_] : [BIT]) - [true]
2019-06-13 17:57:27.832 TRACE 81444 --- [    Test worker] o.h.type.descriptor.sql.BasicExtractor   : extracted value ([last_updated5_0_] : [TIMESTAMP]) - [2019-05-24 14:46:35.0]
2019-06-13 17:57:27.832 TRACE 81444 --- [    Test worker] o.h.type.descriptor.sql.BasicExtractor   : extracted value ([last_updator_id6_0_] : [BIGINT]) - [6]
2019-06-13 17:57:27.832 TRACE 81444 --- [    Test worker] o.h.type.descriptor.sql.BasicExtractor   : extracted value ([my_parent_id7_0_] : [BIGINT]) - [855]
2019-06-13 17:57:27.832 TRACE 81444 --- [    Test worker] o.h.type.descriptor.sql.BasicExtractor   : extracted value ([name8_0_] : [VARCHAR]) - [해양시스템공학과]
2019-06-13 17:57:27.833 TRACE 81444 --- [    Test worker] o.h.type.descriptor.sql.BasicExtractor   : extracted value ([id1_0_] : [BIGINT]) - [106]
2019-06-13 17:57:27.833 TRACE 81444 --- [    Test worker] o.h.type.descriptor.sql.BasicExtractor   : extracted value ([code2_0_] : [VARCHAR]) - [X1531]
2019-06-13 17:57:27.833 TRACE 81444 --- [    Test worker] o.h.type.descriptor.sql.BasicExtractor   : extracted value ([date_created3_0_] : [TIMESTAMP]) - [2019-05-23 15:50:48.0]
2019-06-13 17:57:27.833 TRACE 81444 --- [    Test worker] o.h.type.descriptor.sql.BasicExtractor   : extracted value ([is_active4_0_] : [BIT]) - [true]
2019-06-13 17:57:27.833 TRACE 81444 --- [    Test worker] o.h.type.descriptor.sql.BasicExtractor   : extracted value ([last_updated5_0_] : [TIMESTAMP]) - [2019-05-24 14:07:46.0]
2019-06-13 17:57:27.833 TRACE 81444 --- [    Test worker] o.h.type.descriptor.sql.BasicExtractor   : extracted value ([last_updator_id6_0_] : [BIGINT]) - [6]
2019-06-13 17:57:27.833 TRACE 81444 --- [    Test worker] o.h.type.descriptor.sql.BasicExtractor   : extracted value ([my_parent_id7_0_] : [BIGINT]) - [850]
2019-06-13 17:57:27.833 TRACE 81444 --- [    Test worker] o.h.type.descriptor.sql.BasicExtractor   : extracted value ([name8_0_] : [VARCHAR]) - [철학과]
2019-06-13 17:57:27.833 TRACE 81444 --- [    Test worker] o.h.type.descriptor.sql.BasicExtractor   : extracted value ([id1_0_] : [BIGINT]) - [107]
2019-06-13 17:57:27.833 TRACE 81444 --- [    Test worker] o.h.type.descriptor.sql.BasicExtractor   : extracted value ([code2_0_] : [VARCHAR]) - [X1541]
2019-06-13 17:57:27.834 TRACE 81444 --- [    Test worker] o.h.type.descriptor.sql.BasicExtractor   : extracted value ([date_created3_0_] : [TIMESTAMP]) - [2019-05-23 15:50:48.0]
2019-06-13 17:57:27.834 TRACE 81444 --- [    Test worker] o.h.type.descriptor.sql.BasicExtractor   : extracted value ([is_active4_0_] : [BIT]) - [true]
2019-06-13 17:57:27.835 TRACE 81444 --- [    Test worker] o.h.type.descriptor.sql.BasicExtractor   : extracted value ([last_updated5_0_] : [TIMESTAMP]) - [2019-05-24 14:46:36.0]
2019-06-13 17:57:27.836 TRACE 81444 --- [    Test worker] o.h.type.descriptor.sql.BasicExtractor   : extracted value ([last_updator_id6_0_] : [BIGINT]) - [6]
2019-06-13 17:57:27.836 TRACE 81444 --- [    Test worker] o.h.type.descriptor.sql.BasicExtractor   : extracted value ([my_parent_id7_0_] : [BIGINT]) - [850]
2019-06-13 17:57:27.836 TRACE 81444 --- [    Test worker] o.h.type.descriptor.sql.BasicExtractor   : extracted value ([name8_0_] : [VARCHAR]) - [어문학과군]
2019-06-13 17:57:27.836 TRACE 81444 --- [    Test worker] o.h.type.descriptor.sql.BasicExtractor   : extracted value ([id1_0_] : [BIGINT]) - [108]
2019-06-13 17:57:27.836 TRACE 81444 --- [    Test worker] o.h.type.descriptor.sql.BasicExtractor   : extracted value ([code2_0_] : [VARCHAR]) - [X1551]
2019-06-13 17:57:27.837 TRACE 81444 --- [    Test worker] o.h.type.descriptor.sql.BasicExtractor   : extracted value ([date_created3_0_] : [TIMESTAMP]) - [2019-05-23 15:50:49.0]
2019-06-13 17:57:27.837 TRACE 81444 --- [    Test worker] o.h.type.descriptor.sql.BasicExtractor   : extracted value ([is_active4_0_] : [BIT]) - [true]
2019-06-13 17:57:27.837 TRACE 81444 --- [    Test worker] o.h.type.descriptor.sql.BasicExtractor   : extracted value ([last_updated5_0_] : [TIMESTAMP]) - [2019-05-24 14:46:36.0]
2019-06-13 17:57:27.837 TRACE 81444 --- [    Test worker] o.h.type.descriptor.sql.BasicExtractor   : extracted value ([last_updator_id6_0_] : [BIGINT]) - [6]
2019-06-13 17:57:27.837 TRACE 81444 --- [    Test worker] o.h.type.descriptor.sql.BasicExtractor   : extracted value ([my_parent_id7_0_] : [BIGINT]) - [850]
2019-06-13 17:57:27.837 TRACE 81444 --- [    Test worker] o.h.type.descriptor.sql.BasicExtractor   : extracted value ([name8_0_] : [VARCHAR]) - [사학철학과군]
2019-06-13 17:57:27.837 TRACE 81444 --- [    Test worker] o.h.type.descriptor.sql.BasicExtractor   : extracted value ([id1_0_] : [BIGINT]) - [109]
2019-06-13 17:57:27.837 TRACE 81444 --- [    Test worker] o.h.type.descriptor.sql.BasicExtractor   : extracted value ([code2_0_] : [VARCHAR]) - [X1561]
2019-06-13 17:57:27.837 TRACE 81444 --- [    Test worker] o.h.type.descriptor.sql.BasicExtractor   : extracted value ([date_created3_0_] : [TIMESTAMP]) - [2019-05-23 15:50:49.0]
2019-06-13 17:57:27.837 TRACE 81444 --- [    Test worker] o.h.type.descriptor.sql.BasicExtractor   : extracted value ([is_active4_0_] : [BIT]) - [true]
2019-06-13 17:57:27.837 TRACE 81444 --- [    Test worker] o.h.type.descriptor.sql.BasicExtractor   : extracted value ([last_updated5_0_] : [TIMESTAMP]) - [2019-05-24 14:46:36.0]
2019-06-13 17:57:27.837 TRACE 81444 --- [    Test worker] o.h.type.descriptor.sql.BasicExtractor   : extracted value ([last_updator_id6_0_] : [BIGINT]) - [6]
2019-06-13 17:57:27.837 TRACE 81444 --- [    Test worker] o.h.type.descriptor.sql.BasicExtractor   : extracted value ([my_parent_id7_0_] : [BIGINT]) - [852]
2019-06-13 17:57:27.838 TRACE 81444 --- [    Test worker] o.h.type.descriptor.sql.BasicExtractor   : extracted value ([name8_0_] : [VARCHAR]) - [행정복지학과군]
2019-06-13 17:57:27.838 TRACE 81444 --- [    Test worker] o.h.type.descriptor.sql.BasicExtractor   : extracted value ([id1_0_] : [BIGINT]) - [110]
2019-06-13 17:57:27.838 TRACE 81444 --- [    Test worker] o.h.type.descriptor.sql.BasicExtractor   : extracted value ([code2_0_] : [VARCHAR]) - [X1571]
2019-06-13 17:57:27.838 TRACE 81444 --- [    Test worker] o.h.type.descriptor.sql.BasicExtractor   : extracted value ([date_created3_0_] : [TIMESTAMP]) - [2019-05-23 15:50:49.0]
2019-06-13 17:57:27.838 TRACE 81444 --- [    Test worker] o.h.type.descriptor.sql.BasicExtractor   : extracted value ([is_active4_0_] : [BIT]) - [true]
2019-06-13 17:57:27.838 TRACE 81444 --- [    Test worker] o.h.type.descriptor.sql.BasicExtractor   : extracted value ([last_updated5_0_] : [TIMESTAMP]) - [2019-05-24 14:46:37.0]
2019-06-13 17:57:27.838 TRACE 81444 --- [    Test worker] o.h.type.descriptor.sql.BasicExtractor   : extracted value ([last_updator_id6_0_] : [BIGINT]) - [6]
2019-06-13 17:57:27.838 TRACE 81444 --- [    Test worker] o.h.type.descriptor.sql.BasicExtractor   : extracted value ([my_parent_id7_0_] : [BIGINT]) - [852]
2019-06-13 17:57:27.838 TRACE 81444 --- [    Test worker] o.h.type.descriptor.sql.BasicExtractor   : extracted value ([name8_0_] : [VARCHAR]) - [경제무역학과군]
2019-06-13 17:57:27.858 TRACE 81444 --- [    Test worker] o.h.type.descriptor.sql.BasicExtractor   : extracted value ([id1_0_] : [BIGINT]) - [111]
2019-06-13 17:57:27.858 TRACE 81444 --- [    Test worker] o.h.type.descriptor.sql.BasicExtractor   : extracted value ([code2_0_] : [VARCHAR]) - [X1581]
2019-06-13 17:57:27.858 TRACE 81444 --- [    Test worker] o.h.type.descriptor.sql.BasicExtractor   : extracted value ([date_created3_0_] : [TIMESTAMP]) - [2019-05-23 15:50:50.0]
2019-06-13 17:57:27.858 TRACE 81444 --- [    Test worker] o.h.type.descriptor.sql.BasicExtractor   : extracted value ([is_active4_0_] : [BIT]) - [true]
2019-06-13 17:57:27.859 TRACE 81444 --- [    Test worker] o.h.type.descriptor.sql.BasicExtractor   : extracted value ([last_updated5_0_] : [TIMESTAMP]) - [2019-05-24 14:07:47.0]
2019-06-13 17:57:27.859 TRACE 81444 --- [    Test worker] o.h.type.descriptor.sql.BasicExtractor   : extracted value ([last_updator_id6_0_] : [BIGINT]) - [6]
2019-06-13 17:57:27.859 TRACE 81444 --- [    Test worker] o.h.type.descriptor.sql.BasicExtractor   : extracted value ([my_parent_id7_0_] : [BIGINT]) - [852]
2019-06-13 17:57:27.859 TRACE 81444 --- [    Test worker] o.h.type.descriptor.sql.BasicExtractor   : extracted value ([name8_0_] : [VARCHAR]) - [경영회계학부]
2019-06-13 17:57:27.859 TRACE 81444 --- [    Test worker] o.h.type.descriptor.sql.BasicExtractor   : extracted value ([id1_0_] : [BIGINT]) - [112]
2019-06-13 17:57:27.859 TRACE 81444 --- [    Test worker] o.h.type.descriptor.sql.BasicExtractor   : extracted value ([code2_0_] : [VARCHAR]) - [X1591]
2019-06-13 17:57:27.859 TRACE 81444 --- [    Test worker] o.h.type.descriptor.sql.BasicExtractor   : extracted value ([date_created3_0_] : [TIMESTAMP]) - [2019-05-23 15:50:50.0]
2019-06-13 17:57:27.859 TRACE 81444 --- [    Test worker] o.h.type.descriptor.sql.BasicExtractor   : extracted value ([is_active4_0_] : [BIT]) - [true]
2019-06-13 17:57:27.859 TRACE 81444 --- [    Test worker] o.h.type.descriptor.sql.BasicExtractor   : extracted value ([last_updated5_0_] : [TIMESTAMP]) - [2019-05-24 14:46:37.0]
2019-06-13 17:57:27.860 TRACE 81444 --- [    Test worker] o.h.type.descriptor.sql.BasicExtractor   : extracted value ([last_updator_id6_0_] : [BIGINT]) - [6]
2019-06-13 17:57:27.860 TRACE 81444 --- [    Test worker] o.h.type.descriptor.sql.BasicExtractor   : extracted value ([my_parent_id7_0_] : [BIGINT]) - [853]
2019-06-13 17:57:27.860 TRACE 81444 --- [    Test worker] o.h.type.descriptor.sql.BasicExtractor   : extracted value ([name8_0_] : [VARCHAR]) - [과학기술정보학과군]
2019-06-13 17:57:27.860 TRACE 81444 --- [    Test worker] o.h.type.descriptor.sql.BasicExtractor   : extracted value ([id1_0_] : [BIGINT]) - [113]
2019-06-13 17:57:27.860 TRACE 81444 --- [    Test worker] o.h.type.descriptor.sql.BasicExtractor   : extracted value ([code2_0_] : [VARCHAR]) - [X1601]
2019-06-13 17:57:27.860 TRACE 81444 --- [    Test worker] o.h.type.descriptor.sql.BasicExtractor   : extracted value ([date_created3_0_] : [TIMESTAMP]) - [2019-05-23 15:50:50.0]
2019-06-13 17:57:27.860 TRACE 81444 --- [    Test worker] o.h.type.descriptor.sql.BasicExtractor   : extracted value ([is_active4_0_] : [BIT]) - [true]
2019-06-13 17:57:27.861 TRACE 81444 --- [    Test worker] o.h.type.descriptor.sql.BasicExtractor   : extracted value ([last_updated5_0_] : [TIMESTAMP]) - [2019-05-24 14:46:37.0]
2019-06-13 17:57:27.861 TRACE 81444 --- [    Test worker] o.h.type.descriptor.sql.BasicExtractor   : extracted value ([last_updator_id6_0_] : [BIGINT]) - [6]
2019-06-13 17:57:27.861 TRACE 81444 --- [    Test worker] o.h.type.descriptor.sql.BasicExtractor   : extracted value ([my_parent_id7_0_] : [BIGINT]) - [853]
2019-06-13 17:57:27.861 TRACE 81444 --- [    Test worker] o.h.type.descriptor.sql.BasicExtractor   : extracted value ([name8_0_] : [VARCHAR]) - [생활과학과군]
2019-06-13 17:57:27.861 TRACE 81444 --- [    Test worker] o.h.type.descriptor.sql.BasicExtractor   : extracted value ([id1_0_] : [BIGINT]) - [114]
2019-06-13 17:57:27.862 TRACE 81444 --- [    Test worker] o.h.type.descriptor.sql.BasicExtractor   : extracted value ([code2_0_] : [VARCHAR]) - [X1611]
2019-06-13 17:57:27.862 TRACE 81444 --- [    Test worker] o.h.type.descriptor.sql.BasicExtractor   : extracted value ([date_created3_0_] : [TIMESTAMP]) - [2019-05-23 15:50:51.0]
2019-06-13 17:57:27.862 TRACE 81444 --- [    Test worker] o.h.type.descriptor.sql.BasicExtractor   : extracted value ([is_active4_0_] : [BIT]) - [true]
2019-06-13 17:57:27.862 TRACE 81444 --- [    Test worker] o.h.type.descriptor.sql.BasicExtractor   : extracted value ([last_updated5_0_] : [TIMESTAMP]) - [2019-05-24 14:46:38.0]
2019-06-13 17:57:27.862 TRACE 81444 --- [    Test worker] o.h.type.descriptor.sql.BasicExtractor   : extracted value ([last_updator_id6_0_] : [BIGINT]) - [6]
2019-06-13 17:57:27.862 TRACE 81444 --- [    Test worker] o.h.type.descriptor.sql.BasicExtractor   : extracted value ([my_parent_id7_0_] : [BIGINT]) - [854]
2019-06-13 17:57:27.863 TRACE 81444 --- [    Test worker] o.h.type.descriptor.sql.BasicExtractor   : extracted value ([name8_0_] : [VARCHAR]) - [전기전자제어공학부]
2019-06-13 17:57:27.863 TRACE 81444 --- [    Test worker] o.h.type.descriptor.sql.BasicExtractor   : extracted value ([id1_0_] : [BIGINT]) - [115]
2019-06-13 17:57:27.863 TRACE 81444 --- [    Test worker] o.h.type.descriptor.sql.BasicExtractor   : extracted value ([code2_0_] : [VARCHAR]) - [X1621]
2019-06-13 17:57:27.863 TRACE 81444 --- [    Test worker] o.h.type.descriptor.sql.BasicExtractor   : extracted value ([date_created3_0_] : [TIMESTAMP]) - [2019-05-23 15:50:51.0]
2019-06-13 17:57:27.863 TRACE 81444 --- [    Test worker] o.h.type.descriptor.sql.BasicExtractor   : extracted value ([is_active4_0_] : [BIT]) - [true]
2019-06-13 17:57:27.863 TRACE 81444 --- [    Test worker] o.h.type.descriptor.sql.BasicExtractor   : extracted value ([last_updated5_0_] : [TIMESTAMP]) - [2019-05-24 14:46:38.0]
2019-06-13 17:57:27.864 TRACE 81444 --- [    Test worker] o.h.type.descriptor.sql.BasicExtractor   : extracted value ([last_updator_id6_0_] : [BIGINT]) - [6]
2019-06-13 17:57:27.864 TRACE 81444 --- [    Test worker] o.h.type.descriptor.sql.BasicExtractor   : extracted value ([my_parent_id7_0_] : [BIGINT]) - [854]
2019-06-13 17:57:27.864 TRACE 81444 --- [    Test worker] o.h.type.descriptor.sql.BasicExtractor   : extracted value ([name8_0_] : [VARCHAR]) - [정보통신전파공학부]
2019-06-13 17:57:27.864 TRACE 81444 --- [    Test worker] o.h.type.descriptor.sql.BasicExtractor   : extracted value ([id1_0_] : [BIGINT]) - [116]
2019-06-13 17:57:27.864 TRACE 81444 --- [    Test worker] o.h.type.descriptor.sql.BasicExtractor   : extracted value ([code2_0_] : [VARCHAR]) - [X1631]
2019-06-13 17:57:27.864 TRACE 81444 --- [    Test worker] o.h.type.descriptor.sql.BasicExtractor   : extracted value ([date_created3_0_] : [TIMESTAMP]) - [2019-05-23 15:50:52.0]
2019-06-13 17:57:27.864 TRACE 81444 --- [    Test worker] o.h.type.descriptor.sql.BasicExtractor   : extracted value ([is_active4_0_] : [BIT]) - [true]
2019-06-13 17:57:27.865 TRACE 81444 --- [    Test worker] o.h.type.descriptor.sql.BasicExtractor   : extracted value ([last_updated5_0_] : [TIMESTAMP]) - [2019-05-24 14:46:38.0]
2019-06-13 17:57:27.865 TRACE 81444 --- [    Test worker] o.h.type.descriptor.sql.BasicExtractor   : extracted value ([last_updator_id6_0_] : [BIGINT]) - [6]
2019-06-13 17:57:27.865 TRACE 81444 --- [    Test worker] o.h.type.descriptor.sql.BasicExtractor   : extracted value ([my_parent_id7_0_] : [BIGINT]) - [854]
2019-06-13 17:57:27.865 TRACE 81444 --- [    Test worker] o.h.type.descriptor.sql.BasicExtractor   : extracted value ([name8_0_] : [VARCHAR]) - [재료환경건축공학과군]
2019-06-13 17:57:27.865 TRACE 81444 --- [    Test worker] o.h.type.descriptor.sql.BasicExtractor   : extracted value ([id1_0_] : [BIGINT]) - [117]
2019-06-13 17:57:27.866 TRACE 81444 --- [    Test worker] o.h.type.descriptor.sql.BasicExtractor   : extracted value ([code2_0_] : [VARCHAR]) - [X1641]
2019-06-13 17:57:27.866 TRACE 81444 --- [    Test worker] o.h.type.descriptor.sql.BasicExtractor   : extracted value ([date_created3_0_] : [TIMESTAMP]) - [2019-05-23 15:50:52.0]
2019-06-13 17:57:27.866 TRACE 81444 --- [    Test worker] o.h.type.descriptor.sql.BasicExtractor   : extracted value ([is_active4_0_] : [BIT]) - [true]
2019-06-13 17:57:27.866 TRACE 81444 --- [    Test worker] o.h.type.descriptor.sql.BasicExtractor   : extracted value ([last_updated5_0_] : [TIMESTAMP]) - [2019-05-24 14:46:39.0]
2019-06-13 17:57:27.866 TRACE 81444 --- [    Test worker] o.h.type.descriptor.sql.BasicExtractor   : extracted value ([last_updator_id6_0_] : [BIGINT]) - [6]
2019-06-13 17:57:27.867 TRACE 81444 --- [    Test worker] o.h.type.descriptor.sql.BasicExtractor   : extracted value ([my_parent_id7_0_] : [BIGINT]) - [855]
2019-06-13 17:57:27.867 TRACE 81444 --- [    Test worker] o.h.type.descriptor.sql.BasicExtractor   : extracted value ([name8_0_] : [VARCHAR]) - [해양생명과학과군]
2019-06-13 17:57:27.867 TRACE 81444 --- [    Test worker] o.h.type.descriptor.sql.BasicExtractor   : extracted value ([id1_0_] : [BIGINT]) - [118]
2019-06-13 17:57:27.867 TRACE 81444 --- [    Test worker] o.h.type.descriptor.sql.BasicExtractor   : extracted value ([code2_0_] : [VARCHAR]) - [X1651]
2019-06-13 17:57:27.867 TRACE 81444 --- [    Test worker] o.h.type.descriptor.sql.BasicExtractor   : extracted value ([date_created3_0_] : [TIMESTAMP]) - [2019-05-23 15:50:52.0]
2019-06-13 17:57:27.867 TRACE 81444 --- [    Test worker] o.h.type.descriptor.sql.BasicExtractor   : extracted value ([is_active4_0_] : [BIT]) - [true]
2019-06-13 17:57:27.868 TRACE 81444 --- [    Test worker] o.h.type.descriptor.sql.BasicExtractor   : extracted value ([last_updated5_0_] : [TIMESTAMP]) - [2019-05-24 14:46:39.0]
2019-06-13 17:57:27.868 TRACE 81444 --- [    Test worker] o.h.type.descriptor.sql.BasicExtractor   : extracted value ([last_updator_id6_0_] : [BIGINT]) - [6]
2019-06-13 17:57:27.868 TRACE 81444 --- [    Test worker] o.h.type.descriptor.sql.BasicExtractor   : extracted value ([my_parent_id7_0_] : [BIGINT]) - [855]
2019-06-13 17:57:27.868 TRACE 81444 --- [    Test worker] o.h.type.descriptor.sql.BasicExtractor   : extracted value ([name8_0_] : [VARCHAR]) - [해양생산학기관공학과군]
2019-06-13 17:57:27.868 TRACE 81444 --- [    Test worker] o.h.type.descriptor.sql.BasicExtractor   : extracted value ([id1_0_] : [BIGINT]) - [119]
2019-06-13 17:57:27.868 TRACE 81444 --- [    Test worker] o.h.type.descriptor.sql.BasicExtractor   : extracted value ([code2_0_] : [VARCHAR]) - [X1661]
2019-06-13 17:57:27.869 TRACE 81444 --- [    Test worker] o.h.type.descriptor.sql.BasicExtractor   : extracted value ([date_created3_0_] : [TIMESTAMP]) - [2019-05-23 15:50:53.0]
2019-06-13 17:57:27.869 TRACE 81444 --- [    Test worker] o.h.type.descriptor.sql.BasicExtractor   : extracted value ([is_active4_0_] : [BIT]) - [true]
2019-06-13 17:57:27.869 TRACE 81444 --- [    Test worker] o.h.type.descriptor.sql.BasicExtractor   : extracted value ([last_updated5_0_] : [TIMESTAMP]) - [2019-05-24 14:46:39.0]
2019-06-13 17:57:27.869 TRACE 81444 --- [    Test worker] o.h.type.descriptor.sql.BasicExtractor   : extracted value ([last_updator_id6_0_] : [BIGINT]) - [6]
2019-06-13 17:57:27.869 TRACE 81444 --- [    Test worker] o.h.type.descriptor.sql.BasicExtractor   : extracted value ([my_parent_id7_0_] : [BIGINT]) - [855]
2019-06-13 17:57:27.869 TRACE 81444 --- [    Test worker] o.h.type.descriptor.sql.BasicExtractor   : extracted value ([name8_0_] : [VARCHAR]) - [해양응용공학과군]
2019-06-13 17:57:27.869 TRACE 81444 --- [    Test worker] o.h.type.descriptor.sql.BasicExtractor   : extracted value ([id1_0_] : [BIGINT]) - [120]
2019-06-13 17:57:27.869 TRACE 81444 --- [    Test worker] o.h.type.descriptor.sql.BasicExtractor   : extracted value ([code2_0_] : [VARCHAR]) - [X1671]
2019-06-13 17:57:27.870 TRACE 81444 --- [    Test worker] o.h.type.descriptor.sql.BasicExtractor   : extracted value ([date_created3_0_] : [TIMESTAMP]) - [2019-05-23 15:50:53.0]
2019-06-13 17:57:27.870 TRACE 81444 --- [    Test worker] o.h.type.descriptor.sql.BasicExtractor   : extracted value ([is_active4_0_] : [BIT]) - [true]
2019-06-13 17:57:27.870 TRACE 81444 --- [    Test worker] o.h.type.descriptor.sql.BasicExtractor   : extracted value ([last_updated5_0_] : [TIMESTAMP]) - [2019-05-24 14:07:47.0]
2019-06-13 17:57:27.870 TRACE 81444 --- [    Test worker] o.h.type.descriptor.sql.BasicExtractor   : extracted value ([last_updator_id6_0_] : [BIGINT]) - [6]
2019-06-13 17:57:27.870 TRACE 81444 --- [    Test worker] o.h.type.descriptor.sql.BasicExtractor   : extracted value ([my_parent_id7_0_] : [BIGINT]) - [850]
2019-06-13 17:57:27.870 TRACE 81444 --- [    Test worker] o.h.type.descriptor.sql.BasicExtractor   : extracted value ([name8_0_] : [VARCHAR]) - [동양어문학부]
2019-06-13 17:57:27.888 TRACE 81444 --- [    Test worker] o.h.type.descriptor.sql.BasicExtractor   : extracted value ([id1_0_] : [BIGINT]) - [121]
2019-06-13 17:57:27.888 TRACE 81444 --- [    Test worker] o.h.type.descriptor.sql.BasicExtractor   : extracted value ([code2_0_] : [VARCHAR]) - [X1672]
2019-06-13 17:57:27.888 TRACE 81444 --- [    Test worker] o.h.type.descriptor.sql.BasicExtractor   : extracted value ([date_created3_0_] : [TIMESTAMP]) - [2019-05-23 15:50:54.0]
2019-06-13 17:57:27.888 TRACE 81444 --- [    Test worker] o.h.type.descriptor.sql.BasicExtractor   : extracted value ([is_active4_0_] : [BIT]) - [true]
2019-06-13 17:57:27.888 TRACE 81444 --- [    Test worker] o.h.type.descriptor.sql.BasicExtractor   : extracted value ([last_updated5_0_] : [TIMESTAMP]) - [2019-05-24 14:07:47.0]
2019-06-13 17:57:27.888 TRACE 81444 --- [    Test worker] o.h.type.descriptor.sql.BasicExtractor   : extracted value ([last_updator_id6_0_] : [BIGINT]) - [6]
2019-06-13 17:57:27.888 TRACE 81444 --- [    Test worker] o.h.type.descriptor.sql.BasicExtractor   : extracted value ([my_parent_id7_0_] : [BIGINT]) - [850]
2019-06-13 17:57:27.888 TRACE 81444 --- [    Test worker] o.h.type.descriptor.sql.BasicExtractor   : extracted value ([name8_0_] : [VARCHAR]) - [동아시아학부]
2019-06-13 17:57:27.889 TRACE 81444 --- [    Test worker] o.h.type.descriptor.sql.BasicExtractor   : extracted value ([id1_0_] : [BIGINT]) - [122]
2019-06-13 17:57:27.889 TRACE 81444 --- [    Test worker] o.h.type.descriptor.sql.BasicExtractor   : extracted value ([code2_0_] : [VARCHAR]) - [X1681]
2019-06-13 17:57:27.889 TRACE 81444 --- [    Test worker] o.h.type.descriptor.sql.BasicExtractor   : extracted value ([date_created3_0_] : [TIMESTAMP]) - [2019-05-23 15:50:54.0]
2019-06-13 17:57:27.889 TRACE 81444 --- [    Test worker] o.h.type.descriptor.sql.BasicExtractor   : extracted value ([is_active4_0_] : [BIT]) - [true]
2019-06-13 17:57:27.889 TRACE 81444 --- [    Test worker] o.h.type.descriptor.sql.BasicExtractor   : extracted value ([last_updated5_0_] : [TIMESTAMP]) - [2019-05-24 14:46:40.0]
2019-06-13 17:57:27.889 TRACE 81444 --- [    Test worker] o.h.type.descriptor.sql.BasicExtractor   : extracted value ([last_updator_id6_0_] : [BIGINT]) - [6]
2019-06-13 17:57:27.889 TRACE 81444 --- [    Test worker] o.h.type.descriptor.sql.BasicExtractor   : extracted value ([my_parent_id7_0_] : [BIGINT]) - [850]
2019-06-13 17:57:27.889 TRACE 81444 --- [    Test worker] o.h.type.descriptor.sql.BasicExtractor   : extracted value ([name8_0_] : [VARCHAR]) - [문화유럽학부]
2019-06-13 17:57:27.889 TRACE 81444 --- [    Test worker] o.h.type.descriptor.sql.BasicExtractor   : extracted value ([id1_0_] : [BIGINT]) - [123]
2019-06-13 17:57:27.889 TRACE 81444 --- [    Test worker] o.h.type.descriptor.sql.BasicExtractor   : extracted value ([code2_0_] : [VARCHAR]) - [X1682]
2019-06-13 17:57:27.890 TRACE 81444 --- [    Test worker] o.h.type.descriptor.sql.BasicExtractor   : extracted value ([date_created3_0_] : [TIMESTAMP]) - [2019-05-23 15:50:54.0]
2019-06-13 17:57:27.890 TRACE 81444 --- [    Test worker] o.h.type.descriptor.sql.BasicExtractor   : extracted value ([is_active4_0_] : [BIT]) - [true]
2019-06-13 17:57:27.890 TRACE 81444 --- [    Test worker] o.h.type.descriptor.sql.BasicExtractor   : extracted value ([last_updated5_0_] : [TIMESTAMP]) - [2019-05-24 14:07:48.0]
2019-06-13 17:57:27.890 TRACE 81444 --- [    Test worker] o.h.type.descriptor.sql.BasicExtractor   : extracted value ([last_updator_id6_0_] : [BIGINT]) - [6]
2019-06-13 17:57:27.890 TRACE 81444 --- [    Test worker] o.h.type.descriptor.sql.BasicExtractor   : extracted value ([my_parent_id7_0_] : [BIGINT]) - [850]
2019-06-13 17:57:27.890 TRACE 81444 --- [    Test worker] o.h.type.descriptor.sql.BasicExtractor   : extracted value ([name8_0_] : [VARCHAR]) - [역사철학부]
2019-06-13 17:57:27.890 TRACE 81444 --- [    Test worker] o.h.type.descriptor.sql.BasicExtractor   : extracted value ([id1_0_] : [BIGINT]) - [124]
2019-06-13 17:57:27.890 TRACE 81444 --- [    Test worker] o.h.type.descriptor.sql.BasicExtractor   : extracted value ([code2_0_] : [VARCHAR]) - [X1691]
2019-06-13 17:57:27.891 TRACE 81444 --- [    Test worker] o.h.type.descriptor.sql.BasicExtractor   : extracted value ([date_created3_0_] : [TIMESTAMP]) - [2019-05-23 15:50:55.0]
2019-06-13 17:57:27.891 TRACE 81444 --- [    Test worker] o.h.type.descriptor.sql.BasicExtractor   : extracted value ([is_active4_0_] : [BIT]) - [true]
2019-06-13 17:57:27.891 TRACE 81444 --- [    Test worker] o.h.type.descriptor.sql.BasicExtractor   : extracted value ([last_updated5_0_] : [TIMESTAMP]) - [2019-05-24 14:07:48.0]
2019-06-13 17:57:27.891 TRACE 81444 --- [    Test worker] o.h.type.descriptor.sql.BasicExtractor   : extracted value ([last_updator_id6_0_] : [BIGINT]) - [6]
2019-06-13 17:57:27.891 TRACE 81444 --- [    Test worker] o.h.type.descriptor.sql.BasicExtractor   : extracted value ([my_parent_id7_0_] : [BIGINT]) - [852]
2019-06-13 17:57:27.891 TRACE 81444 --- [    Test worker] o.h.type.descriptor.sql.BasicExtractor   : extracted value ([name8_0_] : [VARCHAR]) - [행정복지학부]
2019-06-13 17:57:27.891 TRACE 81444 --- [    Test worker] o.h.type.descriptor.sql.BasicExtractor   : extracted value ([id1_0_] : [BIGINT]) - [125]
2019-06-13 17:57:27.891 TRACE 81444 --- [    Test worker] o.h.type.descriptor.sql.BasicExtractor   : extracted value ([code2_0_] : [VARCHAR]) - [X1692]
2019-06-13 17:57:27.892 TRACE 81444 --- [    Test worker] o.h.type.descriptor.sql.BasicExtractor   : extracted value ([date_created3_0_] : [TIMESTAMP]) - [2019-05-23 15:50:55.0]
2019-06-13 17:57:27.892 TRACE 81444 --- [    Test worker] o.h.type.descriptor.sql.BasicExtractor   : extracted value ([is_active4_0_] : [BIT]) - [true]
2019-06-13 17:57:27.892 TRACE 81444 --- [    Test worker] o.h.type.descriptor.sql.BasicExtractor   : extracted value ([last_updated5_0_] : [TIMESTAMP]) - [2019-05-24 14:07:48.0]
2019-06-13 17:57:27.892 TRACE 81444 --- [    Test worker] o.h.type.descriptor.sql.BasicExtractor   : extracted value ([last_updator_id6_0_] : [BIGINT]) - [6]
2019-06-13 17:57:27.892 TRACE 81444 --- [    Test worker] o.h.type.descriptor.sql.BasicExtractor   : extracted value ([my_parent_id7_0_] : [BIGINT]) - [852]
2019-06-13 17:57:27.892 TRACE 81444 --- [    Test worker] o.h.type.descriptor.sql.BasicExtractor   : extracted value ([name8_0_] : [VARCHAR]) - [행정경제학부]
2019-06-13 17:57:27.892 TRACE 81444 --- [    Test worker] o.h.type.descriptor.sql.BasicExtractor   : extracted value ([id1_0_] : [BIGINT]) - [126]
2019-06-13 17:57:27.892 TRACE 81444 --- [    Test worker] o.h.type.descriptor.sql.BasicExtractor   : extracted value ([code2_0_] : [VARCHAR]) - [X1701]
2019-06-13 17:57:27.892 TRACE 81444 --- [    Test worker] o.h.type.descriptor.sql.BasicExtractor   : extracted value ([date_created3_0_] : [TIMESTAMP]) - [2019-05-23 15:50:55.0]
2019-06-13 17:57:27.892 TRACE 81444 --- [    Test worker] o.h.type.descriptor.sql.BasicExtractor   : extracted value ([is_active4_0_] : [BIT]) - [true]
2019-06-13 17:57:27.892 TRACE 81444 --- [    Test worker] o.h.type.descriptor.sql.BasicExtractor   : extracted value ([last_updated5_0_] : [TIMESTAMP]) - [2019-05-24 14:07:49.0]
2019-06-13 17:57:27.892 TRACE 81444 --- [    Test worker] o.h.type.descriptor.sql.BasicExtractor   : extracted value ([last_updator_id6_0_] : [BIGINT]) - [6]
2019-06-13 17:57:27.892 TRACE 81444 --- [    Test worker] o.h.type.descriptor.sql.BasicExtractor   : extracted value ([my_parent_id7_0_] : [BIGINT]) - [852]
2019-06-13 17:57:27.892 TRACE 81444 --- [    Test worker] o.h.type.descriptor.sql.BasicExtractor   : extracted value ([name8_0_] : [VARCHAR]) - [경제통상학부]
2019-06-13 17:57:27.892 TRACE 81444 --- [    Test worker] o.h.type.descriptor.sql.BasicExtractor   : extracted value ([id1_0_] : [BIGINT]) - [127]
2019-06-13 17:57:27.893 TRACE 81444 --- [    Test worker] o.h.type.descriptor.sql.BasicExtractor   : extracted value ([code2_0_] : [VARCHAR]) - [X1711]
2019-06-13 17:57:27.893 TRACE 81444 --- [    Test worker] o.h.type.descriptor.sql.BasicExtractor   : extracted value ([date_created3_0_] : [TIMESTAMP]) - [2019-05-23 15:50:56.0]
2019-06-13 17:57:27.893 TRACE 81444 --- [    Test worker] o.h.type.descriptor.sql.BasicExtractor   : extracted value ([is_active4_0_] : [BIT]) - [true]
2019-06-13 17:57:27.893 TRACE 81444 --- [    Test worker] o.h.type.descriptor.sql.BasicExtractor   : extracted value ([last_updated5_0_] : [TIMESTAMP]) - [2019-05-24 14:07:49.0]
2019-06-13 17:57:27.893 TRACE 81444 --- [    Test worker] o.h.type.descriptor.sql.BasicExtractor   : extracted value ([last_updator_id6_0_] : [BIGINT]) - [6]
2019-06-13 17:57:27.893 TRACE 81444 --- [    Test worker] o.h.type.descriptor.sql.BasicExtractor   : extracted value ([my_parent_id7_0_] : [BIGINT]) - [853]
2019-06-13 17:57:27.893 TRACE 81444 --- [    Test worker] o.h.type.descriptor.sql.BasicExtractor   : extracted value ([name8_0_] : [VARCHAR]) - [과학기술학부]
2019-06-13 17:57:27.893 TRACE 81444 --- [    Test worker] o.h.type.descriptor.sql.BasicExtractor   : extracted value ([id1_0_] : [BIGINT]) - [128]
2019-06-13 17:57:27.893 TRACE 81444 --- [    Test worker] o.h.type.descriptor.sql.BasicExtractor   : extracted value ([code2_0_] : [VARCHAR]) - [X1721]
2019-06-13 17:57:27.893 TRACE 81444 --- [    Test worker] o.h.type.descriptor.sql.BasicExtractor   : extracted value ([date_created3_0_] : [TIMESTAMP]) - [2019-05-23 15:50:56.0]
2019-06-13 17:57:27.893 TRACE 81444 --- [    Test worker] o.h.type.descriptor.sql.BasicExtractor   : extracted value ([is_active4_0_] : [BIT]) - [true]
2019-06-13 17:57:27.893 TRACE 81444 --- [    Test worker] o.h.type.descriptor.sql.BasicExtractor   : extracted value ([last_updated5_0_] : [TIMESTAMP]) - [2019-05-24 14:46:42.0]
2019-06-13 17:57:27.894 TRACE 81444 --- [    Test worker] o.h.type.descriptor.sql.BasicExtractor   : extracted value ([last_updator_id6_0_] : [BIGINT]) - [6]
2019-06-13 17:57:27.894 TRACE 81444 --- [    Test worker] o.h.type.descriptor.sql.BasicExtractor   : extracted value ([my_parent_id7_0_] : [BIGINT]) - [853]
2019-06-13 17:57:27.894 TRACE 81444 --- [    Test worker] o.h.type.descriptor.sql.BasicExtractor   : extracted value ([name8_0_] : [VARCHAR]) - [수리정보통계학부]
2019-06-13 17:57:27.894 TRACE 81444 --- [    Test worker] o.h.type.descriptor.sql.BasicExtractor   : extracted value ([id1_0_] : [BIGINT]) - [129]
2019-06-13 17:57:27.894 TRACE 81444 --- [    Test worker] o.h.type.descriptor.sql.BasicExtractor   : extracted value ([code2_0_] : [VARCHAR]) - [X1722]
2019-06-13 17:57:27.894 TRACE 81444 --- [    Test worker] o.h.type.descriptor.sql.BasicExtractor   : extracted value ([date_created3_0_] : [TIMESTAMP]) - [2019-05-23 15:50:56.0]
2019-06-13 17:57:27.894 TRACE 81444 --- [    Test worker] o.h.type.descriptor.sql.BasicExtractor   : extracted value ([is_active4_0_] : [BIT]) - [true]
2019-06-13 17:57:27.894 TRACE 81444 --- [    Test worker] o.h.type.descriptor.sql.BasicExtractor   : extracted value ([last_updated5_0_] : [TIMESTAMP]) - [2019-05-24 14:07:49.0]
2019-06-13 17:57:27.894 TRACE 81444 --- [    Test worker] o.h.type.descriptor.sql.BasicExtractor   : extracted value ([last_updator_id6_0_] : [BIGINT]) - [6]
2019-06-13 17:57:27.894 TRACE 81444 --- [    Test worker] o.h.type.descriptor.sql.BasicExtractor   : extracted value ([my_parent_id7_0_] : [BIGINT]) - [853]
2019-06-13 17:57:27.894 TRACE 81444 --- [    Test worker] o.h.type.descriptor.sql.BasicExtractor   : extracted value ([name8_0_] : [VARCHAR]) - [수학정보통계학부]
2019-06-13 17:57:27.894 TRACE 81444 --- [    Test worker] o.h.type.descriptor.sql.BasicExtractor   : extracted value ([id1_0_] : [BIGINT]) - [130]
2019-06-13 17:57:27.895 TRACE 81444 --- [    Test worker] o.h.type.descriptor.sql.BasicExtractor   : extracted value ([code2_0_] : [VARCHAR]) - [X1731]
2019-06-13 17:57:27.895 TRACE 81444 --- [    Test worker] o.h.type.descriptor.sql.BasicExtractor   : extracted value ([date_created3_0_] : [TIMESTAMP]) - [2019-05-23 15:50:57.0]
2019-06-13 17:57:27.895 TRACE 81444 --- [    Test worker] o.h.type.descriptor.sql.BasicExtractor   : extracted value ([is_active4_0_] : [BIT]) - [true]
2019-06-13 17:57:27.895 TRACE 81444 --- [    Test worker] o.h.type.descriptor.sql.BasicExtractor   : extracted value ([last_updated5_0_] : [TIMESTAMP]) - [2019-05-24 14:07:50.0]
2019-06-13 17:57:27.895 TRACE 81444 --- [    Test worker] o.h.type.descriptor.sql.BasicExtractor   : extracted value ([last_updator_id6_0_] : [BIGINT]) - [6]
2019-06-13 17:57:27.895 TRACE 81444 --- [    Test worker] o.h.type.descriptor.sql.BasicExtractor   : extracted value ([my_parent_id7_0_] : [BIGINT]) - [853]
2019-06-13 17:57:27.896 TRACE 81444 --- [    Test worker] o.h.type.descriptor.sql.BasicExtractor   : extracted value ([name8_0_] : [VARCHAR]) - [생활과학부]
2019-06-13 17:57:27.914 TRACE 81444 --- [    Test worker] o.h.type.descriptor.sql.BasicExtractor   : extracted value ([id1_0_] : [BIGINT]) - [131]
2019-06-13 17:57:27.914 TRACE 81444 --- [    Test worker] o.h.type.descriptor.sql.BasicExtractor   : extracted value ([code2_0_] : [VARCHAR]) - [X1732]
2019-06-13 17:57:27.914 TRACE 81444 --- [    Test worker] o.h.type.descriptor.sql.BasicExtractor   : extracted value ([date_created3_0_] : [TIMESTAMP]) - [2019-05-23 15:50:57.0]
2019-06-13 17:57:27.914 TRACE 81444 --- [    Test worker] o.h.type.descriptor.sql.BasicExtractor   : extracted value ([is_active4_0_] : [BIT]) - [true]
2019-06-13 17:57:27.914 TRACE 81444 --- [    Test worker] o.h.type.descriptor.sql.BasicExtractor   : extracted value ([last_updated5_0_] : [TIMESTAMP]) - [2019-05-24 14:07:50.0]
2019-06-13 17:57:27.914 TRACE 81444 --- [    Test worker] o.h.type.descriptor.sql.BasicExtractor   : extracted value ([last_updator_id6_0_] : [BIGINT]) - [6]
2019-06-13 17:57:27.914 TRACE 81444 --- [    Test worker] o.h.type.descriptor.sql.BasicExtractor   : extracted value ([my_parent_id7_0_] : [BIGINT]) - [853]
2019-06-13 17:57:27.914 TRACE 81444 --- [    Test worker] o.h.type.descriptor.sql.BasicExtractor   : extracted value ([name8_0_] : [VARCHAR]) - [식품생명과학부]
2019-06-13 17:57:27.915 TRACE 81444 --- [    Test worker] o.h.type.descriptor.sql.BasicExtractor   : extracted value ([id1_0_] : [BIGINT]) - [132]
2019-06-13 17:57:27.915 TRACE 81444 --- [    Test worker] o.h.type.descriptor.sql.BasicExtractor   : extracted value ([code2_0_] : [VARCHAR]) - [X1733]
2019-06-13 17:57:27.915 TRACE 81444 --- [    Test worker] o.h.type.descriptor.sql.BasicExtractor   : extracted value ([date_created3_0_] : [TIMESTAMP]) - [2019-05-23 15:50:57.0]
2019-06-13 17:57:27.915 TRACE 81444 --- [    Test worker] o.h.type.descriptor.sql.BasicExtractor   : extracted value ([is_active4_0_] : [BIT]) - [true]
2019-06-13 17:57:27.915 TRACE 81444 --- [    Test worker] o.h.type.descriptor.sql.BasicExtractor   : extracted value ([last_updated5_0_] : [TIMESTAMP]) - [2019-05-24 14:07:50.0]
2019-06-13 17:57:27.915 TRACE 81444 --- [    Test worker] o.h.type.descriptor.sql.BasicExtractor   : extracted value ([last_updator_id6_0_] : [BIGINT]) - [6]
2019-06-13 17:57:27.915 TRACE 81444 --- [    Test worker] o.h.type.descriptor.sql.BasicExtractor   : extracted value ([my_parent_id7_0_] : [BIGINT]) - [855]
2019-06-13 17:57:27.915 TRACE 81444 --- [    Test worker] o.h.type.descriptor.sql.BasicExtractor   : extracted value ([name8_0_] : [VARCHAR]) - [식품생명과학부]
2019-06-13 17:57:27.916 TRACE 81444 --- [    Test worker] o.h.type.descriptor.sql.BasicExtractor   : extracted value ([id1_0_] : [BIGINT]) - [133]
2019-06-13 17:57:27.916 TRACE 81444 --- [    Test worker] o.h.type.descriptor.sql.BasicExtractor   : extracted value ([code2_0_] : [VARCHAR]) - [X1741]
2019-06-13 17:57:27.916 TRACE 81444 --- [    Test worker] o.h.type.descriptor.sql.BasicExtractor   : extracted value ([date_created3_0_] : [TIMESTAMP]) - [2019-05-23 15:50:58.0]
2019-06-13 17:57:27.916 TRACE 81444 --- [    Test worker] o.h.type.descriptor.sql.BasicExtractor   : extracted value ([is_active4_0_] : [BIT]) - [true]
2019-06-13 17:57:27.916 TRACE 81444 --- [    Test worker] o.h.type.descriptor.sql.BasicExtractor   : extracted value ([last_updated5_0_] : [TIMESTAMP]) - [2019-05-24 14:07:51.0]
2019-06-13 17:57:27.916 TRACE 81444 --- [    Test worker] o.h.type.descriptor.sql.BasicExtractor   : extracted value ([last_updator_id6_0_] : [BIGINT]) - [6]
2019-06-13 17:57:27.916 TRACE 81444 --- [    Test worker] o.h.type.descriptor.sql.BasicExtractor   : extracted value ([my_parent_id7_0_] : [BIGINT]) - [854]
2019-06-13 17:57:27.916 TRACE 81444 --- [    Test worker] o.h.type.descriptor.sql.BasicExtractor   : extracted value ([name8_0_] : [VARCHAR]) - [전자정보공학부]
2019-06-13 17:57:27.916 TRACE 81444 --- [    Test worker] o.h.type.descriptor.sql.BasicExtractor   : extracted value ([id1_0_] : [BIGINT]) - [134]
2019-06-13 17:57:27.916 TRACE 81444 --- [    Test worker] o.h.type.descriptor.sql.BasicExtractor   : extracted value ([code2_0_] : [VARCHAR]) - [X1742]
2019-06-13 17:57:27.916 TRACE 81444 --- [    Test worker] o.h.type.descriptor.sql.BasicExtractor   : extracted value ([date_created3_0_] : [TIMESTAMP]) - [2019-05-23 15:50:58.0]
2019-06-13 17:57:27.916 TRACE 81444 --- [    Test worker] o.h.type.descriptor.sql.BasicExtractor   : extracted value ([is_active4_0_] : [BIT]) - [true]
2019-06-13 17:57:27.916 TRACE 81444 --- [    Test worker] o.h.type.descriptor.sql.BasicExtractor   : extracted value ([last_updated5_0_] : [TIMESTAMP]) - [2019-05-24 14:07:51.0]
2019-06-13 17:57:27.916 TRACE 81444 --- [    Test worker] o.h.type.descriptor.sql.BasicExtractor   : extracted value ([last_updator_id6_0_] : [BIGINT]) - [6]
2019-06-13 17:57:27.916 TRACE 81444 --- [    Test worker] o.h.type.descriptor.sql.BasicExtractor   : extracted value ([my_parent_id7_0_] : [BIGINT]) - [854]
2019-06-13 17:57:27.917 TRACE 81444 --- [    Test worker] o.h.type.descriptor.sql.BasicExtractor   : extracted value ([name8_0_] : [VARCHAR]) - [컴퓨터정보통신공학부]
2019-06-13 17:57:27.917 TRACE 81444 --- [    Test worker] o.h.type.descriptor.sql.BasicExtractor   : extracted value ([id1_0_] : [BIGINT]) - [135]
2019-06-13 17:57:27.918 TRACE 81444 --- [    Test worker] o.h.type.descriptor.sql.BasicExtractor   : extracted value ([code2_0_] : [VARCHAR]) - [X1743]
2019-06-13 17:57:27.919 TRACE 81444 --- [    Test worker] o.h.type.descriptor.sql.BasicExtractor   : extracted value ([date_created3_0_] : [TIMESTAMP]) - [2019-05-23 15:50:58.0]
2019-06-13 17:57:27.919 TRACE 81444 --- [    Test worker] o.h.type.descriptor.sql.BasicExtractor   : extracted value ([is_active4_0_] : [BIT]) - [true]
2019-06-13 17:57:27.919 TRACE 81444 --- [    Test worker] o.h.type.descriptor.sql.BasicExtractor   : extracted value ([last_updated5_0_] : [TIMESTAMP]) - [2019-05-24 14:07:51.0]
2019-06-13 17:57:27.919 TRACE 81444 --- [    Test worker] o.h.type.descriptor.sql.BasicExtractor   : extracted value ([last_updator_id6_0_] : [BIGINT]) - [6]
2019-06-13 17:57:27.919 TRACE 81444 --- [    Test worker] o.h.type.descriptor.sql.BasicExtractor   : extracted value ([my_parent_id7_0_] : [BIGINT]) - [854]
2019-06-13 17:57:27.919 TRACE 81444 --- [    Test worker] o.h.type.descriptor.sql.BasicExtractor   : extracted value ([name8_0_] : [VARCHAR]) - [IT정보제어공학부]
2019-06-13 17:57:27.919 TRACE 81444 --- [    Test worker] o.h.type.descriptor.sql.BasicExtractor   : extracted value ([id1_0_] : [BIGINT]) - [136]
2019-06-13 17:57:27.919 TRACE 81444 --- [    Test worker] o.h.type.descriptor.sql.BasicExtractor   : extracted value ([code2_0_] : [VARCHAR]) - [X1751]
2019-06-13 17:57:27.919 TRACE 81444 --- [    Test worker] o.h.type.descriptor.sql.BasicExtractor   : extracted value ([date_created3_0_] : [TIMESTAMP]) - [2019-05-23 15:50:59.0]
2019-06-13 17:57:27.919 TRACE 81444 --- [    Test worker] o.h.type.descriptor.sql.BasicExtractor   : extracted value ([is_active4_0_] : [BIT]) - [true]
2019-06-13 17:57:27.919 TRACE 81444 --- [    Test worker] o.h.type.descriptor.sql.BasicExtractor   : extracted value ([last_updated5_0_] : [TIMESTAMP]) - [2019-05-24 14:07:52.0]
2019-06-13 17:57:27.920 TRACE 81444 --- [    Test worker] o.h.type.descriptor.sql.BasicExtractor   : extracted value ([last_updator_id6_0_] : [BIGINT]) - [6]
2019-06-13 17:57:27.920 TRACE 81444 --- [    Test worker] o.h.type.descriptor.sql.BasicExtractor   : extracted value ([my_parent_id7_0_] : [BIGINT]) - [854]
2019-06-13 17:57:27.920 TRACE 81444 --- [    Test worker] o.h.type.descriptor.sql.BasicExtractor   : extracted value ([name8_0_] : [VARCHAR]) - [토목환경공학부]
2019-06-13 17:57:27.920 TRACE 81444 --- [    Test worker] o.h.type.descriptor.sql.BasicExtractor   : extracted value ([id1_0_] : [BIGINT]) - [137]
2019-06-13 17:57:27.920 TRACE 81444 --- [    Test worker] o.h.type.descriptor.sql.BasicExtractor   : extracted value ([code2_0_] : [VARCHAR]) - [X1755]
2019-06-13 17:57:27.920 TRACE 81444 --- [    Test worker] o.h.type.descriptor.sql.BasicExtractor   : extracted value ([date_created3_0_] : [TIMESTAMP]) - [2019-05-23 15:50:59.0]
2019-06-13 17:57:27.922 TRACE 81444 --- [    Test worker] o.h.type.descriptor.sql.BasicExtractor   : extracted value ([is_active4_0_] : [BIT]) - [true]
2019-06-13 17:57:27.922 TRACE 81444 --- [    Test worker] o.h.type.descriptor.sql.BasicExtractor   : extracted value ([last_updated5_0_] : [TIMESTAMP]) - [2019-05-24 14:07:52.0]
2019-06-13 17:57:27.922 TRACE 81444 --- [    Test worker] o.h.type.descriptor.sql.BasicExtractor   : extracted value ([last_updator_id6_0_] : [BIGINT]) - [6]
2019-06-13 17:57:27.922 TRACE 81444 --- [    Test worker] o.h.type.descriptor.sql.BasicExtractor   : extracted value ([my_parent_id7_0_] : [BIGINT]) - [854]
2019-06-13 17:57:27.922 TRACE 81444 --- [    Test worker] o.h.type.descriptor.sql.BasicExtractor   : extracted value ([name8_0_] : [VARCHAR]) - [사회환경디자인공학부]
2019-06-13 17:57:27.922 TRACE 81444 --- [    Test worker] o.h.type.descriptor.sql.BasicExtractor   : extracted value ([id1_0_] : [BIGINT]) - [138]
2019-06-13 17:57:27.922 TRACE 81444 --- [    Test worker] o.h.type.descriptor.sql.BasicExtractor   : extracted value ([code2_0_] : [VARCHAR]) - [X1761]
2019-06-13 17:57:27.922 TRACE 81444 --- [    Test worker] o.h.type.descriptor.sql.BasicExtractor   : extracted value ([date_created3_0_] : [TIMESTAMP]) - [2019-05-23 15:50:59.0]
2019-06-13 17:57:27.922 TRACE 81444 --- [    Test worker] o.h.type.descriptor.sql.BasicExtractor   : extracted value ([is_active4_0_] : [BIT]) - [true]
2019-06-13 17:57:27.922 TRACE 81444 --- [    Test worker] o.h.type.descriptor.sql.BasicExtractor   : extracted value ([last_updated5_0_] : [TIMESTAMP]) - [2019-05-24 14:46:45.0]
2019-06-13 17:57:27.922 TRACE 81444 --- [    Test worker] o.h.type.descriptor.sql.BasicExtractor   : extracted value ([last_updator_id6_0_] : [BIGINT]) - [6]
2019-06-13 17:57:27.922 TRACE 81444 --- [    Test worker] o.h.type.descriptor.sql.BasicExtractor   : extracted value ([my_parent_id7_0_] : [BIGINT]) - [854]
2019-06-13 17:57:27.923 TRACE 81444 --- [    Test worker] o.h.type.descriptor.sql.BasicExtractor   : extracted value ([name8_0_] : [VARCHAR]) - [재료화학공학부]
2019-06-13 17:57:27.923 TRACE 81444 --- [    Test worker] o.h.type.descriptor.sql.BasicExtractor   : extracted value ([id1_0_] : [BIGINT]) - [139]
2019-06-13 17:57:27.923 TRACE 81444 --- [    Test worker] o.h.type.descriptor.sql.BasicExtractor   : extracted value ([code2_0_] : [VARCHAR]) - [X1762]
2019-06-13 17:57:27.923 TRACE 81444 --- [    Test worker] o.h.type.descriptor.sql.BasicExtractor   : extracted value ([date_created3_0_] : [TIMESTAMP]) - [2019-05-23 15:51:00.0]
2019-06-13 17:57:27.923 TRACE 81444 --- [    Test worker] o.h.type.descriptor.sql.BasicExtractor   : extracted value ([is_active4_0_] : [BIT]) - [true]
2019-06-13 17:57:27.923 TRACE 81444 --- [    Test worker] o.h.type.descriptor.sql.BasicExtractor   : extracted value ([last_updated5_0_] : [TIMESTAMP]) - [2019-05-24 14:07:52.0]
2019-06-13 17:57:27.923 TRACE 81444 --- [    Test worker] o.h.type.descriptor.sql.BasicExtractor   : extracted value ([last_updator_id6_0_] : [BIGINT]) - [6]
2019-06-13 17:57:27.923 TRACE 81444 --- [    Test worker] o.h.type.descriptor.sql.BasicExtractor   : extracted value ([my_parent_id7_0_] : [BIGINT]) - [854]
2019-06-13 17:57:27.923 TRACE 81444 --- [    Test worker] o.h.type.descriptor.sql.BasicExtractor   : extracted value ([name8_0_] : [VARCHAR]) - [신소재나노화학공학부]
2019-06-13 17:57:27.923 TRACE 81444 --- [    Test worker] o.h.type.descriptor.sql.BasicExtractor   : extracted value ([id1_0_] : [BIGINT]) - [140]
2019-06-13 17:57:27.923 TRACE 81444 --- [    Test worker] o.h.type.descriptor.sql.BasicExtractor   : extracted value ([code2_0_] : [VARCHAR]) - [X1771]
2019-06-13 17:57:27.924 TRACE 81444 --- [    Test worker] o.h.type.descriptor.sql.BasicExtractor   : extracted value ([date_created3_0_] : [TIMESTAMP]) - [2019-05-23 15:51:00.0]
2019-06-13 17:57:27.924 TRACE 81444 --- [    Test worker] o.h.type.descriptor.sql.BasicExtractor   : extracted value ([is_active4_0_] : [BIT]) - [true]
2019-06-13 17:57:27.924 TRACE 81444 --- [    Test worker] o.h.type.descriptor.sql.BasicExtractor   : extracted value ([last_updated5_0_] : [TIMESTAMP]) - [2019-05-24 14:07:53.0]
2019-06-13 17:57:27.924 TRACE 81444 --- [    Test worker] o.h.type.descriptor.sql.BasicExtractor   : extracted value ([last_updator_id6_0_] : [BIGINT]) - [6]
2019-06-13 17:57:27.924 TRACE 81444 --- [    Test worker] o.h.type.descriptor.sql.BasicExtractor   : extracted value ([my_parent_id7_0_] : [BIGINT]) - [855]
2019-06-13 17:57:27.924 TRACE 81444 --- [    Test worker] o.h.type.descriptor.sql.BasicExtractor   : extracted value ([name8_0_] : [VARCHAR]) - [해양생명과학부]
2019-06-13 17:57:27.941 TRACE 81444 --- [    Test worker] o.h.type.descriptor.sql.BasicExtractor   : extracted value ([id1_0_] : [BIGINT]) - [141]
2019-06-13 17:57:27.941 TRACE 81444 --- [    Test worker] o.h.type.descriptor.sql.BasicExtractor   : extracted value ([code2_0_] : [VARCHAR]) - [X1781]
2019-06-13 17:57:27.941 TRACE 81444 --- [    Test worker] o.h.type.descriptor.sql.BasicExtractor   : extracted value ([date_created3_0_] : [TIMESTAMP]) - [2019-05-23 15:51:00.0]
2019-06-13 17:57:27.941 TRACE 81444 --- [    Test worker] o.h.type.descriptor.sql.BasicExtractor   : extracted value ([is_active4_0_] : [BIT]) - [true]
2019-06-13 17:57:27.941 TRACE 81444 --- [    Test worker] o.h.type.descriptor.sql.BasicExtractor   : extracted value ([last_updated5_0_] : [TIMESTAMP]) - [2019-05-24 14:46:46.0]
2019-06-13 17:57:27.941 TRACE 81444 --- [    Test worker] o.h.type.descriptor.sql.BasicExtractor   : extracted value ([last_updator_id6_0_] : [BIGINT]) - [6]
2019-06-13 17:57:27.941 TRACE 81444 --- [    Test worker] o.h.type.descriptor.sql.BasicExtractor   : extracted value ([my_parent_id7_0_] : [BIGINT]) - [855]
2019-06-13 17:57:27.941 TRACE 81444 --- [    Test worker] o.h.type.descriptor.sql.BasicExtractor   : extracted value ([name8_0_] : [VARCHAR]) - [해양생산학기관공학부]
2019-06-13 17:57:27.942 TRACE 81444 --- [    Test worker] o.h.type.descriptor.sql.BasicExtractor   : extracted value ([id1_0_] : [BIGINT]) - [142]
2019-06-13 17:57:27.942 TRACE 81444 --- [    Test worker] o.h.type.descriptor.sql.BasicExtractor   : extracted value ([code2_0_] : [VARCHAR]) - [X1782]
2019-06-13 17:57:27.942 TRACE 81444 --- [    Test worker] o.h.type.descriptor.sql.BasicExtractor   : extracted value ([date_created3_0_] : [TIMESTAMP]) - [2019-05-23 15:51:01.0]
2019-06-13 17:57:27.942 TRACE 81444 --- [    Test worker] o.h.type.descriptor.sql.BasicExtractor   : extracted value ([is_active4_0_] : [BIT]) - [true]
2019-06-13 17:57:27.942 TRACE 81444 --- [    Test worker] o.h.type.descriptor.sql.BasicExtractor   : extracted value ([last_updated5_0_] : [TIMESTAMP]) - [2019-05-24 14:07:53.0]
2019-06-13 17:57:27.942 TRACE 81444 --- [    Test worker] o.h.type.descriptor.sql.BasicExtractor   : extracted value ([last_updator_id6_0_] : [BIGINT]) - [6]
2019-06-13 17:57:27.942 TRACE 81444 --- [    Test worker] o.h.type.descriptor.sql.BasicExtractor   : extracted value ([my_parent_id7_0_] : [BIGINT]) - [855]
2019-06-13 17:57:27.942 TRACE 81444 --- [    Test worker] o.h.type.descriptor.sql.BasicExtractor   : extracted value ([name8_0_] : [VARCHAR]) - [해양생산학동력기계시스템공학부]
2019-06-13 17:57:27.943 TRACE 81444 --- [    Test worker] o.h.type.descriptor.sql.BasicExtractor   : extracted value ([id1_0_] : [BIGINT]) - [143]
2019-06-13 17:57:27.943 TRACE 81444 --- [    Test worker] o.h.type.descriptor.sql.BasicExtractor   : extracted value ([code2_0_] : [VARCHAR]) - [X1791]
2019-06-13 17:57:27.943 TRACE 81444 --- [    Test worker] o.h.type.descriptor.sql.BasicExtractor   : extracted value ([date_created3_0_] : [TIMESTAMP]) - [2019-05-23 15:51:01.0]
2019-06-13 17:57:27.943 TRACE 81444 --- [    Test worker] o.h.type.descriptor.sql.BasicExtractor   : extracted value ([is_active4_0_] : [BIT]) - [true]
2019-06-13 17:57:27.943 TRACE 81444 --- [    Test worker] o.h.type.descriptor.sql.BasicExtractor   : extracted value ([last_updated5_0_] : [TIMESTAMP]) - [2019-05-24 14:46:46.0]
2019-06-13 17:57:27.943 TRACE 81444 --- [    Test worker] o.h.type.descriptor.sql.BasicExtractor   : extracted value ([last_updator_id6_0_] : [BIGINT]) - [6]
2019-06-13 17:57:27.943 TRACE 81444 --- [    Test worker] o.h.type.descriptor.sql.BasicExtractor   : extracted value ([my_parent_id7_0_] : [BIGINT]) - [855]
2019-06-13 17:57:27.943 TRACE 81444 --- [    Test worker] o.h.type.descriptor.sql.BasicExtractor   : extracted value ([name8_0_] : [VARCHAR]) - [해양응용공학부]
2019-06-13 17:57:27.943 TRACE 81444 --- [    Test worker] o.h.type.descriptor.sql.BasicExtractor   : extracted value ([id1_0_] : [BIGINT]) - [144]
2019-06-13 17:57:27.943 TRACE 81444 --- [    Test worker] o.h.type.descriptor.sql.BasicExtractor   : extracted value ([code2_0_] : [VARCHAR]) - [X1792]
2019-06-13 17:57:27.943 TRACE 81444 --- [    Test worker] o.h.type.descriptor.sql.BasicExtractor   : extracted value ([date_created3_0_] : [TIMESTAMP]) - [2019-05-23 15:51:02.0]
2019-06-13 17:57:27.943 TRACE 81444 --- [    Test worker] o.h.type.descriptor.sql.BasicExtractor   : extracted value ([is_active4_0_] : [BIT]) - [true]
2019-06-13 17:57:27.944 TRACE 81444 --- [    Test worker] o.h.type.descriptor.sql.BasicExtractor   : extracted value ([last_updated5_0_] : [TIMESTAMP]) - [2019-05-24 14:07:53.0]
2019-06-13 17:57:27.944 TRACE 81444 --- [    Test worker] o.h.type.descriptor.sql.BasicExtractor   : extracted value ([last_updator_id6_0_] : [BIGINT]) - [6]
2019-06-13 17:57:27.944 TRACE 81444 --- [    Test worker] o.h.type.descriptor.sql.BasicExtractor   : extracted value ([my_parent_id7_0_] : [BIGINT]) - [855]
2019-06-13 17:57:27.944 TRACE 81444 --- [    Test worker] o.h.type.descriptor.sql.BasicExtractor   : extracted value ([name8_0_] : [VARCHAR]) - [식품생명공학해양시스템공학부]
2019-06-13 17:57:27.944 TRACE 81444 --- [    Test worker] o.h.type.descriptor.sql.BasicExtractor   : extracted value ([id1_0_] : [BIGINT]) - [145]
2019-06-13 17:57:27.944 TRACE 81444 --- [    Test worker] o.h.type.descriptor.sql.BasicExtractor   : extracted value ([code2_0_] : [VARCHAR]) - [X1793]
2019-06-13 17:57:27.944 TRACE 81444 --- [    Test worker] o.h.type.descriptor.sql.BasicExtractor   : extracted value ([date_created3_0_] : [TIMESTAMP]) - [2019-05-23 15:51:02.0]
2019-06-13 17:57:27.944 TRACE 81444 --- [    Test worker] o.h.type.descriptor.sql.BasicExtractor   : extracted value ([is_active4_0_] : [BIT]) - [true]
2019-06-13 17:57:27.944 TRACE 81444 --- [    Test worker] o.h.type.descriptor.sql.BasicExtractor   : extracted value ([last_updated5_0_] : [TIMESTAMP]) - [2019-05-24 14:07:54.0]
2019-06-13 17:57:27.944 TRACE 81444 --- [    Test worker] o.h.type.descriptor.sql.BasicExtractor   : extracted value ([last_updator_id6_0_] : [BIGINT]) - [6]
2019-06-13 17:57:27.944 TRACE 81444 --- [    Test worker] o.h.type.descriptor.sql.BasicExtractor   : extracted value ([my_parent_id7_0_] : [BIGINT]) - [855]
2019-06-13 17:57:27.944 TRACE 81444 --- [    Test worker] o.h.type.descriptor.sql.BasicExtractor   : extracted value ([name8_0_] : [VARCHAR]) - [해양생명응용과학부]
2019-06-13 17:57:27.944 TRACE 81444 --- [    Test worker] o.h.type.descriptor.sql.BasicExtractor   : extracted value ([id1_0_] : [BIGINT]) - [146]
2019-06-13 17:57:27.945 TRACE 81444 --- [    Test worker] o.h.type.descriptor.sql.BasicExtractor   : extracted value ([code2_0_] : [VARCHAR]) - [X1801]
2019-06-13 17:57:27.946 TRACE 81444 --- [    Test worker] o.h.type.descriptor.sql.BasicExtractor   : extracted value ([date_created3_0_] : [TIMESTAMP]) - [2019-05-23 15:51:02.0]
2019-06-13 17:57:27.946 TRACE 81444 --- [    Test worker] o.h.type.descriptor.sql.BasicExtractor   : extracted value ([is_active4_0_] : [BIT]) - [true]
2019-06-13 17:57:27.946 TRACE 81444 --- [    Test worker] o.h.type.descriptor.sql.BasicExtractor   : extracted value ([last_updated5_0_] : [TIMESTAMP]) - [2019-05-24 14:07:54.0]
2019-06-13 17:57:27.946 TRACE 81444 --- [    Test worker] o.h.type.descriptor.sql.BasicExtractor   : extracted value ([last_updator_id6_0_] : [BIGINT]) - [6]
2019-06-13 17:57:27.946 TRACE 81444 --- [    Test worker] o.h.type.descriptor.sql.BasicExtractor   : extracted value ([my_parent_id7_0_] : [BIGINT]) - [851]
2019-06-13 17:57:27.946 TRACE 81444 --- [    Test worker] o.h.type.descriptor.sql.BasicExtractor   : extracted value ([name8_0_] : [VARCHAR]) - [미술디자인학부]
2019-06-13 17:57:27.946 TRACE 81444 --- [    Test worker] o.h.type.descriptor.sql.BasicExtractor   : extracted value ([id1_0_] : [BIGINT]) - [147]
2019-06-13 17:57:27.947 TRACE 81444 --- [    Test worker] o.h.type.descriptor.sql.BasicExtractor   : extracted value ([code2_0_] : [VARCHAR]) - [X1811]
2019-06-13 17:57:27.947 TRACE 81444 --- [    Test worker] o.h.type.descriptor.sql.BasicExtractor   : extracted value ([date_created3_0_] : [TIMESTAMP]) - [2019-05-23 15:51:03.0]
2019-06-13 17:57:27.947 TRACE 81444 --- [    Test worker] o.h.type.descriptor.sql.BasicExtractor   : extracted value ([is_active4_0_] : [BIT]) - [true]
2019-06-13 17:57:27.947 TRACE 81444 --- [    Test worker] o.h.type.descriptor.sql.BasicExtractor   : extracted value ([last_updated5_0_] : [TIMESTAMP]) - [2019-05-24 14:07:55.0]
2019-06-13 17:57:27.948 TRACE 81444 --- [    Test worker] o.h.type.descriptor.sql.BasicExtractor   : extracted value ([last_updator_id6_0_] : [BIGINT]) - [6]
2019-06-13 17:57:27.948 TRACE 81444 --- [    Test worker] o.h.type.descriptor.sql.BasicExtractor   : extracted value ([my_parent_id7_0_] : [BIGINT]) - [854]
2019-06-13 17:57:27.948 TRACE 81444 --- [    Test worker] o.h.type.descriptor.sql.BasicExtractor   : extracted value ([name8_0_] : [VARCHAR]) - [조선공학과]
2019-06-13 17:57:27.948 TRACE 81444 --- [    Test worker] o.h.type.descriptor.sql.BasicExtractor   : extracted value ([id1_0_] : [BIGINT]) - [148]
2019-06-13 17:57:27.948 TRACE 81444 --- [    Test worker] o.h.type.descriptor.sql.BasicExtractor   : extracted value ([code2_0_] : [VARCHAR]) - [X1812]
2019-06-13 17:57:27.948 TRACE 81444 --- [    Test worker] o.h.type.descriptor.sql.BasicExtractor   : extracted value ([date_created3_0_] : [TIMESTAMP]) - [2019-05-23 15:51:03.0]
2019-06-13 17:57:27.948 TRACE 81444 --- [    Test worker] o.h.type.descriptor.sql.BasicExtractor   : extracted value ([is_active4_0_] : [BIT]) - [true]
2019-06-13 17:57:27.950 TRACE 81444 --- [    Test worker] o.h.type.descriptor.sql.BasicExtractor   : extracted value ([last_updated5_0_] : [TIMESTAMP]) - [2019-05-24 14:07:55.0]
2019-06-13 17:57:27.951 TRACE 81444 --- [    Test worker] o.h.type.descriptor.sql.BasicExtractor   : extracted value ([last_updator_id6_0_] : [BIGINT]) - [6]
2019-06-13 17:57:27.951 TRACE 81444 --- [    Test worker] o.h.type.descriptor.sql.BasicExtractor   : extracted value ([my_parent_id7_0_] : [BIGINT]) - [854]
2019-06-13 17:57:27.951 TRACE 81444 --- [    Test worker] o.h.type.descriptor.sql.BasicExtractor   : extracted value ([name8_0_] : [VARCHAR]) - [조선해양공학과]
2019-06-13 17:57:27.951 TRACE 81444 --- [    Test worker] o.h.type.descriptor.sql.BasicExtractor   : extracted value ([id1_0_] : [BIGINT]) - [149]
2019-06-13 17:57:27.951 TRACE 81444 --- [    Test worker] o.h.type.descriptor.sql.BasicExtractor   : extracted value ([code2_0_] : [VARCHAR]) - [X1821]
2019-06-13 17:57:27.951 TRACE 81444 --- [    Test worker] o.h.type.descriptor.sql.BasicExtractor   : extracted value ([date_created3_0_] : [TIMESTAMP]) - [2019-05-23 15:51:03.0]
2019-06-13 17:57:27.951 TRACE 81444 --- [    Test worker] o.h.type.descriptor.sql.BasicExtractor   : extracted value ([is_active4_0_] : [BIT]) - [true]
2019-06-13 17:57:27.951 TRACE 81444 --- [    Test worker] o.h.type.descriptor.sql.BasicExtractor   : extracted value ([last_updated5_0_] : [TIMESTAMP]) - [2019-05-24 14:07:55.0]
2019-06-13 17:57:27.951 TRACE 81444 --- [    Test worker] o.h.type.descriptor.sql.BasicExtractor   : extracted value ([last_updator_id6_0_] : [BIGINT]) - [6]
2019-06-13 17:57:27.952 TRACE 81444 --- [    Test worker] o.h.type.descriptor.sql.BasicExtractor   : extracted value ([my_parent_id7_0_] : [BIGINT]) - [852]
2019-06-13 17:57:27.952 TRACE 81444 --- [    Test worker] o.h.type.descriptor.sql.BasicExtractor   : extracted value ([name8_0_] : [VARCHAR]) - [물류학과]
2019-06-13 17:57:27.952 TRACE 81444 --- [    Test worker] o.h.type.descriptor.sql.BasicExtractor   : extracted value ([id1_0_] : [BIGINT]) - [150]
2019-06-13 17:57:27.952 TRACE 81444 --- [    Test worker] o.h.type.descriptor.sql.BasicExtractor   : extracted value ([code2_0_] : [VARCHAR]) - [X1831]
2019-06-13 17:57:27.952 TRACE 81444 --- [    Test worker] o.h.type.descriptor.sql.BasicExtractor   : extracted value ([date_created3_0_] : [TIMESTAMP]) - [2019-05-23 15:51:04.0]
2019-06-13 17:57:27.952 TRACE 81444 --- [    Test worker] o.h.type.descriptor.sql.BasicExtractor   : extracted value ([is_active4_0_] : [BIT]) - [true]
2019-06-13 17:57:27.952 TRACE 81444 --- [    Test worker] o.h.type.descriptor.sql.BasicExtractor   : extracted value ([last_updated5_0_] : [TIMESTAMP]) - [2019-05-24 14:07:56.0]
2019-06-13 17:57:27.952 TRACE 81444 --- [    Test worker] o.h.type.descriptor.sql.BasicExtractor   : extracted value ([last_updator_id6_0_] : [BIGINT]) - [6]
2019-06-13 17:57:27.952 TRACE 81444 --- [    Test worker] o.h.type.descriptor.sql.BasicExtractor   : extracted value ([my_parent_id7_0_] : [BIGINT]) - [854]
2019-06-13 17:57:27.952 TRACE 81444 --- [    Test worker] o.h.type.descriptor.sql.BasicExtractor   : extracted value ([name8_0_] : [VARCHAR]) - [방송매체공학과]
2019-06-13 17:57:27.969 TRACE 81444 --- [    Test worker] o.h.type.descriptor.sql.BasicExtractor   : extracted value ([id1_0_] : [BIGINT]) - [151]
2019-06-13 17:57:27.969 TRACE 81444 --- [    Test worker] o.h.type.descriptor.sql.BasicExtractor   : extracted value ([code2_0_] : [VARCHAR]) - [X1841]
2019-06-13 17:57:27.969 TRACE 81444 --- [    Test worker] o.h.type.descriptor.sql.BasicExtractor   : extracted value ([date_created3_0_] : [TIMESTAMP]) - [2019-05-23 15:51:04.0]
2019-06-13 17:57:27.969 TRACE 81444 --- [    Test worker] o.h.type.descriptor.sql.BasicExtractor   : extracted value ([is_active4_0_] : [BIT]) - [true]
2019-06-13 17:57:27.969 TRACE 81444 --- [    Test worker] o.h.type.descriptor.sql.BasicExtractor   : extracted value ([last_updated5_0_] : [TIMESTAMP]) - [2019-05-24 14:07:56.0]
2019-06-13 17:57:27.969 TRACE 81444 --- [    Test worker] o.h.type.descriptor.sql.BasicExtractor   : extracted value ([last_updator_id6_0_] : [BIGINT]) - [6]
2019-06-13 17:57:27.969 TRACE 81444 --- [    Test worker] o.h.type.descriptor.sql.BasicExtractor   : extracted value ([my_parent_id7_0_] : [BIGINT]) - [855]
2019-06-13 17:57:27.969 TRACE 81444 --- [    Test worker] o.h.type.descriptor.sql.BasicExtractor   : extracted value ([name8_0_] : [VARCHAR]) - [해양경찰학과]
2019-06-13 17:57:27.969 TRACE 81444 --- [    Test worker] o.h.type.descriptor.sql.BasicExtractor   : extracted value ([id1_0_] : [BIGINT]) - [152]
2019-06-13 17:57:27.970 TRACE 81444 --- [    Test worker] o.h.type.descriptor.sql.BasicExtractor   : extracted value ([code2_0_] : [VARCHAR]) - [X1911]
2019-06-13 17:57:27.970 TRACE 81444 --- [    Test worker] o.h.type.descriptor.sql.BasicExtractor   : extracted value ([date_created3_0_] : [TIMESTAMP]) - [2019-05-23 15:51:05.0]
2019-06-13 17:57:27.970 TRACE 81444 --- [    Test worker] o.h.type.descriptor.sql.BasicExtractor   : extracted value ([is_active4_0_] : [BIT]) - [true]
2019-06-13 17:57:27.971 TRACE 81444 --- [    Test worker] o.h.type.descriptor.sql.BasicExtractor   : extracted value ([last_updated5_0_] : [TIMESTAMP]) - [2019-05-24 14:07:56.0]
2019-06-13 17:57:27.971 TRACE 81444 --- [    Test worker] o.h.type.descriptor.sql.BasicExtractor   : extracted value ([last_updator_id6_0_] : [BIGINT]) - [6]
2019-06-13 17:57:27.971 TRACE 81444 --- [    Test worker] o.h.type.descriptor.sql.BasicExtractor   : extracted value ([my_parent_id7_0_] : [BIGINT]) - [850]
2019-06-13 17:57:27.971 TRACE 81444 --- [    Test worker] o.h.type.descriptor.sql.BasicExtractor   : extracted value ([name8_0_] : [VARCHAR]) - [교양과]
2019-06-13 17:57:27.971 TRACE 81444 --- [    Test worker] o.h.type.descriptor.sql.BasicExtractor   : extracted value ([id1_0_] : [BIGINT]) - [153]
2019-06-13 17:57:27.971 TRACE 81444 --- [    Test worker] o.h.type.descriptor.sql.BasicExtractor   : extracted value ([code2_0_] : [VARCHAR]) - [X1921]
2019-06-13 17:57:27.971 TRACE 81444 --- [    Test worker] o.h.type.descriptor.sql.BasicExtractor   : extracted value ([date_created3_0_] : [TIMESTAMP]) - [2019-05-23 15:51:05.0]
2019-06-13 17:57:27.971 TRACE 81444 --- [    Test worker] o.h.type.descriptor.sql.BasicExtractor   : extracted value ([is_active4_0_] : [BIT]) - [true]
2019-06-13 17:57:27.971 TRACE 81444 --- [    Test worker] o.h.type.descriptor.sql.BasicExtractor   : extracted value ([last_updated5_0_] : [TIMESTAMP]) - [2019-05-24 14:07:57.0]
2019-06-13 17:57:27.971 TRACE 81444 --- [    Test worker] o.h.type.descriptor.sql.BasicExtractor   : extracted value ([last_updator_id6_0_] : [BIGINT]) - [6]
2019-06-13 17:57:27.971 TRACE 81444 --- [    Test worker] o.h.type.descriptor.sql.BasicExtractor   : extracted value ([my_parent_id7_0_] : [BIGINT]) - [852]
2019-06-13 17:57:27.971 TRACE 81444 --- [    Test worker] o.h.type.descriptor.sql.BasicExtractor   : extracted value ([name8_0_] : [VARCHAR]) - [교직과]
2019-06-13 17:57:27.971 TRACE 81444 --- [    Test worker] o.h.type.descriptor.sql.BasicExtractor   : extracted value ([id1_0_] : [BIGINT]) - [154]
2019-06-13 17:57:27.972 TRACE 81444 --- [    Test worker] o.h.type.descriptor.sql.BasicExtractor   : extracted value ([code2_0_] : [VARCHAR]) - [X1931]
2019-06-13 17:57:27.972 TRACE 81444 --- [    Test worker] o.h.type.descriptor.sql.BasicExtractor   : extracted value ([date_created3_0_] : [TIMESTAMP]) - [2019-05-23 15:51:05.0]
2019-06-13 17:57:27.972 TRACE 81444 --- [    Test worker] o.h.type.descriptor.sql.BasicExtractor   : extracted value ([is_active4_0_] : [BIT]) - [true]
2019-06-13 17:57:27.972 TRACE 81444 --- [    Test worker] o.h.type.descriptor.sql.BasicExtractor   : extracted value ([last_updated5_0_] : [TIMESTAMP]) - [2019-05-23 15:51:05.0]
2019-06-13 17:57:27.972 TRACE 81444 --- [    Test worker] o.h.type.descriptor.sql.BasicExtractor   : extracted value ([last_updator_id6_0_] : [BIGINT]) - [6]
2019-06-13 17:57:27.972 TRACE 81444 --- [    Test worker] o.h.type.descriptor.sql.BasicExtractor   : extracted value ([my_parent_id7_0_] : [BIGINT]) - [null]
2019-06-13 17:57:27.972 TRACE 81444 --- [    Test worker] o.h.type.descriptor.sql.BasicExtractor   : extracted value ([name8_0_] : [VARCHAR]) - [군사학]
2019-06-13 17:57:27.972 TRACE 81444 --- [    Test worker] o.h.type.descriptor.sql.BasicExtractor   : extracted value ([id1_0_] : [BIGINT]) - [155]
2019-06-13 17:57:27.972 TRACE 81444 --- [    Test worker] o.h.type.descriptor.sql.BasicExtractor   : extracted value ([code2_0_] : [VARCHAR]) - [X1941]
2019-06-13 17:57:27.972 TRACE 81444 --- [    Test worker] o.h.type.descriptor.sql.BasicExtractor   : extracted value ([date_created3_0_] : [TIMESTAMP]) - [2019-05-23 15:51:06.0]
2019-06-13 17:57:27.972 TRACE 81444 --- [    Test worker] o.h.type.descriptor.sql.BasicExtractor   : extracted value ([is_active4_0_] : [BIT]) - [true]
2019-06-13 17:57:27.972 TRACE 81444 --- [    Test worker] o.h.type.descriptor.sql.BasicExtractor   : extracted value ([last_updated5_0_] : [TIMESTAMP]) - [2019-05-24 14:46:49.0]
2019-06-13 17:57:27.972 TRACE 81444 --- [    Test worker] o.h.type.descriptor.sql.BasicExtractor   : extracted value ([last_updator_id6_0_] : [BIGINT]) - [6]
2019-06-13 17:57:27.972 TRACE 81444 --- [    Test worker] o.h.type.descriptor.sql.BasicExtractor   : extracted value ([my_parent_id7_0_] : [BIGINT]) - [850]
2019-06-13 17:57:27.972 TRACE 81444 --- [    Test worker] o.h.type.descriptor.sql.BasicExtractor   : extracted value ([name8_0_] : [VARCHAR]) - [수산교양]
2019-06-13 17:57:27.973 TRACE 81444 --- [    Test worker] o.h.type.descriptor.sql.BasicExtractor   : extracted value ([id1_0_] : [BIGINT]) - [156]
2019-06-13 17:57:27.973 TRACE 81444 --- [    Test worker] o.h.type.descriptor.sql.BasicExtractor   : extracted value ([code2_0_] : [VARCHAR]) - [X1951]
2019-06-13 17:57:27.973 TRACE 81444 --- [    Test worker] o.h.type.descriptor.sql.BasicExtractor   : extracted value ([date_created3_0_] : [TIMESTAMP]) - [2019-05-23 15:51:06.0]
2019-06-13 17:57:27.973 TRACE 81444 --- [    Test worker] o.h.type.descriptor.sql.BasicExtractor   : extracted value ([is_active4_0_] : [BIT]) - [true]
2019-06-13 17:57:27.973 TRACE 81444 --- [    Test worker] o.h.type.descriptor.sql.BasicExtractor   : extracted value ([last_updated5_0_] : [TIMESTAMP]) - [2019-05-24 14:46:50.0]
2019-06-13 17:57:27.973 TRACE 81444 --- [    Test worker] o.h.type.descriptor.sql.BasicExtractor   : extracted value ([last_updator_id6_0_] : [BIGINT]) - [6]
2019-06-13 17:57:27.973 TRACE 81444 --- [    Test worker] o.h.type.descriptor.sql.BasicExtractor   : extracted value ([my_parent_id7_0_] : [BIGINT]) - [null]
2019-06-13 17:57:27.973 TRACE 81444 --- [    Test worker] o.h.type.descriptor.sql.BasicExtractor   : extracted value ([name8_0_] : [VARCHAR]) - [시간제학과]
2019-06-13 17:57:27.974 TRACE 81444 --- [    Test worker] o.h.type.descriptor.sql.BasicExtractor   : extracted value ([id1_0_] : [BIGINT]) - [157]
2019-06-13 17:57:27.974 TRACE 81444 --- [    Test worker] o.h.type.descriptor.sql.BasicExtractor   : extracted value ([code2_0_] : [VARCHAR]) - [X1961]
2019-06-13 17:57:27.974 TRACE 81444 --- [    Test worker] o.h.type.descriptor.sql.BasicExtractor   : extracted value ([date_created3_0_] : [TIMESTAMP]) - [2019-05-23 15:51:06.0]
2019-06-13 17:57:27.974 TRACE 81444 --- [    Test worker] o.h.type.descriptor.sql.BasicExtractor   : extracted value ([is_active4_0_] : [BIT]) - [true]
2019-06-13 17:57:27.974 TRACE 81444 --- [    Test worker] o.h.type.descriptor.sql.BasicExtractor   : extracted value ([last_updated5_0_] : [TIMESTAMP]) - [2019-05-24 14:46:50.0]
2019-06-13 17:57:27.974 TRACE 81444 --- [    Test worker] o.h.type.descriptor.sql.BasicExtractor   : extracted value ([last_updator_id6_0_] : [BIGINT]) - [6]
2019-06-13 17:57:27.974 TRACE 81444 --- [    Test worker] o.h.type.descriptor.sql.BasicExtractor   : extracted value ([my_parent_id7_0_] : [BIGINT]) - [null]
2019-06-13 17:57:27.974 TRACE 81444 --- [    Test worker] o.h.type.descriptor.sql.BasicExtractor   : extracted value ([name8_0_] : [VARCHAR]) - [군산대학]
2019-06-13 17:57:27.974 TRACE 81444 --- [    Test worker] o.h.type.descriptor.sql.BasicExtractor   : extracted value ([id1_0_] : [BIGINT]) - [158]
2019-06-13 17:57:27.975 TRACE 81444 --- [    Test worker] o.h.type.descriptor.sql.BasicExtractor   : extracted value ([code2_0_] : [VARCHAR]) - [X1971]
2019-06-13 17:57:27.975 TRACE 81444 --- [    Test worker] o.h.type.descriptor.sql.BasicExtractor   : extracted value ([date_created3_0_] : [TIMESTAMP]) - [2019-05-23 15:51:07.0]
2019-06-13 17:57:27.975 TRACE 81444 --- [    Test worker] o.h.type.descriptor.sql.BasicExtractor   : extracted value ([is_active4_0_] : [BIT]) - [true]
2019-06-13 17:57:27.975 TRACE 81444 --- [    Test worker] o.h.type.descriptor.sql.BasicExtractor   : extracted value ([last_updated5_0_] : [TIMESTAMP]) - [2019-05-24 14:07:58.0]
2019-06-13 17:57:27.975 TRACE 81444 --- [    Test worker] o.h.type.descriptor.sql.BasicExtractor   : extracted value ([last_updator_id6_0_] : [BIGINT]) - [6]
2019-06-13 17:57:27.975 TRACE 81444 --- [    Test worker] o.h.type.descriptor.sql.BasicExtractor   : extracted value ([my_parent_id7_0_] : [BIGINT]) - [2]
2019-06-13 17:57:27.975 TRACE 81444 --- [    Test worker] o.h.type.descriptor.sql.BasicExtractor   : extracted value ([name8_0_] : [VARCHAR]) - [군산대학교]
2019-06-13 17:57:27.975 TRACE 81444 --- [    Test worker] o.h.type.descriptor.sql.BasicExtractor   : extracted value ([id1_0_] : [BIGINT]) - [159]
2019-06-13 17:57:27.975 TRACE 81444 --- [    Test worker] o.h.type.descriptor.sql.BasicExtractor   : extracted value ([code2_0_] : [VARCHAR]) - [X1981]
2019-06-13 17:57:27.975 TRACE 81444 --- [    Test worker] o.h.type.descriptor.sql.BasicExtractor   : extracted value ([date_created3_0_] : [TIMESTAMP]) - [2019-05-23 15:51:07.0]
2019-06-13 17:57:27.975 TRACE 81444 --- [    Test worker] o.h.type.descriptor.sql.BasicExtractor   : extracted value ([is_active4_0_] : [BIT]) - [true]
2019-06-13 17:57:27.975 TRACE 81444 --- [    Test worker] o.h.type.descriptor.sql.BasicExtractor   : extracted value ([last_updated5_0_] : [TIMESTAMP]) - [2019-05-24 14:46:51.0]
2019-06-13 17:57:27.975 TRACE 81444 --- [    Test worker] o.h.type.descriptor.sql.BasicExtractor   : extracted value ([last_updator_id6_0_] : [BIGINT]) - [6]
2019-06-13 17:57:27.976 TRACE 81444 --- [    Test worker] o.h.type.descriptor.sql.BasicExtractor   : extracted value ([my_parent_id7_0_] : [BIGINT]) - [null]
2019-06-13 17:57:27.976 TRACE 81444 --- [    Test worker] o.h.type.descriptor.sql.BasicExtractor   : extracted value ([name8_0_] : [VARCHAR]) - [수산전문대학]
2019-06-13 17:57:27.976 TRACE 81444 --- [    Test worker] o.h.type.descriptor.sql.BasicExtractor   : extracted value ([id1_0_] : [BIGINT]) - [160]
2019-06-13 17:57:27.976 TRACE 81444 --- [    Test worker] o.h.type.descriptor.sql.BasicExtractor   : extracted value ([code2_0_] : [VARCHAR]) - [X1A01]
2019-06-13 17:57:27.976 TRACE 81444 --- [    Test worker] o.h.type.descriptor.sql.BasicExtractor   : extracted value ([date_created3_0_] : [TIMESTAMP]) - [2019-05-23 15:51:07.0]
2019-06-13 17:57:27.976 TRACE 81444 --- [    Test worker] o.h.type.descriptor.sql.BasicExtractor   : extracted value ([is_active4_0_] : [BIT]) - [true]
2019-06-13 17:57:27.976 TRACE 81444 --- [    Test worker] o.h.type.descriptor.sql.BasicExtractor   : extracted value ([last_updated5_0_] : [TIMESTAMP]) - [2019-05-24 14:46:51.0]
2019-06-13 17:57:27.976 TRACE 81444 --- [    Test worker] o.h.type.descriptor.sql.BasicExtractor   : extracted value ([last_updator_id6_0_] : [BIGINT]) - [6]
2019-06-13 17:57:27.976 TRACE 81444 --- [    Test worker] o.h.type.descriptor.sql.BasicExtractor   : extracted value ([my_parent_id7_0_] : [BIGINT]) - [null]
2019-06-13 17:57:27.977 TRACE 81444 --- [    Test worker] o.h.type.descriptor.sql.BasicExtractor   : extracted value ([name8_0_] : [VARCHAR]) - [연계전공학과]
2019-06-13 17:57:27.994 TRACE 81444 --- [    Test worker] o.h.type.descriptor.sql.BasicExtractor   : extracted value ([id1_0_] : [BIGINT]) - [161]
2019-06-13 17:57:27.994 TRACE 81444 --- [    Test worker] o.h.type.descriptor.sql.BasicExtractor   : extracted value ([code2_0_] : [VARCHAR]) - [X1A02]
2019-06-13 17:57:27.996 TRACE 81444 --- [    Test worker] o.h.type.descriptor.sql.BasicExtractor   : extracted value ([date_created3_0_] : [TIMESTAMP]) - [2019-05-23 15:51:08.0]
2019-06-13 17:57:27.996 TRACE 81444 --- [    Test worker] o.h.type.descriptor.sql.BasicExtractor   : extracted value ([is_active4_0_] : [BIT]) - [true]
2019-06-13 17:57:27.996 TRACE 81444 --- [    Test worker] o.h.type.descriptor.sql.BasicExtractor   : extracted value ([last_updated5_0_] : [TIMESTAMP]) - [2019-05-24 14:46:51.0]
2019-06-13 17:57:27.996 TRACE 81444 --- [    Test worker] o.h.type.descriptor.sql.BasicExtractor   : extracted value ([last_updator_id6_0_] : [BIGINT]) - [6]
2019-06-13 17:57:27.997 TRACE 81444 --- [    Test worker] o.h.type.descriptor.sql.BasicExtractor   : extracted value ([my_parent_id7_0_] : [BIGINT]) - [null]
2019-06-13 17:57:27.997 TRACE 81444 --- [    Test worker] o.h.type.descriptor.sql.BasicExtractor   : extracted value ([name8_0_] : [VARCHAR]) - [어학교육원]
2019-06-13 17:57:27.997 TRACE 81444 --- [    Test worker] o.h.type.descriptor.sql.BasicExtractor   : extracted value ([id1_0_] : [BIGINT]) - [162]
2019-06-13 17:57:27.997 TRACE 81444 --- [    Test worker] o.h.type.descriptor.sql.BasicExtractor   : extracted value ([code2_0_] : [VARCHAR]) - [X1A03]
2019-06-13 17:57:27.997 TRACE 81444 --- [    Test worker] o.h.type.descriptor.sql.BasicExtractor   : extracted value ([date_created3_0_] : [TIMESTAMP]) - [2019-05-23 15:51:08.0]
2019-06-13 17:57:27.997 TRACE 81444 --- [    Test worker] o.h.type.descriptor.sql.BasicExtractor   : extracted value ([is_active4_0_] : [BIT]) - [true]
2019-06-13 17:57:27.997 TRACE 81444 --- [    Test worker] o.h.type.descriptor.sql.BasicExtractor   : extracted value ([last_updated5_0_] : [TIMESTAMP]) - [2019-05-23 15:51:08.0]
2019-06-13 17:57:27.997 TRACE 81444 --- [    Test worker] o.h.type.descriptor.sql.BasicExtractor   : extracted value ([last_updator_id6_0_] : [BIGINT]) - [6]
2019-06-13 17:57:27.997 TRACE 81444 --- [    Test worker] o.h.type.descriptor.sql.BasicExtractor   : extracted value ([my_parent_id7_0_] : [BIGINT]) - [null]
2019-06-13 17:57:27.997 TRACE 81444 --- [    Test worker] o.h.type.descriptor.sql.BasicExtractor   : extracted value ([name8_0_] : [VARCHAR]) - [교육개발원]
2019-06-13 17:57:27.997 TRACE 81444 --- [    Test worker] o.h.type.descriptor.sql.BasicExtractor   : extracted value ([id1_0_] : [BIGINT]) - [163]
2019-06-13 17:57:27.998 TRACE 81444 --- [    Test worker] o.h.type.descriptor.sql.BasicExtractor   : extracted value ([code2_0_] : [VARCHAR]) - [X1A04]
2019-06-13 17:57:27.998 TRACE 81444 --- [    Test worker] o.h.type.descriptor.sql.BasicExtractor   : extracted value ([date_created3_0_] : [TIMESTAMP]) - [2019-05-23 15:51:08.0]
2019-06-13 17:57:27.998 TRACE 81444 --- [    Test worker] o.h.type.descriptor.sql.BasicExtractor   : extracted value ([is_active4_0_] : [BIT]) - [true]
2019-06-13 17:57:27.998 TRACE 81444 --- [    Test worker] o.h.type.descriptor.sql.BasicExtractor   : extracted value ([last_updated5_0_] : [TIMESTAMP]) - [2019-05-24 14:46:52.0]
2019-06-13 17:57:27.998 TRACE 81444 --- [    Test worker] o.h.type.descriptor.sql.BasicExtractor   : extracted value ([last_updator_id6_0_] : [BIGINT]) - [6]
2019-06-13 17:57:27.998 TRACE 81444 --- [    Test worker] o.h.type.descriptor.sql.BasicExtractor   : extracted value ([my_parent_id7_0_] : [BIGINT]) - [null]
2019-06-13 17:57:27.998 TRACE 81444 --- [    Test worker] o.h.type.descriptor.sql.BasicExtractor   : extracted value ([name8_0_] : [VARCHAR]) - [학생종합인력개발센터]
2019-06-13 17:57:27.998 TRACE 81444 --- [    Test worker] o.h.type.descriptor.sql.BasicExtractor   : extracted value ([id1_0_] : [BIGINT]) - [164]
2019-06-13 17:57:27.998 TRACE 81444 --- [    Test worker] o.h.type.descriptor.sql.BasicExtractor   : extracted value ([code2_0_] : [VARCHAR]) - [X1A05]
2019-06-13 17:57:27.999 TRACE 81444 --- [    Test worker] o.h.type.descriptor.sql.BasicExtractor   : extracted value ([date_created3_0_] : [TIMESTAMP]) - [2019-05-23 15:51:09.0]
2019-06-13 17:57:27.999 TRACE 81444 --- [    Test worker] o.h.type.descriptor.sql.BasicExtractor   : extracted value ([is_active4_0_] : [BIT]) - [true]
2019-06-13 17:57:27.999 TRACE 81444 --- [    Test worker] o.h.type.descriptor.sql.BasicExtractor   : extracted value ([last_updated5_0_] : [TIMESTAMP]) - [2019-05-24 14:46:52.0]
2019-06-13 17:57:27.999 TRACE 81444 --- [    Test worker] o.h.type.descriptor.sql.BasicExtractor   : extracted value ([last_updator_id6_0_] : [BIGINT]) - [6]
2019-06-13 17:57:27.999 TRACE 81444 --- [    Test worker] o.h.type.descriptor.sql.BasicExtractor   : extracted value ([my_parent_id7_0_] : [BIGINT]) - [null]
2019-06-13 17:57:27.999 TRACE 81444 --- [    Test worker] o.h.type.descriptor.sql.BasicExtractor   : extracted value ([name8_0_] : [VARCHAR]) - [개설학과]
2019-06-13 17:57:27.999 TRACE 81444 --- [    Test worker] o.h.type.descriptor.sql.BasicExtractor   : extracted value ([id1_0_] : [BIGINT]) - [165]
2019-06-13 17:57:27.999 TRACE 81444 --- [    Test worker] o.h.type.descriptor.sql.BasicExtractor   : extracted value ([code2_0_] : [VARCHAR]) - [X1A06]
2019-06-13 17:57:27.999 TRACE 81444 --- [    Test worker] o.h.type.descriptor.sql.BasicExtractor   : extracted value ([date_created3_0_] : [TIMESTAMP]) - [2019-05-23 15:51:09.0]
2019-06-13 17:57:27.999 TRACE 81444 --- [    Test worker] o.h.type.descriptor.sql.BasicExtractor   : extracted value ([is_active4_0_] : [BIT]) - [true]
2019-06-13 17:57:27.999 TRACE 81444 --- [    Test worker] o.h.type.descriptor.sql.BasicExtractor   : extracted value ([last_updated5_0_] : [TIMESTAMP]) - [2019-05-23 15:51:09.0]
2019-06-13 17:57:27.999 TRACE 81444 --- [    Test worker] o.h.type.descriptor.sql.BasicExtractor   : extracted value ([last_updator_id6_0_] : [BIGINT]) - [6]
2019-06-13 17:57:27.999 TRACE 81444 --- [    Test worker] o.h.type.descriptor.sql.BasicExtractor   : extracted value ([my_parent_id7_0_] : [BIGINT]) - [null]
2019-06-13 17:57:27.999 TRACE 81444 --- [    Test worker] o.h.type.descriptor.sql.BasicExtractor   : extracted value ([name8_0_] : [VARCHAR]) - [국제교류센터]
2019-06-13 17:57:27.999 TRACE 81444 --- [    Test worker] o.h.type.descriptor.sql.BasicExtractor   : extracted value ([id1_0_] : [BIGINT]) - [166]
2019-06-13 17:57:28.000 TRACE 81444 --- [    Test worker] o.h.type.descriptor.sql.BasicExtractor   : extracted value ([code2_0_] : [VARCHAR]) - [X1A07]
2019-06-13 17:57:28.000 TRACE 81444 --- [    Test worker] o.h.type.descriptor.sql.BasicExtractor   : extracted value ([date_created3_0_] : [TIMESTAMP]) - [2019-05-23 15:51:09.0]
2019-06-13 17:57:28.000 TRACE 81444 --- [    Test worker] o.h.type.descriptor.sql.BasicExtractor   : extracted value ([is_active4_0_] : [BIT]) - [true]
2019-06-13 17:57:28.000 TRACE 81444 --- [    Test worker] o.h.type.descriptor.sql.BasicExtractor   : extracted value ([last_updated5_0_] : [TIMESTAMP]) - [2019-05-24 14:46:53.0]
2019-06-13 17:57:28.001 TRACE 81444 --- [    Test worker] o.h.type.descriptor.sql.BasicExtractor   : extracted value ([last_updator_id6_0_] : [BIGINT]) - [6]
2019-06-13 17:57:28.001 TRACE 81444 --- [    Test worker] o.h.type.descriptor.sql.BasicExtractor   : extracted value ([my_parent_id7_0_] : [BIGINT]) - [null]
2019-06-13 17:57:28.001 TRACE 81444 --- [    Test worker] o.h.type.descriptor.sql.BasicExtractor   : extracted value ([name8_0_] : [VARCHAR]) - [국제교류교육원]
2019-06-13 17:57:28.001 TRACE 81444 --- [    Test worker] o.h.type.descriptor.sql.BasicExtractor   : extracted value ([id1_0_] : [BIGINT]) - [167]
2019-06-13 17:57:28.001 TRACE 81444 --- [    Test worker] o.h.type.descriptor.sql.BasicExtractor   : extracted value ([code2_0_] : [VARCHAR]) - [X1A08]
2019-06-13 17:57:28.001 TRACE 81444 --- [    Test worker] o.h.type.descriptor.sql.BasicExtractor   : extracted value ([date_created3_0_] : [TIMESTAMP]) - [2019-05-23 15:51:10.0]
2019-06-13 17:57:28.001 TRACE 81444 --- [    Test worker] o.h.type.descriptor.sql.BasicExtractor   : extracted value ([is_active4_0_] : [BIT]) - [true]
2019-06-13 17:57:28.001 TRACE 81444 --- [    Test worker] o.h.type.descriptor.sql.BasicExtractor   : extracted value ([last_updated5_0_] : [TIMESTAMP]) - [2019-05-24 14:46:53.0]
2019-06-13 17:57:28.001 TRACE 81444 --- [    Test worker] o.h.type.descriptor.sql.BasicExtractor   : extracted value ([last_updator_id6_0_] : [BIGINT]) - [6]
2019-06-13 17:57:28.001 TRACE 81444 --- [    Test worker] o.h.type.descriptor.sql.BasicExtractor   : extracted value ([my_parent_id7_0_] : [BIGINT]) - [null]
2019-06-13 17:57:28.001 TRACE 81444 --- [    Test worker] o.h.type.descriptor.sql.BasicExtractor   : extracted value ([name8_0_] : [VARCHAR]) - [취업지원본부]
2019-06-13 17:57:28.001 TRACE 81444 --- [    Test worker] o.h.type.descriptor.sql.BasicExtractor   : extracted value ([id1_0_] : [BIGINT]) - [168]
2019-06-13 17:57:28.001 TRACE 81444 --- [    Test worker] o.h.type.descriptor.sql.BasicExtractor   : extracted value ([code2_0_] : [VARCHAR]) - [X1A09]
2019-06-13 17:57:28.002 TRACE 81444 --- [    Test worker] o.h.type.descriptor.sql.BasicExtractor   : extracted value ([date_created3_0_] : [TIMESTAMP]) - [2019-05-23 15:51:10.0]
2019-06-13 17:57:28.002 TRACE 81444 --- [    Test worker] o.h.type.descriptor.sql.BasicExtractor   : extracted value ([is_active4_0_] : [BIT]) - [true]
2019-06-13 17:57:28.003 TRACE 81444 --- [    Test worker] o.h.type.descriptor.sql.BasicExtractor   : extracted value ([last_updated5_0_] : [TIMESTAMP]) - [2019-05-24 14:08:00.0]
2019-06-13 17:57:28.003 TRACE 81444 --- [    Test worker] o.h.type.descriptor.sql.BasicExtractor   : extracted value ([last_updator_id6_0_] : [BIGINT]) - [6]
2019-06-13 17:57:28.003 TRACE 81444 --- [    Test worker] o.h.type.descriptor.sql.BasicExtractor   : extracted value ([my_parent_id7_0_] : [BIGINT]) - [837]
2019-06-13 17:57:28.003 TRACE 81444 --- [    Test worker] o.h.type.descriptor.sql.BasicExtractor   : extracted value ([name8_0_] : [VARCHAR]) - [현장실습지원센터]
2019-06-13 17:57:28.003 TRACE 81444 --- [    Test worker] o.h.type.descriptor.sql.BasicExtractor   : extracted value ([id1_0_] : [BIGINT]) - [169]
2019-06-13 17:57:28.003 TRACE 81444 --- [    Test worker] o.h.type.descriptor.sql.BasicExtractor   : extracted value ([code2_0_] : [VARCHAR]) - [X1A0A]
2019-06-13 17:57:28.004 TRACE 81444 --- [    Test worker] o.h.type.descriptor.sql.BasicExtractor   : extracted value ([date_created3_0_] : [TIMESTAMP]) - [2019-05-23 15:51:10.0]
2019-06-13 17:57:28.004 TRACE 81444 --- [    Test worker] o.h.type.descriptor.sql.BasicExtractor   : extracted value ([is_active4_0_] : [BIT]) - [true]
2019-06-13 17:57:28.004 TRACE 81444 --- [    Test worker] o.h.type.descriptor.sql.BasicExtractor   : extracted value ([last_updated5_0_] : [TIMESTAMP]) - [2019-05-24 14:46:54.0]
2019-06-13 17:57:28.004 TRACE 81444 --- [    Test worker] o.h.type.descriptor.sql.BasicExtractor   : extracted value ([last_updator_id6_0_] : [BIGINT]) - [6]
2019-06-13 17:57:28.004 TRACE 81444 --- [    Test worker] o.h.type.descriptor.sql.BasicExtractor   : extracted value ([my_parent_id7_0_] : [BIGINT]) - [null]
2019-06-13 17:57:28.004 TRACE 81444 --- [    Test worker] o.h.type.descriptor.sql.BasicExtractor   : extracted value ([name8_0_] : [VARCHAR]) - [교양교육원]
2019-06-13 17:57:28.004 TRACE 81444 --- [    Test worker] o.h.type.descriptor.sql.BasicExtractor   : extracted value ([id1_0_] : [BIGINT]) - [170]
2019-06-13 17:57:28.004 TRACE 81444 --- [    Test worker] o.h.type.descriptor.sql.BasicExtractor   : extracted value ([code2_0_] : [VARCHAR]) - [X1A10]
2019-06-13 17:57:28.004 TRACE 81444 --- [    Test worker] o.h.type.descriptor.sql.BasicExtractor   : extracted value ([date_created3_0_] : [TIMESTAMP]) - [2019-05-23 15:51:11.0]
2019-06-13 17:57:28.004 TRACE 81444 --- [    Test worker] o.h.type.descriptor.sql.BasicExtractor   : extracted value ([is_active4_0_] : [BIT]) - [true]
2019-06-13 17:57:28.004 TRACE 81444 --- [    Test worker] o.h.type.descriptor.sql.BasicExtractor   : extracted value ([last_updated5_0_] : [TIMESTAMP]) - [2019-05-24 14:46:54.0]
2019-06-13 17:57:28.004 TRACE 81444 --- [    Test worker] o.h.type.descriptor.sql.BasicExtractor   : extracted value ([last_updator_id6_0_] : [BIGINT]) - [6]
2019-06-13 17:57:28.004 TRACE 81444 --- [    Test worker] o.h.type.descriptor.sql.BasicExtractor   : extracted value ([my_parent_id7_0_] : [BIGINT]) - [null]
2019-06-13 17:57:28.004 TRACE 81444 --- [    Test worker] o.h.type.descriptor.sql.BasicExtractor   : extracted value ([name8_0_] : [VARCHAR]) - [창업교육센터]
2019-06-13 17:57:28.024 TRACE 81444 --- [    Test worker] o.h.type.descriptor.sql.BasicExtractor   : extracted value ([id1_0_] : [BIGINT]) - [171]
2019-06-13 17:57:28.024 TRACE 81444 --- [    Test worker] o.h.type.descriptor.sql.BasicExtractor   : extracted value ([code2_0_] : [VARCHAR]) - [X1A11]
2019-06-13 17:57:28.025 TRACE 81444 --- [    Test worker] o.h.type.descriptor.sql.BasicExtractor   : extracted value ([date_created3_0_] : [TIMESTAMP]) - [2019-05-23 15:51:11.0]
2019-06-13 17:57:28.025 TRACE 81444 --- [    Test worker] o.h.type.descriptor.sql.BasicExtractor   : extracted value ([is_active4_0_] : [BIT]) - [true]
2019-06-13 17:57:28.025 TRACE 81444 --- [    Test worker] o.h.type.descriptor.sql.BasicExtractor   : extracted value ([last_updated5_0_] : [TIMESTAMP]) - [2019-05-24 14:08:01.0]
2019-06-13 17:57:28.025 TRACE 81444 --- [    Test worker] o.h.type.descriptor.sql.BasicExtractor   : extracted value ([last_updator_id6_0_] : [BIGINT]) - [6]
2019-06-13 17:57:28.025 TRACE 81444 --- [    Test worker] o.h.type.descriptor.sql.BasicExtractor   : extracted value ([my_parent_id7_0_] : [BIGINT]) - [853]
2019-06-13 17:57:28.025 TRACE 81444 --- [    Test worker] o.h.type.descriptor.sql.BasicExtractor   : extracted value ([name8_0_] : [VARCHAR]) - [간호학과]
2019-06-13 17:57:28.026 TRACE 81444 --- [    Test worker] o.h.type.descriptor.sql.BasicExtractor   : extracted value ([id1_0_] : [BIGINT]) - [172]
2019-06-13 17:57:28.026 TRACE 81444 --- [    Test worker] o.h.type.descriptor.sql.BasicExtractor   : extracted value ([code2_0_] : [VARCHAR]) - [X1A12]
2019-06-13 17:57:28.026 TRACE 81444 --- [    Test worker] o.h.type.descriptor.sql.BasicExtractor   : extracted value ([date_created3_0_] : [TIMESTAMP]) - [2019-05-23 15:51:11.0]
2019-06-13 17:57:28.026 TRACE 81444 --- [    Test worker] o.h.type.descriptor.sql.BasicExtractor   : extracted value ([is_active4_0_] : [BIT]) - [true]
2019-06-13 17:57:28.026 TRACE 81444 --- [    Test worker] o.h.type.descriptor.sql.BasicExtractor   : extracted value ([last_updated5_0_] : [TIMESTAMP]) - [2019-05-24 14:46:55.0]
2019-06-13 17:57:28.026 TRACE 81444 --- [    Test worker] o.h.type.descriptor.sql.BasicExtractor   : extracted value ([last_updator_id6_0_] : [BIGINT]) - [6]
2019-06-13 17:57:28.026 TRACE 81444 --- [    Test worker] o.h.type.descriptor.sql.BasicExtractor   : extracted value ([my_parent_id7_0_] : [BIGINT]) - [null]
2019-06-13 17:57:28.026 TRACE 81444 --- [    Test worker] o.h.type.descriptor.sql.BasicExtractor   : extracted value ([name8_0_] : [VARCHAR]) - [교육혁신본부]
2019-06-13 17:57:28.026 TRACE 81444 --- [    Test worker] o.h.type.descriptor.sql.BasicExtractor   : extracted value ([id1_0_] : [BIGINT]) - [173]
2019-06-13 17:57:28.026 TRACE 81444 --- [    Test worker] o.h.type.descriptor.sql.BasicExtractor   : extracted value ([code2_0_] : [VARCHAR]) - [X1A13]
2019-06-13 17:57:28.026 TRACE 81444 --- [    Test worker] o.h.type.descriptor.sql.BasicExtractor   : extracted value ([date_created3_0_] : [TIMESTAMP]) - [2019-05-23 15:51:12.0]
2019-06-13 17:57:28.026 TRACE 81444 --- [    Test worker] o.h.type.descriptor.sql.BasicExtractor   : extracted value ([is_active4_0_] : [BIT]) - [true]
2019-06-13 17:57:28.026 TRACE 81444 --- [    Test worker] o.h.type.descriptor.sql.BasicExtractor   : extracted value ([last_updated5_0_] : [TIMESTAMP]) - [2019-05-24 14:46:55.0]
2019-06-13 17:57:28.026 TRACE 81444 --- [    Test worker] o.h.type.descriptor.sql.BasicExtractor   : extracted value ([last_updator_id6_0_] : [BIGINT]) - [6]
2019-06-13 17:57:28.026 TRACE 81444 --- [    Test worker] o.h.type.descriptor.sql.BasicExtractor   : extracted value ([my_parent_id7_0_] : [BIGINT]) - [null]
2019-06-13 17:57:28.027 TRACE 81444 --- [    Test worker] o.h.type.descriptor.sql.BasicExtractor   : extracted value ([name8_0_] : [VARCHAR]) - [취·창업지원과]
2019-06-13 17:57:28.027 TRACE 81444 --- [    Test worker] o.h.type.descriptor.sql.BasicExtractor   : extracted value ([id1_0_] : [BIGINT]) - [174]
2019-06-13 17:57:28.027 TRACE 81444 --- [    Test worker] o.h.type.descriptor.sql.BasicExtractor   : extracted value ([code2_0_] : [VARCHAR]) - [X1A14]
2019-06-13 17:57:28.027 TRACE 81444 --- [    Test worker] o.h.type.descriptor.sql.BasicExtractor   : extracted value ([date_created3_0_] : [TIMESTAMP]) - [2019-05-23 15:51:12.0]
2019-06-13 17:57:28.027 TRACE 81444 --- [    Test worker] o.h.type.descriptor.sql.BasicExtractor   : extracted value ([is_active4_0_] : [BIT]) - [true]
2019-06-13 17:57:28.027 TRACE 81444 --- [    Test worker] o.h.type.descriptor.sql.BasicExtractor   : extracted value ([last_updated5_0_] : [TIMESTAMP]) - [2019-05-24 14:46:55.0]
2019-06-13 17:57:28.027 TRACE 81444 --- [    Test worker] o.h.type.descriptor.sql.BasicExtractor   : extracted value ([last_updator_id6_0_] : [BIGINT]) - [6]
2019-06-13 17:57:28.027 TRACE 81444 --- [    Test worker] o.h.type.descriptor.sql.BasicExtractor   : extracted value ([my_parent_id7_0_] : [BIGINT]) - [null]
2019-06-13 17:57:28.027 TRACE 81444 --- [    Test worker] o.h.type.descriptor.sql.BasicExtractor   : extracted value ([name8_0_] : [VARCHAR]) - [취업지원과]
2019-06-13 17:57:28.027 TRACE 81444 --- [    Test worker] o.h.type.descriptor.sql.BasicExtractor   : extracted value ([id1_0_] : [BIGINT]) - [175]
2019-06-13 17:57:28.027 TRACE 81444 --- [    Test worker] o.h.type.descriptor.sql.BasicExtractor   : extracted value ([code2_0_] : [VARCHAR]) - [X1A15]
2019-06-13 17:57:28.027 TRACE 81444 --- [    Test worker] o.h.type.descriptor.sql.BasicExtractor   : extracted value ([date_created3_0_] : [TIMESTAMP]) - [2019-05-23 15:51:12.0]
2019-06-13 17:57:28.027 TRACE 81444 --- [    Test worker] o.h.type.descriptor.sql.BasicExtractor   : extracted value ([is_active4_0_] : [BIT]) - [true]
2019-06-13 17:57:28.027 TRACE 81444 --- [    Test worker] o.h.type.descriptor.sql.BasicExtractor   : extracted value ([last_updated5_0_] : [TIMESTAMP]) - [2019-05-24 14:46:55.0]
2019-06-13 17:57:28.027 TRACE 81444 --- [    Test worker] o.h.type.descriptor.sql.BasicExtractor   : extracted value ([last_updator_id6_0_] : [BIGINT]) - [6]
2019-06-13 17:57:28.027 TRACE 81444 --- [    Test worker] o.h.type.descriptor.sql.BasicExtractor   : extracted value ([my_parent_id7_0_] : [BIGINT]) - [null]
2019-06-13 17:57:28.028 TRACE 81444 --- [    Test worker] o.h.type.descriptor.sql.BasicExtractor   : extracted value ([name8_0_] : [VARCHAR]) - [창업교육센터]
2019-06-13 17:57:28.028 TRACE 81444 --- [    Test worker] o.h.type.descriptor.sql.BasicExtractor   : extracted value ([id1_0_] : [BIGINT]) - [176]
2019-06-13 17:57:28.028 TRACE 81444 --- [    Test worker] o.h.type.descriptor.sql.BasicExtractor   : extracted value ([code2_0_] : [VARCHAR]) - [X1A16]
2019-06-13 17:57:28.028 TRACE 81444 --- [    Test worker] o.h.type.descriptor.sql.BasicExtractor   : extracted value ([date_created3_0_] : [TIMESTAMP]) - [2019-05-23 15:51:13.0]
2019-06-13 17:57:28.028 TRACE 81444 --- [    Test worker] o.h.type.descriptor.sql.BasicExtractor   : extracted value ([is_active4_0_] : [BIT]) - [true]
2019-06-13 17:57:28.028 TRACE 81444 --- [    Test worker] o.h.type.descriptor.sql.BasicExtractor   : extracted value ([last_updated5_0_] : [TIMESTAMP]) - [2019-05-24 14:46:56.0]
2019-06-13 17:57:28.028 TRACE 81444 --- [    Test worker] o.h.type.descriptor.sql.BasicExtractor   : extracted value ([last_updator_id6_0_] : [BIGINT]) - [6]
2019-06-13 17:57:28.028 TRACE 81444 --- [    Test worker] o.h.type.descriptor.sql.BasicExtractor   : extracted value ([my_parent_id7_0_] : [BIGINT]) - [null]
2019-06-13 17:57:28.028 TRACE 81444 --- [    Test worker] o.h.type.descriptor.sql.BasicExtractor   : extracted value ([name8_0_] : [VARCHAR]) - [공학교육혁신센터]
2019-06-13 17:57:28.029 TRACE 81444 --- [    Test worker] o.h.type.descriptor.sql.BasicExtractor   : extracted value ([id1_0_] : [BIGINT]) - [177]
2019-06-13 17:57:28.029 TRACE 81444 --- [    Test worker] o.h.type.descriptor.sql.BasicExtractor   : extracted value ([code2_0_] : [VARCHAR]) - [X1A17]
2019-06-13 17:57:28.029 TRACE 81444 --- [    Test worker] o.h.type.descriptor.sql.BasicExtractor   : extracted value ([date_created3_0_] : [TIMESTAMP]) - [2019-05-23 15:51:13.0]
2019-06-13 17:57:28.029 TRACE 81444 --- [    Test worker] o.h.type.descriptor.sql.BasicExtractor   : extracted value ([is_active4_0_] : [BIT]) - [true]
2019-06-13 17:57:28.029 TRACE 81444 --- [    Test worker] o.h.type.descriptor.sql.BasicExtractor   : extracted value ([last_updated5_0_] : [TIMESTAMP]) - [2019-05-24 14:46:56.0]
2019-06-13 17:57:28.029 TRACE 81444 --- [    Test worker] o.h.type.descriptor.sql.BasicExtractor   : extracted value ([last_updator_id6_0_] : [BIGINT]) - [6]
2019-06-13 17:57:28.029 TRACE 81444 --- [    Test worker] o.h.type.descriptor.sql.BasicExtractor   : extracted value ([my_parent_id7_0_] : [BIGINT]) - [null]
2019-06-13 17:57:28.029 TRACE 81444 --- [    Test worker] o.h.type.descriptor.sql.BasicExtractor   : extracted value ([name8_0_] : [VARCHAR]) - [황룡인재교육원]
2019-06-13 17:57:28.029 TRACE 81444 --- [    Test worker] o.h.type.descriptor.sql.BasicExtractor   : extracted value ([id1_0_] : [BIGINT]) - [178]
2019-06-13 17:57:28.030 TRACE 81444 --- [    Test worker] o.h.type.descriptor.sql.BasicExtractor   : extracted value ([code2_0_] : [VARCHAR]) - [X1A18]
2019-06-13 17:57:28.030 TRACE 81444 --- [    Test worker] o.h.type.descriptor.sql.BasicExtractor   : extracted value ([date_created3_0_] : [TIMESTAMP]) - [2019-05-23 15:51:13.0]
2019-06-13 17:57:28.030 TRACE 81444 --- [    Test worker] o.h.type.descriptor.sql.BasicExtractor   : extracted value ([is_active4_0_] : [BIT]) - [true]
2019-06-13 17:57:28.030 TRACE 81444 --- [    Test worker] o.h.type.descriptor.sql.BasicExtractor   : extracted value ([last_updated5_0_] : [TIMESTAMP]) - [2019-05-24 14:46:56.0]
2019-06-13 17:57:28.030 TRACE 81444 --- [    Test worker] o.h.type.descriptor.sql.BasicExtractor   : extracted value ([last_updator_id6_0_] : [BIGINT]) - [6]
2019-06-13 17:57:28.030 TRACE 81444 --- [    Test worker] o.h.type.descriptor.sql.BasicExtractor   : extracted value ([my_parent_id7_0_] : [BIGINT]) - [null]
2019-06-13 17:57:28.030 TRACE 81444 --- [    Test worker] o.h.type.descriptor.sql.BasicExtractor   : extracted value ([name8_0_] : [VARCHAR]) - [학생군사교육단]
2019-06-13 17:57:28.030 TRACE 81444 --- [    Test worker] o.h.type.descriptor.sql.BasicExtractor   : extracted value ([id1_0_] : [BIGINT]) - [179]
2019-06-13 17:57:28.030 TRACE 81444 --- [    Test worker] o.h.type.descriptor.sql.BasicExtractor   : extracted value ([code2_0_] : [VARCHAR]) - [X1A21]
2019-06-13 17:57:28.030 TRACE 81444 --- [    Test worker] o.h.type.descriptor.sql.BasicExtractor   : extracted value ([date_created3_0_] : [TIMESTAMP]) - [2019-05-23 15:51:14.0]
2019-06-13 17:57:28.030 TRACE 81444 --- [    Test worker] o.h.type.descriptor.sql.BasicExtractor   : extracted value ([is_active4_0_] : [BIT]) - [true]
2019-06-13 17:57:28.030 TRACE 81444 --- [    Test worker] o.h.type.descriptor.sql.BasicExtractor   : extracted value ([last_updated5_0_] : [TIMESTAMP]) - [2019-05-24 14:08:03.0]
2019-06-13 17:57:28.030 TRACE 81444 --- [    Test worker] o.h.type.descriptor.sql.BasicExtractor   : extracted value ([last_updator_id6_0_] : [BIGINT]) - [6]
2019-06-13 17:57:28.030 TRACE 81444 --- [    Test worker] o.h.type.descriptor.sql.BasicExtractor   : extracted value ([my_parent_id7_0_] : [BIGINT]) - [852]
2019-06-13 17:57:28.030 TRACE 81444 --- [    Test worker] o.h.type.descriptor.sql.BasicExtractor   : extracted value ([name8_0_] : [VARCHAR]) - [경영학부]
2019-06-13 17:57:28.030 TRACE 81444 --- [    Test worker] o.h.type.descriptor.sql.BasicExtractor   : extracted value ([id1_0_] : [BIGINT]) - [180]
2019-06-13 17:57:28.030 TRACE 81444 --- [    Test worker] o.h.type.descriptor.sql.BasicExtractor   : extracted value ([code2_0_] : [VARCHAR]) - [X1A25]
2019-06-13 17:57:28.031 TRACE 81444 --- [    Test worker] o.h.type.descriptor.sql.BasicExtractor   : extracted value ([date_created3_0_] : [TIMESTAMP]) - [2019-05-23 15:51:14.0]
2019-06-13 17:57:28.031 TRACE 81444 --- [    Test worker] o.h.type.descriptor.sql.BasicExtractor   : extracted value ([is_active4_0_] : [BIT]) - [true]
2019-06-13 17:57:28.031 TRACE 81444 --- [    Test worker] o.h.type.descriptor.sql.BasicExtractor   : extracted value ([last_updated5_0_] : [TIMESTAMP]) - [2019-05-24 14:08:04.0]
2019-06-13 17:57:28.031 TRACE 81444 --- [    Test worker] o.h.type.descriptor.sql.BasicExtractor   : extracted value ([last_updator_id6_0_] : [BIGINT]) - [6]
2019-06-13 17:57:28.031 TRACE 81444 --- [    Test worker] o.h.type.descriptor.sql.BasicExtractor   : extracted value ([my_parent_id7_0_] : [BIGINT]) - [919]
2019-06-13 17:57:28.031 TRACE 81444 --- [    Test worker] o.h.type.descriptor.sql.BasicExtractor   : extracted value ([name8_0_] : [VARCHAR]) - [식품클러스터전공]
2019-06-13 17:57:28.048 TRACE 81444 --- [    Test worker] o.h.type.descriptor.sql.BasicExtractor   : extracted value ([id1_0_] : [BIGINT]) - [181]
2019-06-13 17:57:28.048 TRACE 81444 --- [    Test worker] o.h.type.descriptor.sql.BasicExtractor   : extracted value ([code2_0_] : [VARCHAR]) - [X1A31]
2019-06-13 17:57:28.049 TRACE 81444 --- [    Test worker] o.h.type.descriptor.sql.BasicExtractor   : extracted value ([date_created3_0_] : [TIMESTAMP]) - [2019-05-23 15:51:14.0]
2019-06-13 17:57:28.049 TRACE 81444 --- [    Test worker] o.h.type.descriptor.sql.BasicExtractor   : extracted value ([is_active4_0_] : [BIT]) - [true]
2019-06-13 17:57:28.049 TRACE 81444 --- [    Test worker] o.h.type.descriptor.sql.BasicExtractor   : extracted value ([last_updated5_0_] : [TIMESTAMP]) - [2019-05-24 14:08:04.0]
2019-06-13 17:57:28.049 TRACE 81444 --- [    Test worker] o.h.type.descriptor.sql.BasicExtractor   : extracted value ([last_updator_id6_0_] : [BIGINT]) - [6]
2019-06-13 17:57:28.049 TRACE 81444 --- [    Test worker] o.h.type.descriptor.sql.BasicExtractor   : extracted value ([my_parent_id7_0_] : [BIGINT]) - [854]
2019-06-13 17:57:28.049 TRACE 81444 --- [    Test worker] o.h.type.descriptor.sql.BasicExtractor   : extracted value ([name8_0_] : [VARCHAR]) - [주거및실내계획학과]
2019-06-13 17:57:28.049 TRACE 81444 --- [    Test worker] o.h.type.descriptor.sql.BasicExtractor   : extracted value ([id1_0_] : [BIGINT]) - [182]
2019-06-13 17:57:28.050 TRACE 81444 --- [    Test worker] o.h.type.descriptor.sql.BasicExtractor   : extracted value ([code2_0_] : [VARCHAR]) - [X1A32]
2019-06-13 17:57:28.050 TRACE 81444 --- [    Test worker] o.h.type.descriptor.sql.BasicExtractor   : extracted value ([date_created3_0_] : [TIMESTAMP]) - [2019-05-23 15:51:15.0]
2019-06-13 17:57:28.050 TRACE 81444 --- [    Test worker] o.h.type.descriptor.sql.BasicExtractor   : extracted value ([is_active4_0_] : [BIT]) - [true]
2019-06-13 17:57:28.050 TRACE 81444 --- [    Test worker] o.h.type.descriptor.sql.BasicExtractor   : extracted value ([last_updated5_0_] : [TIMESTAMP]) - [2019-05-24 14:08:04.0]
2019-06-13 17:57:28.050 TRACE 81444 --- [    Test worker] o.h.type.descriptor.sql.BasicExtractor   : extracted value ([last_updator_id6_0_] : [BIGINT]) - [6]
2019-06-13 17:57:28.050 TRACE 81444 --- [    Test worker] o.h.type.descriptor.sql.BasicExtractor   : extracted value ([my_parent_id7_0_] : [BIGINT]) - [871]
2019-06-13 17:57:28.051 TRACE 81444 --- [    Test worker] o.h.type.descriptor.sql.BasicExtractor   : extracted value ([name8_0_] : [VARCHAR]) - [공간디자인융합기술학과]
2019-06-13 17:57:28.051 TRACE 81444 --- [    Test worker] o.h.type.descriptor.sql.BasicExtractor   : extracted value ([id1_0_] : [BIGINT]) - [183]
2019-06-13 17:57:28.055 TRACE 81444 --- [    Test worker] o.h.type.descriptor.sql.BasicExtractor   : extracted value ([code2_0_] : [VARCHAR]) - [X1A33]
2019-06-13 17:57:28.055 TRACE 81444 --- [    Test worker] o.h.type.descriptor.sql.BasicExtractor   : extracted value ([date_created3_0_] : [TIMESTAMP]) - [2019-05-23 15:51:15.0]
2019-06-13 17:57:28.055 TRACE 81444 --- [    Test worker] o.h.type.descriptor.sql.BasicExtractor   : extracted value ([is_active4_0_] : [BIT]) - [true]
2019-06-13 17:57:28.056 TRACE 81444 --- [    Test worker] o.h.type.descriptor.sql.BasicExtractor   : extracted value ([last_updated5_0_] : [TIMESTAMP]) - [2019-05-24 14:46:58.0]
2019-06-13 17:57:28.056 TRACE 81444 --- [    Test worker] o.h.type.descriptor.sql.BasicExtractor   : extracted value ([last_updator_id6_0_] : [BIGINT]) - [6]
2019-06-13 17:57:28.057 TRACE 81444 --- [    Test worker] o.h.type.descriptor.sql.BasicExtractor   : extracted value ([my_parent_id7_0_] : [BIGINT]) - [null]
2019-06-13 17:57:28.057 TRACE 81444 --- [    Test worker] o.h.type.descriptor.sql.BasicExtractor   : extracted value ([name8_0_] : [VARCHAR]) - [주거복지연계전공]
2019-06-13 17:57:28.057 TRACE 81444 --- [    Test worker] o.h.type.descriptor.sql.BasicExtractor   : extracted value ([id1_0_] : [BIGINT]) - [184]
2019-06-13 17:57:28.057 TRACE 81444 --- [    Test worker] o.h.type.descriptor.sql.BasicExtractor   : extracted value ([code2_0_] : [VARCHAR]) - [X1A41]
2019-06-13 17:57:28.058 TRACE 81444 --- [    Test worker] o.h.type.descriptor.sql.BasicExtractor   : extracted value ([date_created3_0_] : [TIMESTAMP]) - [2019-05-23 15:51:15.0]
2019-06-13 17:57:28.058 TRACE 81444 --- [    Test worker] o.h.type.descriptor.sql.BasicExtractor   : extracted value ([is_active4_0_] : [BIT]) - [true]
2019-06-13 17:57:28.058 TRACE 81444 --- [    Test worker] o.h.type.descriptor.sql.BasicExtractor   : extracted value ([last_updated5_0_] : [TIMESTAMP]) - [2019-05-24 14:08:05.0]
2019-06-13 17:57:28.058 TRACE 81444 --- [    Test worker] o.h.type.descriptor.sql.BasicExtractor   : extracted value ([last_updator_id6_0_] : [BIGINT]) - [6]
2019-06-13 17:57:28.058 TRACE 81444 --- [    Test worker] o.h.type.descriptor.sql.BasicExtractor   : extracted value ([my_parent_id7_0_] : [BIGINT]) - [853]
2019-06-13 17:57:28.058 TRACE 81444 --- [    Test worker] o.h.type.descriptor.sql.BasicExtractor   : extracted value ([name8_0_] : [VARCHAR]) - [아동가족학과]
2019-06-13 17:57:28.058 TRACE 81444 --- [    Test worker] o.h.type.descriptor.sql.BasicExtractor   : extracted value ([id1_0_] : [BIGINT]) - [185]
2019-06-13 17:57:28.058 TRACE 81444 --- [    Test worker] o.h.type.descriptor.sql.BasicExtractor   : extracted value ([code2_0_] : [VARCHAR]) - [X1A51]
2019-06-13 17:57:28.058 TRACE 81444 --- [    Test worker] o.h.type.descriptor.sql.BasicExtractor   : extracted value ([date_created3_0_] : [TIMESTAMP]) - [2019-05-23 15:51:16.0]
2019-06-13 17:57:28.058 TRACE 81444 --- [    Test worker] o.h.type.descriptor.sql.BasicExtractor   : extracted value ([is_active4_0_] : [BIT]) - [true]
2019-06-13 17:57:28.059 TRACE 81444 --- [    Test worker] o.h.type.descriptor.sql.BasicExtractor   : extracted value ([last_updated5_0_] : [TIMESTAMP]) - [2019-05-24 14:08:05.0]
2019-06-13 17:57:28.059 TRACE 81444 --- [    Test worker] o.h.type.descriptor.sql.BasicExtractor   : extracted value ([last_updator_id6_0_] : [BIGINT]) - [6]
2019-06-13 17:57:28.059 TRACE 81444 --- [    Test worker] o.h.type.descriptor.sql.BasicExtractor   : extracted value ([my_parent_id7_0_] : [BIGINT]) - [855]
2019-06-13 17:57:28.059 TRACE 81444 --- [    Test worker] o.h.type.descriptor.sql.BasicExtractor   : extracted value ([name8_0_] : [VARCHAR]) - [해양생명과학과]
2019-06-13 17:57:28.059 TRACE 81444 --- [    Test worker] o.h.type.descriptor.sql.BasicExtractor   : extracted value ([id1_0_] : [BIGINT]) - [186]
2019-06-13 17:57:28.059 TRACE 81444 --- [    Test worker] o.h.type.descriptor.sql.BasicExtractor   : extracted value ([code2_0_] : [VARCHAR]) - [X1A61]
2019-06-13 17:57:28.059 TRACE 81444 --- [    Test worker] o.h.type.descriptor.sql.BasicExtractor   : extracted value ([date_created3_0_] : [TIMESTAMP]) - [2019-05-23 15:51:16.0]
2019-06-13 17:57:28.059 TRACE 81444 --- [    Test worker] o.h.type.descriptor.sql.BasicExtractor   : extracted value ([is_active4_0_] : [BIT]) - [true]
2019-06-13 17:57:28.059 TRACE 81444 --- [    Test worker] o.h.type.descriptor.sql.BasicExtractor   : extracted value ([last_updated5_0_] : [TIMESTAMP]) - [2019-05-24 14:08:06.0]
2019-06-13 17:57:28.059 TRACE 81444 --- [    Test worker] o.h.type.descriptor.sql.BasicExtractor   : extracted value ([last_updator_id6_0_] : [BIGINT]) - [6]
2019-06-13 17:57:28.059 TRACE 81444 --- [    Test worker] o.h.type.descriptor.sql.BasicExtractor   : extracted value ([my_parent_id7_0_] : [BIGINT]) - [871]
2019-06-13 17:57:28.059 TRACE 81444 --- [    Test worker] o.h.type.descriptor.sql.BasicExtractor   : extracted value ([name8_0_] : [VARCHAR]) - [융합기술창업학과]
2019-06-13 17:57:28.059 TRACE 81444 --- [    Test worker] o.h.type.descriptor.sql.BasicExtractor   : extracted value ([id1_0_] : [BIGINT]) - [187]
2019-06-13 17:57:28.059 TRACE 81444 --- [    Test worker] o.h.type.descriptor.sql.BasicExtractor   : extracted value ([code2_0_] : [VARCHAR]) - [X1A71]
2019-06-13 17:57:28.059 TRACE 81444 --- [    Test worker] o.h.type.descriptor.sql.BasicExtractor   : extracted value ([date_created3_0_] : [TIMESTAMP]) - [2019-05-23 15:51:16.0]
2019-06-13 17:57:28.059 TRACE 81444 --- [    Test worker] o.h.type.descriptor.sql.BasicExtractor   : extracted value ([is_active4_0_] : [BIT]) - [true]
2019-06-13 17:57:28.059 TRACE 81444 --- [    Test worker] o.h.type.descriptor.sql.BasicExtractor   : extracted value ([last_updated5_0_] : [TIMESTAMP]) - [2019-05-24 14:08:06.0]
2019-06-13 17:57:28.060 TRACE 81444 --- [    Test worker] o.h.type.descriptor.sql.BasicExtractor   : extracted value ([last_updator_id6_0_] : [BIGINT]) - [6]
2019-06-13 17:57:28.060 TRACE 81444 --- [    Test worker] o.h.type.descriptor.sql.BasicExtractor   : extracted value ([my_parent_id7_0_] : [BIGINT]) - [871]
2019-06-13 17:57:28.060 TRACE 81444 --- [    Test worker] o.h.type.descriptor.sql.BasicExtractor   : extracted value ([name8_0_] : [VARCHAR]) - [소프트웨어융합공학과]
2019-06-13 17:57:28.060 TRACE 81444 --- [    Test worker] o.h.type.descriptor.sql.BasicExtractor   : extracted value ([id1_0_] : [BIGINT]) - [188]
2019-06-13 17:57:28.060 TRACE 81444 --- [    Test worker] o.h.type.descriptor.sql.BasicExtractor   : extracted value ([code2_0_] : [VARCHAR]) - [X1AX1]
2019-06-13 17:57:28.060 TRACE 81444 --- [    Test worker] o.h.type.descriptor.sql.BasicExtractor   : extracted value ([date_created3_0_] : [TIMESTAMP]) - [2019-05-23 15:51:17.0]
2019-06-13 17:57:28.060 TRACE 81444 --- [    Test worker] o.h.type.descriptor.sql.BasicExtractor   : extracted value ([is_active4_0_] : [BIT]) - [true]
2019-06-13 17:57:28.060 TRACE 81444 --- [    Test worker] o.h.type.descriptor.sql.BasicExtractor   : extracted value ([last_updated5_0_] : [TIMESTAMP]) - [2019-05-24 14:46:59.0]
2019-06-13 17:57:28.060 TRACE 81444 --- [    Test worker] o.h.type.descriptor.sql.BasicExtractor   : extracted value ([last_updator_id6_0_] : [BIGINT]) - [6]
2019-06-13 17:57:28.060 TRACE 81444 --- [    Test worker] o.h.type.descriptor.sql.BasicExtractor   : extracted value ([my_parent_id7_0_] : [BIGINT]) - [null]
2019-06-13 17:57:28.060 TRACE 81444 --- [    Test worker] o.h.type.descriptor.sql.BasicExtractor   : extracted value ([name8_0_] : [VARCHAR]) - [공학연구소]
2019-06-13 17:57:28.060 TRACE 81444 --- [    Test worker] o.h.type.descriptor.sql.BasicExtractor   : extracted value ([id1_0_] : [BIGINT]) - [189]
2019-06-13 17:57:28.060 TRACE 81444 --- [    Test worker] o.h.type.descriptor.sql.BasicExtractor   : extracted value ([code2_0_] : [VARCHAR]) - [X1AY1]
2019-06-13 17:57:28.060 TRACE 81444 --- [    Test worker] o.h.type.descriptor.sql.BasicExtractor   : extracted value ([date_created3_0_] : [TIMESTAMP]) - [2019-05-23 15:51:17.0]
2019-06-13 17:57:28.060 TRACE 81444 --- [    Test worker] o.h.type.descriptor.sql.BasicExtractor   : extracted value ([is_active4_0_] : [BIT]) - [true]
2019-06-13 17:57:28.060 TRACE 81444 --- [    Test worker] o.h.type.descriptor.sql.BasicExtractor   : extracted value ([last_updated5_0_] : [TIMESTAMP]) - [2019-05-24 14:08:07.0]
2019-06-13 17:57:28.060 TRACE 81444 --- [    Test worker] o.h.type.descriptor.sql.BasicExtractor   : extracted value ([last_updator_id6_0_] : [BIGINT]) - [6]
2019-06-13 17:57:28.060 TRACE 81444 --- [    Test worker] o.h.type.descriptor.sql.BasicExtractor   : extracted value ([my_parent_id7_0_] : [BIGINT]) - [854]
2019-06-13 17:57:28.060 TRACE 81444 --- [    Test worker] o.h.type.descriptor.sql.BasicExtractor   : extracted value ([name8_0_] : [VARCHAR]) - [융복합기술공학과]
2019-06-13 17:57:28.061 TRACE 81444 --- [    Test worker] o.h.type.descriptor.sql.BasicExtractor   : extracted value ([id1_0_] : [BIGINT]) - [190]
2019-06-13 17:57:28.061 TRACE 81444 --- [    Test worker] o.h.type.descriptor.sql.BasicExtractor   : extracted value ([code2_0_] : [VARCHAR]) - [X1AY2]
2019-06-13 17:57:28.061 TRACE 81444 --- [    Test worker] o.h.type.descriptor.sql.BasicExtractor   : extracted value ([date_created3_0_] : [TIMESTAMP]) - [2019-05-23 15:51:17.0]
2019-06-13 17:57:28.061 TRACE 81444 --- [    Test worker] o.h.type.descriptor.sql.BasicExtractor   : extracted value ([is_active4_0_] : [BIT]) - [true]
2019-06-13 17:57:28.061 TRACE 81444 --- [    Test worker] o.h.type.descriptor.sql.BasicExtractor   : extracted value ([last_updated5_0_] : [TIMESTAMP]) - [2019-05-24 14:08:07.0]
2019-06-13 17:57:28.061 TRACE 81444 --- [    Test worker] o.h.type.descriptor.sql.BasicExtractor   : extracted value ([last_updator_id6_0_] : [BIGINT]) - [6]
2019-06-13 17:57:28.061 TRACE 81444 --- [    Test worker] o.h.type.descriptor.sql.BasicExtractor   : extracted value ([my_parent_id7_0_] : [BIGINT]) - [854]
2019-06-13 17:57:28.061 TRACE 81444 --- [    Test worker] o.h.type.descriptor.sql.BasicExtractor   : extracted value ([name8_0_] : [VARCHAR]) - [빅데이터수리전산공학]
2019-06-13 17:57:28.078 TRACE 81444 --- [    Test worker] o.h.type.descriptor.sql.BasicExtractor   : extracted value ([id1_0_] : [BIGINT]) - [191]
2019-06-13 17:57:28.080 TRACE 81444 --- [    Test worker] o.h.type.descriptor.sql.BasicExtractor   : extracted value ([code2_0_] : [VARCHAR]) - [X1AY3]
2019-06-13 17:57:28.080 TRACE 81444 --- [    Test worker] o.h.type.descriptor.sql.BasicExtractor   : extracted value ([date_created3_0_] : [TIMESTAMP]) - [2019-05-23 15:51:18.0]
2019-06-13 17:57:28.080 TRACE 81444 --- [    Test worker] o.h.type.descriptor.sql.BasicExtractor   : extracted value ([is_active4_0_] : [BIT]) - [true]
2019-06-13 17:57:28.080 TRACE 81444 --- [    Test worker] o.h.type.descriptor.sql.BasicExtractor   : extracted value ([last_updated5_0_] : [TIMESTAMP]) - [2019-05-24 14:08:08.0]
2019-06-13 17:57:28.080 TRACE 81444 --- [    Test worker] o.h.type.descriptor.sql.BasicExtractor   : extracted value ([last_updator_id6_0_] : [BIGINT]) - [6]
2019-06-13 17:57:28.080 TRACE 81444 --- [    Test worker] o.h.type.descriptor.sql.BasicExtractor   : extracted value ([my_parent_id7_0_] : [BIGINT]) - [854]
2019-06-13 17:57:28.080 TRACE 81444 --- [    Test worker] o.h.type.descriptor.sql.BasicExtractor   : extracted value ([name8_0_] : [VARCHAR]) - [글로벌인공지능프론티어]
2019-06-13 17:57:28.080 TRACE 81444 --- [    Test worker] o.h.type.descriptor.sql.BasicExtractor   : extracted value ([id1_0_] : [BIGINT]) - [192]
2019-06-13 17:57:28.080 TRACE 81444 --- [    Test worker] o.h.type.descriptor.sql.BasicExtractor   : extracted value ([code2_0_] : [VARCHAR]) - [X1AZ1]
2019-06-13 17:57:28.081 TRACE 81444 --- [    Test worker] o.h.type.descriptor.sql.BasicExtractor   : extracted value ([date_created3_0_] : [TIMESTAMP]) - [2019-05-23 15:51:18.0]
2019-06-13 17:57:28.081 TRACE 81444 --- [    Test worker] o.h.type.descriptor.sql.BasicExtractor   : extracted value ([is_active4_0_] : [BIT]) - [true]
2019-06-13 17:57:28.081 TRACE 81444 --- [    Test worker] o.h.type.descriptor.sql.BasicExtractor   : extracted value ([last_updated5_0_] : [TIMESTAMP]) - [2019-05-24 14:47:00.0]
2019-06-13 17:57:28.081 TRACE 81444 --- [    Test worker] o.h.type.descriptor.sql.BasicExtractor   : extracted value ([last_updator_id6_0_] : [BIGINT]) - [6]
2019-06-13 17:57:28.081 TRACE 81444 --- [    Test worker] o.h.type.descriptor.sql.BasicExtractor   : extracted value ([my_parent_id7_0_] : [BIGINT]) - [null]
2019-06-13 17:57:28.081 TRACE 81444 --- [    Test worker] o.h.type.descriptor.sql.BasicExtractor   : extracted value ([name8_0_] : [VARCHAR]) - [자율전공학과]
2019-06-13 17:57:28.081 TRACE 81444 --- [    Test worker] o.h.type.descriptor.sql.BasicExtractor   : extracted value ([id1_0_] : [BIGINT]) - [193]
2019-06-13 17:57:28.081 TRACE 81444 --- [    Test worker] o.h.type.descriptor.sql.BasicExtractor   : extracted value ([code2_0_] : [VARCHAR]) - [X5000]
2019-06-13 17:57:28.081 TRACE 81444 --- [    Test worker] o.h.type.descriptor.sql.BasicExtractor   : extracted value ([date_created3_0_] : [TIMESTAMP]) - [2019-05-23 15:51:18.0]
2019-06-13 17:57:28.082 TRACE 81444 --- [    Test worker] o.h.type.descriptor.sql.BasicExtractor   : extracted value ([is_active4_0_] : [BIT]) - [true]
2019-06-13 17:57:28.082 TRACE 81444 --- [    Test worker] o.h.type.descriptor.sql.BasicExtractor   : extracted value ([last_updated5_0_] : [TIMESTAMP]) - [2019-05-24 14:47:01.0]
2019-06-13 17:57:28.082 TRACE 81444 --- [    Test worker] o.h.type.descriptor.sql.BasicExtractor   : extracted value ([last_updator_id6_0_] : [BIGINT]) - [6]
2019-06-13 17:57:28.082 TRACE 81444 --- [    Test worker] o.h.type.descriptor.sql.BasicExtractor   : extracted value ([my_parent_id7_0_] : [BIGINT]) - [null]
2019-06-13 17:57:28.082 TRACE 81444 --- [    Test worker] o.h.type.descriptor.sql.BasicExtractor   : extracted value ([name8_0_] : [VARCHAR]) - [전공없음]
2019-06-13 17:57:28.082 TRACE 81444 --- [    Test worker] o.h.type.descriptor.sql.BasicExtractor   : extracted value ([id1_0_] : [BIGINT]) - [194]
2019-06-13 17:57:28.082 TRACE 81444 --- [    Test worker] o.h.type.descriptor.sql.BasicExtractor   : extracted value ([code2_0_] : [VARCHAR]) - [X5011]
2019-06-13 17:57:28.083 TRACE 81444 --- [    Test worker] o.h.type.descriptor.sql.BasicExtractor   : extracted value ([date_created3_0_] : [TIMESTAMP]) - [2019-05-23 15:51:19.0]
2019-06-13 17:57:28.083 TRACE 81444 --- [    Test worker] o.h.type.descriptor.sql.BasicExtractor   : extracted value ([is_active4_0_] : [BIT]) - [true]
2019-06-13 17:57:28.083 TRACE 81444 --- [    Test worker] o.h.type.descriptor.sql.BasicExtractor   : extracted value ([last_updated5_0_] : [TIMESTAMP]) - [2019-05-24 14:08:09.0]
2019-06-13 17:57:28.083 TRACE 81444 --- [    Test worker] o.h.type.descriptor.sql.BasicExtractor   : extracted value ([last_updator_id6_0_] : [BIGINT]) - [6]
2019-06-13 17:57:28.083 TRACE 81444 --- [    Test worker] o.h.type.descriptor.sql.BasicExtractor   : extracted value ([my_parent_id7_0_] : [BIGINT]) - [852]
2019-06-13 17:57:28.083 TRACE 81444 --- [    Test worker] o.h.type.descriptor.sql.BasicExtractor   : extracted value ([name8_0_] : [VARCHAR]) - [경영학전공]
2019-06-13 17:57:28.083 TRACE 81444 --- [    Test worker] o.h.type.descriptor.sql.BasicExtractor   : extracted value ([id1_0_] : [BIGINT]) - [195]
2019-06-13 17:57:28.083 TRACE 81444 --- [    Test worker] o.h.type.descriptor.sql.BasicExtractor   : extracted value ([code2_0_] : [VARCHAR]) - [X5012]
2019-06-13 17:57:28.083 TRACE 81444 --- [    Test worker] o.h.type.descriptor.sql.BasicExtractor   : extracted value ([date_created3_0_] : [TIMESTAMP]) - [2019-05-23 15:51:19.0]
2019-06-13 17:57:28.084 TRACE 81444 --- [    Test worker] o.h.type.descriptor.sql.BasicExtractor   : extracted value ([is_active4_0_] : [BIT]) - [true]
2019-06-13 17:57:28.084 TRACE 81444 --- [    Test worker] o.h.type.descriptor.sql.BasicExtractor   : extracted value ([last_updated5_0_] : [TIMESTAMP]) - [2019-05-24 14:47:01.0]
2019-06-13 17:57:28.084 TRACE 81444 --- [    Test worker] o.h.type.descriptor.sql.BasicExtractor   : extracted value ([last_updator_id6_0_] : [BIGINT]) - [6]
2019-06-13 17:57:28.084 TRACE 81444 --- [    Test worker] o.h.type.descriptor.sql.BasicExtractor   : extracted value ([my_parent_id7_0_] : [BIGINT]) - [null]
2019-06-13 17:57:28.084 TRACE 81444 --- [    Test worker] o.h.type.descriptor.sql.BasicExtractor   : extracted value ([name8_0_] : [VARCHAR]) - [인사관리전공]
2019-06-13 17:57:28.085 TRACE 81444 --- [    Test worker] o.h.type.descriptor.sql.BasicExtractor   : extracted value ([id1_0_] : [BIGINT]) - [196]
2019-06-13 17:57:28.085 TRACE 81444 --- [    Test worker] o.h.type.descriptor.sql.BasicExtractor   : extracted value ([code2_0_] : [VARCHAR]) - [X5013]
2019-06-13 17:57:28.085 TRACE 81444 --- [    Test worker] o.h.type.descriptor.sql.BasicExtractor   : extracted value ([date_created3_0_] : [TIMESTAMP]) - [2019-05-23 15:51:19.0]
2019-06-13 17:57:28.085 TRACE 81444 --- [    Test worker] o.h.type.descriptor.sql.BasicExtractor   : extracted value ([is_active4_0_] : [BIT]) - [true]
2019-06-13 17:57:28.085 TRACE 81444 --- [    Test worker] o.h.type.descriptor.sql.BasicExtractor   : extracted value ([last_updated5_0_] : [TIMESTAMP]) - [2019-05-24 14:47:02.0]
2019-06-13 17:57:28.085 TRACE 81444 --- [    Test worker] o.h.type.descriptor.sql.BasicExtractor   : extracted value ([last_updator_id6_0_] : [BIGINT]) - [6]
2019-06-13 17:57:28.085 TRACE 81444 --- [    Test worker] o.h.type.descriptor.sql.BasicExtractor   : extracted value ([my_parent_id7_0_] : [BIGINT]) - [null]
2019-06-13 17:57:28.085 TRACE 81444 --- [    Test worker] o.h.type.descriptor.sql.BasicExtractor   : extracted value ([name8_0_] : [VARCHAR]) - [생산관리전공]
2019-06-13 17:57:28.085 TRACE 81444 --- [    Test worker] o.h.type.descriptor.sql.BasicExtractor   : extracted value ([id1_0_] : [BIGINT]) - [197]
2019-06-13 17:57:28.085 TRACE 81444 --- [    Test worker] o.h.type.descriptor.sql.BasicExtractor   : extracted value ([code2_0_] : [VARCHAR]) - [X5014]
2019-06-13 17:57:28.085 TRACE 81444 --- [    Test worker] o.h.type.descriptor.sql.BasicExtractor   : extracted value ([date_created3_0_] : [TIMESTAMP]) - [2019-05-23 15:51:20.0]
2019-06-13 17:57:28.085 TRACE 81444 --- [    Test worker] o.h.type.descriptor.sql.BasicExtractor   : extracted value ([is_active4_0_] : [BIT]) - [true]
2019-06-13 17:57:28.085 TRACE 81444 --- [    Test worker] o.h.type.descriptor.sql.BasicExtractor   : extracted value ([last_updated5_0_] : [TIMESTAMP]) - [2019-05-24 14:47:02.0]
2019-06-13 17:57:28.085 TRACE 81444 --- [    Test worker] o.h.type.descriptor.sql.BasicExtractor   : extracted value ([last_updator_id6_0_] : [BIGINT]) - [6]
2019-06-13 17:57:28.086 TRACE 81444 --- [    Test worker] o.h.type.descriptor.sql.BasicExtractor   : extracted value ([my_parent_id7_0_] : [BIGINT]) - [null]
2019-06-13 17:57:28.086 TRACE 81444 --- [    Test worker] o.h.type.descriptor.sql.BasicExtractor   : extracted value ([name8_0_] : [VARCHAR]) - [재무관리전공]
2019-06-13 17:57:28.087 TRACE 81444 --- [    Test worker] o.h.type.descriptor.sql.BasicExtractor   : extracted value ([id1_0_] : [BIGINT]) - [198]
2019-06-13 17:57:28.087 TRACE 81444 --- [    Test worker] o.h.type.descriptor.sql.BasicExtractor   : extracted value ([code2_0_] : [VARCHAR]) - [X5015]
2019-06-13 17:57:28.087 TRACE 81444 --- [    Test worker] o.h.type.descriptor.sql.BasicExtractor   : extracted value ([date_created3_0_] : [TIMESTAMP]) - [2019-05-23 15:51:20.0]
2019-06-13 17:57:28.087 TRACE 81444 --- [    Test worker] o.h.type.descriptor.sql.BasicExtractor   : extracted value ([is_active4_0_] : [BIT]) - [true]
2019-06-13 17:57:28.087 TRACE 81444 --- [    Test worker] o.h.type.descriptor.sql.BasicExtractor   : extracted value ([last_updated5_0_] : [TIMESTAMP]) - [2019-05-24 14:47:02.0]
2019-06-13 17:57:28.087 TRACE 81444 --- [    Test worker] o.h.type.descriptor.sql.BasicExtractor   : extracted value ([last_updator_id6_0_] : [BIGINT]) - [6]
2019-06-13 17:57:28.087 TRACE 81444 --- [    Test worker] o.h.type.descriptor.sql.BasicExtractor   : extracted value ([my_parent_id7_0_] : [BIGINT]) - [null]
2019-06-13 17:57:28.087 TRACE 81444 --- [    Test worker] o.h.type.descriptor.sql.BasicExtractor   : extracted value ([name8_0_] : [VARCHAR]) - [마케팅전공]
2019-06-13 17:57:28.087 TRACE 81444 --- [    Test worker] o.h.type.descriptor.sql.BasicExtractor   : extracted value ([id1_0_] : [BIGINT]) - [199]
2019-06-13 17:57:28.087 TRACE 81444 --- [    Test worker] o.h.type.descriptor.sql.BasicExtractor   : extracted value ([code2_0_] : [VARCHAR]) - [X5021]
2019-06-13 17:57:28.088 TRACE 81444 --- [    Test worker] o.h.type.descriptor.sql.BasicExtractor   : extracted value ([date_created3_0_] : [TIMESTAMP]) - [2019-05-23 15:51:20.0]
2019-06-13 17:57:28.088 TRACE 81444 --- [    Test worker] o.h.type.descriptor.sql.BasicExtractor   : extracted value ([is_active4_0_] : [BIT]) - [true]
2019-06-13 17:57:28.088 TRACE 81444 --- [    Test worker] o.h.type.descriptor.sql.BasicExtractor   : extracted value ([last_updated5_0_] : [TIMESTAMP]) - [2019-05-24 14:08:10.0]
2019-06-13 17:57:28.088 TRACE 81444 --- [    Test worker] o.h.type.descriptor.sql.BasicExtractor   : extracted value ([last_updator_id6_0_] : [BIGINT]) - [6]
2019-06-13 17:57:28.088 TRACE 81444 --- [    Test worker] o.h.type.descriptor.sql.BasicExtractor   : extracted value ([my_parent_id7_0_] : [BIGINT]) - [852]
2019-06-13 17:57:28.088 TRACE 81444 --- [    Test worker] o.h.type.descriptor.sql.BasicExtractor   : extracted value ([name8_0_] : [VARCHAR]) - [회계학전공]
2019-06-13 17:57:28.088 TRACE 81444 --- [    Test worker] o.h.type.descriptor.sql.BasicExtractor   : extracted value ([id1_0_] : [BIGINT]) - [200]
2019-06-13 17:57:28.088 TRACE 81444 --- [    Test worker] o.h.type.descriptor.sql.BasicExtractor   : extracted value ([code2_0_] : [VARCHAR]) - [X5022]
2019-06-13 17:57:28.088 TRACE 81444 --- [    Test worker] o.h.type.descriptor.sql.BasicExtractor   : extracted value ([date_created3_0_] : [TIMESTAMP]) - [2019-05-23 15:51:21.0]
2019-06-13 17:57:28.088 TRACE 81444 --- [    Test worker] o.h.type.descriptor.sql.BasicExtractor   : extracted value ([is_active4_0_] : [BIT]) - [true]
2019-06-13 17:57:28.088 TRACE 81444 --- [    Test worker] o.h.type.descriptor.sql.BasicExtractor   : extracted value ([last_updated5_0_] : [TIMESTAMP]) - [2019-05-24 14:47:03.0]
2019-06-13 17:57:28.088 TRACE 81444 --- [    Test worker] o.h.type.descriptor.sql.BasicExtractor   : extracted value ([last_updator_id6_0_] : [BIGINT]) - [6]
2019-06-13 17:57:28.088 TRACE 81444 --- [    Test worker] o.h.type.descriptor.sql.BasicExtractor   : extracted value ([my_parent_id7_0_] : [BIGINT]) - [null]
2019-06-13 17:57:28.088 TRACE 81444 --- [    Test worker] o.h.type.descriptor.sql.BasicExtractor   : extracted value ([name8_0_] : [VARCHAR]) - [재무회계전공]
2019-06-13 17:57:28.108 TRACE 81444 --- [    Test worker] o.h.type.descriptor.sql.BasicExtractor   : extracted value ([id1_0_] : [BIGINT]) - [201]
2019-06-13 17:57:28.108 TRACE 81444 --- [    Test worker] o.h.type.descriptor.sql.BasicExtractor   : extracted value ([code2_0_] : [VARCHAR]) - [X5023]
2019-06-13 17:57:28.108 TRACE 81444 --- [    Test worker] o.h.type.descriptor.sql.BasicExtractor   : extracted value ([date_created3_0_] : [TIMESTAMP]) - [2019-05-23 15:51:21.0]
2019-06-13 17:57:28.108 TRACE 81444 --- [    Test worker] o.h.type.descriptor.sql.BasicExtractor   : extracted value ([is_active4_0_] : [BIT]) - [true]
2019-06-13 17:57:28.109 TRACE 81444 --- [    Test worker] o.h.type.descriptor.sql.BasicExtractor   : extracted value ([last_updated5_0_] : [TIMESTAMP]) - [2019-05-24 14:47:03.0]
2019-06-13 17:57:28.109 TRACE 81444 --- [    Test worker] o.h.type.descriptor.sql.BasicExtractor   : extracted value ([last_updator_id6_0_] : [BIGINT]) - [6]
2019-06-13 17:57:28.109 TRACE 81444 --- [    Test worker] o.h.type.descriptor.sql.BasicExtractor   : extracted value ([my_parent_id7_0_] : [BIGINT]) - [null]
2019-06-13 17:57:28.109 TRACE 81444 --- [    Test worker] o.h.type.descriptor.sql.BasicExtractor   : extracted value ([name8_0_] : [VARCHAR]) - [세무회계전공]
2019-06-13 17:57:28.109 TRACE 81444 --- [    Test worker] o.h.type.descriptor.sql.BasicExtractor   : extracted value ([id1_0_] : [BIGINT]) - [202]
2019-06-13 17:57:28.110 TRACE 81444 --- [    Test worker] o.h.type.descriptor.sql.BasicExtractor   : extracted value ([code2_0_] : [VARCHAR]) - [X5024]
2019-06-13 17:57:28.110 TRACE 81444 --- [    Test worker] o.h.type.descriptor.sql.BasicExtractor   : extracted value ([date_created3_0_] : [TIMESTAMP]) - [2019-05-23 15:51:21.0]
2019-06-13 17:57:28.110 TRACE 81444 --- [    Test worker] o.h.type.descriptor.sql.BasicExtractor   : extracted value ([is_active4_0_] : [BIT]) - [true]
2019-06-13 17:57:28.110 TRACE 81444 --- [    Test worker] o.h.type.descriptor.sql.BasicExtractor   : extracted value ([last_updated5_0_] : [TIMESTAMP]) - [2019-05-24 14:47:03.0]
2019-06-13 17:57:28.110 TRACE 81444 --- [    Test worker] o.h.type.descriptor.sql.BasicExtractor   : extracted value ([last_updator_id6_0_] : [BIGINT]) - [6]
2019-06-13 17:57:28.110 TRACE 81444 --- [    Test worker] o.h.type.descriptor.sql.BasicExtractor   : extracted value ([my_parent_id7_0_] : [BIGINT]) - [null]
2019-06-13 17:57:28.110 TRACE 81444 --- [    Test worker] o.h.type.descriptor.sql.BasicExtractor   : extracted value ([name8_0_] : [VARCHAR]) - [관리회계학전공]
2019-06-13 17:57:28.110 TRACE 81444 --- [    Test worker] o.h.type.descriptor.sql.BasicExtractor   : extracted value ([id1_0_] : [BIGINT]) - [203]
2019-06-13 17:57:28.110 TRACE 81444 --- [    Test worker] o.h.type.descriptor.sql.BasicExtractor   : extracted value ([code2_0_] : [VARCHAR]) - [X5025]
2019-06-13 17:57:28.110 TRACE 81444 --- [    Test worker] o.h.type.descriptor.sql.BasicExtractor   : extracted value ([date_created3_0_] : [TIMESTAMP]) - [2019-05-23 15:51:22.0]
2019-06-13 17:57:28.110 TRACE 81444 --- [    Test worker] o.h.type.descriptor.sql.BasicExtractor   : extracted value ([is_active4_0_] : [BIT]) - [true]
2019-06-13 17:57:28.110 TRACE 81444 --- [    Test worker] o.h.type.descriptor.sql.BasicExtractor   : extracted value ([last_updated5_0_] : [TIMESTAMP]) - [2019-05-24 14:47:04.0]
2019-06-13 17:57:28.110 TRACE 81444 --- [    Test worker] o.h.type.descriptor.sql.BasicExtractor   : extracted value ([last_updator_id6_0_] : [BIGINT]) - [6]
2019-06-13 17:57:28.110 TRACE 81444 --- [    Test worker] o.h.type.descriptor.sql.BasicExtractor   : extracted value ([my_parent_id7_0_] : [BIGINT]) - [null]
2019-06-13 17:57:28.110 TRACE 81444 --- [    Test worker] o.h.type.descriptor.sql.BasicExtractor   : extracted value ([name8_0_] : [VARCHAR]) - [회계감사전공]
2019-06-13 17:57:28.111 TRACE 81444 --- [    Test worker] o.h.type.descriptor.sql.BasicExtractor   : extracted value ([id1_0_] : [BIGINT]) - [204]
2019-06-13 17:57:28.111 TRACE 81444 --- [    Test worker] o.h.type.descriptor.sql.BasicExtractor   : extracted value ([code2_0_] : [VARCHAR]) - [X5031]
2019-06-13 17:57:28.111 TRACE 81444 --- [    Test worker] o.h.type.descriptor.sql.BasicExtractor   : extracted value ([date_created3_0_] : [TIMESTAMP]) - [2019-05-23 15:51:22.0]
2019-06-13 17:57:28.111 TRACE 81444 --- [    Test worker] o.h.type.descriptor.sql.BasicExtractor   : extracted value ([is_active4_0_] : [BIT]) - [true]
2019-06-13 17:57:28.111 TRACE 81444 --- [    Test worker] o.h.type.descriptor.sql.BasicExtractor   : extracted value ([last_updated5_0_] : [TIMESTAMP]) - [2019-05-24 14:08:12.0]
2019-06-13 17:57:28.111 TRACE 81444 --- [    Test worker] o.h.type.descriptor.sql.BasicExtractor   : extracted value ([last_updator_id6_0_] : [BIGINT]) - [6]
2019-06-13 17:57:28.111 TRACE 81444 --- [    Test worker] o.h.type.descriptor.sql.BasicExtractor   : extracted value ([my_parent_id7_0_] : [BIGINT]) - [852]
2019-06-13 17:57:28.111 TRACE 81444 --- [    Test worker] o.h.type.descriptor.sql.BasicExtractor   : extracted value ([name8_0_] : [VARCHAR]) - [무역학전공]
2019-06-13 17:57:28.111 TRACE 81444 --- [    Test worker] o.h.type.descriptor.sql.BasicExtractor   : extracted value ([id1_0_] : [BIGINT]) - [205]
2019-06-13 17:57:28.111 TRACE 81444 --- [    Test worker] o.h.type.descriptor.sql.BasicExtractor   : extracted value ([code2_0_] : [VARCHAR]) - [X5032]
2019-06-13 17:57:28.111 TRACE 81444 --- [    Test worker] o.h.type.descriptor.sql.BasicExtractor   : extracted value ([date_created3_0_] : [TIMESTAMP]) - [2019-05-23 15:51:22.0]
2019-06-13 17:57:28.111 TRACE 81444 --- [    Test worker] o.h.type.descriptor.sql.BasicExtractor   : extracted value ([is_active4_0_] : [BIT]) - [true]
2019-06-13 17:57:28.111 TRACE 81444 --- [    Test worker] o.h.type.descriptor.sql.BasicExtractor   : extracted value ([last_updated5_0_] : [TIMESTAMP]) - [2019-05-24 14:47:04.0]
2019-06-13 17:57:28.111 TRACE 81444 --- [    Test worker] o.h.type.descriptor.sql.BasicExtractor   : extracted value ([last_updator_id6_0_] : [BIGINT]) - [6]
2019-06-13 17:57:28.111 TRACE 81444 --- [    Test worker] o.h.type.descriptor.sql.BasicExtractor   : extracted value ([my_parent_id7_0_] : [BIGINT]) - [null]
2019-06-13 17:57:28.111 TRACE 81444 --- [    Test worker] o.h.type.descriptor.sql.BasicExtractor   : extracted value ([name8_0_] : [VARCHAR]) - [국제무역전공]
2019-06-13 17:57:28.111 TRACE 81444 --- [    Test worker] o.h.type.descriptor.sql.BasicExtractor   : extracted value ([id1_0_] : [BIGINT]) - [206]
2019-06-13 17:57:28.111 TRACE 81444 --- [    Test worker] o.h.type.descriptor.sql.BasicExtractor   : extracted value ([code2_0_] : [VARCHAR]) - [X5033]
2019-06-13 17:57:28.112 TRACE 81444 --- [    Test worker] o.h.type.descriptor.sql.BasicExtractor   : extracted value ([date_created3_0_] : [TIMESTAMP]) - [2019-05-23 15:51:23.0]
2019-06-13 17:57:28.112 TRACE 81444 --- [    Test worker] o.h.type.descriptor.sql.BasicExtractor   : extracted value ([is_active4_0_] : [BIT]) - [true]
2019-06-13 17:57:28.112 TRACE 81444 --- [    Test worker] o.h.type.descriptor.sql.BasicExtractor   : extracted value ([last_updated5_0_] : [TIMESTAMP]) - [2019-05-24 14:47:05.0]
2019-06-13 17:57:28.112 TRACE 81444 --- [    Test worker] o.h.type.descriptor.sql.BasicExtractor   : extracted value ([last_updator_id6_0_] : [BIGINT]) - [6]
2019-06-13 17:57:28.113 TRACE 81444 --- [    Test worker] o.h.type.descriptor.sql.BasicExtractor   : extracted value ([my_parent_id7_0_] : [BIGINT]) - [null]
2019-06-13 17:57:28.113 TRACE 81444 --- [    Test worker] o.h.type.descriptor.sql.BasicExtractor   : extracted value ([name8_0_] : [VARCHAR]) - [국제통상학전공]
2019-06-13 17:57:28.113 TRACE 81444 --- [    Test worker] o.h.type.descriptor.sql.BasicExtractor   : extracted value ([id1_0_] : [BIGINT]) - [207]
2019-06-13 17:57:28.113 TRACE 81444 --- [    Test worker] o.h.type.descriptor.sql.BasicExtractor   : extracted value ([code2_0_] : [VARCHAR]) - [X5034]
2019-06-13 17:57:28.113 TRACE 81444 --- [    Test worker] o.h.type.descriptor.sql.BasicExtractor   : extracted value ([date_created3_0_] : [TIMESTAMP]) - [2019-05-23 15:51:23.0]
2019-06-13 17:57:28.114 TRACE 81444 --- [    Test worker] o.h.type.descriptor.sql.BasicExtractor   : extracted value ([is_active4_0_] : [BIT]) - [true]
2019-06-13 17:57:28.114 TRACE 81444 --- [    Test worker] o.h.type.descriptor.sql.BasicExtractor   : extracted value ([last_updated5_0_] : [TIMESTAMP]) - [2019-05-24 14:47:05.0]
2019-06-13 17:57:28.114 TRACE 81444 --- [    Test worker] o.h.type.descriptor.sql.BasicExtractor   : extracted value ([last_updator_id6_0_] : [BIGINT]) - [6]
2019-06-13 17:57:28.114 TRACE 81444 --- [    Test worker] o.h.type.descriptor.sql.BasicExtractor   : extracted value ([my_parent_id7_0_] : [BIGINT]) - [null]
2019-06-13 17:57:28.114 TRACE 81444 --- [    Test worker] o.h.type.descriptor.sql.BasicExtractor   : extracted value ([name8_0_] : [VARCHAR]) - [국제경영전공]
2019-06-13 17:57:28.114 TRACE 81444 --- [    Test worker] o.h.type.descriptor.sql.BasicExtractor   : extracted value ([id1_0_] : [BIGINT]) - [208]
2019-06-13 17:57:28.115 TRACE 81444 --- [    Test worker] o.h.type.descriptor.sql.BasicExtractor   : extracted value ([code2_0_] : [VARCHAR]) - [X5041]
2019-06-13 17:57:28.115 TRACE 81444 --- [    Test worker] o.h.type.descriptor.sql.BasicExtractor   : extracted value ([date_created3_0_] : [TIMESTAMP]) - [2019-05-23 15:51:23.0]
2019-06-13 17:57:28.115 TRACE 81444 --- [    Test worker] o.h.type.descriptor.sql.BasicExtractor   : extracted value ([is_active4_0_] : [BIT]) - [true]
2019-06-13 17:57:28.115 TRACE 81444 --- [    Test worker] o.h.type.descriptor.sql.BasicExtractor   : extracted value ([last_updated5_0_] : [TIMESTAMP]) - [2019-05-24 14:47:05.0]
2019-06-13 17:57:28.115 TRACE 81444 --- [    Test worker] o.h.type.descriptor.sql.BasicExtractor   : extracted value ([last_updator_id6_0_] : [BIGINT]) - [6]
2019-06-13 17:57:28.115 TRACE 81444 --- [    Test worker] o.h.type.descriptor.sql.BasicExtractor   : extracted value ([my_parent_id7_0_] : [BIGINT]) - [853]
2019-06-13 17:57:28.115 TRACE 81444 --- [    Test worker] o.h.type.descriptor.sql.BasicExtractor   : extracted value ([name8_0_] : [VARCHAR]) - [가정학전공]
2019-06-13 17:57:28.115 TRACE 81444 --- [    Test worker] o.h.type.descriptor.sql.BasicExtractor   : extracted value ([id1_0_] : [BIGINT]) - [209]
2019-06-13 17:57:28.115 TRACE 81444 --- [    Test worker] o.h.type.descriptor.sql.BasicExtractor   : extracted value ([code2_0_] : [VARCHAR]) - [X5042]
2019-06-13 17:57:28.115 TRACE 81444 --- [    Test worker] o.h.type.descriptor.sql.BasicExtractor   : extracted value ([date_created3_0_] : [TIMESTAMP]) - [2019-05-23 15:51:29.0]
2019-06-13 17:57:28.116 TRACE 81444 --- [    Test worker] o.h.type.descriptor.sql.BasicExtractor   : extracted value ([is_active4_0_] : [BIT]) - [true]
2019-06-13 17:57:28.116 TRACE 81444 --- [    Test worker] o.h.type.descriptor.sql.BasicExtractor   : extracted value ([last_updated5_0_] : [TIMESTAMP]) - [2019-05-24 14:08:13.0]
2019-06-13 17:57:28.116 TRACE 81444 --- [    Test worker] o.h.type.descriptor.sql.BasicExtractor   : extracted value ([last_updator_id6_0_] : [BIGINT]) - [6]
2019-06-13 17:57:28.116 TRACE 81444 --- [    Test worker] o.h.type.descriptor.sql.BasicExtractor   : extracted value ([my_parent_id7_0_] : [BIGINT]) - [853]
2019-06-13 17:57:28.116 TRACE 81444 --- [    Test worker] o.h.type.descriptor.sql.BasicExtractor   : extracted value ([name8_0_] : [VARCHAR]) - [가정관리학전공]
2019-06-13 17:57:28.116 TRACE 81444 --- [    Test worker] o.h.type.descriptor.sql.BasicExtractor   : extracted value ([id1_0_] : [BIGINT]) - [210]
2019-06-13 17:57:28.116 TRACE 81444 --- [    Test worker] o.h.type.descriptor.sql.BasicExtractor   : extracted value ([code2_0_] : [VARCHAR]) - [X5051]
2019-06-13 17:57:28.116 TRACE 81444 --- [    Test worker] o.h.type.descriptor.sql.BasicExtractor   : extracted value ([date_created3_0_] : [TIMESTAMP]) - [2019-05-23 15:51:29.0]
2019-06-13 17:57:28.116 TRACE 81444 --- [    Test worker] o.h.type.descriptor.sql.BasicExtractor   : extracted value ([is_active4_0_] : [BIT]) - [true]
2019-06-13 17:57:28.116 TRACE 81444 --- [    Test worker] o.h.type.descriptor.sql.BasicExtractor   : extracted value ([last_updated5_0_] : [TIMESTAMP]) - [2019-05-24 14:08:13.0]
2019-06-13 17:57:28.116 TRACE 81444 --- [    Test worker] o.h.type.descriptor.sql.BasicExtractor   : extracted value ([last_updator_id6_0_] : [BIGINT]) - [6]
2019-06-13 17:57:28.116 TRACE 81444 --- [    Test worker] o.h.type.descriptor.sql.BasicExtractor   : extracted value ([my_parent_id7_0_] : [BIGINT]) - [851]
2019-06-13 17:57:28.116 TRACE 81444 --- [    Test worker] o.h.type.descriptor.sql.BasicExtractor   : extracted value ([name8_0_] : [VARCHAR]) - [음악전공]
2019-06-13 17:57:28.135 TRACE 81444 --- [    Test worker] o.h.type.descriptor.sql.BasicExtractor   : extracted value ([id1_0_] : [BIGINT]) - [211]
2019-06-13 17:57:28.135 TRACE 81444 --- [    Test worker] o.h.type.descriptor.sql.BasicExtractor   : extracted value ([code2_0_] : [VARCHAR]) - [X5052]
2019-06-13 17:57:28.136 TRACE 81444 --- [    Test worker] o.h.type.descriptor.sql.BasicExtractor   : extracted value ([date_created3_0_] : [TIMESTAMP]) - [2019-05-23 15:51:30.0]
2019-06-13 17:57:28.136 TRACE 81444 --- [    Test worker] o.h.type.descriptor.sql.BasicExtractor   : extracted value ([is_active4_0_] : [BIT]) - [true]
2019-06-13 17:57:28.136 TRACE 81444 --- [    Test worker] o.h.type.descriptor.sql.BasicExtractor   : extracted value ([last_updated5_0_] : [TIMESTAMP]) - [2019-05-24 14:08:14.0]
2019-06-13 17:57:28.136 TRACE 81444 --- [    Test worker] o.h.type.descriptor.sql.BasicExtractor   : extracted value ([last_updator_id6_0_] : [BIGINT]) - [6]
2019-06-13 17:57:28.136 TRACE 81444 --- [    Test worker] o.h.type.descriptor.sql.BasicExtractor   : extracted value ([my_parent_id7_0_] : [BIGINT]) - [14]
2019-06-13 17:57:28.136 TRACE 81444 --- [    Test worker] o.h.type.descriptor.sql.BasicExtractor   : extracted value ([name8_0_] : [VARCHAR]) - [피아노전공]
2019-06-13 17:57:28.136 TRACE 81444 --- [    Test worker] o.h.type.descriptor.sql.BasicExtractor   : extracted value ([id1_0_] : [BIGINT]) - [212]
2019-06-13 17:57:28.136 TRACE 81444 --- [    Test worker] o.h.type.descriptor.sql.BasicExtractor   : extracted value ([code2_0_] : [VARCHAR]) - [X5053]
2019-06-13 17:57:28.136 TRACE 81444 --- [    Test worker] o.h.type.descriptor.sql.BasicExtractor   : extracted value ([date_created3_0_] : [TIMESTAMP]) - [2019-05-23 15:51:30.0]
2019-06-13 17:57:28.136 TRACE 81444 --- [    Test worker] o.h.type.descriptor.sql.BasicExtractor   : extracted value ([is_active4_0_] : [BIT]) - [true]
2019-06-13 17:57:28.137 TRACE 81444 --- [    Test worker] o.h.type.descriptor.sql.BasicExtractor   : extracted value ([last_updated5_0_] : [TIMESTAMP]) - [2019-05-24 14:08:14.0]
2019-06-13 17:57:28.137 TRACE 81444 --- [    Test worker] o.h.type.descriptor.sql.BasicExtractor   : extracted value ([last_updator_id6_0_] : [BIGINT]) - [6]
2019-06-13 17:57:28.137 TRACE 81444 --- [    Test worker] o.h.type.descriptor.sql.BasicExtractor   : extracted value ([my_parent_id7_0_] : [BIGINT]) - [14]
2019-06-13 17:57:28.137 TRACE 81444 --- [    Test worker] o.h.type.descriptor.sql.BasicExtractor   : extracted value ([name8_0_] : [VARCHAR]) - [성악전공]
2019-06-13 17:57:28.137 TRACE 81444 --- [    Test worker] o.h.type.descriptor.sql.BasicExtractor   : extracted value ([id1_0_] : [BIGINT]) - [213]
2019-06-13 17:57:28.137 TRACE 81444 --- [    Test worker] o.h.type.descriptor.sql.BasicExtractor   : extracted value ([code2_0_] : [VARCHAR]) - [X5054]
2019-06-13 17:57:28.137 TRACE 81444 --- [    Test worker] o.h.type.descriptor.sql.BasicExtractor   : extracted value ([date_created3_0_] : [TIMESTAMP]) - [2019-05-23 15:51:30.0]
2019-06-13 17:57:28.137 TRACE 81444 --- [    Test worker] o.h.type.descriptor.sql.BasicExtractor   : extracted value ([is_active4_0_] : [BIT]) - [true]
2019-06-13 17:57:28.137 TRACE 81444 --- [    Test worker] o.h.type.descriptor.sql.BasicExtractor   : extracted value ([last_updated5_0_] : [TIMESTAMP]) - [2019-05-24 14:08:14.0]
2019-06-13 17:57:28.137 TRACE 81444 --- [    Test worker] o.h.type.descriptor.sql.BasicExtractor   : extracted value ([last_updator_id6_0_] : [BIGINT]) - [6]
2019-06-13 17:57:28.137 TRACE 81444 --- [    Test worker] o.h.type.descriptor.sql.BasicExtractor   : extracted value ([my_parent_id7_0_] : [BIGINT]) - [14]
2019-06-13 17:57:28.137 TRACE 81444 --- [    Test worker] o.h.type.descriptor.sql.BasicExtractor   : extracted value ([name8_0_] : [VARCHAR]) - [작곡전공]
2019-06-13 17:57:28.137 TRACE 81444 --- [    Test worker] o.h.type.descriptor.sql.BasicExtractor   : extracted value ([id1_0_] : [BIGINT]) - [214]
2019-06-13 17:57:28.137 TRACE 81444 --- [    Test worker] o.h.type.descriptor.sql.BasicExtractor   : extracted value ([code2_0_] : [VARCHAR]) - [X5055]
2019-06-13 17:57:28.138 TRACE 81444 --- [    Test worker] o.h.type.descriptor.sql.BasicExtractor   : extracted value ([date_created3_0_] : [TIMESTAMP]) - [2019-05-23 15:51:31.0]
2019-06-13 17:57:28.138 TRACE 81444 --- [    Test worker] o.h.type.descriptor.sql.BasicExtractor   : extracted value ([is_active4_0_] : [BIT]) - [true]
2019-06-13 17:57:28.138 TRACE 81444 --- [    Test worker] o.h.type.descriptor.sql.BasicExtractor   : extracted value ([last_updated5_0_] : [TIMESTAMP]) - [2019-05-24 14:08:15.0]
2019-06-13 17:57:28.138 TRACE 81444 --- [    Test worker] o.h.type.descriptor.sql.BasicExtractor   : extracted value ([last_updator_id6_0_] : [BIGINT]) - [6]
2019-06-13 17:57:28.138 TRACE 81444 --- [    Test worker] o.h.type.descriptor.sql.BasicExtractor   : extracted value ([my_parent_id7_0_] : [BIGINT]) - [14]
2019-06-13 17:57:28.138 TRACE 81444 --- [    Test worker] o.h.type.descriptor.sql.BasicExtractor   : extracted value ([name8_0_] : [VARCHAR]) - [관현악전공]
2019-06-13 17:57:28.138 TRACE 81444 --- [    Test worker] o.h.type.descriptor.sql.BasicExtractor   : extracted value ([id1_0_] : [BIGINT]) - [215]
2019-06-13 17:57:28.138 TRACE 81444 --- [    Test worker] o.h.type.descriptor.sql.BasicExtractor   : extracted value ([code2_0_] : [VARCHAR]) - [X5061]
2019-06-13 17:57:28.138 TRACE 81444 --- [    Test worker] o.h.type.descriptor.sql.BasicExtractor   : extracted value ([date_created3_0_] : [TIMESTAMP]) - [2019-05-23 15:51:31.0]
2019-06-13 17:57:28.138 TRACE 81444 --- [    Test worker] o.h.type.descriptor.sql.BasicExtractor   : extracted value ([is_active4_0_] : [BIT]) - [true]
2019-06-13 17:57:28.138 TRACE 81444 --- [    Test worker] o.h.type.descriptor.sql.BasicExtractor   : extracted value ([last_updated5_0_] : [TIMESTAMP]) - [2019-05-24 14:08:15.0]
2019-06-13 17:57:28.139 TRACE 81444 --- [    Test worker] o.h.type.descriptor.sql.BasicExtractor   : extracted value ([last_updator_id6_0_] : [BIGINT]) - [6]
2019-06-13 17:57:28.139 TRACE 81444 --- [    Test worker] o.h.type.descriptor.sql.BasicExtractor   : extracted value ([my_parent_id7_0_] : [BIGINT]) - [851]
2019-06-13 17:57:28.139 TRACE 81444 --- [    Test worker] o.h.type.descriptor.sql.BasicExtractor   : extracted value ([name8_0_] : [VARCHAR]) - [미술전공]
2019-06-13 17:57:28.139 TRACE 81444 --- [    Test worker] o.h.type.descriptor.sql.BasicExtractor   : extracted value ([id1_0_] : [BIGINT]) - [216]
2019-06-13 17:57:28.139 TRACE 81444 --- [    Test worker] o.h.type.descriptor.sql.BasicExtractor   : extracted value ([code2_0_] : [VARCHAR]) - [X5062]
2019-06-13 17:57:28.139 TRACE 81444 --- [    Test worker] o.h.type.descriptor.sql.BasicExtractor   : extracted value ([date_created3_0_] : [TIMESTAMP]) - [2019-05-23 15:51:31.0]
2019-06-13 17:57:28.139 TRACE 81444 --- [    Test worker] o.h.type.descriptor.sql.BasicExtractor   : extracted value ([is_active4_0_] : [BIT]) - [true]
2019-06-13 17:57:28.139 TRACE 81444 --- [    Test worker] o.h.type.descriptor.sql.BasicExtractor   : extracted value ([last_updated5_0_] : [TIMESTAMP]) - [2019-05-24 14:08:15.0]
2019-06-13 17:57:28.139 TRACE 81444 --- [    Test worker] o.h.type.descriptor.sql.BasicExtractor   : extracted value ([last_updator_id6_0_] : [BIGINT]) - [6]
2019-06-13 17:57:28.139 TRACE 81444 --- [    Test worker] o.h.type.descriptor.sql.BasicExtractor   : extracted value ([my_parent_id7_0_] : [BIGINT]) - [851]
2019-06-13 17:57:28.139 TRACE 81444 --- [    Test worker] o.h.type.descriptor.sql.BasicExtractor   : extracted value ([name8_0_] : [VARCHAR]) - [공예전공]
2019-06-13 17:57:28.139 TRACE 81444 --- [    Test worker] o.h.type.descriptor.sql.BasicExtractor   : extracted value ([id1_0_] : [BIGINT]) - [217]
2019-06-13 17:57:28.140 TRACE 81444 --- [    Test worker] o.h.type.descriptor.sql.BasicExtractor   : extracted value ([code2_0_] : [VARCHAR]) - [X5063]
2019-06-13 17:57:28.140 TRACE 81444 --- [    Test worker] o.h.type.descriptor.sql.BasicExtractor   : extracted value ([date_created3_0_] : [TIMESTAMP]) - [2019-05-23 15:51:32.0]
2019-06-13 17:57:28.140 TRACE 81444 --- [    Test worker] o.h.type.descriptor.sql.BasicExtractor   : extracted value ([is_active4_0_] : [BIT]) - [true]
2019-06-13 17:57:28.140 TRACE 81444 --- [    Test worker] o.h.type.descriptor.sql.BasicExtractor   : extracted value ([last_updated5_0_] : [TIMESTAMP]) - [2019-05-24 14:08:16.0]
2019-06-13 17:57:28.140 TRACE 81444 --- [    Test worker] o.h.type.descriptor.sql.BasicExtractor   : extracted value ([last_updator_id6_0_] : [BIGINT]) - [6]
2019-06-13 17:57:28.140 TRACE 81444 --- [    Test worker] o.h.type.descriptor.sql.BasicExtractor   : extracted value ([my_parent_id7_0_] : [BIGINT]) - [851]
2019-06-13 17:57:28.140 TRACE 81444 --- [    Test worker] o.h.type.descriptor.sql.BasicExtractor   : extracted value ([name8_0_] : [VARCHAR]) - [동양화전공]
2019-06-13 17:57:28.140 TRACE 81444 --- [    Test worker] o.h.type.descriptor.sql.BasicExtractor   : extracted value ([id1_0_] : [BIGINT]) - [218]
2019-06-13 17:57:28.140 TRACE 81444 --- [    Test worker] o.h.type.descriptor.sql.BasicExtractor   : extracted value ([code2_0_] : [VARCHAR]) - [X5064]
2019-06-13 17:57:28.140 TRACE 81444 --- [    Test worker] o.h.type.descriptor.sql.BasicExtractor   : extracted value ([date_created3_0_] : [TIMESTAMP]) - [2019-05-23 15:51:32.0]
2019-06-13 17:57:28.140 TRACE 81444 --- [    Test worker] o.h.type.descriptor.sql.BasicExtractor   : extracted value ([is_active4_0_] : [BIT]) - [true]
2019-06-13 17:57:28.141 TRACE 81444 --- [    Test worker] o.h.type.descriptor.sql.BasicExtractor   : extracted value ([last_updated5_0_] : [TIMESTAMP]) - [2019-05-24 14:08:16.0]
2019-06-13 17:57:28.141 TRACE 81444 --- [    Test worker] o.h.type.descriptor.sql.BasicExtractor   : extracted value ([last_updator_id6_0_] : [BIGINT]) - [6]
2019-06-13 17:57:28.141 TRACE 81444 --- [    Test worker] o.h.type.descriptor.sql.BasicExtractor   : extracted value ([my_parent_id7_0_] : [BIGINT]) - [851]
2019-06-13 17:57:28.141 TRACE 81444 --- [    Test worker] o.h.type.descriptor.sql.BasicExtractor   : extracted value ([name8_0_] : [VARCHAR]) - [서양화전공]
2019-06-13 17:57:28.141 TRACE 81444 --- [    Test worker] o.h.type.descriptor.sql.BasicExtractor   : extracted value ([id1_0_] : [BIGINT]) - [219]
2019-06-13 17:57:28.141 TRACE 81444 --- [    Test worker] o.h.type.descriptor.sql.BasicExtractor   : extracted value ([code2_0_] : [VARCHAR]) - [X5065]
2019-06-13 17:57:28.141 TRACE 81444 --- [    Test worker] o.h.type.descriptor.sql.BasicExtractor   : extracted value ([date_created3_0_] : [TIMESTAMP]) - [2019-05-23 15:51:32.0]
2019-06-13 17:57:28.141 TRACE 81444 --- [    Test worker] o.h.type.descriptor.sql.BasicExtractor   : extracted value ([is_active4_0_] : [BIT]) - [true]
2019-06-13 17:57:28.141 TRACE 81444 --- [    Test worker] o.h.type.descriptor.sql.BasicExtractor   : extracted value ([last_updated5_0_] : [TIMESTAMP]) - [2019-05-24 14:08:16.0]
2019-06-13 17:57:28.141 TRACE 81444 --- [    Test worker] o.h.type.descriptor.sql.BasicExtractor   : extracted value ([last_updator_id6_0_] : [BIGINT]) - [6]
2019-06-13 17:57:28.142 TRACE 81444 --- [    Test worker] o.h.type.descriptor.sql.BasicExtractor   : extracted value ([my_parent_id7_0_] : [BIGINT]) - [851]
2019-06-13 17:57:28.142 TRACE 81444 --- [    Test worker] o.h.type.descriptor.sql.BasicExtractor   : extracted value ([name8_0_] : [VARCHAR]) - [조소전공]
2019-06-13 17:57:28.142 TRACE 81444 --- [    Test worker] o.h.type.descriptor.sql.BasicExtractor   : extracted value ([id1_0_] : [BIGINT]) - [220]
2019-06-13 17:57:28.142 TRACE 81444 --- [    Test worker] o.h.type.descriptor.sql.BasicExtractor   : extracted value ([code2_0_] : [VARCHAR]) - [X5066]
2019-06-13 17:57:28.142 TRACE 81444 --- [    Test worker] o.h.type.descriptor.sql.BasicExtractor   : extracted value ([date_created3_0_] : [TIMESTAMP]) - [2019-05-23 15:51:33.0]
2019-06-13 17:57:28.142 TRACE 81444 --- [    Test worker] o.h.type.descriptor.sql.BasicExtractor   : extracted value ([is_active4_0_] : [BIT]) - [true]
2019-06-13 17:57:28.142 TRACE 81444 --- [    Test worker] o.h.type.descriptor.sql.BasicExtractor   : extracted value ([last_updated5_0_] : [TIMESTAMP]) - [2019-05-24 14:47:09.0]
2019-06-13 17:57:28.142 TRACE 81444 --- [    Test worker] o.h.type.descriptor.sql.BasicExtractor   : extracted value ([last_updator_id6_0_] : [BIGINT]) - [6]
2019-06-13 17:57:28.142 TRACE 81444 --- [    Test worker] o.h.type.descriptor.sql.BasicExtractor   : extracted value ([my_parent_id7_0_] : [BIGINT]) - [null]
2019-06-13 17:57:28.142 TRACE 81444 --- [    Test worker] o.h.type.descriptor.sql.BasicExtractor   : extracted value ([name8_0_] : [VARCHAR]) - [동양화.서양화.조소전공]
2019-06-13 17:57:28.159 TRACE 81444 --- [    Test worker] o.h.type.descriptor.sql.BasicExtractor   : extracted value ([id1_0_] : [BIGINT]) - [221]
2019-06-13 17:57:28.159 TRACE 81444 --- [    Test worker] o.h.type.descriptor.sql.BasicExtractor   : extracted value ([code2_0_] : [VARCHAR]) - [X5067]
2019-06-13 17:57:28.159 TRACE 81444 --- [    Test worker] o.h.type.descriptor.sql.BasicExtractor   : extracted value ([date_created3_0_] : [TIMESTAMP]) - [2019-05-23 15:51:33.0]
2019-06-13 17:57:28.159 TRACE 81444 --- [    Test worker] o.h.type.descriptor.sql.BasicExtractor   : extracted value ([is_active4_0_] : [BIT]) - [true]
2019-06-13 17:57:28.159 TRACE 81444 --- [    Test worker] o.h.type.descriptor.sql.BasicExtractor   : extracted value ([last_updated5_0_] : [TIMESTAMP]) - [2019-05-24 14:47:09.0]
2019-06-13 17:57:28.159 TRACE 81444 --- [    Test worker] o.h.type.descriptor.sql.BasicExtractor   : extracted value ([last_updator_id6_0_] : [BIGINT]) - [6]
2019-06-13 17:57:28.159 TRACE 81444 --- [    Test worker] o.h.type.descriptor.sql.BasicExtractor   : extracted value ([my_parent_id7_0_] : [BIGINT]) - [null]
2019-06-13 17:57:28.159 TRACE 81444 --- [    Test worker] o.h.type.descriptor.sql.BasicExtractor   : extracted value ([name8_0_] : [VARCHAR]) - [조각전공]
2019-06-13 17:57:28.159 TRACE 81444 --- [    Test worker] o.h.type.descriptor.sql.BasicExtractor   : extracted value ([id1_0_] : [BIGINT]) - [222]
2019-06-13 17:57:28.159 TRACE 81444 --- [    Test worker] o.h.type.descriptor.sql.BasicExtractor   : extracted value ([code2_0_] : [VARCHAR]) - [X5068]
2019-06-13 17:57:28.159 TRACE 81444 --- [    Test worker] o.h.type.descriptor.sql.BasicExtractor   : extracted value ([date_created3_0_] : [TIMESTAMP]) - [2019-05-23 15:51:33.0]
2019-06-13 17:57:28.159 TRACE 81444 --- [    Test worker] o.h.type.descriptor.sql.BasicExtractor   : extracted value ([is_active4_0_] : [BIT]) - [true]
2019-06-13 17:57:28.159 TRACE 81444 --- [    Test worker] o.h.type.descriptor.sql.BasicExtractor   : extracted value ([last_updated5_0_] : [TIMESTAMP]) - [2019-05-24 14:47:09.0]
2019-06-13 17:57:28.159 TRACE 81444 --- [    Test worker] o.h.type.descriptor.sql.BasicExtractor   : extracted value ([last_updator_id6_0_] : [BIGINT]) - [6]
2019-06-13 17:57:28.159 TRACE 81444 --- [    Test worker] o.h.type.descriptor.sql.BasicExtractor   : extracted value ([my_parent_id7_0_] : [BIGINT]) - [null]
2019-06-13 17:57:28.159 TRACE 81444 --- [    Test worker] o.h.type.descriptor.sql.BasicExtractor   : extracted value ([name8_0_] : [VARCHAR]) - [도예전공]
2019-06-13 17:57:28.159 TRACE 81444 --- [    Test worker] o.h.type.descriptor.sql.BasicExtractor   : extracted value ([id1_0_] : [BIGINT]) - [223]
2019-06-13 17:57:28.159 TRACE 81444 --- [    Test worker] o.h.type.descriptor.sql.BasicExtractor   : extracted value ([code2_0_] : [VARCHAR]) - [X5069]
2019-06-13 17:57:28.159 TRACE 81444 --- [    Test worker] o.h.type.descriptor.sql.BasicExtractor   : extracted value ([date_created3_0_] : [TIMESTAMP]) - [2019-05-23 15:51:34.0]
2019-06-13 17:57:28.159 TRACE 81444 --- [    Test worker] o.h.type.descriptor.sql.BasicExtractor   : extracted value ([is_active4_0_] : [BIT]) - [true]
2019-06-13 17:57:28.160 TRACE 81444 --- [    Test worker] o.h.type.descriptor.sql.BasicExtractor   : extracted value ([last_updated5_0_] : [TIMESTAMP]) - [2019-05-24 14:47:10.0]
2019-06-13 17:57:28.160 TRACE 81444 --- [    Test worker] o.h.type.descriptor.sql.BasicExtractor   : extracted value ([last_updator_id6_0_] : [BIGINT]) - [6]
2019-06-13 17:57:28.160 TRACE 81444 --- [    Test worker] o.h.type.descriptor.sql.BasicExtractor   : extracted value ([my_parent_id7_0_] : [BIGINT]) - [null]
2019-06-13 17:57:28.160 TRACE 81444 --- [    Test worker] o.h.type.descriptor.sql.BasicExtractor   : extracted value ([name8_0_] : [VARCHAR]) - [시각디자인전공]
2019-06-13 17:57:28.160 TRACE 81444 --- [    Test worker] o.h.type.descriptor.sql.BasicExtractor   : extracted value ([id1_0_] : [BIGINT]) - [224]
2019-06-13 17:57:28.160 TRACE 81444 --- [    Test worker] o.h.type.descriptor.sql.BasicExtractor   : extracted value ([code2_0_] : [VARCHAR]) - [X506A]
2019-06-13 17:57:28.160 TRACE 81444 --- [    Test worker] o.h.type.descriptor.sql.BasicExtractor   : extracted value ([date_created3_0_] : [TIMESTAMP]) - [2019-05-23 15:51:34.0]
2019-06-13 17:57:28.160 TRACE 81444 --- [    Test worker] o.h.type.descriptor.sql.BasicExtractor   : extracted value ([is_active4_0_] : [BIT]) - [true]
2019-06-13 17:57:28.160 TRACE 81444 --- [    Test worker] o.h.type.descriptor.sql.BasicExtractor   : extracted value ([last_updated5_0_] : [TIMESTAMP]) - [2019-05-24 14:47:10.0]
2019-06-13 17:57:28.160 TRACE 81444 --- [    Test worker] o.h.type.descriptor.sql.BasicExtractor   : extracted value ([last_updator_id6_0_] : [BIGINT]) - [6]
2019-06-13 17:57:28.160 TRACE 81444 --- [    Test worker] o.h.type.descriptor.sql.BasicExtractor   : extracted value ([my_parent_id7_0_] : [BIGINT]) - [null]
2019-06-13 17:57:28.160 TRACE 81444 --- [    Test worker] o.h.type.descriptor.sql.BasicExtractor   : extracted value ([name8_0_] : [VARCHAR]) - [한국회화전공]
2019-06-13 17:57:28.161 TRACE 81444 --- [    Test worker] o.h.type.descriptor.sql.BasicExtractor   : extracted value ([id1_0_] : [BIGINT]) - [225]
2019-06-13 17:57:28.161 TRACE 81444 --- [    Test worker] o.h.type.descriptor.sql.BasicExtractor   : extracted value ([code2_0_] : [VARCHAR]) - [X506B]
2019-06-13 17:57:28.161 TRACE 81444 --- [    Test worker] o.h.type.descriptor.sql.BasicExtractor   : extracted value ([date_created3_0_] : [TIMESTAMP]) - [2019-05-23 15:51:35.0]
2019-06-13 17:57:28.161 TRACE 81444 --- [    Test worker] o.h.type.descriptor.sql.BasicExtractor   : extracted value ([is_active4_0_] : [BIT]) - [true]
2019-06-13 17:57:28.161 TRACE 81444 --- [    Test worker] o.h.type.descriptor.sql.BasicExtractor   : extracted value ([last_updated5_0_] : [TIMESTAMP]) - [2019-05-24 14:47:10.0]
2019-06-13 17:57:28.161 TRACE 81444 --- [    Test worker] o.h.type.descriptor.sql.BasicExtractor   : extracted value ([last_updator_id6_0_] : [BIGINT]) - [6]
2019-06-13 17:57:28.161 TRACE 81444 --- [    Test worker] o.h.type.descriptor.sql.BasicExtractor   : extracted value ([my_parent_id7_0_] : [BIGINT]) - [null]
2019-06-13 17:57:28.161 TRACE 81444 --- [    Test worker] o.h.type.descriptor.sql.BasicExtractor   : extracted value ([name8_0_] : [VARCHAR]) - [현대회화전공]
2019-06-13 17:57:28.161 TRACE 81444 --- [    Test worker] o.h.type.descriptor.sql.BasicExtractor   : extracted value ([id1_0_] : [BIGINT]) - [226]
2019-06-13 17:57:28.161 TRACE 81444 --- [    Test worker] o.h.type.descriptor.sql.BasicExtractor   : extracted value ([code2_0_] : [VARCHAR]) - [X506C]
2019-06-13 17:57:28.161 TRACE 81444 --- [    Test worker] o.h.type.descriptor.sql.BasicExtractor   : extracted value ([date_created3_0_] : [TIMESTAMP]) - [2019-05-23 15:51:35.0]
2019-06-13 17:57:28.161 TRACE 81444 --- [    Test worker] o.h.type.descriptor.sql.BasicExtractor   : extracted value ([is_active4_0_] : [BIT]) - [true]
2019-06-13 17:57:28.161 TRACE 81444 --- [    Test worker] o.h.type.descriptor.sql.BasicExtractor   : extracted value ([last_updated5_0_] : [TIMESTAMP]) - [2019-05-24 14:47:11.0]
2019-06-13 17:57:28.161 TRACE 81444 --- [    Test worker] o.h.type.descriptor.sql.BasicExtractor   : extracted value ([last_updator_id6_0_] : [BIGINT]) - [6]
2019-06-13 17:57:28.161 TRACE 81444 --- [    Test worker] o.h.type.descriptor.sql.BasicExtractor   : extracted value ([my_parent_id7_0_] : [BIGINT]) - [null]
2019-06-13 17:57:28.161 TRACE 81444 --- [    Test worker] o.h.type.descriptor.sql.BasicExtractor   : extracted value ([name8_0_] : [VARCHAR]) - [현대조각전공]
2019-06-13 17:57:28.161 TRACE 81444 --- [    Test worker] o.h.type.descriptor.sql.BasicExtractor   : extracted value ([id1_0_] : [BIGINT]) - [227]
2019-06-13 17:57:28.161 TRACE 81444 --- [    Test worker] o.h.type.descriptor.sql.BasicExtractor   : extracted value ([code2_0_] : [VARCHAR]) - [X506D]
2019-06-13 17:57:28.161 TRACE 81444 --- [    Test worker] o.h.type.descriptor.sql.BasicExtractor   : extracted value ([date_created3_0_] : [TIMESTAMP]) - [2019-05-23 15:51:35.0]
2019-06-13 17:57:28.161 TRACE 81444 --- [    Test worker] o.h.type.descriptor.sql.BasicExtractor   : extracted value ([is_active4_0_] : [BIT]) - [true]
2019-06-13 17:57:28.161 TRACE 81444 --- [    Test worker] o.h.type.descriptor.sql.BasicExtractor   : extracted value ([last_updated5_0_] : [TIMESTAMP]) - [2019-05-24 14:47:11.0]
2019-06-13 17:57:28.161 TRACE 81444 --- [    Test worker] o.h.type.descriptor.sql.BasicExtractor   : extracted value ([last_updator_id6_0_] : [BIGINT]) - [6]
2019-06-13 17:57:28.161 TRACE 81444 --- [    Test worker] o.h.type.descriptor.sql.BasicExtractor   : extracted value ([my_parent_id7_0_] : [BIGINT]) - [null]
2019-06-13 17:57:28.161 TRACE 81444 --- [    Test worker] o.h.type.descriptor.sql.BasicExtractor   : extracted value ([name8_0_] : [VARCHAR]) - [세라믹디자인전공]
2019-06-13 17:57:28.161 TRACE 81444 --- [    Test worker] o.h.type.descriptor.sql.BasicExtractor   : extracted value ([id1_0_] : [BIGINT]) - [228]
2019-06-13 17:57:28.161 TRACE 81444 --- [    Test worker] o.h.type.descriptor.sql.BasicExtractor   : extracted value ([code2_0_] : [VARCHAR]) - [X506E]
2019-06-13 17:57:28.162 TRACE 81444 --- [    Test worker] o.h.type.descriptor.sql.BasicExtractor   : extracted value ([date_created3_0_] : [TIMESTAMP]) - [2019-05-23 15:51:36.0]
2019-06-13 17:57:28.162 TRACE 81444 --- [    Test worker] o.h.type.descriptor.sql.BasicExtractor   : extracted value ([is_active4_0_] : [BIT]) - [true]
2019-06-13 17:57:28.162 TRACE 81444 --- [    Test worker] o.h.type.descriptor.sql.BasicExtractor   : extracted value ([last_updated5_0_] : [TIMESTAMP]) - [2019-05-24 14:47:11.0]
2019-06-13 17:57:28.162 TRACE 81444 --- [    Test worker] o.h.type.descriptor.sql.BasicExtractor   : extracted value ([last_updator_id6_0_] : [BIGINT]) - [6]
2019-06-13 17:57:28.162 TRACE 81444 --- [    Test worker] o.h.type.descriptor.sql.BasicExtractor   : extracted value ([my_parent_id7_0_] : [BIGINT]) - [null]
2019-06-13 17:57:28.162 TRACE 81444 --- [    Test worker] o.h.type.descriptor.sql.BasicExtractor   : extracted value ([name8_0_] : [VARCHAR]) - [현대미술전공]
2019-06-13 17:57:28.162 TRACE 81444 --- [    Test worker] o.h.type.descriptor.sql.BasicExtractor   : extracted value ([id1_0_] : [BIGINT]) - [229]
2019-06-13 17:57:28.162 TRACE 81444 --- [    Test worker] o.h.type.descriptor.sql.BasicExtractor   : extracted value ([code2_0_] : [VARCHAR]) - [X506F]
2019-06-13 17:57:28.162 TRACE 81444 --- [    Test worker] o.h.type.descriptor.sql.BasicExtractor   : extracted value ([date_created3_0_] : [TIMESTAMP]) - [2019-05-23 15:51:36.0]
2019-06-13 17:57:28.162 TRACE 81444 --- [    Test worker] o.h.type.descriptor.sql.BasicExtractor   : extracted value ([is_active4_0_] : [BIT]) - [true]
2019-06-13 17:57:28.162 TRACE 81444 --- [    Test worker] o.h.type.descriptor.sql.BasicExtractor   : extracted value ([last_updated5_0_] : [TIMESTAMP]) - [2019-05-24 14:47:11.0]
2019-06-13 17:57:28.162 TRACE 81444 --- [    Test worker] o.h.type.descriptor.sql.BasicExtractor   : extracted value ([last_updator_id6_0_] : [BIGINT]) - [6]
2019-06-13 17:57:28.162 TRACE 81444 --- [    Test worker] o.h.type.descriptor.sql.BasicExtractor   : extracted value ([my_parent_id7_0_] : [BIGINT]) - [null]
2019-06-13 17:57:28.162 TRACE 81444 --- [    Test worker] o.h.type.descriptor.sql.BasicExtractor   : extracted value ([name8_0_] : [VARCHAR]) - [한국회화.현대회화.조각전공]
2019-06-13 17:57:28.162 TRACE 81444 --- [    Test worker] o.h.type.descriptor.sql.BasicExtractor   : extracted value ([id1_0_] : [BIGINT]) - [230]
2019-06-13 17:57:28.162 TRACE 81444 --- [    Test worker] o.h.type.descriptor.sql.BasicExtractor   : extracted value ([code2_0_] : [VARCHAR]) - [X506G]
2019-06-13 17:57:28.162 TRACE 81444 --- [    Test worker] o.h.type.descriptor.sql.BasicExtractor   : extracted value ([date_created3_0_] : [TIMESTAMP]) - [2019-05-23 15:51:36.0]
2019-06-13 17:57:28.162 TRACE 81444 --- [    Test worker] o.h.type.descriptor.sql.BasicExtractor   : extracted value ([is_active4_0_] : [BIT]) - [true]
2019-06-13 17:57:28.162 TRACE 81444 --- [    Test worker] o.h.type.descriptor.sql.BasicExtractor   : extracted value ([last_updated5_0_] : [TIMESTAMP]) - [2019-05-24 14:08:20.0]
2019-06-13 17:57:28.162 TRACE 81444 --- [    Test worker] o.h.type.descriptor.sql.BasicExtractor   : extracted value ([last_updator_id6_0_] : [BIGINT]) - [6]
2019-06-13 17:57:28.162 TRACE 81444 --- [    Test worker] o.h.type.descriptor.sql.BasicExtractor   : extracted value ([my_parent_id7_0_] : [BIGINT]) - [851]
2019-06-13 17:57:28.162 TRACE 81444 --- [    Test worker] o.h.type.descriptor.sql.BasicExtractor   : extracted value ([name8_0_] : [VARCHAR]) - [세라믹콘텐츠디자인전공]
2019-06-13 17:57:28.178 TRACE 81444 --- [    Test worker] o.h.type.descriptor.sql.BasicExtractor   : extracted value ([id1_0_] : [BIGINT]) - [231]
2019-06-13 17:57:28.179 TRACE 81444 --- [    Test worker] o.h.type.descriptor.sql.BasicExtractor   : extracted value ([code2_0_] : [VARCHAR]) - [X5071]
2019-06-13 17:57:28.179 TRACE 81444 --- [    Test worker] o.h.type.descriptor.sql.BasicExtractor   : extracted value ([date_created3_0_] : [TIMESTAMP]) - [2019-05-23 15:51:37.0]
2019-06-13 17:57:28.179 TRACE 81444 --- [    Test worker] o.h.type.descriptor.sql.BasicExtractor   : extracted value ([is_active4_0_] : [BIT]) - [true]
2019-06-13 17:57:28.179 TRACE 81444 --- [    Test worker] o.h.type.descriptor.sql.BasicExtractor   : extracted value ([last_updated5_0_] : [TIMESTAMP]) - [2019-05-24 14:08:20.0]
2019-06-13 17:57:28.180 TRACE 81444 --- [    Test worker] o.h.type.descriptor.sql.BasicExtractor   : extracted value ([last_updator_id6_0_] : [BIGINT]) - [6]
2019-06-13 17:57:28.180 TRACE 81444 --- [    Test worker] o.h.type.descriptor.sql.BasicExtractor   : extracted value ([my_parent_id7_0_] : [BIGINT]) - [850]
2019-06-13 17:57:28.180 TRACE 81444 --- [    Test worker] o.h.type.descriptor.sql.BasicExtractor   : extracted value ([name8_0_] : [VARCHAR]) - [영어영문학전공]
2019-06-13 17:57:28.180 TRACE 81444 --- [    Test worker] o.h.type.descriptor.sql.BasicExtractor   : extracted value ([id1_0_] : [BIGINT]) - [232]
2019-06-13 17:57:28.180 TRACE 81444 --- [    Test worker] o.h.type.descriptor.sql.BasicExtractor   : extracted value ([code2_0_] : [VARCHAR]) - [X5072]
2019-06-13 17:57:28.181 TRACE 81444 --- [    Test worker] o.h.type.descriptor.sql.BasicExtractor   : extracted value ([date_created3_0_] : [TIMESTAMP]) - [2019-05-23 15:51:37.0]
2019-06-13 17:57:28.181 TRACE 81444 --- [    Test worker] o.h.type.descriptor.sql.BasicExtractor   : extracted value ([is_active4_0_] : [BIT]) - [true]
2019-06-13 17:57:28.181 TRACE 81444 --- [    Test worker] o.h.type.descriptor.sql.BasicExtractor   : extracted value ([last_updated5_0_] : [TIMESTAMP]) - [2019-05-24 14:47:12.0]
2019-06-13 17:57:28.181 TRACE 81444 --- [    Test worker] o.h.type.descriptor.sql.BasicExtractor   : extracted value ([last_updator_id6_0_] : [BIGINT]) - [6]
2019-06-13 17:57:28.181 TRACE 81444 --- [    Test worker] o.h.type.descriptor.sql.BasicExtractor   : extracted value ([my_parent_id7_0_] : [BIGINT]) - [null]
2019-06-13 17:57:28.181 TRACE 81444 --- [    Test worker] o.h.type.descriptor.sql.BasicExtractor   : extracted value ([name8_0_] : [VARCHAR]) - [영문학전공]
2019-06-13 17:57:28.182 TRACE 81444 --- [    Test worker] o.h.type.descriptor.sql.BasicExtractor   : extracted value ([id1_0_] : [BIGINT]) - [233]
2019-06-13 17:57:28.182 TRACE 81444 --- [    Test worker] o.h.type.descriptor.sql.BasicExtractor   : extracted value ([code2_0_] : [VARCHAR]) - [X5073]
2019-06-13 17:57:28.182 TRACE 81444 --- [    Test worker] o.h.type.descriptor.sql.BasicExtractor   : extracted value ([date_created3_0_] : [TIMESTAMP]) - [2019-05-23 15:51:37.0]
2019-06-13 17:57:28.182 TRACE 81444 --- [    Test worker] o.h.type.descriptor.sql.BasicExtractor   : extracted value ([is_active4_0_] : [BIT]) - [true]
2019-06-13 17:57:28.182 TRACE 81444 --- [    Test worker] o.h.type.descriptor.sql.BasicExtractor   : extracted value ([last_updated5_0_] : [TIMESTAMP]) - [2019-05-24 14:47:13.0]
2019-06-13 17:57:28.182 TRACE 81444 --- [    Test worker] o.h.type.descriptor.sql.BasicExtractor   : extracted value ([last_updator_id6_0_] : [BIGINT]) - [6]
2019-06-13 17:57:28.182 TRACE 81444 --- [    Test worker] o.h.type.descriptor.sql.BasicExtractor   : extracted value ([my_parent_id7_0_] : [BIGINT]) - [null]
2019-06-13 17:57:28.183 TRACE 81444 --- [    Test worker] o.h.type.descriptor.sql.BasicExtractor   : extracted value ([name8_0_] : [VARCHAR]) - [영어학전공]
2019-06-13 17:57:28.183 TRACE 81444 --- [    Test worker] o.h.type.descriptor.sql.BasicExtractor   : extracted value ([id1_0_] : [BIGINT]) - [234]
2019-06-13 17:57:28.183 TRACE 81444 --- [    Test worker] o.h.type.descriptor.sql.BasicExtractor   : extracted value ([code2_0_] : [VARCHAR]) - [X5081]
2019-06-13 17:57:28.183 TRACE 81444 --- [    Test worker] o.h.type.descriptor.sql.BasicExtractor   : extracted value ([date_created3_0_] : [TIMESTAMP]) - [2019-05-23 15:51:38.0]
2019-06-13 17:57:28.183 TRACE 81444 --- [    Test worker] o.h.type.descriptor.sql.BasicExtractor   : extracted value ([is_active4_0_] : [BIT]) - [true]
2019-06-13 17:57:28.183 TRACE 81444 --- [    Test worker] o.h.type.descriptor.sql.BasicExtractor   : extracted value ([last_updated5_0_] : [TIMESTAMP]) - [2019-05-24 14:08:21.0]
2019-06-13 17:57:28.183 TRACE 81444 --- [    Test worker] o.h.type.descriptor.sql.BasicExtractor   : extracted value ([last_updator_id6_0_] : [BIGINT]) - [6]
2019-06-13 17:57:28.183 TRACE 81444 --- [    Test worker] o.h.type.descriptor.sql.BasicExtractor   : extracted value ([my_parent_id7_0_] : [BIGINT]) - [853]
2019-06-13 17:57:28.184 TRACE 81444 --- [    Test worker] o.h.type.descriptor.sql.BasicExtractor   : extracted value ([name8_0_] : [VARCHAR]) - [수학전공]
2019-06-13 17:57:28.184 TRACE 81444 --- [    Test worker] o.h.type.descriptor.sql.BasicExtractor   : extracted value ([id1_0_] : [BIGINT]) - [235]
2019-06-13 17:57:28.184 TRACE 81444 --- [    Test worker] o.h.type.descriptor.sql.BasicExtractor   : extracted value ([code2_0_] : [VARCHAR]) - [X5082]
2019-06-13 17:57:28.185 TRACE 81444 --- [    Test worker] o.h.type.descriptor.sql.BasicExtractor   : extracted value ([date_created3_0_] : [TIMESTAMP]) - [2019-05-23 15:51:38.0]
2019-06-13 17:57:28.185 TRACE 81444 --- [    Test worker] o.h.type.descriptor.sql.BasicExtractor   : extracted value ([is_active4_0_] : [BIT]) - [true]
2019-06-13 17:57:28.185 TRACE 81444 --- [    Test worker] o.h.type.descriptor.sql.BasicExtractor   : extracted value ([last_updated5_0_] : [TIMESTAMP]) - [2019-05-24 14:47:13.0]
2019-06-13 17:57:28.185 TRACE 81444 --- [    Test worker] o.h.type.descriptor.sql.BasicExtractor   : extracted value ([last_updator_id6_0_] : [BIGINT]) - [6]
2019-06-13 17:57:28.185 TRACE 81444 --- [    Test worker] o.h.type.descriptor.sql.BasicExtractor   : extracted value ([my_parent_id7_0_] : [BIGINT]) - [null]
2019-06-13 17:57:28.185 TRACE 81444 --- [    Test worker] o.h.type.descriptor.sql.BasicExtractor   : extracted value ([name8_0_] : [VARCHAR]) - [대수학전공]
2019-06-13 17:57:28.186 TRACE 81444 --- [    Test worker] o.h.type.descriptor.sql.BasicExtractor   : extracted value ([id1_0_] : [BIGINT]) - [236]
2019-06-13 17:57:28.186 TRACE 81444 --- [    Test worker] o.h.type.descriptor.sql.BasicExtractor   : extracted value ([code2_0_] : [VARCHAR]) - [X5083]
2019-06-13 17:57:28.186 TRACE 81444 --- [    Test worker] o.h.type.descriptor.sql.BasicExtractor   : extracted value ([date_created3_0_] : [TIMESTAMP]) - [2019-05-23 15:51:38.0]
2019-06-13 17:57:28.186 TRACE 81444 --- [    Test worker] o.h.type.descriptor.sql.BasicExtractor   : extracted value ([is_active4_0_] : [BIT]) - [true]
2019-06-13 17:57:28.186 TRACE 81444 --- [    Test worker] o.h.type.descriptor.sql.BasicExtractor   : extracted value ([last_updated5_0_] : [TIMESTAMP]) - [2019-05-24 14:47:13.0]
2019-06-13 17:57:28.186 TRACE 81444 --- [    Test worker] o.h.type.descriptor.sql.BasicExtractor   : extracted value ([last_updator_id6_0_] : [BIGINT]) - [6]
2019-06-13 17:57:28.186 TRACE 81444 --- [    Test worker] o.h.type.descriptor.sql.BasicExtractor   : extracted value ([my_parent_id7_0_] : [BIGINT]) - [null]
2019-06-13 17:57:28.186 TRACE 81444 --- [    Test worker] o.h.type.descriptor.sql.BasicExtractor   : extracted value ([name8_0_] : [VARCHAR]) - [위상기하학전공]
2019-06-13 17:57:28.187 TRACE 81444 --- [    Test worker] o.h.type.descriptor.sql.BasicExtractor   : extracted value ([id1_0_] : [BIGINT]) - [237]
2019-06-13 17:57:28.187 TRACE 81444 --- [    Test worker] o.h.type.descriptor.sql.BasicExtractor   : extracted value ([code2_0_] : [VARCHAR]) - [X5084]
2019-06-13 17:57:28.187 TRACE 81444 --- [    Test worker] o.h.type.descriptor.sql.BasicExtractor   : extracted value ([date_created3_0_] : [TIMESTAMP]) - [2019-05-23 15:51:39.0]
2019-06-13 17:57:28.187 TRACE 81444 --- [    Test worker] o.h.type.descriptor.sql.BasicExtractor   : extracted value ([is_active4_0_] : [BIT]) - [true]
2019-06-13 17:57:28.187 TRACE 81444 --- [    Test worker] o.h.type.descriptor.sql.BasicExtractor   : extracted value ([last_updated5_0_] : [TIMESTAMP]) - [2019-05-24 14:47:14.0]
2019-06-13 17:57:28.187 TRACE 81444 --- [    Test worker] o.h.type.descriptor.sql.BasicExtractor   : extracted value ([last_updator_id6_0_] : [BIGINT]) - [6]
2019-06-13 17:57:28.187 TRACE 81444 --- [    Test worker] o.h.type.descriptor.sql.BasicExtractor   : extracted value ([my_parent_id7_0_] : [BIGINT]) - [null]
2019-06-13 17:57:28.187 TRACE 81444 --- [    Test worker] o.h.type.descriptor.sql.BasicExtractor   : extracted value ([name8_0_] : [VARCHAR]) - [해석학전공]
2019-06-13 17:57:28.188 TRACE 81444 --- [    Test worker] o.h.type.descriptor.sql.BasicExtractor   : extracted value ([id1_0_] : [BIGINT]) - [238]
2019-06-13 17:57:28.188 TRACE 81444 --- [    Test worker] o.h.type.descriptor.sql.BasicExtractor   : extracted value ([code2_0_] : [VARCHAR]) - [X5085]
2019-06-13 17:57:28.188 TRACE 81444 --- [    Test worker] o.h.type.descriptor.sql.BasicExtractor   : extracted value ([date_created3_0_] : [TIMESTAMP]) - [2019-05-23 15:51:39.0]
2019-06-13 17:57:28.188 TRACE 81444 --- [    Test worker] o.h.type.descriptor.sql.BasicExtractor   : extracted value ([is_active4_0_] : [BIT]) - [true]
2019-06-13 17:57:28.188 TRACE 81444 --- [    Test worker] o.h.type.descriptor.sql.BasicExtractor   : extracted value ([last_updated5_0_] : [TIMESTAMP]) - [2019-05-24 14:47:14.0]
2019-06-13 17:57:28.188 TRACE 81444 --- [    Test worker] o.h.type.descriptor.sql.BasicExtractor   : extracted value ([last_updator_id6_0_] : [BIGINT]) - [6]
2019-06-13 17:57:28.188 TRACE 81444 --- [    Test worker] o.h.type.descriptor.sql.BasicExtractor   : extracted value ([my_parent_id7_0_] : [BIGINT]) - [null]
2019-06-13 17:57:28.188 TRACE 81444 --- [    Test worker] o.h.type.descriptor.sql.BasicExtractor   : extracted value ([name8_0_] : [VARCHAR]) - [응용수학전공]
2019-06-13 17:57:28.188 TRACE 81444 --- [    Test worker] o.h.type.descriptor.sql.BasicExtractor   : extracted value ([id1_0_] : [BIGINT]) - [239]
2019-06-13 17:57:28.188 TRACE 81444 --- [    Test worker] o.h.type.descriptor.sql.BasicExtractor   : extracted value ([code2_0_] : [VARCHAR]) - [X5091]
2019-06-13 17:57:28.188 TRACE 81444 --- [    Test worker] o.h.type.descriptor.sql.BasicExtractor   : extracted value ([date_created3_0_] : [TIMESTAMP]) - [2019-05-23 15:51:39.0]
2019-06-13 17:57:28.188 TRACE 81444 --- [    Test worker] o.h.type.descriptor.sql.BasicExtractor   : extracted value ([is_active4_0_] : [BIT]) - [true]
2019-06-13 17:57:28.188 TRACE 81444 --- [    Test worker] o.h.type.descriptor.sql.BasicExtractor   : extracted value ([last_updated5_0_] : [TIMESTAMP]) - [2019-05-24 14:08:23.0]
2019-06-13 17:57:28.189 TRACE 81444 --- [    Test worker] o.h.type.descriptor.sql.BasicExtractor   : extracted value ([last_updator_id6_0_] : [BIGINT]) - [6]
2019-06-13 17:57:28.189 TRACE 81444 --- [    Test worker] o.h.type.descriptor.sql.BasicExtractor   : extracted value ([my_parent_id7_0_] : [BIGINT]) - [853]
2019-06-13 17:57:28.189 TRACE 81444 --- [    Test worker] o.h.type.descriptor.sql.BasicExtractor   : extracted value ([name8_0_] : [VARCHAR]) - [물리학전공]
2019-06-13 17:57:28.189 TRACE 81444 --- [    Test worker] o.h.type.descriptor.sql.BasicExtractor   : extracted value ([id1_0_] : [BIGINT]) - [240]
2019-06-13 17:57:28.189 TRACE 81444 --- [    Test worker] o.h.type.descriptor.sql.BasicExtractor   : extracted value ([code2_0_] : [VARCHAR]) - [X5092]
2019-06-13 17:57:28.189 TRACE 81444 --- [    Test worker] o.h.type.descriptor.sql.BasicExtractor   : extracted value ([date_created3_0_] : [TIMESTAMP]) - [2019-05-23 15:51:40.0]
2019-06-13 17:57:28.189 TRACE 81444 --- [    Test worker] o.h.type.descriptor.sql.BasicExtractor   : extracted value ([is_active4_0_] : [BIT]) - [true]
2019-06-13 17:57:28.189 TRACE 81444 --- [    Test worker] o.h.type.descriptor.sql.BasicExtractor   : extracted value ([last_updated5_0_] : [TIMESTAMP]) - [2019-05-24 14:47:15.0]
2019-06-13 17:57:28.189 TRACE 81444 --- [    Test worker] o.h.type.descriptor.sql.BasicExtractor   : extracted value ([last_updator_id6_0_] : [BIGINT]) - [6]
2019-06-13 17:57:28.189 TRACE 81444 --- [    Test worker] o.h.type.descriptor.sql.BasicExtractor   : extracted value ([my_parent_id7_0_] : [BIGINT]) - [null]
2019-06-13 17:57:28.189 TRACE 81444 --- [    Test worker] o.h.type.descriptor.sql.BasicExtractor   : extracted value ([name8_0_] : [VARCHAR]) - [고체물리학전공]
2019-06-13 17:57:28.208 TRACE 81444 --- [    Test worker] o.h.type.descriptor.sql.BasicExtractor   : extracted value ([id1_0_] : [BIGINT]) - [241]
2019-06-13 17:57:28.208 TRACE 81444 --- [    Test worker] o.h.type.descriptor.sql.BasicExtractor   : extracted value ([code2_0_] : [VARCHAR]) - [X5093]
2019-06-13 17:57:28.208 TRACE 81444 --- [    Test worker] o.h.type.descriptor.sql.BasicExtractor   : extracted value ([date_created3_0_] : [TIMESTAMP]) - [2019-05-23 15:51:40.0]
2019-06-13 17:57:28.208 TRACE 81444 --- [    Test worker] o.h.type.descriptor.sql.BasicExtractor   : extracted value ([is_active4_0_] : [BIT]) - [true]
2019-06-13 17:57:28.208 TRACE 81444 --- [    Test worker] o.h.type.descriptor.sql.BasicExtractor   : extracted value ([last_updated5_0_] : [TIMESTAMP]) - [2019-05-24 14:47:15.0]
2019-06-13 17:57:28.208 TRACE 81444 --- [    Test worker] o.h.type.descriptor.sql.BasicExtractor   : extracted value ([last_updator_id6_0_] : [BIGINT]) - [6]
2019-06-13 17:57:28.209 TRACE 81444 --- [    Test worker] o.h.type.descriptor.sql.BasicExtractor   : extracted value ([my_parent_id7_0_] : [BIGINT]) - [null]
2019-06-13 17:57:28.209 TRACE 81444 --- [    Test worker] o.h.type.descriptor.sql.BasicExtractor   : extracted value ([name8_0_] : [VARCHAR]) - [응용물리학전공]
2019-06-13 17:57:28.209 TRACE 81444 --- [    Test worker] o.h.type.descriptor.sql.BasicExtractor   : extracted value ([id1_0_] : [BIGINT]) - [242]
2019-06-13 17:57:28.209 TRACE 81444 --- [    Test worker] o.h.type.descriptor.sql.BasicExtractor   : extracted value ([code2_0_] : [VARCHAR]) - [X5094]
2019-06-13 17:57:28.209 TRACE 81444 --- [    Test worker] o.h.type.descriptor.sql.BasicExtractor   : extracted value ([date_created3_0_] : [TIMESTAMP]) - [2019-05-23 15:51:40.0]
2019-06-13 17:57:28.209 TRACE 81444 --- [    Test worker] o.h.type.descriptor.sql.BasicExtractor   : extracted value ([is_active4_0_] : [BIT]) - [true]
2019-06-13 17:57:28.209 TRACE 81444 --- [    Test worker] o.h.type.descriptor.sql.BasicExtractor   : extracted value ([last_updated5_0_] : [TIMESTAMP]) - [2019-05-24 14:47:15.0]
2019-06-13 17:57:28.209 TRACE 81444 --- [    Test worker] o.h.type.descriptor.sql.BasicExtractor   : extracted value ([last_updator_id6_0_] : [BIGINT]) - [6]
2019-06-13 17:57:28.209 TRACE 81444 --- [    Test worker] o.h.type.descriptor.sql.BasicExtractor   : extracted value ([my_parent_id7_0_] : [BIGINT]) - [null]
2019-06-13 17:57:28.209 TRACE 81444 --- [    Test worker] o.h.type.descriptor.sql.BasicExtractor   : extracted value ([name8_0_] : [VARCHAR]) - [이론물리학전공]
2019-06-13 17:57:28.209 TRACE 81444 --- [    Test worker] o.h.type.descriptor.sql.BasicExtractor   : extracted value ([id1_0_] : [BIGINT]) - [243]
2019-06-13 17:57:28.209 TRACE 81444 --- [    Test worker] o.h.type.descriptor.sql.BasicExtractor   : extracted value ([code2_0_] : [VARCHAR]) - [X5095]
2019-06-13 17:57:28.209 TRACE 81444 --- [    Test worker] o.h.type.descriptor.sql.BasicExtractor   : extracted value ([date_created3_0_] : [TIMESTAMP]) - [2019-05-23 15:51:41.0]
2019-06-13 17:57:28.209 TRACE 81444 --- [    Test worker] o.h.type.descriptor.sql.BasicExtractor   : extracted value ([is_active4_0_] : [BIT]) - [true]
2019-06-13 17:57:28.209 TRACE 81444 --- [    Test worker] o.h.type.descriptor.sql.BasicExtractor   : extracted value ([last_updated5_0_] : [TIMESTAMP]) - [2019-05-24 14:47:16.0]
2019-06-13 17:57:28.210 TRACE 81444 --- [    Test worker] o.h.type.descriptor.sql.BasicExtractor   : extracted value ([last_updator_id6_0_] : [BIGINT]) - [6]
2019-06-13 17:57:28.210 TRACE 81444 --- [    Test worker] o.h.type.descriptor.sql.BasicExtractor   : extracted value ([my_parent_id7_0_] : [BIGINT]) - [null]
2019-06-13 17:57:28.210 TRACE 81444 --- [    Test worker] o.h.type.descriptor.sql.BasicExtractor   : extracted value ([name8_0_] : [VARCHAR]) - [양자광학전공]
2019-06-13 17:57:28.210 TRACE 81444 --- [    Test worker] o.h.type.descriptor.sql.BasicExtractor   : extracted value ([id1_0_] : [BIGINT]) - [244]
2019-06-13 17:57:28.210 TRACE 81444 --- [    Test worker] o.h.type.descriptor.sql.BasicExtractor   : extracted value ([code2_0_] : [VARCHAR]) - [X5101]
2019-06-13 17:57:28.210 TRACE 81444 --- [    Test worker] o.h.type.descriptor.sql.BasicExtractor   : extracted value ([date_created3_0_] : [TIMESTAMP]) - [2019-05-23 15:51:41.0]
2019-06-13 17:57:28.210 TRACE 81444 --- [    Test worker] o.h.type.descriptor.sql.BasicExtractor   : extracted value ([is_active4_0_] : [BIT]) - [true]
2019-06-13 17:57:28.210 TRACE 81444 --- [    Test worker] o.h.type.descriptor.sql.BasicExtractor   : extracted value ([last_updated5_0_] : [TIMESTAMP]) - [2019-05-24 14:08:26.0]
2019-06-13 17:57:28.210 TRACE 81444 --- [    Test worker] o.h.type.descriptor.sql.BasicExtractor   : extracted value ([last_updator_id6_0_] : [BIGINT]) - [6]
2019-06-13 17:57:28.210 TRACE 81444 --- [    Test worker] o.h.type.descriptor.sql.BasicExtractor   : extracted value ([my_parent_id7_0_] : [BIGINT]) - [850]
2019-06-13 17:57:28.210 TRACE 81444 --- [    Test worker] o.h.type.descriptor.sql.BasicExtractor   : extracted value ([name8_0_] : [VARCHAR]) - [국어국문학전공]
2019-06-13 17:57:28.210 TRACE 81444 --- [    Test worker] o.h.type.descriptor.sql.BasicExtractor   : extracted value ([id1_0_] : [BIGINT]) - [245]
2019-06-13 17:57:28.211 TRACE 81444 --- [    Test worker] o.h.type.descriptor.sql.BasicExtractor   : extracted value ([code2_0_] : [VARCHAR]) - [X5102]
2019-06-13 17:57:28.211 TRACE 81444 --- [    Test worker] o.h.type.descriptor.sql.BasicExtractor   : extracted value ([date_created3_0_] : [TIMESTAMP]) - [2019-05-23 15:51:42.0]
2019-06-13 17:57:28.211 TRACE 81444 --- [    Test worker] o.h.type.descriptor.sql.BasicExtractor   : extracted value ([is_active4_0_] : [BIT]) - [true]
2019-06-13 17:57:28.211 TRACE 81444 --- [    Test worker] o.h.type.descriptor.sql.BasicExtractor   : extracted value ([last_updated5_0_] : [TIMESTAMP]) - [2019-05-24 14:47:16.0]
2019-06-13 17:57:28.211 TRACE 81444 --- [    Test worker] o.h.type.descriptor.sql.BasicExtractor   : extracted value ([last_updator_id6_0_] : [BIGINT]) - [6]
2019-06-13 17:57:28.211 TRACE 81444 --- [    Test worker] o.h.type.descriptor.sql.BasicExtractor   : extracted value ([my_parent_id7_0_] : [BIGINT]) - [null]
2019-06-13 17:57:28.211 TRACE 81444 --- [    Test worker] o.h.type.descriptor.sql.BasicExtractor   : extracted value ([name8_0_] : [VARCHAR]) - [국문학전공]
2019-06-13 17:57:28.211 TRACE 81444 --- [    Test worker] o.h.type.descriptor.sql.BasicExtractor   : extracted value ([id1_0_] : [BIGINT]) - [246]
2019-06-13 17:57:28.211 TRACE 81444 --- [    Test worker] o.h.type.descriptor.sql.BasicExtractor   : extracted value ([code2_0_] : [VARCHAR]) - [X5103]
2019-06-13 17:57:28.211 TRACE 81444 --- [    Test worker] o.h.type.descriptor.sql.BasicExtractor   : extracted value ([date_created3_0_] : [TIMESTAMP]) - [2019-05-23 15:51:42.0]
2019-06-13 17:57:28.211 TRACE 81444 --- [    Test worker] o.h.type.descriptor.sql.BasicExtractor   : extracted value ([is_active4_0_] : [BIT]) - [true]
2019-06-13 17:57:28.211 TRACE 81444 --- [    Test worker] o.h.type.descriptor.sql.BasicExtractor   : extracted value ([last_updated5_0_] : [TIMESTAMP]) - [2019-05-24 14:47:17.0]
2019-06-13 17:57:28.212 TRACE 81444 --- [    Test worker] o.h.type.descriptor.sql.BasicExtractor   : extracted value ([last_updator_id6_0_] : [BIGINT]) - [6]
2019-06-13 17:57:28.212 TRACE 81444 --- [    Test worker] o.h.type.descriptor.sql.BasicExtractor   : extracted value ([my_parent_id7_0_] : [BIGINT]) - [null]
2019-06-13 17:57:28.212 TRACE 81444 --- [    Test worker] o.h.type.descriptor.sql.BasicExtractor   : extracted value ([name8_0_] : [VARCHAR]) - [국어학전공]
2019-06-13 17:57:28.212 TRACE 81444 --- [    Test worker] o.h.type.descriptor.sql.BasicExtractor   : extracted value ([id1_0_] : [BIGINT]) - [247]
2019-06-13 17:57:28.212 TRACE 81444 --- [    Test worker] o.h.type.descriptor.sql.BasicExtractor   : extracted value ([code2_0_] : [VARCHAR]) - [X5111]
2019-06-13 17:57:28.213 TRACE 81444 --- [    Test worker] o.h.type.descriptor.sql.BasicExtractor   : extracted value ([date_created3_0_] : [TIMESTAMP]) - [2019-05-23 15:51:42.0]
2019-06-13 17:57:28.213 TRACE 81444 --- [    Test worker] o.h.type.descriptor.sql.BasicExtractor   : extracted value ([is_active4_0_] : [BIT]) - [true]
2019-06-13 17:57:28.213 TRACE 81444 --- [    Test worker] o.h.type.descriptor.sql.BasicExtractor   : extracted value ([last_updated5_0_] : [TIMESTAMP]) - [2019-05-24 14:08:27.0]
2019-06-13 17:57:28.213 TRACE 81444 --- [    Test worker] o.h.type.descriptor.sql.BasicExtractor   : extracted value ([last_updator_id6_0_] : [BIGINT]) - [6]
2019-06-13 17:57:28.213 TRACE 81444 --- [    Test worker] o.h.type.descriptor.sql.BasicExtractor   : extracted value ([my_parent_id7_0_] : [BIGINT]) - [853]
2019-06-13 17:57:28.213 TRACE 81444 --- [    Test worker] o.h.type.descriptor.sql.BasicExtractor   : extracted value ([name8_0_] : [VARCHAR]) - [생물학전공]
2019-06-13 17:57:28.213 TRACE 81444 --- [    Test worker] o.h.type.descriptor.sql.BasicExtractor   : extracted value ([id1_0_] : [BIGINT]) - [248]
2019-06-13 17:57:28.213 TRACE 81444 --- [    Test worker] o.h.type.descriptor.sql.BasicExtractor   : extracted value ([code2_0_] : [VARCHAR]) - [X5112]
2019-06-13 17:57:28.213 TRACE 81444 --- [    Test worker] o.h.type.descriptor.sql.BasicExtractor   : extracted value ([date_created3_0_] : [TIMESTAMP]) - [2019-05-23 15:51:43.0]
2019-06-13 17:57:28.213 TRACE 81444 --- [    Test worker] o.h.type.descriptor.sql.BasicExtractor   : extracted value ([is_active4_0_] : [BIT]) - [true]
2019-06-13 17:57:28.213 TRACE 81444 --- [    Test worker] o.h.type.descriptor.sql.BasicExtractor   : extracted value ([last_updated5_0_] : [TIMESTAMP]) - [2019-05-24 14:08:27.0]
2019-06-13 17:57:28.213 TRACE 81444 --- [    Test worker] o.h.type.descriptor.sql.BasicExtractor   : extracted value ([last_updator_id6_0_] : [BIGINT]) - [6]
2019-06-13 17:57:28.214 TRACE 81444 --- [    Test worker] o.h.type.descriptor.sql.BasicExtractor   : extracted value ([my_parent_id7_0_] : [BIGINT]) - [853]
2019-06-13 17:57:28.214 TRACE 81444 --- [    Test worker] o.h.type.descriptor.sql.BasicExtractor   : extracted value ([name8_0_] : [VARCHAR]) - [생명과학전공]
2019-06-13 17:57:28.214 TRACE 81444 --- [    Test worker] o.h.type.descriptor.sql.BasicExtractor   : extracted value ([id1_0_] : [BIGINT]) - [249]
2019-06-13 17:57:28.214 TRACE 81444 --- [    Test worker] o.h.type.descriptor.sql.BasicExtractor   : extracted value ([code2_0_] : [VARCHAR]) - [X5113]
2019-06-13 17:57:28.214 TRACE 81444 --- [    Test worker] o.h.type.descriptor.sql.BasicExtractor   : extracted value ([date_created3_0_] : [TIMESTAMP]) - [2019-05-23 15:51:43.0]
2019-06-13 17:57:28.214 TRACE 81444 --- [    Test worker] o.h.type.descriptor.sql.BasicExtractor   : extracted value ([is_active4_0_] : [BIT]) - [true]
2019-06-13 17:57:28.214 TRACE 81444 --- [    Test worker] o.h.type.descriptor.sql.BasicExtractor   : extracted value ([last_updated5_0_] : [TIMESTAMP]) - [2019-05-24 14:47:17.0]
2019-06-13 17:57:28.214 TRACE 81444 --- [    Test worker] o.h.type.descriptor.sql.BasicExtractor   : extracted value ([last_updator_id6_0_] : [BIGINT]) - [6]
2019-06-13 17:57:28.214 TRACE 81444 --- [    Test worker] o.h.type.descriptor.sql.BasicExtractor   : extracted value ([my_parent_id7_0_] : [BIGINT]) - [null]
2019-06-13 17:57:28.214 TRACE 81444 --- [    Test worker] o.h.type.descriptor.sql.BasicExtractor   : extracted value ([name8_0_] : [VARCHAR]) - [분류학전공]
2019-06-13 17:57:28.214 TRACE 81444 --- [    Test worker] o.h.type.descriptor.sql.BasicExtractor   : extracted value ([id1_0_] : [BIGINT]) - [250]
2019-06-13 17:57:28.214 TRACE 81444 --- [    Test worker] o.h.type.descriptor.sql.BasicExtractor   : extracted value ([code2_0_] : [VARCHAR]) - [X5114]
2019-06-13 17:57:28.214 TRACE 81444 --- [    Test worker] o.h.type.descriptor.sql.BasicExtractor   : extracted value ([date_created3_0_] : [TIMESTAMP]) - [2019-05-23 15:51:43.0]
2019-06-13 17:57:28.214 TRACE 81444 --- [    Test worker] o.h.type.descriptor.sql.BasicExtractor   : extracted value ([is_active4_0_] : [BIT]) - [true]
2019-06-13 17:57:28.214 TRACE 81444 --- [    Test worker] o.h.type.descriptor.sql.BasicExtractor   : extracted value ([last_updated5_0_] : [TIMESTAMP]) - [2019-05-24 14:47:18.0]
2019-06-13 17:57:28.214 TRACE 81444 --- [    Test worker] o.h.type.descriptor.sql.BasicExtractor   : extracted value ([last_updator_id6_0_] : [BIGINT]) - [6]
2019-06-13 17:57:28.214 TRACE 81444 --- [    Test worker] o.h.type.descriptor.sql.BasicExtractor   : extracted value ([my_parent_id7_0_] : [BIGINT]) - [null]
2019-06-13 17:57:28.214 TRACE 81444 --- [    Test worker] o.h.type.descriptor.sql.BasicExtractor   : extracted value ([name8_0_] : [VARCHAR]) - [식물학전공]
2019-06-13 17:57:28.235 TRACE 81444 --- [    Test worker] o.h.type.descriptor.sql.BasicExtractor   : extracted value ([id1_0_] : [BIGINT]) - [251]
2019-06-13 17:57:28.236 TRACE 81444 --- [    Test worker] o.h.type.descriptor.sql.BasicExtractor   : extracted value ([code2_0_] : [VARCHAR]) - [X5115]
2019-06-13 17:57:28.236 TRACE 81444 --- [    Test worker] o.h.type.descriptor.sql.BasicExtractor   : extracted value ([date_created3_0_] : [TIMESTAMP]) - [2019-05-23 15:51:44.0]
2019-06-13 17:57:28.236 TRACE 81444 --- [    Test worker] o.h.type.descriptor.sql.BasicExtractor   : extracted value ([is_active4_0_] : [BIT]) - [true]
2019-06-13 17:57:28.236 TRACE 81444 --- [    Test worker] o.h.type.descriptor.sql.BasicExtractor   : extracted value ([last_updated5_0_] : [TIMESTAMP]) - [2019-05-24 14:47:18.0]
2019-06-13 17:57:28.236 TRACE 81444 --- [    Test worker] o.h.type.descriptor.sql.BasicExtractor   : extracted value ([last_updator_id6_0_] : [BIGINT]) - [6]
2019-06-13 17:57:28.236 TRACE 81444 --- [    Test worker] o.h.type.descriptor.sql.BasicExtractor   : extracted value ([my_parent_id7_0_] : [BIGINT]) - [null]
2019-06-13 17:57:28.236 TRACE 81444 --- [    Test worker] o.h.type.descriptor.sql.BasicExtractor   : extracted value ([name8_0_] : [VARCHAR]) - [동물학전공]
2019-06-13 17:57:28.237 TRACE 81444 --- [    Test worker] o.h.type.descriptor.sql.BasicExtractor   : extracted value ([id1_0_] : [BIGINT]) - [252]
2019-06-13 17:57:28.237 TRACE 81444 --- [    Test worker] o.h.type.descriptor.sql.BasicExtractor   : extracted value ([code2_0_] : [VARCHAR]) - [X5116]
2019-06-13 17:57:28.237 TRACE 81444 --- [    Test worker] o.h.type.descriptor.sql.BasicExtractor   : extracted value ([date_created3_0_] : [TIMESTAMP]) - [2019-05-23 15:51:44.0]
2019-06-13 17:57:28.237 TRACE 81444 --- [    Test worker] o.h.type.descriptor.sql.BasicExtractor   : extracted value ([is_active4_0_] : [BIT]) - [true]
2019-06-13 17:57:28.237 TRACE 81444 --- [    Test worker] o.h.type.descriptor.sql.BasicExtractor   : extracted value ([last_updated5_0_] : [TIMESTAMP]) - [2019-05-24 14:47:18.0]
2019-06-13 17:57:28.237 TRACE 81444 --- [    Test worker] o.h.type.descriptor.sql.BasicExtractor   : extracted value ([last_updator_id6_0_] : [BIGINT]) - [6]
2019-06-13 17:57:28.237 TRACE 81444 --- [    Test worker] o.h.type.descriptor.sql.BasicExtractor   : extracted value ([my_parent_id7_0_] : [BIGINT]) - [null]
2019-06-13 17:57:28.237 TRACE 81444 --- [    Test worker] o.h.type.descriptor.sql.BasicExtractor   : extracted value ([name8_0_] : [VARCHAR]) - [미생물학전공]
2019-06-13 17:57:28.238 TRACE 81444 --- [    Test worker] o.h.type.descriptor.sql.BasicExtractor   : extracted value ([id1_0_] : [BIGINT]) - [253]
2019-06-13 17:57:28.238 TRACE 81444 --- [    Test worker] o.h.type.descriptor.sql.BasicExtractor   : extracted value ([code2_0_] : [VARCHAR]) - [X5117]
2019-06-13 17:57:28.238 TRACE 81444 --- [    Test worker] o.h.type.descriptor.sql.BasicExtractor   : extracted value ([date_created3_0_] : [TIMESTAMP]) - [2019-05-23 15:51:44.0]
2019-06-13 17:57:28.238 TRACE 81444 --- [    Test worker] o.h.type.descriptor.sql.BasicExtractor   : extracted value ([is_active4_0_] : [BIT]) - [true]
2019-06-13 17:57:28.238 TRACE 81444 --- [    Test worker] o.h.type.descriptor.sql.BasicExtractor   : extracted value ([last_updated5_0_] : [TIMESTAMP]) - [2019-05-24 14:47:19.0]
2019-06-13 17:57:28.238 TRACE 81444 --- [    Test worker] o.h.type.descriptor.sql.BasicExtractor   : extracted value ([last_updator_id6_0_] : [BIGINT]) - [6]
2019-06-13 17:57:28.238 TRACE 81444 --- [    Test worker] o.h.type.descriptor.sql.BasicExtractor   : extracted value ([my_parent_id7_0_] : [BIGINT]) - [null]
2019-06-13 17:57:28.238 TRACE 81444 --- [    Test worker] o.h.type.descriptor.sql.BasicExtractor   : extracted value ([name8_0_] : [VARCHAR]) - [생리학전공]
2019-06-13 17:57:28.238 TRACE 81444 --- [    Test worker] o.h.type.descriptor.sql.BasicExtractor   : extracted value ([id1_0_] : [BIGINT]) - [254]
2019-06-13 17:57:28.238 TRACE 81444 --- [    Test worker] o.h.type.descriptor.sql.BasicExtractor   : extracted value ([code2_0_] : [VARCHAR]) - [X5118]
2019-06-13 17:57:28.239 TRACE 81444 --- [    Test worker] o.h.type.descriptor.sql.BasicExtractor   : extracted value ([date_created3_0_] : [TIMESTAMP]) - [2019-05-23 15:51:45.0]
2019-06-13 17:57:28.239 TRACE 81444 --- [    Test worker] o.h.type.descriptor.sql.BasicExtractor   : extracted value ([is_active4_0_] : [BIT]) - [true]
2019-06-13 17:57:28.239 TRACE 81444 --- [    Test worker] o.h.type.descriptor.sql.BasicExtractor   : extracted value ([last_updated5_0_] : [TIMESTAMP]) - [2019-05-24 14:47:19.0]
2019-06-13 17:57:28.239 TRACE 81444 --- [    Test worker] o.h.type.descriptor.sql.BasicExtractor   : extracted value ([last_updator_id6_0_] : [BIGINT]) - [6]
2019-06-13 17:57:28.239 TRACE 81444 --- [    Test worker] o.h.type.descriptor.sql.BasicExtractor   : extracted value ([my_parent_id7_0_] : [BIGINT]) - [null]
2019-06-13 17:57:28.239 TRACE 81444 --- [    Test worker] o.h.type.descriptor.sql.BasicExtractor   : extracted value ([name8_0_] : [VARCHAR]) - [생태학전공]
2019-06-13 17:57:28.239 TRACE 81444 --- [    Test worker] o.h.type.descriptor.sql.BasicExtractor   : extracted value ([id1_0_] : [BIGINT]) - [255]
2019-06-13 17:57:28.239 TRACE 81444 --- [    Test worker] o.h.type.descriptor.sql.BasicExtractor   : extracted value ([code2_0_] : [VARCHAR]) - [X5119]
2019-06-13 17:57:28.239 TRACE 81444 --- [    Test worker] o.h.type.descriptor.sql.BasicExtractor   : extracted value ([date_created3_0_] : [TIMESTAMP]) - [2019-05-23 15:51:45.0]
2019-06-13 17:57:28.239 TRACE 81444 --- [    Test worker] o.h.type.descriptor.sql.BasicExtractor   : extracted value ([is_active4_0_] : [BIT]) - [true]
2019-06-13 17:57:28.239 TRACE 81444 --- [    Test worker] o.h.type.descriptor.sql.BasicExtractor   : extracted value ([last_updated5_0_] : [TIMESTAMP]) - [2019-05-24 14:47:19.0]
2019-06-13 17:57:28.240 TRACE 81444 --- [    Test worker] o.h.type.descriptor.sql.BasicExtractor   : extracted value ([last_updator_id6_0_] : [BIGINT]) - [6]
2019-06-13 17:57:28.240 TRACE 81444 --- [    Test worker] o.h.type.descriptor.sql.BasicExtractor   : extracted value ([my_parent_id7_0_] : [BIGINT]) - [null]
2019-06-13 17:57:28.240 TRACE 81444 --- [    Test worker] o.h.type.descriptor.sql.BasicExtractor   : extracted value ([name8_0_] : [VARCHAR]) - [에너지전공]
2019-06-13 17:57:28.240 TRACE 81444 --- [    Test worker] o.h.type.descriptor.sql.BasicExtractor   : extracted value ([id1_0_] : [BIGINT]) - [256]
2019-06-13 17:57:28.240 TRACE 81444 --- [    Test worker] o.h.type.descriptor.sql.BasicExtractor   : extracted value ([code2_0_] : [VARCHAR]) - [X5120]
2019-06-13 17:57:28.240 TRACE 81444 --- [    Test worker] o.h.type.descriptor.sql.BasicExtractor   : extracted value ([date_created3_0_] : [TIMESTAMP]) - [2019-05-23 15:51:45.0]
2019-06-13 17:57:28.240 TRACE 81444 --- [    Test worker] o.h.type.descriptor.sql.BasicExtractor   : extracted value ([is_active4_0_] : [BIT]) - [true]
2019-06-13 17:57:28.240 TRACE 81444 --- [    Test worker] o.h.type.descriptor.sql.BasicExtractor   : extracted value ([last_updated5_0_] : [TIMESTAMP]) - [2019-05-24 14:47:20.0]
2019-06-13 17:57:28.240 TRACE 81444 --- [    Test worker] o.h.type.descriptor.sql.BasicExtractor   : extracted value ([last_updator_id6_0_] : [BIGINT]) - [6]
2019-06-13 17:57:28.240 TRACE 81444 --- [    Test worker] o.h.type.descriptor.sql.BasicExtractor   : extracted value ([my_parent_id7_0_] : [BIGINT]) - [null]
2019-06-13 17:57:28.240 TRACE 81444 --- [    Test worker] o.h.type.descriptor.sql.BasicExtractor   : extracted value ([name8_0_] : [VARCHAR]) - [생물자원학전공]
2019-06-13 17:57:28.240 TRACE 81444 --- [    Test worker] o.h.type.descriptor.sql.BasicExtractor   : extracted value ([id1_0_] : [BIGINT]) - [257]
2019-06-13 17:57:28.240 TRACE 81444 --- [    Test worker] o.h.type.descriptor.sql.BasicExtractor   : extracted value ([code2_0_] : [VARCHAR]) - [X5121]
2019-06-13 17:57:28.240 TRACE 81444 --- [    Test worker] o.h.type.descriptor.sql.BasicExtractor   : extracted value ([date_created3_0_] : [TIMESTAMP]) - [2019-05-23 15:51:46.0]
2019-06-13 17:57:28.240 TRACE 81444 --- [    Test worker] o.h.type.descriptor.sql.BasicExtractor   : extracted value ([is_active4_0_] : [BIT]) - [true]
2019-06-13 17:57:28.240 TRACE 81444 --- [    Test worker] o.h.type.descriptor.sql.BasicExtractor   : extracted value ([last_updated5_0_] : [TIMESTAMP]) - [2019-05-24 14:08:30.0]
2019-06-13 17:57:28.240 TRACE 81444 --- [    Test worker] o.h.type.descriptor.sql.BasicExtractor   : extracted value ([last_updator_id6_0_] : [BIGINT]) - [6]
2019-06-13 17:57:28.240 TRACE 81444 --- [    Test worker] o.h.type.descriptor.sql.BasicExtractor   : extracted value ([my_parent_id7_0_] : [BIGINT]) - [125]
2019-06-13 17:57:28.241 TRACE 81444 --- [    Test worker] o.h.type.descriptor.sql.BasicExtractor   : extracted value ([name8_0_] : [VARCHAR]) - [행정학전공]
2019-06-13 17:57:28.241 TRACE 81444 --- [    Test worker] o.h.type.descriptor.sql.BasicExtractor   : extracted value ([id1_0_] : [BIGINT]) - [258]
2019-06-13 17:57:28.241 TRACE 81444 --- [    Test worker] o.h.type.descriptor.sql.BasicExtractor   : extracted value ([code2_0_] : [VARCHAR]) - [X5122]
2019-06-13 17:57:28.241 TRACE 81444 --- [    Test worker] o.h.type.descriptor.sql.BasicExtractor   : extracted value ([date_created3_0_] : [TIMESTAMP]) - [2019-05-23 15:51:46.0]
2019-06-13 17:57:28.241 TRACE 81444 --- [    Test worker] o.h.type.descriptor.sql.BasicExtractor   : extracted value ([is_active4_0_] : [BIT]) - [true]
2019-06-13 17:57:28.241 TRACE 81444 --- [    Test worker] o.h.type.descriptor.sql.BasicExtractor   : extracted value ([last_updated5_0_] : [TIMESTAMP]) - [2019-05-24 14:47:20.0]
2019-06-13 17:57:28.241 TRACE 81444 --- [    Test worker] o.h.type.descriptor.sql.BasicExtractor   : extracted value ([last_updator_id6_0_] : [BIGINT]) - [6]
2019-06-13 17:57:28.241 TRACE 81444 --- [    Test worker] o.h.type.descriptor.sql.BasicExtractor   : extracted value ([my_parent_id7_0_] : [BIGINT]) - [null]
2019-06-13 17:57:28.241 TRACE 81444 --- [    Test worker] o.h.type.descriptor.sql.BasicExtractor   : extracted value ([name8_0_] : [VARCHAR]) - [정책학전공]
2019-06-13 17:57:28.241 TRACE 81444 --- [    Test worker] o.h.type.descriptor.sql.BasicExtractor   : extracted value ([id1_0_] : [BIGINT]) - [259]
2019-06-13 17:57:28.241 TRACE 81444 --- [    Test worker] o.h.type.descriptor.sql.BasicExtractor   : extracted value ([code2_0_] : [VARCHAR]) - [X5123]
2019-06-13 17:57:28.241 TRACE 81444 --- [    Test worker] o.h.type.descriptor.sql.BasicExtractor   : extracted value ([date_created3_0_] : [TIMESTAMP]) - [2019-05-23 15:51:46.0]
2019-06-13 17:57:28.241 TRACE 81444 --- [    Test worker] o.h.type.descriptor.sql.BasicExtractor   : extracted value ([is_active4_0_] : [BIT]) - [true]
2019-06-13 17:57:28.241 TRACE 81444 --- [    Test worker] o.h.type.descriptor.sql.BasicExtractor   : extracted value ([last_updated5_0_] : [TIMESTAMP]) - [2019-05-24 14:47:20.0]
2019-06-13 17:57:28.241 TRACE 81444 --- [    Test worker] o.h.type.descriptor.sql.BasicExtractor   : extracted value ([last_updator_id6_0_] : [BIGINT]) - [6]
2019-06-13 17:57:28.241 TRACE 81444 --- [    Test worker] o.h.type.descriptor.sql.BasicExtractor   : extracted value ([my_parent_id7_0_] : [BIGINT]) - [null]
2019-06-13 17:57:28.242 TRACE 81444 --- [    Test worker] o.h.type.descriptor.sql.BasicExtractor   : extracted value ([name8_0_] : [VARCHAR]) - [사회복지학전공]
2019-06-13 17:57:28.242 TRACE 81444 --- [    Test worker] o.h.type.descriptor.sql.BasicExtractor   : extracted value ([id1_0_] : [BIGINT]) - [260]
2019-06-13 17:57:28.242 TRACE 81444 --- [    Test worker] o.h.type.descriptor.sql.BasicExtractor   : extracted value ([code2_0_] : [VARCHAR]) - [X5124]
2019-06-13 17:57:28.242 TRACE 81444 --- [    Test worker] o.h.type.descriptor.sql.BasicExtractor   : extracted value ([date_created3_0_] : [TIMESTAMP]) - [2019-05-23 15:51:47.0]
2019-06-13 17:57:28.242 TRACE 81444 --- [    Test worker] o.h.type.descriptor.sql.BasicExtractor   : extracted value ([is_active4_0_] : [BIT]) - [true]
2019-06-13 17:57:28.242 TRACE 81444 --- [    Test worker] o.h.type.descriptor.sql.BasicExtractor   : extracted value ([last_updated5_0_] : [TIMESTAMP]) - [2019-05-24 14:47:21.0]
2019-06-13 17:57:28.242 TRACE 81444 --- [    Test worker] o.h.type.descriptor.sql.BasicExtractor   : extracted value ([last_updator_id6_0_] : [BIGINT]) - [6]
2019-06-13 17:57:28.242 TRACE 81444 --- [    Test worker] o.h.type.descriptor.sql.BasicExtractor   : extracted value ([my_parent_id7_0_] : [BIGINT]) - [null]
2019-06-13 17:57:28.242 TRACE 81444 --- [    Test worker] o.h.type.descriptor.sql.BasicExtractor   : extracted value ([name8_0_] : [VARCHAR]) - [공공인재연계전공]
2019-06-13 17:57:28.259 TRACE 81444 --- [    Test worker] o.h.type.descriptor.sql.BasicExtractor   : extracted value ([id1_0_] : [BIGINT]) - [261]
2019-06-13 17:57:28.259 TRACE 81444 --- [    Test worker] o.h.type.descriptor.sql.BasicExtractor   : extracted value ([code2_0_] : [VARCHAR]) - [X5125]
2019-06-13 17:57:28.259 TRACE 81444 --- [    Test worker] o.h.type.descriptor.sql.BasicExtractor   : extracted value ([date_created3_0_] : [TIMESTAMP]) - [2019-05-23 15:51:47.0]
2019-06-13 17:57:28.259 TRACE 81444 --- [    Test worker] o.h.type.descriptor.sql.BasicExtractor   : extracted value ([is_active4_0_] : [BIT]) - [true]
2019-06-13 17:57:28.260 TRACE 81444 --- [    Test worker] o.h.type.descriptor.sql.BasicExtractor   : extracted value ([last_updated5_0_] : [TIMESTAMP]) - [2019-05-24 14:47:21.0]
2019-06-13 17:57:28.260 TRACE 81444 --- [    Test worker] o.h.type.descriptor.sql.BasicExtractor   : extracted value ([last_updator_id6_0_] : [BIGINT]) - [6]
2019-06-13 17:57:28.260 TRACE 81444 --- [    Test worker] o.h.type.descriptor.sql.BasicExtractor   : extracted value ([my_parent_id7_0_] : [BIGINT]) - [null]
2019-06-13 17:57:28.260 TRACE 81444 --- [    Test worker] o.h.type.descriptor.sql.BasicExtractor   : extracted value ([name8_0_] : [VARCHAR]) - [생태환경교육연계전공]
2019-06-13 17:57:28.260 TRACE 81444 --- [    Test worker] o.h.type.descriptor.sql.BasicExtractor   : extracted value ([id1_0_] : [BIGINT]) - [262]
2019-06-13 17:57:28.260 TRACE 81444 --- [    Test worker] o.h.type.descriptor.sql.BasicExtractor   : extracted value ([code2_0_] : [VARCHAR]) - [X5131]
2019-06-13 17:57:28.260 TRACE 81444 --- [    Test worker] o.h.type.descriptor.sql.BasicExtractor   : extracted value ([date_created3_0_] : [TIMESTAMP]) - [2019-05-23 15:51:47.0]
2019-06-13 17:57:28.260 TRACE 81444 --- [    Test worker] o.h.type.descriptor.sql.BasicExtractor   : extracted value ([is_active4_0_] : [BIT]) - [true]
2019-06-13 17:57:28.261 TRACE 81444 --- [    Test worker] o.h.type.descriptor.sql.BasicExtractor   : extracted value ([last_updated5_0_] : [TIMESTAMP]) - [2019-05-24 14:08:31.0]
2019-06-13 17:57:28.261 TRACE 81444 --- [    Test worker] o.h.type.descriptor.sql.BasicExtractor   : extracted value ([last_updator_id6_0_] : [BIGINT]) - [6]
2019-06-13 17:57:28.261 TRACE 81444 --- [    Test worker] o.h.type.descriptor.sql.BasicExtractor   : extracted value ([my_parent_id7_0_] : [BIGINT]) - [853]
2019-06-13 17:57:28.262 TRACE 81444 --- [    Test worker] o.h.type.descriptor.sql.BasicExtractor   : extracted value ([name8_0_] : [VARCHAR]) - [체육학전공]
2019-06-13 17:57:28.263 TRACE 81444 --- [    Test worker] o.h.type.descriptor.sql.BasicExtractor   : extracted value ([id1_0_] : [BIGINT]) - [263]
2019-06-13 17:57:28.263 TRACE 81444 --- [    Test worker] o.h.type.descriptor.sql.BasicExtractor   : extracted value ([code2_0_] : [VARCHAR]) - [X5132]
2019-06-13 17:57:28.264 TRACE 81444 --- [    Test worker] o.h.type.descriptor.sql.BasicExtractor   : extracted value ([date_created3_0_] : [TIMESTAMP]) - [2019-05-23 15:51:48.0]
2019-06-13 17:57:28.264 TRACE 81444 --- [    Test worker] o.h.type.descriptor.sql.BasicExtractor   : extracted value ([is_active4_0_] : [BIT]) - [true]
2019-06-13 17:57:28.265 TRACE 81444 --- [    Test worker] o.h.type.descriptor.sql.BasicExtractor   : extracted value ([last_updated5_0_] : [TIMESTAMP]) - [2019-05-24 14:47:22.0]
2019-06-13 17:57:28.266 TRACE 81444 --- [    Test worker] o.h.type.descriptor.sql.BasicExtractor   : extracted value ([last_updator_id6_0_] : [BIGINT]) - [6]
2019-06-13 17:57:28.266 TRACE 81444 --- [    Test worker] o.h.type.descriptor.sql.BasicExtractor   : extracted value ([my_parent_id7_0_] : [BIGINT]) - [null]
2019-06-13 17:57:28.266 TRACE 81444 --- [    Test worker] o.h.type.descriptor.sql.BasicExtractor   : extracted value ([name8_0_] : [VARCHAR]) - [인문사회과학전공]
2019-06-13 17:57:28.266 TRACE 81444 --- [    Test worker] o.h.type.descriptor.sql.BasicExtractor   : extracted value ([id1_0_] : [BIGINT]) - [264]
2019-06-13 17:57:28.266 TRACE 81444 --- [    Test worker] o.h.type.descriptor.sql.BasicExtractor   : extracted value ([code2_0_] : [VARCHAR]) - [X5133]
2019-06-13 17:57:28.267 TRACE 81444 --- [    Test worker] o.h.type.descriptor.sql.BasicExtractor   : extracted value ([date_created3_0_] : [TIMESTAMP]) - [2019-05-23 15:51:48.0]
2019-06-13 17:57:28.267 TRACE 81444 --- [    Test worker] o.h.type.descriptor.sql.BasicExtractor   : extracted value ([is_active4_0_] : [BIT]) - [true]
2019-06-13 17:57:28.267 TRACE 81444 --- [    Test worker] o.h.type.descriptor.sql.BasicExtractor   : extracted value ([last_updated5_0_] : [TIMESTAMP]) - [2019-05-24 14:47:22.0]
2019-06-13 17:57:28.267 TRACE 81444 --- [    Test worker] o.h.type.descriptor.sql.BasicExtractor   : extracted value ([last_updator_id6_0_] : [BIGINT]) - [6]
2019-06-13 17:57:28.267 TRACE 81444 --- [    Test worker] o.h.type.descriptor.sql.BasicExtractor   : extracted value ([my_parent_id7_0_] : [BIGINT]) - [null]
2019-06-13 17:57:28.267 TRACE 81444 --- [    Test worker] o.h.type.descriptor.sql.BasicExtractor   : extracted value ([name8_0_] : [VARCHAR]) - [자연과학전공]
2019-06-13 17:57:28.267 TRACE 81444 --- [    Test worker] o.h.type.descriptor.sql.BasicExtractor   : extracted value ([id1_0_] : [BIGINT]) - [265]
2019-06-13 17:57:28.267 TRACE 81444 --- [    Test worker] o.h.type.descriptor.sql.BasicExtractor   : extracted value ([code2_0_] : [VARCHAR]) - [X5134]
2019-06-13 17:57:28.268 TRACE 81444 --- [    Test worker] o.h.type.descriptor.sql.BasicExtractor   : extracted value ([date_created3_0_] : [TIMESTAMP]) - [2019-05-23 15:51:48.0]
2019-06-13 17:57:28.268 TRACE 81444 --- [    Test worker] o.h.type.descriptor.sql.BasicExtractor   : extracted value ([is_active4_0_] : [BIT]) - [true]
2019-06-13 17:57:28.268 TRACE 81444 --- [    Test worker] o.h.type.descriptor.sql.BasicExtractor   : extracted value ([last_updated5_0_] : [TIMESTAMP]) - [2019-05-24 14:47:22.0]
2019-06-13 17:57:28.268 TRACE 81444 --- [    Test worker] o.h.type.descriptor.sql.BasicExtractor   : extracted value ([last_updator_id6_0_] : [BIGINT]) - [6]
2019-06-13 17:57:28.268 TRACE 81444 --- [    Test worker] o.h.type.descriptor.sql.BasicExtractor   : extracted value ([my_parent_id7_0_] : [BIGINT]) - [null]
2019-06-13 17:57:28.268 TRACE 81444 --- [    Test worker] o.h.type.descriptor.sql.BasicExtractor   : extracted value ([name8_0_] : [VARCHAR]) - [체육과학전공]
2019-06-13 17:57:28.268 TRACE 81444 --- [    Test worker] o.h.type.descriptor.sql.BasicExtractor   : extracted value ([id1_0_] : [BIGINT]) - [266]
2019-06-13 17:57:28.268 TRACE 81444 --- [    Test worker] o.h.type.descriptor.sql.BasicExtractor   : extracted value ([code2_0_] : [VARCHAR]) - [X5135]
2019-06-13 17:57:28.268 TRACE 81444 --- [    Test worker] o.h.type.descriptor.sql.BasicExtractor   : extracted value ([date_created3_0_] : [TIMESTAMP]) - [2019-05-23 15:51:49.0]
2019-06-13 17:57:28.268 TRACE 81444 --- [    Test worker] o.h.type.descriptor.sql.BasicExtractor   : extracted value ([is_active4_0_] : [BIT]) - [true]
2019-06-13 17:57:28.268 TRACE 81444 --- [    Test worker] o.h.type.descriptor.sql.BasicExtractor   : extracted value ([last_updated5_0_] : [TIMESTAMP]) - [2019-05-24 14:47:23.0]
2019-06-13 17:57:28.268 TRACE 81444 --- [    Test worker] o.h.type.descriptor.sql.BasicExtractor   : extracted value ([last_updator_id6_0_] : [BIGINT]) - [6]
2019-06-13 17:57:28.268 TRACE 81444 --- [    Test worker] o.h.type.descriptor.sql.BasicExtractor   : extracted value ([my_parent_id7_0_] : [BIGINT]) - [null]
2019-06-13 17:57:28.268 TRACE 81444 --- [    Test worker] o.h.type.descriptor.sql.BasicExtractor   : extracted value ([name8_0_] : [VARCHAR]) - [사회체육학전공]
2019-06-13 17:57:28.269 TRACE 81444 --- [    Test worker] o.h.type.descriptor.sql.BasicExtractor   : extracted value ([id1_0_] : [BIGINT]) - [267]
2019-06-13 17:57:28.269 TRACE 81444 --- [    Test worker] o.h.type.descriptor.sql.BasicExtractor   : extracted value ([code2_0_] : [VARCHAR]) - [X5136]
2019-06-13 17:57:28.269 TRACE 81444 --- [    Test worker] o.h.type.descriptor.sql.BasicExtractor   : extracted value ([date_created3_0_] : [TIMESTAMP]) - [2019-05-23 15:51:49.0]
2019-06-13 17:57:28.269 TRACE 81444 --- [    Test worker] o.h.type.descriptor.sql.BasicExtractor   : extracted value ([is_active4_0_] : [BIT]) - [true]
2019-06-13 17:57:28.269 TRACE 81444 --- [    Test worker] o.h.type.descriptor.sql.BasicExtractor   : extracted value ([last_updated5_0_] : [TIMESTAMP]) - [2019-05-24 14:47:23.0]
2019-06-13 17:57:28.269 TRACE 81444 --- [    Test worker] o.h.type.descriptor.sql.BasicExtractor   : extracted value ([last_updator_id6_0_] : [BIGINT]) - [6]
2019-06-13 17:57:28.269 TRACE 81444 --- [    Test worker] o.h.type.descriptor.sql.BasicExtractor   : extracted value ([my_parent_id7_0_] : [BIGINT]) - [null]
2019-06-13 17:57:28.269 TRACE 81444 --- [    Test worker] o.h.type.descriptor.sql.BasicExtractor   : extracted value ([name8_0_] : [VARCHAR]) - [자율전공(인문,사회)]
2019-06-13 17:57:28.269 TRACE 81444 --- [    Test worker] o.h.type.descriptor.sql.BasicExtractor   : extracted value ([id1_0_] : [BIGINT]) - [268]
2019-06-13 17:57:28.269 TRACE 81444 --- [    Test worker] o.h.type.descriptor.sql.BasicExtractor   : extracted value ([code2_0_] : [VARCHAR]) - [X5141]
2019-06-13 17:57:28.269 TRACE 81444 --- [    Test worker] o.h.type.descriptor.sql.BasicExtractor   : extracted value ([date_created3_0_] : [TIMESTAMP]) - [2019-05-23 15:51:49.0]
2019-06-13 17:57:28.270 TRACE 81444 --- [    Test worker] o.h.type.descriptor.sql.BasicExtractor   : extracted value ([is_active4_0_] : [BIT]) - [true]
2019-06-13 17:57:28.270 TRACE 81444 --- [    Test worker] o.h.type.descriptor.sql.BasicExtractor   : extracted value ([last_updated5_0_] : [TIMESTAMP]) - [2019-05-24 14:08:33.0]
2019-06-13 17:57:28.270 TRACE 81444 --- [    Test worker] o.h.type.descriptor.sql.BasicExtractor   : extracted value ([last_updator_id6_0_] : [BIGINT]) - [6]
2019-06-13 17:57:28.270 TRACE 81444 --- [    Test worker] o.h.type.descriptor.sql.BasicExtractor   : extracted value ([my_parent_id7_0_] : [BIGINT]) - [853]
2019-06-13 17:57:28.270 TRACE 81444 --- [    Test worker] o.h.type.descriptor.sql.BasicExtractor   : extracted value ([name8_0_] : [VARCHAR]) - [화학전공]
2019-06-13 17:57:28.270 TRACE 81444 --- [    Test worker] o.h.type.descriptor.sql.BasicExtractor   : extracted value ([id1_0_] : [BIGINT]) - [269]
2019-06-13 17:57:28.270 TRACE 81444 --- [    Test worker] o.h.type.descriptor.sql.BasicExtractor   : extracted value ([code2_0_] : [VARCHAR]) - [X5142]
2019-06-13 17:57:28.270 TRACE 81444 --- [    Test worker] o.h.type.descriptor.sql.BasicExtractor   : extracted value ([date_created3_0_] : [TIMESTAMP]) - [2019-05-23 15:51:50.0]
2019-06-13 17:57:28.270 TRACE 81444 --- [    Test worker] o.h.type.descriptor.sql.BasicExtractor   : extracted value ([is_active4_0_] : [BIT]) - [true]
2019-06-13 17:57:28.270 TRACE 81444 --- [    Test worker] o.h.type.descriptor.sql.BasicExtractor   : extracted value ([last_updated5_0_] : [TIMESTAMP]) - [2019-05-24 14:47:39.0]
2019-06-13 17:57:28.270 TRACE 81444 --- [    Test worker] o.h.type.descriptor.sql.BasicExtractor   : extracted value ([last_updator_id6_0_] : [BIGINT]) - [6]
2019-06-13 17:57:28.270 TRACE 81444 --- [    Test worker] o.h.type.descriptor.sql.BasicExtractor   : extracted value ([my_parent_id7_0_] : [BIGINT]) - [null]
2019-06-13 17:57:28.270 TRACE 81444 --- [    Test worker] o.h.type.descriptor.sql.BasicExtractor   : extracted value ([name8_0_] : [VARCHAR]) - [물리화학전공]
2019-06-13 17:57:28.270 TRACE 81444 --- [    Test worker] o.h.type.descriptor.sql.BasicExtractor   : extracted value ([id1_0_] : [BIGINT]) - [270]
2019-06-13 17:57:28.270 TRACE 81444 --- [    Test worker] o.h.type.descriptor.sql.BasicExtractor   : extracted value ([code2_0_] : [VARCHAR]) - [X5143]
2019-06-13 17:57:28.270 TRACE 81444 --- [    Test worker] o.h.type.descriptor.sql.BasicExtractor   : extracted value ([date_created3_0_] : [TIMESTAMP]) - [2019-05-23 15:51:50.0]
2019-06-13 17:57:28.270 TRACE 81444 --- [    Test worker] o.h.type.descriptor.sql.BasicExtractor   : extracted value ([is_active4_0_] : [BIT]) - [true]
2019-06-13 17:57:28.271 TRACE 81444 --- [    Test worker] o.h.type.descriptor.sql.BasicExtractor   : extracted value ([last_updated5_0_] : [TIMESTAMP]) - [2019-05-24 14:47:39.0]
2019-06-13 17:57:28.271 TRACE 81444 --- [    Test worker] o.h.type.descriptor.sql.BasicExtractor   : extracted value ([last_updator_id6_0_] : [BIGINT]) - [6]
2019-06-13 17:57:28.271 TRACE 81444 --- [    Test worker] o.h.type.descriptor.sql.BasicExtractor   : extracted value ([my_parent_id7_0_] : [BIGINT]) - [null]
2019-06-13 17:57:28.271 TRACE 81444 --- [    Test worker] o.h.type.descriptor.sql.BasicExtractor   : extracted value ([name8_0_] : [VARCHAR]) - [무기화학전공]
2019-06-13 17:57:28.288 TRACE 81444 --- [    Test worker] o.h.type.descriptor.sql.BasicExtractor   : extracted value ([id1_0_] : [BIGINT]) - [271]
2019-06-13 17:57:28.288 TRACE 81444 --- [    Test worker] o.h.type.descriptor.sql.BasicExtractor   : extracted value ([code2_0_] : [VARCHAR]) - [X5144]
2019-06-13 17:57:28.288 TRACE 81444 --- [    Test worker] o.h.type.descriptor.sql.BasicExtractor   : extracted value ([date_created3_0_] : [TIMESTAMP]) - [2019-05-23 15:51:50.0]
2019-06-13 17:57:28.289 TRACE 81444 --- [    Test worker] o.h.type.descriptor.sql.BasicExtractor   : extracted value ([is_active4_0_] : [BIT]) - [true]
2019-06-13 17:57:28.289 TRACE 81444 --- [    Test worker] o.h.type.descriptor.sql.BasicExtractor   : extracted value ([last_updated5_0_] : [TIMESTAMP]) - [2019-05-24 14:47:40.0]
2019-06-13 17:57:28.289 TRACE 81444 --- [    Test worker] o.h.type.descriptor.sql.BasicExtractor   : extracted value ([last_updator_id6_0_] : [BIGINT]) - [6]
2019-06-13 17:57:28.289 TRACE 81444 --- [    Test worker] o.h.type.descriptor.sql.BasicExtractor   : extracted value ([my_parent_id7_0_] : [BIGINT]) - [null]
2019-06-13 17:57:28.289 TRACE 81444 --- [    Test worker] o.h.type.descriptor.sql.BasicExtractor   : extracted value ([name8_0_] : [VARCHAR]) - [유기화학전공]
2019-06-13 17:57:28.289 TRACE 81444 --- [    Test worker] o.h.type.descriptor.sql.BasicExtractor   : extracted value ([id1_0_] : [BIGINT]) - [272]
2019-06-13 17:57:28.289 TRACE 81444 --- [    Test worker] o.h.type.descriptor.sql.BasicExtractor   : extracted value ([code2_0_] : [VARCHAR]) - [X5145]
2019-06-13 17:57:28.289 TRACE 81444 --- [    Test worker] o.h.type.descriptor.sql.BasicExtractor   : extracted value ([date_created3_0_] : [TIMESTAMP]) - [2019-05-23 15:51:51.0]
2019-06-13 17:57:28.290 TRACE 81444 --- [    Test worker] o.h.type.descriptor.sql.BasicExtractor   : extracted value ([is_active4_0_] : [BIT]) - [true]
2019-06-13 17:57:28.290 TRACE 81444 --- [    Test worker] o.h.type.descriptor.sql.BasicExtractor   : extracted value ([last_updated5_0_] : [TIMESTAMP]) - [2019-05-24 14:47:40.0]
2019-06-13 17:57:28.290 TRACE 81444 --- [    Test worker] o.h.type.descriptor.sql.BasicExtractor   : extracted value ([last_updator_id6_0_] : [BIGINT]) - [6]
2019-06-13 17:57:28.290 TRACE 81444 --- [    Test worker] o.h.type.descriptor.sql.BasicExtractor   : extracted value ([my_parent_id7_0_] : [BIGINT]) - [null]
2019-06-13 17:57:28.290 TRACE 81444 --- [    Test worker] o.h.type.descriptor.sql.BasicExtractor   : extracted value ([name8_0_] : [VARCHAR]) - [분석화학전공]
2019-06-13 17:57:28.290 TRACE 81444 --- [    Test worker] o.h.type.descriptor.sql.BasicExtractor   : extracted value ([id1_0_] : [BIGINT]) - [273]
2019-06-13 17:57:28.290 TRACE 81444 --- [    Test worker] o.h.type.descriptor.sql.BasicExtractor   : extracted value ([code2_0_] : [VARCHAR]) - [X5146]
2019-06-13 17:57:28.290 TRACE 81444 --- [    Test worker] o.h.type.descriptor.sql.BasicExtractor   : extracted value ([date_created3_0_] : [TIMESTAMP]) - [2019-05-23 15:51:51.0]
2019-06-13 17:57:28.290 TRACE 81444 --- [    Test worker] o.h.type.descriptor.sql.BasicExtractor   : extracted value ([is_active4_0_] : [BIT]) - [true]
2019-06-13 17:57:28.290 TRACE 81444 --- [    Test worker] o.h.type.descriptor.sql.BasicExtractor   : extracted value ([last_updated5_0_] : [TIMESTAMP]) - [2019-05-24 14:47:49.0]
2019-06-13 17:57:28.290 TRACE 81444 --- [    Test worker] o.h.type.descriptor.sql.BasicExtractor   : extracted value ([last_updator_id6_0_] : [BIGINT]) - [6]
2019-06-13 17:57:28.291 TRACE 81444 --- [    Test worker] o.h.type.descriptor.sql.BasicExtractor   : extracted value ([my_parent_id7_0_] : [BIGINT]) - [null]
2019-06-13 17:57:28.291 TRACE 81444 --- [    Test worker] o.h.type.descriptor.sql.BasicExtractor   : extracted value ([name8_0_] : [VARCHAR]) - [자율전공(자연)]
2019-06-13 17:57:28.291 TRACE 81444 --- [    Test worker] o.h.type.descriptor.sql.BasicExtractor   : extracted value ([id1_0_] : [BIGINT]) - [274]
2019-06-13 17:57:28.291 TRACE 81444 --- [    Test worker] o.h.type.descriptor.sql.BasicExtractor   : extracted value ([code2_0_] : [VARCHAR]) - [X5151]
2019-06-13 17:57:28.291 TRACE 81444 --- [    Test worker] o.h.type.descriptor.sql.BasicExtractor   : extracted value ([date_created3_0_] : [TIMESTAMP]) - [2019-05-23 15:51:51.0]
2019-06-13 17:57:28.291 TRACE 81444 --- [    Test worker] o.h.type.descriptor.sql.BasicExtractor   : extracted value ([is_active4_0_] : [BIT]) - [true]
2019-06-13 17:57:28.292 TRACE 81444 --- [    Test worker] o.h.type.descriptor.sql.BasicExtractor   : extracted value ([last_updated5_0_] : [TIMESTAMP]) - [2019-05-24 14:08:35.0]
2019-06-13 17:57:28.292 TRACE 81444 --- [    Test worker] o.h.type.descriptor.sql.BasicExtractor   : extracted value ([last_updator_id6_0_] : [BIGINT]) - [6]
2019-06-13 17:57:28.292 TRACE 81444 --- [    Test worker] o.h.type.descriptor.sql.BasicExtractor   : extracted value ([my_parent_id7_0_] : [BIGINT]) - [850]
2019-06-13 17:57:28.292 TRACE 81444 --- [    Test worker] o.h.type.descriptor.sql.BasicExtractor   : extracted value ([name8_0_] : [VARCHAR]) - [독어독문학전공]
2019-06-13 17:57:28.292 TRACE 81444 --- [    Test worker] o.h.type.descriptor.sql.BasicExtractor   : extracted value ([id1_0_] : [BIGINT]) - [275]
2019-06-13 17:57:28.292 TRACE 81444 --- [    Test worker] o.h.type.descriptor.sql.BasicExtractor   : extracted value ([code2_0_] : [VARCHAR]) - [X5152]
2019-06-13 17:57:28.292 TRACE 81444 --- [    Test worker] o.h.type.descriptor.sql.BasicExtractor   : extracted value ([date_created3_0_] : [TIMESTAMP]) - [2019-05-23 15:51:52.0]
2019-06-13 17:57:28.292 TRACE 81444 --- [    Test worker] o.h.type.descriptor.sql.BasicExtractor   : extracted value ([is_active4_0_] : [BIT]) - [true]
2019-06-13 17:57:28.292 TRACE 81444 --- [    Test worker] o.h.type.descriptor.sql.BasicExtractor   : extracted value ([last_updated5_0_] : [TIMESTAMP]) - [2019-05-24 14:47:49.0]
2019-06-13 17:57:28.292 TRACE 81444 --- [    Test worker] o.h.type.descriptor.sql.BasicExtractor   : extracted value ([last_updator_id6_0_] : [BIGINT]) - [6]
2019-06-13 17:57:28.292 TRACE 81444 --- [    Test worker] o.h.type.descriptor.sql.BasicExtractor   : extracted value ([my_parent_id7_0_] : [BIGINT]) - [null]
2019-06-13 17:57:28.292 TRACE 81444 --- [    Test worker] o.h.type.descriptor.sql.BasicExtractor   : extracted value ([name8_0_] : [VARCHAR]) - [유럽미디어문화학전공]
2019-06-13 17:57:28.293 TRACE 81444 --- [    Test worker] o.h.type.descriptor.sql.BasicExtractor   : extracted value ([id1_0_] : [BIGINT]) - [276]
2019-06-13 17:57:28.293 TRACE 81444 --- [    Test worker] o.h.type.descriptor.sql.BasicExtractor   : extracted value ([code2_0_] : [VARCHAR]) - [X5153]
2019-06-13 17:57:28.293 TRACE 81444 --- [    Test worker] o.h.type.descriptor.sql.BasicExtractor   : extracted value ([date_created3_0_] : [TIMESTAMP]) - [2019-05-23 15:51:52.0]
2019-06-13 17:57:28.293 TRACE 81444 --- [    Test worker] o.h.type.descriptor.sql.BasicExtractor   : extracted value ([is_active4_0_] : [BIT]) - [true]
2019-06-13 17:57:28.293 TRACE 81444 --- [    Test worker] o.h.type.descriptor.sql.BasicExtractor   : extracted value ([last_updated5_0_] : [TIMESTAMP]) - [2019-05-24 14:08:36.0]
2019-06-13 17:57:28.293 TRACE 81444 --- [    Test worker] o.h.type.descriptor.sql.BasicExtractor   : extracted value ([last_updator_id6_0_] : [BIGINT]) - [6]
2019-06-13 17:57:28.293 TRACE 81444 --- [    Test worker] o.h.type.descriptor.sql.BasicExtractor   : extracted value ([my_parent_id7_0_] : [BIGINT]) - [850]
2019-06-13 17:57:28.293 TRACE 81444 --- [    Test worker] o.h.type.descriptor.sql.BasicExtractor   : extracted value ([name8_0_] : [VARCHAR]) - [미디어문화학전공]
2019-06-13 17:57:28.293 TRACE 81444 --- [    Test worker] o.h.type.descriptor.sql.BasicExtractor   : extracted value ([id1_0_] : [BIGINT]) - [277]
2019-06-13 17:57:28.293 TRACE 81444 --- [    Test worker] o.h.type.descriptor.sql.BasicExtractor   : extracted value ([code2_0_] : [VARCHAR]) - [X5161]
2019-06-13 17:57:28.293 TRACE 81444 --- [    Test worker] o.h.type.descriptor.sql.BasicExtractor   : extracted value ([date_created3_0_] : [TIMESTAMP]) - [2019-05-23 15:51:52.0]
2019-06-13 17:57:28.293 TRACE 81444 --- [    Test worker] o.h.type.descriptor.sql.BasicExtractor   : extracted value ([is_active4_0_] : [BIT]) - [true]
2019-06-13 17:57:28.293 TRACE 81444 --- [    Test worker] o.h.type.descriptor.sql.BasicExtractor   : extracted value ([last_updated5_0_] : [TIMESTAMP]) - [2019-05-24 14:08:36.0]
2019-06-13 17:57:28.293 TRACE 81444 --- [    Test worker] o.h.type.descriptor.sql.BasicExtractor   : extracted value ([last_updator_id6_0_] : [BIGINT]) - [6]
2019-06-13 17:57:28.293 TRACE 81444 --- [    Test worker] o.h.type.descriptor.sql.BasicExtractor   : extracted value ([my_parent_id7_0_] : [BIGINT]) - [852]
2019-06-13 17:57:28.294 TRACE 81444 --- [    Test worker] o.h.type.descriptor.sql.BasicExtractor   : extracted value ([name8_0_] : [VARCHAR]) - [법학전공]
2019-06-13 17:57:28.294 TRACE 81444 --- [    Test worker] o.h.type.descriptor.sql.BasicExtractor   : extracted value ([id1_0_] : [BIGINT]) - [278]
2019-06-13 17:57:28.294 TRACE 81444 --- [    Test worker] o.h.type.descriptor.sql.BasicExtractor   : extracted value ([code2_0_] : [VARCHAR]) - [X5162]
2019-06-13 17:57:28.295 TRACE 81444 --- [    Test worker] o.h.type.descriptor.sql.BasicExtractor   : extracted value ([date_created3_0_] : [TIMESTAMP]) - [2019-05-23 15:51:53.0]
2019-06-13 17:57:28.295 TRACE 81444 --- [    Test worker] o.h.type.descriptor.sql.BasicExtractor   : extracted value ([is_active4_0_] : [BIT]) - [true]
2019-06-13 17:57:28.295 TRACE 81444 --- [    Test worker] o.h.type.descriptor.sql.BasicExtractor   : extracted value ([last_updated5_0_] : [TIMESTAMP]) - [2019-05-24 14:47:50.0]
2019-06-13 17:57:28.295 TRACE 81444 --- [    Test worker] o.h.type.descriptor.sql.BasicExtractor   : extracted value ([last_updator_id6_0_] : [BIGINT]) - [6]
2019-06-13 17:57:28.295 TRACE 81444 --- [    Test worker] o.h.type.descriptor.sql.BasicExtractor   : extracted value ([my_parent_id7_0_] : [BIGINT]) - [null]
2019-06-13 17:57:28.295 TRACE 81444 --- [    Test worker] o.h.type.descriptor.sql.BasicExtractor   : extracted value ([name8_0_] : [VARCHAR]) - [공법전공]
2019-06-13 17:57:28.296 TRACE 81444 --- [    Test worker] o.h.type.descriptor.sql.BasicExtractor   : extracted value ([id1_0_] : [BIGINT]) - [279]
2019-06-13 17:57:28.296 TRACE 81444 --- [    Test worker] o.h.type.descriptor.sql.BasicExtractor   : extracted value ([code2_0_] : [VARCHAR]) - [X5163]
2019-06-13 17:57:28.297 TRACE 81444 --- [    Test worker] o.h.type.descriptor.sql.BasicExtractor   : extracted value ([date_created3_0_] : [TIMESTAMP]) - [2019-05-23 15:51:53.0]
2019-06-13 17:57:28.297 TRACE 81444 --- [    Test worker] o.h.type.descriptor.sql.BasicExtractor   : extracted value ([is_active4_0_] : [BIT]) - [true]
2019-06-13 17:57:28.297 TRACE 81444 --- [    Test worker] o.h.type.descriptor.sql.BasicExtractor   : extracted value ([last_updated5_0_] : [TIMESTAMP]) - [2019-05-24 14:48:06.0]
2019-06-13 17:57:28.297 TRACE 81444 --- [    Test worker] o.h.type.descriptor.sql.BasicExtractor   : extracted value ([last_updator_id6_0_] : [BIGINT]) - [6]
2019-06-13 17:57:28.297 TRACE 81444 --- [    Test worker] o.h.type.descriptor.sql.BasicExtractor   : extracted value ([my_parent_id7_0_] : [BIGINT]) - [null]
2019-06-13 17:57:28.297 TRACE 81444 --- [    Test worker] o.h.type.descriptor.sql.BasicExtractor   : extracted value ([name8_0_] : [VARCHAR]) - [사법전공]
2019-06-13 17:57:28.297 TRACE 81444 --- [    Test worker] o.h.type.descriptor.sql.BasicExtractor   : extracted value ([id1_0_] : [BIGINT]) - [280]
2019-06-13 17:57:28.297 TRACE 81444 --- [    Test worker] o.h.type.descriptor.sql.BasicExtractor   : extracted value ([code2_0_] : [VARCHAR]) - [X5164]
2019-06-13 17:57:28.298 TRACE 81444 --- [    Test worker] o.h.type.descriptor.sql.BasicExtractor   : extracted value ([date_created3_0_] : [TIMESTAMP]) - [2019-05-23 15:51:53.0]
2019-06-13 17:57:28.298 TRACE 81444 --- [    Test worker] o.h.type.descriptor.sql.BasicExtractor   : extracted value ([is_active4_0_] : [BIT]) - [true]
2019-06-13 17:57:28.298 TRACE 81444 --- [    Test worker] o.h.type.descriptor.sql.BasicExtractor   : extracted value ([last_updated5_0_] : [TIMESTAMP]) - [2019-05-24 14:48:07.0]
2019-06-13 17:57:28.298 TRACE 81444 --- [    Test worker] o.h.type.descriptor.sql.BasicExtractor   : extracted value ([last_updator_id6_0_] : [BIGINT]) - [6]
2019-06-13 17:57:28.298 TRACE 81444 --- [    Test worker] o.h.type.descriptor.sql.BasicExtractor   : extracted value ([my_parent_id7_0_] : [BIGINT]) - [null]
2019-06-13 17:57:28.298 TRACE 81444 --- [    Test worker] o.h.type.descriptor.sql.BasicExtractor   : extracted value ([name8_0_] : [VARCHAR]) - [사법행정학전공]
2019-06-13 17:57:28.323 TRACE 81444 --- [    Test worker] o.h.type.descriptor.sql.BasicExtractor   : extracted value ([id1_0_] : [BIGINT]) - [281]
2019-06-13 17:57:28.323 TRACE 81444 --- [    Test worker] o.h.type.descriptor.sql.BasicExtractor   : extracted value ([code2_0_] : [VARCHAR]) - [X5165]
2019-06-13 17:57:28.324 TRACE 81444 --- [    Test worker] o.h.type.descriptor.sql.BasicExtractor   : extracted value ([date_created3_0_] : [TIMESTAMP]) - [2019-05-23 15:51:54.0]
2019-06-13 17:57:28.324 TRACE 81444 --- [    Test worker] o.h.type.descriptor.sql.BasicExtractor   : extracted value ([is_active4_0_] : [BIT]) - [true]
2019-06-13 17:57:28.324 TRACE 81444 --- [    Test worker] o.h.type.descriptor.sql.BasicExtractor   : extracted value ([last_updated5_0_] : [TIMESTAMP]) - [2019-05-24 14:08:37.0]
2019-06-13 17:57:28.324 TRACE 81444 --- [    Test worker] o.h.type.descriptor.sql.BasicExtractor   : extracted value ([last_updator_id6_0_] : [BIGINT]) - [6]
2019-06-13 17:57:28.324 TRACE 81444 --- [    Test worker] o.h.type.descriptor.sql.BasicExtractor   : extracted value ([my_parent_id7_0_] : [BIGINT]) - [852]
2019-06-13 17:57:28.324 TRACE 81444 --- [    Test worker] o.h.type.descriptor.sql.BasicExtractor   : extracted value ([name8_0_] : [VARCHAR]) - [디지털포렌식전공]
2019-06-13 17:57:28.324 TRACE 81444 --- [    Test worker] o.h.type.descriptor.sql.BasicExtractor   : extracted value ([id1_0_] : [BIGINT]) - [282]
2019-06-13 17:57:28.325 TRACE 81444 --- [    Test worker] o.h.type.descriptor.sql.BasicExtractor   : extracted value ([code2_0_] : [VARCHAR]) - [X5166]
2019-06-13 17:57:28.325 TRACE 81444 --- [    Test worker] o.h.type.descriptor.sql.BasicExtractor   : extracted value ([date_created3_0_] : [TIMESTAMP]) - [2019-05-23 15:51:54.0]
2019-06-13 17:57:28.325 TRACE 81444 --- [    Test worker] o.h.type.descriptor.sql.BasicExtractor   : extracted value ([is_active4_0_] : [BIT]) - [true]
2019-06-13 17:57:28.325 TRACE 81444 --- [    Test worker] o.h.type.descriptor.sql.BasicExtractor   : extracted value ([last_updated5_0_] : [TIMESTAMP]) - [2019-05-24 14:48:07.0]
2019-06-13 17:57:28.325 TRACE 81444 --- [    Test worker] o.h.type.descriptor.sql.BasicExtractor   : extracted value ([last_updator_id6_0_] : [BIGINT]) - [6]
2019-06-13 17:57:28.325 TRACE 81444 --- [    Test worker] o.h.type.descriptor.sql.BasicExtractor   : extracted value ([my_parent_id7_0_] : [BIGINT]) - [null]
2019-06-13 17:57:28.325 TRACE 81444 --- [    Test worker] o.h.type.descriptor.sql.BasicExtractor   : extracted value ([name8_0_] : [VARCHAR]) - [상담심리학전공]
2019-06-13 17:57:28.326 TRACE 81444 --- [    Test worker] o.h.type.descriptor.sql.BasicExtractor   : extracted value ([id1_0_] : [BIGINT]) - [283]
2019-06-13 17:57:28.326 TRACE 81444 --- [    Test worker] o.h.type.descriptor.sql.BasicExtractor   : extracted value ([code2_0_] : [VARCHAR]) - [X5167]
2019-06-13 17:57:28.326 TRACE 81444 --- [    Test worker] o.h.type.descriptor.sql.BasicExtractor   : extracted value ([date_created3_0_] : [TIMESTAMP]) - [2019-05-23 15:51:54.0]
2019-06-13 17:57:28.326 TRACE 81444 --- [    Test worker] o.h.type.descriptor.sql.BasicExtractor   : extracted value ([is_active4_0_] : [BIT]) - [true]
2019-06-13 17:57:28.326 TRACE 81444 --- [    Test worker] o.h.type.descriptor.sql.BasicExtractor   : extracted value ([last_updated5_0_] : [TIMESTAMP]) - [2019-05-24 14:48:08.0]
2019-06-13 17:57:28.326 TRACE 81444 --- [    Test worker] o.h.type.descriptor.sql.BasicExtractor   : extracted value ([last_updator_id6_0_] : [BIGINT]) - [6]
2019-06-13 17:57:28.326 TRACE 81444 --- [    Test worker] o.h.type.descriptor.sql.BasicExtractor   : extracted value ([my_parent_id7_0_] : [BIGINT]) - [null]
2019-06-13 17:57:28.326 TRACE 81444 --- [    Test worker] o.h.type.descriptor.sql.BasicExtractor   : extracted value ([name8_0_] : [VARCHAR]) - [부동산법학전공]
2019-06-13 17:57:28.327 TRACE 81444 --- [    Test worker] o.h.type.descriptor.sql.BasicExtractor   : extracted value ([id1_0_] : [BIGINT]) - [284]
2019-06-13 17:57:28.327 TRACE 81444 --- [    Test worker] o.h.type.descriptor.sql.BasicExtractor   : extracted value ([code2_0_] : [VARCHAR]) - [X5171]
2019-06-13 17:57:28.327 TRACE 81444 --- [    Test worker] o.h.type.descriptor.sql.BasicExtractor   : extracted value ([date_created3_0_] : [TIMESTAMP]) - [2019-05-23 15:51:55.0]
2019-06-13 17:57:28.327 TRACE 81444 --- [    Test worker] o.h.type.descriptor.sql.BasicExtractor   : extracted value ([is_active4_0_] : [BIT]) - [true]
2019-06-13 17:57:28.327 TRACE 81444 --- [    Test worker] o.h.type.descriptor.sql.BasicExtractor   : extracted value ([last_updated5_0_] : [TIMESTAMP]) - [2019-05-24 14:48:16.0]
2019-06-13 17:57:28.327 TRACE 81444 --- [    Test worker] o.h.type.descriptor.sql.BasicExtractor   : extracted value ([last_updator_id6_0_] : [BIGINT]) - [6]
2019-06-13 17:57:28.327 TRACE 81444 --- [    Test worker] o.h.type.descriptor.sql.BasicExtractor   : extracted value ([my_parent_id7_0_] : [BIGINT]) - [853]
2019-06-13 17:57:28.327 TRACE 81444 --- [    Test worker] o.h.type.descriptor.sql.BasicExtractor   : extracted value ([name8_0_] : [VARCHAR]) - [전산통계학전공]
2019-06-13 17:57:28.328 TRACE 81444 --- [    Test worker] o.h.type.descriptor.sql.BasicExtractor   : extracted value ([id1_0_] : [BIGINT]) - [285]
2019-06-13 17:57:28.328 TRACE 81444 --- [    Test worker] o.h.type.descriptor.sql.BasicExtractor   : extracted value ([code2_0_] : [VARCHAR]) - [X5172]
2019-06-13 17:57:28.328 TRACE 81444 --- [    Test worker] o.h.type.descriptor.sql.BasicExtractor   : extracted value ([date_created3_0_] : [TIMESTAMP]) - [2019-05-23 15:51:55.0]
2019-06-13 17:57:28.328 TRACE 81444 --- [    Test worker] o.h.type.descriptor.sql.BasicExtractor   : extracted value ([is_active4_0_] : [BIT]) - [true]
2019-06-13 17:57:28.328 TRACE 81444 --- [    Test worker] o.h.type.descriptor.sql.BasicExtractor   : extracted value ([last_updated5_0_] : [TIMESTAMP]) - [2019-05-24 14:48:17.0]
2019-06-13 17:57:28.328 TRACE 81444 --- [    Test worker] o.h.type.descriptor.sql.BasicExtractor   : extracted value ([last_updator_id6_0_] : [BIGINT]) - [6]
2019-06-13 17:57:28.329 TRACE 81444 --- [    Test worker] o.h.type.descriptor.sql.BasicExtractor   : extracted value ([my_parent_id7_0_] : [BIGINT]) - [853]
2019-06-13 17:57:28.329 TRACE 81444 --- [    Test worker] o.h.type.descriptor.sql.BasicExtractor   : extracted value ([name8_0_] : [VARCHAR]) - [전자계산학전공]
2019-06-13 17:57:28.329 TRACE 81444 --- [    Test worker] o.h.type.descriptor.sql.BasicExtractor   : extracted value ([id1_0_] : [BIGINT]) - [286]
2019-06-13 17:57:28.329 TRACE 81444 --- [    Test worker] o.h.type.descriptor.sql.BasicExtractor   : extracted value ([code2_0_] : [VARCHAR]) - [X5173]
2019-06-13 17:57:28.329 TRACE 81444 --- [    Test worker] o.h.type.descriptor.sql.BasicExtractor   : extracted value ([date_created3_0_] : [TIMESTAMP]) - [2019-05-23 15:51:55.0]
2019-06-13 17:57:28.330 TRACE 81444 --- [    Test worker] o.h.type.descriptor.sql.BasicExtractor   : extracted value ([is_active4_0_] : [BIT]) - [true]
2019-06-13 17:57:28.330 TRACE 81444 --- [    Test worker] o.h.type.descriptor.sql.BasicExtractor   : extracted value ([last_updated5_0_] : [TIMESTAMP]) - [2019-05-24 14:08:38.0]
2019-06-13 17:57:28.330 TRACE 81444 --- [    Test worker] o.h.type.descriptor.sql.BasicExtractor   : extracted value ([last_updator_id6_0_] : [BIGINT]) - [6]
2019-06-13 17:57:28.330 TRACE 81444 --- [    Test worker] o.h.type.descriptor.sql.BasicExtractor   : extracted value ([my_parent_id7_0_] : [BIGINT]) - [853]
2019-06-13 17:57:28.330 TRACE 81444 --- [    Test worker] o.h.type.descriptor.sql.BasicExtractor   : extracted value ([name8_0_] : [VARCHAR]) - [컴퓨터과학전공]
2019-06-13 17:57:28.330 TRACE 81444 --- [    Test worker] o.h.type.descriptor.sql.BasicExtractor   : extracted value ([id1_0_] : [BIGINT]) - [287]
2019-06-13 17:57:28.330 TRACE 81444 --- [    Test worker] o.h.type.descriptor.sql.BasicExtractor   : extracted value ([code2_0_] : [VARCHAR]) - [X5174]
2019-06-13 17:57:28.331 TRACE 81444 --- [    Test worker] o.h.type.descriptor.sql.BasicExtractor   : extracted value ([date_created3_0_] : [TIMESTAMP]) - [2019-05-23 15:51:56.0]
2019-06-13 17:57:28.331 TRACE 81444 --- [    Test worker] o.h.type.descriptor.sql.BasicExtractor   : extracted value ([is_active4_0_] : [BIT]) - [true]
2019-06-13 17:57:28.331 TRACE 81444 --- [    Test worker] o.h.type.descriptor.sql.BasicExtractor   : extracted value ([last_updated5_0_] : [TIMESTAMP]) - [2019-05-24 14:08:39.0]
2019-06-13 17:57:28.331 TRACE 81444 --- [    Test worker] o.h.type.descriptor.sql.BasicExtractor   : extracted value ([last_updator_id6_0_] : [BIGINT]) - [6]
2019-06-13 17:57:28.331 TRACE 81444 --- [    Test worker] o.h.type.descriptor.sql.BasicExtractor   : extracted value ([my_parent_id7_0_] : [BIGINT]) - [853]
2019-06-13 17:57:28.331 TRACE 81444 --- [    Test worker] o.h.type.descriptor.sql.BasicExtractor   : extracted value ([name8_0_] : [VARCHAR]) - [컴퓨터정보과학전공]
2019-06-13 17:57:28.332 TRACE 81444 --- [    Test worker] o.h.type.descriptor.sql.BasicExtractor   : extracted value ([id1_0_] : [BIGINT]) - [288]
2019-06-13 17:57:28.333 TRACE 81444 --- [    Test worker] o.h.type.descriptor.sql.BasicExtractor   : extracted value ([code2_0_] : [VARCHAR]) - [X5175]
2019-06-13 17:57:28.333 TRACE 81444 --- [    Test worker] o.h.type.descriptor.sql.BasicExtractor   : extracted value ([date_created3_0_] : [TIMESTAMP]) - [2019-05-23 15:51:56.0]
2019-06-13 17:57:28.333 TRACE 81444 --- [    Test worker] o.h.type.descriptor.sql.BasicExtractor   : extracted value ([is_active4_0_] : [BIT]) - [true]
2019-06-13 17:57:28.334 TRACE 81444 --- [    Test worker] o.h.type.descriptor.sql.BasicExtractor   : extracted value ([last_updated5_0_] : [TIMESTAMP]) - [2019-05-24 14:08:39.0]
2019-06-13 17:57:28.335 TRACE 81444 --- [    Test worker] o.h.type.descriptor.sql.BasicExtractor   : extracted value ([last_updator_id6_0_] : [BIGINT]) - [6]
2019-06-13 17:57:28.335 TRACE 81444 --- [    Test worker] o.h.type.descriptor.sql.BasicExtractor   : extracted value ([my_parent_id7_0_] : [BIGINT]) - [135]
2019-06-13 17:57:28.335 TRACE 81444 --- [    Test worker] o.h.type.descriptor.sql.BasicExtractor   : extracted value ([name8_0_] : [VARCHAR]) - [컴퓨터정보공학전공]
2019-06-13 17:57:28.335 TRACE 81444 --- [    Test worker] o.h.type.descriptor.sql.BasicExtractor   : extracted value ([id1_0_] : [BIGINT]) - [289]
2019-06-13 17:57:28.335 TRACE 81444 --- [    Test worker] o.h.type.descriptor.sql.BasicExtractor   : extracted value ([code2_0_] : [VARCHAR]) - [X5181]
2019-06-13 17:57:28.335 TRACE 81444 --- [    Test worker] o.h.type.descriptor.sql.BasicExtractor   : extracted value ([date_created3_0_] : [TIMESTAMP]) - [2019-05-23 15:51:56.0]
2019-06-13 17:57:28.335 TRACE 81444 --- [    Test worker] o.h.type.descriptor.sql.BasicExtractor   : extracted value ([is_active4_0_] : [BIT]) - [true]
2019-06-13 17:57:28.335 TRACE 81444 --- [    Test worker] o.h.type.descriptor.sql.BasicExtractor   : extracted value ([last_updated5_0_] : [TIMESTAMP]) - [2019-05-24 14:48:18.0]
2019-06-13 17:57:28.335 TRACE 81444 --- [    Test worker] o.h.type.descriptor.sql.BasicExtractor   : extracted value ([last_updator_id6_0_] : [BIGINT]) - [6]
2019-06-13 17:57:28.336 TRACE 81444 --- [    Test worker] o.h.type.descriptor.sql.BasicExtractor   : extracted value ([my_parent_id7_0_] : [BIGINT]) - [853]
2019-06-13 17:57:28.336 TRACE 81444 --- [    Test worker] o.h.type.descriptor.sql.BasicExtractor   : extracted value ([name8_0_] : [VARCHAR]) - [해양개발학전공]
2019-06-13 17:57:28.336 TRACE 81444 --- [    Test worker] o.h.type.descriptor.sql.BasicExtractor   : extracted value ([id1_0_] : [BIGINT]) - [290]
2019-06-13 17:57:28.336 TRACE 81444 --- [    Test worker] o.h.type.descriptor.sql.BasicExtractor   : extracted value ([code2_0_] : [VARCHAR]) - [X5182]
2019-06-13 17:57:28.336 TRACE 81444 --- [    Test worker] o.h.type.descriptor.sql.BasicExtractor   : extracted value ([date_created3_0_] : [TIMESTAMP]) - [2019-05-23 15:51:57.0]
2019-06-13 17:57:28.336 TRACE 81444 --- [    Test worker] o.h.type.descriptor.sql.BasicExtractor   : extracted value ([is_active4_0_] : [BIT]) - [true]
2019-06-13 17:57:28.336 TRACE 81444 --- [    Test worker] o.h.type.descriptor.sql.BasicExtractor   : extracted value ([last_updated5_0_] : [TIMESTAMP]) - [2019-05-24 14:48:18.0]
2019-06-13 17:57:28.336 TRACE 81444 --- [    Test worker] o.h.type.descriptor.sql.BasicExtractor   : extracted value ([last_updator_id6_0_] : [BIGINT]) - [6]
2019-06-13 17:57:28.337 TRACE 81444 --- [    Test worker] o.h.type.descriptor.sql.BasicExtractor   : extracted value ([my_parent_id7_0_] : [BIGINT]) - [855]
2019-06-13 17:57:28.337 TRACE 81444 --- [    Test worker] o.h.type.descriptor.sql.BasicExtractor   : extracted value ([name8_0_] : [VARCHAR]) - [해양자원육성학전공]
2019-06-13 17:57:28.354 TRACE 81444 --- [    Test worker] o.h.type.descriptor.sql.BasicExtractor   : extracted value ([id1_0_] : [BIGINT]) - [291]
2019-06-13 17:57:28.354 TRACE 81444 --- [    Test worker] o.h.type.descriptor.sql.BasicExtractor   : extracted value ([code2_0_] : [VARCHAR]) - [X5183]
2019-06-13 17:57:28.354 TRACE 81444 --- [    Test worker] o.h.type.descriptor.sql.BasicExtractor   : extracted value ([date_created3_0_] : [TIMESTAMP]) - [2019-05-23 15:51:57.0]
2019-06-13 17:57:28.354 TRACE 81444 --- [    Test worker] o.h.type.descriptor.sql.BasicExtractor   : extracted value ([is_active4_0_] : [BIT]) - [true]
2019-06-13 17:57:28.354 TRACE 81444 --- [    Test worker] o.h.type.descriptor.sql.BasicExtractor   : extracted value ([last_updated5_0_] : [TIMESTAMP]) - [2019-05-24 14:08:39.0]
2019-06-13 17:57:28.355 TRACE 81444 --- [    Test worker] o.h.type.descriptor.sql.BasicExtractor   : extracted value ([last_updator_id6_0_] : [BIGINT]) - [6]
2019-06-13 17:57:28.355 TRACE 81444 --- [    Test worker] o.h.type.descriptor.sql.BasicExtractor   : extracted value ([my_parent_id7_0_] : [BIGINT]) - [855]
2019-06-13 17:57:28.355 TRACE 81444 --- [    Test worker] o.h.type.descriptor.sql.BasicExtractor   : extracted value ([name8_0_] : [VARCHAR]) - [해양생명개발전공]
2019-06-13 17:57:28.355 TRACE 81444 --- [    Test worker] o.h.type.descriptor.sql.BasicExtractor   : extracted value ([id1_0_] : [BIGINT]) - [292]
2019-06-13 17:57:28.355 TRACE 81444 --- [    Test worker] o.h.type.descriptor.sql.BasicExtractor   : extracted value ([code2_0_] : [VARCHAR]) - [X5184]
2019-06-13 17:57:28.356 TRACE 81444 --- [    Test worker] o.h.type.descriptor.sql.BasicExtractor   : extracted value ([date_created3_0_] : [TIMESTAMP]) - [2019-05-23 15:51:57.0]
2019-06-13 17:57:28.356 TRACE 81444 --- [    Test worker] o.h.type.descriptor.sql.BasicExtractor   : extracted value ([is_active4_0_] : [BIT]) - [true]
2019-06-13 17:57:28.356 TRACE 81444 --- [    Test worker] o.h.type.descriptor.sql.BasicExtractor   : extracted value ([last_updated5_0_] : [TIMESTAMP]) - [2019-05-24 14:48:19.0]
2019-06-13 17:57:28.356 TRACE 81444 --- [    Test worker] o.h.type.descriptor.sql.BasicExtractor   : extracted value ([last_updator_id6_0_] : [BIGINT]) - [6]
2019-06-13 17:57:28.356 TRACE 81444 --- [    Test worker] o.h.type.descriptor.sql.BasicExtractor   : extracted value ([my_parent_id7_0_] : [BIGINT]) - [null]
2019-06-13 17:57:28.356 TRACE 81444 --- [    Test worker] o.h.type.descriptor.sql.BasicExtractor   : extracted value ([name8_0_] : [VARCHAR]) - [해양생명개발학전공]
2019-06-13 17:57:28.357 TRACE 81444 --- [    Test worker] o.h.type.descriptor.sql.BasicExtractor   : extracted value ([id1_0_] : [BIGINT]) - [293]
2019-06-13 17:57:28.357 TRACE 81444 --- [    Test worker] o.h.type.descriptor.sql.BasicExtractor   : extracted value ([code2_0_] : [VARCHAR]) - [X5191]
2019-06-13 17:57:28.358 TRACE 81444 --- [    Test worker] o.h.type.descriptor.sql.BasicExtractor   : extracted value ([date_created3_0_] : [TIMESTAMP]) - [2019-05-23 15:51:58.0]
2019-06-13 17:57:28.358 TRACE 81444 --- [    Test worker] o.h.type.descriptor.sql.BasicExtractor   : extracted value ([is_active4_0_] : [BIT]) - [true]
2019-06-13 17:57:28.358 TRACE 81444 --- [    Test worker] o.h.type.descriptor.sql.BasicExtractor   : extracted value ([last_updated5_0_] : [TIMESTAMP]) - [2019-05-24 14:08:47.0]
2019-06-13 17:57:28.358 TRACE 81444 --- [    Test worker] o.h.type.descriptor.sql.BasicExtractor   : extracted value ([last_updator_id6_0_] : [BIGINT]) - [6]
2019-06-13 17:57:28.358 TRACE 81444 --- [    Test worker] o.h.type.descriptor.sql.BasicExtractor   : extracted value ([my_parent_id7_0_] : [BIGINT]) - [851]
2019-06-13 17:57:28.358 TRACE 81444 --- [    Test worker] o.h.type.descriptor.sql.BasicExtractor   : extracted value ([name8_0_] : [VARCHAR]) - [산업디자인전공]
2019-06-13 17:57:28.359 TRACE 81444 --- [    Test worker] o.h.type.descriptor.sql.BasicExtractor   : extracted value ([id1_0_] : [BIGINT]) - [294]
2019-06-13 17:57:28.359 TRACE 81444 --- [    Test worker] o.h.type.descriptor.sql.BasicExtractor   : extracted value ([code2_0_] : [VARCHAR]) - [X5192]
2019-06-13 17:57:28.359 TRACE 81444 --- [    Test worker] o.h.type.descriptor.sql.BasicExtractor   : extracted value ([date_created3_0_] : [TIMESTAMP]) - [2019-05-23 15:51:58.0]
2019-06-13 17:57:28.359 TRACE 81444 --- [    Test worker] o.h.type.descriptor.sql.BasicExtractor   : extracted value ([is_active4_0_] : [BIT]) - [true]
2019-06-13 17:57:28.359 TRACE 81444 --- [    Test worker] o.h.type.descriptor.sql.BasicExtractor   : extracted value ([last_updated5_0_] : [TIMESTAMP]) - [2019-05-24 14:48:20.0]
2019-06-13 17:57:28.359 TRACE 81444 --- [    Test worker] o.h.type.descriptor.sql.BasicExtractor   : extracted value ([last_updator_id6_0_] : [BIGINT]) - [6]
2019-06-13 17:57:28.359 TRACE 81444 --- [    Test worker] o.h.type.descriptor.sql.BasicExtractor   : extracted value ([my_parent_id7_0_] : [BIGINT]) - [null]
2019-06-13 17:57:28.359 TRACE 81444 --- [    Test worker] o.h.type.descriptor.sql.BasicExtractor   : extracted value ([name8_0_] : [VARCHAR]) - [디자인전공]
2019-06-13 17:57:28.360 TRACE 81444 --- [    Test worker] o.h.type.descriptor.sql.BasicExtractor   : extracted value ([id1_0_] : [BIGINT]) - [295]
2019-06-13 17:57:28.360 TRACE 81444 --- [    Test worker] o.h.type.descriptor.sql.BasicExtractor   : extracted value ([code2_0_] : [VARCHAR]) - [X5201]
2019-06-13 17:57:28.360 TRACE 81444 --- [    Test worker] o.h.type.descriptor.sql.BasicExtractor   : extracted value ([date_created3_0_] : [TIMESTAMP]) - [2019-05-23 15:51:59.0]
2019-06-13 17:57:28.360 TRACE 81444 --- [    Test worker] o.h.type.descriptor.sql.BasicExtractor   : extracted value ([is_active4_0_] : [BIT]) - [true]
2019-06-13 17:57:28.360 TRACE 81444 --- [    Test worker] o.h.type.descriptor.sql.BasicExtractor   : extracted value ([last_updated5_0_] : [TIMESTAMP]) - [2019-05-24 14:08:48.0]
2019-06-13 17:57:28.360 TRACE 81444 --- [    Test worker] o.h.type.descriptor.sql.BasicExtractor   : extracted value ([last_updator_id6_0_] : [BIGINT]) - [6]
2019-06-13 17:57:28.360 TRACE 81444 --- [    Test worker] o.h.type.descriptor.sql.BasicExtractor   : extracted value ([my_parent_id7_0_] : [BIGINT]) - [125]
2019-06-13 17:57:28.361 TRACE 81444 --- [    Test worker] o.h.type.descriptor.sql.BasicExtractor   : extracted value ([name8_0_] : [VARCHAR]) - [경제학전공]
2019-06-13 17:57:28.361 TRACE 81444 --- [    Test worker] o.h.type.descriptor.sql.BasicExtractor   : extracted value ([id1_0_] : [BIGINT]) - [296]
2019-06-13 17:57:28.361 TRACE 81444 --- [    Test worker] o.h.type.descriptor.sql.BasicExtractor   : extracted value ([code2_0_] : [VARCHAR]) - [X5202]
2019-06-13 17:57:28.361 TRACE 81444 --- [    Test worker] o.h.type.descriptor.sql.BasicExtractor   : extracted value ([date_created3_0_] : [TIMESTAMP]) - [2019-05-23 15:51:59.0]
2019-06-13 17:57:28.361 TRACE 81444 --- [    Test worker] o.h.type.descriptor.sql.BasicExtractor   : extracted value ([is_active4_0_] : [BIT]) - [true]
2019-06-13 17:57:28.361 TRACE 81444 --- [    Test worker] o.h.type.descriptor.sql.BasicExtractor   : extracted value ([last_updated5_0_] : [TIMESTAMP]) - [2019-05-24 14:48:20.0]
2019-06-13 17:57:28.361 TRACE 81444 --- [    Test worker] o.h.type.descriptor.sql.BasicExtractor   : extracted value ([last_updator_id6_0_] : [BIGINT]) - [6]
2019-06-13 17:57:28.362 TRACE 81444 --- [    Test worker] o.h.type.descriptor.sql.BasicExtractor   : extracted value ([my_parent_id7_0_] : [BIGINT]) - [null]
2019-06-13 17:57:28.362 TRACE 81444 --- [    Test worker] o.h.type.descriptor.sql.BasicExtractor   : extracted value ([name8_0_] : [VARCHAR]) - [경제이론학전공]
2019-06-13 17:57:28.362 TRACE 81444 --- [    Test worker] o.h.type.descriptor.sql.BasicExtractor   : extracted value ([id1_0_] : [BIGINT]) - [297]
2019-06-13 17:57:28.362 TRACE 81444 --- [    Test worker] o.h.type.descriptor.sql.BasicExtractor   : extracted value ([code2_0_] : [VARCHAR]) - [X5203]
2019-06-13 17:57:28.362 TRACE 81444 --- [    Test worker] o.h.type.descriptor.sql.BasicExtractor   : extracted value ([date_created3_0_] : [TIMESTAMP]) - [2019-05-23 15:51:59.0]
2019-06-13 17:57:28.363 TRACE 81444 --- [    Test worker] o.h.type.descriptor.sql.BasicExtractor   : extracted value ([is_active4_0_] : [BIT]) - [true]
2019-06-13 17:57:28.363 TRACE 81444 --- [    Test worker] o.h.type.descriptor.sql.BasicExtractor   : extracted value ([last_updated5_0_] : [TIMESTAMP]) - [2019-05-24 14:48:22.0]
2019-06-13 17:57:28.363 TRACE 81444 --- [    Test worker] o.h.type.descriptor.sql.BasicExtractor   : extracted value ([last_updator_id6_0_] : [BIGINT]) - [6]
2019-06-13 17:57:28.363 TRACE 81444 --- [    Test worker] o.h.type.descriptor.sql.BasicExtractor   : extracted value ([my_parent_id7_0_] : [BIGINT]) - [null]
2019-06-13 17:57:28.364 TRACE 81444 --- [    Test worker] o.h.type.descriptor.sql.BasicExtractor   : extracted value ([name8_0_] : [VARCHAR]) - [경제정책학전공]
2019-06-13 17:57:28.364 TRACE 81444 --- [    Test worker] o.h.type.descriptor.sql.BasicExtractor   : extracted value ([id1_0_] : [BIGINT]) - [298]
2019-06-13 17:57:28.365 TRACE 81444 --- [    Test worker] o.h.type.descriptor.sql.BasicExtractor   : extracted value ([code2_0_] : [VARCHAR]) - [X5204]
2019-06-13 17:57:28.365 TRACE 81444 --- [    Test worker] o.h.type.descriptor.sql.BasicExtractor   : extracted value ([date_created3_0_] : [TIMESTAMP]) - [2019-05-23 15:52:00.0]
2019-06-13 17:57:28.365 TRACE 81444 --- [    Test worker] o.h.type.descriptor.sql.BasicExtractor   : extracted value ([is_active4_0_] : [BIT]) - [true]
2019-06-13 17:57:28.365 TRACE 81444 --- [    Test worker] o.h.type.descriptor.sql.BasicExtractor   : extracted value ([last_updated5_0_] : [TIMESTAMP]) - [2019-05-24 14:48:22.0]
2019-06-13 17:57:28.365 TRACE 81444 --- [    Test worker] o.h.type.descriptor.sql.BasicExtractor   : extracted value ([last_updator_id6_0_] : [BIGINT]) - [6]
2019-06-13 17:57:28.365 TRACE 81444 --- [    Test worker] o.h.type.descriptor.sql.BasicExtractor   : extracted value ([my_parent_id7_0_] : [BIGINT]) - [null]
2019-06-13 17:57:28.365 TRACE 81444 --- [    Test worker] o.h.type.descriptor.sql.BasicExtractor   : extracted value ([name8_0_] : [VARCHAR]) - [경제사전공]
2019-06-13 17:57:28.366 TRACE 81444 --- [    Test worker] o.h.type.descriptor.sql.BasicExtractor   : extracted value ([id1_0_] : [BIGINT]) - [299]
2019-06-13 17:57:28.366 TRACE 81444 --- [    Test worker] o.h.type.descriptor.sql.BasicExtractor   : extracted value ([code2_0_] : [VARCHAR]) - [X5205]
2019-06-13 17:57:28.366 TRACE 81444 --- [    Test worker] o.h.type.descriptor.sql.BasicExtractor   : extracted value ([date_created3_0_] : [TIMESTAMP]) - [2019-05-23 15:52:00.0]
2019-06-13 17:57:28.366 TRACE 81444 --- [    Test worker] o.h.type.descriptor.sql.BasicExtractor   : extracted value ([is_active4_0_] : [BIT]) - [true]
2019-06-13 17:57:28.366 TRACE 81444 --- [    Test worker] o.h.type.descriptor.sql.BasicExtractor   : extracted value ([last_updated5_0_] : [TIMESTAMP]) - [2019-05-24 14:48:22.0]
2019-06-13 17:57:28.366 TRACE 81444 --- [    Test worker] o.h.type.descriptor.sql.BasicExtractor   : extracted value ([last_updator_id6_0_] : [BIGINT]) - [6]
2019-06-13 17:57:28.366 TRACE 81444 --- [    Test worker] o.h.type.descriptor.sql.BasicExtractor   : extracted value ([my_parent_id7_0_] : [BIGINT]) - [null]
2019-06-13 17:57:28.366 TRACE 81444 --- [    Test worker] o.h.type.descriptor.sql.BasicExtractor   : extracted value ([name8_0_] : [VARCHAR]) - [지역경제이론전공]
2019-06-13 17:57:28.367 TRACE 81444 --- [    Test worker] o.h.type.descriptor.sql.BasicExtractor   : extracted value ([id1_0_] : [BIGINT]) - [300]
2019-06-13 17:57:28.367 TRACE 81444 --- [    Test worker] o.h.type.descriptor.sql.BasicExtractor   : extracted value ([code2_0_] : [VARCHAR]) - [X5206]
2019-06-13 17:57:28.367 TRACE 81444 --- [    Test worker] o.h.type.descriptor.sql.BasicExtractor   : extracted value ([date_created3_0_] : [TIMESTAMP]) - [2019-05-23 15:52:00.0]
2019-06-13 17:57:28.367 TRACE 81444 --- [    Test worker] o.h.type.descriptor.sql.BasicExtractor   : extracted value ([is_active4_0_] : [BIT]) - [true]
2019-06-13 17:57:28.367 TRACE 81444 --- [    Test worker] o.h.type.descriptor.sql.BasicExtractor   : extracted value ([last_updated5_0_] : [TIMESTAMP]) - [2019-05-24 14:48:23.0]
2019-06-13 17:57:28.367 TRACE 81444 --- [    Test worker] o.h.type.descriptor.sql.BasicExtractor   : extracted value ([last_updator_id6_0_] : [BIGINT]) - [6]
2019-06-13 17:57:28.367 TRACE 81444 --- [    Test worker] o.h.type.descriptor.sql.BasicExtractor   : extracted value ([my_parent_id7_0_] : [BIGINT]) - [null]
2019-06-13 17:57:28.367 TRACE 81444 --- [    Test worker] o.h.type.descriptor.sql.BasicExtractor   : extracted value ([name8_0_] : [VARCHAR]) - [지역경제정책전공]
2019-06-13 17:57:28.385 TRACE 81444 --- [    Test worker] o.h.type.descriptor.sql.BasicExtractor   : extracted value ([id1_0_] : [BIGINT]) - [301]
2019-06-13 17:57:28.385 TRACE 81444 --- [    Test worker] o.h.type.descriptor.sql.BasicExtractor   : extracted value ([code2_0_] : [VARCHAR]) - [X5207]
2019-06-13 17:57:28.385 TRACE 81444 --- [    Test worker] o.h.type.descriptor.sql.BasicExtractor   : extracted value ([date_created3_0_] : [TIMESTAMP]) - [2019-05-23 15:52:01.0]
2019-06-13 17:57:28.385 TRACE 81444 --- [    Test worker] o.h.type.descriptor.sql.BasicExtractor   : extracted value ([is_active4_0_] : [BIT]) - [true]
2019-06-13 17:57:28.386 TRACE 81444 --- [    Test worker] o.h.type.descriptor.sql.BasicExtractor   : extracted value ([last_updated5_0_] : [TIMESTAMP]) - [2019-05-24 14:48:23.0]
2019-06-13 17:57:28.386 TRACE 81444 --- [    Test worker] o.h.type.descriptor.sql.BasicExtractor   : extracted value ([last_updator_id6_0_] : [BIGINT]) - [6]
2019-06-13 17:57:28.386 TRACE 81444 --- [    Test worker] o.h.type.descriptor.sql.BasicExtractor   : extracted value ([my_parent_id7_0_] : [BIGINT]) - [null]
2019-06-13 17:57:28.386 TRACE 81444 --- [    Test worker] o.h.type.descriptor.sql.BasicExtractor   : extracted value ([name8_0_] : [VARCHAR]) - [지역경제사전공]
2019-06-13 17:57:28.386 TRACE 81444 --- [    Test worker] o.h.type.descriptor.sql.BasicExtractor   : extracted value ([id1_0_] : [BIGINT]) - [302]
2019-06-13 17:57:28.386 TRACE 81444 --- [    Test worker] o.h.type.descriptor.sql.BasicExtractor   : extracted value ([code2_0_] : [VARCHAR]) - [X5208]
2019-06-13 17:57:28.386 TRACE 81444 --- [    Test worker] o.h.type.descriptor.sql.BasicExtractor   : extracted value ([date_created3_0_] : [TIMESTAMP]) - [2019-05-23 15:52:01.0]
2019-06-13 17:57:28.386 TRACE 81444 --- [    Test worker] o.h.type.descriptor.sql.BasicExtractor   : extracted value ([is_active4_0_] : [BIT]) - [true]
2019-06-13 17:57:28.386 TRACE 81444 --- [    Test worker] o.h.type.descriptor.sql.BasicExtractor   : extracted value ([last_updated5_0_] : [TIMESTAMP]) - [2019-05-24 14:48:23.0]
2019-06-13 17:57:28.386 TRACE 81444 --- [    Test worker] o.h.type.descriptor.sql.BasicExtractor   : extracted value ([last_updator_id6_0_] : [BIGINT]) - [6]
2019-06-13 17:57:28.387 TRACE 81444 --- [    Test worker] o.h.type.descriptor.sql.BasicExtractor   : extracted value ([my_parent_id7_0_] : [BIGINT]) - [null]
2019-06-13 17:57:28.387 TRACE 81444 --- [    Test worker] o.h.type.descriptor.sql.BasicExtractor   : extracted value ([name8_0_] : [VARCHAR]) - [경제통상학전공]
2019-06-13 17:57:28.387 TRACE 81444 --- [    Test worker] o.h.type.descriptor.sql.BasicExtractor   : extracted value ([id1_0_] : [BIGINT]) - [303]
2019-06-13 17:57:28.387 TRACE 81444 --- [    Test worker] o.h.type.descriptor.sql.BasicExtractor   : extracted value ([code2_0_] : [VARCHAR]) - [X5211]
2019-06-13 17:57:28.387 TRACE 81444 --- [    Test worker] o.h.type.descriptor.sql.BasicExtractor   : extracted value ([date_created3_0_] : [TIMESTAMP]) - [2019-05-23 15:52:01.0]
2019-06-13 17:57:28.387 TRACE 81444 --- [    Test worker] o.h.type.descriptor.sql.BasicExtractor   : extracted value ([is_active4_0_] : [BIT]) - [true]
2019-06-13 17:57:28.387 TRACE 81444 --- [    Test worker] o.h.type.descriptor.sql.BasicExtractor   : extracted value ([last_updated5_0_] : [TIMESTAMP]) - [2019-05-24 14:08:57.0]
2019-06-13 17:57:28.388 TRACE 81444 --- [    Test worker] o.h.type.descriptor.sql.BasicExtractor   : extracted value ([last_updator_id6_0_] : [BIGINT]) - [6]
2019-06-13 17:57:28.388 TRACE 81444 --- [    Test worker] o.h.type.descriptor.sql.BasicExtractor   : extracted value ([my_parent_id7_0_] : [BIGINT]) - [853]
2019-06-13 17:57:28.388 TRACE 81444 --- [    Test worker] o.h.type.descriptor.sql.BasicExtractor   : extracted value ([name8_0_] : [VARCHAR]) - [해양공학전공]
2019-06-13 17:57:28.388 TRACE 81444 --- [    Test worker] o.h.type.descriptor.sql.BasicExtractor   : extracted value ([id1_0_] : [BIGINT]) - [304]
2019-06-13 17:57:28.388 TRACE 81444 --- [    Test worker] o.h.type.descriptor.sql.BasicExtractor   : extracted value ([code2_0_] : [VARCHAR]) - [X5221]
2019-06-13 17:57:28.388 TRACE 81444 --- [    Test worker] o.h.type.descriptor.sql.BasicExtractor   : extracted value ([date_created3_0_] : [TIMESTAMP]) - [2019-05-23 15:52:02.0]
2019-06-13 17:57:28.388 TRACE 81444 --- [    Test worker] o.h.type.descriptor.sql.BasicExtractor   : extracted value ([is_active4_0_] : [BIT]) - [true]
2019-06-13 17:57:28.389 TRACE 81444 --- [    Test worker] o.h.type.descriptor.sql.BasicExtractor   : extracted value ([last_updated5_0_] : [TIMESTAMP]) - [2019-05-24 14:08:57.0]
2019-06-13 17:57:28.389 TRACE 81444 --- [    Test worker] o.h.type.descriptor.sql.BasicExtractor   : extracted value ([last_updator_id6_0_] : [BIGINT]) - [6]
2019-06-13 17:57:28.389 TRACE 81444 --- [    Test worker] o.h.type.descriptor.sql.BasicExtractor   : extracted value ([my_parent_id7_0_] : [BIGINT]) - [853]
2019-06-13 17:57:28.389 TRACE 81444 --- [    Test worker] o.h.type.descriptor.sql.BasicExtractor   : extracted value ([name8_0_] : [VARCHAR]) - [해양학전공]
2019-06-13 17:57:28.389 TRACE 81444 --- [    Test worker] o.h.type.descriptor.sql.BasicExtractor   : extracted value ([id1_0_] : [BIGINT]) - [305]
2019-06-13 17:57:28.389 TRACE 81444 --- [    Test worker] o.h.type.descriptor.sql.BasicExtractor   : extracted value ([code2_0_] : [VARCHAR]) - [X5222]
2019-06-13 17:57:28.389 TRACE 81444 --- [    Test worker] o.h.type.descriptor.sql.BasicExtractor   : extracted value ([date_created3_0_] : [TIMESTAMP]) - [2019-05-23 15:52:02.0]
2019-06-13 17:57:28.390 TRACE 81444 --- [    Test worker] o.h.type.descriptor.sql.BasicExtractor   : extracted value ([is_active4_0_] : [BIT]) - [true]
2019-06-13 17:57:28.390 TRACE 81444 --- [    Test worker] o.h.type.descriptor.sql.BasicExtractor   : extracted value ([last_updated5_0_] : [TIMESTAMP]) - [2019-05-24 14:08:58.0]
2019-06-13 17:57:28.390 TRACE 81444 --- [    Test worker] o.h.type.descriptor.sql.BasicExtractor   : extracted value ([last_updator_id6_0_] : [BIGINT]) - [6]
2019-06-13 17:57:28.390 TRACE 81444 --- [    Test worker] o.h.type.descriptor.sql.BasicExtractor   : extracted value ([my_parent_id7_0_] : [BIGINT]) - [853]
2019-06-13 17:57:28.390 TRACE 81444 --- [    Test worker] o.h.type.descriptor.sql.BasicExtractor   : extracted value ([name8_0_] : [VARCHAR]) - [해양정보과학전공]
2019-06-13 17:57:28.390 TRACE 81444 --- [    Test worker] o.h.type.descriptor.sql.BasicExtractor   : extracted value ([id1_0_] : [BIGINT]) - [306]
2019-06-13 17:57:28.390 TRACE 81444 --- [    Test worker] o.h.type.descriptor.sql.BasicExtractor   : extracted value ([code2_0_] : [VARCHAR]) - [X5223]
2019-06-13 17:57:28.391 TRACE 81444 --- [    Test worker] o.h.type.descriptor.sql.BasicExtractor   : extracted value ([date_created3_0_] : [TIMESTAMP]) - [2019-05-23 15:52:02.0]
2019-06-13 17:57:28.391 TRACE 81444 --- [    Test worker] o.h.type.descriptor.sql.BasicExtractor   : extracted value ([is_active4_0_] : [BIT]) - [true]
2019-06-13 17:57:28.391 TRACE 81444 --- [    Test worker] o.h.type.descriptor.sql.BasicExtractor   : extracted value ([last_updated5_0_] : [TIMESTAMP]) - [2019-05-24 14:48:24.0]
2019-06-13 17:57:28.391 TRACE 81444 --- [    Test worker] o.h.type.descriptor.sql.BasicExtractor   : extracted value ([last_updator_id6_0_] : [BIGINT]) - [6]
2019-06-13 17:57:28.391 TRACE 81444 --- [    Test worker] o.h.type.descriptor.sql.BasicExtractor   : extracted value ([my_parent_id7_0_] : [BIGINT]) - [null]
2019-06-13 17:57:28.391 TRACE 81444 --- [    Test worker] o.h.type.descriptor.sql.BasicExtractor   : extracted value ([name8_0_] : [VARCHAR]) - [물리해양학전공]
2019-06-13 17:57:28.391 TRACE 81444 --- [    Test worker] o.h.type.descriptor.sql.BasicExtractor   : extracted value ([id1_0_] : [BIGINT]) - [307]
2019-06-13 17:57:28.391 TRACE 81444 --- [    Test worker] o.h.type.descriptor.sql.BasicExtractor   : extracted value ([code2_0_] : [VARCHAR]) - [X5224]
2019-06-13 17:57:28.391 TRACE 81444 --- [    Test worker] o.h.type.descriptor.sql.BasicExtractor   : extracted value ([date_created3_0_] : [TIMESTAMP]) - [2019-05-23 15:52:03.0]
2019-06-13 17:57:28.392 TRACE 81444 --- [    Test worker] o.h.type.descriptor.sql.BasicExtractor   : extracted value ([is_active4_0_] : [BIT]) - [true]
2019-06-13 17:57:28.392 TRACE 81444 --- [    Test worker] o.h.type.descriptor.sql.BasicExtractor   : extracted value ([last_updated5_0_] : [TIMESTAMP]) - [2019-05-24 14:48:25.0]
2019-06-13 17:57:28.392 TRACE 81444 --- [    Test worker] o.h.type.descriptor.sql.BasicExtractor   : extracted value ([last_updator_id6_0_] : [BIGINT]) - [6]
2019-06-13 17:57:28.392 TRACE 81444 --- [    Test worker] o.h.type.descriptor.sql.BasicExtractor   : extracted value ([my_parent_id7_0_] : [BIGINT]) - [null]
2019-06-13 17:57:28.392 TRACE 81444 --- [    Test worker] o.h.type.descriptor.sql.BasicExtractor   : extracted value ([name8_0_] : [VARCHAR]) - [화학해양학전공]
2019-06-13 17:57:28.392 TRACE 81444 --- [    Test worker] o.h.type.descriptor.sql.BasicExtractor   : extracted value ([id1_0_] : [BIGINT]) - [308]
2019-06-13 17:57:28.392 TRACE 81444 --- [    Test worker] o.h.type.descriptor.sql.BasicExtractor   : extracted value ([code2_0_] : [VARCHAR]) - [X5225]
2019-06-13 17:57:28.392 TRACE 81444 --- [    Test worker] o.h.type.descriptor.sql.BasicExtractor   : extracted value ([date_created3_0_] : [TIMESTAMP]) - [2019-05-23 15:52:03.0]
2019-06-13 17:57:28.393 TRACE 81444 --- [    Test worker] o.h.type.descriptor.sql.BasicExtractor   : extracted value ([is_active4_0_] : [BIT]) - [true]
2019-06-13 17:57:28.393 TRACE 81444 --- [    Test worker] o.h.type.descriptor.sql.BasicExtractor   : extracted value ([last_updated5_0_] : [TIMESTAMP]) - [2019-05-24 14:48:25.0]
2019-06-13 17:57:28.393 TRACE 81444 --- [    Test worker] o.h.type.descriptor.sql.BasicExtractor   : extracted value ([last_updator_id6_0_] : [BIGINT]) - [6]
2019-06-13 17:57:28.393 TRACE 81444 --- [    Test worker] o.h.type.descriptor.sql.BasicExtractor   : extracted value ([my_parent_id7_0_] : [BIGINT]) - [null]
2019-06-13 17:57:28.393 TRACE 81444 --- [    Test worker] o.h.type.descriptor.sql.BasicExtractor   : extracted value ([name8_0_] : [VARCHAR]) - [생물해양학전공]
2019-06-13 17:57:28.393 TRACE 81444 --- [    Test worker] o.h.type.descriptor.sql.BasicExtractor   : extracted value ([id1_0_] : [BIGINT]) - [309]
2019-06-13 17:57:28.393 TRACE 81444 --- [    Test worker] o.h.type.descriptor.sql.BasicExtractor   : extracted value ([code2_0_] : [VARCHAR]) - [X5226]
2019-06-13 17:57:28.393 TRACE 81444 --- [    Test worker] o.h.type.descriptor.sql.BasicExtractor   : extracted value ([date_created3_0_] : [TIMESTAMP]) - [2019-05-23 15:52:03.0]
2019-06-13 17:57:28.393 TRACE 81444 --- [    Test worker] o.h.type.descriptor.sql.BasicExtractor   : extracted value ([is_active4_0_] : [BIT]) - [true]
2019-06-13 17:57:28.394 TRACE 81444 --- [    Test worker] o.h.type.descriptor.sql.BasicExtractor   : extracted value ([last_updated5_0_] : [TIMESTAMP]) - [2019-05-24 14:48:25.0]
2019-06-13 17:57:28.394 TRACE 81444 --- [    Test worker] o.h.type.descriptor.sql.BasicExtractor   : extracted value ([last_updator_id6_0_] : [BIGINT]) - [6]
2019-06-13 17:57:28.394 TRACE 81444 --- [    Test worker] o.h.type.descriptor.sql.BasicExtractor   : extracted value ([my_parent_id7_0_] : [BIGINT]) - [null]
2019-06-13 17:57:28.394 TRACE 81444 --- [    Test worker] o.h.type.descriptor.sql.BasicExtractor   : extracted value ([name8_0_] : [VARCHAR]) - [지질해양학전공]
2019-06-13 17:57:28.394 TRACE 81444 --- [    Test worker] o.h.type.descriptor.sql.BasicExtractor   : extracted value ([id1_0_] : [BIGINT]) - [310]
2019-06-13 17:57:28.394 TRACE 81444 --- [    Test worker] o.h.type.descriptor.sql.BasicExtractor   : extracted value ([code2_0_] : [VARCHAR]) - [X5227]
2019-06-13 17:57:28.394 TRACE 81444 --- [    Test worker] o.h.type.descriptor.sql.BasicExtractor   : extracted value ([date_created3_0_] : [TIMESTAMP]) - [2019-05-23 15:52:04.0]
2019-06-13 17:57:28.394 TRACE 81444 --- [    Test worker] o.h.type.descriptor.sql.BasicExtractor   : extracted value ([is_active4_0_] : [BIT]) - [true]
2019-06-13 17:57:28.395 TRACE 81444 --- [    Test worker] o.h.type.descriptor.sql.BasicExtractor   : extracted value ([last_updated5_0_] : [TIMESTAMP]) - [2019-05-24 14:48:26.0]
2019-06-13 17:57:28.395 TRACE 81444 --- [    Test worker] o.h.type.descriptor.sql.BasicExtractor   : extracted value ([last_updator_id6_0_] : [BIGINT]) - [6]
2019-06-13 17:57:28.395 TRACE 81444 --- [    Test worker] o.h.type.descriptor.sql.BasicExtractor   : extracted value ([my_parent_id7_0_] : [BIGINT]) - [null]
2019-06-13 17:57:28.395 TRACE 81444 --- [    Test worker] o.h.type.descriptor.sql.BasicExtractor   : extracted value ([name8_0_] : [VARCHAR]) - [생물ㆍ화학해양학전공]
2019-06-13 17:57:28.414 TRACE 81444 --- [    Test worker] o.h.type.descriptor.sql.BasicExtractor   : extracted value ([id1_0_] : [BIGINT]) - [311]
2019-06-13 17:57:28.414 TRACE 81444 --- [    Test worker] o.h.type.descriptor.sql.BasicExtractor   : extracted value ([code2_0_] : [VARCHAR]) - [X5228]
2019-06-13 17:57:28.414 TRACE 81444 --- [    Test worker] o.h.type.descriptor.sql.BasicExtractor   : extracted value ([date_created3_0_] : [TIMESTAMP]) - [2019-05-23 15:52:04.0]
2019-06-13 17:57:28.414 TRACE 81444 --- [    Test worker] o.h.type.descriptor.sql.BasicExtractor   : extracted value ([is_active4_0_] : [BIT]) - [true]
2019-06-13 17:57:28.414 TRACE 81444 --- [    Test worker] o.h.type.descriptor.sql.BasicExtractor   : extracted value ([last_updated5_0_] : [TIMESTAMP]) - [2019-05-24 14:48:26.0]
2019-06-13 17:57:28.415 TRACE 81444 --- [    Test worker] o.h.type.descriptor.sql.BasicExtractor   : extracted value ([last_updator_id6_0_] : [BIGINT]) - [6]
2019-06-13 17:57:28.415 TRACE 81444 --- [    Test worker] o.h.type.descriptor.sql.BasicExtractor   : extracted value ([my_parent_id7_0_] : [BIGINT]) - [null]
2019-06-13 17:57:28.415 TRACE 81444 --- [    Test worker] o.h.type.descriptor.sql.BasicExtractor   : extracted value ([name8_0_] : [VARCHAR]) - [물리ㆍ지질해양학전공]
2019-06-13 17:57:28.415 TRACE 81444 --- [    Test worker] o.h.type.descriptor.sql.BasicExtractor   : extracted value ([id1_0_] : [BIGINT]) - [312]
2019-06-13 17:57:28.415 TRACE 81444 --- [    Test worker] o.h.type.descriptor.sql.BasicExtractor   : extracted value ([code2_0_] : [VARCHAR]) - [X5231]
2019-06-13 17:57:28.415 TRACE 81444 --- [    Test worker] o.h.type.descriptor.sql.BasicExtractor   : extracted value ([date_created3_0_] : [TIMESTAMP]) - [2019-05-23 15:52:04.0]
2019-06-13 17:57:28.415 TRACE 81444 --- [    Test worker] o.h.type.descriptor.sql.BasicExtractor   : extracted value ([is_active4_0_] : [BIT]) - [true]
2019-06-13 17:57:28.415 TRACE 81444 --- [    Test worker] o.h.type.descriptor.sql.BasicExtractor   : extracted value ([last_updated5_0_] : [TIMESTAMP]) - [2019-05-24 14:09:09.0]
2019-06-13 17:57:28.416 TRACE 81444 --- [    Test worker] o.h.type.descriptor.sql.BasicExtractor   : extracted value ([last_updator_id6_0_] : [BIGINT]) - [6]
2019-06-13 17:57:28.416 TRACE 81444 --- [    Test worker] o.h.type.descriptor.sql.BasicExtractor   : extracted value ([my_parent_id7_0_] : [BIGINT]) - [131]
2019-06-13 17:57:28.416 TRACE 81444 --- [    Test worker] o.h.type.descriptor.sql.BasicExtractor   : extracted value ([name8_0_] : [VARCHAR]) - [식품영양학전공]
2019-06-13 17:57:28.416 TRACE 81444 --- [    Test worker] o.h.type.descriptor.sql.BasicExtractor   : extracted value ([id1_0_] : [BIGINT]) - [313]
2019-06-13 17:57:28.416 TRACE 81444 --- [    Test worker] o.h.type.descriptor.sql.BasicExtractor   : extracted value ([code2_0_] : [VARCHAR]) - [X5241]
2019-06-13 17:57:28.416 TRACE 81444 --- [    Test worker] o.h.type.descriptor.sql.BasicExtractor   : extracted value ([date_created3_0_] : [TIMESTAMP]) - [2019-05-23 15:52:05.0]
2019-06-13 17:57:28.416 TRACE 81444 --- [    Test worker] o.h.type.descriptor.sql.BasicExtractor   : extracted value ([is_active4_0_] : [BIT]) - [true]
2019-06-13 17:57:28.417 TRACE 81444 --- [    Test worker] o.h.type.descriptor.sql.BasicExtractor   : extracted value ([last_updated5_0_] : [TIMESTAMP]) - [2019-05-24 14:09:09.0]
2019-06-13 17:57:28.417 TRACE 81444 --- [    Test worker] o.h.type.descriptor.sql.BasicExtractor   : extracted value ([last_updator_id6_0_] : [BIGINT]) - [6]
2019-06-13 17:57:28.417 TRACE 81444 --- [    Test worker] o.h.type.descriptor.sql.BasicExtractor   : extracted value ([my_parent_id7_0_] : [BIGINT]) - [854]
2019-06-13 17:57:28.417 TRACE 81444 --- [    Test worker] o.h.type.descriptor.sql.BasicExtractor   : extracted value ([name8_0_] : [VARCHAR]) - [전자공학전공]
2019-06-13 17:57:28.418 TRACE 81444 --- [    Test worker] o.h.type.descriptor.sql.BasicExtractor   : extracted value ([id1_0_] : [BIGINT]) - [314]
2019-06-13 17:57:28.418 TRACE 81444 --- [    Test worker] o.h.type.descriptor.sql.BasicExtractor   : extracted value ([code2_0_] : [VARCHAR]) - [X5251]
2019-06-13 17:57:28.418 TRACE 81444 --- [    Test worker] o.h.type.descriptor.sql.BasicExtractor   : extracted value ([date_created3_0_] : [TIMESTAMP]) - [2019-05-23 15:52:05.0]
2019-06-13 17:57:28.419 TRACE 81444 --- [    Test worker] o.h.type.descriptor.sql.BasicExtractor   : extracted value ([is_active4_0_] : [BIT]) - [true]
2019-06-13 17:57:28.419 TRACE 81444 --- [    Test worker] o.h.type.descriptor.sql.BasicExtractor   : extracted value ([last_updated5_0_] : [TIMESTAMP]) - [2019-05-24 14:09:09.0]
2019-06-13 17:57:28.419 TRACE 81444 --- [    Test worker] o.h.type.descriptor.sql.BasicExtractor   : extracted value ([last_updator_id6_0_] : [BIGINT]) - [6]
2019-06-13 17:57:28.419 TRACE 81444 --- [    Test worker] o.h.type.descriptor.sql.BasicExtractor   : extracted value ([my_parent_id7_0_] : [BIGINT]) - [135]
2019-06-13 17:57:28.419 TRACE 81444 --- [    Test worker] o.h.type.descriptor.sql.BasicExtractor   : extracted value ([name8_0_] : [VARCHAR]) - [정보통신공학전공]
2019-06-13 17:57:28.419 TRACE 81444 --- [    Test worker] o.h.type.descriptor.sql.BasicExtractor   : extracted value ([id1_0_] : [BIGINT]) - [315]
2019-06-13 17:57:28.419 TRACE 81444 --- [    Test worker] o.h.type.descriptor.sql.BasicExtractor   : extracted value ([code2_0_] : [VARCHAR]) - [X5252]
2019-06-13 17:57:28.419 TRACE 81444 --- [    Test worker] o.h.type.descriptor.sql.BasicExtractor   : extracted value ([date_created3_0_] : [TIMESTAMP]) - [2019-05-23 15:52:06.0]
2019-06-13 17:57:28.420 TRACE 81444 --- [    Test worker] o.h.type.descriptor.sql.BasicExtractor   : extracted value ([is_active4_0_] : [BIT]) - [true]
2019-06-13 17:57:28.420 TRACE 81444 --- [    Test worker] o.h.type.descriptor.sql.BasicExtractor   : extracted value ([last_updated5_0_] : [TIMESTAMP]) - [2019-05-24 14:48:27.0]
2019-06-13 17:57:28.420 TRACE 81444 --- [    Test worker] o.h.type.descriptor.sql.BasicExtractor   : extracted value ([last_updator_id6_0_] : [BIGINT]) - [6]
2019-06-13 17:57:28.420 TRACE 81444 --- [    Test worker] o.h.type.descriptor.sql.BasicExtractor   : extracted value ([my_parent_id7_0_] : [BIGINT]) - [null]
2019-06-13 17:57:28.420 TRACE 81444 --- [    Test worker] o.h.type.descriptor.sql.BasicExtractor   : extracted value ([name8_0_] : [VARCHAR]) - [정보공학전공]
2019-06-13 17:57:28.420 TRACE 81444 --- [    Test worker] o.h.type.descriptor.sql.BasicExtractor   : extracted value ([id1_0_] : [BIGINT]) - [316]
2019-06-13 17:57:28.420 TRACE 81444 --- [    Test worker] o.h.type.descriptor.sql.BasicExtractor   : extracted value ([code2_0_] : [VARCHAR]) - [X5253]
2019-06-13 17:57:28.421 TRACE 81444 --- [    Test worker] o.h.type.descriptor.sql.BasicExtractor   : extracted value ([date_created3_0_] : [TIMESTAMP]) - [2019-05-23 15:52:06.0]
2019-06-13 17:57:28.421 TRACE 81444 --- [    Test worker] o.h.type.descriptor.sql.BasicExtractor   : extracted value ([is_active4_0_] : [BIT]) - [true]
2019-06-13 17:57:28.421 TRACE 81444 --- [    Test worker] o.h.type.descriptor.sql.BasicExtractor   : extracted value ([last_updated5_0_] : [TIMESTAMP]) - [2019-05-24 14:09:10.0]
2019-06-13 17:57:28.421 TRACE 81444 --- [    Test worker] o.h.type.descriptor.sql.BasicExtractor   : extracted value ([last_updator_id6_0_] : [BIGINT]) - [6]
2019-06-13 17:57:28.421 TRACE 81444 --- [    Test worker] o.h.type.descriptor.sql.BasicExtractor   : extracted value ([my_parent_id7_0_] : [BIGINT]) - [854]
2019-06-13 17:57:28.421 TRACE 81444 --- [    Test worker] o.h.type.descriptor.sql.BasicExtractor   : extracted value ([name8_0_] : [VARCHAR]) - [정보제어공학전공]
2019-06-13 17:57:28.421 TRACE 81444 --- [    Test worker] o.h.type.descriptor.sql.BasicExtractor   : extracted value ([id1_0_] : [BIGINT]) - [317]
2019-06-13 17:57:28.422 TRACE 81444 --- [    Test worker] o.h.type.descriptor.sql.BasicExtractor   : extracted value ([code2_0_] : [VARCHAR]) - [X5254]
2019-06-13 17:57:28.422 TRACE 81444 --- [    Test worker] o.h.type.descriptor.sql.BasicExtractor   : extracted value ([date_created3_0_] : [TIMESTAMP]) - [2019-05-23 15:52:06.0]
2019-06-13 17:57:28.422 TRACE 81444 --- [    Test worker] o.h.type.descriptor.sql.BasicExtractor   : extracted value ([is_active4_0_] : [BIT]) - [true]
2019-06-13 17:57:28.422 TRACE 81444 --- [    Test worker] o.h.type.descriptor.sql.BasicExtractor   : extracted value ([last_updated5_0_] : [TIMESTAMP]) - [2019-05-24 14:09:10.0]
2019-06-13 17:57:28.422 TRACE 81444 --- [    Test worker] o.h.type.descriptor.sql.BasicExtractor   : extracted value ([last_updator_id6_0_] : [BIGINT]) - [6]
2019-06-13 17:57:28.422 TRACE 81444 --- [    Test worker] o.h.type.descriptor.sql.BasicExtractor   : extracted value ([my_parent_id7_0_] : [BIGINT]) - [854]
2019-06-13 17:57:28.422 TRACE 81444 --- [    Test worker] o.h.type.descriptor.sql.BasicExtractor   : extracted value ([name8_0_] : [VARCHAR]) - [IT융합통신공학전공]
2019-06-13 17:57:28.422 TRACE 81444 --- [    Test worker] o.h.type.descriptor.sql.BasicExtractor   : extracted value ([id1_0_] : [BIGINT]) - [318]
2019-06-13 17:57:28.422 TRACE 81444 --- [    Test worker] o.h.type.descriptor.sql.BasicExtractor   : extracted value ([code2_0_] : [VARCHAR]) - [X5261]
2019-06-13 17:57:28.422 TRACE 81444 --- [    Test worker] o.h.type.descriptor.sql.BasicExtractor   : extracted value ([date_created3_0_] : [TIMESTAMP]) - [2019-05-23 15:52:07.0]
2019-06-13 17:57:28.423 TRACE 81444 --- [    Test worker] o.h.type.descriptor.sql.BasicExtractor   : extracted value ([is_active4_0_] : [BIT]) - [true]
2019-06-13 17:57:28.423 TRACE 81444 --- [    Test worker] o.h.type.descriptor.sql.BasicExtractor   : extracted value ([last_updated5_0_] : [TIMESTAMP]) - [2019-05-24 14:48:28.0]
2019-06-13 17:57:28.423 TRACE 81444 --- [    Test worker] o.h.type.descriptor.sql.BasicExtractor   : extracted value ([last_updator_id6_0_] : [BIGINT]) - [6]
2019-06-13 17:57:28.423 TRACE 81444 --- [    Test worker] o.h.type.descriptor.sql.BasicExtractor   : extracted value ([my_parent_id7_0_] : [BIGINT]) - [854]
2019-06-13 17:57:28.423 TRACE 81444 --- [    Test worker] o.h.type.descriptor.sql.BasicExtractor   : extracted value ([name8_0_] : [VARCHAR]) - [회로및시스템공학전공]
2019-06-13 17:57:28.423 TRACE 81444 --- [    Test worker] o.h.type.descriptor.sql.BasicExtractor   : extracted value ([id1_0_] : [BIGINT]) - [319]
2019-06-13 17:57:28.423 TRACE 81444 --- [    Test worker] o.h.type.descriptor.sql.BasicExtractor   : extracted value ([code2_0_] : [VARCHAR]) - [X5262]
2019-06-13 17:57:28.423 TRACE 81444 --- [    Test worker] o.h.type.descriptor.sql.BasicExtractor   : extracted value ([date_created3_0_] : [TIMESTAMP]) - [2019-05-23 15:52:07.0]
2019-06-13 17:57:28.423 TRACE 81444 --- [    Test worker] o.h.type.descriptor.sql.BasicExtractor   : extracted value ([is_active4_0_] : [BIT]) - [true]
2019-06-13 17:57:28.423 TRACE 81444 --- [    Test worker] o.h.type.descriptor.sql.BasicExtractor   : extracted value ([last_updated5_0_] : [TIMESTAMP]) - [2019-05-24 14:09:18.0]
2019-06-13 17:57:28.423 TRACE 81444 --- [    Test worker] o.h.type.descriptor.sql.BasicExtractor   : extracted value ([last_updator_id6_0_] : [BIGINT]) - [6]
2019-06-13 17:57:28.423 TRACE 81444 --- [    Test worker] o.h.type.descriptor.sql.BasicExtractor   : extracted value ([my_parent_id7_0_] : [BIGINT]) - [854]
2019-06-13 17:57:28.424 TRACE 81444 --- [    Test worker] o.h.type.descriptor.sql.BasicExtractor   : extracted value ([name8_0_] : [VARCHAR]) - [제어계측공학전공]
2019-06-13 17:57:28.424 TRACE 81444 --- [    Test worker] o.h.type.descriptor.sql.BasicExtractor   : extracted value ([id1_0_] : [BIGINT]) - [320]
2019-06-13 17:57:28.424 TRACE 81444 --- [    Test worker] o.h.type.descriptor.sql.BasicExtractor   : extracted value ([code2_0_] : [VARCHAR]) - [X5263]
2019-06-13 17:57:28.424 TRACE 81444 --- [    Test worker] o.h.type.descriptor.sql.BasicExtractor   : extracted value ([date_created3_0_] : [TIMESTAMP]) - [2019-05-23 15:52:07.0]
2019-06-13 17:57:28.424 TRACE 81444 --- [    Test worker] o.h.type.descriptor.sql.BasicExtractor   : extracted value ([is_active4_0_] : [BIT]) - [true]
2019-06-13 17:57:28.424 TRACE 81444 --- [    Test worker] o.h.type.descriptor.sql.BasicExtractor   : extracted value ([last_updated5_0_] : [TIMESTAMP]) - [2019-05-24 14:48:29.0]
2019-06-13 17:57:28.424 TRACE 81444 --- [    Test worker] o.h.type.descriptor.sql.BasicExtractor   : extracted value ([last_updator_id6_0_] : [BIGINT]) - [6]
2019-06-13 17:57:28.424 TRACE 81444 --- [    Test worker] o.h.type.descriptor.sql.BasicExtractor   : extracted value ([my_parent_id7_0_] : [BIGINT]) - [null]
2019-06-13 17:57:28.424 TRACE 81444 --- [    Test worker] o.h.type.descriptor.sql.BasicExtractor   : extracted value ([name8_0_] : [VARCHAR]) - [동역학및제어공학전공]
2019-06-13 17:57:28.444 TRACE 81444 --- [    Test worker] o.h.type.descriptor.sql.BasicExtractor   : extracted value ([id1_0_] : [BIGINT]) - [321]
2019-06-13 17:57:28.444 TRACE 81444 --- [    Test worker] o.h.type.descriptor.sql.BasicExtractor   : extracted value ([code2_0_] : [VARCHAR]) - [X5264]
2019-06-13 17:57:28.444 TRACE 81444 --- [    Test worker] o.h.type.descriptor.sql.BasicExtractor   : extracted value ([date_created3_0_] : [TIMESTAMP]) - [2019-05-23 15:52:08.0]
2019-06-13 17:57:28.444 TRACE 81444 --- [    Test worker] o.h.type.descriptor.sql.BasicExtractor   : extracted value ([is_active4_0_] : [BIT]) - [true]
2019-06-13 17:57:28.444 TRACE 81444 --- [    Test worker] o.h.type.descriptor.sql.BasicExtractor   : extracted value ([last_updated5_0_] : [TIMESTAMP]) - [2019-05-24 14:48:29.0]
2019-06-13 17:57:28.444 TRACE 81444 --- [    Test worker] o.h.type.descriptor.sql.BasicExtractor   : extracted value ([last_updator_id6_0_] : [BIGINT]) - [6]
2019-06-13 17:57:28.444 TRACE 81444 --- [    Test worker] o.h.type.descriptor.sql.BasicExtractor   : extracted value ([my_parent_id7_0_] : [BIGINT]) - [null]
2019-06-13 17:57:28.444 TRACE 81444 --- [    Test worker] o.h.type.descriptor.sql.BasicExtractor   : extracted value ([name8_0_] : [VARCHAR]) - [제어로봇시스템공학전공]
2019-06-13 17:57:28.445 TRACE 81444 --- [    Test worker] o.h.type.descriptor.sql.BasicExtractor   : extracted value ([id1_0_] : [BIGINT]) - [322]
2019-06-13 17:57:28.445 TRACE 81444 --- [    Test worker] o.h.type.descriptor.sql.BasicExtractor   : extracted value ([code2_0_] : [VARCHAR]) - [X5265]
2019-06-13 17:57:28.446 TRACE 81444 --- [    Test worker] o.h.type.descriptor.sql.BasicExtractor   : extracted value ([date_created3_0_] : [TIMESTAMP]) - [2019-05-23 15:52:08.0]
2019-06-13 17:57:28.446 TRACE 81444 --- [    Test worker] o.h.type.descriptor.sql.BasicExtractor   : extracted value ([is_active4_0_] : [BIT]) - [true]
2019-06-13 17:57:28.446 TRACE 81444 --- [    Test worker] o.h.type.descriptor.sql.BasicExtractor   : extracted value ([last_updated5_0_] : [TIMESTAMP]) - [2019-05-24 14:48:29.0]
2019-06-13 17:57:28.446 TRACE 81444 --- [    Test worker] o.h.type.descriptor.sql.BasicExtractor   : extracted value ([last_updator_id6_0_] : [BIGINT]) - [6]
2019-06-13 17:57:28.446 TRACE 81444 --- [    Test worker] o.h.type.descriptor.sql.BasicExtractor   : extracted value ([my_parent_id7_0_] : [BIGINT]) - [null]
2019-06-13 17:57:28.446 TRACE 81444 --- [    Test worker] o.h.type.descriptor.sql.BasicExtractor   : extracted value ([name8_0_] : [VARCHAR]) - [제어로봇공학전공]
2019-06-13 17:57:28.446 TRACE 81444 --- [    Test worker] o.h.type.descriptor.sql.BasicExtractor   : extracted value ([id1_0_] : [BIGINT]) - [323]
2019-06-13 17:57:28.446 TRACE 81444 --- [    Test worker] o.h.type.descriptor.sql.BasicExtractor   : extracted value ([code2_0_] : [VARCHAR]) - [X5266]
2019-06-13 17:57:28.446 TRACE 81444 --- [    Test worker] o.h.type.descriptor.sql.BasicExtractor   : extracted value ([date_created3_0_] : [TIMESTAMP]) - [2019-05-23 15:52:08.0]
2019-06-13 17:57:28.446 TRACE 81444 --- [    Test worker] o.h.type.descriptor.sql.BasicExtractor   : extracted value ([is_active4_0_] : [BIT]) - [true]
2019-06-13 17:57:28.446 TRACE 81444 --- [    Test worker] o.h.type.descriptor.sql.BasicExtractor   : extracted value ([last_updated5_0_] : [TIMESTAMP]) - [2019-05-24 14:48:30.0]
2019-06-13 17:57:28.447 TRACE 81444 --- [    Test worker] o.h.type.descriptor.sql.BasicExtractor   : extracted value ([last_updator_id6_0_] : [BIGINT]) - [6]
2019-06-13 17:57:28.447 TRACE 81444 --- [    Test worker] o.h.type.descriptor.sql.BasicExtractor   : extracted value ([my_parent_id7_0_] : [BIGINT]) - [null]
2019-06-13 17:57:28.447 TRACE 81444 --- [    Test worker] o.h.type.descriptor.sql.BasicExtractor   : extracted value ([name8_0_] : [VARCHAR]) - [풍력연계전공]
2019-06-13 17:57:28.447 TRACE 81444 --- [    Test worker] o.h.type.descriptor.sql.BasicExtractor   : extracted value ([id1_0_] : [BIGINT]) - [324]
2019-06-13 17:57:28.447 TRACE 81444 --- [    Test worker] o.h.type.descriptor.sql.BasicExtractor   : extracted value ([code2_0_] : [VARCHAR]) - [X5271]
2019-06-13 17:57:28.447 TRACE 81444 --- [    Test worker] o.h.type.descriptor.sql.BasicExtractor   : extracted value ([date_created3_0_] : [TIMESTAMP]) - [2019-05-23 15:52:09.0]
2019-06-13 17:57:28.447 TRACE 81444 --- [    Test worker] o.h.type.descriptor.sql.BasicExtractor   : extracted value ([is_active4_0_] : [BIT]) - [true]
2019-06-13 17:57:28.447 TRACE 81444 --- [    Test worker] o.h.type.descriptor.sql.BasicExtractor   : extracted value ([last_updated5_0_] : [TIMESTAMP]) - [2019-05-24 14:48:30.0]
2019-06-13 17:57:28.447 TRACE 81444 --- [    Test worker] o.h.type.descriptor.sql.BasicExtractor   : extracted value ([last_updator_id6_0_] : [BIGINT]) - [6]
2019-06-13 17:57:28.447 TRACE 81444 --- [    Test worker] o.h.type.descriptor.sql.BasicExtractor   : extracted value ([my_parent_id7_0_] : [BIGINT]) - [854]
2019-06-13 17:57:28.447 TRACE 81444 --- [    Test worker] o.h.type.descriptor.sql.BasicExtractor   : extracted value ([name8_0_] : [VARCHAR]) - [기계설계학전공]
2019-06-13 17:57:28.447 TRACE 81444 --- [    Test worker] o.h.type.descriptor.sql.BasicExtractor   : extracted value ([id1_0_] : [BIGINT]) - [325]
2019-06-13 17:57:28.447 TRACE 81444 --- [    Test worker] o.h.type.descriptor.sql.BasicExtractor   : extracted value ([code2_0_] : [VARCHAR]) - [X5272]
2019-06-13 17:57:28.447 TRACE 81444 --- [    Test worker] o.h.type.descriptor.sql.BasicExtractor   : extracted value ([date_created3_0_] : [TIMESTAMP]) - [2019-05-23 15:52:09.0]
2019-06-13 17:57:28.447 TRACE 81444 --- [    Test worker] o.h.type.descriptor.sql.BasicExtractor   : extracted value ([is_active4_0_] : [BIT]) - [true]
2019-06-13 17:57:28.447 TRACE 81444 --- [    Test worker] o.h.type.descriptor.sql.BasicExtractor   : extracted value ([last_updated5_0_] : [TIMESTAMP]) - [2019-05-24 14:48:30.0]
2019-06-13 17:57:28.448 TRACE 81444 --- [    Test worker] o.h.type.descriptor.sql.BasicExtractor   : extracted value ([last_updator_id6_0_] : [BIGINT]) - [6]
2019-06-13 17:57:28.448 TRACE 81444 --- [    Test worker] o.h.type.descriptor.sql.BasicExtractor   : extracted value ([my_parent_id7_0_] : [BIGINT]) - [null]
2019-06-13 17:57:28.448 TRACE 81444 --- [    Test worker] o.h.type.descriptor.sql.BasicExtractor   : extracted value ([name8_0_] : [VARCHAR]) - [건설기계공학전공]
2019-06-13 17:57:28.448 TRACE 81444 --- [    Test worker] o.h.type.descriptor.sql.BasicExtractor   : extracted value ([id1_0_] : [BIGINT]) - [326]
2019-06-13 17:57:28.448 TRACE 81444 --- [    Test worker] o.h.type.descriptor.sql.BasicExtractor   : extracted value ([code2_0_] : [VARCHAR]) - [X5281]
2019-06-13 17:57:28.448 TRACE 81444 --- [    Test worker] o.h.type.descriptor.sql.BasicExtractor   : extracted value ([date_created3_0_] : [TIMESTAMP]) - [2019-05-23 15:52:09.0]
2019-06-13 17:57:28.448 TRACE 81444 --- [    Test worker] o.h.type.descriptor.sql.BasicExtractor   : extracted value ([is_active4_0_] : [BIT]) - [true]
2019-06-13 17:57:28.448 TRACE 81444 --- [    Test worker] o.h.type.descriptor.sql.BasicExtractor   : extracted value ([last_updated5_0_] : [TIMESTAMP]) - [2019-05-24 14:48:30.0]
2019-06-13 17:57:28.448 TRACE 81444 --- [    Test worker] o.h.type.descriptor.sql.BasicExtractor   : extracted value ([last_updator_id6_0_] : [BIGINT]) - [6]
2019-06-13 17:57:28.448 TRACE 81444 --- [    Test worker] o.h.type.descriptor.sql.BasicExtractor   : extracted value ([my_parent_id7_0_] : [BIGINT]) - [854]
2019-06-13 17:57:28.448 TRACE 81444 --- [    Test worker] o.h.type.descriptor.sql.BasicExtractor   : extracted value ([name8_0_] : [VARCHAR]) - [생산기계공학전공]
2019-06-13 17:57:28.448 TRACE 81444 --- [    Test worker] o.h.type.descriptor.sql.BasicExtractor   : extracted value ([id1_0_] : [BIGINT]) - [327]
2019-06-13 17:57:28.449 TRACE 81444 --- [    Test worker] o.h.type.descriptor.sql.BasicExtractor   : extracted value ([code2_0_] : [VARCHAR]) - [X5282]
2019-06-13 17:57:28.449 TRACE 81444 --- [    Test worker] o.h.type.descriptor.sql.BasicExtractor   : extracted value ([date_created3_0_] : [TIMESTAMP]) - [2019-05-23 15:52:10.0]
2019-06-13 17:57:28.449 TRACE 81444 --- [    Test worker] o.h.type.descriptor.sql.BasicExtractor   : extracted value ([is_active4_0_] : [BIT]) - [true]
2019-06-13 17:57:28.449 TRACE 81444 --- [    Test worker] o.h.type.descriptor.sql.BasicExtractor   : extracted value ([last_updated5_0_] : [TIMESTAMP]) - [2019-05-24 14:48:31.0]
2019-06-13 17:57:28.449 TRACE 81444 --- [    Test worker] o.h.type.descriptor.sql.BasicExtractor   : extracted value ([last_updator_id6_0_] : [BIGINT]) - [6]
2019-06-13 17:57:28.449 TRACE 81444 --- [    Test worker] o.h.type.descriptor.sql.BasicExtractor   : extracted value ([my_parent_id7_0_] : [BIGINT]) - [null]
2019-06-13 17:57:28.449 TRACE 81444 --- [    Test worker] o.h.type.descriptor.sql.BasicExtractor   : extracted value ([name8_0_] : [VARCHAR]) - [설계및생산공학전공]
2019-06-13 17:57:28.449 TRACE 81444 --- [    Test worker] o.h.type.descriptor.sql.BasicExtractor   : extracted value ([id1_0_] : [BIGINT]) - [328]
2019-06-13 17:57:28.449 TRACE 81444 --- [    Test worker] o.h.type.descriptor.sql.BasicExtractor   : extracted value ([code2_0_] : [VARCHAR]) - [X5283]
2019-06-13 17:57:28.449 TRACE 81444 --- [    Test worker] o.h.type.descriptor.sql.BasicExtractor   : extracted value ([date_created3_0_] : [TIMESTAMP]) - [2019-05-23 15:52:10.0]
2019-06-13 17:57:28.449 TRACE 81444 --- [    Test worker] o.h.type.descriptor.sql.BasicExtractor   : extracted value ([is_active4_0_] : [BIT]) - [true]
2019-06-13 17:57:28.449 TRACE 81444 --- [    Test worker] o.h.type.descriptor.sql.BasicExtractor   : extracted value ([last_updated5_0_] : [TIMESTAMP]) - [2019-05-24 14:48:31.0]
2019-06-13 17:57:28.449 TRACE 81444 --- [    Test worker] o.h.type.descriptor.sql.BasicExtractor   : extracted value ([last_updator_id6_0_] : [BIGINT]) - [6]
2019-06-13 17:57:28.449 TRACE 81444 --- [    Test worker] o.h.type.descriptor.sql.BasicExtractor   : extracted value ([my_parent_id7_0_] : [BIGINT]) - [null]
2019-06-13 17:57:28.449 TRACE 81444 --- [    Test worker] o.h.type.descriptor.sql.BasicExtractor   : extracted value ([name8_0_] : [VARCHAR]) - [고체및재료공학전공]
2019-06-13 17:57:28.449 TRACE 81444 --- [    Test worker] o.h.type.descriptor.sql.BasicExtractor   : extracted value ([id1_0_] : [BIGINT]) - [329]
2019-06-13 17:57:28.449 TRACE 81444 --- [    Test worker] o.h.type.descriptor.sql.BasicExtractor   : extracted value ([code2_0_] : [VARCHAR]) - [X5284]
2019-06-13 17:57:28.449 TRACE 81444 --- [    Test worker] o.h.type.descriptor.sql.BasicExtractor   : extracted value ([date_created3_0_] : [TIMESTAMP]) - [2019-05-23 15:52:10.0]
2019-06-13 17:57:28.450 TRACE 81444 --- [    Test worker] o.h.type.descriptor.sql.BasicExtractor   : extracted value ([is_active4_0_] : [BIT]) - [true]
2019-06-13 17:57:28.450 TRACE 81444 --- [    Test worker] o.h.type.descriptor.sql.BasicExtractor   : extracted value ([last_updated5_0_] : [TIMESTAMP]) - [2019-05-24 14:48:31.0]
2019-06-13 17:57:28.450 TRACE 81444 --- [    Test worker] o.h.type.descriptor.sql.BasicExtractor   : extracted value ([last_updator_id6_0_] : [BIGINT]) - [6]
2019-06-13 17:57:28.450 TRACE 81444 --- [    Test worker] o.h.type.descriptor.sql.BasicExtractor   : extracted value ([my_parent_id7_0_] : [BIGINT]) - [null]
2019-06-13 17:57:28.450 TRACE 81444 --- [    Test worker] o.h.type.descriptor.sql.BasicExtractor   : extracted value ([name8_0_] : [VARCHAR]) - [전산고체역학전공]
2019-06-13 17:57:28.450 TRACE 81444 --- [    Test worker] o.h.type.descriptor.sql.BasicExtractor   : extracted value ([id1_0_] : [BIGINT]) - [330]
2019-06-13 17:57:28.450 TRACE 81444 --- [    Test worker] o.h.type.descriptor.sql.BasicExtractor   : extracted value ([code2_0_] : [VARCHAR]) - [X5291]
2019-06-13 17:57:28.450 TRACE 81444 --- [    Test worker] o.h.type.descriptor.sql.BasicExtractor   : extracted value ([date_created3_0_] : [TIMESTAMP]) - [2019-05-23 15:52:11.0]
2019-06-13 17:57:28.450 TRACE 81444 --- [    Test worker] o.h.type.descriptor.sql.BasicExtractor   : extracted value ([is_active4_0_] : [BIT]) - [true]
2019-06-13 17:57:28.450 TRACE 81444 --- [    Test worker] o.h.type.descriptor.sql.BasicExtractor   : extracted value ([last_updated5_0_] : [TIMESTAMP]) - [2019-05-24 14:09:20.0]
2019-06-13 17:57:28.450 TRACE 81444 --- [    Test worker] o.h.type.descriptor.sql.BasicExtractor   : extracted value ([last_updator_id6_0_] : [BIGINT]) - [6]
2019-06-13 17:57:28.450 TRACE 81444 --- [    Test worker] o.h.type.descriptor.sql.BasicExtractor   : extracted value ([my_parent_id7_0_] : [BIGINT]) - [854]
2019-06-13 17:57:28.450 TRACE 81444 --- [    Test worker] o.h.type.descriptor.sql.BasicExtractor   : extracted value ([name8_0_] : [VARCHAR]) - [재료공학전공]
2019-06-13 17:57:28.468 TRACE 81444 --- [    Test worker] o.h.type.descriptor.sql.BasicExtractor   : extracted value ([id1_0_] : [BIGINT]) - [331]
2019-06-13 17:57:28.468 TRACE 81444 --- [    Test worker] o.h.type.descriptor.sql.BasicExtractor   : extracted value ([code2_0_] : [VARCHAR]) - [X5292]
2019-06-13 17:57:28.469 TRACE 81444 --- [    Test worker] o.h.type.descriptor.sql.BasicExtractor   : extracted value ([date_created3_0_] : [TIMESTAMP]) - [2019-05-23 15:52:11.0]
2019-06-13 17:57:28.469 TRACE 81444 --- [    Test worker] o.h.type.descriptor.sql.BasicExtractor   : extracted value ([is_active4_0_] : [BIT]) - [true]
2019-06-13 17:57:28.469 TRACE 81444 --- [    Test worker] o.h.type.descriptor.sql.BasicExtractor   : extracted value ([last_updated5_0_] : [TIMESTAMP]) - [2019-05-24 14:09:21.0]
2019-06-13 17:57:28.469 TRACE 81444 --- [    Test worker] o.h.type.descriptor.sql.BasicExtractor   : extracted value ([last_updator_id6_0_] : [BIGINT]) - [6]
2019-06-13 17:57:28.469 TRACE 81444 --- [    Test worker] o.h.type.descriptor.sql.BasicExtractor   : extracted value ([my_parent_id7_0_] : [BIGINT]) - [854]
2019-06-13 17:57:28.469 TRACE 81444 --- [    Test worker] o.h.type.descriptor.sql.BasicExtractor   : extracted value ([name8_0_] : [VARCHAR]) - [신소재공학전공]
2019-06-13 17:57:28.469 TRACE 81444 --- [    Test worker] o.h.type.descriptor.sql.BasicExtractor   : extracted value ([id1_0_] : [BIGINT]) - [332]
2019-06-13 17:57:28.469 TRACE 81444 --- [    Test worker] o.h.type.descriptor.sql.BasicExtractor   : extracted value ([code2_0_] : [VARCHAR]) - [X5301]
2019-06-13 17:57:28.469 TRACE 81444 --- [    Test worker] o.h.type.descriptor.sql.BasicExtractor   : extracted value ([date_created3_0_] : [TIMESTAMP]) - [2019-05-23 15:52:12.0]
2019-06-13 17:57:28.469 TRACE 81444 --- [    Test worker] o.h.type.descriptor.sql.BasicExtractor   : extracted value ([is_active4_0_] : [BIT]) - [true]
2019-06-13 17:57:28.469 TRACE 81444 --- [    Test worker] o.h.type.descriptor.sql.BasicExtractor   : extracted value ([last_updated5_0_] : [TIMESTAMP]) - [2019-05-24 14:09:21.0]
2019-06-13 17:57:28.469 TRACE 81444 --- [    Test worker] o.h.type.descriptor.sql.BasicExtractor   : extracted value ([last_updator_id6_0_] : [BIGINT]) - [6]
2019-06-13 17:57:28.469 TRACE 81444 --- [    Test worker] o.h.type.descriptor.sql.BasicExtractor   : extracted value ([my_parent_id7_0_] : [BIGINT]) - [121]
2019-06-13 17:57:28.470 TRACE 81444 --- [    Test worker] o.h.type.descriptor.sql.BasicExtractor   : extracted value ([name8_0_] : [VARCHAR]) - [일어일문학전공]
2019-06-13 17:57:28.470 TRACE 81444 --- [    Test worker] o.h.type.descriptor.sql.BasicExtractor   : extracted value ([id1_0_] : [BIGINT]) - [333]
2019-06-13 17:57:28.470 TRACE 81444 --- [    Test worker] o.h.type.descriptor.sql.BasicExtractor   : extracted value ([code2_0_] : [VARCHAR]) - [X5311]
2019-06-13 17:57:28.470 TRACE 81444 --- [    Test worker] o.h.type.descriptor.sql.BasicExtractor   : extracted value ([date_created3_0_] : [TIMESTAMP]) - [2019-05-23 15:52:12.0]
2019-06-13 17:57:28.470 TRACE 81444 --- [    Test worker] o.h.type.descriptor.sql.BasicExtractor   : extracted value ([is_active4_0_] : [BIT]) - [true]
2019-06-13 17:57:28.470 TRACE 81444 --- [    Test worker] o.h.type.descriptor.sql.BasicExtractor   : extracted value ([last_updated5_0_] : [TIMESTAMP]) - [2019-05-24 14:48:32.0]
2019-06-13 17:57:28.470 TRACE 81444 --- [    Test worker] o.h.type.descriptor.sql.BasicExtractor   : extracted value ([last_updator_id6_0_] : [BIGINT]) - [6]
2019-06-13 17:57:28.470 TRACE 81444 --- [    Test worker] o.h.type.descriptor.sql.BasicExtractor   : extracted value ([my_parent_id7_0_] : [BIGINT]) - [854]
2019-06-13 17:57:28.470 TRACE 81444 --- [    Test worker] o.h.type.descriptor.sql.BasicExtractor   : extracted value ([name8_0_] : [VARCHAR]) - [해양환경공학전공]
2019-06-13 17:57:28.470 TRACE 81444 --- [    Test worker] o.h.type.descriptor.sql.BasicExtractor   : extracted value ([id1_0_] : [BIGINT]) - [334]
2019-06-13 17:57:28.470 TRACE 81444 --- [    Test worker] o.h.type.descriptor.sql.BasicExtractor   : extracted value ([code2_0_] : [VARCHAR]) - [X5312]
2019-06-13 17:57:28.470 TRACE 81444 --- [    Test worker] o.h.type.descriptor.sql.BasicExtractor   : extracted value ([date_created3_0_] : [TIMESTAMP]) - [2019-05-23 15:52:12.0]
2019-06-13 17:57:28.470 TRACE 81444 --- [    Test worker] o.h.type.descriptor.sql.BasicExtractor   : extracted value ([is_active4_0_] : [BIT]) - [true]
2019-06-13 17:57:28.470 TRACE 81444 --- [    Test worker] o.h.type.descriptor.sql.BasicExtractor   : extracted value ([last_updated5_0_] : [TIMESTAMP]) - [2019-05-24 14:09:28.0]
2019-06-13 17:57:28.470 TRACE 81444 --- [    Test worker] o.h.type.descriptor.sql.BasicExtractor   : extracted value ([last_updator_id6_0_] : [BIGINT]) - [6]
2019-06-13 17:57:28.470 TRACE 81444 --- [    Test worker] o.h.type.descriptor.sql.BasicExtractor   : extracted value ([my_parent_id7_0_] : [BIGINT]) - [854]
2019-06-13 17:57:28.470 TRACE 81444 --- [    Test worker] o.h.type.descriptor.sql.BasicExtractor   : extracted value ([name8_0_] : [VARCHAR]) - [환경공학전공]
2019-06-13 17:57:28.471 TRACE 81444 --- [    Test worker] o.h.type.descriptor.sql.BasicExtractor   : extracted value ([id1_0_] : [BIGINT]) - [335]
2019-06-13 17:57:28.471 TRACE 81444 --- [    Test worker] o.h.type.descriptor.sql.BasicExtractor   : extracted value ([code2_0_] : [VARCHAR]) - [X5321]
2019-06-13 17:57:28.471 TRACE 81444 --- [    Test worker] o.h.type.descriptor.sql.BasicExtractor   : extracted value ([date_created3_0_] : [TIMESTAMP]) - [2019-05-23 15:52:13.0]
2019-06-13 17:57:28.471 TRACE 81444 --- [    Test worker] o.h.type.descriptor.sql.BasicExtractor   : extracted value ([is_active4_0_] : [BIT]) - [true]
2019-06-13 17:57:28.471 TRACE 81444 --- [    Test worker] o.h.type.descriptor.sql.BasicExtractor   : extracted value ([last_updated5_0_] : [TIMESTAMP]) - [2019-05-24 14:09:29.0]
2019-06-13 17:57:28.471 TRACE 81444 --- [    Test worker] o.h.type.descriptor.sql.BasicExtractor   : extracted value ([last_updator_id6_0_] : [BIGINT]) - [6]
2019-06-13 17:57:28.471 TRACE 81444 --- [    Test worker] o.h.type.descriptor.sql.BasicExtractor   : extracted value ([my_parent_id7_0_] : [BIGINT]) - [854]
2019-06-13 17:57:28.471 TRACE 81444 --- [    Test worker] o.h.type.descriptor.sql.BasicExtractor   : extracted value ([name8_0_] : [VARCHAR]) - [전기공학전공]
2019-06-13 17:57:28.471 TRACE 81444 --- [    Test worker] o.h.type.descriptor.sql.BasicExtractor   : extracted value ([id1_0_] : [BIGINT]) - [336]
2019-06-13 17:57:28.471 TRACE 81444 --- [    Test worker] o.h.type.descriptor.sql.BasicExtractor   : extracted value ([code2_0_] : [VARCHAR]) - [X5331]
2019-06-13 17:57:28.471 TRACE 81444 --- [    Test worker] o.h.type.descriptor.sql.BasicExtractor   : extracted value ([date_created3_0_] : [TIMESTAMP]) - [2019-05-23 15:52:13.0]
2019-06-13 17:57:28.471 TRACE 81444 --- [    Test worker] o.h.type.descriptor.sql.BasicExtractor   : extracted value ([is_active4_0_] : [BIT]) - [true]
2019-06-13 17:57:28.471 TRACE 81444 --- [    Test worker] o.h.type.descriptor.sql.BasicExtractor   : extracted value ([last_updated5_0_] : [TIMESTAMP]) - [2019-05-24 14:09:29.0]
2019-06-13 17:57:28.471 TRACE 81444 --- [    Test worker] o.h.type.descriptor.sql.BasicExtractor   : extracted value ([last_updator_id6_0_] : [BIGINT]) - [6]
2019-06-13 17:57:28.471 TRACE 81444 --- [    Test worker] o.h.type.descriptor.sql.BasicExtractor   : extracted value ([my_parent_id7_0_] : [BIGINT]) - [854]
2019-06-13 17:57:28.471 TRACE 81444 --- [    Test worker] o.h.type.descriptor.sql.BasicExtractor   : extracted value ([name8_0_] : [VARCHAR]) - [화학공학전공]
2019-06-13 17:57:28.472 TRACE 81444 --- [    Test worker] o.h.type.descriptor.sql.BasicExtractor   : extracted value ([id1_0_] : [BIGINT]) - [337]
2019-06-13 17:57:28.472 TRACE 81444 --- [    Test worker] o.h.type.descriptor.sql.BasicExtractor   : extracted value ([code2_0_] : [VARCHAR]) - [X5332]
2019-06-13 17:57:28.472 TRACE 81444 --- [    Test worker] o.h.type.descriptor.sql.BasicExtractor   : extracted value ([date_created3_0_] : [TIMESTAMP]) - [2019-05-23 15:52:13.0]
2019-06-13 17:57:28.472 TRACE 81444 --- [    Test worker] o.h.type.descriptor.sql.BasicExtractor   : extracted value ([is_active4_0_] : [BIT]) - [true]
2019-06-13 17:57:28.472 TRACE 81444 --- [    Test worker] o.h.type.descriptor.sql.BasicExtractor   : extracted value ([last_updated5_0_] : [TIMESTAMP]) - [2019-05-24 14:09:30.0]
2019-06-13 17:57:28.472 TRACE 81444 --- [    Test worker] o.h.type.descriptor.sql.BasicExtractor   : extracted value ([last_updator_id6_0_] : [BIGINT]) - [6]
2019-06-13 17:57:28.472 TRACE 81444 --- [    Test worker] o.h.type.descriptor.sql.BasicExtractor   : extracted value ([my_parent_id7_0_] : [BIGINT]) - [854]
2019-06-13 17:57:28.472 TRACE 81444 --- [    Test worker] o.h.type.descriptor.sql.BasicExtractor   : extracted value ([name8_0_] : [VARCHAR]) - [나노화학공학전공]
2019-06-13 17:57:28.472 TRACE 81444 --- [    Test worker] o.h.type.descriptor.sql.BasicExtractor   : extracted value ([id1_0_] : [BIGINT]) - [338]
2019-06-13 17:57:28.472 TRACE 81444 --- [    Test worker] o.h.type.descriptor.sql.BasicExtractor   : extracted value ([code2_0_] : [VARCHAR]) - [X5341]
2019-06-13 17:57:28.472 TRACE 81444 --- [    Test worker] o.h.type.descriptor.sql.BasicExtractor   : extracted value ([date_created3_0_] : [TIMESTAMP]) - [2019-05-23 15:52:14.0]
2019-06-13 17:57:28.472 TRACE 81444 --- [    Test worker] o.h.type.descriptor.sql.BasicExtractor   : extracted value ([is_active4_0_] : [BIT]) - [true]
2019-06-13 17:57:28.472 TRACE 81444 --- [    Test worker] o.h.type.descriptor.sql.BasicExtractor   : extracted value ([last_updated5_0_] : [TIMESTAMP]) - [2019-05-24 14:09:30.0]
2019-06-13 17:57:28.472 TRACE 81444 --- [    Test worker] o.h.type.descriptor.sql.BasicExtractor   : extracted value ([last_updator_id6_0_] : [BIGINT]) - [6]
2019-06-13 17:57:28.472 TRACE 81444 --- [    Test worker] o.h.type.descriptor.sql.BasicExtractor   : extracted value ([my_parent_id7_0_] : [BIGINT]) - [852]
2019-06-13 17:57:28.472 TRACE 81444 --- [    Test worker] o.h.type.descriptor.sql.BasicExtractor   : extracted value ([name8_0_] : [VARCHAR]) - [수산경영학전공]
2019-06-13 17:57:28.472 TRACE 81444 --- [    Test worker] o.h.type.descriptor.sql.BasicExtractor   : extracted value ([id1_0_] : [BIGINT]) - [339]
2019-06-13 17:57:28.473 TRACE 81444 --- [    Test worker] o.h.type.descriptor.sql.BasicExtractor   : extracted value ([code2_0_] : [VARCHAR]) - [X5342]
2019-06-13 17:57:28.473 TRACE 81444 --- [    Test worker] o.h.type.descriptor.sql.BasicExtractor   : extracted value ([date_created3_0_] : [TIMESTAMP]) - [2019-05-23 15:52:14.0]
2019-06-13 17:57:28.473 TRACE 81444 --- [    Test worker] o.h.type.descriptor.sql.BasicExtractor   : extracted value ([is_active4_0_] : [BIT]) - [true]
2019-06-13 17:57:28.473 TRACE 81444 --- [    Test worker] o.h.type.descriptor.sql.BasicExtractor   : extracted value ([last_updated5_0_] : [TIMESTAMP]) - [2019-05-24 14:48:34.0]
2019-06-13 17:57:28.473 TRACE 81444 --- [    Test worker] o.h.type.descriptor.sql.BasicExtractor   : extracted value ([last_updator_id6_0_] : [BIGINT]) - [6]
2019-06-13 17:57:28.473 TRACE 81444 --- [    Test worker] o.h.type.descriptor.sql.BasicExtractor   : extracted value ([my_parent_id7_0_] : [BIGINT]) - [null]
2019-06-13 17:57:28.473 TRACE 81444 --- [    Test worker] o.h.type.descriptor.sql.BasicExtractor   : extracted value ([name8_0_] : [VARCHAR]) - [수산경영전공]
2019-06-13 17:57:28.473 TRACE 81444 --- [    Test worker] o.h.type.descriptor.sql.BasicExtractor   : extracted value ([id1_0_] : [BIGINT]) - [340]
2019-06-13 17:57:28.473 TRACE 81444 --- [    Test worker] o.h.type.descriptor.sql.BasicExtractor   : extracted value ([code2_0_] : [VARCHAR]) - [X5343]
2019-06-13 17:57:28.473 TRACE 81444 --- [    Test worker] o.h.type.descriptor.sql.BasicExtractor   : extracted value ([date_created3_0_] : [TIMESTAMP]) - [2019-05-23 15:52:15.0]
2019-06-13 17:57:28.473 TRACE 81444 --- [    Test worker] o.h.type.descriptor.sql.BasicExtractor   : extracted value ([is_active4_0_] : [BIT]) - [true]
2019-06-13 17:57:28.473 TRACE 81444 --- [    Test worker] o.h.type.descriptor.sql.BasicExtractor   : extracted value ([last_updated5_0_] : [TIMESTAMP]) - [2019-05-24 14:48:35.0]
2019-06-13 17:57:28.473 TRACE 81444 --- [    Test worker] o.h.type.descriptor.sql.BasicExtractor   : extracted value ([last_updator_id6_0_] : [BIGINT]) - [6]
2019-06-13 17:57:28.473 TRACE 81444 --- [    Test worker] o.h.type.descriptor.sql.BasicExtractor   : extracted value ([my_parent_id7_0_] : [BIGINT]) - [null]
2019-06-13 17:57:28.473 TRACE 81444 --- [    Test worker] o.h.type.descriptor.sql.BasicExtractor   : extracted value ([name8_0_] : [VARCHAR]) - [수산자원관리전공]
2019-06-13 17:57:28.490 TRACE 81444 --- [    Test worker] o.h.type.descriptor.sql.BasicExtractor   : extracted value ([id1_0_] : [BIGINT]) - [341]
2019-06-13 17:57:28.490 TRACE 81444 --- [    Test worker] o.h.type.descriptor.sql.BasicExtractor   : extracted value ([code2_0_] : [VARCHAR]) - [X5351]
2019-06-13 17:57:28.490 TRACE 81444 --- [    Test worker] o.h.type.descriptor.sql.BasicExtractor   : extracted value ([date_created3_0_] : [TIMESTAMP]) - [2019-05-23 15:52:15.0]
2019-06-13 17:57:28.491 TRACE 81444 --- [    Test worker] o.h.type.descriptor.sql.BasicExtractor   : extracted value ([is_active4_0_] : [BIT]) - [true]
2019-06-13 17:57:28.491 TRACE 81444 --- [    Test worker] o.h.type.descriptor.sql.BasicExtractor   : extracted value ([last_updated5_0_] : [TIMESTAMP]) - [2019-05-23 15:52:15.0]
2019-06-13 17:57:28.491 TRACE 81444 --- [    Test worker] o.h.type.descriptor.sql.BasicExtractor   : extracted value ([last_updator_id6_0_] : [BIGINT]) - [6]
2019-06-13 17:57:28.491 TRACE 81444 --- [    Test worker] o.h.type.descriptor.sql.BasicExtractor   : extracted value ([my_parent_id7_0_] : [BIGINT]) - [null]
2019-06-13 17:57:28.491 TRACE 81444 --- [    Test worker] o.h.type.descriptor.sql.BasicExtractor   : extracted value ([name8_0_] : [VARCHAR]) - [어업학전공]
2019-06-13 17:57:28.491 TRACE 81444 --- [    Test worker] o.h.type.descriptor.sql.BasicExtractor   : extracted value ([id1_0_] : [BIGINT]) - [342]
2019-06-13 17:57:28.492 TRACE 81444 --- [    Test worker] o.h.type.descriptor.sql.BasicExtractor   : extracted value ([code2_0_] : [VARCHAR]) - [X5352]
2019-06-13 17:57:28.492 TRACE 81444 --- [    Test worker] o.h.type.descriptor.sql.BasicExtractor   : extracted value ([date_created3_0_] : [TIMESTAMP]) - [2019-05-23 15:52:15.0]
2019-06-13 17:57:28.492 TRACE 81444 --- [    Test worker] o.h.type.descriptor.sql.BasicExtractor   : extracted value ([is_active4_0_] : [BIT]) - [true]
2019-06-13 17:57:28.492 TRACE 81444 --- [    Test worker] o.h.type.descriptor.sql.BasicExtractor   : extracted value ([last_updated5_0_] : [TIMESTAMP]) - [2019-05-24 14:09:31.0]
2019-06-13 17:57:28.492 TRACE 81444 --- [    Test worker] o.h.type.descriptor.sql.BasicExtractor   : extracted value ([last_updator_id6_0_] : [BIGINT]) - [6]
2019-06-13 17:57:28.492 TRACE 81444 --- [    Test worker] o.h.type.descriptor.sql.BasicExtractor   : extracted value ([my_parent_id7_0_] : [BIGINT]) - [855]
2019-06-13 17:57:28.492 TRACE 81444 --- [    Test worker] o.h.type.descriptor.sql.BasicExtractor   : extracted value ([name8_0_] : [VARCHAR]) - [해양생산학전공]
2019-06-13 17:57:28.493 TRACE 81444 --- [    Test worker] o.h.type.descriptor.sql.BasicExtractor   : extracted value ([id1_0_] : [BIGINT]) - [343]
2019-06-13 17:57:28.493 TRACE 81444 --- [    Test worker] o.h.type.descriptor.sql.BasicExtractor   : extracted value ([code2_0_] : [VARCHAR]) - [X5353]
2019-06-13 17:57:28.493 TRACE 81444 --- [    Test worker] o.h.type.descriptor.sql.BasicExtractor   : extracted value ([date_created3_0_] : [TIMESTAMP]) - [2019-05-23 15:52:16.0]
2019-06-13 17:57:28.493 TRACE 81444 --- [    Test worker] o.h.type.descriptor.sql.BasicExtractor   : extracted value ([is_active4_0_] : [BIT]) - [true]
2019-06-13 17:57:28.493 TRACE 81444 --- [    Test worker] o.h.type.descriptor.sql.BasicExtractor   : extracted value ([last_updated5_0_] : [TIMESTAMP]) - [2019-05-24 14:48:35.0]
2019-06-13 17:57:28.493 TRACE 81444 --- [    Test worker] o.h.type.descriptor.sql.BasicExtractor   : extracted value ([last_updator_id6_0_] : [BIGINT]) - [6]
2019-06-13 17:57:28.493 TRACE 81444 --- [    Test worker] o.h.type.descriptor.sql.BasicExtractor   : extracted value ([my_parent_id7_0_] : [BIGINT]) - [null]
2019-06-13 17:57:28.493 TRACE 81444 --- [    Test worker] o.h.type.descriptor.sql.BasicExtractor   : extracted value ([name8_0_] : [VARCHAR]) - [해양산업운송과학기술학전공]
2019-06-13 17:57:28.493 TRACE 81444 --- [    Test worker] o.h.type.descriptor.sql.BasicExtractor   : extracted value ([id1_0_] : [BIGINT]) - [344]
2019-06-13 17:57:28.494 TRACE 81444 --- [    Test worker] o.h.type.descriptor.sql.BasicExtractor   : extracted value ([code2_0_] : [VARCHAR]) - [X5361]
2019-06-13 17:57:28.494 TRACE 81444 --- [    Test worker] o.h.type.descriptor.sql.BasicExtractor   : extracted value ([date_created3_0_] : [TIMESTAMP]) - [2019-05-23 15:52:16.0]
2019-06-13 17:57:28.494 TRACE 81444 --- [    Test worker] o.h.type.descriptor.sql.BasicExtractor   : extracted value ([is_active4_0_] : [BIT]) - [true]
2019-06-13 17:57:28.494 TRACE 81444 --- [    Test worker] o.h.type.descriptor.sql.BasicExtractor   : extracted value ([last_updated5_0_] : [TIMESTAMP]) - [2019-05-23 15:52:16.0]
2019-06-13 17:57:28.494 TRACE 81444 --- [    Test worker] o.h.type.descriptor.sql.BasicExtractor   : extracted value ([last_updator_id6_0_] : [BIGINT]) - [6]
2019-06-13 17:57:28.494 TRACE 81444 --- [    Test worker] o.h.type.descriptor.sql.BasicExtractor   : extracted value ([my_parent_id7_0_] : [BIGINT]) - [null]
2019-06-13 17:57:28.494 TRACE 81444 --- [    Test worker] o.h.type.descriptor.sql.BasicExtractor   : extracted value ([name8_0_] : [VARCHAR]) - [수산가공학전공]
2019-06-13 17:57:28.494 TRACE 81444 --- [    Test worker] o.h.type.descriptor.sql.BasicExtractor   : extracted value ([id1_0_] : [BIGINT]) - [345]
2019-06-13 17:57:28.494 TRACE 81444 --- [    Test worker] o.h.type.descriptor.sql.BasicExtractor   : extracted value ([code2_0_] : [VARCHAR]) - [X5362]
2019-06-13 17:57:28.494 TRACE 81444 --- [    Test worker] o.h.type.descriptor.sql.BasicExtractor   : extracted value ([date_created3_0_] : [TIMESTAMP]) - [2019-05-23 15:52:17.0]
2019-06-13 17:57:28.494 TRACE 81444 --- [    Test worker] o.h.type.descriptor.sql.BasicExtractor   : extracted value ([is_active4_0_] : [BIT]) - [true]
2019-06-13 17:57:28.494 TRACE 81444 --- [    Test worker] o.h.type.descriptor.sql.BasicExtractor   : extracted value ([last_updated5_0_] : [TIMESTAMP]) - [2019-05-24 14:09:40.0]
2019-06-13 17:57:28.494 TRACE 81444 --- [    Test worker] o.h.type.descriptor.sql.BasicExtractor   : extracted value ([last_updator_id6_0_] : [BIGINT]) - [6]
2019-06-13 17:57:28.494 TRACE 81444 --- [    Test worker] o.h.type.descriptor.sql.BasicExtractor   : extracted value ([my_parent_id7_0_] : [BIGINT]) - [855]
2019-06-13 17:57:28.495 TRACE 81444 --- [    Test worker] o.h.type.descriptor.sql.BasicExtractor   : extracted value ([name8_0_] : [VARCHAR]) - [식품공학전공]
2019-06-13 17:57:28.495 TRACE 81444 --- [    Test worker] o.h.type.descriptor.sql.BasicExtractor   : extracted value ([id1_0_] : [BIGINT]) - [346]
2019-06-13 17:57:28.495 TRACE 81444 --- [    Test worker] o.h.type.descriptor.sql.BasicExtractor   : extracted value ([code2_0_] : [VARCHAR]) - [X5363]
2019-06-13 17:57:28.495 TRACE 81444 --- [    Test worker] o.h.type.descriptor.sql.BasicExtractor   : extracted value ([date_created3_0_] : [TIMESTAMP]) - [2019-05-23 15:52:17.0]
2019-06-13 17:57:28.495 TRACE 81444 --- [    Test worker] o.h.type.descriptor.sql.BasicExtractor   : extracted value ([is_active4_0_] : [BIT]) - [true]
2019-06-13 17:57:28.495 TRACE 81444 --- [    Test worker] o.h.type.descriptor.sql.BasicExtractor   : extracted value ([last_updated5_0_] : [TIMESTAMP]) - [2019-05-24 14:09:41.0]
2019-06-13 17:57:28.495 TRACE 81444 --- [    Test worker] o.h.type.descriptor.sql.BasicExtractor   : extracted value ([last_updator_id6_0_] : [BIGINT]) - [6]
2019-06-13 17:57:28.495 TRACE 81444 --- [    Test worker] o.h.type.descriptor.sql.BasicExtractor   : extracted value ([my_parent_id7_0_] : [BIGINT]) - [131]
2019-06-13 17:57:28.495 TRACE 81444 --- [    Test worker] o.h.type.descriptor.sql.BasicExtractor   : extracted value ([name8_0_] : [VARCHAR]) - [식품생명공학전공]
2019-06-13 17:57:28.495 TRACE 81444 --- [    Test worker] o.h.type.descriptor.sql.BasicExtractor   : extracted value ([id1_0_] : [BIGINT]) - [347]
2019-06-13 17:57:28.495 TRACE 81444 --- [    Test worker] o.h.type.descriptor.sql.BasicExtractor   : extracted value ([code2_0_] : [VARCHAR]) - [X5371]
2019-06-13 17:57:28.495 TRACE 81444 --- [    Test worker] o.h.type.descriptor.sql.BasicExtractor   : extracted value ([date_created3_0_] : [TIMESTAMP]) - [2019-05-23 15:52:17.0]
2019-06-13 17:57:28.495 TRACE 81444 --- [    Test worker] o.h.type.descriptor.sql.BasicExtractor   : extracted value ([is_active4_0_] : [BIT]) - [true]
2019-06-13 17:57:28.495 TRACE 81444 --- [    Test worker] o.h.type.descriptor.sql.BasicExtractor   : extracted value ([last_updated5_0_] : [TIMESTAMP]) - [2019-05-24 14:48:36.0]
2019-06-13 17:57:28.495 TRACE 81444 --- [    Test worker] o.h.type.descriptor.sql.BasicExtractor   : extracted value ([last_updator_id6_0_] : [BIGINT]) - [6]
2019-06-13 17:57:28.496 TRACE 81444 --- [    Test worker] o.h.type.descriptor.sql.BasicExtractor   : extracted value ([my_parent_id7_0_] : [BIGINT]) - [null]
2019-06-13 17:57:28.496 TRACE 81444 --- [    Test worker] o.h.type.descriptor.sql.BasicExtractor   : extracted value ([name8_0_] : [VARCHAR]) - [양식학전공]
2019-06-13 17:57:28.496 TRACE 81444 --- [    Test worker] o.h.type.descriptor.sql.BasicExtractor   : extracted value ([id1_0_] : [BIGINT]) - [348]
2019-06-13 17:57:28.496 TRACE 81444 --- [    Test worker] o.h.type.descriptor.sql.BasicExtractor   : extracted value ([code2_0_] : [VARCHAR]) - [X5372]
2019-06-13 17:57:28.496 TRACE 81444 --- [    Test worker] o.h.type.descriptor.sql.BasicExtractor   : extracted value ([date_created3_0_] : [TIMESTAMP]) - [2019-05-23 15:52:18.0]
2019-06-13 17:57:28.496 TRACE 81444 --- [    Test worker] o.h.type.descriptor.sql.BasicExtractor   : extracted value ([is_active4_0_] : [BIT]) - [true]
2019-06-13 17:57:28.496 TRACE 81444 --- [    Test worker] o.h.type.descriptor.sql.BasicExtractor   : extracted value ([last_updated5_0_] : [TIMESTAMP]) - [2019-05-24 14:09:41.0]
2019-06-13 17:57:28.496 TRACE 81444 --- [    Test worker] o.h.type.descriptor.sql.BasicExtractor   : extracted value ([last_updator_id6_0_] : [BIGINT]) - [6]
2019-06-13 17:57:28.496 TRACE 81444 --- [    Test worker] o.h.type.descriptor.sql.BasicExtractor   : extracted value ([my_parent_id7_0_] : [BIGINT]) - [855]
2019-06-13 17:57:28.496 TRACE 81444 --- [    Test worker] o.h.type.descriptor.sql.BasicExtractor   : extracted value ([name8_0_] : [VARCHAR]) - [해양생명양식학전공]
2019-06-13 17:57:28.497 TRACE 81444 --- [    Test worker] o.h.type.descriptor.sql.BasicExtractor   : extracted value ([id1_0_] : [BIGINT]) - [349]
2019-06-13 17:57:28.497 TRACE 81444 --- [    Test worker] o.h.type.descriptor.sql.BasicExtractor   : extracted value ([code2_0_] : [VARCHAR]) - [X5381]
2019-06-13 17:57:28.497 TRACE 81444 --- [    Test worker] o.h.type.descriptor.sql.BasicExtractor   : extracted value ([date_created3_0_] : [TIMESTAMP]) - [2019-05-23 15:52:18.0]
2019-06-13 17:57:28.497 TRACE 81444 --- [    Test worker] o.h.type.descriptor.sql.BasicExtractor   : extracted value ([is_active4_0_] : [BIT]) - [true]
2019-06-13 17:57:28.497 TRACE 81444 --- [    Test worker] o.h.type.descriptor.sql.BasicExtractor   : extracted value ([last_updated5_0_] : [TIMESTAMP]) - [2019-05-23 15:52:18.0]
2019-06-13 17:57:28.497 TRACE 81444 --- [    Test worker] o.h.type.descriptor.sql.BasicExtractor   : extracted value ([last_updator_id6_0_] : [BIGINT]) - [6]
2019-06-13 17:57:28.497 TRACE 81444 --- [    Test worker] o.h.type.descriptor.sql.BasicExtractor   : extracted value ([my_parent_id7_0_] : [BIGINT]) - [null]
2019-06-13 17:57:28.497 TRACE 81444 --- [    Test worker] o.h.type.descriptor.sql.BasicExtractor   : extracted value ([name8_0_] : [VARCHAR]) - [기관학전공]
2019-06-13 17:57:28.497 TRACE 81444 --- [    Test worker] o.h.type.descriptor.sql.BasicExtractor   : extracted value ([id1_0_] : [BIGINT]) - [350]
2019-06-13 17:57:28.497 TRACE 81444 --- [    Test worker] o.h.type.descriptor.sql.BasicExtractor   : extracted value ([code2_0_] : [VARCHAR]) - [X5382]
2019-06-13 17:57:28.497 TRACE 81444 --- [    Test worker] o.h.type.descriptor.sql.BasicExtractor   : extracted value ([date_created3_0_] : [TIMESTAMP]) - [2019-05-23 15:52:18.0]
2019-06-13 17:57:28.497 TRACE 81444 --- [    Test worker] o.h.type.descriptor.sql.BasicExtractor   : extracted value ([is_active4_0_] : [BIT]) - [true]
2019-06-13 17:57:28.497 TRACE 81444 --- [    Test worker] o.h.type.descriptor.sql.BasicExtractor   : extracted value ([last_updated5_0_] : [TIMESTAMP]) - [2019-05-24 14:09:42.0]
2019-06-13 17:57:28.497 TRACE 81444 --- [    Test worker] o.h.type.descriptor.sql.BasicExtractor   : extracted value ([last_updator_id6_0_] : [BIGINT]) - [6]
2019-06-13 17:57:28.498 TRACE 81444 --- [    Test worker] o.h.type.descriptor.sql.BasicExtractor   : extracted value ([my_parent_id7_0_] : [BIGINT]) - [855]
2019-06-13 17:57:28.498 TRACE 81444 --- [    Test worker] o.h.type.descriptor.sql.BasicExtractor   : extracted value ([name8_0_] : [VARCHAR]) - [기관공학전공]
2019-06-13 17:57:28.515 TRACE 81444 --- [    Test worker] o.h.type.descriptor.sql.BasicExtractor   : extracted value ([id1_0_] : [BIGINT]) - [351]
2019-06-13 17:57:28.515 TRACE 81444 --- [    Test worker] o.h.type.descriptor.sql.BasicExtractor   : extracted value ([code2_0_] : [VARCHAR]) - [X5383]
2019-06-13 17:57:28.515 TRACE 81444 --- [    Test worker] o.h.type.descriptor.sql.BasicExtractor   : extracted value ([date_created3_0_] : [TIMESTAMP]) - [2019-05-23 15:52:19.0]
2019-06-13 17:57:28.515 TRACE 81444 --- [    Test worker] o.h.type.descriptor.sql.BasicExtractor   : extracted value ([is_active4_0_] : [BIT]) - [true]
2019-06-13 17:57:28.515 TRACE 81444 --- [    Test worker] o.h.type.descriptor.sql.BasicExtractor   : extracted value ([last_updated5_0_] : [TIMESTAMP]) - [2019-05-24 14:09:42.0]
2019-06-13 17:57:28.515 TRACE 81444 --- [    Test worker] o.h.type.descriptor.sql.BasicExtractor   : extracted value ([last_updator_id6_0_] : [BIGINT]) - [6]
2019-06-13 17:57:28.516 TRACE 81444 --- [    Test worker] o.h.type.descriptor.sql.BasicExtractor   : extracted value ([my_parent_id7_0_] : [BIGINT]) - [855]
2019-06-13 17:57:28.516 TRACE 81444 --- [    Test worker] o.h.type.descriptor.sql.BasicExtractor   : extracted value ([name8_0_] : [VARCHAR]) - [동력기계시스템공학전공]
2019-06-13 17:57:28.516 TRACE 81444 --- [    Test worker] o.h.type.descriptor.sql.BasicExtractor   : extracted value ([id1_0_] : [BIGINT]) - [352]
2019-06-13 17:57:28.517 TRACE 81444 --- [    Test worker] o.h.type.descriptor.sql.BasicExtractor   : extracted value ([code2_0_] : [VARCHAR]) - [X5391]
2019-06-13 17:57:28.517 TRACE 81444 --- [    Test worker] o.h.type.descriptor.sql.BasicExtractor   : extracted value ([date_created3_0_] : [TIMESTAMP]) - [2019-05-23 15:52:19.0]
2019-06-13 17:57:28.518 TRACE 81444 --- [    Test worker] o.h.type.descriptor.sql.BasicExtractor   : extracted value ([is_active4_0_] : [BIT]) - [true]
2019-06-13 17:57:28.518 TRACE 81444 --- [    Test worker] o.h.type.descriptor.sql.BasicExtractor   : extracted value ([last_updated5_0_] : [TIMESTAMP]) - [2019-05-23 15:52:19.0]
2019-06-13 17:57:28.518 TRACE 81444 --- [    Test worker] o.h.type.descriptor.sql.BasicExtractor   : extracted value ([last_updator_id6_0_] : [BIGINT]) - [6]
2019-06-13 17:57:28.518 TRACE 81444 --- [    Test worker] o.h.type.descriptor.sql.BasicExtractor   : extracted value ([my_parent_id7_0_] : [BIGINT]) - [null]
2019-06-13 17:57:28.518 TRACE 81444 --- [    Test worker] o.h.type.descriptor.sql.BasicExtractor   : extracted value ([name8_0_] : [VARCHAR]) - [통신학전공]
2019-06-13 17:57:28.518 TRACE 81444 --- [    Test worker] o.h.type.descriptor.sql.BasicExtractor   : extracted value ([id1_0_] : [BIGINT]) - [353]
2019-06-13 17:57:28.518 TRACE 81444 --- [    Test worker] o.h.type.descriptor.sql.BasicExtractor   : extracted value ([code2_0_] : [VARCHAR]) - [X5392]
2019-06-13 17:57:28.518 TRACE 81444 --- [    Test worker] o.h.type.descriptor.sql.BasicExtractor   : extracted value ([date_created3_0_] : [TIMESTAMP]) - [2019-05-23 15:52:19.0]
2019-06-13 17:57:28.518 TRACE 81444 --- [    Test worker] o.h.type.descriptor.sql.BasicExtractor   : extracted value ([is_active4_0_] : [BIT]) - [true]
2019-06-13 17:57:28.518 TRACE 81444 --- [    Test worker] o.h.type.descriptor.sql.BasicExtractor   : extracted value ([last_updated5_0_] : [TIMESTAMP]) - [2019-05-24 14:09:43.0]
2019-06-13 17:57:28.518 TRACE 81444 --- [    Test worker] o.h.type.descriptor.sql.BasicExtractor   : extracted value ([last_updator_id6_0_] : [BIGINT]) - [6]
2019-06-13 17:57:28.518 TRACE 81444 --- [    Test worker] o.h.type.descriptor.sql.BasicExtractor   : extracted value ([my_parent_id7_0_] : [BIGINT]) - [854]
2019-06-13 17:57:28.518 TRACE 81444 --- [    Test worker] o.h.type.descriptor.sql.BasicExtractor   : extracted value ([name8_0_] : [VARCHAR]) - [전파공학전공]
2019-06-13 17:57:28.519 TRACE 81444 --- [    Test worker] o.h.type.descriptor.sql.BasicExtractor   : extracted value ([id1_0_] : [BIGINT]) - [354]
2019-06-13 17:57:28.519 TRACE 81444 --- [    Test worker] o.h.type.descriptor.sql.BasicExtractor   : extracted value ([code2_0_] : [VARCHAR]) - [X5393]
2019-06-13 17:57:28.519 TRACE 81444 --- [    Test worker] o.h.type.descriptor.sql.BasicExtractor   : extracted value ([date_created3_0_] : [TIMESTAMP]) - [2019-05-23 15:52:20.0]
2019-06-13 17:57:28.519 TRACE 81444 --- [    Test worker] o.h.type.descriptor.sql.BasicExtractor   : extracted value ([is_active4_0_] : [BIT]) - [true]
2019-06-13 17:57:28.519 TRACE 81444 --- [    Test worker] o.h.type.descriptor.sql.BasicExtractor   : extracted value ([last_updated5_0_] : [TIMESTAMP]) - [2019-05-24 14:48:38.0]
2019-06-13 17:57:28.519 TRACE 81444 --- [    Test worker] o.h.type.descriptor.sql.BasicExtractor   : extracted value ([last_updator_id6_0_] : [BIGINT]) - [6]
2019-06-13 17:57:28.519 TRACE 81444 --- [    Test worker] o.h.type.descriptor.sql.BasicExtractor   : extracted value ([my_parent_id7_0_] : [BIGINT]) - [null]
2019-06-13 17:57:28.519 TRACE 81444 --- [    Test worker] o.h.type.descriptor.sql.BasicExtractor   : extracted value ([name8_0_] : [VARCHAR]) - [통신공학전공]
2019-06-13 17:57:28.519 TRACE 81444 --- [    Test worker] o.h.type.descriptor.sql.BasicExtractor   : extracted value ([id1_0_] : [BIGINT]) - [355]
2019-06-13 17:57:28.519 TRACE 81444 --- [    Test worker] o.h.type.descriptor.sql.BasicExtractor   : extracted value ([code2_0_] : [VARCHAR]) - [X53A1]
2019-06-13 17:57:28.519 TRACE 81444 --- [    Test worker] o.h.type.descriptor.sql.BasicExtractor   : extracted value ([date_created3_0_] : [TIMESTAMP]) - [2019-05-23 15:52:20.0]
2019-06-13 17:57:28.519 TRACE 81444 --- [    Test worker] o.h.type.descriptor.sql.BasicExtractor   : extracted value ([is_active4_0_] : [BIT]) - [true]
2019-06-13 17:57:28.519 TRACE 81444 --- [    Test worker] o.h.type.descriptor.sql.BasicExtractor   : extracted value ([last_updated5_0_] : [TIMESTAMP]) - [2019-05-24 14:48:39.0]
2019-06-13 17:57:28.520 TRACE 81444 --- [    Test worker] o.h.type.descriptor.sql.BasicExtractor   : extracted value ([last_updator_id6_0_] : [BIGINT]) - [6]
2019-06-13 17:57:28.520 TRACE 81444 --- [    Test worker] o.h.type.descriptor.sql.BasicExtractor   : extracted value ([my_parent_id7_0_] : [BIGINT]) - [null]
2019-06-13 17:57:28.520 TRACE 81444 --- [    Test worker] o.h.type.descriptor.sql.BasicExtractor   : extracted value ([name8_0_] : [VARCHAR]) - [해양생산시스템전공]
2019-06-13 17:57:28.520 TRACE 81444 --- [    Test worker] o.h.type.descriptor.sql.BasicExtractor   : extracted value ([id1_0_] : [BIGINT]) - [356]
2019-06-13 17:57:28.520 TRACE 81444 --- [    Test worker] o.h.type.descriptor.sql.BasicExtractor   : extracted value ([code2_0_] : [VARCHAR]) - [X53A2]
2019-06-13 17:57:28.520 TRACE 81444 --- [    Test worker] o.h.type.descriptor.sql.BasicExtractor   : extracted value ([date_created3_0_] : [TIMESTAMP]) - [2019-05-23 15:52:21.0]
2019-06-13 17:57:28.520 TRACE 81444 --- [    Test worker] o.h.type.descriptor.sql.BasicExtractor   : extracted value ([is_active4_0_] : [BIT]) - [true]
2019-06-13 17:57:28.520 TRACE 81444 --- [    Test worker] o.h.type.descriptor.sql.BasicExtractor   : extracted value ([last_updated5_0_] : [TIMESTAMP]) - [2019-05-24 14:48:39.0]
2019-06-13 17:57:28.520 TRACE 81444 --- [    Test worker] o.h.type.descriptor.sql.BasicExtractor   : extracted value ([last_updator_id6_0_] : [BIGINT]) - [6]
2019-06-13 17:57:28.520 TRACE 81444 --- [    Test worker] o.h.type.descriptor.sql.BasicExtractor   : extracted value ([my_parent_id7_0_] : [BIGINT]) - [null]
2019-06-13 17:57:28.520 TRACE 81444 --- [    Test worker] o.h.type.descriptor.sql.BasicExtractor   : extracted value ([name8_0_] : [VARCHAR]) - [마린엔지니어링전공]
2019-06-13 17:57:28.520 TRACE 81444 --- [    Test worker] o.h.type.descriptor.sql.BasicExtractor   : extracted value ([id1_0_] : [BIGINT]) - [357]
2019-06-13 17:57:28.520 TRACE 81444 --- [    Test worker] o.h.type.descriptor.sql.BasicExtractor   : extracted value ([code2_0_] : [VARCHAR]) - [X5401]
2019-06-13 17:57:28.520 TRACE 81444 --- [    Test worker] o.h.type.descriptor.sql.BasicExtractor   : extracted value ([date_created3_0_] : [TIMESTAMP]) - [2019-05-23 15:52:21.0]
2019-06-13 17:57:28.520 TRACE 81444 --- [    Test worker] o.h.type.descriptor.sql.BasicExtractor   : extracted value ([is_active4_0_] : [BIT]) - [true]
2019-06-13 17:57:28.521 TRACE 81444 --- [    Test worker] o.h.type.descriptor.sql.BasicExtractor   : extracted value ([last_updated5_0_] : [TIMESTAMP]) - [2019-05-23 15:52:21.0]
2019-06-13 17:57:28.521 TRACE 81444 --- [    Test worker] o.h.type.descriptor.sql.BasicExtractor   : extracted value ([last_updator_id6_0_] : [BIGINT]) - [6]
2019-06-13 17:57:28.521 TRACE 81444 --- [    Test worker] o.h.type.descriptor.sql.BasicExtractor   : extracted value ([my_parent_id7_0_] : [BIGINT]) - [null]
2019-06-13 17:57:28.521 TRACE 81444 --- [    Test worker] o.h.type.descriptor.sql.BasicExtractor   : extracted value ([name8_0_] : [VARCHAR]) - [해양토목학전공]
2019-06-13 17:57:28.521 TRACE 81444 --- [    Test worker] o.h.type.descriptor.sql.BasicExtractor   : extracted value ([id1_0_] : [BIGINT]) - [358]
2019-06-13 17:57:28.521 TRACE 81444 --- [    Test worker] o.h.type.descriptor.sql.BasicExtractor   : extracted value ([code2_0_] : [VARCHAR]) - [X5402]
2019-06-13 17:57:28.522 TRACE 81444 --- [    Test worker] o.h.type.descriptor.sql.BasicExtractor   : extracted value ([date_created3_0_] : [TIMESTAMP]) - [2019-05-23 15:52:21.0]
2019-06-13 17:57:28.522 TRACE 81444 --- [    Test worker] o.h.type.descriptor.sql.BasicExtractor   : extracted value ([is_active4_0_] : [BIT]) - [true]
2019-06-13 17:57:28.522 TRACE 81444 --- [    Test worker] o.h.type.descriptor.sql.BasicExtractor   : extracted value ([last_updated5_0_] : [TIMESTAMP]) - [2019-05-24 14:48:39.0]
2019-06-13 17:57:28.522 TRACE 81444 --- [    Test worker] o.h.type.descriptor.sql.BasicExtractor   : extracted value ([last_updator_id6_0_] : [BIGINT]) - [6]
2019-06-13 17:57:28.522 TRACE 81444 --- [    Test worker] o.h.type.descriptor.sql.BasicExtractor   : extracted value ([my_parent_id7_0_] : [BIGINT]) - [855]
2019-06-13 17:57:28.522 TRACE 81444 --- [    Test worker] o.h.type.descriptor.sql.BasicExtractor   : extracted value ([name8_0_] : [VARCHAR]) - [해양토목공학전공]
2019-06-13 17:57:28.522 TRACE 81444 --- [    Test worker] o.h.type.descriptor.sql.BasicExtractor   : extracted value ([id1_0_] : [BIGINT]) - [359]
2019-06-13 17:57:28.522 TRACE 81444 --- [    Test worker] o.h.type.descriptor.sql.BasicExtractor   : extracted value ([code2_0_] : [VARCHAR]) - [X5403]
2019-06-13 17:57:28.522 TRACE 81444 --- [    Test worker] o.h.type.descriptor.sql.BasicExtractor   : extracted value ([date_created3_0_] : [TIMESTAMP]) - [2019-05-23 15:52:22.0]
2019-06-13 17:57:28.522 TRACE 81444 --- [    Test worker] o.h.type.descriptor.sql.BasicExtractor   : extracted value ([is_active4_0_] : [BIT]) - [true]
2019-06-13 17:57:28.522 TRACE 81444 --- [    Test worker] o.h.type.descriptor.sql.BasicExtractor   : extracted value ([last_updated5_0_] : [TIMESTAMP]) - [2019-05-24 14:09:45.0]
2019-06-13 17:57:28.522 TRACE 81444 --- [    Test worker] o.h.type.descriptor.sql.BasicExtractor   : extracted value ([last_updator_id6_0_] : [BIGINT]) - [6]
2019-06-13 17:57:28.522 TRACE 81444 --- [    Test worker] o.h.type.descriptor.sql.BasicExtractor   : extracted value ([my_parent_id7_0_] : [BIGINT]) - [137]
2019-06-13 17:57:28.522 TRACE 81444 --- [    Test worker] o.h.type.descriptor.sql.BasicExtractor   : extracted value ([name8_0_] : [VARCHAR]) - [해양건설공학전공]
2019-06-13 17:57:28.522 TRACE 81444 --- [    Test worker] o.h.type.descriptor.sql.BasicExtractor   : extracted value ([id1_0_] : [BIGINT]) - [360]
2019-06-13 17:57:28.522 TRACE 81444 --- [    Test worker] o.h.type.descriptor.sql.BasicExtractor   : extracted value ([code2_0_] : [VARCHAR]) - [X5411]
2019-06-13 17:57:28.522 TRACE 81444 --- [    Test worker] o.h.type.descriptor.sql.BasicExtractor   : extracted value ([date_created3_0_] : [TIMESTAMP]) - [2019-05-23 15:52:22.0]
2019-06-13 17:57:28.522 TRACE 81444 --- [    Test worker] o.h.type.descriptor.sql.BasicExtractor   : extracted value ([is_active4_0_] : [BIT]) - [true]
2019-06-13 17:57:28.523 TRACE 81444 --- [    Test worker] o.h.type.descriptor.sql.BasicExtractor   : extracted value ([last_updated5_0_] : [TIMESTAMP]) - [2019-05-23 15:52:22.0]
2019-06-13 17:57:28.523 TRACE 81444 --- [    Test worker] o.h.type.descriptor.sql.BasicExtractor   : extracted value ([last_updator_id6_0_] : [BIGINT]) - [6]
2019-06-13 17:57:28.523 TRACE 81444 --- [    Test worker] o.h.type.descriptor.sql.BasicExtractor   : extracted value ([my_parent_id7_0_] : [BIGINT]) - [null]
2019-06-13 17:57:28.523 TRACE 81444 --- [    Test worker] o.h.type.descriptor.sql.BasicExtractor   : extracted value ([name8_0_] : [VARCHAR]) - [해양환경학전공]
2019-06-13 17:57:28.540 TRACE 81444 --- [    Test worker] o.h.type.descriptor.sql.BasicExtractor   : extracted value ([id1_0_] : [BIGINT]) - [361]
2019-06-13 17:57:28.540 TRACE 81444 --- [    Test worker] o.h.type.descriptor.sql.BasicExtractor   : extracted value ([code2_0_] : [VARCHAR]) - [X5412]
2019-06-13 17:57:28.540 TRACE 81444 --- [    Test worker] o.h.type.descriptor.sql.BasicExtractor   : extracted value ([date_created3_0_] : [TIMESTAMP]) - [2019-05-23 15:52:22.0]
2019-06-13 17:57:28.540 TRACE 81444 --- [    Test worker] o.h.type.descriptor.sql.BasicExtractor   : extracted value ([is_active4_0_] : [BIT]) - [true]
2019-06-13 17:57:28.540 TRACE 81444 --- [    Test worker] o.h.type.descriptor.sql.BasicExtractor   : extracted value ([last_updated5_0_] : [TIMESTAMP]) - [2019-05-24 14:48:40.0]
2019-06-13 17:57:28.540 TRACE 81444 --- [    Test worker] o.h.type.descriptor.sql.BasicExtractor   : extracted value ([last_updator_id6_0_] : [BIGINT]) - [6]
2019-06-13 17:57:28.541 TRACE 81444 --- [    Test worker] o.h.type.descriptor.sql.BasicExtractor   : extracted value ([my_parent_id7_0_] : [BIGINT]) - [854]
2019-06-13 17:57:28.541 TRACE 81444 --- [    Test worker] o.h.type.descriptor.sql.BasicExtractor   : extracted value ([name8_0_] : [VARCHAR]) - [해양환경공학전공]
2019-06-13 17:57:28.541 TRACE 81444 --- [    Test worker] o.h.type.descriptor.sql.BasicExtractor   : extracted value ([id1_0_] : [BIGINT]) - [362]
2019-06-13 17:57:28.542 TRACE 81444 --- [    Test worker] o.h.type.descriptor.sql.BasicExtractor   : extracted value ([code2_0_] : [VARCHAR]) - [X5421]
2019-06-13 17:57:28.542 TRACE 81444 --- [    Test worker] o.h.type.descriptor.sql.BasicExtractor   : extracted value ([date_created3_0_] : [TIMESTAMP]) - [2019-05-23 15:52:32.0]
2019-06-13 17:57:28.542 TRACE 81444 --- [    Test worker] o.h.type.descriptor.sql.BasicExtractor   : extracted value ([is_active4_0_] : [BIT]) - [true]
2019-06-13 17:57:28.542 TRACE 81444 --- [    Test worker] o.h.type.descriptor.sql.BasicExtractor   : extracted value ([last_updated5_0_] : [TIMESTAMP]) - [2019-05-24 14:09:45.0]
2019-06-13 17:57:28.542 TRACE 81444 --- [    Test worker] o.h.type.descriptor.sql.BasicExtractor   : extracted value ([last_updator_id6_0_] : [BIGINT]) - [6]
2019-06-13 17:57:28.542 TRACE 81444 --- [    Test worker] o.h.type.descriptor.sql.BasicExtractor   : extracted value ([my_parent_id7_0_] : [BIGINT]) - [855]
2019-06-13 17:57:28.542 TRACE 81444 --- [    Test worker] o.h.type.descriptor.sql.BasicExtractor   : extracted value ([name8_0_] : [VARCHAR]) - [수족병리학전공]
2019-06-13 17:57:28.542 TRACE 81444 --- [    Test worker] o.h.type.descriptor.sql.BasicExtractor   : extracted value ([id1_0_] : [BIGINT]) - [363]
2019-06-13 17:57:28.542 TRACE 81444 --- [    Test worker] o.h.type.descriptor.sql.BasicExtractor   : extracted value ([code2_0_] : [VARCHAR]) - [X5422]
2019-06-13 17:57:28.542 TRACE 81444 --- [    Test worker] o.h.type.descriptor.sql.BasicExtractor   : extracted value ([date_created3_0_] : [TIMESTAMP]) - [2019-05-23 15:52:32.0]
2019-06-13 17:57:28.542 TRACE 81444 --- [    Test worker] o.h.type.descriptor.sql.BasicExtractor   : extracted value ([is_active4_0_] : [BIT]) - [true]
2019-06-13 17:57:28.542 TRACE 81444 --- [    Test worker] o.h.type.descriptor.sql.BasicExtractor   : extracted value ([last_updated5_0_] : [TIMESTAMP]) - [2019-05-24 14:09:45.0]
2019-06-13 17:57:28.542 TRACE 81444 --- [    Test worker] o.h.type.descriptor.sql.BasicExtractor   : extracted value ([last_updator_id6_0_] : [BIGINT]) - [6]
2019-06-13 17:57:28.543 TRACE 81444 --- [    Test worker] o.h.type.descriptor.sql.BasicExtractor   : extracted value ([my_parent_id7_0_] : [BIGINT]) - [145]
2019-06-13 17:57:28.543 TRACE 81444 --- [    Test worker] o.h.type.descriptor.sql.BasicExtractor   : extracted value ([name8_0_] : [VARCHAR]) - [해양생명의학전공]
2019-06-13 17:57:28.543 TRACE 81444 --- [    Test worker] o.h.type.descriptor.sql.BasicExtractor   : extracted value ([id1_0_] : [BIGINT]) - [364]
2019-06-13 17:57:28.543 TRACE 81444 --- [    Test worker] o.h.type.descriptor.sql.BasicExtractor   : extracted value ([code2_0_] : [VARCHAR]) - [X5423]
2019-06-13 17:57:28.543 TRACE 81444 --- [    Test worker] o.h.type.descriptor.sql.BasicExtractor   : extracted value ([date_created3_0_] : [TIMESTAMP]) - [2019-05-23 15:52:32.0]
2019-06-13 17:57:28.543 TRACE 81444 --- [    Test worker] o.h.type.descriptor.sql.BasicExtractor   : extracted value ([is_active4_0_] : [BIT]) - [true]
2019-06-13 17:57:28.543 TRACE 81444 --- [    Test worker] o.h.type.descriptor.sql.BasicExtractor   : extracted value ([last_updated5_0_] : [TIMESTAMP]) - [2019-05-24 14:09:45.0]
2019-06-13 17:57:28.543 TRACE 81444 --- [    Test worker] o.h.type.descriptor.sql.BasicExtractor   : extracted value ([last_updator_id6_0_] : [BIGINT]) - [6]
2019-06-13 17:57:28.543 TRACE 81444 --- [    Test worker] o.h.type.descriptor.sql.BasicExtractor   : extracted value ([my_parent_id7_0_] : [BIGINT]) - [145]
2019-06-13 17:57:28.543 TRACE 81444 --- [    Test worker] o.h.type.descriptor.sql.BasicExtractor   : extracted value ([name8_0_] : [VARCHAR]) - [수산생명의학전공]
2019-06-13 17:57:28.543 TRACE 81444 --- [    Test worker] o.h.type.descriptor.sql.BasicExtractor   : extracted value ([id1_0_] : [BIGINT]) - [365]
2019-06-13 17:57:28.543 TRACE 81444 --- [    Test worker] o.h.type.descriptor.sql.BasicExtractor   : extracted value ([code2_0_] : [VARCHAR]) - [X5431]
2019-06-13 17:57:28.543 TRACE 81444 --- [    Test worker] o.h.type.descriptor.sql.BasicExtractor   : extracted value ([date_created3_0_] : [TIMESTAMP]) - [2019-05-23 15:52:33.0]
2019-06-13 17:57:28.543 TRACE 81444 --- [    Test worker] o.h.type.descriptor.sql.BasicExtractor   : extracted value ([is_active4_0_] : [BIT]) - [true]
2019-06-13 17:57:28.543 TRACE 81444 --- [    Test worker] o.h.type.descriptor.sql.BasicExtractor   : extracted value ([last_updated5_0_] : [TIMESTAMP]) - [2019-05-24 14:48:42.0]
2019-06-13 17:57:28.543 TRACE 81444 --- [    Test worker] o.h.type.descriptor.sql.BasicExtractor   : extracted value ([last_updator_id6_0_] : [BIGINT]) - [6]
2019-06-13 17:57:28.543 TRACE 81444 --- [    Test worker] o.h.type.descriptor.sql.BasicExtractor   : extracted value ([my_parent_id7_0_] : [BIGINT]) - [853]
2019-06-13 17:57:28.544 TRACE 81444 --- [    Test worker] o.h.type.descriptor.sql.BasicExtractor   : extracted value ([name8_0_] : [VARCHAR]) - [계산통계학전공]
2019-06-13 17:57:28.544 TRACE 81444 --- [    Test worker] o.h.type.descriptor.sql.BasicExtractor   : extracted value ([id1_0_] : [BIGINT]) - [366]
2019-06-13 17:57:28.544 TRACE 81444 --- [    Test worker] o.h.type.descriptor.sql.BasicExtractor   : extracted value ([code2_0_] : [VARCHAR]) - [X5432]
2019-06-13 17:57:28.544 TRACE 81444 --- [    Test worker] o.h.type.descriptor.sql.BasicExtractor   : extracted value ([date_created3_0_] : [TIMESTAMP]) - [2019-05-23 15:52:33.0]
2019-06-13 17:57:28.544 TRACE 81444 --- [    Test worker] o.h.type.descriptor.sql.BasicExtractor   : extracted value ([is_active4_0_] : [BIT]) - [true]
2019-06-13 17:57:28.544 TRACE 81444 --- [    Test worker] o.h.type.descriptor.sql.BasicExtractor   : extracted value ([last_updated5_0_] : [TIMESTAMP]) - [2019-05-24 14:09:46.0]
2019-06-13 17:57:28.544 TRACE 81444 --- [    Test worker] o.h.type.descriptor.sql.BasicExtractor   : extracted value ([last_updator_id6_0_] : [BIGINT]) - [6]
2019-06-13 17:57:28.544 TRACE 81444 --- [    Test worker] o.h.type.descriptor.sql.BasicExtractor   : extracted value ([my_parent_id7_0_] : [BIGINT]) - [853]
2019-06-13 17:57:28.544 TRACE 81444 --- [    Test worker] o.h.type.descriptor.sql.BasicExtractor   : extracted value ([name8_0_] : [VARCHAR]) - [정보통계학전공]
2019-06-13 17:57:28.544 TRACE 81444 --- [    Test worker] o.h.type.descriptor.sql.BasicExtractor   : extracted value ([id1_0_] : [BIGINT]) - [367]
2019-06-13 17:57:28.544 TRACE 81444 --- [    Test worker] o.h.type.descriptor.sql.BasicExtractor   : extracted value ([code2_0_] : [VARCHAR]) - [X5433]
2019-06-13 17:57:28.544 TRACE 81444 --- [    Test worker] o.h.type.descriptor.sql.BasicExtractor   : extracted value ([date_created3_0_] : [TIMESTAMP]) - [2019-05-23 15:52:34.0]
2019-06-13 17:57:28.544 TRACE 81444 --- [    Test worker] o.h.type.descriptor.sql.BasicExtractor   : extracted value ([is_active4_0_] : [BIT]) - [true]
2019-06-13 17:57:28.544 TRACE 81444 --- [    Test worker] o.h.type.descriptor.sql.BasicExtractor   : extracted value ([last_updated5_0_] : [TIMESTAMP]) - [2019-05-24 14:48:42.0]
2019-06-13 17:57:28.544 TRACE 81444 --- [    Test worker] o.h.type.descriptor.sql.BasicExtractor   : extracted value ([last_updator_id6_0_] : [BIGINT]) - [6]
2019-06-13 17:57:28.544 TRACE 81444 --- [    Test worker] o.h.type.descriptor.sql.BasicExtractor   : extracted value ([my_parent_id7_0_] : [BIGINT]) - [null]
2019-06-13 17:57:28.544 TRACE 81444 --- [    Test worker] o.h.type.descriptor.sql.BasicExtractor   : extracted value ([name8_0_] : [VARCHAR]) - [통계컴퓨터과학전공]
2019-06-13 17:57:28.544 TRACE 81444 --- [    Test worker] o.h.type.descriptor.sql.BasicExtractor   : extracted value ([id1_0_] : [BIGINT]) - [368]
2019-06-13 17:57:28.545 TRACE 81444 --- [    Test worker] o.h.type.descriptor.sql.BasicExtractor   : extracted value ([code2_0_] : [VARCHAR]) - [X5434]
2019-06-13 17:57:28.545 TRACE 81444 --- [    Test worker] o.h.type.descriptor.sql.BasicExtractor   : extracted value ([date_created3_0_] : [TIMESTAMP]) - [2019-05-23 15:52:34.0]
2019-06-13 17:57:28.545 TRACE 81444 --- [    Test worker] o.h.type.descriptor.sql.BasicExtractor   : extracted value ([is_active4_0_] : [BIT]) - [true]
2019-06-13 17:57:28.545 TRACE 81444 --- [    Test worker] o.h.type.descriptor.sql.BasicExtractor   : extracted value ([last_updated5_0_] : [TIMESTAMP]) - [2019-05-24 14:48:42.0]
2019-06-13 17:57:28.545 TRACE 81444 --- [    Test worker] o.h.type.descriptor.sql.BasicExtractor   : extracted value ([last_updator_id6_0_] : [BIGINT]) - [6]
2019-06-13 17:57:28.545 TRACE 81444 --- [    Test worker] o.h.type.descriptor.sql.BasicExtractor   : extracted value ([my_parent_id7_0_] : [BIGINT]) - [null]
2019-06-13 17:57:28.545 TRACE 81444 --- [    Test worker] o.h.type.descriptor.sql.BasicExtractor   : extracted value ([name8_0_] : [VARCHAR]) - [응용통계학전공]
2019-06-13 17:57:28.545 TRACE 81444 --- [    Test worker] o.h.type.descriptor.sql.BasicExtractor   : extracted value ([id1_0_] : [BIGINT]) - [369]
2019-06-13 17:57:28.545 TRACE 81444 --- [    Test worker] o.h.type.descriptor.sql.BasicExtractor   : extracted value ([code2_0_] : [VARCHAR]) - [X5441]
2019-06-13 17:57:28.545 TRACE 81444 --- [    Test worker] o.h.type.descriptor.sql.BasicExtractor   : extracted value ([date_created3_0_] : [TIMESTAMP]) - [2019-05-23 15:52:34.0]
2019-06-13 17:57:28.545 TRACE 81444 --- [    Test worker] o.h.type.descriptor.sql.BasicExtractor   : extracted value ([is_active4_0_] : [BIT]) - [true]
2019-06-13 17:57:28.545 TRACE 81444 --- [    Test worker] o.h.type.descriptor.sql.BasicExtractor   : extracted value ([last_updated5_0_] : [TIMESTAMP]) - [2019-05-24 14:09:48.0]
2019-06-13 17:57:28.545 TRACE 81444 --- [    Test worker] o.h.type.descriptor.sql.BasicExtractor   : extracted value ([last_updator_id6_0_] : [BIGINT]) - [6]
2019-06-13 17:57:28.545 TRACE 81444 --- [    Test worker] o.h.type.descriptor.sql.BasicExtractor   : extracted value ([my_parent_id7_0_] : [BIGINT]) - [853]
2019-06-13 17:57:28.545 TRACE 81444 --- [    Test worker] o.h.type.descriptor.sql.BasicExtractor   : extracted value ([name8_0_] : [VARCHAR]) - [의류학전공]
2019-06-13 17:57:28.546 TRACE 81444 --- [    Test worker] o.h.type.descriptor.sql.BasicExtractor   : extracted value ([id1_0_] : [BIGINT]) - [370]
2019-06-13 17:57:28.546 TRACE 81444 --- [    Test worker] o.h.type.descriptor.sql.BasicExtractor   : extracted value ([code2_0_] : [VARCHAR]) - [X5442]
2019-06-13 17:57:28.546 TRACE 81444 --- [    Test worker] o.h.type.descriptor.sql.BasicExtractor   : extracted value ([date_created3_0_] : [TIMESTAMP]) - [2019-05-23 15:52:35.0]
2019-06-13 17:57:28.546 TRACE 81444 --- [    Test worker] o.h.type.descriptor.sql.BasicExtractor   : extracted value ([is_active4_0_] : [BIT]) - [true]
2019-06-13 17:57:28.546 TRACE 81444 --- [    Test worker] o.h.type.descriptor.sql.BasicExtractor   : extracted value ([last_updated5_0_] : [TIMESTAMP]) - [2019-05-23 15:52:35.0]
2019-06-13 17:57:28.546 TRACE 81444 --- [    Test worker] o.h.type.descriptor.sql.BasicExtractor   : extracted value ([last_updator_id6_0_] : [BIGINT]) - [6]
2019-06-13 17:57:28.546 TRACE 81444 --- [    Test worker] o.h.type.descriptor.sql.BasicExtractor   : extracted value ([my_parent_id7_0_] : [BIGINT]) - [null]
2019-06-13 17:57:28.546 TRACE 81444 --- [    Test worker] o.h.type.descriptor.sql.BasicExtractor   : extracted value ([name8_0_] : [VARCHAR]) - [주거가족아동학전공]
2019-06-13 17:57:28.563 TRACE 81444 --- [    Test worker] o.h.type.descriptor.sql.BasicExtractor   : extracted value ([id1_0_] : [BIGINT]) - [371]
2019-06-13 17:57:28.564 TRACE 81444 --- [    Test worker] o.h.type.descriptor.sql.BasicExtractor   : extracted value ([code2_0_] : [VARCHAR]) - [X5443]
2019-06-13 17:57:28.564 TRACE 81444 --- [    Test worker] o.h.type.descriptor.sql.BasicExtractor   : extracted value ([date_created3_0_] : [TIMESTAMP]) - [2019-05-23 15:52:35.0]
2019-06-13 17:57:28.564 TRACE 81444 --- [    Test worker] o.h.type.descriptor.sql.BasicExtractor   : extracted value ([is_active4_0_] : [BIT]) - [true]
2019-06-13 17:57:28.564 TRACE 81444 --- [    Test worker] o.h.type.descriptor.sql.BasicExtractor   : extracted value ([last_updated5_0_] : [TIMESTAMP]) - [2019-05-24 14:48:43.0]
2019-06-13 17:57:28.564 TRACE 81444 --- [    Test worker] o.h.type.descriptor.sql.BasicExtractor   : extracted value ([last_updator_id6_0_] : [BIGINT]) - [6]
2019-06-13 17:57:28.564 TRACE 81444 --- [    Test worker] o.h.type.descriptor.sql.BasicExtractor   : extracted value ([my_parent_id7_0_] : [BIGINT]) - [null]
2019-06-13 17:57:28.564 TRACE 81444 --- [    Test worker] o.h.type.descriptor.sql.BasicExtractor   : extracted value ([name8_0_] : [VARCHAR]) - [섬유디자인전공]
2019-06-13 17:57:28.564 TRACE 81444 --- [    Test worker] o.h.type.descriptor.sql.BasicExtractor   : extracted value ([id1_0_] : [BIGINT]) - [372]
2019-06-13 17:57:28.564 TRACE 81444 --- [    Test worker] o.h.type.descriptor.sql.BasicExtractor   : extracted value ([code2_0_] : [VARCHAR]) - [X5451]
2019-06-13 17:57:28.564 TRACE 81444 --- [    Test worker] o.h.type.descriptor.sql.BasicExtractor   : extracted value ([date_created3_0_] : [TIMESTAMP]) - [2019-05-23 15:52:35.0]
2019-06-13 17:57:28.564 TRACE 81444 --- [    Test worker] o.h.type.descriptor.sql.BasicExtractor   : extracted value ([is_active4_0_] : [BIT]) - [true]
2019-06-13 17:57:28.564 TRACE 81444 --- [    Test worker] o.h.type.descriptor.sql.BasicExtractor   : extracted value ([last_updated5_0_] : [TIMESTAMP]) - [2019-05-24 14:09:49.0]
2019-06-13 17:57:28.565 TRACE 81444 --- [    Test worker] o.h.type.descriptor.sql.BasicExtractor   : extracted value ([last_updator_id6_0_] : [BIGINT]) - [6]
2019-06-13 17:57:28.565 TRACE 81444 --- [    Test worker] o.h.type.descriptor.sql.BasicExtractor   : extracted value ([my_parent_id7_0_] : [BIGINT]) - [854]
2019-06-13 17:57:28.565 TRACE 81444 --- [    Test worker] o.h.type.descriptor.sql.BasicExtractor   : extracted value ([name8_0_] : [VARCHAR]) - [건축공학전공]
2019-06-13 17:57:28.565 TRACE 81444 --- [    Test worker] o.h.type.descriptor.sql.BasicExtractor   : extracted value ([id1_0_] : [BIGINT]) - [373]
2019-06-13 17:57:28.565 TRACE 81444 --- [    Test worker] o.h.type.descriptor.sql.BasicExtractor   : extracted value ([code2_0_] : [VARCHAR]) - [X5452]
2019-06-13 17:57:28.565 TRACE 81444 --- [    Test worker] o.h.type.descriptor.sql.BasicExtractor   : extracted value ([date_created3_0_] : [TIMESTAMP]) - [2019-05-23 15:52:36.0]
2019-06-13 17:57:28.565 TRACE 81444 --- [    Test worker] o.h.type.descriptor.sql.BasicExtractor   : extracted value ([is_active4_0_] : [BIT]) - [true]
2019-06-13 17:57:28.565 TRACE 81444 --- [    Test worker] o.h.type.descriptor.sql.BasicExtractor   : extracted value ([last_updated5_0_] : [TIMESTAMP]) - [2019-05-24 14:09:49.0]
2019-06-13 17:57:28.565 TRACE 81444 --- [    Test worker] o.h.type.descriptor.sql.BasicExtractor   : extracted value ([last_updator_id6_0_] : [BIGINT]) - [6]
2019-06-13 17:57:28.565 TRACE 81444 --- [    Test worker] o.h.type.descriptor.sql.BasicExtractor   : extracted value ([my_parent_id7_0_] : [BIGINT]) - [137]
2019-06-13 17:57:28.565 TRACE 81444 --- [    Test worker] o.h.type.descriptor.sql.BasicExtractor   : extracted value ([name8_0_] : [VARCHAR]) - [건축전공]
2019-06-13 17:57:28.565 TRACE 81444 --- [    Test worker] o.h.type.descriptor.sql.BasicExtractor   : extracted value ([id1_0_] : [BIGINT]) - [374]
2019-06-13 17:57:28.565 TRACE 81444 --- [    Test worker] o.h.type.descriptor.sql.BasicExtractor   : extracted value ([code2_0_] : [VARCHAR]) - [X5453]
2019-06-13 17:57:28.565 TRACE 81444 --- [    Test worker] o.h.type.descriptor.sql.BasicExtractor   : extracted value ([date_created3_0_] : [TIMESTAMP]) - [2019-05-23 15:52:36.0]
2019-06-13 17:57:28.565 TRACE 81444 --- [    Test worker] o.h.type.descriptor.sql.BasicExtractor   : extracted value ([is_active4_0_] : [BIT]) - [true]
2019-06-13 17:57:28.565 TRACE 81444 --- [    Test worker] o.h.type.descriptor.sql.BasicExtractor   : extracted value ([last_updated5_0_] : [TIMESTAMP]) - [2019-05-24 14:09:49.0]
2019-06-13 17:57:28.565 TRACE 81444 --- [    Test worker] o.h.type.descriptor.sql.BasicExtractor   : extracted value ([last_updator_id6_0_] : [BIGINT]) - [6]
2019-06-13 17:57:28.565 TRACE 81444 --- [    Test worker] o.h.type.descriptor.sql.BasicExtractor   : extracted value ([my_parent_id7_0_] : [BIGINT]) - [91]
2019-06-13 17:57:28.566 TRACE 81444 --- [    Test worker] o.h.type.descriptor.sql.BasicExtractor   : extracted value ([name8_0_] : [VARCHAR]) - [건축해양건설융합공학전공]
2019-06-13 17:57:28.566 TRACE 81444 --- [    Test worker] o.h.type.descriptor.sql.BasicExtractor   : extracted value ([id1_0_] : [BIGINT]) - [375]
2019-06-13 17:57:28.566 TRACE 81444 --- [    Test worker] o.h.type.descriptor.sql.BasicExtractor   : extracted value ([code2_0_] : [VARCHAR]) - [X5461]
2019-06-13 17:57:28.566 TRACE 81444 --- [    Test worker] o.h.type.descriptor.sql.BasicExtractor   : extracted value ([date_created3_0_] : [TIMESTAMP]) - [2019-05-23 15:52:36.0]
2019-06-13 17:57:28.566 TRACE 81444 --- [    Test worker] o.h.type.descriptor.sql.BasicExtractor   : extracted value ([is_active4_0_] : [BIT]) - [true]
2019-06-13 17:57:28.566 TRACE 81444 --- [    Test worker] o.h.type.descriptor.sql.BasicExtractor   : extracted value ([last_updated5_0_] : [TIMESTAMP]) - [2019-05-24 14:09:50.0]
2019-06-13 17:57:28.566 TRACE 81444 --- [    Test worker] o.h.type.descriptor.sql.BasicExtractor   : extracted value ([last_updator_id6_0_] : [BIGINT]) - [6]
2019-06-13 17:57:28.566 TRACE 81444 --- [    Test worker] o.h.type.descriptor.sql.BasicExtractor   : extracted value ([my_parent_id7_0_] : [BIGINT]) - [121]
2019-06-13 17:57:28.566 TRACE 81444 --- [    Test worker] o.h.type.descriptor.sql.BasicExtractor   : extracted value ([name8_0_] : [VARCHAR]) - [중어중문학전공]
2019-06-13 17:57:28.566 TRACE 81444 --- [    Test worker] o.h.type.descriptor.sql.BasicExtractor   : extracted value ([id1_0_] : [BIGINT]) - [376]
2019-06-13 17:57:28.566 TRACE 81444 --- [    Test worker] o.h.type.descriptor.sql.BasicExtractor   : extracted value ([code2_0_] : [VARCHAR]) - [X5462]
2019-06-13 17:57:28.566 TRACE 81444 --- [    Test worker] o.h.type.descriptor.sql.BasicExtractor   : extracted value ([date_created3_0_] : [TIMESTAMP]) - [2019-05-23 15:52:37.0]
2019-06-13 17:57:28.566 TRACE 81444 --- [    Test worker] o.h.type.descriptor.sql.BasicExtractor   : extracted value ([is_active4_0_] : [BIT]) - [true]
2019-06-13 17:57:28.566 TRACE 81444 --- [    Test worker] o.h.type.descriptor.sql.BasicExtractor   : extracted value ([last_updated5_0_] : [TIMESTAMP]) - [2019-05-24 14:48:45.0]
2019-06-13 17:57:28.566 TRACE 81444 --- [    Test worker] o.h.type.descriptor.sql.BasicExtractor   : extracted value ([last_updator_id6_0_] : [BIGINT]) - [6]
2019-06-13 17:57:28.567 TRACE 81444 --- [    Test worker] o.h.type.descriptor.sql.BasicExtractor   : extracted value ([my_parent_id7_0_] : [BIGINT]) - [null]
2019-06-13 17:57:28.567 TRACE 81444 --- [    Test worker] o.h.type.descriptor.sql.BasicExtractor   : extracted value ([name8_0_] : [VARCHAR]) - [중국학전공]
2019-06-13 17:57:28.567 TRACE 81444 --- [    Test worker] o.h.type.descriptor.sql.BasicExtractor   : extracted value ([id1_0_] : [BIGINT]) - [377]
2019-06-13 17:57:28.567 TRACE 81444 --- [    Test worker] o.h.type.descriptor.sql.BasicExtractor   : extracted value ([code2_0_] : [VARCHAR]) - [X5471]
2019-06-13 17:57:28.567 TRACE 81444 --- [    Test worker] o.h.type.descriptor.sql.BasicExtractor   : extracted value ([date_created3_0_] : [TIMESTAMP]) - [2019-05-23 15:52:37.0]
2019-06-13 17:57:28.567 TRACE 81444 --- [    Test worker] o.h.type.descriptor.sql.BasicExtractor   : extracted value ([is_active4_0_] : [BIT]) - [true]
2019-06-13 17:57:28.567 TRACE 81444 --- [    Test worker] o.h.type.descriptor.sql.BasicExtractor   : extracted value ([last_updated5_0_] : [TIMESTAMP]) - [2019-05-24 14:09:50.0]
2019-06-13 17:57:28.567 TRACE 81444 --- [    Test worker] o.h.type.descriptor.sql.BasicExtractor   : extracted value ([last_updator_id6_0_] : [BIGINT]) - [6]
2019-06-13 17:57:28.567 TRACE 81444 --- [    Test worker] o.h.type.descriptor.sql.BasicExtractor   : extracted value ([my_parent_id7_0_] : [BIGINT]) - [851]
2019-06-13 17:57:28.567 TRACE 81444 --- [    Test worker] o.h.type.descriptor.sql.BasicExtractor   : extracted value ([name8_0_] : [VARCHAR]) - [산업도예전공]
2019-06-13 17:57:28.567 TRACE 81444 --- [    Test worker] o.h.type.descriptor.sql.BasicExtractor   : extracted value ([id1_0_] : [BIGINT]) - [378]
2019-06-13 17:57:28.567 TRACE 81444 --- [    Test worker] o.h.type.descriptor.sql.BasicExtractor   : extracted value ([code2_0_] : [VARCHAR]) - [X5481]
2019-06-13 17:57:28.567 TRACE 81444 --- [    Test worker] o.h.type.descriptor.sql.BasicExtractor   : extracted value ([date_created3_0_] : [TIMESTAMP]) - [2019-05-23 15:52:37.0]
2019-06-13 17:57:28.567 TRACE 81444 --- [    Test worker] o.h.type.descriptor.sql.BasicExtractor   : extracted value ([is_active4_0_] : [BIT]) - [true]
2019-06-13 17:57:28.567 TRACE 81444 --- [    Test worker] o.h.type.descriptor.sql.BasicExtractor   : extracted value ([last_updated5_0_] : [TIMESTAMP]) - [2019-05-24 14:09:51.0]
2019-06-13 17:57:28.567 TRACE 81444 --- [    Test worker] o.h.type.descriptor.sql.BasicExtractor   : extracted value ([last_updator_id6_0_] : [BIGINT]) - [6]
2019-06-13 17:57:28.567 TRACE 81444 --- [    Test worker] o.h.type.descriptor.sql.BasicExtractor   : extracted value ([my_parent_id7_0_] : [BIGINT]) - [850]
2019-06-13 17:57:28.567 TRACE 81444 --- [    Test worker] o.h.type.descriptor.sql.BasicExtractor   : extracted value ([name8_0_] : [VARCHAR]) - [사학전공]
2019-06-13 17:57:28.568 TRACE 81444 --- [    Test worker] o.h.type.descriptor.sql.BasicExtractor   : extracted value ([id1_0_] : [BIGINT]) - [379]
2019-06-13 17:57:28.568 TRACE 81444 --- [    Test worker] o.h.type.descriptor.sql.BasicExtractor   : extracted value ([code2_0_] : [VARCHAR]) - [X5482]
2019-06-13 17:57:28.568 TRACE 81444 --- [    Test worker] o.h.type.descriptor.sql.BasicExtractor   : extracted value ([date_created3_0_] : [TIMESTAMP]) - [2019-05-23 15:52:38.0]
2019-06-13 17:57:28.568 TRACE 81444 --- [    Test worker] o.h.type.descriptor.sql.BasicExtractor   : extracted value ([is_active4_0_] : [BIT]) - [true]
2019-06-13 17:57:28.568 TRACE 81444 --- [    Test worker] o.h.type.descriptor.sql.BasicExtractor   : extracted value ([last_updated5_0_] : [TIMESTAMP]) - [2019-05-24 14:48:46.0]
2019-06-13 17:57:28.568 TRACE 81444 --- [    Test worker] o.h.type.descriptor.sql.BasicExtractor   : extracted value ([last_updator_id6_0_] : [BIGINT]) - [6]
2019-06-13 17:57:28.568 TRACE 81444 --- [    Test worker] o.h.type.descriptor.sql.BasicExtractor   : extracted value ([my_parent_id7_0_] : [BIGINT]) - [null]
2019-06-13 17:57:28.568 TRACE 81444 --- [    Test worker] o.h.type.descriptor.sql.BasicExtractor   : extracted value ([name8_0_] : [VARCHAR]) - [고고학전공]
2019-06-13 17:57:28.568 TRACE 81444 --- [    Test worker] o.h.type.descriptor.sql.BasicExtractor   : extracted value ([id1_0_] : [BIGINT]) - [380]
2019-06-13 17:57:28.568 TRACE 81444 --- [    Test worker] o.h.type.descriptor.sql.BasicExtractor   : extracted value ([code2_0_] : [VARCHAR]) - [X5483]
2019-06-13 17:57:28.568 TRACE 81444 --- [    Test worker] o.h.type.descriptor.sql.BasicExtractor   : extracted value ([date_created3_0_] : [TIMESTAMP]) - [2019-05-23 15:52:38.0]
2019-06-13 17:57:28.568 TRACE 81444 --- [    Test worker] o.h.type.descriptor.sql.BasicExtractor   : extracted value ([is_active4_0_] : [BIT]) - [true]
2019-06-13 17:57:28.568 TRACE 81444 --- [    Test worker] o.h.type.descriptor.sql.BasicExtractor   : extracted value ([last_updated5_0_] : [TIMESTAMP]) - [2019-05-24 14:09:51.0]
2019-06-13 17:57:28.568 TRACE 81444 --- [    Test worker] o.h.type.descriptor.sql.BasicExtractor   : extracted value ([last_updator_id6_0_] : [BIGINT]) - [6]
2019-06-13 17:57:28.568 TRACE 81444 --- [    Test worker] o.h.type.descriptor.sql.BasicExtractor   : extracted value ([my_parent_id7_0_] : [BIGINT]) - [123]
2019-06-13 17:57:28.568 TRACE 81444 --- [    Test worker] o.h.type.descriptor.sql.BasicExtractor   : extracted value ([name8_0_] : [VARCHAR]) - [역사전공]
2019-06-13 17:57:28.585 TRACE 81444 --- [    Test worker] o.h.type.descriptor.sql.BasicExtractor   : extracted value ([id1_0_] : [BIGINT]) - [381]
2019-06-13 17:57:28.585 TRACE 81444 --- [    Test worker] o.h.type.descriptor.sql.BasicExtractor   : extracted value ([code2_0_] : [VARCHAR]) - [X5491]
2019-06-13 17:57:28.585 TRACE 81444 --- [    Test worker] o.h.type.descriptor.sql.BasicExtractor   : extracted value ([date_created3_0_] : [TIMESTAMP]) - [2019-05-23 15:52:38.0]
2019-06-13 17:57:28.585 TRACE 81444 --- [    Test worker] o.h.type.descriptor.sql.BasicExtractor   : extracted value ([is_active4_0_] : [BIT]) - [true]
2019-06-13 17:57:28.585 TRACE 81444 --- [    Test worker] o.h.type.descriptor.sql.BasicExtractor   : extracted value ([last_updated5_0_] : [TIMESTAMP]) - [2019-05-24 14:09:52.0]
2019-06-13 17:57:28.585 TRACE 81444 --- [    Test worker] o.h.type.descriptor.sql.BasicExtractor   : extracted value ([last_updator_id6_0_] : [BIGINT]) - [6]
2019-06-13 17:57:28.585 TRACE 81444 --- [    Test worker] o.h.type.descriptor.sql.BasicExtractor   : extracted value ([my_parent_id7_0_] : [BIGINT]) - [100]
2019-06-13 17:57:28.585 TRACE 81444 --- [    Test worker] o.h.type.descriptor.sql.BasicExtractor   : extracted value ([name8_0_] : [VARCHAR]) - [기계공학전공]
2019-06-13 17:57:28.585 TRACE 81444 --- [    Test worker] o.h.type.descriptor.sql.BasicExtractor   : extracted value ([id1_0_] : [BIGINT]) - [382]
2019-06-13 17:57:28.585 TRACE 81444 --- [    Test worker] o.h.type.descriptor.sql.BasicExtractor   : extracted value ([code2_0_] : [VARCHAR]) - [X5492]
2019-06-13 17:57:28.585 TRACE 81444 --- [    Test worker] o.h.type.descriptor.sql.BasicExtractor   : extracted value ([date_created3_0_] : [TIMESTAMP]) - [2019-05-23 15:52:39.0]
2019-06-13 17:57:28.586 TRACE 81444 --- [    Test worker] o.h.type.descriptor.sql.BasicExtractor   : extracted value ([is_active4_0_] : [BIT]) - [true]
2019-06-13 17:57:28.586 TRACE 81444 --- [    Test worker] o.h.type.descriptor.sql.BasicExtractor   : extracted value ([last_updated5_0_] : [TIMESTAMP]) - [2019-05-24 14:09:52.0]
2019-06-13 17:57:28.586 TRACE 81444 --- [    Test worker] o.h.type.descriptor.sql.BasicExtractor   : extracted value ([last_updator_id6_0_] : [BIGINT]) - [6]
2019-06-13 17:57:28.586 TRACE 81444 --- [    Test worker] o.h.type.descriptor.sql.BasicExtractor   : extracted value ([my_parent_id7_0_] : [BIGINT]) - [854]
2019-06-13 17:57:28.586 TRACE 81444 --- [    Test worker] o.h.type.descriptor.sql.BasicExtractor   : extracted value ([name8_0_] : [VARCHAR]) - [정밀기계공학전공]
2019-06-13 17:57:28.586 TRACE 81444 --- [    Test worker] o.h.type.descriptor.sql.BasicExtractor   : extracted value ([id1_0_] : [BIGINT]) - [383]
2019-06-13 17:57:28.586 TRACE 81444 --- [    Test worker] o.h.type.descriptor.sql.BasicExtractor   : extracted value ([code2_0_] : [VARCHAR]) - [X5493]
2019-06-13 17:57:28.586 TRACE 81444 --- [    Test worker] o.h.type.descriptor.sql.BasicExtractor   : extracted value ([date_created3_0_] : [TIMESTAMP]) - [2019-05-23 15:52:39.0]
2019-06-13 17:57:28.587 TRACE 81444 --- [    Test worker] o.h.type.descriptor.sql.BasicExtractor   : extracted value ([is_active4_0_] : [BIT]) - [true]
2019-06-13 17:57:28.587 TRACE 81444 --- [    Test worker] o.h.type.descriptor.sql.BasicExtractor   : extracted value ([last_updated5_0_] : [TIMESTAMP]) - [2019-05-24 14:09:52.0]
2019-06-13 17:57:28.587 TRACE 81444 --- [    Test worker] o.h.type.descriptor.sql.BasicExtractor   : extracted value ([last_updator_id6_0_] : [BIGINT]) - [6]
2019-06-13 17:57:28.587 TRACE 81444 --- [    Test worker] o.h.type.descriptor.sql.BasicExtractor   : extracted value ([my_parent_id7_0_] : [BIGINT]) - [98]
2019-06-13 17:57:28.587 TRACE 81444 --- [    Test worker] o.h.type.descriptor.sql.BasicExtractor   : extracted value ([name8_0_] : [VARCHAR]) - [자동차공학전공]
2019-06-13 17:57:28.587 TRACE 81444 --- [    Test worker] o.h.type.descriptor.sql.BasicExtractor   : extracted value ([id1_0_] : [BIGINT]) - [384]
2019-06-13 17:57:28.587 TRACE 81444 --- [    Test worker] o.h.type.descriptor.sql.BasicExtractor   : extracted value ([code2_0_] : [VARCHAR]) - [X5494]
2019-06-13 17:57:28.588 TRACE 81444 --- [    Test worker] o.h.type.descriptor.sql.BasicExtractor   : extracted value ([date_created3_0_] : [TIMESTAMP]) - [2019-05-23 15:52:39.0]
2019-06-13 17:57:28.588 TRACE 81444 --- [    Test worker] o.h.type.descriptor.sql.BasicExtractor   : extracted value ([is_active4_0_] : [BIT]) - [true]
2019-06-13 17:57:28.588 TRACE 81444 --- [    Test worker] o.h.type.descriptor.sql.BasicExtractor   : extracted value ([last_updated5_0_] : [TIMESTAMP]) - [2019-05-24 14:09:53.0]
2019-06-13 17:57:28.588 TRACE 81444 --- [    Test worker] o.h.type.descriptor.sql.BasicExtractor   : extracted value ([last_updator_id6_0_] : [BIGINT]) - [6]
2019-06-13 17:57:28.588 TRACE 81444 --- [    Test worker] o.h.type.descriptor.sql.BasicExtractor   : extracted value ([my_parent_id7_0_] : [BIGINT]) - [98]
2019-06-13 17:57:28.588 TRACE 81444 --- [    Test worker] o.h.type.descriptor.sql.BasicExtractor   : extracted value ([name8_0_] : [VARCHAR]) - [기계설계전공]
2019-06-13 17:57:28.588 TRACE 81444 --- [    Test worker] o.h.type.descriptor.sql.BasicExtractor   : extracted value ([id1_0_] : [BIGINT]) - [385]
2019-06-13 17:57:28.588 TRACE 81444 --- [    Test worker] o.h.type.descriptor.sql.BasicExtractor   : extracted value ([code2_0_] : [VARCHAR]) - [X5495]
2019-06-13 17:57:28.588 TRACE 81444 --- [    Test worker] o.h.type.descriptor.sql.BasicExtractor   : extracted value ([date_created3_0_] : [TIMESTAMP]) - [2019-05-23 15:52:40.0]
2019-06-13 17:57:28.588 TRACE 81444 --- [    Test worker] o.h.type.descriptor.sql.BasicExtractor   : extracted value ([is_active4_0_] : [BIT]) - [true]
2019-06-13 17:57:28.588 TRACE 81444 --- [    Test worker] o.h.type.descriptor.sql.BasicExtractor   : extracted value ([last_updated5_0_] : [TIMESTAMP]) - [2019-05-24 14:48:47.0]
2019-06-13 17:57:28.588 TRACE 81444 --- [    Test worker] o.h.type.descriptor.sql.BasicExtractor   : extracted value ([last_updator_id6_0_] : [BIGINT]) - [6]
2019-06-13 17:57:28.588 TRACE 81444 --- [    Test worker] o.h.type.descriptor.sql.BasicExtractor   : extracted value ([my_parent_id7_0_] : [BIGINT]) - [null]
2019-06-13 17:57:28.588 TRACE 81444 --- [    Test worker] o.h.type.descriptor.sql.BasicExtractor   : extracted value ([name8_0_] : [VARCHAR]) - [기계설계공학전공]
2019-06-13 17:57:28.588 TRACE 81444 --- [    Test worker] o.h.type.descriptor.sql.BasicExtractor   : extracted value ([id1_0_] : [BIGINT]) - [386]
2019-06-13 17:57:28.588 TRACE 81444 --- [    Test worker] o.h.type.descriptor.sql.BasicExtractor   : extracted value ([code2_0_] : [VARCHAR]) - [X5496]
2019-06-13 17:57:28.589 TRACE 81444 --- [    Test worker] o.h.type.descriptor.sql.BasicExtractor   : extracted value ([date_created3_0_] : [TIMESTAMP]) - [2019-05-23 15:52:40.0]
2019-06-13 17:57:28.589 TRACE 81444 --- [    Test worker] o.h.type.descriptor.sql.BasicExtractor   : extracted value ([is_active4_0_] : [BIT]) - [true]
2019-06-13 17:57:28.589 TRACE 81444 --- [    Test worker] o.h.type.descriptor.sql.BasicExtractor   : extracted value ([last_updated5_0_] : [TIMESTAMP]) - [2019-05-24 14:09:53.0]
2019-06-13 17:57:28.589 TRACE 81444 --- [    Test worker] o.h.type.descriptor.sql.BasicExtractor   : extracted value ([last_updator_id6_0_] : [BIGINT]) - [6]
2019-06-13 17:57:28.589 TRACE 81444 --- [    Test worker] o.h.type.descriptor.sql.BasicExtractor   : extracted value ([my_parent_id7_0_] : [BIGINT]) - [854]
2019-06-13 17:57:28.589 TRACE 81444 --- [    Test worker] o.h.type.descriptor.sql.BasicExtractor   : extracted value ([name8_0_] : [VARCHAR]) - [기계디자인전공]
2019-06-13 17:57:28.589 TRACE 81444 --- [    Test worker] o.h.type.descriptor.sql.BasicExtractor   : extracted value ([id1_0_] : [BIGINT]) - [387]
2019-06-13 17:57:28.589 TRACE 81444 --- [    Test worker] o.h.type.descriptor.sql.BasicExtractor   : extracted value ([code2_0_] : [VARCHAR]) - [X5497]
2019-06-13 17:57:28.589 TRACE 81444 --- [    Test worker] o.h.type.descriptor.sql.BasicExtractor   : extracted value ([date_created3_0_] : [TIMESTAMP]) - [2019-05-23 15:52:41.0]
2019-06-13 17:57:28.589 TRACE 81444 --- [    Test worker] o.h.type.descriptor.sql.BasicExtractor   : extracted value ([is_active4_0_] : [BIT]) - [true]
2019-06-13 17:57:28.589 TRACE 81444 --- [    Test worker] o.h.type.descriptor.sql.BasicExtractor   : extracted value ([last_updated5_0_] : [TIMESTAMP]) - [2019-05-24 14:09:54.0]
2019-06-13 17:57:28.589 TRACE 81444 --- [    Test worker] o.h.type.descriptor.sql.BasicExtractor   : extracted value ([last_updator_id6_0_] : [BIGINT]) - [6]
2019-06-13 17:57:28.589 TRACE 81444 --- [    Test worker] o.h.type.descriptor.sql.BasicExtractor   : extracted value ([my_parent_id7_0_] : [BIGINT]) - [854]
2019-06-13 17:57:28.589 TRACE 81444 --- [    Test worker] o.h.type.descriptor.sql.BasicExtractor   : extracted value ([name8_0_] : [VARCHAR]) - [메카트로닉스전공]
2019-06-13 17:57:28.590 TRACE 81444 --- [    Test worker] o.h.type.descriptor.sql.BasicExtractor   : extracted value ([id1_0_] : [BIGINT]) - [388]
2019-06-13 17:57:28.590 TRACE 81444 --- [    Test worker] o.h.type.descriptor.sql.BasicExtractor   : extracted value ([code2_0_] : [VARCHAR]) - [X5498]
2019-06-13 17:57:28.590 TRACE 81444 --- [    Test worker] o.h.type.descriptor.sql.BasicExtractor   : extracted value ([date_created3_0_] : [TIMESTAMP]) - [2019-05-23 15:52:41.0]
2019-06-13 17:57:28.590 TRACE 81444 --- [    Test worker] o.h.type.descriptor.sql.BasicExtractor   : extracted value ([is_active4_0_] : [BIT]) - [true]
2019-06-13 17:57:28.590 TRACE 81444 --- [    Test worker] o.h.type.descriptor.sql.BasicExtractor   : extracted value ([last_updated5_0_] : [TIMESTAMP]) - [2019-05-24 14:48:48.0]
2019-06-13 17:57:28.590 TRACE 81444 --- [    Test worker] o.h.type.descriptor.sql.BasicExtractor   : extracted value ([last_updator_id6_0_] : [BIGINT]) - [6]
2019-06-13 17:57:28.590 TRACE 81444 --- [    Test worker] o.h.type.descriptor.sql.BasicExtractor   : extracted value ([my_parent_id7_0_] : [BIGINT]) - [null]
2019-06-13 17:57:28.590 TRACE 81444 --- [    Test worker] o.h.type.descriptor.sql.BasicExtractor   : extracted value ([name8_0_] : [VARCHAR]) - [기계자동차공학전공]
2019-06-13 17:57:28.590 TRACE 81444 --- [    Test worker] o.h.type.descriptor.sql.BasicExtractor   : extracted value ([id1_0_] : [BIGINT]) - [389]
2019-06-13 17:57:28.590 TRACE 81444 --- [    Test worker] o.h.type.descriptor.sql.BasicExtractor   : extracted value ([code2_0_] : [VARCHAR]) - [X5499]
2019-06-13 17:57:28.591 TRACE 81444 --- [    Test worker] o.h.type.descriptor.sql.BasicExtractor   : extracted value ([date_created3_0_] : [TIMESTAMP]) - [2019-05-23 15:52:41.0]
2019-06-13 17:57:28.591 TRACE 81444 --- [    Test worker] o.h.type.descriptor.sql.BasicExtractor   : extracted value ([is_active4_0_] : [BIT]) - [true]
2019-06-13 17:57:28.591 TRACE 81444 --- [    Test worker] o.h.type.descriptor.sql.BasicExtractor   : extracted value ([last_updated5_0_] : [TIMESTAMP]) - [2019-05-24 14:09:54.0]
2019-06-13 17:57:28.591 TRACE 81444 --- [    Test worker] o.h.type.descriptor.sql.BasicExtractor   : extracted value ([last_updator_id6_0_] : [BIGINT]) - [6]
2019-06-13 17:57:28.591 TRACE 81444 --- [    Test worker] o.h.type.descriptor.sql.BasicExtractor   : extracted value ([my_parent_id7_0_] : [BIGINT]) - [100]
2019-06-13 17:57:28.591 TRACE 81444 --- [    Test worker] o.h.type.descriptor.sql.BasicExtractor   : extracted value ([name8_0_] : [VARCHAR]) - [미래형자동차공학전공]
2019-06-13 17:57:28.591 TRACE 81444 --- [    Test worker] o.h.type.descriptor.sql.BasicExtractor   : extracted value ([id1_0_] : [BIGINT]) - [390]
2019-06-13 17:57:28.591 TRACE 81444 --- [    Test worker] o.h.type.descriptor.sql.BasicExtractor   : extracted value ([code2_0_] : [VARCHAR]) - [X549A]
2019-06-13 17:57:28.591 TRACE 81444 --- [    Test worker] o.h.type.descriptor.sql.BasicExtractor   : extracted value ([date_created3_0_] : [TIMESTAMP]) - [2019-05-23 15:52:42.0]
2019-06-13 17:57:28.591 TRACE 81444 --- [    Test worker] o.h.type.descriptor.sql.BasicExtractor   : extracted value ([is_active4_0_] : [BIT]) - [true]
2019-06-13 17:57:28.591 TRACE 81444 --- [    Test worker] o.h.type.descriptor.sql.BasicExtractor   : extracted value ([last_updated5_0_] : [TIMESTAMP]) - [2019-05-24 14:09:55.0]
2019-06-13 17:57:28.591 TRACE 81444 --- [    Test worker] o.h.type.descriptor.sql.BasicExtractor   : extracted value ([last_updator_id6_0_] : [BIGINT]) - [6]
2019-06-13 17:57:28.591 TRACE 81444 --- [    Test worker] o.h.type.descriptor.sql.BasicExtractor   : extracted value ([my_parent_id7_0_] : [BIGINT]) - [100]
2019-06-13 17:57:28.591 TRACE 81444 --- [    Test worker] o.h.type.descriptor.sql.BasicExtractor   : extracted value ([name8_0_] : [VARCHAR]) - [기계에너지공학전공]
2019-06-13 17:57:28.608 TRACE 81444 --- [    Test worker] o.h.type.descriptor.sql.BasicExtractor   : extracted value ([id1_0_] : [BIGINT]) - [391]
2019-06-13 17:57:28.609 TRACE 81444 --- [    Test worker] o.h.type.descriptor.sql.BasicExtractor   : extracted value ([code2_0_] : [VARCHAR]) - [X5501]
2019-06-13 17:57:28.609 TRACE 81444 --- [    Test worker] o.h.type.descriptor.sql.BasicExtractor   : extracted value ([date_created3_0_] : [TIMESTAMP]) - [2019-05-23 15:52:42.0]
2019-06-13 17:57:28.609 TRACE 81444 --- [    Test worker] o.h.type.descriptor.sql.BasicExtractor   : extracted value ([is_active4_0_] : [BIT]) - [true]
2019-06-13 17:57:28.609 TRACE 81444 --- [    Test worker] o.h.type.descriptor.sql.BasicExtractor   : extracted value ([last_updated5_0_] : [TIMESTAMP]) - [2019-05-24 14:09:55.0]
2019-06-13 17:57:28.609 TRACE 81444 --- [    Test worker] o.h.type.descriptor.sql.BasicExtractor   : extracted value ([last_updator_id6_0_] : [BIGINT]) - [6]
2019-06-13 17:57:28.609 TRACE 81444 --- [    Test worker] o.h.type.descriptor.sql.BasicExtractor   : extracted value ([my_parent_id7_0_] : [BIGINT]) - [854]
2019-06-13 17:57:28.609 TRACE 81444 --- [    Test worker] o.h.type.descriptor.sql.BasicExtractor   : extracted value ([name8_0_] : [VARCHAR]) - [토목공학전공]
2019-06-13 17:57:28.609 TRACE 81444 --- [    Test worker] o.h.type.descriptor.sql.BasicExtractor   : extracted value ([id1_0_] : [BIGINT]) - [392]
2019-06-13 17:57:28.610 TRACE 81444 --- [    Test worker] o.h.type.descriptor.sql.BasicExtractor   : extracted value ([code2_0_] : [VARCHAR]) - [X5511]
2019-06-13 17:57:28.610 TRACE 81444 --- [    Test worker] o.h.type.descriptor.sql.BasicExtractor   : extracted value ([date_created3_0_] : [TIMESTAMP]) - [2019-05-23 15:52:42.0]
2019-06-13 17:57:28.610 TRACE 81444 --- [    Test worker] o.h.type.descriptor.sql.BasicExtractor   : extracted value ([is_active4_0_] : [BIT]) - [true]
2019-06-13 17:57:28.610 TRACE 81444 --- [    Test worker] o.h.type.descriptor.sql.BasicExtractor   : extracted value ([last_updated5_0_] : [TIMESTAMP]) - [2019-05-24 14:09:58.0]
2019-06-13 17:57:28.610 TRACE 81444 --- [    Test worker] o.h.type.descriptor.sql.BasicExtractor   : extracted value ([last_updator_id6_0_] : [BIGINT]) - [6]
2019-06-13 17:57:28.610 TRACE 81444 --- [    Test worker] o.h.type.descriptor.sql.BasicExtractor   : extracted value ([my_parent_id7_0_] : [BIGINT]) - [852]
2019-06-13 17:57:28.610 TRACE 81444 --- [    Test worker] o.h.type.descriptor.sql.BasicExtractor   : extracted value ([name8_0_] : [VARCHAR]) - [사회복지학전공]
2019-06-13 17:57:28.610 TRACE 81444 --- [    Test worker] o.h.type.descriptor.sql.BasicExtractor   : extracted value ([id1_0_] : [BIGINT]) - [393]
2019-06-13 17:57:28.610 TRACE 81444 --- [    Test worker] o.h.type.descriptor.sql.BasicExtractor   : extracted value ([code2_0_] : [VARCHAR]) - [X5521]
2019-06-13 17:57:28.610 TRACE 81444 --- [    Test worker] o.h.type.descriptor.sql.BasicExtractor   : extracted value ([date_created3_0_] : [TIMESTAMP]) - [2019-05-23 15:52:43.0]
2019-06-13 17:57:28.610 TRACE 81444 --- [    Test worker] o.h.type.descriptor.sql.BasicExtractor   : extracted value ([is_active4_0_] : [BIT]) - [true]
2019-06-13 17:57:28.610 TRACE 81444 --- [    Test worker] o.h.type.descriptor.sql.BasicExtractor   : extracted value ([last_updated5_0_] : [TIMESTAMP]) - [2019-05-24 14:48:50.0]
2019-06-13 17:57:28.610 TRACE 81444 --- [    Test worker] o.h.type.descriptor.sql.BasicExtractor   : extracted value ([last_updator_id6_0_] : [BIGINT]) - [6]
2019-06-13 17:57:28.610 TRACE 81444 --- [    Test worker] o.h.type.descriptor.sql.BasicExtractor   : extracted value ([my_parent_id7_0_] : [BIGINT]) - [855]
2019-06-13 17:57:28.610 TRACE 81444 --- [    Test worker] o.h.type.descriptor.sql.BasicExtractor   : extracted value ([name8_0_] : [VARCHAR]) - [해양시스템학전공]
2019-06-13 17:57:28.611 TRACE 81444 --- [    Test worker] o.h.type.descriptor.sql.BasicExtractor   : extracted value ([id1_0_] : [BIGINT]) - [394]
2019-06-13 17:57:28.611 TRACE 81444 --- [    Test worker] o.h.type.descriptor.sql.BasicExtractor   : extracted value ([code2_0_] : [VARCHAR]) - [X5522]
2019-06-13 17:57:28.611 TRACE 81444 --- [    Test worker] o.h.type.descriptor.sql.BasicExtractor   : extracted value ([date_created3_0_] : [TIMESTAMP]) - [2019-05-23 15:52:43.0]
2019-06-13 17:57:28.611 TRACE 81444 --- [    Test worker] o.h.type.descriptor.sql.BasicExtractor   : extracted value ([is_active4_0_] : [BIT]) - [true]
2019-06-13 17:57:28.611 TRACE 81444 --- [    Test worker] o.h.type.descriptor.sql.BasicExtractor   : extracted value ([last_updated5_0_] : [TIMESTAMP]) - [2019-05-24 14:09:58.0]
2019-06-13 17:57:28.611 TRACE 81444 --- [    Test worker] o.h.type.descriptor.sql.BasicExtractor   : extracted value ([last_updator_id6_0_] : [BIGINT]) - [6]
2019-06-13 17:57:28.611 TRACE 81444 --- [    Test worker] o.h.type.descriptor.sql.BasicExtractor   : extracted value ([my_parent_id7_0_] : [BIGINT]) - [855]
2019-06-13 17:57:28.611 TRACE 81444 --- [    Test worker] o.h.type.descriptor.sql.BasicExtractor   : extracted value ([name8_0_] : [VARCHAR]) - [해양시스템공학전공]
2019-06-13 17:57:28.611 TRACE 81444 --- [    Test worker] o.h.type.descriptor.sql.BasicExtractor   : extracted value ([id1_0_] : [BIGINT]) - [395]
2019-06-13 17:57:28.611 TRACE 81444 --- [    Test worker] o.h.type.descriptor.sql.BasicExtractor   : extracted value ([code2_0_] : [VARCHAR]) - [X5531]
2019-06-13 17:57:28.611 TRACE 81444 --- [    Test worker] o.h.type.descriptor.sql.BasicExtractor   : extracted value ([date_created3_0_] : [TIMESTAMP]) - [2019-05-23 15:52:43.0]
2019-06-13 17:57:28.611 TRACE 81444 --- [    Test worker] o.h.type.descriptor.sql.BasicExtractor   : extracted value ([is_active4_0_] : [BIT]) - [true]
2019-06-13 17:57:28.611 TRACE 81444 --- [    Test worker] o.h.type.descriptor.sql.BasicExtractor   : extracted value ([last_updated5_0_] : [TIMESTAMP]) - [2019-05-24 14:09:59.0]
2019-06-13 17:57:28.611 TRACE 81444 --- [    Test worker] o.h.type.descriptor.sql.BasicExtractor   : extracted value ([last_updator_id6_0_] : [BIGINT]) - [6]
2019-06-13 17:57:28.611 TRACE 81444 --- [    Test worker] o.h.type.descriptor.sql.BasicExtractor   : extracted value ([my_parent_id7_0_] : [BIGINT]) - [123]
2019-06-13 17:57:28.611 TRACE 81444 --- [    Test worker] o.h.type.descriptor.sql.BasicExtractor   : extracted value ([name8_0_] : [VARCHAR]) - [철학전공]
2019-06-13 17:57:28.611 TRACE 81444 --- [    Test worker] o.h.type.descriptor.sql.BasicExtractor   : extracted value ([id1_0_] : [BIGINT]) - [396]
2019-06-13 17:57:28.611 TRACE 81444 --- [    Test worker] o.h.type.descriptor.sql.BasicExtractor   : extracted value ([code2_0_] : [VARCHAR]) - [X5581]
2019-06-13 17:57:28.612 TRACE 81444 --- [    Test worker] o.h.type.descriptor.sql.BasicExtractor   : extracted value ([date_created3_0_] : [TIMESTAMP]) - [2019-05-23 15:52:44.0]
2019-06-13 17:57:28.612 TRACE 81444 --- [    Test worker] o.h.type.descriptor.sql.BasicExtractor   : extracted value ([is_active4_0_] : [BIT]) - [true]
2019-06-13 17:57:28.612 TRACE 81444 --- [    Test worker] o.h.type.descriptor.sql.BasicExtractor   : extracted value ([last_updated5_0_] : [TIMESTAMP]) - [2019-05-24 14:09:59.0]
2019-06-13 17:57:28.612 TRACE 81444 --- [    Test worker] o.h.type.descriptor.sql.BasicExtractor   : extracted value ([last_updator_id6_0_] : [BIGINT]) - [6]
2019-06-13 17:57:28.612 TRACE 81444 --- [    Test worker] o.h.type.descriptor.sql.BasicExtractor   : extracted value ([my_parent_id7_0_] : [BIGINT]) - [852]
2019-06-13 17:57:28.613 TRACE 81444 --- [    Test worker] o.h.type.descriptor.sql.BasicExtractor   : extracted value ([name8_0_] : [VARCHAR]) - [경영회계학전공]
2019-06-13 17:57:28.614 TRACE 81444 --- [    Test worker] o.h.type.descriptor.sql.BasicExtractor   : extracted value ([id1_0_] : [BIGINT]) - [397]
2019-06-13 17:57:28.614 TRACE 81444 --- [    Test worker] o.h.type.descriptor.sql.BasicExtractor   : extracted value ([code2_0_] : [VARCHAR]) - [X5582]
2019-06-13 17:57:28.614 TRACE 81444 --- [    Test worker] o.h.type.descriptor.sql.BasicExtractor   : extracted value ([date_created3_0_] : [TIMESTAMP]) - [2019-05-23 15:52:44.0]
2019-06-13 17:57:28.614 TRACE 81444 --- [    Test worker] o.h.type.descriptor.sql.BasicExtractor   : extracted value ([is_active4_0_] : [BIT]) - [true]
2019-06-13 17:57:28.614 TRACE 81444 --- [    Test worker] o.h.type.descriptor.sql.BasicExtractor   : extracted value ([last_updated5_0_] : [TIMESTAMP]) - [2019-05-24 14:48:51.0]
2019-06-13 17:57:28.614 TRACE 81444 --- [    Test worker] o.h.type.descriptor.sql.BasicExtractor   : extracted value ([last_updator_id6_0_] : [BIGINT]) - [6]
2019-06-13 17:57:28.614 TRACE 81444 --- [    Test worker] o.h.type.descriptor.sql.BasicExtractor   : extracted value ([my_parent_id7_0_] : [BIGINT]) - [null]
2019-06-13 17:57:28.614 TRACE 81444 --- [    Test worker] o.h.type.descriptor.sql.BasicExtractor   : extracted value ([name8_0_] : [VARCHAR]) - [경영론전공]
2019-06-13 17:57:28.614 TRACE 81444 --- [    Test worker] o.h.type.descriptor.sql.BasicExtractor   : extracted value ([id1_0_] : [BIGINT]) - [398]
2019-06-13 17:57:28.614 TRACE 81444 --- [    Test worker] o.h.type.descriptor.sql.BasicExtractor   : extracted value ([code2_0_] : [VARCHAR]) - [X5591]
2019-06-13 17:57:28.614 TRACE 81444 --- [    Test worker] o.h.type.descriptor.sql.BasicExtractor   : extracted value ([date_created3_0_] : [TIMESTAMP]) - [2019-05-23 15:52:44.0]
2019-06-13 17:57:28.614 TRACE 81444 --- [    Test worker] o.h.type.descriptor.sql.BasicExtractor   : extracted value ([is_active4_0_] : [BIT]) - [true]
2019-06-13 17:57:28.614 TRACE 81444 --- [    Test worker] o.h.type.descriptor.sql.BasicExtractor   : extracted value ([last_updated5_0_] : [TIMESTAMP]) - [2019-05-24 14:48:51.0]
2019-06-13 17:57:28.614 TRACE 81444 --- [    Test worker] o.h.type.descriptor.sql.BasicExtractor   : extracted value ([last_updator_id6_0_] : [BIGINT]) - [6]
2019-06-13 17:57:28.614 TRACE 81444 --- [    Test worker] o.h.type.descriptor.sql.BasicExtractor   : extracted value ([my_parent_id7_0_] : [BIGINT]) - [null]
2019-06-13 17:57:28.615 TRACE 81444 --- [    Test worker] o.h.type.descriptor.sql.BasicExtractor   : extracted value ([name8_0_] : [VARCHAR]) - [다문화학전공]
2019-06-13 17:57:28.615 TRACE 81444 --- [    Test worker] o.h.type.descriptor.sql.BasicExtractor   : extracted value ([id1_0_] : [BIGINT]) - [399]
2019-06-13 17:57:28.615 TRACE 81444 --- [    Test worker] o.h.type.descriptor.sql.BasicExtractor   : extracted value ([code2_0_] : [VARCHAR]) - [X5601]
2019-06-13 17:57:28.615 TRACE 81444 --- [    Test worker] o.h.type.descriptor.sql.BasicExtractor   : extracted value ([date_created3_0_] : [TIMESTAMP]) - [2019-05-23 15:52:45.0]
2019-06-13 17:57:28.615 TRACE 81444 --- [    Test worker] o.h.type.descriptor.sql.BasicExtractor   : extracted value ([is_active4_0_] : [BIT]) - [true]
2019-06-13 17:57:28.615 TRACE 81444 --- [    Test worker] o.h.type.descriptor.sql.BasicExtractor   : extracted value ([last_updated5_0_] : [TIMESTAMP]) - [2019-05-24 14:48:51.0]
2019-06-13 17:57:28.615 TRACE 81444 --- [    Test worker] o.h.type.descriptor.sql.BasicExtractor   : extracted value ([last_updator_id6_0_] : [BIGINT]) - [6]
2019-06-13 17:57:28.615 TRACE 81444 --- [    Test worker] o.h.type.descriptor.sql.BasicExtractor   : extracted value ([my_parent_id7_0_] : [BIGINT]) - [null]
2019-06-13 17:57:28.615 TRACE 81444 --- [    Test worker] o.h.type.descriptor.sql.BasicExtractor   : extracted value ([name8_0_] : [VARCHAR]) - [지질과학공학전공]
2019-06-13 17:57:28.615 TRACE 81444 --- [    Test worker] o.h.type.descriptor.sql.BasicExtractor   : extracted value ([id1_0_] : [BIGINT]) - [400]
2019-06-13 17:57:28.615 TRACE 81444 --- [    Test worker] o.h.type.descriptor.sql.BasicExtractor   : extracted value ([code2_0_] : [VARCHAR]) - [X5621]
2019-06-13 17:57:28.616 TRACE 81444 --- [    Test worker] o.h.type.descriptor.sql.BasicExtractor   : extracted value ([date_created3_0_] : [TIMESTAMP]) - [2019-05-23 15:52:45.0]
2019-06-13 17:57:28.616 TRACE 81444 --- [    Test worker] o.h.type.descriptor.sql.BasicExtractor   : extracted value ([is_active4_0_] : [BIT]) - [true]
2019-06-13 17:57:28.616 TRACE 81444 --- [    Test worker] o.h.type.descriptor.sql.BasicExtractor   : extracted value ([last_updated5_0_] : [TIMESTAMP]) - [2019-05-24 14:10:00.0]
2019-06-13 17:57:28.616 TRACE 81444 --- [    Test worker] o.h.type.descriptor.sql.BasicExtractor   : extracted value ([last_updator_id6_0_] : [BIGINT]) - [6]
2019-06-13 17:57:28.616 TRACE 81444 --- [    Test worker] o.h.type.descriptor.sql.BasicExtractor   : extracted value ([my_parent_id7_0_] : [BIGINT]) - [854]
2019-06-13 17:57:28.616 TRACE 81444 --- [    Test worker] o.h.type.descriptor.sql.BasicExtractor   : extracted value ([name8_0_] : [VARCHAR]) - [정보통신전파공학전공]
2019-06-13 17:57:28.634 TRACE 81444 --- [    Test worker] o.h.type.descriptor.sql.BasicExtractor   : extracted value ([id1_0_] : [BIGINT]) - [401]
2019-06-13 17:57:28.635 TRACE 81444 --- [    Test worker] o.h.type.descriptor.sql.BasicExtractor   : extracted value ([code2_0_] : [VARCHAR]) - [X5622]
2019-06-13 17:57:28.635 TRACE 81444 --- [    Test worker] o.h.type.descriptor.sql.BasicExtractor   : extracted value ([date_created3_0_] : [TIMESTAMP]) - [2019-05-23 15:52:45.0]
2019-06-13 17:57:28.635 TRACE 81444 --- [    Test worker] o.h.type.descriptor.sql.BasicExtractor   : extracted value ([is_active4_0_] : [BIT]) - [true]
2019-06-13 17:57:28.635 TRACE 81444 --- [    Test worker] o.h.type.descriptor.sql.BasicExtractor   : extracted value ([last_updated5_0_] : [TIMESTAMP]) - [2019-05-24 14:48:52.0]
2019-06-13 17:57:28.635 TRACE 81444 --- [    Test worker] o.h.type.descriptor.sql.BasicExtractor   : extracted value ([last_updator_id6_0_] : [BIGINT]) - [6]
2019-06-13 17:57:28.635 TRACE 81444 --- [    Test worker] o.h.type.descriptor.sql.BasicExtractor   : extracted value ([my_parent_id7_0_] : [BIGINT]) - [null]
2019-06-13 17:57:28.635 TRACE 81444 --- [    Test worker] o.h.type.descriptor.sql.BasicExtractor   : extracted value ([name8_0_] : [VARCHAR]) - [전기전자제어공학전공]
2019-06-13 17:57:28.635 TRACE 81444 --- [    Test worker] o.h.type.descriptor.sql.BasicExtractor   : extracted value ([id1_0_] : [BIGINT]) - [402]
2019-06-13 17:57:28.635 TRACE 81444 --- [    Test worker] o.h.type.descriptor.sql.BasicExtractor   : extracted value ([code2_0_] : [VARCHAR]) - [X5631]
2019-06-13 17:57:28.635 TRACE 81444 --- [    Test worker] o.h.type.descriptor.sql.BasicExtractor   : extracted value ([date_created3_0_] : [TIMESTAMP]) - [2019-05-23 15:52:46.0]
2019-06-13 17:57:28.635 TRACE 81444 --- [    Test worker] o.h.type.descriptor.sql.BasicExtractor   : extracted value ([is_active4_0_] : [BIT]) - [true]
2019-06-13 17:57:28.636 TRACE 81444 --- [    Test worker] o.h.type.descriptor.sql.BasicExtractor   : extracted value ([last_updated5_0_] : [TIMESTAMP]) - [2019-05-24 14:48:52.0]
2019-06-13 17:57:28.636 TRACE 81444 --- [    Test worker] o.h.type.descriptor.sql.BasicExtractor   : extracted value ([last_updator_id6_0_] : [BIGINT]) - [6]
2019-06-13 17:57:28.636 TRACE 81444 --- [    Test worker] o.h.type.descriptor.sql.BasicExtractor   : extracted value ([my_parent_id7_0_] : [BIGINT]) - [null]
2019-06-13 17:57:28.636 TRACE 81444 --- [    Test worker] o.h.type.descriptor.sql.BasicExtractor   : extracted value ([name8_0_] : [VARCHAR]) - [국어교육전공]
2019-06-13 17:57:28.636 TRACE 81444 --- [    Test worker] o.h.type.descriptor.sql.BasicExtractor   : extracted value ([id1_0_] : [BIGINT]) - [403]
2019-06-13 17:57:28.636 TRACE 81444 --- [    Test worker] o.h.type.descriptor.sql.BasicExtractor   : extracted value ([code2_0_] : [VARCHAR]) - [X5632]
2019-06-13 17:57:28.636 TRACE 81444 --- [    Test worker] o.h.type.descriptor.sql.BasicExtractor   : extracted value ([date_created3_0_] : [TIMESTAMP]) - [2019-05-23 15:52:46.0]
2019-06-13 17:57:28.636 TRACE 81444 --- [    Test worker] o.h.type.descriptor.sql.BasicExtractor   : extracted value ([is_active4_0_] : [BIT]) - [true]
2019-06-13 17:57:28.636 TRACE 81444 --- [    Test worker] o.h.type.descriptor.sql.BasicExtractor   : extracted value ([last_updated5_0_] : [TIMESTAMP]) - [2019-05-24 14:48:53.0]
2019-06-13 17:57:28.636 TRACE 81444 --- [    Test worker] o.h.type.descriptor.sql.BasicExtractor   : extracted value ([last_updator_id6_0_] : [BIGINT]) - [6]
2019-06-13 17:57:28.636 TRACE 81444 --- [    Test worker] o.h.type.descriptor.sql.BasicExtractor   : extracted value ([my_parent_id7_0_] : [BIGINT]) - [null]
2019-06-13 17:57:28.636 TRACE 81444 --- [    Test worker] o.h.type.descriptor.sql.BasicExtractor   : extracted value ([name8_0_] : [VARCHAR]) - [영어교육전공]
2019-06-13 17:57:28.636 TRACE 81444 --- [    Test worker] o.h.type.descriptor.sql.BasicExtractor   : extracted value ([id1_0_] : [BIGINT]) - [404]
2019-06-13 17:57:28.636 TRACE 81444 --- [    Test worker] o.h.type.descriptor.sql.BasicExtractor   : extracted value ([code2_0_] : [VARCHAR]) - [X5633]
2019-06-13 17:57:28.636 TRACE 81444 --- [    Test worker] o.h.type.descriptor.sql.BasicExtractor   : extracted value ([date_created3_0_] : [TIMESTAMP]) - [2019-05-23 15:52:46.0]
2019-06-13 17:57:28.636 TRACE 81444 --- [    Test worker] o.h.type.descriptor.sql.BasicExtractor   : extracted value ([is_active4_0_] : [BIT]) - [true]
2019-06-13 17:57:28.636 TRACE 81444 --- [    Test worker] o.h.type.descriptor.sql.BasicExtractor   : extracted value ([last_updated5_0_] : [TIMESTAMP]) - [2019-05-24 14:48:53.0]
2019-06-13 17:57:28.637 TRACE 81444 --- [    Test worker] o.h.type.descriptor.sql.BasicExtractor   : extracted value ([last_updator_id6_0_] : [BIGINT]) - [6]
2019-06-13 17:57:28.637 TRACE 81444 --- [    Test worker] o.h.type.descriptor.sql.BasicExtractor   : extracted value ([my_parent_id7_0_] : [BIGINT]) - [null]
2019-06-13 17:57:28.637 TRACE 81444 --- [    Test worker] o.h.type.descriptor.sql.BasicExtractor   : extracted value ([name8_0_] : [VARCHAR]) - [수학교육전공]
2019-06-13 17:57:28.637 TRACE 81444 --- [    Test worker] o.h.type.descriptor.sql.BasicExtractor   : extracted value ([id1_0_] : [BIGINT]) - [405]
2019-06-13 17:57:28.637 TRACE 81444 --- [    Test worker] o.h.type.descriptor.sql.BasicExtractor   : extracted value ([code2_0_] : [VARCHAR]) - [X5634]
2019-06-13 17:57:28.637 TRACE 81444 --- [    Test worker] o.h.type.descriptor.sql.BasicExtractor   : extracted value ([date_created3_0_] : [TIMESTAMP]) - [2019-05-23 15:52:47.0]
2019-06-13 17:57:28.637 TRACE 81444 --- [    Test worker] o.h.type.descriptor.sql.BasicExtractor   : extracted value ([is_active4_0_] : [BIT]) - [true]
2019-06-13 17:57:28.637 TRACE 81444 --- [    Test worker] o.h.type.descriptor.sql.BasicExtractor   : extracted value ([last_updated5_0_] : [TIMESTAMP]) - [2019-05-24 14:48:53.0]
2019-06-13 17:57:28.637 TRACE 81444 --- [    Test worker] o.h.type.descriptor.sql.BasicExtractor   : extracted value ([last_updator_id6_0_] : [BIGINT]) - [6]
2019-06-13 17:57:28.637 TRACE 81444 --- [    Test worker] o.h.type.descriptor.sql.BasicExtractor   : extracted value ([my_parent_id7_0_] : [BIGINT]) - [null]
2019-06-13 17:57:28.637 TRACE 81444 --- [    Test worker] o.h.type.descriptor.sql.BasicExtractor   : extracted value ([name8_0_] : [VARCHAR]) - [체육교육전공]
2019-06-13 17:57:28.637 TRACE 81444 --- [    Test worker] o.h.type.descriptor.sql.BasicExtractor   : extracted value ([id1_0_] : [BIGINT]) - [406]
2019-06-13 17:57:28.637 TRACE 81444 --- [    Test worker] o.h.type.descriptor.sql.BasicExtractor   : extracted value ([code2_0_] : [VARCHAR]) - [X5635]
2019-06-13 17:57:28.637 TRACE 81444 --- [    Test worker] o.h.type.descriptor.sql.BasicExtractor   : extracted value ([date_created3_0_] : [TIMESTAMP]) - [2019-05-23 15:52:47.0]
2019-06-13 17:57:28.637 TRACE 81444 --- [    Test worker] o.h.type.descriptor.sql.BasicExtractor   : extracted value ([is_active4_0_] : [BIT]) - [true]
2019-06-13 17:57:28.637 TRACE 81444 --- [    Test worker] o.h.type.descriptor.sql.BasicExtractor   : extracted value ([last_updated5_0_] : [TIMESTAMP]) - [2019-05-24 14:48:53.0]
2019-06-13 17:57:28.637 TRACE 81444 --- [    Test worker] o.h.type.descriptor.sql.BasicExtractor   : extracted value ([last_updator_id6_0_] : [BIGINT]) - [6]
2019-06-13 17:57:28.638 TRACE 81444 --- [    Test worker] o.h.type.descriptor.sql.BasicExtractor   : extracted value ([my_parent_id7_0_] : [BIGINT]) - [null]
2019-06-13 17:57:28.638 TRACE 81444 --- [    Test worker] o.h.type.descriptor.sql.BasicExtractor   : extracted value ([name8_0_] : [VARCHAR]) - [일반사회교육전공]
2019-06-13 17:57:28.638 TRACE 81444 --- [    Test worker] o.h.type.descriptor.sql.BasicExtractor   : extracted value ([id1_0_] : [BIGINT]) - [407]
2019-06-13 17:57:28.638 TRACE 81444 --- [    Test worker] o.h.type.descriptor.sql.BasicExtractor   : extracted value ([code2_0_] : [VARCHAR]) - [X5636]
2019-06-13 17:57:28.638 TRACE 81444 --- [    Test worker] o.h.type.descriptor.sql.BasicExtractor   : extracted value ([date_created3_0_] : [TIMESTAMP]) - [2019-05-23 15:52:47.0]
2019-06-13 17:57:28.638 TRACE 81444 --- [    Test worker] o.h.type.descriptor.sql.BasicExtractor   : extracted value ([is_active4_0_] : [BIT]) - [true]
2019-06-13 17:57:28.638 TRACE 81444 --- [    Test worker] o.h.type.descriptor.sql.BasicExtractor   : extracted value ([last_updated5_0_] : [TIMESTAMP]) - [2019-05-24 14:48:54.0]
2019-06-13 17:57:28.638 TRACE 81444 --- [    Test worker] o.h.type.descriptor.sql.BasicExtractor   : extracted value ([last_updator_id6_0_] : [BIGINT]) - [6]
2019-06-13 17:57:28.638 TRACE 81444 --- [    Test worker] o.h.type.descriptor.sql.BasicExtractor   : extracted value ([my_parent_id7_0_] : [BIGINT]) - [null]
2019-06-13 17:57:28.638 TRACE 81444 --- [    Test worker] o.h.type.descriptor.sql.BasicExtractor   : extracted value ([name8_0_] : [VARCHAR]) - [전자계산교육전공]
2019-06-13 17:57:28.638 TRACE 81444 --- [    Test worker] o.h.type.descriptor.sql.BasicExtractor   : extracted value ([id1_0_] : [BIGINT]) - [408]
2019-06-13 17:57:28.638 TRACE 81444 --- [    Test worker] o.h.type.descriptor.sql.BasicExtractor   : extracted value ([code2_0_] : [VARCHAR]) - [X5637]
2019-06-13 17:57:28.638 TRACE 81444 --- [    Test worker] o.h.type.descriptor.sql.BasicExtractor   : extracted value ([date_created3_0_] : [TIMESTAMP]) - [2019-05-23 15:52:48.0]
2019-06-13 17:57:28.638 TRACE 81444 --- [    Test worker] o.h.type.descriptor.sql.BasicExtractor   : extracted value ([is_active4_0_] : [BIT]) - [true]
2019-06-13 17:57:28.638 TRACE 81444 --- [    Test worker] o.h.type.descriptor.sql.BasicExtractor   : extracted value ([last_updated5_0_] : [TIMESTAMP]) - [2019-05-24 14:48:54.0]
2019-06-13 17:57:28.638 TRACE 81444 --- [    Test worker] o.h.type.descriptor.sql.BasicExtractor   : extracted value ([last_updator_id6_0_] : [BIGINT]) - [6]
2019-06-13 17:57:28.638 TRACE 81444 --- [    Test worker] o.h.type.descriptor.sql.BasicExtractor   : extracted value ([my_parent_id7_0_] : [BIGINT]) - [null]
2019-06-13 17:57:28.638 TRACE 81444 --- [    Test worker] o.h.type.descriptor.sql.BasicExtractor   : extracted value ([name8_0_] : [VARCHAR]) - [생물교육전공]
2019-06-13 17:57:28.639 TRACE 81444 --- [    Test worker] o.h.type.descriptor.sql.BasicExtractor   : extracted value ([id1_0_] : [BIGINT]) - [409]
2019-06-13 17:57:28.639 TRACE 81444 --- [    Test worker] o.h.type.descriptor.sql.BasicExtractor   : extracted value ([code2_0_] : [VARCHAR]) - [X5638]
2019-06-13 17:57:28.639 TRACE 81444 --- [    Test worker] o.h.type.descriptor.sql.BasicExtractor   : extracted value ([date_created3_0_] : [TIMESTAMP]) - [2019-05-23 15:52:48.0]
2019-06-13 17:57:28.639 TRACE 81444 --- [    Test worker] o.h.type.descriptor.sql.BasicExtractor   : extracted value ([is_active4_0_] : [BIT]) - [true]
2019-06-13 17:57:28.639 TRACE 81444 --- [    Test worker] o.h.type.descriptor.sql.BasicExtractor   : extracted value ([last_updated5_0_] : [TIMESTAMP]) - [2019-05-24 14:48:55.0]
2019-06-13 17:57:28.639 TRACE 81444 --- [    Test worker] o.h.type.descriptor.sql.BasicExtractor   : extracted value ([last_updator_id6_0_] : [BIGINT]) - [6]
2019-06-13 17:57:28.639 TRACE 81444 --- [    Test worker] o.h.type.descriptor.sql.BasicExtractor   : extracted value ([my_parent_id7_0_] : [BIGINT]) - [null]
2019-06-13 17:57:28.639 TRACE 81444 --- [    Test worker] o.h.type.descriptor.sql.BasicExtractor   : extracted value ([name8_0_] : [VARCHAR]) - [화학교육전공]
2019-06-13 17:57:28.639 TRACE 81444 --- [    Test worker] o.h.type.descriptor.sql.BasicExtractor   : extracted value ([id1_0_] : [BIGINT]) - [410]
2019-06-13 17:57:28.639 TRACE 81444 --- [    Test worker] o.h.type.descriptor.sql.BasicExtractor   : extracted value ([code2_0_] : [VARCHAR]) - [X5639]
2019-06-13 17:57:28.639 TRACE 81444 --- [    Test worker] o.h.type.descriptor.sql.BasicExtractor   : extracted value ([date_created3_0_] : [TIMESTAMP]) - [2019-05-23 15:52:49.0]
2019-06-13 17:57:28.639 TRACE 81444 --- [    Test worker] o.h.type.descriptor.sql.BasicExtractor   : extracted value ([is_active4_0_] : [BIT]) - [true]
2019-06-13 17:57:28.639 TRACE 81444 --- [    Test worker] o.h.type.descriptor.sql.BasicExtractor   : extracted value ([last_updated5_0_] : [TIMESTAMP]) - [2019-05-24 14:48:55.0]
2019-06-13 17:57:28.639 TRACE 81444 --- [    Test worker] o.h.type.descriptor.sql.BasicExtractor   : extracted value ([last_updator_id6_0_] : [BIGINT]) - [6]
2019-06-13 17:57:28.639 TRACE 81444 --- [    Test worker] o.h.type.descriptor.sql.BasicExtractor   : extracted value ([my_parent_id7_0_] : [BIGINT]) - [null]
2019-06-13 17:57:28.639 TRACE 81444 --- [    Test worker] o.h.type.descriptor.sql.BasicExtractor   : extracted value ([name8_0_] : [VARCHAR]) - [유아교육전공]
2019-06-13 17:57:28.658 TRACE 81444 --- [    Test worker] o.h.type.descriptor.sql.BasicExtractor   : extracted value ([id1_0_] : [BIGINT]) - [411]
2019-06-13 17:57:28.658 TRACE 81444 --- [    Test worker] o.h.type.descriptor.sql.BasicExtractor   : extracted value ([code2_0_] : [VARCHAR]) - [X5640]
2019-06-13 17:57:28.659 TRACE 81444 --- [    Test worker] o.h.type.descriptor.sql.BasicExtractor   : extracted value ([date_created3_0_] : [TIMESTAMP]) - [2019-05-23 15:52:49.0]
2019-06-13 17:57:28.659 TRACE 81444 --- [    Test worker] o.h.type.descriptor.sql.BasicExtractor   : extracted value ([is_active4_0_] : [BIT]) - [true]
2019-06-13 17:57:28.659 TRACE 81444 --- [    Test worker] o.h.type.descriptor.sql.BasicExtractor   : extracted value ([last_updated5_0_] : [TIMESTAMP]) - [2019-05-24 14:48:55.0]
2019-06-13 17:57:28.659 TRACE 81444 --- [    Test worker] o.h.type.descriptor.sql.BasicExtractor   : extracted value ([last_updator_id6_0_] : [BIGINT]) - [6]
2019-06-13 17:57:28.659 TRACE 81444 --- [    Test worker] o.h.type.descriptor.sql.BasicExtractor   : extracted value ([my_parent_id7_0_] : [BIGINT]) - [null]
2019-06-13 17:57:28.659 TRACE 81444 --- [    Test worker] o.h.type.descriptor.sql.BasicExtractor   : extracted value ([name8_0_] : [VARCHAR]) - [독어교육전공]
2019-06-13 17:57:28.659 TRACE 81444 --- [    Test worker] o.h.type.descriptor.sql.BasicExtractor   : extracted value ([id1_0_] : [BIGINT]) - [412]
2019-06-13 17:57:28.659 TRACE 81444 --- [    Test worker] o.h.type.descriptor.sql.BasicExtractor   : extracted value ([code2_0_] : [VARCHAR]) - [X5641]
2019-06-13 17:57:28.659 TRACE 81444 --- [    Test worker] o.h.type.descriptor.sql.BasicExtractor   : extracted value ([date_created3_0_] : [TIMESTAMP]) - [2019-05-23 15:52:49.0]
2019-06-13 17:57:28.659 TRACE 81444 --- [    Test worker] o.h.type.descriptor.sql.BasicExtractor   : extracted value ([is_active4_0_] : [BIT]) - [true]
2019-06-13 17:57:28.659 TRACE 81444 --- [    Test worker] o.h.type.descriptor.sql.BasicExtractor   : extracted value ([last_updated5_0_] : [TIMESTAMP]) - [2019-05-24 14:48:55.0]
2019-06-13 17:57:28.659 TRACE 81444 --- [    Test worker] o.h.type.descriptor.sql.BasicExtractor   : extracted value ([last_updator_id6_0_] : [BIGINT]) - [6]
2019-06-13 17:57:28.659 TRACE 81444 --- [    Test worker] o.h.type.descriptor.sql.BasicExtractor   : extracted value ([my_parent_id7_0_] : [BIGINT]) - [null]
2019-06-13 17:57:28.659 TRACE 81444 --- [    Test worker] o.h.type.descriptor.sql.BasicExtractor   : extracted value ([name8_0_] : [VARCHAR]) - [가정교육전공]
2019-06-13 17:57:28.660 TRACE 81444 --- [    Test worker] o.h.type.descriptor.sql.BasicExtractor   : extracted value ([id1_0_] : [BIGINT]) - [413]
2019-06-13 17:57:28.660 TRACE 81444 --- [    Test worker] o.h.type.descriptor.sql.BasicExtractor   : extracted value ([code2_0_] : [VARCHAR]) - [X5642]
2019-06-13 17:57:28.660 TRACE 81444 --- [    Test worker] o.h.type.descriptor.sql.BasicExtractor   : extracted value ([date_created3_0_] : [TIMESTAMP]) - [2019-05-23 15:52:50.0]
2019-06-13 17:57:28.660 TRACE 81444 --- [    Test worker] o.h.type.descriptor.sql.BasicExtractor   : extracted value ([is_active4_0_] : [BIT]) - [true]
2019-06-13 17:57:28.660 TRACE 81444 --- [    Test worker] o.h.type.descriptor.sql.BasicExtractor   : extracted value ([last_updated5_0_] : [TIMESTAMP]) - [2019-05-24 14:48:56.0]
2019-06-13 17:57:28.660 TRACE 81444 --- [    Test worker] o.h.type.descriptor.sql.BasicExtractor   : extracted value ([last_updator_id6_0_] : [BIGINT]) - [6]
2019-06-13 17:57:28.660 TRACE 81444 --- [    Test worker] o.h.type.descriptor.sql.BasicExtractor   : extracted value ([my_parent_id7_0_] : [BIGINT]) - [null]
2019-06-13 17:57:28.660 TRACE 81444 --- [    Test worker] o.h.type.descriptor.sql.BasicExtractor   : extracted value ([name8_0_] : [VARCHAR]) - [일본어교육전공]
2019-06-13 17:57:28.660 TRACE 81444 --- [    Test worker] o.h.type.descriptor.sql.BasicExtractor   : extracted value ([id1_0_] : [BIGINT]) - [414]
2019-06-13 17:57:28.660 TRACE 81444 --- [    Test worker] o.h.type.descriptor.sql.BasicExtractor   : extracted value ([code2_0_] : [VARCHAR]) - [X5643]
2019-06-13 17:57:28.660 TRACE 81444 --- [    Test worker] o.h.type.descriptor.sql.BasicExtractor   : extracted value ([date_created3_0_] : [TIMESTAMP]) - [2019-05-23 15:52:50.0]
2019-06-13 17:57:28.661 TRACE 81444 --- [    Test worker] o.h.type.descriptor.sql.BasicExtractor   : extracted value ([is_active4_0_] : [BIT]) - [true]
2019-06-13 17:57:28.661 TRACE 81444 --- [    Test worker] o.h.type.descriptor.sql.BasicExtractor   : extracted value ([last_updated5_0_] : [TIMESTAMP]) - [2019-05-24 14:48:56.0]
2019-06-13 17:57:28.661 TRACE 81444 --- [    Test worker] o.h.type.descriptor.sql.BasicExtractor   : extracted value ([last_updator_id6_0_] : [BIGINT]) - [6]
2019-06-13 17:57:28.661 TRACE 81444 --- [    Test worker] o.h.type.descriptor.sql.BasicExtractor   : extracted value ([my_parent_id7_0_] : [BIGINT]) - [null]
2019-06-13 17:57:28.661 TRACE 81444 --- [    Test worker] o.h.type.descriptor.sql.BasicExtractor   : extracted value ([name8_0_] : [VARCHAR]) - [상업교육전공]
2019-06-13 17:57:28.661 TRACE 81444 --- [    Test worker] o.h.type.descriptor.sql.BasicExtractor   : extracted value ([id1_0_] : [BIGINT]) - [415]
2019-06-13 17:57:28.661 TRACE 81444 --- [    Test worker] o.h.type.descriptor.sql.BasicExtractor   : extracted value ([code2_0_] : [VARCHAR]) - [X5644]
2019-06-13 17:57:28.661 TRACE 81444 --- [    Test worker] o.h.type.descriptor.sql.BasicExtractor   : extracted value ([date_created3_0_] : [TIMESTAMP]) - [2019-05-23 15:52:51.0]
2019-06-13 17:57:28.661 TRACE 81444 --- [    Test worker] o.h.type.descriptor.sql.BasicExtractor   : extracted value ([is_active4_0_] : [BIT]) - [true]
2019-06-13 17:57:28.661 TRACE 81444 --- [    Test worker] o.h.type.descriptor.sql.BasicExtractor   : extracted value ([last_updated5_0_] : [TIMESTAMP]) - [2019-05-24 14:48:56.0]
2019-06-13 17:57:28.661 TRACE 81444 --- [    Test worker] o.h.type.descriptor.sql.BasicExtractor   : extracted value ([last_updator_id6_0_] : [BIGINT]) - [6]
2019-06-13 17:57:28.661 TRACE 81444 --- [    Test worker] o.h.type.descriptor.sql.BasicExtractor   : extracted value ([my_parent_id7_0_] : [BIGINT]) - [null]
2019-06-13 17:57:28.661 TRACE 81444 --- [    Test worker] o.h.type.descriptor.sql.BasicExtractor   : extracted value ([name8_0_] : [VARCHAR]) - [교육행정전공]
2019-06-13 17:57:28.661 TRACE 81444 --- [    Test worker] o.h.type.descriptor.sql.BasicExtractor   : extracted value ([id1_0_] : [BIGINT]) - [416]
2019-06-13 17:57:28.661 TRACE 81444 --- [    Test worker] o.h.type.descriptor.sql.BasicExtractor   : extracted value ([code2_0_] : [VARCHAR]) - [X5645]
2019-06-13 17:57:28.661 TRACE 81444 --- [    Test worker] o.h.type.descriptor.sql.BasicExtractor   : extracted value ([date_created3_0_] : [TIMESTAMP]) - [2019-05-23 15:52:51.0]
2019-06-13 17:57:28.661 TRACE 81444 --- [    Test worker] o.h.type.descriptor.sql.BasicExtractor   : extracted value ([is_active4_0_] : [BIT]) - [true]
2019-06-13 17:57:28.661 TRACE 81444 --- [    Test worker] o.h.type.descriptor.sql.BasicExtractor   : extracted value ([last_updated5_0_] : [TIMESTAMP]) - [2019-05-24 14:48:57.0]
2019-06-13 17:57:28.661 TRACE 81444 --- [    Test worker] o.h.type.descriptor.sql.BasicExtractor   : extracted value ([last_updator_id6_0_] : [BIGINT]) - [6]
2019-06-13 17:57:28.661 TRACE 81444 --- [    Test worker] o.h.type.descriptor.sql.BasicExtractor   : extracted value ([my_parent_id7_0_] : [BIGINT]) - [null]
2019-06-13 17:57:28.661 TRACE 81444 --- [    Test worker] o.h.type.descriptor.sql.BasicExtractor   : extracted value ([name8_0_] : [VARCHAR]) - [물리교육전공]
2019-06-13 17:57:28.661 TRACE 81444 --- [    Test worker] o.h.type.descriptor.sql.BasicExtractor   : extracted value ([id1_0_] : [BIGINT]) - [417]
2019-06-13 17:57:28.661 TRACE 81444 --- [    Test worker] o.h.type.descriptor.sql.BasicExtractor   : extracted value ([code2_0_] : [VARCHAR]) - [X5646]
2019-06-13 17:57:28.661 TRACE 81444 --- [    Test worker] o.h.type.descriptor.sql.BasicExtractor   : extracted value ([date_created3_0_] : [TIMESTAMP]) - [2019-05-23 15:52:52.0]
2019-06-13 17:57:28.662 TRACE 81444 --- [    Test worker] o.h.type.descriptor.sql.BasicExtractor   : extracted value ([is_active4_0_] : [BIT]) - [true]
2019-06-13 17:57:28.662 TRACE 81444 --- [    Test worker] o.h.type.descriptor.sql.BasicExtractor   : extracted value ([last_updated5_0_] : [TIMESTAMP]) - [2019-05-24 14:48:57.0]
2019-06-13 17:57:28.662 TRACE 81444 --- [    Test worker] o.h.type.descriptor.sql.BasicExtractor   : extracted value ([last_updator_id6_0_] : [BIGINT]) - [6]
2019-06-13 17:57:28.662 TRACE 81444 --- [    Test worker] o.h.type.descriptor.sql.BasicExtractor   : extracted value ([my_parent_id7_0_] : [BIGINT]) - [null]
2019-06-13 17:57:28.662 TRACE 81444 --- [    Test worker] o.h.type.descriptor.sql.BasicExtractor   : extracted value ([name8_0_] : [VARCHAR]) - [역사교육전공]
2019-06-13 17:57:28.662 TRACE 81444 --- [    Test worker] o.h.type.descriptor.sql.BasicExtractor   : extracted value ([id1_0_] : [BIGINT]) - [418]
2019-06-13 17:57:28.662 TRACE 81444 --- [    Test worker] o.h.type.descriptor.sql.BasicExtractor   : extracted value ([code2_0_] : [VARCHAR]) - [X5647]
2019-06-13 17:57:28.662 TRACE 81444 --- [    Test worker] o.h.type.descriptor.sql.BasicExtractor   : extracted value ([date_created3_0_] : [TIMESTAMP]) - [2019-05-23 15:52:52.0]
2019-06-13 17:57:28.662 TRACE 81444 --- [    Test worker] o.h.type.descriptor.sql.BasicExtractor   : extracted value ([is_active4_0_] : [BIT]) - [true]
2019-06-13 17:57:28.662 TRACE 81444 --- [    Test worker] o.h.type.descriptor.sql.BasicExtractor   : extracted value ([last_updated5_0_] : [TIMESTAMP]) - [2019-05-24 14:48:57.0]
2019-06-13 17:57:28.662 TRACE 81444 --- [    Test worker] o.h.type.descriptor.sql.BasicExtractor   : extracted value ([last_updator_id6_0_] : [BIGINT]) - [6]
2019-06-13 17:57:28.662 TRACE 81444 --- [    Test worker] o.h.type.descriptor.sql.BasicExtractor   : extracted value ([my_parent_id7_0_] : [BIGINT]) - [null]
2019-06-13 17:57:28.662 TRACE 81444 --- [    Test worker] o.h.type.descriptor.sql.BasicExtractor   : extracted value ([name8_0_] : [VARCHAR]) - [윤리교육전공]
2019-06-13 17:57:28.662 TRACE 81444 --- [    Test worker] o.h.type.descriptor.sql.BasicExtractor   : extracted value ([id1_0_] : [BIGINT]) - [419]
2019-06-13 17:57:28.662 TRACE 81444 --- [    Test worker] o.h.type.descriptor.sql.BasicExtractor   : extracted value ([code2_0_] : [VARCHAR]) - [X5648]
2019-06-13 17:57:28.663 TRACE 81444 --- [    Test worker] o.h.type.descriptor.sql.BasicExtractor   : extracted value ([date_created3_0_] : [TIMESTAMP]) - [2019-05-23 15:52:52.0]
2019-06-13 17:57:28.663 TRACE 81444 --- [    Test worker] o.h.type.descriptor.sql.BasicExtractor   : extracted value ([is_active4_0_] : [BIT]) - [true]
2019-06-13 17:57:28.663 TRACE 81444 --- [    Test worker] o.h.type.descriptor.sql.BasicExtractor   : extracted value ([last_updated5_0_] : [TIMESTAMP]) - [2019-05-24 14:48:58.0]
2019-06-13 17:57:28.663 TRACE 81444 --- [    Test worker] o.h.type.descriptor.sql.BasicExtractor   : extracted value ([last_updator_id6_0_] : [BIGINT]) - [6]
2019-06-13 17:57:28.663 TRACE 81444 --- [    Test worker] o.h.type.descriptor.sql.BasicExtractor   : extracted value ([my_parent_id7_0_] : [BIGINT]) - [null]
2019-06-13 17:57:28.663 TRACE 81444 --- [    Test worker] o.h.type.descriptor.sql.BasicExtractor   : extracted value ([name8_0_] : [VARCHAR]) - [한문교육전공]
2019-06-13 17:57:28.663 TRACE 81444 --- [    Test worker] o.h.type.descriptor.sql.BasicExtractor   : extracted value ([id1_0_] : [BIGINT]) - [420]
2019-06-13 17:57:28.663 TRACE 81444 --- [    Test worker] o.h.type.descriptor.sql.BasicExtractor   : extracted value ([code2_0_] : [VARCHAR]) - [X5649]
2019-06-13 17:57:28.663 TRACE 81444 --- [    Test worker] o.h.type.descriptor.sql.BasicExtractor   : extracted value ([date_created3_0_] : [TIMESTAMP]) - [2019-05-23 15:52:53.0]
2019-06-13 17:57:28.663 TRACE 81444 --- [    Test worker] o.h.type.descriptor.sql.BasicExtractor   : extracted value ([is_active4_0_] : [BIT]) - [true]
2019-06-13 17:57:28.663 TRACE 81444 --- [    Test worker] o.h.type.descriptor.sql.BasicExtractor   : extracted value ([last_updated5_0_] : [TIMESTAMP]) - [2019-05-24 14:48:58.0]
2019-06-13 17:57:28.663 TRACE 81444 --- [    Test worker] o.h.type.descriptor.sql.BasicExtractor   : extracted value ([last_updator_id6_0_] : [BIGINT]) - [6]
2019-06-13 17:57:28.663 TRACE 81444 --- [    Test worker] o.h.type.descriptor.sql.BasicExtractor   : extracted value ([my_parent_id7_0_] : [BIGINT]) - [null]
2019-06-13 17:57:28.663 TRACE 81444 --- [    Test worker] o.h.type.descriptor.sql.BasicExtractor   : extracted value ([name8_0_] : [VARCHAR]) - [외국어로서의한국어교육전공]
2019-06-13 17:57:28.680 TRACE 81444 --- [    Test worker] o.h.type.descriptor.sql.BasicExtractor   : extracted value ([id1_0_] : [BIGINT]) - [421]
2019-06-13 17:57:28.680 TRACE 81444 --- [    Test worker] o.h.type.descriptor.sql.BasicExtractor   : extracted value ([code2_0_] : [VARCHAR]) - [X5650]
2019-06-13 17:57:28.680 TRACE 81444 --- [    Test worker] o.h.type.descriptor.sql.BasicExtractor   : extracted value ([date_created3_0_] : [TIMESTAMP]) - [2019-05-23 15:52:53.0]
2019-06-13 17:57:28.680 TRACE 81444 --- [    Test worker] o.h.type.descriptor.sql.BasicExtractor   : extracted value ([is_active4_0_] : [BIT]) - [true]
2019-06-13 17:57:28.680 TRACE 81444 --- [    Test worker] o.h.type.descriptor.sql.BasicExtractor   : extracted value ([last_updated5_0_] : [TIMESTAMP]) - [2019-05-24 14:48:58.0]
2019-06-13 17:57:28.680 TRACE 81444 --- [    Test worker] o.h.type.descriptor.sql.BasicExtractor   : extracted value ([last_updator_id6_0_] : [BIGINT]) - [6]
2019-06-13 17:57:28.680 TRACE 81444 --- [    Test worker] o.h.type.descriptor.sql.BasicExtractor   : extracted value ([my_parent_id7_0_] : [BIGINT]) - [null]
2019-06-13 17:57:28.680 TRACE 81444 --- [    Test worker] o.h.type.descriptor.sql.BasicExtractor   : extracted value ([name8_0_] : [VARCHAR]) - [철학교육전공]
2019-06-13 17:57:28.680 TRACE 81444 --- [    Test worker] o.h.type.descriptor.sql.BasicExtractor   : extracted value ([id1_0_] : [BIGINT]) - [422]
2019-06-13 17:57:28.680 TRACE 81444 --- [    Test worker] o.h.type.descriptor.sql.BasicExtractor   : extracted value ([code2_0_] : [VARCHAR]) - [X5651]
2019-06-13 17:57:28.680 TRACE 81444 --- [    Test worker] o.h.type.descriptor.sql.BasicExtractor   : extracted value ([date_created3_0_] : [TIMESTAMP]) - [2019-05-23 15:52:53.0]
2019-06-13 17:57:28.680 TRACE 81444 --- [    Test worker] o.h.type.descriptor.sql.BasicExtractor   : extracted value ([is_active4_0_] : [BIT]) - [true]
2019-06-13 17:57:28.680 TRACE 81444 --- [    Test worker] o.h.type.descriptor.sql.BasicExtractor   : extracted value ([last_updated5_0_] : [TIMESTAMP]) - [2019-05-24 14:48:59.0]
2019-06-13 17:57:28.680 TRACE 81444 --- [    Test worker] o.h.type.descriptor.sql.BasicExtractor   : extracted value ([last_updator_id6_0_] : [BIGINT]) - [6]
2019-06-13 17:57:28.680 TRACE 81444 --- [    Test worker] o.h.type.descriptor.sql.BasicExtractor   : extracted value ([my_parent_id7_0_] : [BIGINT]) - [null]
2019-06-13 17:57:28.680 TRACE 81444 --- [    Test worker] o.h.type.descriptor.sql.BasicExtractor   : extracted value ([name8_0_] : [VARCHAR]) - [컴퓨터정보교육전공]
2019-06-13 17:57:28.680 TRACE 81444 --- [    Test worker] o.h.type.descriptor.sql.BasicExtractor   : extracted value ([id1_0_] : [BIGINT]) - [423]
2019-06-13 17:57:28.680 TRACE 81444 --- [    Test worker] o.h.type.descriptor.sql.BasicExtractor   : extracted value ([code2_0_] : [VARCHAR]) - [X5652]
2019-06-13 17:57:28.680 TRACE 81444 --- [    Test worker] o.h.type.descriptor.sql.BasicExtractor   : extracted value ([date_created3_0_] : [TIMESTAMP]) - [2019-05-23 15:52:54.0]
2019-06-13 17:57:28.681 TRACE 81444 --- [    Test worker] o.h.type.descriptor.sql.BasicExtractor   : extracted value ([is_active4_0_] : [BIT]) - [true]
2019-06-13 17:57:28.681 TRACE 81444 --- [    Test worker] o.h.type.descriptor.sql.BasicExtractor   : extracted value ([last_updated5_0_] : [TIMESTAMP]) - [2019-05-24 14:48:59.0]
2019-06-13 17:57:28.681 TRACE 81444 --- [    Test worker] o.h.type.descriptor.sql.BasicExtractor   : extracted value ([last_updator_id6_0_] : [BIGINT]) - [6]
2019-06-13 17:57:28.681 TRACE 81444 --- [    Test worker] o.h.type.descriptor.sql.BasicExtractor   : extracted value ([my_parent_id7_0_] : [BIGINT]) - [null]
2019-06-13 17:57:28.681 TRACE 81444 --- [    Test worker] o.h.type.descriptor.sql.BasicExtractor   : extracted value ([name8_0_] : [VARCHAR]) - [상업정보교육전공]
2019-06-13 17:57:28.681 TRACE 81444 --- [    Test worker] o.h.type.descriptor.sql.BasicExtractor   : extracted value ([id1_0_] : [BIGINT]) - [424]
2019-06-13 17:57:28.681 TRACE 81444 --- [    Test worker] o.h.type.descriptor.sql.BasicExtractor   : extracted value ([code2_0_] : [VARCHAR]) - [X5653]
2019-06-13 17:57:28.681 TRACE 81444 --- [    Test worker] o.h.type.descriptor.sql.BasicExtractor   : extracted value ([date_created3_0_] : [TIMESTAMP]) - [2019-05-23 15:52:54.0]
2019-06-13 17:57:28.681 TRACE 81444 --- [    Test worker] o.h.type.descriptor.sql.BasicExtractor   : extracted value ([is_active4_0_] : [BIT]) - [true]
2019-06-13 17:57:28.681 TRACE 81444 --- [    Test worker] o.h.type.descriptor.sql.BasicExtractor   : extracted value ([last_updated5_0_] : [TIMESTAMP]) - [2019-05-24 14:48:59.0]
2019-06-13 17:57:28.681 TRACE 81444 --- [    Test worker] o.h.type.descriptor.sql.BasicExtractor   : extracted value ([last_updator_id6_0_] : [BIGINT]) - [6]
2019-06-13 17:57:28.681 TRACE 81444 --- [    Test worker] o.h.type.descriptor.sql.BasicExtractor   : extracted value ([my_parent_id7_0_] : [BIGINT]) - [null]
2019-06-13 17:57:28.681 TRACE 81444 --- [    Test worker] o.h.type.descriptor.sql.BasicExtractor   : extracted value ([name8_0_] : [VARCHAR]) - [음악교육전공]
2019-06-13 17:57:28.681 TRACE 81444 --- [    Test worker] o.h.type.descriptor.sql.BasicExtractor   : extracted value ([id1_0_] : [BIGINT]) - [425]
2019-06-13 17:57:28.681 TRACE 81444 --- [    Test worker] o.h.type.descriptor.sql.BasicExtractor   : extracted value ([code2_0_] : [VARCHAR]) - [X5654]
2019-06-13 17:57:28.681 TRACE 81444 --- [    Test worker] o.h.type.descriptor.sql.BasicExtractor   : extracted value ([date_created3_0_] : [TIMESTAMP]) - [2019-05-23 15:52:54.0]
2019-06-13 17:57:28.681 TRACE 81444 --- [    Test worker] o.h.type.descriptor.sql.BasicExtractor   : extracted value ([is_active4_0_] : [BIT]) - [true]
2019-06-13 17:57:28.681 TRACE 81444 --- [    Test worker] o.h.type.descriptor.sql.BasicExtractor   : extracted value ([last_updated5_0_] : [TIMESTAMP]) - [2019-05-24 14:49:00.0]
2019-06-13 17:57:28.681 TRACE 81444 --- [    Test worker] o.h.type.descriptor.sql.BasicExtractor   : extracted value ([last_updator_id6_0_] : [BIGINT]) - [6]
2019-06-13 17:57:28.681 TRACE 81444 --- [    Test worker] o.h.type.descriptor.sql.BasicExtractor   : extracted value ([my_parent_id7_0_] : [BIGINT]) - [null]
2019-06-13 17:57:28.682 TRACE 81444 --- [    Test worker] o.h.type.descriptor.sql.BasicExtractor   : extracted value ([name8_0_] : [VARCHAR]) - [중국어교육전공]
2019-06-13 17:57:28.682 TRACE 81444 --- [    Test worker] o.h.type.descriptor.sql.BasicExtractor   : extracted value ([id1_0_] : [BIGINT]) - [426]
2019-06-13 17:57:28.682 TRACE 81444 --- [    Test worker] o.h.type.descriptor.sql.BasicExtractor   : extracted value ([code2_0_] : [VARCHAR]) - [X5655]
2019-06-13 17:57:28.682 TRACE 81444 --- [    Test worker] o.h.type.descriptor.sql.BasicExtractor   : extracted value ([date_created3_0_] : [TIMESTAMP]) - [2019-05-23 15:52:55.0]
2019-06-13 17:57:28.682 TRACE 81444 --- [    Test worker] o.h.type.descriptor.sql.BasicExtractor   : extracted value ([is_active4_0_] : [BIT]) - [true]
2019-06-13 17:57:28.682 TRACE 81444 --- [    Test worker] o.h.type.descriptor.sql.BasicExtractor   : extracted value ([last_updated5_0_] : [TIMESTAMP]) - [2019-05-24 14:49:00.0]
2019-06-13 17:57:28.682 TRACE 81444 --- [    Test worker] o.h.type.descriptor.sql.BasicExtractor   : extracted value ([last_updator_id6_0_] : [BIGINT]) - [6]
2019-06-13 17:57:28.682 TRACE 81444 --- [    Test worker] o.h.type.descriptor.sql.BasicExtractor   : extracted value ([my_parent_id7_0_] : [BIGINT]) - [null]
2019-06-13 17:57:28.682 TRACE 81444 --- [    Test worker] o.h.type.descriptor.sql.BasicExtractor   : extracted value ([name8_0_] : [VARCHAR]) - [논리ㆍ철학교육전공]
2019-06-13 17:57:28.682 TRACE 81444 --- [    Test worker] o.h.type.descriptor.sql.BasicExtractor   : extracted value ([id1_0_] : [BIGINT]) - [427]
2019-06-13 17:57:28.682 TRACE 81444 --- [    Test worker] o.h.type.descriptor.sql.BasicExtractor   : extracted value ([code2_0_] : [VARCHAR]) - [X5656]
2019-06-13 17:57:28.682 TRACE 81444 --- [    Test worker] o.h.type.descriptor.sql.BasicExtractor   : extracted value ([date_created3_0_] : [TIMESTAMP]) - [2019-05-23 15:53:01.0]
2019-06-13 17:57:28.682 TRACE 81444 --- [    Test worker] o.h.type.descriptor.sql.BasicExtractor   : extracted value ([is_active4_0_] : [BIT]) - [true]
2019-06-13 17:57:28.682 TRACE 81444 --- [    Test worker] o.h.type.descriptor.sql.BasicExtractor   : extracted value ([last_updated5_0_] : [TIMESTAMP]) - [2019-05-24 14:49:00.0]
2019-06-13 17:57:28.682 TRACE 81444 --- [    Test worker] o.h.type.descriptor.sql.BasicExtractor   : extracted value ([last_updator_id6_0_] : [BIGINT]) - [6]
2019-06-13 17:57:28.682 TRACE 81444 --- [    Test worker] o.h.type.descriptor.sql.BasicExtractor   : extracted value ([my_parent_id7_0_] : [BIGINT]) - [null]
2019-06-13 17:57:28.682 TRACE 81444 --- [    Test worker] o.h.type.descriptor.sql.BasicExtractor   : extracted value ([name8_0_] : [VARCHAR]) - [지구과학교육전공]
2019-06-13 17:57:28.683 TRACE 81444 --- [    Test worker] o.h.type.descriptor.sql.BasicExtractor   : extracted value ([id1_0_] : [BIGINT]) - [428]
2019-06-13 17:57:28.683 TRACE 81444 --- [    Test worker] o.h.type.descriptor.sql.BasicExtractor   : extracted value ([code2_0_] : [VARCHAR]) - [X5657]
2019-06-13 17:57:28.683 TRACE 81444 --- [    Test worker] o.h.type.descriptor.sql.BasicExtractor   : extracted value ([date_created3_0_] : [TIMESTAMP]) - [2019-05-23 15:53:01.0]
2019-06-13 17:57:28.683 TRACE 81444 --- [    Test worker] o.h.type.descriptor.sql.BasicExtractor   : extracted value ([is_active4_0_] : [BIT]) - [true]
2019-06-13 17:57:28.683 TRACE 81444 --- [    Test worker] o.h.type.descriptor.sql.BasicExtractor   : extracted value ([last_updated5_0_] : [TIMESTAMP]) - [2019-05-24 14:49:00.0]
2019-06-13 17:57:28.683 TRACE 81444 --- [    Test worker] o.h.type.descriptor.sql.BasicExtractor   : extracted value ([last_updator_id6_0_] : [BIGINT]) - [6]
2019-06-13 17:57:28.683 TRACE 81444 --- [    Test worker] o.h.type.descriptor.sql.BasicExtractor   : extracted value ([my_parent_id7_0_] : [BIGINT]) - [null]
2019-06-13 17:57:28.683 TRACE 81444 --- [    Test worker] o.h.type.descriptor.sql.BasicExtractor   : extracted value ([name8_0_] : [VARCHAR]) - [영양교육전공]
2019-06-13 17:57:28.683 TRACE 81444 --- [    Test worker] o.h.type.descriptor.sql.BasicExtractor   : extracted value ([id1_0_] : [BIGINT]) - [429]
2019-06-13 17:57:28.683 TRACE 81444 --- [    Test worker] o.h.type.descriptor.sql.BasicExtractor   : extracted value ([code2_0_] : [VARCHAR]) - [X5731]
2019-06-13 17:57:28.683 TRACE 81444 --- [    Test worker] o.h.type.descriptor.sql.BasicExtractor   : extracted value ([date_created3_0_] : [TIMESTAMP]) - [2019-05-23 15:53:01.0]
2019-06-13 17:57:28.683 TRACE 81444 --- [    Test worker] o.h.type.descriptor.sql.BasicExtractor   : extracted value ([is_active4_0_] : [BIT]) - [true]
2019-06-13 17:57:28.683 TRACE 81444 --- [    Test worker] o.h.type.descriptor.sql.BasicExtractor   : extracted value ([last_updated5_0_] : [TIMESTAMP]) - [2019-05-24 14:10:12.0]
2019-06-13 17:57:28.683 TRACE 81444 --- [    Test worker] o.h.type.descriptor.sql.BasicExtractor   : extracted value ([last_updator_id6_0_] : [BIGINT]) - [6]
2019-06-13 17:57:28.683 TRACE 81444 --- [    Test worker] o.h.type.descriptor.sql.BasicExtractor   : extracted value ([my_parent_id7_0_] : [BIGINT]) - [137]
2019-06-13 17:57:28.684 TRACE 81444 --- [    Test worker] o.h.type.descriptor.sql.BasicExtractor   : extracted value ([name8_0_] : [VARCHAR]) - [주거및실내계획전공]
2019-06-13 17:57:28.684 TRACE 81444 --- [    Test worker] o.h.type.descriptor.sql.BasicExtractor   : extracted value ([id1_0_] : [BIGINT]) - [430]
2019-06-13 17:57:28.684 TRACE 81444 --- [    Test worker] o.h.type.descriptor.sql.BasicExtractor   : extracted value ([code2_0_] : [VARCHAR]) - [X5732]
2019-06-13 17:57:28.684 TRACE 81444 --- [    Test worker] o.h.type.descriptor.sql.BasicExtractor   : extracted value ([date_created3_0_] : [TIMESTAMP]) - [2019-05-23 15:53:02.0]
2019-06-13 17:57:28.684 TRACE 81444 --- [    Test worker] o.h.type.descriptor.sql.BasicExtractor   : extracted value ([is_active4_0_] : [BIT]) - [true]
2019-06-13 17:57:28.684 TRACE 81444 --- [    Test worker] o.h.type.descriptor.sql.BasicExtractor   : extracted value ([last_updated5_0_] : [TIMESTAMP]) - [2019-05-24 14:10:13.0]
2019-06-13 17:57:28.684 TRACE 81444 --- [    Test worker] o.h.type.descriptor.sql.BasicExtractor   : extracted value ([last_updator_id6_0_] : [BIGINT]) - [6]
2019-06-13 17:57:28.684 TRACE 81444 --- [    Test worker] o.h.type.descriptor.sql.BasicExtractor   : extracted value ([my_parent_id7_0_] : [BIGINT]) - [853]
2019-06-13 17:57:28.684 TRACE 81444 --- [    Test worker] o.h.type.descriptor.sql.BasicExtractor   : extracted value ([name8_0_] : [VARCHAR]) - [아동가족학전공]
2019-06-13 17:57:28.704 TRACE 81444 --- [    Test worker] o.h.type.descriptor.sql.BasicExtractor   : extracted value ([id1_0_] : [BIGINT]) - [431]
2019-06-13 17:57:28.704 TRACE 81444 --- [    Test worker] o.h.type.descriptor.sql.BasicExtractor   : extracted value ([code2_0_] : [VARCHAR]) - [X5741]
2019-06-13 17:57:28.705 TRACE 81444 --- [    Test worker] o.h.type.descriptor.sql.BasicExtractor   : extracted value ([date_created3_0_] : [TIMESTAMP]) - [2019-05-23 15:53:02.0]
2019-06-13 17:57:28.705 TRACE 81444 --- [    Test worker] o.h.type.descriptor.sql.BasicExtractor   : extracted value ([is_active4_0_] : [BIT]) - [true]
2019-06-13 17:57:28.705 TRACE 81444 --- [    Test worker] o.h.type.descriptor.sql.BasicExtractor   : extracted value ([last_updated5_0_] : [TIMESTAMP]) - [2019-05-23 15:53:02.0]
2019-06-13 17:57:28.705 TRACE 81444 --- [    Test worker] o.h.type.descriptor.sql.BasicExtractor   : extracted value ([last_updator_id6_0_] : [BIGINT]) - [6]
2019-06-13 17:57:28.705 TRACE 81444 --- [    Test worker] o.h.type.descriptor.sql.BasicExtractor   : extracted value ([my_parent_id7_0_] : [BIGINT]) - [null]
2019-06-13 17:57:28.705 TRACE 81444 --- [    Test worker] o.h.type.descriptor.sql.BasicExtractor   : extracted value ([name8_0_] : [VARCHAR]) - [전자정보공학전공]
2019-06-13 17:57:28.705 TRACE 81444 --- [    Test worker] o.h.type.descriptor.sql.BasicExtractor   : extracted value ([id1_0_] : [BIGINT]) - [432]
2019-06-13 17:57:28.705 TRACE 81444 --- [    Test worker] o.h.type.descriptor.sql.BasicExtractor   : extracted value ([code2_0_] : [VARCHAR]) - [X5771]
2019-06-13 17:57:28.705 TRACE 81444 --- [    Test worker] o.h.type.descriptor.sql.BasicExtractor   : extracted value ([date_created3_0_] : [TIMESTAMP]) - [2019-05-23 15:53:02.0]
2019-06-13 17:57:28.705 TRACE 81444 --- [    Test worker] o.h.type.descriptor.sql.BasicExtractor   : extracted value ([is_active4_0_] : [BIT]) - [true]
2019-06-13 17:57:28.705 TRACE 81444 --- [    Test worker] o.h.type.descriptor.sql.BasicExtractor   : extracted value ([last_updated5_0_] : [TIMESTAMP]) - [2019-05-24 14:10:13.0]
2019-06-13 17:57:28.706 TRACE 81444 --- [    Test worker] o.h.type.descriptor.sql.BasicExtractor   : extracted value ([last_updator_id6_0_] : [BIGINT]) - [6]
2019-06-13 17:57:28.706 TRACE 81444 --- [    Test worker] o.h.type.descriptor.sql.BasicExtractor   : extracted value ([my_parent_id7_0_] : [BIGINT]) - [145]
2019-06-13 17:57:28.708 TRACE 81444 --- [    Test worker] o.h.type.descriptor.sql.BasicExtractor   : extracted value ([name8_0_] : [VARCHAR]) - [해양생물공학전공]
2019-06-13 17:57:28.708 TRACE 81444 --- [    Test worker] o.h.type.descriptor.sql.BasicExtractor   : extracted value ([id1_0_] : [BIGINT]) - [433]
2019-06-13 17:57:28.708 TRACE 81444 --- [    Test worker] o.h.type.descriptor.sql.BasicExtractor   : extracted value ([code2_0_] : [VARCHAR]) - [X5772]
2019-06-13 17:57:28.708 TRACE 81444 --- [    Test worker] o.h.type.descriptor.sql.BasicExtractor   : extracted value ([date_created3_0_] : [TIMESTAMP]) - [2019-05-23 15:53:03.0]
2019-06-13 17:57:28.708 TRACE 81444 --- [    Test worker] o.h.type.descriptor.sql.BasicExtractor   : extracted value ([is_active4_0_] : [BIT]) - [true]
2019-06-13 17:57:28.708 TRACE 81444 --- [    Test worker] o.h.type.descriptor.sql.BasicExtractor   : extracted value ([last_updated5_0_] : [TIMESTAMP]) - [2019-05-24 14:49:02.0]
2019-06-13 17:57:28.708 TRACE 81444 --- [    Test worker] o.h.type.descriptor.sql.BasicExtractor   : extracted value ([last_updator_id6_0_] : [BIGINT]) - [6]
2019-06-13 17:57:28.708 TRACE 81444 --- [    Test worker] o.h.type.descriptor.sql.BasicExtractor   : extracted value ([my_parent_id7_0_] : [BIGINT]) - [null]
2019-06-13 17:57:28.708 TRACE 81444 --- [    Test worker] o.h.type.descriptor.sql.BasicExtractor   : extracted value ([name8_0_] : [VARCHAR]) - [일문학전공]
2019-06-13 17:57:28.708 TRACE 81444 --- [    Test worker] o.h.type.descriptor.sql.BasicExtractor   : extracted value ([id1_0_] : [BIGINT]) - [434]
2019-06-13 17:57:28.708 TRACE 81444 --- [    Test worker] o.h.type.descriptor.sql.BasicExtractor   : extracted value ([code2_0_] : [VARCHAR]) - [X5773]
2019-06-13 17:57:28.708 TRACE 81444 --- [    Test worker] o.h.type.descriptor.sql.BasicExtractor   : extracted value ([date_created3_0_] : [TIMESTAMP]) - [2019-05-23 15:53:03.0]
2019-06-13 17:57:28.709 TRACE 81444 --- [    Test worker] o.h.type.descriptor.sql.BasicExtractor   : extracted value ([is_active4_0_] : [BIT]) - [true]
2019-06-13 17:57:28.709 TRACE 81444 --- [    Test worker] o.h.type.descriptor.sql.BasicExtractor   : extracted value ([last_updated5_0_] : [TIMESTAMP]) - [2019-05-24 14:49:02.0]
2019-06-13 17:57:28.709 TRACE 81444 --- [    Test worker] o.h.type.descriptor.sql.BasicExtractor   : extracted value ([last_updator_id6_0_] : [BIGINT]) - [6]
2019-06-13 17:57:28.709 TRACE 81444 --- [    Test worker] o.h.type.descriptor.sql.BasicExtractor   : extracted value ([my_parent_id7_0_] : [BIGINT]) - [null]
2019-06-13 17:57:28.709 TRACE 81444 --- [    Test worker] o.h.type.descriptor.sql.BasicExtractor   : extracted value ([name8_0_] : [VARCHAR]) - [일어학전공]
2019-06-13 17:57:28.709 TRACE 81444 --- [    Test worker] o.h.type.descriptor.sql.BasicExtractor   : extracted value ([id1_0_] : [BIGINT]) - [435]
2019-06-13 17:57:28.709 TRACE 81444 --- [    Test worker] o.h.type.descriptor.sql.BasicExtractor   : extracted value ([code2_0_] : [VARCHAR]) - [X5774]
2019-06-13 17:57:28.709 TRACE 81444 --- [    Test worker] o.h.type.descriptor.sql.BasicExtractor   : extracted value ([date_created3_0_] : [TIMESTAMP]) - [2019-05-23 15:53:03.0]
2019-06-13 17:57:28.710 TRACE 81444 --- [    Test worker] o.h.type.descriptor.sql.BasicExtractor   : extracted value ([is_active4_0_] : [BIT]) - [true]
2019-06-13 17:57:28.710 TRACE 81444 --- [    Test worker] o.h.type.descriptor.sql.BasicExtractor   : extracted value ([last_updated5_0_] : [TIMESTAMP]) - [2019-05-24 14:49:02.0]
2019-06-13 17:57:28.710 TRACE 81444 --- [    Test worker] o.h.type.descriptor.sql.BasicExtractor   : extracted value ([last_updator_id6_0_] : [BIGINT]) - [6]
2019-06-13 17:57:28.710 TRACE 81444 --- [    Test worker] o.h.type.descriptor.sql.BasicExtractor   : extracted value ([my_parent_id7_0_] : [BIGINT]) - [null]
2019-06-13 17:57:28.710 TRACE 81444 --- [    Test worker] o.h.type.descriptor.sql.BasicExtractor   : extracted value ([name8_0_] : [VARCHAR]) - [복지행정전공]
2019-06-13 17:57:28.710 TRACE 81444 --- [    Test worker] o.h.type.descriptor.sql.BasicExtractor   : extracted value ([id1_0_] : [BIGINT]) - [436]
2019-06-13 17:57:28.710 TRACE 81444 --- [    Test worker] o.h.type.descriptor.sql.BasicExtractor   : extracted value ([code2_0_] : [VARCHAR]) - [X5775]
2019-06-13 17:57:28.710 TRACE 81444 --- [    Test worker] o.h.type.descriptor.sql.BasicExtractor   : extracted value ([date_created3_0_] : [TIMESTAMP]) - [2019-05-23 15:53:04.0]
2019-06-13 17:57:28.711 TRACE 81444 --- [    Test worker] o.h.type.descriptor.sql.BasicExtractor   : extracted value ([is_active4_0_] : [BIT]) - [true]
2019-06-13 17:57:28.711 TRACE 81444 --- [    Test worker] o.h.type.descriptor.sql.BasicExtractor   : extracted value ([last_updated5_0_] : [TIMESTAMP]) - [2019-05-24 14:49:03.0]
2019-06-13 17:57:28.711 TRACE 81444 --- [    Test worker] o.h.type.descriptor.sql.BasicExtractor   : extracted value ([last_updator_id6_0_] : [BIGINT]) - [6]
2019-06-13 17:57:28.711 TRACE 81444 --- [    Test worker] o.h.type.descriptor.sql.BasicExtractor   : extracted value ([my_parent_id7_0_] : [BIGINT]) - [null]
2019-06-13 17:57:28.711 TRACE 81444 --- [    Test worker] o.h.type.descriptor.sql.BasicExtractor   : extracted value ([name8_0_] : [VARCHAR]) - [전자상거래전공]
2019-06-13 17:57:28.711 TRACE 81444 --- [    Test worker] o.h.type.descriptor.sql.BasicExtractor   : extracted value ([id1_0_] : [BIGINT]) - [437]
2019-06-13 17:57:28.711 TRACE 81444 --- [    Test worker] o.h.type.descriptor.sql.BasicExtractor   : extracted value ([code2_0_] : [VARCHAR]) - [X5776]
2019-06-13 17:57:28.711 TRACE 81444 --- [    Test worker] o.h.type.descriptor.sql.BasicExtractor   : extracted value ([date_created3_0_] : [TIMESTAMP]) - [2019-05-23 15:53:04.0]
2019-06-13 17:57:28.711 TRACE 81444 --- [    Test worker] o.h.type.descriptor.sql.BasicExtractor   : extracted value ([is_active4_0_] : [BIT]) - [true]
2019-06-13 17:57:28.711 TRACE 81444 --- [    Test worker] o.h.type.descriptor.sql.BasicExtractor   : extracted value ([last_updated5_0_] : [TIMESTAMP]) - [2019-05-24 14:49:03.0]
2019-06-13 17:57:28.711 TRACE 81444 --- [    Test worker] o.h.type.descriptor.sql.BasicExtractor   : extracted value ([last_updator_id6_0_] : [BIGINT]) - [6]
2019-06-13 17:57:28.711 TRACE 81444 --- [    Test worker] o.h.type.descriptor.sql.BasicExtractor   : extracted value ([my_parent_id7_0_] : [BIGINT]) - [null]
2019-06-13 17:57:28.711 TRACE 81444 --- [    Test worker] o.h.type.descriptor.sql.BasicExtractor   : extracted value ([name8_0_] : [VARCHAR]) - [전산회계전공]
2019-06-13 17:57:28.711 TRACE 81444 --- [    Test worker] o.h.type.descriptor.sql.BasicExtractor   : extracted value ([id1_0_] : [BIGINT]) - [438]
2019-06-13 17:57:28.712 TRACE 81444 --- [    Test worker] o.h.type.descriptor.sql.BasicExtractor   : extracted value ([code2_0_] : [VARCHAR]) - [X5777]
2019-06-13 17:57:28.712 TRACE 81444 --- [    Test worker] o.h.type.descriptor.sql.BasicExtractor   : extracted value ([date_created3_0_] : [TIMESTAMP]) - [2019-05-23 15:53:04.0]
2019-06-13 17:57:28.712 TRACE 81444 --- [    Test worker] o.h.type.descriptor.sql.BasicExtractor   : extracted value ([is_active4_0_] : [BIT]) - [true]
2019-06-13 17:57:28.712 TRACE 81444 --- [    Test worker] o.h.type.descriptor.sql.BasicExtractor   : extracted value ([last_updated5_0_] : [TIMESTAMP]) - [2019-05-24 14:49:03.0]
2019-06-13 17:57:28.712 TRACE 81444 --- [    Test worker] o.h.type.descriptor.sql.BasicExtractor   : extracted value ([last_updator_id6_0_] : [BIGINT]) - [6]
2019-06-13 17:57:28.712 TRACE 81444 --- [    Test worker] o.h.type.descriptor.sql.BasicExtractor   : extracted value ([my_parent_id7_0_] : [BIGINT]) - [null]
2019-06-13 17:57:28.712 TRACE 81444 --- [    Test worker] o.h.type.descriptor.sql.BasicExtractor   : extracted value ([name8_0_] : [VARCHAR]) - [국제물류전공]
2019-06-13 17:57:28.713 TRACE 81444 --- [    Test worker] o.h.type.descriptor.sql.BasicExtractor   : extracted value ([id1_0_] : [BIGINT]) - [439]
2019-06-13 17:57:28.713 TRACE 81444 --- [    Test worker] o.h.type.descriptor.sql.BasicExtractor   : extracted value ([code2_0_] : [VARCHAR]) - [X5778]
2019-06-13 17:57:28.713 TRACE 81444 --- [    Test worker] o.h.type.descriptor.sql.BasicExtractor   : extracted value ([date_created3_0_] : [TIMESTAMP]) - [2019-05-23 15:53:08.0]
2019-06-13 17:57:28.713 TRACE 81444 --- [    Test worker] o.h.type.descriptor.sql.BasicExtractor   : extracted value ([is_active4_0_] : [BIT]) - [true]
2019-06-13 17:57:28.713 TRACE 81444 --- [    Test worker] o.h.type.descriptor.sql.BasicExtractor   : extracted value ([last_updated5_0_] : [TIMESTAMP]) - [2019-05-24 14:10:16.0]
2019-06-13 17:57:28.713 TRACE 81444 --- [    Test worker] o.h.type.descriptor.sql.BasicExtractor   : extracted value ([last_updator_id6_0_] : [BIGINT]) - [6]
2019-06-13 17:57:28.713 TRACE 81444 --- [    Test worker] o.h.type.descriptor.sql.BasicExtractor   : extracted value ([my_parent_id7_0_] : [BIGINT]) - [145]
2019-06-13 17:57:28.713 TRACE 81444 --- [    Test worker] o.h.type.descriptor.sql.BasicExtractor   : extracted value ([name8_0_] : [VARCHAR]) - [해양생명과학전공]
2019-06-13 17:57:28.713 TRACE 81444 --- [    Test worker] o.h.type.descriptor.sql.BasicExtractor   : extracted value ([id1_0_] : [BIGINT]) - [440]
2019-06-13 17:57:28.713 TRACE 81444 --- [    Test worker] o.h.type.descriptor.sql.BasicExtractor   : extracted value ([code2_0_] : [VARCHAR]) - [X5779]
2019-06-13 17:57:28.713 TRACE 81444 --- [    Test worker] o.h.type.descriptor.sql.BasicExtractor   : extracted value ([date_created3_0_] : [TIMESTAMP]) - [2019-05-23 15:53:08.0]
2019-06-13 17:57:28.713 TRACE 81444 --- [    Test worker] o.h.type.descriptor.sql.BasicExtractor   : extracted value ([is_active4_0_] : [BIT]) - [true]
2019-06-13 17:57:28.714 TRACE 81444 --- [    Test worker] o.h.type.descriptor.sql.BasicExtractor   : extracted value ([last_updated5_0_] : [TIMESTAMP]) - [2019-05-24 14:49:04.0]
2019-06-13 17:57:28.714 TRACE 81444 --- [    Test worker] o.h.type.descriptor.sql.BasicExtractor   : extracted value ([last_updator_id6_0_] : [BIGINT]) - [6]
2019-06-13 17:57:28.714 TRACE 81444 --- [    Test worker] o.h.type.descriptor.sql.BasicExtractor   : extracted value ([my_parent_id7_0_] : [BIGINT]) - [null]
2019-06-13 17:57:28.714 TRACE 81444 --- [    Test worker] o.h.type.descriptor.sql.BasicExtractor   : extracted value ([name8_0_] : [VARCHAR]) - [지역문화콘텐츠전공]
2019-06-13 17:57:28.731 TRACE 81444 --- [    Test worker] o.h.type.descriptor.sql.BasicExtractor   : extracted value ([id1_0_] : [BIGINT]) - [441]
2019-06-13 17:57:28.731 TRACE 81444 --- [    Test worker] o.h.type.descriptor.sql.BasicExtractor   : extracted value ([code2_0_] : [VARCHAR]) - [X5781]
2019-06-13 17:57:28.731 TRACE 81444 --- [    Test worker] o.h.type.descriptor.sql.BasicExtractor   : extracted value ([date_created3_0_] : [TIMESTAMP]) - [2019-05-23 15:53:09.0]
2019-06-13 17:57:28.731 TRACE 81444 --- [    Test worker] o.h.type.descriptor.sql.BasicExtractor   : extracted value ([is_active4_0_] : [BIT]) - [true]
2019-06-13 17:57:28.731 TRACE 81444 --- [    Test worker] o.h.type.descriptor.sql.BasicExtractor   : extracted value ([last_updated5_0_] : [TIMESTAMP]) - [2019-05-24 14:49:04.0]
2019-06-13 17:57:28.731 TRACE 81444 --- [    Test worker] o.h.type.descriptor.sql.BasicExtractor   : extracted value ([last_updator_id6_0_] : [BIGINT]) - [6]
2019-06-13 17:57:28.731 TRACE 81444 --- [    Test worker] o.h.type.descriptor.sql.BasicExtractor   : extracted value ([my_parent_id7_0_] : [BIGINT]) - [null]
2019-06-13 17:57:28.731 TRACE 81444 --- [    Test worker] o.h.type.descriptor.sql.BasicExtractor   : extracted value ([name8_0_] : [VARCHAR]) - [글로벌창업학]
2019-06-13 17:57:28.731 TRACE 81444 --- [    Test worker] o.h.type.descriptor.sql.BasicExtractor   : extracted value ([id1_0_] : [BIGINT]) - [442]
2019-06-13 17:57:28.731 TRACE 81444 --- [    Test worker] o.h.type.descriptor.sql.BasicExtractor   : extracted value ([code2_0_] : [VARCHAR]) - [X5811]
2019-06-13 17:57:28.731 TRACE 81444 --- [    Test worker] o.h.type.descriptor.sql.BasicExtractor   : extracted value ([date_created3_0_] : [TIMESTAMP]) - [2019-05-23 15:53:09.0]
2019-06-13 17:57:28.731 TRACE 81444 --- [    Test worker] o.h.type.descriptor.sql.BasicExtractor   : extracted value ([is_active4_0_] : [BIT]) - [true]
2019-06-13 17:57:28.731 TRACE 81444 --- [    Test worker] o.h.type.descriptor.sql.BasicExtractor   : extracted value ([last_updated5_0_] : [TIMESTAMP]) - [2019-05-24 14:10:17.0]
2019-06-13 17:57:28.731 TRACE 81444 --- [    Test worker] o.h.type.descriptor.sql.BasicExtractor   : extracted value ([last_updator_id6_0_] : [BIGINT]) - [6]
2019-06-13 17:57:28.731 TRACE 81444 --- [    Test worker] o.h.type.descriptor.sql.BasicExtractor   : extracted value ([my_parent_id7_0_] : [BIGINT]) - [854]
2019-06-13 17:57:28.731 TRACE 81444 --- [    Test worker] o.h.type.descriptor.sql.BasicExtractor   : extracted value ([name8_0_] : [VARCHAR]) - [조선공학전공]
2019-06-13 17:57:28.732 TRACE 81444 --- [    Test worker] o.h.type.descriptor.sql.BasicExtractor   : extracted value ([id1_0_] : [BIGINT]) - [443]
2019-06-13 17:57:28.732 TRACE 81444 --- [    Test worker] o.h.type.descriptor.sql.BasicExtractor   : extracted value ([code2_0_] : [VARCHAR]) - [X5812]
2019-06-13 17:57:28.732 TRACE 81444 --- [    Test worker] o.h.type.descriptor.sql.BasicExtractor   : extracted value ([date_created3_0_] : [TIMESTAMP]) - [2019-05-23 15:53:09.0]
2019-06-13 17:57:28.732 TRACE 81444 --- [    Test worker] o.h.type.descriptor.sql.BasicExtractor   : extracted value ([is_active4_0_] : [BIT]) - [true]
2019-06-13 17:57:28.732 TRACE 81444 --- [    Test worker] o.h.type.descriptor.sql.BasicExtractor   : extracted value ([last_updated5_0_] : [TIMESTAMP]) - [2019-05-24 14:10:17.0]
2019-06-13 17:57:28.732 TRACE 81444 --- [    Test worker] o.h.type.descriptor.sql.BasicExtractor   : extracted value ([last_updator_id6_0_] : [BIGINT]) - [6]
2019-06-13 17:57:28.732 TRACE 81444 --- [    Test worker] o.h.type.descriptor.sql.BasicExtractor   : extracted value ([my_parent_id7_0_] : [BIGINT]) - [99]
2019-06-13 17:57:28.732 TRACE 81444 --- [    Test worker] o.h.type.descriptor.sql.BasicExtractor   : extracted value ([name8_0_] : [VARCHAR]) - [조선해양공학전공]
2019-06-13 17:57:28.732 TRACE 81444 --- [    Test worker] o.h.type.descriptor.sql.BasicExtractor   : extracted value ([id1_0_] : [BIGINT]) - [444]
2019-06-13 17:57:28.732 TRACE 81444 --- [    Test worker] o.h.type.descriptor.sql.BasicExtractor   : extracted value ([code2_0_] : [VARCHAR]) - [X5821]
2019-06-13 17:57:28.732 TRACE 81444 --- [    Test worker] o.h.type.descriptor.sql.BasicExtractor   : extracted value ([date_created3_0_] : [TIMESTAMP]) - [2019-05-23 15:53:10.0]
2019-06-13 17:57:28.733 TRACE 81444 --- [    Test worker] o.h.type.descriptor.sql.BasicExtractor   : extracted value ([is_active4_0_] : [BIT]) - [true]
2019-06-13 17:57:28.733 TRACE 81444 --- [    Test worker] o.h.type.descriptor.sql.BasicExtractor   : extracted value ([last_updated5_0_] : [TIMESTAMP]) - [2019-05-24 14:10:18.0]
2019-06-13 17:57:28.733 TRACE 81444 --- [    Test worker] o.h.type.descriptor.sql.BasicExtractor   : extracted value ([last_updator_id6_0_] : [BIGINT]) - [6]
2019-06-13 17:57:28.733 TRACE 81444 --- [    Test worker] o.h.type.descriptor.sql.BasicExtractor   : extracted value ([my_parent_id7_0_] : [BIGINT]) - [852]
2019-06-13 17:57:28.733 TRACE 81444 --- [    Test worker] o.h.type.descriptor.sql.BasicExtractor   : extracted value ([name8_0_] : [VARCHAR]) - [물류학전공]
2019-06-13 17:57:28.733 TRACE 81444 --- [    Test worker] o.h.type.descriptor.sql.BasicExtractor   : extracted value ([id1_0_] : [BIGINT]) - [445]
2019-06-13 17:57:28.733 TRACE 81444 --- [    Test worker] o.h.type.descriptor.sql.BasicExtractor   : extracted value ([code2_0_] : [VARCHAR]) - [X5831]
2019-06-13 17:57:28.733 TRACE 81444 --- [    Test worker] o.h.type.descriptor.sql.BasicExtractor   : extracted value ([date_created3_0_] : [TIMESTAMP]) - [2019-05-23 15:53:10.0]
2019-06-13 17:57:28.733 TRACE 81444 --- [    Test worker] o.h.type.descriptor.sql.BasicExtractor   : extracted value ([is_active4_0_] : [BIT]) - [true]
2019-06-13 17:57:28.733 TRACE 81444 --- [    Test worker] o.h.type.descriptor.sql.BasicExtractor   : extracted value ([last_updated5_0_] : [TIMESTAMP]) - [2019-05-24 14:49:05.0]
2019-06-13 17:57:28.733 TRACE 81444 --- [    Test worker] o.h.type.descriptor.sql.BasicExtractor   : extracted value ([last_updator_id6_0_] : [BIGINT]) - [6]
2019-06-13 17:57:28.733 TRACE 81444 --- [    Test worker] o.h.type.descriptor.sql.BasicExtractor   : extracted value ([my_parent_id7_0_] : [BIGINT]) - [null]
2019-06-13 17:57:28.735 TRACE 81444 --- [    Test worker] o.h.type.descriptor.sql.BasicExtractor   : extracted value ([name8_0_] : [VARCHAR]) - [방송매체공학전공]
2019-06-13 17:57:28.735 TRACE 81444 --- [    Test worker] o.h.type.descriptor.sql.BasicExtractor   : extracted value ([id1_0_] : [BIGINT]) - [446]
2019-06-13 17:57:28.735 TRACE 81444 --- [    Test worker] o.h.type.descriptor.sql.BasicExtractor   : extracted value ([code2_0_] : [VARCHAR]) - [X5841]
2019-06-13 17:57:28.735 TRACE 81444 --- [    Test worker] o.h.type.descriptor.sql.BasicExtractor   : extracted value ([date_created3_0_] : [TIMESTAMP]) - [2019-05-23 15:53:10.0]
2019-06-13 17:57:28.735 TRACE 81444 --- [    Test worker] o.h.type.descriptor.sql.BasicExtractor   : extracted value ([is_active4_0_] : [BIT]) - [true]
2019-06-13 17:57:28.735 TRACE 81444 --- [    Test worker] o.h.type.descriptor.sql.BasicExtractor   : extracted value ([last_updated5_0_] : [TIMESTAMP]) - [2019-05-24 14:10:19.0]
2019-06-13 17:57:28.735 TRACE 81444 --- [    Test worker] o.h.type.descriptor.sql.BasicExtractor   : extracted value ([last_updator_id6_0_] : [BIGINT]) - [6]
2019-06-13 17:57:28.735 TRACE 81444 --- [    Test worker] o.h.type.descriptor.sql.BasicExtractor   : extracted value ([my_parent_id7_0_] : [BIGINT]) - [855]
2019-06-13 17:57:28.736 TRACE 81444 --- [    Test worker] o.h.type.descriptor.sql.BasicExtractor   : extracted value ([name8_0_] : [VARCHAR]) - [해양경찰학전공]
2019-06-13 17:57:28.736 TRACE 81444 --- [    Test worker] o.h.type.descriptor.sql.BasicExtractor   : extracted value ([id1_0_] : [BIGINT]) - [447]
2019-06-13 17:57:28.736 TRACE 81444 --- [    Test worker] o.h.type.descriptor.sql.BasicExtractor   : extracted value ([code2_0_] : [VARCHAR]) - [X5842]
2019-06-13 17:57:28.736 TRACE 81444 --- [    Test worker] o.h.type.descriptor.sql.BasicExtractor   : extracted value ([date_created3_0_] : [TIMESTAMP]) - [2019-05-23 15:53:11.0]
2019-06-13 17:57:28.736 TRACE 81444 --- [    Test worker] o.h.type.descriptor.sql.BasicExtractor   : extracted value ([is_active4_0_] : [BIT]) - [true]
2019-06-13 17:57:28.736 TRACE 81444 --- [    Test worker] o.h.type.descriptor.sql.BasicExtractor   : extracted value ([last_updated5_0_] : [TIMESTAMP]) - [2019-05-24 14:49:06.0]
2019-06-13 17:57:28.736 TRACE 81444 --- [    Test worker] o.h.type.descriptor.sql.BasicExtractor   : extracted value ([last_updator_id6_0_] : [BIGINT]) - [6]
2019-06-13 17:57:28.736 TRACE 81444 --- [    Test worker] o.h.type.descriptor.sql.BasicExtractor   : extracted value ([my_parent_id7_0_] : [BIGINT]) - [null]
2019-06-13 17:57:28.736 TRACE 81444 --- [    Test worker] o.h.type.descriptor.sql.BasicExtractor   : extracted value ([name8_0_] : [VARCHAR]) - [경찰학전공]
2019-06-13 17:57:28.736 TRACE 81444 --- [    Test worker] o.h.type.descriptor.sql.BasicExtractor   : extracted value ([id1_0_] : [BIGINT]) - [448]
2019-06-13 17:57:28.736 TRACE 81444 --- [    Test worker] o.h.type.descriptor.sql.BasicExtractor   : extracted value ([code2_0_] : [VARCHAR]) - [X5851]
2019-06-13 17:57:28.736 TRACE 81444 --- [    Test worker] o.h.type.descriptor.sql.BasicExtractor   : extracted value ([date_created3_0_] : [TIMESTAMP]) - [2019-05-23 15:53:11.0]
2019-06-13 17:57:28.736 TRACE 81444 --- [    Test worker] o.h.type.descriptor.sql.BasicExtractor   : extracted value ([is_active4_0_] : [BIT]) - [true]
2019-06-13 17:57:28.736 TRACE 81444 --- [    Test worker] o.h.type.descriptor.sql.BasicExtractor   : extracted value ([last_updated5_0_] : [TIMESTAMP]) - [2019-05-24 14:49:06.0]
2019-06-13 17:57:28.736 TRACE 81444 --- [    Test worker] o.h.type.descriptor.sql.BasicExtractor   : extracted value ([last_updator_id6_0_] : [BIGINT]) - [6]
2019-06-13 17:57:28.736 TRACE 81444 --- [    Test worker] o.h.type.descriptor.sql.BasicExtractor   : extracted value ([my_parent_id7_0_] : [BIGINT]) - [null]
2019-06-13 17:57:28.736 TRACE 81444 --- [    Test worker] o.h.type.descriptor.sql.BasicExtractor   : extracted value ([name8_0_] : [VARCHAR]) - [플라즈마융합공학전공]
2019-06-13 17:57:28.737 TRACE 81444 --- [    Test worker] o.h.type.descriptor.sql.BasicExtractor   : extracted value ([id1_0_] : [BIGINT]) - [449]
2019-06-13 17:57:28.737 TRACE 81444 --- [    Test worker] o.h.type.descriptor.sql.BasicExtractor   : extracted value ([code2_0_] : [VARCHAR]) - [X5861]
2019-06-13 17:57:28.737 TRACE 81444 --- [    Test worker] o.h.type.descriptor.sql.BasicExtractor   : extracted value ([date_created3_0_] : [TIMESTAMP]) - [2019-05-23 15:53:11.0]
2019-06-13 17:57:28.737 TRACE 81444 --- [    Test worker] o.h.type.descriptor.sql.BasicExtractor   : extracted value ([is_active4_0_] : [BIT]) - [true]
2019-06-13 17:57:28.737 TRACE 81444 --- [    Test worker] o.h.type.descriptor.sql.BasicExtractor   : extracted value ([last_updated5_0_] : [TIMESTAMP]) - [2019-05-24 14:49:07.0]
2019-06-13 17:57:28.737 TRACE 81444 --- [    Test worker] o.h.type.descriptor.sql.BasicExtractor   : extracted value ([last_updator_id6_0_] : [BIGINT]) - [6]
2019-06-13 17:57:28.737 TRACE 81444 --- [    Test worker] o.h.type.descriptor.sql.BasicExtractor   : extracted value ([my_parent_id7_0_] : [BIGINT]) - [null]
2019-06-13 17:57:28.737 TRACE 81444 --- [    Test worker] o.h.type.descriptor.sql.BasicExtractor   : extracted value ([name8_0_] : [VARCHAR]) - [유아교육학전공]
2019-06-13 17:57:28.737 TRACE 81444 --- [    Test worker] o.h.type.descriptor.sql.BasicExtractor   : extracted value ([id1_0_] : [BIGINT]) - [450]
2019-06-13 17:57:28.737 TRACE 81444 --- [    Test worker] o.h.type.descriptor.sql.BasicExtractor   : extracted value ([code2_0_] : [VARCHAR]) - [X5921]
2019-06-13 17:57:28.737 TRACE 81444 --- [    Test worker] o.h.type.descriptor.sql.BasicExtractor   : extracted value ([date_created3_0_] : [TIMESTAMP]) - [2019-05-23 15:53:12.0]
2019-06-13 17:57:28.737 TRACE 81444 --- [    Test worker] o.h.type.descriptor.sql.BasicExtractor   : extracted value ([is_active4_0_] : [BIT]) - [true]
2019-06-13 17:57:28.737 TRACE 81444 --- [    Test worker] o.h.type.descriptor.sql.BasicExtractor   : extracted value ([last_updated5_0_] : [TIMESTAMP]) - [2019-05-24 14:49:07.0]
2019-06-13 17:57:28.737 TRACE 81444 --- [    Test worker] o.h.type.descriptor.sql.BasicExtractor   : extracted value ([last_updator_id6_0_] : [BIGINT]) - [6]
2019-06-13 17:57:28.737 TRACE 81444 --- [    Test worker] o.h.type.descriptor.sql.BasicExtractor   : extracted value ([my_parent_id7_0_] : [BIGINT]) - [null]
2019-06-13 17:57:28.737 TRACE 81444 --- [    Test worker] o.h.type.descriptor.sql.BasicExtractor   : extracted value ([name8_0_] : [VARCHAR]) - [교양교직]
2019-06-13 17:57:28.754 TRACE 81444 --- [    Test worker] o.h.type.descriptor.sql.BasicExtractor   : extracted value ([id1_0_] : [BIGINT]) - [451]
2019-06-13 17:57:28.754 TRACE 81444 --- [    Test worker] o.h.type.descriptor.sql.BasicExtractor   : extracted value ([code2_0_] : [VARCHAR]) - [X5931]
2019-06-13 17:57:28.754 TRACE 81444 --- [    Test worker] o.h.type.descriptor.sql.BasicExtractor   : extracted value ([date_created3_0_] : [TIMESTAMP]) - [2019-05-23 15:53:12.0]
2019-06-13 17:57:28.754 TRACE 81444 --- [    Test worker] o.h.type.descriptor.sql.BasicExtractor   : extracted value ([is_active4_0_] : [BIT]) - [true]
2019-06-13 17:57:28.754 TRACE 81444 --- [    Test worker] o.h.type.descriptor.sql.BasicExtractor   : extracted value ([last_updated5_0_] : [TIMESTAMP]) - [2019-05-24 14:49:07.0]
2019-06-13 17:57:28.754 TRACE 81444 --- [    Test worker] o.h.type.descriptor.sql.BasicExtractor   : extracted value ([last_updator_id6_0_] : [BIGINT]) - [6]
2019-06-13 17:57:28.754 TRACE 81444 --- [    Test worker] o.h.type.descriptor.sql.BasicExtractor   : extracted value ([my_parent_id7_0_] : [BIGINT]) - [null]
2019-06-13 17:57:28.754 TRACE 81444 --- [    Test worker] o.h.type.descriptor.sql.BasicExtractor   : extracted value ([name8_0_] : [VARCHAR]) - [한국어교육과정]
2019-06-13 17:57:28.754 TRACE 81444 --- [    Test worker] o.h.type.descriptor.sql.BasicExtractor   : extracted value ([id1_0_] : [BIGINT]) - [452]
2019-06-13 17:57:28.754 TRACE 81444 --- [    Test worker] o.h.type.descriptor.sql.BasicExtractor   : extracted value ([code2_0_] : [VARCHAR]) - [X5A10]
2019-06-13 17:57:28.754 TRACE 81444 --- [    Test worker] o.h.type.descriptor.sql.BasicExtractor   : extracted value ([date_created3_0_] : [TIMESTAMP]) - [2019-05-23 15:53:12.0]
2019-06-13 17:57:28.754 TRACE 81444 --- [    Test worker] o.h.type.descriptor.sql.BasicExtractor   : extracted value ([is_active4_0_] : [BIT]) - [true]
2019-06-13 17:57:28.754 TRACE 81444 --- [    Test worker] o.h.type.descriptor.sql.BasicExtractor   : extracted value ([last_updated5_0_] : [TIMESTAMP]) - [2019-05-24 14:49:08.0]
2019-06-13 17:57:28.754 TRACE 81444 --- [    Test worker] o.h.type.descriptor.sql.BasicExtractor   : extracted value ([last_updator_id6_0_] : [BIGINT]) - [6]
2019-06-13 17:57:28.754 TRACE 81444 --- [    Test worker] o.h.type.descriptor.sql.BasicExtractor   : extracted value ([my_parent_id7_0_] : [BIGINT]) - [null]
2019-06-13 17:57:28.755 TRACE 81444 --- [    Test worker] o.h.type.descriptor.sql.BasicExtractor   : extracted value ([name8_0_] : [VARCHAR]) - [간호학전공]
2019-06-13 17:57:28.755 TRACE 81444 --- [    Test worker] o.h.type.descriptor.sql.BasicExtractor   : extracted value ([id1_0_] : [BIGINT]) - [453]
2019-06-13 17:57:28.755 TRACE 81444 --- [    Test worker] o.h.type.descriptor.sql.BasicExtractor   : extracted value ([code2_0_] : [VARCHAR]) - [X5A25]
2019-06-13 17:57:28.755 TRACE 81444 --- [    Test worker] o.h.type.descriptor.sql.BasicExtractor   : extracted value ([date_created3_0_] : [TIMESTAMP]) - [2019-05-23 15:53:13.0]
2019-06-13 17:57:28.755 TRACE 81444 --- [    Test worker] o.h.type.descriptor.sql.BasicExtractor   : extracted value ([is_active4_0_] : [BIT]) - [true]
2019-06-13 17:57:28.755 TRACE 81444 --- [    Test worker] o.h.type.descriptor.sql.BasicExtractor   : extracted value ([last_updated5_0_] : [TIMESTAMP]) - [2019-05-24 14:49:08.0]
2019-06-13 17:57:28.755 TRACE 81444 --- [    Test worker] o.h.type.descriptor.sql.BasicExtractor   : extracted value ([last_updator_id6_0_] : [BIGINT]) - [6]
2019-06-13 17:57:28.755 TRACE 81444 --- [    Test worker] o.h.type.descriptor.sql.BasicExtractor   : extracted value ([my_parent_id7_0_] : [BIGINT]) - [null]
2019-06-13 17:57:28.755 TRACE 81444 --- [    Test worker] o.h.type.descriptor.sql.BasicExtractor   : extracted value ([name8_0_] : [VARCHAR]) - [식품클러스터전공]
2019-06-13 17:57:28.755 TRACE 81444 --- [    Test worker] o.h.type.descriptor.sql.BasicExtractor   : extracted value ([id1_0_] : [BIGINT]) - [454]
2019-06-13 17:57:28.756 TRACE 81444 --- [    Test worker] o.h.type.descriptor.sql.BasicExtractor   : extracted value ([code2_0_] : [VARCHAR]) - [X5A31]
2019-06-13 17:57:28.756 TRACE 81444 --- [    Test worker] o.h.type.descriptor.sql.BasicExtractor   : extracted value ([date_created3_0_] : [TIMESTAMP]) - [2019-05-23 15:53:13.0]
2019-06-13 17:57:28.756 TRACE 81444 --- [    Test worker] o.h.type.descriptor.sql.BasicExtractor   : extracted value ([is_active4_0_] : [BIT]) - [true]
2019-06-13 17:57:28.756 TRACE 81444 --- [    Test worker] o.h.type.descriptor.sql.BasicExtractor   : extracted value ([last_updated5_0_] : [TIMESTAMP]) - [2019-05-24 14:49:08.0]
2019-06-13 17:57:28.756 TRACE 81444 --- [    Test worker] o.h.type.descriptor.sql.BasicExtractor   : extracted value ([last_updator_id6_0_] : [BIGINT]) - [6]
2019-06-13 17:57:28.756 TRACE 81444 --- [    Test worker] o.h.type.descriptor.sql.BasicExtractor   : extracted value ([my_parent_id7_0_] : [BIGINT]) - [null]
2019-06-13 17:57:28.756 TRACE 81444 --- [    Test worker] o.h.type.descriptor.sql.BasicExtractor   : extracted value ([name8_0_] : [VARCHAR]) - [공간디자인융합기술학전공]
2019-06-13 17:57:28.756 TRACE 81444 --- [    Test worker] o.h.type.descriptor.sql.BasicExtractor   : extracted value ([id1_0_] : [BIGINT]) - [455]
2019-06-13 17:57:28.777 TRACE 81444 --- [    Test worker] o.h.type.descriptor.sql.BasicExtractor   : extracted value ([code2_0_] : [VARCHAR]) - [X5A33]
2019-06-13 17:57:28.778 TRACE 81444 --- [    Test worker] o.h.type.descriptor.sql.BasicExtractor   : extracted value ([date_created3_0_] : [TIMESTAMP]) - [2019-05-23 15:53:13.0]
2019-06-13 17:57:28.778 TRACE 81444 --- [    Test worker] o.h.type.descriptor.sql.BasicExtractor   : extracted value ([is_active4_0_] : [BIT]) - [true]
2019-06-13 17:57:28.778 TRACE 81444 --- [    Test worker] o.h.type.descriptor.sql.BasicExtractor   : extracted value ([last_updated5_0_] : [TIMESTAMP]) - [2019-05-24 14:49:09.0]
2019-06-13 17:57:28.778 TRACE 81444 --- [    Test worker] o.h.type.descriptor.sql.BasicExtractor   : extracted value ([last_updator_id6_0_] : [BIGINT]) - [6]
2019-06-13 17:57:28.778 TRACE 81444 --- [    Test worker] o.h.type.descriptor.sql.BasicExtractor   : extracted value ([my_parent_id7_0_] : [BIGINT]) - [null]
2019-06-13 17:57:28.778 TRACE 81444 --- [    Test worker] o.h.type.descriptor.sql.BasicExtractor   : extracted value ([name8_0_] : [VARCHAR]) - [주거복지연계전공]
2019-06-13 17:57:28.778 TRACE 81444 --- [    Test worker] o.h.type.descriptor.sql.BasicExtractor   : extracted value ([id1_0_] : [BIGINT]) - [456]
2019-06-13 17:57:28.778 TRACE 81444 --- [    Test worker] o.h.type.descriptor.sql.BasicExtractor   : extracted value ([code2_0_] : [VARCHAR]) - [X5A61]
2019-06-13 17:57:28.778 TRACE 81444 --- [    Test worker] o.h.type.descriptor.sql.BasicExtractor   : extracted value ([date_created3_0_] : [TIMESTAMP]) - [2019-05-23 15:53:14.0]
2019-06-13 17:57:28.778 TRACE 81444 --- [    Test worker] o.h.type.descriptor.sql.BasicExtractor   : extracted value ([is_active4_0_] : [BIT]) - [true]
2019-06-13 17:57:28.778 TRACE 81444 --- [    Test worker] o.h.type.descriptor.sql.BasicExtractor   : extracted value ([last_updated5_0_] : [TIMESTAMP]) - [2019-05-24 14:49:09.0]
2019-06-13 17:57:28.778 TRACE 81444 --- [    Test worker] o.h.type.descriptor.sql.BasicExtractor   : extracted value ([last_updator_id6_0_] : [BIGINT]) - [6]
2019-06-13 17:57:28.778 TRACE 81444 --- [    Test worker] o.h.type.descriptor.sql.BasicExtractor   : extracted value ([my_parent_id7_0_] : [BIGINT]) - [null]
2019-06-13 17:57:28.778 TRACE 81444 --- [    Test worker] o.h.type.descriptor.sql.BasicExtractor   : extracted value ([name8_0_] : [VARCHAR]) - [융합기술창업학전공]
2019-06-13 17:57:28.778 TRACE 81444 --- [    Test worker] o.h.type.descriptor.sql.BasicExtractor   : extracted value ([id1_0_] : [BIGINT]) - [457]
2019-06-13 17:57:28.778 TRACE 81444 --- [    Test worker] o.h.type.descriptor.sql.BasicExtractor   : extracted value ([code2_0_] : [VARCHAR]) - [X5A71]
2019-06-13 17:57:28.779 TRACE 81444 --- [    Test worker] o.h.type.descriptor.sql.BasicExtractor   : extracted value ([date_created3_0_] : [TIMESTAMP]) - [2019-05-23 15:53:14.0]
2019-06-13 17:57:28.779 TRACE 81444 --- [    Test worker] o.h.type.descriptor.sql.BasicExtractor   : extracted value ([is_active4_0_] : [BIT]) - [true]
2019-06-13 17:57:28.780 TRACE 81444 --- [    Test worker] o.h.type.descriptor.sql.BasicExtractor   : extracted value ([last_updated5_0_] : [TIMESTAMP]) - [2019-05-24 14:49:09.0]
2019-06-13 17:57:28.780 TRACE 81444 --- [    Test worker] o.h.type.descriptor.sql.BasicExtractor   : extracted value ([last_updator_id6_0_] : [BIGINT]) - [6]
2019-06-13 17:57:28.780 TRACE 81444 --- [    Test worker] o.h.type.descriptor.sql.BasicExtractor   : extracted value ([my_parent_id7_0_] : [BIGINT]) - [null]
2019-06-13 17:57:28.780 TRACE 81444 --- [    Test worker] o.h.type.descriptor.sql.BasicExtractor   : extracted value ([name8_0_] : [VARCHAR]) - [소프트웨어융합공학전공]
2019-06-13 17:57:28.780 TRACE 81444 --- [    Test worker] o.h.type.descriptor.sql.BasicExtractor   : extracted value ([id1_0_] : [BIGINT]) - [458]
2019-06-13 17:57:28.780 TRACE 81444 --- [    Test worker] o.h.type.descriptor.sql.BasicExtractor   : extracted value ([code2_0_] : [VARCHAR]) - [X5A81]
2019-06-13 17:57:28.780 TRACE 81444 --- [    Test worker] o.h.type.descriptor.sql.BasicExtractor   : extracted value ([date_created3_0_] : [TIMESTAMP]) - [2019-05-23 15:53:14.0]
2019-06-13 17:57:28.780 TRACE 81444 --- [    Test worker] o.h.type.descriptor.sql.BasicExtractor   : extracted value ([is_active4_0_] : [BIT]) - [true]
2019-06-13 17:57:28.780 TRACE 81444 --- [    Test worker] o.h.type.descriptor.sql.BasicExtractor   : extracted value ([last_updated5_0_] : [TIMESTAMP]) - [2019-05-24 14:49:10.0]
2019-06-13 17:57:28.780 TRACE 81444 --- [    Test worker] o.h.type.descriptor.sql.BasicExtractor   : extracted value ([last_updator_id6_0_] : [BIGINT]) - [6]
2019-06-13 17:57:28.780 TRACE 81444 --- [    Test worker] o.h.type.descriptor.sql.BasicExtractor   : extracted value ([my_parent_id7_0_] : [BIGINT]) - [null]
2019-06-13 17:57:28.780 TRACE 81444 --- [    Test worker] o.h.type.descriptor.sql.BasicExtractor   : extracted value ([name8_0_] : [VARCHAR]) - [글로벌뷰티산업학전공]
2019-06-13 17:57:28.780 TRACE 81444 --- [    Test worker] o.h.type.descriptor.sql.BasicExtractor   : extracted value ([id1_0_] : [BIGINT]) - [459]
2019-06-13 17:57:28.780 TRACE 81444 --- [    Test worker] o.h.type.descriptor.sql.BasicExtractor   : extracted value ([code2_0_] : [VARCHAR]) - [X5AY1]
2019-06-13 17:57:28.780 TRACE 81444 --- [    Test worker] o.h.type.descriptor.sql.BasicExtractor   : extracted value ([date_created3_0_] : [TIMESTAMP]) - [2019-05-23 15:53:15.0]
2019-06-13 17:57:28.781 TRACE 81444 --- [    Test worker] o.h.type.descriptor.sql.BasicExtractor   : extracted value ([is_active4_0_] : [BIT]) - [true]
2019-06-13 17:57:28.781 TRACE 81444 --- [    Test worker] o.h.type.descriptor.sql.BasicExtractor   : extracted value ([last_updated5_0_] : [TIMESTAMP]) - [2019-05-24 14:49:10.0]
2019-06-13 17:57:28.781 TRACE 81444 --- [    Test worker] o.h.type.descriptor.sql.BasicExtractor   : extracted value ([last_updator_id6_0_] : [BIGINT]) - [6]
2019-06-13 17:57:28.781 TRACE 81444 --- [    Test worker] o.h.type.descriptor.sql.BasicExtractor   : extracted value ([my_parent_id7_0_] : [BIGINT]) - [null]
2019-06-13 17:57:28.781 TRACE 81444 --- [    Test worker] o.h.type.descriptor.sql.BasicExtractor   : extracted value ([name8_0_] : [VARCHAR]) - [융복합기술공학전공]
2019-06-13 17:57:28.781 TRACE 81444 --- [    Test worker] o.h.type.descriptor.sql.BasicExtractor   : extracted value ([id1_0_] : [BIGINT]) - [460]
2019-06-13 17:57:28.781 TRACE 81444 --- [    Test worker] o.h.type.descriptor.sql.BasicExtractor   : extracted value ([code2_0_] : [VARCHAR]) - [X5AY2]
2019-06-13 17:57:28.781 TRACE 81444 --- [    Test worker] o.h.type.descriptor.sql.BasicExtractor   : extracted value ([date_created3_0_] : [TIMESTAMP]) - [2019-05-23 15:53:15.0]
2019-06-13 17:57:28.781 TRACE 81444 --- [    Test worker] o.h.type.descriptor.sql.BasicExtractor   : extracted value ([is_active4_0_] : [BIT]) - [true]
2019-06-13 17:57:28.781 TRACE 81444 --- [    Test worker] o.h.type.descriptor.sql.BasicExtractor   : extracted value ([last_updated5_0_] : [TIMESTAMP]) - [2019-05-24 14:49:10.0]
2019-06-13 17:57:28.781 TRACE 81444 --- [    Test worker] o.h.type.descriptor.sql.BasicExtractor   : extracted value ([last_updator_id6_0_] : [BIGINT]) - [6]
2019-06-13 17:57:28.781 TRACE 81444 --- [    Test worker] o.h.type.descriptor.sql.BasicExtractor   : extracted value ([my_parent_id7_0_] : [BIGINT]) - [null]
2019-06-13 17:57:28.781 TRACE 81444 --- [    Test worker] o.h.type.descriptor.sql.BasicExtractor   : extracted value ([name8_0_] : [VARCHAR]) - [빅데이터수리전산공학]
2019-06-13 17:57:28.798 TRACE 81444 --- [    Test worker] o.h.type.descriptor.sql.BasicExtractor   : extracted value ([id1_0_] : [BIGINT]) - [461]
2019-06-13 17:57:28.798 TRACE 81444 --- [    Test worker] o.h.type.descriptor.sql.BasicExtractor   : extracted value ([code2_0_] : [VARCHAR]) - [X5AY3]
2019-06-13 17:57:28.798 TRACE 81444 --- [    Test worker] o.h.type.descriptor.sql.BasicExtractor   : extracted value ([date_created3_0_] : [TIMESTAMP]) - [2019-05-23 15:53:15.0]
2019-06-13 17:57:28.798 TRACE 81444 --- [    Test worker] o.h.type.descriptor.sql.BasicExtractor   : extracted value ([is_active4_0_] : [BIT]) - [true]
2019-06-13 17:57:28.798 TRACE 81444 --- [    Test worker] o.h.type.descriptor.sql.BasicExtractor   : extracted value ([last_updated5_0_] : [TIMESTAMP]) - [2019-05-24 14:49:11.0]
2019-06-13 17:57:28.798 TRACE 81444 --- [    Test worker] o.h.type.descriptor.sql.BasicExtractor   : extracted value ([last_updator_id6_0_] : [BIGINT]) - [6]
2019-06-13 17:57:28.798 TRACE 81444 --- [    Test worker] o.h.type.descriptor.sql.BasicExtractor   : extracted value ([my_parent_id7_0_] : [BIGINT]) - [null]
2019-06-13 17:57:28.798 TRACE 81444 --- [    Test worker] o.h.type.descriptor.sql.BasicExtractor   : extracted value ([name8_0_] : [VARCHAR]) - [글로벌인공지능프론티어]
2019-06-13 17:57:28.799 TRACE 81444 --- [    Test worker] o.h.type.descriptor.sql.BasicExtractor   : extracted value ([id1_0_] : [BIGINT]) - [462]
2019-06-13 17:57:28.799 TRACE 81444 --- [    Test worker] o.h.type.descriptor.sql.BasicExtractor   : extracted value ([code2_0_] : [VARCHAR]) - [XA000]
2019-06-13 17:57:28.799 TRACE 81444 --- [    Test worker] o.h.type.descriptor.sql.BasicExtractor   : extracted value ([date_created3_0_] : [TIMESTAMP]) - [2019-05-23 15:53:16.0]
2019-06-13 17:57:28.799 TRACE 81444 --- [    Test worker] o.h.type.descriptor.sql.BasicExtractor   : extracted value ([is_active4_0_] : [BIT]) - [true]
2019-06-13 17:57:28.799 TRACE 81444 --- [    Test worker] o.h.type.descriptor.sql.BasicExtractor   : extracted value ([last_updated5_0_] : [TIMESTAMP]) - [2019-05-23 15:53:16.0]
2019-06-13 17:57:28.799 TRACE 81444 --- [    Test worker] o.h.type.descriptor.sql.BasicExtractor   : extracted value ([last_updator_id6_0_] : [BIGINT]) - [6]
2019-06-13 17:57:28.799 TRACE 81444 --- [    Test worker] o.h.type.descriptor.sql.BasicExtractor   : extracted value ([my_parent_id7_0_] : [BIGINT]) - [null]
2019-06-13 17:57:28.799 TRACE 81444 --- [    Test worker] o.h.type.descriptor.sql.BasicExtractor   : extracted value ([name8_0_] : [VARCHAR]) - [대학원(석사과정)]
2019-06-13 17:57:28.799 TRACE 81444 --- [    Test worker] o.h.type.descriptor.sql.BasicExtractor   : extracted value ([id1_0_] : [BIGINT]) - [463]
2019-06-13 17:57:28.799 TRACE 81444 --- [    Test worker] o.h.type.descriptor.sql.BasicExtractor   : extracted value ([code2_0_] : [VARCHAR]) - [XA101]
2019-06-13 17:57:28.799 TRACE 81444 --- [    Test worker] o.h.type.descriptor.sql.BasicExtractor   : extracted value ([date_created3_0_] : [TIMESTAMP]) - [2019-05-23 15:53:16.0]
2019-06-13 17:57:28.799 TRACE 81444 --- [    Test worker] o.h.type.descriptor.sql.BasicExtractor   : extracted value ([is_active4_0_] : [BIT]) - [true]
2019-06-13 17:57:28.799 TRACE 81444 --- [    Test worker] o.h.type.descriptor.sql.BasicExtractor   : extracted value ([last_updated5_0_] : [TIMESTAMP]) - [2019-05-24 14:49:11.0]
2019-06-13 17:57:28.799 TRACE 81444 --- [    Test worker] o.h.type.descriptor.sql.BasicExtractor   : extracted value ([last_updator_id6_0_] : [BIGINT]) - [6]
2019-06-13 17:57:28.799 TRACE 81444 --- [    Test worker] o.h.type.descriptor.sql.BasicExtractor   : extracted value ([my_parent_id7_0_] : [BIGINT]) - [null]
2019-06-13 17:57:28.799 TRACE 81444 --- [    Test worker] o.h.type.descriptor.sql.BasicExtractor   : extracted value ([name8_0_] : [VARCHAR]) - [국어국문학과]
2019-06-13 17:57:28.799 TRACE 81444 --- [    Test worker] o.h.type.descriptor.sql.BasicExtractor   : extracted value ([id1_0_] : [BIGINT]) - [464]
2019-06-13 17:57:28.800 TRACE 81444 --- [    Test worker] o.h.type.descriptor.sql.BasicExtractor   : extracted value ([code2_0_] : [VARCHAR]) - [XA102]
2019-06-13 17:57:28.800 TRACE 81444 --- [    Test worker] o.h.type.descriptor.sql.BasicExtractor   : extracted value ([date_created3_0_] : [TIMESTAMP]) - [2019-05-23 15:53:16.0]
2019-06-13 17:57:28.800 TRACE 81444 --- [    Test worker] o.h.type.descriptor.sql.BasicExtractor   : extracted value ([is_active4_0_] : [BIT]) - [true]
2019-06-13 17:57:28.800 TRACE 81444 --- [    Test worker] o.h.type.descriptor.sql.BasicExtractor   : extracted value ([last_updated5_0_] : [TIMESTAMP]) - [2019-05-24 14:49:11.0]
2019-06-13 17:57:28.800 TRACE 81444 --- [    Test worker] o.h.type.descriptor.sql.BasicExtractor   : extracted value ([last_updator_id6_0_] : [BIGINT]) - [6]
2019-06-13 17:57:28.800 TRACE 81444 --- [    Test worker] o.h.type.descriptor.sql.BasicExtractor   : extracted value ([my_parent_id7_0_] : [BIGINT]) - [null]
2019-06-13 17:57:28.800 TRACE 81444 --- [    Test worker] o.h.type.descriptor.sql.BasicExtractor   : extracted value ([name8_0_] : [VARCHAR]) - [영어영문학과]
2019-06-13 17:57:28.800 TRACE 81444 --- [    Test worker] o.h.type.descriptor.sql.BasicExtractor   : extracted value ([id1_0_] : [BIGINT]) - [465]
2019-06-13 17:57:28.800 TRACE 81444 --- [    Test worker] o.h.type.descriptor.sql.BasicExtractor   : extracted value ([code2_0_] : [VARCHAR]) - [XA103]
2019-06-13 17:57:28.800 TRACE 81444 --- [    Test worker] o.h.type.descriptor.sql.BasicExtractor   : extracted value ([date_created3_0_] : [TIMESTAMP]) - [2019-05-23 15:53:17.0]
2019-06-13 17:57:28.800 TRACE 81444 --- [    Test worker] o.h.type.descriptor.sql.BasicExtractor   : extracted value ([is_active4_0_] : [BIT]) - [true]
2019-06-13 17:57:28.800 TRACE 81444 --- [    Test worker] o.h.type.descriptor.sql.BasicExtractor   : extracted value ([last_updated5_0_] : [TIMESTAMP]) - [2019-05-24 14:49:12.0]
2019-06-13 17:57:28.800 TRACE 81444 --- [    Test worker] o.h.type.descriptor.sql.BasicExtractor   : extracted value ([last_updator_id6_0_] : [BIGINT]) - [6]
2019-06-13 17:57:28.800 TRACE 81444 --- [    Test worker] o.h.type.descriptor.sql.BasicExtractor   : extracted value ([my_parent_id7_0_] : [BIGINT]) - [null]
2019-06-13 17:57:28.800 TRACE 81444 --- [    Test worker] o.h.type.descriptor.sql.BasicExtractor   : extracted value ([name8_0_] : [VARCHAR]) - [경영학과]
2019-06-13 17:57:28.800 TRACE 81444 --- [    Test worker] o.h.type.descriptor.sql.BasicExtractor   : extracted value ([id1_0_] : [BIGINT]) - [466]
2019-06-13 17:57:28.800 TRACE 81444 --- [    Test worker] o.h.type.descriptor.sql.BasicExtractor   : extracted value ([code2_0_] : [VARCHAR]) - [XA104]
2019-06-13 17:57:28.800 TRACE 81444 --- [    Test worker] o.h.type.descriptor.sql.BasicExtractor   : extracted value ([date_created3_0_] : [TIMESTAMP]) - [2019-05-23 15:53:17.0]
2019-06-13 17:57:28.801 TRACE 81444 --- [    Test worker] o.h.type.descriptor.sql.BasicExtractor   : extracted value ([is_active4_0_] : [BIT]) - [true]
2019-06-13 17:57:28.801 TRACE 81444 --- [    Test worker] o.h.type.descriptor.sql.BasicExtractor   : extracted value ([last_updated5_0_] : [TIMESTAMP]) - [2019-05-24 14:49:12.0]
2019-06-13 17:57:28.801 TRACE 81444 --- [    Test worker] o.h.type.descriptor.sql.BasicExtractor   : extracted value ([last_updator_id6_0_] : [BIGINT]) - [6]
2019-06-13 17:57:28.801 TRACE 81444 --- [    Test worker] o.h.type.descriptor.sql.BasicExtractor   : extracted value ([my_parent_id7_0_] : [BIGINT]) - [null]
2019-06-13 17:57:28.801 TRACE 81444 --- [    Test worker] o.h.type.descriptor.sql.BasicExtractor   : extracted value ([name8_0_] : [VARCHAR]) - [화학과]
2019-06-13 17:57:28.801 TRACE 81444 --- [    Test worker] o.h.type.descriptor.sql.BasicExtractor   : extracted value ([id1_0_] : [BIGINT]) - [467]
2019-06-13 17:57:28.801 TRACE 81444 --- [    Test worker] o.h.type.descriptor.sql.BasicExtractor   : extracted value ([code2_0_] : [VARCHAR]) - [XA105]
2019-06-13 17:57:28.801 TRACE 81444 --- [    Test worker] o.h.type.descriptor.sql.BasicExtractor   : extracted value ([date_created3_0_] : [TIMESTAMP]) - [2019-05-23 15:53:17.0]
2019-06-13 17:57:28.801 TRACE 81444 --- [    Test worker] o.h.type.descriptor.sql.BasicExtractor   : extracted value ([is_active4_0_] : [BIT]) - [true]
2019-06-13 17:57:28.801 TRACE 81444 --- [    Test worker] o.h.type.descriptor.sql.BasicExtractor   : extracted value ([last_updated5_0_] : [TIMESTAMP]) - [2019-05-24 14:49:12.0]
2019-06-13 17:57:28.801 TRACE 81444 --- [    Test worker] o.h.type.descriptor.sql.BasicExtractor   : extracted value ([last_updator_id6_0_] : [BIGINT]) - [6]
2019-06-13 17:57:28.801 TRACE 81444 --- [    Test worker] o.h.type.descriptor.sql.BasicExtractor   : extracted value ([my_parent_id7_0_] : [BIGINT]) - [null]
2019-06-13 17:57:28.801 TRACE 81444 --- [    Test worker] o.h.type.descriptor.sql.BasicExtractor   : extracted value ([name8_0_] : [VARCHAR]) - [생물학과]
2019-06-13 17:57:28.801 TRACE 81444 --- [    Test worker] o.h.type.descriptor.sql.BasicExtractor   : extracted value ([id1_0_] : [BIGINT]) - [468]
2019-06-13 17:57:28.801 TRACE 81444 --- [    Test worker] o.h.type.descriptor.sql.BasicExtractor   : extracted value ([code2_0_] : [VARCHAR]) - [XA106]
2019-06-13 17:57:28.801 TRACE 81444 --- [    Test worker] o.h.type.descriptor.sql.BasicExtractor   : extracted value ([date_created3_0_] : [TIMESTAMP]) - [2019-05-23 15:53:18.0]
2019-06-13 17:57:28.801 TRACE 81444 --- [    Test worker] o.h.type.descriptor.sql.BasicExtractor   : extracted value ([is_active4_0_] : [BIT]) - [true]
2019-06-13 17:57:28.801 TRACE 81444 --- [    Test worker] o.h.type.descriptor.sql.BasicExtractor   : extracted value ([last_updated5_0_] : [TIMESTAMP]) - [2019-05-24 14:49:13.0]
2019-06-13 17:57:28.801 TRACE 81444 --- [    Test worker] o.h.type.descriptor.sql.BasicExtractor   : extracted value ([last_updator_id6_0_] : [BIGINT]) - [6]
2019-06-13 17:57:28.801 TRACE 81444 --- [    Test worker] o.h.type.descriptor.sql.BasicExtractor   : extracted value ([my_parent_id7_0_] : [BIGINT]) - [null]
2019-06-13 17:57:28.801 TRACE 81444 --- [    Test worker] o.h.type.descriptor.sql.BasicExtractor   : extracted value ([name8_0_] : [VARCHAR]) - [물리학과]
2019-06-13 17:57:28.801 TRACE 81444 --- [    Test worker] o.h.type.descriptor.sql.BasicExtractor   : extracted value ([id1_0_] : [BIGINT]) - [469]
2019-06-13 17:57:28.801 TRACE 81444 --- [    Test worker] o.h.type.descriptor.sql.BasicExtractor   : extracted value ([code2_0_] : [VARCHAR]) - [XA107]
2019-06-13 17:57:28.801 TRACE 81444 --- [    Test worker] o.h.type.descriptor.sql.BasicExtractor   : extracted value ([date_created3_0_] : [TIMESTAMP]) - [2019-05-23 15:53:18.0]
2019-06-13 17:57:28.801 TRACE 81444 --- [    Test worker] o.h.type.descriptor.sql.BasicExtractor   : extracted value ([is_active4_0_] : [BIT]) - [true]
2019-06-13 17:57:28.801 TRACE 81444 --- [    Test worker] o.h.type.descriptor.sql.BasicExtractor   : extracted value ([last_updated5_0_] : [TIMESTAMP]) - [2019-05-24 14:49:13.0]
2019-06-13 17:57:28.801 TRACE 81444 --- [    Test worker] o.h.type.descriptor.sql.BasicExtractor   : extracted value ([last_updator_id6_0_] : [BIGINT]) - [6]
2019-06-13 17:57:28.802 TRACE 81444 --- [    Test worker] o.h.type.descriptor.sql.BasicExtractor   : extracted value ([my_parent_id7_0_] : [BIGINT]) - [null]
2019-06-13 17:57:28.802 TRACE 81444 --- [    Test worker] o.h.type.descriptor.sql.BasicExtractor   : extracted value ([name8_0_] : [VARCHAR]) - [법학과]
2019-06-13 17:57:28.802 TRACE 81444 --- [    Test worker] o.h.type.descriptor.sql.BasicExtractor   : extracted value ([id1_0_] : [BIGINT]) - [470]
2019-06-13 17:57:28.802 TRACE 81444 --- [    Test worker] o.h.type.descriptor.sql.BasicExtractor   : extracted value ([code2_0_] : [VARCHAR]) - [XA108]
2019-06-13 17:57:28.802 TRACE 81444 --- [    Test worker] o.h.type.descriptor.sql.BasicExtractor   : extracted value ([date_created3_0_] : [TIMESTAMP]) - [2019-05-23 15:53:18.0]
2019-06-13 17:57:28.802 TRACE 81444 --- [    Test worker] o.h.type.descriptor.sql.BasicExtractor   : extracted value ([is_active4_0_] : [BIT]) - [true]
2019-06-13 17:57:28.802 TRACE 81444 --- [    Test worker] o.h.type.descriptor.sql.BasicExtractor   : extracted value ([last_updated5_0_] : [TIMESTAMP]) - [2019-05-24 14:49:13.0]
2019-06-13 17:57:28.802 TRACE 81444 --- [    Test worker] o.h.type.descriptor.sql.BasicExtractor   : extracted value ([last_updator_id6_0_] : [BIGINT]) - [6]
2019-06-13 17:57:28.802 TRACE 81444 --- [    Test worker] o.h.type.descriptor.sql.BasicExtractor   : extracted value ([my_parent_id7_0_] : [BIGINT]) - [null]
2019-06-13 17:57:28.802 TRACE 81444 --- [    Test worker] o.h.type.descriptor.sql.BasicExtractor   : extracted value ([name8_0_] : [VARCHAR]) - [수학과]
2019-06-13 17:57:28.818 TRACE 81444 --- [    Test worker] o.h.type.descriptor.sql.BasicExtractor   : extracted value ([id1_0_] : [BIGINT]) - [471]
2019-06-13 17:57:28.818 TRACE 81444 --- [    Test worker] o.h.type.descriptor.sql.BasicExtractor   : extracted value ([code2_0_] : [VARCHAR]) - [XA109]
2019-06-13 17:57:28.818 TRACE 81444 --- [    Test worker] o.h.type.descriptor.sql.BasicExtractor   : extracted value ([date_created3_0_] : [TIMESTAMP]) - [2019-05-23 15:53:19.0]
2019-06-13 17:57:28.818 TRACE 81444 --- [    Test worker] o.h.type.descriptor.sql.BasicExtractor   : extracted value ([is_active4_0_] : [BIT]) - [true]
2019-06-13 17:57:28.819 TRACE 81444 --- [    Test worker] o.h.type.descriptor.sql.BasicExtractor   : extracted value ([last_updated5_0_] : [TIMESTAMP]) - [2019-05-24 14:49:14.0]
2019-06-13 17:57:28.819 TRACE 81444 --- [    Test worker] o.h.type.descriptor.sql.BasicExtractor   : extracted value ([last_updator_id6_0_] : [BIGINT]) - [6]
2019-06-13 17:57:28.819 TRACE 81444 --- [    Test worker] o.h.type.descriptor.sql.BasicExtractor   : extracted value ([my_parent_id7_0_] : [BIGINT]) - [null]
2019-06-13 17:57:28.819 TRACE 81444 --- [    Test worker] o.h.type.descriptor.sql.BasicExtractor   : extracted value ([name8_0_] : [VARCHAR]) - [해양학과]
2019-06-13 17:57:28.819 TRACE 81444 --- [    Test worker] o.h.type.descriptor.sql.BasicExtractor   : extracted value ([id1_0_] : [BIGINT]) - [472]
2019-06-13 17:57:28.819 TRACE 81444 --- [    Test worker] o.h.type.descriptor.sql.BasicExtractor   : extracted value ([code2_0_] : [VARCHAR]) - [XA110]
2019-06-13 17:57:28.819 TRACE 81444 --- [    Test worker] o.h.type.descriptor.sql.BasicExtractor   : extracted value ([date_created3_0_] : [TIMESTAMP]) - [2019-05-23 15:53:19.0]
2019-06-13 17:57:28.819 TRACE 81444 --- [    Test worker] o.h.type.descriptor.sql.BasicExtractor   : extracted value ([is_active4_0_] : [BIT]) - [true]
2019-06-13 17:57:28.819 TRACE 81444 --- [    Test worker] o.h.type.descriptor.sql.BasicExtractor   : extracted value ([last_updated5_0_] : [TIMESTAMP]) - [2019-05-23 15:53:19.0]
2019-06-13 17:57:28.819 TRACE 81444 --- [    Test worker] o.h.type.descriptor.sql.BasicExtractor   : extracted value ([last_updator_id6_0_] : [BIGINT]) - [6]
2019-06-13 17:57:28.819 TRACE 81444 --- [    Test worker] o.h.type.descriptor.sql.BasicExtractor   : extracted value ([my_parent_id7_0_] : [BIGINT]) - [null]
2019-06-13 17:57:28.819 TRACE 81444 --- [    Test worker] o.h.type.descriptor.sql.BasicExtractor   : extracted value ([name8_0_] : [VARCHAR]) - [전자공학과]
2019-06-13 17:57:28.819 TRACE 81444 --- [    Test worker] o.h.type.descriptor.sql.BasicExtractor   : extracted value ([id1_0_] : [BIGINT]) - [473]
2019-06-13 17:57:28.819 TRACE 81444 --- [    Test worker] o.h.type.descriptor.sql.BasicExtractor   : extracted value ([code2_0_] : [VARCHAR]) - [XA111]
2019-06-13 17:57:28.819 TRACE 81444 --- [    Test worker] o.h.type.descriptor.sql.BasicExtractor   : extracted value ([date_created3_0_] : [TIMESTAMP]) - [2019-05-23 15:53:20.0]
2019-06-13 17:57:28.819 TRACE 81444 --- [    Test worker] o.h.type.descriptor.sql.BasicExtractor   : extracted value ([is_active4_0_] : [BIT]) - [true]
2019-06-13 17:57:28.820 TRACE 81444 --- [    Test worker] o.h.type.descriptor.sql.BasicExtractor   : extracted value ([last_updated5_0_] : [TIMESTAMP]) - [2019-05-24 14:49:14.0]
2019-06-13 17:57:28.820 TRACE 81444 --- [    Test worker] o.h.type.descriptor.sql.BasicExtractor   : extracted value ([last_updator_id6_0_] : [BIGINT]) - [6]
2019-06-13 17:57:28.820 TRACE 81444 --- [    Test worker] o.h.type.descriptor.sql.BasicExtractor   : extracted value ([my_parent_id7_0_] : [BIGINT]) - [null]
2019-06-13 17:57:28.820 TRACE 81444 --- [    Test worker] o.h.type.descriptor.sql.BasicExtractor   : extracted value ([name8_0_] : [VARCHAR]) - [정보통신공학과]
2019-06-13 17:57:28.820 TRACE 81444 --- [    Test worker] o.h.type.descriptor.sql.BasicExtractor   : extracted value ([id1_0_] : [BIGINT]) - [474]
2019-06-13 17:57:28.820 TRACE 81444 --- [    Test worker] o.h.type.descriptor.sql.BasicExtractor   : extracted value ([code2_0_] : [VARCHAR]) - [XA112]
2019-06-13 17:57:28.820 TRACE 81444 --- [    Test worker] o.h.type.descriptor.sql.BasicExtractor   : extracted value ([date_created3_0_] : [TIMESTAMP]) - [2019-05-23 15:53:20.0]
2019-06-13 17:57:28.820 TRACE 81444 --- [    Test worker] o.h.type.descriptor.sql.BasicExtractor   : extracted value ([is_active4_0_] : [BIT]) - [true]
2019-06-13 17:57:28.820 TRACE 81444 --- [    Test worker] o.h.type.descriptor.sql.BasicExtractor   : extracted value ([last_updated5_0_] : [TIMESTAMP]) - [2019-05-24 14:49:14.0]
2019-06-13 17:57:28.820 TRACE 81444 --- [    Test worker] o.h.type.descriptor.sql.BasicExtractor   : extracted value ([last_updator_id6_0_] : [BIGINT]) - [6]
2019-06-13 17:57:28.820 TRACE 81444 --- [    Test worker] o.h.type.descriptor.sql.BasicExtractor   : extracted value ([my_parent_id7_0_] : [BIGINT]) - [null]
2019-06-13 17:57:28.820 TRACE 81444 --- [    Test worker] o.h.type.descriptor.sql.BasicExtractor   : extracted value ([name8_0_] : [VARCHAR]) - [기계공학과]
2019-06-13 17:57:28.820 TRACE 81444 --- [    Test worker] o.h.type.descriptor.sql.BasicExtractor   : extracted value ([id1_0_] : [BIGINT]) - [475]
2019-06-13 17:57:28.820 TRACE 81444 --- [    Test worker] o.h.type.descriptor.sql.BasicExtractor   : extracted value ([code2_0_] : [VARCHAR]) - [XA113]
2019-06-13 17:57:28.820 TRACE 81444 --- [    Test worker] o.h.type.descriptor.sql.BasicExtractor   : extracted value ([date_created3_0_] : [TIMESTAMP]) - [2019-05-23 15:53:20.0]
2019-06-13 17:57:28.821 TRACE 81444 --- [    Test worker] o.h.type.descriptor.sql.BasicExtractor   : extracted value ([is_active4_0_] : [BIT]) - [true]
2019-06-13 17:57:28.821 TRACE 81444 --- [    Test worker] o.h.type.descriptor.sql.BasicExtractor   : extracted value ([last_updated5_0_] : [TIMESTAMP]) - [2019-05-24 14:49:15.0]
2019-06-13 17:57:28.821 TRACE 81444 --- [    Test worker] o.h.type.descriptor.sql.BasicExtractor   : extracted value ([last_updator_id6_0_] : [BIGINT]) - [6]
2019-06-13 17:57:28.821 TRACE 81444 --- [    Test worker] o.h.type.descriptor.sql.BasicExtractor   : extracted value ([my_parent_id7_0_] : [BIGINT]) - [null]
2019-06-13 17:57:28.821 TRACE 81444 --- [    Test worker] o.h.type.descriptor.sql.BasicExtractor   : extracted value ([name8_0_] : [VARCHAR]) - [체육학과]
2019-06-13 17:57:28.821 TRACE 81444 --- [    Test worker] o.h.type.descriptor.sql.BasicExtractor   : extracted value ([id1_0_] : [BIGINT]) - [476]
2019-06-13 17:57:28.821 TRACE 81444 --- [    Test worker] o.h.type.descriptor.sql.BasicExtractor   : extracted value ([code2_0_] : [VARCHAR]) - [XA114]
2019-06-13 17:57:28.821 TRACE 81444 --- [    Test worker] o.h.type.descriptor.sql.BasicExtractor   : extracted value ([date_created3_0_] : [TIMESTAMP]) - [2019-05-23 15:53:21.0]
2019-06-13 17:57:28.821 TRACE 81444 --- [    Test worker] o.h.type.descriptor.sql.BasicExtractor   : extracted value ([is_active4_0_] : [BIT]) - [true]
2019-06-13 17:57:28.821 TRACE 81444 --- [    Test worker] o.h.type.descriptor.sql.BasicExtractor   : extracted value ([last_updated5_0_] : [TIMESTAMP]) - [2019-05-23 15:53:21.0]
2019-06-13 17:57:28.821 TRACE 81444 --- [    Test worker] o.h.type.descriptor.sql.BasicExtractor   : extracted value ([last_updator_id6_0_] : [BIGINT]) - [6]
2019-06-13 17:57:28.821 TRACE 81444 --- [    Test worker] o.h.type.descriptor.sql.BasicExtractor   : extracted value ([my_parent_id7_0_] : [BIGINT]) - [null]
2019-06-13 17:57:28.822 TRACE 81444 --- [    Test worker] o.h.type.descriptor.sql.BasicExtractor   : extracted value ([name8_0_] : [VARCHAR]) - [해양자원육성학과]
2019-06-13 17:57:28.822 TRACE 81444 --- [    Test worker] o.h.type.descriptor.sql.BasicExtractor   : extracted value ([id1_0_] : [BIGINT]) - [477]
2019-06-13 17:57:28.822 TRACE 81444 --- [    Test worker] o.h.type.descriptor.sql.BasicExtractor   : extracted value ([code2_0_] : [VARCHAR]) - [XA115]
2019-06-13 17:57:28.822 TRACE 81444 --- [    Test worker] o.h.type.descriptor.sql.BasicExtractor   : extracted value ([date_created3_0_] : [TIMESTAMP]) - [2019-05-23 15:53:21.0]
2019-06-13 17:57:28.822 TRACE 81444 --- [    Test worker] o.h.type.descriptor.sql.BasicExtractor   : extracted value ([is_active4_0_] : [BIT]) - [true]
2019-06-13 17:57:28.822 TRACE 81444 --- [    Test worker] o.h.type.descriptor.sql.BasicExtractor   : extracted value ([last_updated5_0_] : [TIMESTAMP]) - [2019-05-24 14:49:15.0]
2019-06-13 17:57:28.822 TRACE 81444 --- [    Test worker] o.h.type.descriptor.sql.BasicExtractor   : extracted value ([last_updator_id6_0_] : [BIGINT]) - [6]
2019-06-13 17:57:28.822 TRACE 81444 --- [    Test worker] o.h.type.descriptor.sql.BasicExtractor   : extracted value ([my_parent_id7_0_] : [BIGINT]) - [null]
2019-06-13 17:57:28.823 TRACE 81444 --- [    Test worker] o.h.type.descriptor.sql.BasicExtractor   : extracted value ([name8_0_] : [VARCHAR]) - [컴퓨터과학과]
2019-06-13 17:57:28.823 TRACE 81444 --- [    Test worker] o.h.type.descriptor.sql.BasicExtractor   : extracted value ([id1_0_] : [BIGINT]) - [478]
2019-06-13 17:57:28.823 TRACE 81444 --- [    Test worker] o.h.type.descriptor.sql.BasicExtractor   : extracted value ([code2_0_] : [VARCHAR]) - [XA116]
2019-06-13 17:57:28.823 TRACE 81444 --- [    Test worker] o.h.type.descriptor.sql.BasicExtractor   : extracted value ([date_created3_0_] : [TIMESTAMP]) - [2019-05-23 15:53:21.0]
2019-06-13 17:57:28.823 TRACE 81444 --- [    Test worker] o.h.type.descriptor.sql.BasicExtractor   : extracted value ([is_active4_0_] : [BIT]) - [true]
2019-06-13 17:57:28.823 TRACE 81444 --- [    Test worker] o.h.type.descriptor.sql.BasicExtractor   : extracted value ([last_updated5_0_] : [TIMESTAMP]) - [2019-05-24 14:49:16.0]
2019-06-13 17:57:28.823 TRACE 81444 --- [    Test worker] o.h.type.descriptor.sql.BasicExtractor   : extracted value ([last_updator_id6_0_] : [BIGINT]) - [6]
2019-06-13 17:57:28.823 TRACE 81444 --- [    Test worker] o.h.type.descriptor.sql.BasicExtractor   : extracted value ([my_parent_id7_0_] : [BIGINT]) - [null]
2019-06-13 17:57:28.823 TRACE 81444 --- [    Test worker] o.h.type.descriptor.sql.BasicExtractor   : extracted value ([name8_0_] : [VARCHAR]) - [수산과학과]
2019-06-13 17:57:28.823 TRACE 81444 --- [    Test worker] o.h.type.descriptor.sql.BasicExtractor   : extracted value ([id1_0_] : [BIGINT]) - [479]
2019-06-13 17:57:28.824 TRACE 81444 --- [    Test worker] o.h.type.descriptor.sql.BasicExtractor   : extracted value ([code2_0_] : [VARCHAR]) - [XA117]
2019-06-13 17:57:28.824 TRACE 81444 --- [    Test worker] o.h.type.descriptor.sql.BasicExtractor   : extracted value ([date_created3_0_] : [TIMESTAMP]) - [2019-05-23 15:53:22.0]
2019-06-13 17:57:28.824 TRACE 81444 --- [    Test worker] o.h.type.descriptor.sql.BasicExtractor   : extracted value ([is_active4_0_] : [BIT]) - [true]
2019-06-13 17:57:28.824 TRACE 81444 --- [    Test worker] o.h.type.descriptor.sql.BasicExtractor   : extracted value ([last_updated5_0_] : [TIMESTAMP]) - [2019-05-24 14:49:16.0]
2019-06-13 17:57:28.824 TRACE 81444 --- [    Test worker] o.h.type.descriptor.sql.BasicExtractor   : extracted value ([last_updator_id6_0_] : [BIGINT]) - [6]
2019-06-13 17:57:28.824 TRACE 81444 --- [    Test worker] o.h.type.descriptor.sql.BasicExtractor   : extracted value ([my_parent_id7_0_] : [BIGINT]) - [null]
2019-06-13 17:57:28.824 TRACE 81444 --- [    Test worker] o.h.type.descriptor.sql.BasicExtractor   : extracted value ([name8_0_] : [VARCHAR]) - [해양산업공학과]
2019-06-13 17:57:28.824 TRACE 81444 --- [    Test worker] o.h.type.descriptor.sql.BasicExtractor   : extracted value ([id1_0_] : [BIGINT]) - [480]
2019-06-13 17:57:28.824 TRACE 81444 --- [    Test worker] o.h.type.descriptor.sql.BasicExtractor   : extracted value ([code2_0_] : [VARCHAR]) - [XA118]
2019-06-13 17:57:28.824 TRACE 81444 --- [    Test worker] o.h.type.descriptor.sql.BasicExtractor   : extracted value ([date_created3_0_] : [TIMESTAMP]) - [2019-05-23 15:53:22.0]
2019-06-13 17:57:28.824 TRACE 81444 --- [    Test worker] o.h.type.descriptor.sql.BasicExtractor   : extracted value ([is_active4_0_] : [BIT]) - [true]
2019-06-13 17:57:28.824 TRACE 81444 --- [    Test worker] o.h.type.descriptor.sql.BasicExtractor   : extracted value ([last_updated5_0_] : [TIMESTAMP]) - [2019-05-24 14:49:16.0]
2019-06-13 17:57:28.824 TRACE 81444 --- [    Test worker] o.h.type.descriptor.sql.BasicExtractor   : extracted value ([last_updator_id6_0_] : [BIGINT]) - [6]
2019-06-13 17:57:28.824 TRACE 81444 --- [    Test worker] o.h.type.descriptor.sql.BasicExtractor   : extracted value ([my_parent_id7_0_] : [BIGINT]) - [null]
2019-06-13 17:57:28.824 TRACE 81444 --- [    Test worker] o.h.type.descriptor.sql.BasicExtractor   : extracted value ([name8_0_] : [VARCHAR]) - [행정학과]
2019-06-13 17:57:28.845 TRACE 81444 --- [    Test worker] o.h.type.descriptor.sql.BasicExtractor   : extracted value ([id1_0_] : [BIGINT]) - [481]
2019-06-13 17:57:28.845 TRACE 81444 --- [    Test worker] o.h.type.descriptor.sql.BasicExtractor   : extracted value ([code2_0_] : [VARCHAR]) - [XA119]
2019-06-13 17:57:28.845 TRACE 81444 --- [    Test worker] o.h.type.descriptor.sql.BasicExtractor   : extracted value ([date_created3_0_] : [TIMESTAMP]) - [2019-05-23 15:53:22.0]
2019-06-13 17:57:28.845 TRACE 81444 --- [    Test worker] o.h.type.descriptor.sql.BasicExtractor   : extracted value ([is_active4_0_] : [BIT]) - [true]
2019-06-13 17:57:28.845 TRACE 81444 --- [    Test worker] o.h.type.descriptor.sql.BasicExtractor   : extracted value ([last_updated5_0_] : [TIMESTAMP]) - [2019-05-24 14:49:17.0]
2019-06-13 17:57:28.845 TRACE 81444 --- [    Test worker] o.h.type.descriptor.sql.BasicExtractor   : extracted value ([last_updator_id6_0_] : [BIGINT]) - [6]
2019-06-13 17:57:28.846 TRACE 81444 --- [    Test worker] o.h.type.descriptor.sql.BasicExtractor   : extracted value ([my_parent_id7_0_] : [BIGINT]) - [null]
2019-06-13 17:57:28.846 TRACE 81444 --- [    Test worker] o.h.type.descriptor.sql.BasicExtractor   : extracted value ([name8_0_] : [VARCHAR]) - [경제학과]
2019-06-13 17:57:28.846 TRACE 81444 --- [    Test worker] o.h.type.descriptor.sql.BasicExtractor   : extracted value ([id1_0_] : [BIGINT]) - [482]
2019-06-13 17:57:28.846 TRACE 81444 --- [    Test worker] o.h.type.descriptor.sql.BasicExtractor   : extracted value ([code2_0_] : [VARCHAR]) - [XA120]
2019-06-13 17:57:28.846 TRACE 81444 --- [    Test worker] o.h.type.descriptor.sql.BasicExtractor   : extracted value ([date_created3_0_] : [TIMESTAMP]) - [2019-05-23 15:53:23.0]
2019-06-13 17:57:28.846 TRACE 81444 --- [    Test worker] o.h.type.descriptor.sql.BasicExtractor   : extracted value ([is_active4_0_] : [BIT]) - [true]
2019-06-13 17:57:28.846 TRACE 81444 --- [    Test worker] o.h.type.descriptor.sql.BasicExtractor   : extracted value ([last_updated5_0_] : [TIMESTAMP]) - [2019-05-24 14:49:17.0]
2019-06-13 17:57:28.846 TRACE 81444 --- [    Test worker] o.h.type.descriptor.sql.BasicExtractor   : extracted value ([last_updator_id6_0_] : [BIGINT]) - [6]
2019-06-13 17:57:28.846 TRACE 81444 --- [    Test worker] o.h.type.descriptor.sql.BasicExtractor   : extracted value ([my_parent_id7_0_] : [BIGINT]) - [null]
2019-06-13 17:57:28.846 TRACE 81444 --- [    Test worker] o.h.type.descriptor.sql.BasicExtractor   : extracted value ([name8_0_] : [VARCHAR]) - [회계학과]
2019-06-13 17:57:28.846 TRACE 81444 --- [    Test worker] o.h.type.descriptor.sql.BasicExtractor   : extracted value ([id1_0_] : [BIGINT]) - [483]
2019-06-13 17:57:28.846 TRACE 81444 --- [    Test worker] o.h.type.descriptor.sql.BasicExtractor   : extracted value ([code2_0_] : [VARCHAR]) - [XA121]
2019-06-13 17:57:28.847 TRACE 81444 --- [    Test worker] o.h.type.descriptor.sql.BasicExtractor   : extracted value ([date_created3_0_] : [TIMESTAMP]) - [2019-05-23 15:53:23.0]
2019-06-13 17:57:28.847 TRACE 81444 --- [    Test worker] o.h.type.descriptor.sql.BasicExtractor   : extracted value ([is_active4_0_] : [BIT]) - [true]
2019-06-13 17:57:28.847 TRACE 81444 --- [    Test worker] o.h.type.descriptor.sql.BasicExtractor   : extracted value ([last_updated5_0_] : [TIMESTAMP]) - [2019-05-24 14:49:17.0]
2019-06-13 17:57:28.847 TRACE 81444 --- [    Test worker] o.h.type.descriptor.sql.BasicExtractor   : extracted value ([last_updator_id6_0_] : [BIGINT]) - [6]
2019-06-13 17:57:28.847 TRACE 81444 --- [    Test worker] o.h.type.descriptor.sql.BasicExtractor   : extracted value ([my_parent_id7_0_] : [BIGINT]) - [null]
2019-06-13 17:57:28.847 TRACE 81444 --- [    Test worker] o.h.type.descriptor.sql.BasicExtractor   : extracted value ([name8_0_] : [VARCHAR]) - [무역학과]
2019-06-13 17:57:28.847 TRACE 81444 --- [    Test worker] o.h.type.descriptor.sql.BasicExtractor   : extracted value ([id1_0_] : [BIGINT]) - [484]
2019-06-13 17:57:28.847 TRACE 81444 --- [    Test worker] o.h.type.descriptor.sql.BasicExtractor   : extracted value ([code2_0_] : [VARCHAR]) - [XA122]
2019-06-13 17:57:28.847 TRACE 81444 --- [    Test worker] o.h.type.descriptor.sql.BasicExtractor   : extracted value ([date_created3_0_] : [TIMESTAMP]) - [2019-05-23 15:53:23.0]
2019-06-13 17:57:28.847 TRACE 81444 --- [    Test worker] o.h.type.descriptor.sql.BasicExtractor   : extracted value ([is_active4_0_] : [BIT]) - [true]
2019-06-13 17:57:28.848 TRACE 81444 --- [    Test worker] o.h.type.descriptor.sql.BasicExtractor   : extracted value ([last_updated5_0_] : [TIMESTAMP]) - [2019-05-24 14:49:18.0]
2019-06-13 17:57:28.848 TRACE 81444 --- [    Test worker] o.h.type.descriptor.sql.BasicExtractor   : extracted value ([last_updator_id6_0_] : [BIGINT]) - [6]
2019-06-13 17:57:28.848 TRACE 81444 --- [    Test worker] o.h.type.descriptor.sql.BasicExtractor   : extracted value ([my_parent_id7_0_] : [BIGINT]) - [null]
2019-06-13 17:57:28.848 TRACE 81444 --- [    Test worker] o.h.type.descriptor.sql.BasicExtractor   : extracted value ([name8_0_] : [VARCHAR]) - [미술학과]
2019-06-13 17:57:28.848 TRACE 81444 --- [    Test worker] o.h.type.descriptor.sql.BasicExtractor   : extracted value ([id1_0_] : [BIGINT]) - [485]
2019-06-13 17:57:28.848 TRACE 81444 --- [    Test worker] o.h.type.descriptor.sql.BasicExtractor   : extracted value ([code2_0_] : [VARCHAR]) - [XA123]
2019-06-13 17:57:28.848 TRACE 81444 --- [    Test worker] o.h.type.descriptor.sql.BasicExtractor   : extracted value ([date_created3_0_] : [TIMESTAMP]) - [2019-05-23 15:53:24.0]
2019-06-13 17:57:28.848 TRACE 81444 --- [    Test worker] o.h.type.descriptor.sql.BasicExtractor   : extracted value ([is_active4_0_] : [BIT]) - [true]
2019-06-13 17:57:28.848 TRACE 81444 --- [    Test worker] o.h.type.descriptor.sql.BasicExtractor   : extracted value ([last_updated5_0_] : [TIMESTAMP]) - [2019-05-24 14:49:18.0]
2019-06-13 17:57:28.849 TRACE 81444 --- [    Test worker] o.h.type.descriptor.sql.BasicExtractor   : extracted value ([last_updator_id6_0_] : [BIGINT]) - [6]
2019-06-13 17:57:28.849 TRACE 81444 --- [    Test worker] o.h.type.descriptor.sql.BasicExtractor   : extracted value ([my_parent_id7_0_] : [BIGINT]) - [null]
2019-06-13 17:57:28.849 TRACE 81444 --- [    Test worker] o.h.type.descriptor.sql.BasicExtractor   : extracted value ([name8_0_] : [VARCHAR]) - [전기공학과]
2019-06-13 17:57:28.849 TRACE 81444 --- [    Test worker] o.h.type.descriptor.sql.BasicExtractor   : extracted value ([id1_0_] : [BIGINT]) - [486]
2019-06-13 17:57:28.849 TRACE 81444 --- [    Test worker] o.h.type.descriptor.sql.BasicExtractor   : extracted value ([code2_0_] : [VARCHAR]) - [XA124]
2019-06-13 17:57:28.849 TRACE 81444 --- [    Test worker] o.h.type.descriptor.sql.BasicExtractor   : extracted value ([date_created3_0_] : [TIMESTAMP]) - [2019-05-23 15:53:24.0]
2019-06-13 17:57:28.849 TRACE 81444 --- [    Test worker] o.h.type.descriptor.sql.BasicExtractor   : extracted value ([is_active4_0_] : [BIT]) - [true]
2019-06-13 17:57:28.849 TRACE 81444 --- [    Test worker] o.h.type.descriptor.sql.BasicExtractor   : extracted value ([last_updated5_0_] : [TIMESTAMP]) - [2019-05-24 14:49:18.0]
2019-06-13 17:57:28.850 TRACE 81444 --- [    Test worker] o.h.type.descriptor.sql.BasicExtractor   : extracted value ([last_updator_id6_0_] : [BIGINT]) - [6]
2019-06-13 17:57:28.851 TRACE 81444 --- [    Test worker] o.h.type.descriptor.sql.BasicExtractor   : extracted value ([my_parent_id7_0_] : [BIGINT]) - [null]
2019-06-13 17:57:28.851 TRACE 81444 --- [    Test worker] o.h.type.descriptor.sql.BasicExtractor   : extracted value ([name8_0_] : [VARCHAR]) - [전파공학과]
2019-06-13 17:57:28.851 TRACE 81444 --- [    Test worker] o.h.type.descriptor.sql.BasicExtractor   : extracted value ([id1_0_] : [BIGINT]) - [487]
2019-06-13 17:57:28.851 TRACE 81444 --- [    Test worker] o.h.type.descriptor.sql.BasicExtractor   : extracted value ([code2_0_] : [VARCHAR]) - [XA125]
2019-06-13 17:57:28.851 TRACE 81444 --- [    Test worker] o.h.type.descriptor.sql.BasicExtractor   : extracted value ([date_created3_0_] : [TIMESTAMP]) - [2019-05-23 15:53:24.0]
2019-06-13 17:57:28.851 TRACE 81444 --- [    Test worker] o.h.type.descriptor.sql.BasicExtractor   : extracted value ([is_active4_0_] : [BIT]) - [true]
2019-06-13 17:57:28.851 TRACE 81444 --- [    Test worker] o.h.type.descriptor.sql.BasicExtractor   : extracted value ([last_updated5_0_] : [TIMESTAMP]) - [2019-05-23 15:53:24.0]
2019-06-13 17:57:28.851 TRACE 81444 --- [    Test worker] o.h.type.descriptor.sql.BasicExtractor   : extracted value ([last_updator_id6_0_] : [BIGINT]) - [6]
2019-06-13 17:57:28.851 TRACE 81444 --- [    Test worker] o.h.type.descriptor.sql.BasicExtractor   : extracted value ([my_parent_id7_0_] : [BIGINT]) - [null]
2019-06-13 17:57:28.851 TRACE 81444 --- [    Test worker] o.h.type.descriptor.sql.BasicExtractor   : extracted value ([name8_0_] : [VARCHAR]) - [토목공학과]
2019-06-13 17:57:28.852 TRACE 81444 --- [    Test worker] o.h.type.descriptor.sql.BasicExtractor   : extracted value ([id1_0_] : [BIGINT]) - [488]
2019-06-13 17:57:28.852 TRACE 81444 --- [    Test worker] o.h.type.descriptor.sql.BasicExtractor   : extracted value ([code2_0_] : [VARCHAR]) - [XA126]
2019-06-13 17:57:28.852 TRACE 81444 --- [    Test worker] o.h.type.descriptor.sql.BasicExtractor   : extracted value ([date_created3_0_] : [TIMESTAMP]) - [2019-05-23 15:53:25.0]
2019-06-13 17:57:28.852 TRACE 81444 --- [    Test worker] o.h.type.descriptor.sql.BasicExtractor   : extracted value ([is_active4_0_] : [BIT]) - [true]
2019-06-13 17:57:28.852 TRACE 81444 --- [    Test worker] o.h.type.descriptor.sql.BasicExtractor   : extracted value ([last_updated5_0_] : [TIMESTAMP]) - [2019-05-24 14:49:19.0]
2019-06-13 17:57:28.852 TRACE 81444 --- [    Test worker] o.h.type.descriptor.sql.BasicExtractor   : extracted value ([last_updator_id6_0_] : [BIGINT]) - [6]
2019-06-13 17:57:28.852 TRACE 81444 --- [    Test worker] o.h.type.descriptor.sql.BasicExtractor   : extracted value ([my_parent_id7_0_] : [BIGINT]) - [null]
2019-06-13 17:57:28.852 TRACE 81444 --- [    Test worker] o.h.type.descriptor.sql.BasicExtractor   : extracted value ([name8_0_] : [VARCHAR]) - [화학공학과]
2019-06-13 17:57:28.852 TRACE 81444 --- [    Test worker] o.h.type.descriptor.sql.BasicExtractor   : extracted value ([id1_0_] : [BIGINT]) - [489]
2019-06-13 17:57:28.852 TRACE 81444 --- [    Test worker] o.h.type.descriptor.sql.BasicExtractor   : extracted value ([code2_0_] : [VARCHAR]) - [XA127]
2019-06-13 17:57:28.852 TRACE 81444 --- [    Test worker] o.h.type.descriptor.sql.BasicExtractor   : extracted value ([date_created3_0_] : [TIMESTAMP]) - [2019-05-23 15:53:25.0]
2019-06-13 17:57:28.852 TRACE 81444 --- [    Test worker] o.h.type.descriptor.sql.BasicExtractor   : extracted value ([is_active4_0_] : [BIT]) - [true]
2019-06-13 17:57:28.852 TRACE 81444 --- [    Test worker] o.h.type.descriptor.sql.BasicExtractor   : extracted value ([last_updated5_0_] : [TIMESTAMP]) - [2019-05-24 14:49:19.0]
2019-06-13 17:57:28.853 TRACE 81444 --- [    Test worker] o.h.type.descriptor.sql.BasicExtractor   : extracted value ([last_updator_id6_0_] : [BIGINT]) - [6]
2019-06-13 17:57:28.853 TRACE 81444 --- [    Test worker] o.h.type.descriptor.sql.BasicExtractor   : extracted value ([my_parent_id7_0_] : [BIGINT]) - [null]
2019-06-13 17:57:28.853 TRACE 81444 --- [    Test worker] o.h.type.descriptor.sql.BasicExtractor   : extracted value ([name8_0_] : [VARCHAR]) - [건축공학과]
2019-06-13 17:57:28.853 TRACE 81444 --- [    Test worker] o.h.type.descriptor.sql.BasicExtractor   : extracted value ([id1_0_] : [BIGINT]) - [490]
2019-06-13 17:57:28.853 TRACE 81444 --- [    Test worker] o.h.type.descriptor.sql.BasicExtractor   : extracted value ([code2_0_] : [VARCHAR]) - [XA128]
2019-06-13 17:57:28.853 TRACE 81444 --- [    Test worker] o.h.type.descriptor.sql.BasicExtractor   : extracted value ([date_created3_0_] : [TIMESTAMP]) - [2019-05-23 15:53:25.0]
2019-06-13 17:57:28.853 TRACE 81444 --- [    Test worker] o.h.type.descriptor.sql.BasicExtractor   : extracted value ([is_active4_0_] : [BIT]) - [true]
2019-06-13 17:57:28.853 TRACE 81444 --- [    Test worker] o.h.type.descriptor.sql.BasicExtractor   : extracted value ([last_updated5_0_] : [TIMESTAMP]) - [2019-05-24 14:49:19.0]
2019-06-13 17:57:28.853 TRACE 81444 --- [    Test worker] o.h.type.descriptor.sql.BasicExtractor   : extracted value ([last_updator_id6_0_] : [BIGINT]) - [6]
2019-06-13 17:57:28.853 TRACE 81444 --- [    Test worker] o.h.type.descriptor.sql.BasicExtractor   : extracted value ([my_parent_id7_0_] : [BIGINT]) - [null]
2019-06-13 17:57:28.853 TRACE 81444 --- [    Test worker] o.h.type.descriptor.sql.BasicExtractor   : extracted value ([name8_0_] : [VARCHAR]) - [음악과]
2019-06-13 17:57:28.870 TRACE 81444 --- [    Test worker] o.h.type.descriptor.sql.BasicExtractor   : extracted value ([id1_0_] : [BIGINT]) - [491]
2019-06-13 17:57:28.870 TRACE 81444 --- [    Test worker] o.h.type.descriptor.sql.BasicExtractor   : extracted value ([code2_0_] : [VARCHAR]) - [XA129]
2019-06-13 17:57:28.870 TRACE 81444 --- [    Test worker] o.h.type.descriptor.sql.BasicExtractor   : extracted value ([date_created3_0_] : [TIMESTAMP]) - [2019-05-23 15:53:26.0]
2019-06-13 17:57:28.870 TRACE 81444 --- [    Test worker] o.h.type.descriptor.sql.BasicExtractor   : extracted value ([is_active4_0_] : [BIT]) - [true]
2019-06-13 17:57:28.870 TRACE 81444 --- [    Test worker] o.h.type.descriptor.sql.BasicExtractor   : extracted value ([last_updated5_0_] : [TIMESTAMP]) - [2019-05-24 14:49:20.0]
2019-06-13 17:57:28.870 TRACE 81444 --- [    Test worker] o.h.type.descriptor.sql.BasicExtractor   : extracted value ([last_updator_id6_0_] : [BIGINT]) - [6]
2019-06-13 17:57:28.870 TRACE 81444 --- [    Test worker] o.h.type.descriptor.sql.BasicExtractor   : extracted value ([my_parent_id7_0_] : [BIGINT]) - [null]
2019-06-13 17:57:28.870 TRACE 81444 --- [    Test worker] o.h.type.descriptor.sql.BasicExtractor   : extracted value ([name8_0_] : [VARCHAR]) - [전기전자제어공학과]
2019-06-13 17:57:28.870 TRACE 81444 --- [    Test worker] o.h.type.descriptor.sql.BasicExtractor   : extracted value ([id1_0_] : [BIGINT]) - [492]
2019-06-13 17:57:28.870 TRACE 81444 --- [    Test worker] o.h.type.descriptor.sql.BasicExtractor   : extracted value ([code2_0_] : [VARCHAR]) - [XA130]
2019-06-13 17:57:28.870 TRACE 81444 --- [    Test worker] o.h.type.descriptor.sql.BasicExtractor   : extracted value ([date_created3_0_] : [TIMESTAMP]) - [2019-05-23 15:53:26.0]
2019-06-13 17:57:28.870 TRACE 81444 --- [    Test worker] o.h.type.descriptor.sql.BasicExtractor   : extracted value ([is_active4_0_] : [BIT]) - [true]
2019-06-13 17:57:28.870 TRACE 81444 --- [    Test worker] o.h.type.descriptor.sql.BasicExtractor   : extracted value ([last_updated5_0_] : [TIMESTAMP]) - [2019-05-23 15:53:26.0]
2019-06-13 17:57:28.870 TRACE 81444 --- [    Test worker] o.h.type.descriptor.sql.BasicExtractor   : extracted value ([last_updator_id6_0_] : [BIGINT]) - [6]
2019-06-13 17:57:28.871 TRACE 81444 --- [    Test worker] o.h.type.descriptor.sql.BasicExtractor   : extracted value ([my_parent_id7_0_] : [BIGINT]) - [null]
2019-06-13 17:57:28.871 TRACE 81444 --- [    Test worker] o.h.type.descriptor.sql.BasicExtractor   : extracted value ([name8_0_] : [VARCHAR]) - [환경공학과]
2019-06-13 17:57:28.871 TRACE 81444 --- [    Test worker] o.h.type.descriptor.sql.BasicExtractor   : extracted value ([id1_0_] : [BIGINT]) - [493]
2019-06-13 17:57:28.871 TRACE 81444 --- [    Test worker] o.h.type.descriptor.sql.BasicExtractor   : extracted value ([code2_0_] : [VARCHAR]) - [XA131]
2019-06-13 17:57:28.871 TRACE 81444 --- [    Test worker] o.h.type.descriptor.sql.BasicExtractor   : extracted value ([date_created3_0_] : [TIMESTAMP]) - [2019-05-23 15:53:26.0]
2019-06-13 17:57:28.871 TRACE 81444 --- [    Test worker] o.h.type.descriptor.sql.BasicExtractor   : extracted value ([is_active4_0_] : [BIT]) - [true]
2019-06-13 17:57:28.871 TRACE 81444 --- [    Test worker] o.h.type.descriptor.sql.BasicExtractor   : extracted value ([last_updated5_0_] : [TIMESTAMP]) - [2019-05-24 14:49:20.0]
2019-06-13 17:57:28.871 TRACE 81444 --- [    Test worker] o.h.type.descriptor.sql.BasicExtractor   : extracted value ([last_updator_id6_0_] : [BIGINT]) - [6]
2019-06-13 17:57:28.871 TRACE 81444 --- [    Test worker] o.h.type.descriptor.sql.BasicExtractor   : extracted value ([my_parent_id7_0_] : [BIGINT]) - [null]
2019-06-13 17:57:28.871 TRACE 81444 --- [    Test worker] o.h.type.descriptor.sql.BasicExtractor   : extracted value ([name8_0_] : [VARCHAR]) - [재료공학과]
2019-06-13 17:57:28.871 TRACE 81444 --- [    Test worker] o.h.type.descriptor.sql.BasicExtractor   : extracted value ([id1_0_] : [BIGINT]) - [494]
2019-06-13 17:57:28.871 TRACE 81444 --- [    Test worker] o.h.type.descriptor.sql.BasicExtractor   : extracted value ([code2_0_] : [VARCHAR]) - [XA132]
2019-06-13 17:57:28.871 TRACE 81444 --- [    Test worker] o.h.type.descriptor.sql.BasicExtractor   : extracted value ([date_created3_0_] : [TIMESTAMP]) - [2019-05-23 15:53:27.0]
2019-06-13 17:57:28.871 TRACE 81444 --- [    Test worker] o.h.type.descriptor.sql.BasicExtractor   : extracted value ([is_active4_0_] : [BIT]) - [true]
2019-06-13 17:57:28.872 TRACE 81444 --- [    Test worker] o.h.type.descriptor.sql.BasicExtractor   : extracted value ([last_updated5_0_] : [TIMESTAMP]) - [2019-05-24 14:49:21.0]
2019-06-13 17:57:28.872 TRACE 81444 --- [    Test worker] o.h.type.descriptor.sql.BasicExtractor   : extracted value ([last_updator_id6_0_] : [BIGINT]) - [6]
2019-06-13 17:57:28.872 TRACE 81444 --- [    Test worker] o.h.type.descriptor.sql.BasicExtractor   : extracted value ([my_parent_id7_0_] : [BIGINT]) - [null]
2019-06-13 17:57:28.872 TRACE 81444 --- [    Test worker] o.h.type.descriptor.sql.BasicExtractor   : extracted value ([name8_0_] : [VARCHAR]) - [가정학과]
2019-06-13 17:57:28.872 TRACE 81444 --- [    Test worker] o.h.type.descriptor.sql.BasicExtractor   : extracted value ([id1_0_] : [BIGINT]) - [495]
2019-06-13 17:57:28.872 TRACE 81444 --- [    Test worker] o.h.type.descriptor.sql.BasicExtractor   : extracted value ([code2_0_] : [VARCHAR]) - [XA133]
2019-06-13 17:57:28.872 TRACE 81444 --- [    Test worker] o.h.type.descriptor.sql.BasicExtractor   : extracted value ([date_created3_0_] : [TIMESTAMP]) - [2019-05-23 15:53:27.0]
2019-06-13 17:57:28.872 TRACE 81444 --- [    Test worker] o.h.type.descriptor.sql.BasicExtractor   : extracted value ([is_active4_0_] : [BIT]) - [true]
2019-06-13 17:57:28.872 TRACE 81444 --- [    Test worker] o.h.type.descriptor.sql.BasicExtractor   : extracted value ([last_updated5_0_] : [TIMESTAMP]) - [2019-05-24 14:49:21.0]
2019-06-13 17:57:28.872 TRACE 81444 --- [    Test worker] o.h.type.descriptor.sql.BasicExtractor   : extracted value ([last_updator_id6_0_] : [BIGINT]) - [6]
2019-06-13 17:57:28.872 TRACE 81444 --- [    Test worker] o.h.type.descriptor.sql.BasicExtractor   : extracted value ([my_parent_id7_0_] : [BIGINT]) - [null]
2019-06-13 17:57:28.872 TRACE 81444 --- [    Test worker] o.h.type.descriptor.sql.BasicExtractor   : extracted value ([name8_0_] : [VARCHAR]) - [전자정보공학부]
2019-06-13 17:57:28.872 TRACE 81444 --- [    Test worker] o.h.type.descriptor.sql.BasicExtractor   : extracted value ([id1_0_] : [BIGINT]) - [496]
2019-06-13 17:57:28.872 TRACE 81444 --- [    Test worker] o.h.type.descriptor.sql.BasicExtractor   : extracted value ([code2_0_] : [VARCHAR]) - [XA134]
2019-06-13 17:57:28.872 TRACE 81444 --- [    Test worker] o.h.type.descriptor.sql.BasicExtractor   : extracted value ([date_created3_0_] : [TIMESTAMP]) - [2019-05-23 15:53:27.0]
2019-06-13 17:57:28.873 TRACE 81444 --- [    Test worker] o.h.type.descriptor.sql.BasicExtractor   : extracted value ([is_active4_0_] : [BIT]) - [true]
2019-06-13 17:57:28.873 TRACE 81444 --- [    Test worker] o.h.type.descriptor.sql.BasicExtractor   : extracted value ([last_updated5_0_] : [TIMESTAMP]) - [2019-05-24 14:49:21.0]
2019-06-13 17:57:28.873 TRACE 81444 --- [    Test worker] o.h.type.descriptor.sql.BasicExtractor   : extracted value ([last_updator_id6_0_] : [BIGINT]) - [6]
2019-06-13 17:57:28.873 TRACE 81444 --- [    Test worker] o.h.type.descriptor.sql.BasicExtractor   : extracted value ([my_parent_id7_0_] : [BIGINT]) - [null]
2019-06-13 17:57:28.873 TRACE 81444 --- [    Test worker] o.h.type.descriptor.sql.BasicExtractor   : extracted value ([name8_0_] : [VARCHAR]) - [일어일문학과]
2019-06-13 17:57:28.873 TRACE 81444 --- [    Test worker] o.h.type.descriptor.sql.BasicExtractor   : extracted value ([id1_0_] : [BIGINT]) - [497]
2019-06-13 17:57:28.873 TRACE 81444 --- [    Test worker] o.h.type.descriptor.sql.BasicExtractor   : extracted value ([code2_0_] : [VARCHAR]) - [XA135]
2019-06-13 17:57:28.873 TRACE 81444 --- [    Test worker] o.h.type.descriptor.sql.BasicExtractor   : extracted value ([date_created3_0_] : [TIMESTAMP]) - [2019-05-23 15:53:28.0]
2019-06-13 17:57:28.873 TRACE 81444 --- [    Test worker] o.h.type.descriptor.sql.BasicExtractor   : extracted value ([is_active4_0_] : [BIT]) - [true]
2019-06-13 17:57:28.873 TRACE 81444 --- [    Test worker] o.h.type.descriptor.sql.BasicExtractor   : extracted value ([last_updated5_0_] : [TIMESTAMP]) - [2019-05-23 15:53:28.0]
2019-06-13 17:57:28.873 TRACE 81444 --- [    Test worker] o.h.type.descriptor.sql.BasicExtractor   : extracted value ([last_updator_id6_0_] : [BIGINT]) - [6]
2019-06-13 17:57:28.874 TRACE 81444 --- [    Test worker] o.h.type.descriptor.sql.BasicExtractor   : extracted value ([my_parent_id7_0_] : [BIGINT]) - [null]
2019-06-13 17:57:28.874 TRACE 81444 --- [    Test worker] o.h.type.descriptor.sql.BasicExtractor   : extracted value ([name8_0_] : [VARCHAR]) - [정보통계학과]
2019-06-13 17:57:28.874 TRACE 81444 --- [    Test worker] o.h.type.descriptor.sql.BasicExtractor   : extracted value ([id1_0_] : [BIGINT]) - [498]
2019-06-13 17:57:28.874 TRACE 81444 --- [    Test worker] o.h.type.descriptor.sql.BasicExtractor   : extracted value ([code2_0_] : [VARCHAR]) - [XA136]
2019-06-13 17:57:28.874 TRACE 81444 --- [    Test worker] o.h.type.descriptor.sql.BasicExtractor   : extracted value ([date_created3_0_] : [TIMESTAMP]) - [2019-05-23 15:53:28.0]
2019-06-13 17:57:28.874 TRACE 81444 --- [    Test worker] o.h.type.descriptor.sql.BasicExtractor   : extracted value ([is_active4_0_] : [BIT]) - [true]
2019-06-13 17:57:28.874 TRACE 81444 --- [    Test worker] o.h.type.descriptor.sql.BasicExtractor   : extracted value ([last_updated5_0_] : [TIMESTAMP]) - [2019-05-24 14:49:22.0]
2019-06-13 17:57:28.874 TRACE 81444 --- [    Test worker] o.h.type.descriptor.sql.BasicExtractor   : extracted value ([last_updator_id6_0_] : [BIGINT]) - [6]
2019-06-13 17:57:28.874 TRACE 81444 --- [    Test worker] o.h.type.descriptor.sql.BasicExtractor   : extracted value ([my_parent_id7_0_] : [BIGINT]) - [null]
2019-06-13 17:57:28.874 TRACE 81444 --- [    Test worker] o.h.type.descriptor.sql.BasicExtractor   : extracted value ([name8_0_] : [VARCHAR]) - [토목환경공학부]
2019-06-13 17:57:28.874 TRACE 81444 --- [    Test worker] o.h.type.descriptor.sql.BasicExtractor   : extracted value ([id1_0_] : [BIGINT]) - [499]
2019-06-13 17:57:28.874 TRACE 81444 --- [    Test worker] o.h.type.descriptor.sql.BasicExtractor   : extracted value ([code2_0_] : [VARCHAR]) - [XA137]
2019-06-13 17:57:28.875 TRACE 81444 --- [    Test worker] o.h.type.descriptor.sql.BasicExtractor   : extracted value ([date_created3_0_] : [TIMESTAMP]) - [2019-05-23 15:53:29.0]
2019-06-13 17:57:28.875 TRACE 81444 --- [    Test worker] o.h.type.descriptor.sql.BasicExtractor   : extracted value ([is_active4_0_] : [BIT]) - [true]
2019-06-13 17:57:28.875 TRACE 81444 --- [    Test worker] o.h.type.descriptor.sql.BasicExtractor   : extracted value ([last_updated5_0_] : [TIMESTAMP]) - [2019-05-24 14:49:22.0]
2019-06-13 17:57:28.875 TRACE 81444 --- [    Test worker] o.h.type.descriptor.sql.BasicExtractor   : extracted value ([last_updator_id6_0_] : [BIGINT]) - [6]
2019-06-13 17:57:28.875 TRACE 81444 --- [    Test worker] o.h.type.descriptor.sql.BasicExtractor   : extracted value ([my_parent_id7_0_] : [BIGINT]) - [null]
2019-06-13 17:57:28.875 TRACE 81444 --- [    Test worker] o.h.type.descriptor.sql.BasicExtractor   : extracted value ([name8_0_] : [VARCHAR]) - [사회복지학과]
2019-06-13 17:57:28.875 TRACE 81444 --- [    Test worker] o.h.type.descriptor.sql.BasicExtractor   : extracted value ([id1_0_] : [BIGINT]) - [500]
2019-06-13 17:57:28.875 TRACE 81444 --- [    Test worker] o.h.type.descriptor.sql.BasicExtractor   : extracted value ([code2_0_] : [VARCHAR]) - [XA138]
2019-06-13 17:57:28.875 TRACE 81444 --- [    Test worker] o.h.type.descriptor.sql.BasicExtractor   : extracted value ([date_created3_0_] : [TIMESTAMP]) - [2019-05-23 15:53:29.0]
2019-06-13 17:57:28.876 TRACE 81444 --- [    Test worker] o.h.type.descriptor.sql.BasicExtractor   : extracted value ([is_active4_0_] : [BIT]) - [true]
2019-06-13 17:57:28.876 TRACE 81444 --- [    Test worker] o.h.type.descriptor.sql.BasicExtractor   : extracted value ([last_updated5_0_] : [TIMESTAMP]) - [2019-05-24 14:49:23.0]
2019-06-13 17:57:28.876 TRACE 81444 --- [    Test worker] o.h.type.descriptor.sql.BasicExtractor   : extracted value ([last_updator_id6_0_] : [BIGINT]) - [6]
2019-06-13 17:57:28.876 TRACE 81444 --- [    Test worker] o.h.type.descriptor.sql.BasicExtractor   : extracted value ([my_parent_id7_0_] : [BIGINT]) - [null]
2019-06-13 17:57:28.876 TRACE 81444 --- [    Test worker] o.h.type.descriptor.sql.BasicExtractor   : extracted value ([name8_0_] : [VARCHAR]) - [컴퓨터정보공학과]
2019-06-13 17:57:28.894 TRACE 81444 --- [    Test worker] o.h.type.descriptor.sql.BasicExtractor   : extracted value ([id1_0_] : [BIGINT]) - [501]
2019-06-13 17:57:28.894 TRACE 81444 --- [    Test worker] o.h.type.descriptor.sql.BasicExtractor   : extracted value ([code2_0_] : [VARCHAR]) - [XA139]
2019-06-13 17:57:28.894 TRACE 81444 --- [    Test worker] o.h.type.descriptor.sql.BasicExtractor   : extracted value ([date_created3_0_] : [TIMESTAMP]) - [2019-05-23 15:53:29.0]
2019-06-13 17:57:28.894 TRACE 81444 --- [    Test worker] o.h.type.descriptor.sql.BasicExtractor   : extracted value ([is_active4_0_] : [BIT]) - [true]
2019-06-13 17:57:28.894 TRACE 81444 --- [    Test worker] o.h.type.descriptor.sql.BasicExtractor   : extracted value ([last_updated5_0_] : [TIMESTAMP]) - [2019-05-24 14:49:23.0]
2019-06-13 17:57:28.894 TRACE 81444 --- [    Test worker] o.h.type.descriptor.sql.BasicExtractor   : extracted value ([last_updator_id6_0_] : [BIGINT]) - [6]
2019-06-13 17:57:28.895 TRACE 81444 --- [    Test worker] o.h.type.descriptor.sql.BasicExtractor   : extracted value ([my_parent_id7_0_] : [BIGINT]) - [null]
2019-06-13 17:57:28.895 TRACE 81444 --- [    Test worker] o.h.type.descriptor.sql.BasicExtractor   : extracted value ([name8_0_] : [VARCHAR]) - [사학과]
2019-06-13 17:57:28.895 TRACE 81444 --- [    Test worker] o.h.type.descriptor.sql.BasicExtractor   : extracted value ([id1_0_] : [BIGINT]) - [502]
2019-06-13 17:57:28.895 TRACE 81444 --- [    Test worker] o.h.type.descriptor.sql.BasicExtractor   : extracted value ([code2_0_] : [VARCHAR]) - [XA140]
2019-06-13 17:57:28.895 TRACE 81444 --- [    Test worker] o.h.type.descriptor.sql.BasicExtractor   : extracted value ([date_created3_0_] : [TIMESTAMP]) - [2019-05-23 15:53:30.0]
2019-06-13 17:57:28.895 TRACE 81444 --- [    Test worker] o.h.type.descriptor.sql.BasicExtractor   : extracted value ([is_active4_0_] : [BIT]) - [true]
2019-06-13 17:57:28.895 TRACE 81444 --- [    Test worker] o.h.type.descriptor.sql.BasicExtractor   : extracted value ([last_updated5_0_] : [TIMESTAMP]) - [2019-05-24 14:49:24.0]
2019-06-13 17:57:28.895 TRACE 81444 --- [    Test worker] o.h.type.descriptor.sql.BasicExtractor   : extracted value ([last_updator_id6_0_] : [BIGINT]) - [6]
2019-06-13 17:57:28.896 TRACE 81444 --- [    Test worker] o.h.type.descriptor.sql.BasicExtractor   : extracted value ([my_parent_id7_0_] : [BIGINT]) - [null]
2019-06-13 17:57:28.896 TRACE 81444 --- [    Test worker] o.h.type.descriptor.sql.BasicExtractor   : extracted value ([name8_0_] : [VARCHAR]) - [지역문화콘텐츠학과]
2019-06-13 17:57:28.896 TRACE 81444 --- [    Test worker] o.h.type.descriptor.sql.BasicExtractor   : extracted value ([id1_0_] : [BIGINT]) - [503]
2019-06-13 17:57:28.896 TRACE 81444 --- [    Test worker] o.h.type.descriptor.sql.BasicExtractor   : extracted value ([code2_0_] : [VARCHAR]) - [XA141]
2019-06-13 17:57:28.896 TRACE 81444 --- [    Test worker] o.h.type.descriptor.sql.BasicExtractor   : extracted value ([date_created3_0_] : [TIMESTAMP]) - [2019-05-23 15:53:30.0]
2019-06-13 17:57:28.896 TRACE 81444 --- [    Test worker] o.h.type.descriptor.sql.BasicExtractor   : extracted value ([is_active4_0_] : [BIT]) - [true]
2019-06-13 17:57:28.896 TRACE 81444 --- [    Test worker] o.h.type.descriptor.sql.BasicExtractor   : extracted value ([last_updated5_0_] : [TIMESTAMP]) - [2019-05-24 14:49:24.0]
2019-06-13 17:57:28.896 TRACE 81444 --- [    Test worker] o.h.type.descriptor.sql.BasicExtractor   : extracted value ([last_updator_id6_0_] : [BIGINT]) - [6]
2019-06-13 17:57:28.896 TRACE 81444 --- [    Test worker] o.h.type.descriptor.sql.BasicExtractor   : extracted value ([my_parent_id7_0_] : [BIGINT]) - [null]
2019-06-13 17:57:28.896 TRACE 81444 --- [    Test worker] o.h.type.descriptor.sql.BasicExtractor   : extracted value ([name8_0_] : [VARCHAR]) - [조형예술디자인학과]
2019-06-13 17:57:28.896 TRACE 81444 --- [    Test worker] o.h.type.descriptor.sql.BasicExtractor   : extracted value ([id1_0_] : [BIGINT]) - [504]
2019-06-13 17:57:28.896 TRACE 81444 --- [    Test worker] o.h.type.descriptor.sql.BasicExtractor   : extracted value ([code2_0_] : [VARCHAR]) - [XA142]
2019-06-13 17:57:28.896 TRACE 81444 --- [    Test worker] o.h.type.descriptor.sql.BasicExtractor   : extracted value ([date_created3_0_] : [TIMESTAMP]) - [2019-05-23 15:53:30.0]
2019-06-13 17:57:28.896 TRACE 81444 --- [    Test worker] o.h.type.descriptor.sql.BasicExtractor   : extracted value ([is_active4_0_] : [BIT]) - [true]
2019-06-13 17:57:28.897 TRACE 81444 --- [    Test worker] o.h.type.descriptor.sql.BasicExtractor   : extracted value ([last_updated5_0_] : [TIMESTAMP]) - [2019-05-24 14:49:25.0]
2019-06-13 17:57:28.897 TRACE 81444 --- [    Test worker] o.h.type.descriptor.sql.BasicExtractor   : extracted value ([last_updator_id6_0_] : [BIGINT]) - [6]
2019-06-13 17:57:28.897 TRACE 81444 --- [    Test worker] o.h.type.descriptor.sql.BasicExtractor   : extracted value ([my_parent_id7_0_] : [BIGINT]) - [null]
2019-06-13 17:57:28.897 TRACE 81444 --- [    Test worker] o.h.type.descriptor.sql.BasicExtractor   : extracted value ([name8_0_] : [VARCHAR]) - [조선공학과]
2019-06-13 17:57:28.897 TRACE 81444 --- [    Test worker] o.h.type.descriptor.sql.BasicExtractor   : extracted value ([id1_0_] : [BIGINT]) - [505]
2019-06-13 17:57:28.897 TRACE 81444 --- [    Test worker] o.h.type.descriptor.sql.BasicExtractor   : extracted value ([code2_0_] : [VARCHAR]) - [XA143]
2019-06-13 17:57:28.897 TRACE 81444 --- [    Test worker] o.h.type.descriptor.sql.BasicExtractor   : extracted value ([date_created3_0_] : [TIMESTAMP]) - [2019-05-23 15:53:31.0]
2019-06-13 17:57:28.897 TRACE 81444 --- [    Test worker] o.h.type.descriptor.sql.BasicExtractor   : extracted value ([is_active4_0_] : [BIT]) - [true]
2019-06-13 17:57:28.897 TRACE 81444 --- [    Test worker] o.h.type.descriptor.sql.BasicExtractor   : extracted value ([last_updated5_0_] : [TIMESTAMP]) - [2019-05-24 14:49:37.0]
2019-06-13 17:57:28.897 TRACE 81444 --- [    Test worker] o.h.type.descriptor.sql.BasicExtractor   : extracted value ([last_updator_id6_0_] : [BIGINT]) - [6]
2019-06-13 17:57:28.897 TRACE 81444 --- [    Test worker] o.h.type.descriptor.sql.BasicExtractor   : extracted value ([my_parent_id7_0_] : [BIGINT]) - [null]
2019-06-13 17:57:28.897 TRACE 81444 --- [    Test worker] o.h.type.descriptor.sql.BasicExtractor   : extracted value ([name8_0_] : [VARCHAR]) - [통계컴퓨터과학과]
2019-06-13 17:57:28.897 TRACE 81444 --- [    Test worker] o.h.type.descriptor.sql.BasicExtractor   : extracted value ([id1_0_] : [BIGINT]) - [506]
2019-06-13 17:57:28.897 TRACE 81444 --- [    Test worker] o.h.type.descriptor.sql.BasicExtractor   : extracted value ([code2_0_] : [VARCHAR]) - [XA144]
2019-06-13 17:57:28.897 TRACE 81444 --- [    Test worker] o.h.type.descriptor.sql.BasicExtractor   : extracted value ([date_created3_0_] : [TIMESTAMP]) - [2019-05-23 15:53:31.0]
2019-06-13 17:57:28.897 TRACE 81444 --- [    Test worker] o.h.type.descriptor.sql.BasicExtractor   : extracted value ([is_active4_0_] : [BIT]) - [true]
2019-06-13 17:57:28.897 TRACE 81444 --- [    Test worker] o.h.type.descriptor.sql.BasicExtractor   : extracted value ([last_updated5_0_] : [TIMESTAMP]) - [2019-05-24 14:49:38.0]
2019-06-13 17:57:28.897 TRACE 81444 --- [    Test worker] o.h.type.descriptor.sql.BasicExtractor   : extracted value ([last_updator_id6_0_] : [BIGINT]) - [6]
2019-06-13 17:57:28.897 TRACE 81444 --- [    Test worker] o.h.type.descriptor.sql.BasicExtractor   : extracted value ([my_parent_id7_0_] : [BIGINT]) - [null]
2019-06-13 17:57:28.898 TRACE 81444 --- [    Test worker] o.h.type.descriptor.sql.BasicExtractor   : extracted value ([name8_0_] : [VARCHAR]) - [중국학과]
2019-06-13 17:57:28.898 TRACE 81444 --- [    Test worker] o.h.type.descriptor.sql.BasicExtractor   : extracted value ([id1_0_] : [BIGINT]) - [507]
2019-06-13 17:57:28.898 TRACE 81444 --- [    Test worker] o.h.type.descriptor.sql.BasicExtractor   : extracted value ([code2_0_] : [VARCHAR]) - [XA145]
2019-06-13 17:57:28.898 TRACE 81444 --- [    Test worker] o.h.type.descriptor.sql.BasicExtractor   : extracted value ([date_created3_0_] : [TIMESTAMP]) - [2019-05-23 15:53:31.0]
2019-06-13 17:57:28.898 TRACE 81444 --- [    Test worker] o.h.type.descriptor.sql.BasicExtractor   : extracted value ([is_active4_0_] : [BIT]) - [true]
2019-06-13 17:57:28.898 TRACE 81444 --- [    Test worker] o.h.type.descriptor.sql.BasicExtractor   : extracted value ([last_updated5_0_] : [TIMESTAMP]) - [2019-05-24 14:49:38.0]
2019-06-13 17:57:28.898 TRACE 81444 --- [    Test worker] o.h.type.descriptor.sql.BasicExtractor   : extracted value ([last_updator_id6_0_] : [BIGINT]) - [6]
2019-06-13 17:57:28.898 TRACE 81444 --- [    Test worker] o.h.type.descriptor.sql.BasicExtractor   : extracted value ([my_parent_id7_0_] : [BIGINT]) - [null]
2019-06-13 17:57:28.898 TRACE 81444 --- [    Test worker] o.h.type.descriptor.sql.BasicExtractor   : extracted value ([name8_0_] : [VARCHAR]) - [주거및실내계획학과]
2019-06-13 17:57:28.898 TRACE 81444 --- [    Test worker] o.h.type.descriptor.sql.BasicExtractor   : extracted value ([id1_0_] : [BIGINT]) - [508]
2019-06-13 17:57:28.898 TRACE 81444 --- [    Test worker] o.h.type.descriptor.sql.BasicExtractor   : extracted value ([code2_0_] : [VARCHAR]) - [XA146]
2019-06-13 17:57:28.898 TRACE 81444 --- [    Test worker] o.h.type.descriptor.sql.BasicExtractor   : extracted value ([date_created3_0_] : [TIMESTAMP]) - [2019-05-23 15:53:32.0]
2019-06-13 17:57:28.898 TRACE 81444 --- [    Test worker] o.h.type.descriptor.sql.BasicExtractor   : extracted value ([is_active4_0_] : [BIT]) - [true]
2019-06-13 17:57:28.898 TRACE 81444 --- [    Test worker] o.h.type.descriptor.sql.BasicExtractor   : extracted value ([last_updated5_0_] : [TIMESTAMP]) - [2019-05-24 14:49:38.0]
2019-06-13 17:57:28.898 TRACE 81444 --- [    Test worker] o.h.type.descriptor.sql.BasicExtractor   : extracted value ([last_updator_id6_0_] : [BIGINT]) - [6]
2019-06-13 17:57:28.898 TRACE 81444 --- [    Test worker] o.h.type.descriptor.sql.BasicExtractor   : extracted value ([my_parent_id7_0_] : [BIGINT]) - [null]
2019-06-13 17:57:28.898 TRACE 81444 --- [    Test worker] o.h.type.descriptor.sql.BasicExtractor   : extracted value ([name8_0_] : [VARCHAR]) - [아동가족학과]
2019-06-13 17:57:28.898 TRACE 81444 --- [    Test worker] o.h.type.descriptor.sql.BasicExtractor   : extracted value ([id1_0_] : [BIGINT]) - [509]
2019-06-13 17:57:28.899 TRACE 81444 --- [    Test worker] o.h.type.descriptor.sql.BasicExtractor   : extracted value ([code2_0_] : [VARCHAR]) - [XA147]
2019-06-13 17:57:28.899 TRACE 81444 --- [    Test worker] o.h.type.descriptor.sql.BasicExtractor   : extracted value ([date_created3_0_] : [TIMESTAMP]) - [2019-05-23 15:53:39.0]
2019-06-13 17:57:28.899 TRACE 81444 --- [    Test worker] o.h.type.descriptor.sql.BasicExtractor   : extracted value ([is_active4_0_] : [BIT]) - [true]
2019-06-13 17:57:28.899 TRACE 81444 --- [    Test worker] o.h.type.descriptor.sql.BasicExtractor   : extracted value ([last_updated5_0_] : [TIMESTAMP]) - [2019-05-24 14:49:39.0]
2019-06-13 17:57:28.899 TRACE 81444 --- [    Test worker] o.h.type.descriptor.sql.BasicExtractor   : extracted value ([last_updator_id6_0_] : [BIGINT]) - [6]
2019-06-13 17:57:28.899 TRACE 81444 --- [    Test worker] o.h.type.descriptor.sql.BasicExtractor   : extracted value ([my_parent_id7_0_] : [BIGINT]) - [null]
2019-06-13 17:57:28.899 TRACE 81444 --- [    Test worker] o.h.type.descriptor.sql.BasicExtractor   : extracted value ([name8_0_] : [VARCHAR]) - [식품영양학과]
2019-06-13 17:57:28.899 TRACE 81444 --- [    Test worker] o.h.type.descriptor.sql.BasicExtractor   : extracted value ([id1_0_] : [BIGINT]) - [510]
2019-06-13 17:57:28.899 TRACE 81444 --- [    Test worker] o.h.type.descriptor.sql.BasicExtractor   : extracted value ([code2_0_] : [VARCHAR]) - [XA148]
2019-06-13 17:57:28.899 TRACE 81444 --- [    Test worker] o.h.type.descriptor.sql.BasicExtractor   : extracted value ([date_created3_0_] : [TIMESTAMP]) - [2019-05-23 15:53:40.0]
2019-06-13 17:57:28.899 TRACE 81444 --- [    Test worker] o.h.type.descriptor.sql.BasicExtractor   : extracted value ([is_active4_0_] : [BIT]) - [true]
2019-06-13 17:57:28.899 TRACE 81444 --- [    Test worker] o.h.type.descriptor.sql.BasicExtractor   : extracted value ([last_updated5_0_] : [TIMESTAMP]) - [2019-05-24 14:49:39.0]
2019-06-13 17:57:28.899 TRACE 81444 --- [    Test worker] o.h.type.descriptor.sql.BasicExtractor   : extracted value ([last_updator_id6_0_] : [BIGINT]) - [6]
2019-06-13 17:57:28.899 TRACE 81444 --- [    Test worker] o.h.type.descriptor.sql.BasicExtractor   : extracted value ([my_parent_id7_0_] : [BIGINT]) - [null]
2019-06-13 17:57:28.899 TRACE 81444 --- [    Test worker] o.h.type.descriptor.sql.BasicExtractor   : extracted value ([name8_0_] : [VARCHAR]) - [의류학과]
2019-06-13 17:57:28.918 TRACE 81444 --- [    Test worker] o.h.type.descriptor.sql.BasicExtractor   : extracted value ([id1_0_] : [BIGINT]) - [511]
2019-06-13 17:57:28.919 TRACE 81444 --- [    Test worker] o.h.type.descriptor.sql.BasicExtractor   : extracted value ([code2_0_] : [VARCHAR]) - [XA149]
2019-06-13 17:57:28.919 TRACE 81444 --- [    Test worker] o.h.type.descriptor.sql.BasicExtractor   : extracted value ([date_created3_0_] : [TIMESTAMP]) - [2019-05-23 15:53:40.0]
2019-06-13 17:57:28.919 TRACE 81444 --- [    Test worker] o.h.type.descriptor.sql.BasicExtractor   : extracted value ([is_active4_0_] : [BIT]) - [true]
2019-06-13 17:57:28.919 TRACE 81444 --- [    Test worker] o.h.type.descriptor.sql.BasicExtractor   : extracted value ([last_updated5_0_] : [TIMESTAMP]) - [2019-05-24 14:49:39.0]
2019-06-13 17:57:28.919 TRACE 81444 --- [    Test worker] o.h.type.descriptor.sql.BasicExtractor   : extracted value ([last_updator_id6_0_] : [BIGINT]) - [6]
2019-06-13 17:57:28.919 TRACE 81444 --- [    Test worker] o.h.type.descriptor.sql.BasicExtractor   : extracted value ([my_parent_id7_0_] : [BIGINT]) - [null]
2019-06-13 17:57:28.920 TRACE 81444 --- [    Test worker] o.h.type.descriptor.sql.BasicExtractor   : extracted value ([name8_0_] : [VARCHAR]) - [간호학과]
2019-06-13 17:57:28.920 TRACE 81444 --- [    Test worker] o.h.type.descriptor.sql.BasicExtractor   : extracted value ([id1_0_] : [BIGINT]) - [512]
2019-06-13 17:57:28.920 TRACE 81444 --- [    Test worker] o.h.type.descriptor.sql.BasicExtractor   : extracted value ([code2_0_] : [VARCHAR]) - [XA150]
2019-06-13 17:57:28.920 TRACE 81444 --- [    Test worker] o.h.type.descriptor.sql.BasicExtractor   : extracted value ([date_created3_0_] : [TIMESTAMP]) - [2019-05-23 15:53:40.0]
2019-06-13 17:57:28.920 TRACE 81444 --- [    Test worker] o.h.type.descriptor.sql.BasicExtractor   : extracted value ([is_active4_0_] : [BIT]) - [true]
2019-06-13 17:57:28.920 TRACE 81444 --- [    Test worker] o.h.type.descriptor.sql.BasicExtractor   : extracted value ([last_updated5_0_] : [TIMESTAMP]) - [2019-05-24 14:49:40.0]
2019-06-13 17:57:28.920 TRACE 81444 --- [    Test worker] o.h.type.descriptor.sql.BasicExtractor   : extracted value ([last_updator_id6_0_] : [BIGINT]) - [6]
2019-06-13 17:57:28.920 TRACE 81444 --- [    Test worker] o.h.type.descriptor.sql.BasicExtractor   : extracted value ([my_parent_id7_0_] : [BIGINT]) - [null]
2019-06-13 17:57:28.920 TRACE 81444 --- [    Test worker] o.h.type.descriptor.sql.BasicExtractor   : extracted value ([name8_0_] : [VARCHAR]) - [신소재공학과]
2019-06-13 17:57:28.921 TRACE 81444 --- [    Test worker] o.h.type.descriptor.sql.BasicExtractor   : extracted value ([id1_0_] : [BIGINT]) - [513]
2019-06-13 17:57:28.921 TRACE 81444 --- [    Test worker] o.h.type.descriptor.sql.BasicExtractor   : extracted value ([code2_0_] : [VARCHAR]) - [XA151]
2019-06-13 17:57:28.921 TRACE 81444 --- [    Test worker] o.h.type.descriptor.sql.BasicExtractor   : extracted value ([date_created3_0_] : [TIMESTAMP]) - [2019-05-23 15:53:41.0]
2019-06-13 17:57:28.921 TRACE 81444 --- [    Test worker] o.h.type.descriptor.sql.BasicExtractor   : extracted value ([is_active4_0_] : [BIT]) - [true]
2019-06-13 17:57:28.921 TRACE 81444 --- [    Test worker] o.h.type.descriptor.sql.BasicExtractor   : extracted value ([last_updated5_0_] : [TIMESTAMP]) - [2019-05-24 14:49:47.0]
2019-06-13 17:57:28.921 TRACE 81444 --- [    Test worker] o.h.type.descriptor.sql.BasicExtractor   : extracted value ([last_updator_id6_0_] : [BIGINT]) - [6]
2019-06-13 17:57:28.921 TRACE 81444 --- [    Test worker] o.h.type.descriptor.sql.BasicExtractor   : extracted value ([my_parent_id7_0_] : [BIGINT]) - [null]
2019-06-13 17:57:28.921 TRACE 81444 --- [    Test worker] o.h.type.descriptor.sql.BasicExtractor   : extracted value ([name8_0_] : [VARCHAR]) - [플라즈마융합공학과(학연산협동과정)]
2019-06-13 17:57:28.921 TRACE 81444 --- [    Test worker] o.h.type.descriptor.sql.BasicExtractor   : extracted value ([id1_0_] : [BIGINT]) - [514]
2019-06-13 17:57:28.921 TRACE 81444 --- [    Test worker] o.h.type.descriptor.sql.BasicExtractor   : extracted value ([code2_0_] : [VARCHAR]) - [XA152]
2019-06-13 17:57:28.921 TRACE 81444 --- [    Test worker] o.h.type.descriptor.sql.BasicExtractor   : extracted value ([date_created3_0_] : [TIMESTAMP]) - [2019-05-23 15:53:41.0]
2019-06-13 17:57:28.921 TRACE 81444 --- [    Test worker] o.h.type.descriptor.sql.BasicExtractor   : extracted value ([is_active4_0_] : [BIT]) - [true]
2019-06-13 17:57:28.921 TRACE 81444 --- [    Test worker] o.h.type.descriptor.sql.BasicExtractor   : extracted value ([last_updated5_0_] : [TIMESTAMP]) - [2019-05-24 14:49:47.0]
2019-06-13 17:57:28.921 TRACE 81444 --- [    Test worker] o.h.type.descriptor.sql.BasicExtractor   : extracted value ([last_updator_id6_0_] : [BIGINT]) - [6]
2019-06-13 17:57:28.921 TRACE 81444 --- [    Test worker] o.h.type.descriptor.sql.BasicExtractor   : extracted value ([my_parent_id7_0_] : [BIGINT]) - [null]
2019-06-13 17:57:28.921 TRACE 81444 --- [    Test worker] o.h.type.descriptor.sql.BasicExtractor   : extracted value ([name8_0_] : [VARCHAR]) - [제어로봇공학과(산학협동과정)]
2019-06-13 17:57:28.921 TRACE 81444 --- [    Test worker] o.h.type.descriptor.sql.BasicExtractor   : extracted value ([id1_0_] : [BIGINT]) - [515]
2019-06-13 17:57:28.921 TRACE 81444 --- [    Test worker] o.h.type.descriptor.sql.BasicExtractor   : extracted value ([code2_0_] : [VARCHAR]) - [XA153]
2019-06-13 17:57:28.921 TRACE 81444 --- [    Test worker] o.h.type.descriptor.sql.BasicExtractor   : extracted value ([date_created3_0_] : [TIMESTAMP]) - [2019-05-23 15:53:41.0]
2019-06-13 17:57:28.921 TRACE 81444 --- [    Test worker] o.h.type.descriptor.sql.BasicExtractor   : extracted value ([is_active4_0_] : [BIT]) - [true]
2019-06-13 17:57:28.922 TRACE 81444 --- [    Test worker] o.h.type.descriptor.sql.BasicExtractor   : extracted value ([last_updated5_0_] : [TIMESTAMP]) - [2019-05-24 14:49:47.0]
2019-06-13 17:57:28.922 TRACE 81444 --- [    Test worker] o.h.type.descriptor.sql.BasicExtractor   : extracted value ([last_updator_id6_0_] : [BIGINT]) - [6]
2019-06-13 17:57:28.922 TRACE 81444 --- [    Test worker] o.h.type.descriptor.sql.BasicExtractor   : extracted value ([my_parent_id7_0_] : [BIGINT]) - [null]
2019-06-13 17:57:28.922 TRACE 81444 --- [    Test worker] o.h.type.descriptor.sql.BasicExtractor   : extracted value ([name8_0_] : [VARCHAR]) - [물류학과]
2019-06-13 17:57:28.922 TRACE 81444 --- [    Test worker] o.h.type.descriptor.sql.BasicExtractor   : extracted value ([id1_0_] : [BIGINT]) - [516]
2019-06-13 17:57:28.922 TRACE 81444 --- [    Test worker] o.h.type.descriptor.sql.BasicExtractor   : extracted value ([code2_0_] : [VARCHAR]) - [XA154]
2019-06-13 17:57:28.922 TRACE 81444 --- [    Test worker] o.h.type.descriptor.sql.BasicExtractor   : extracted value ([date_created3_0_] : [TIMESTAMP]) - [2019-05-23 15:53:42.0]
2019-06-13 17:57:28.922 TRACE 81444 --- [    Test worker] o.h.type.descriptor.sql.BasicExtractor   : extracted value ([is_active4_0_] : [BIT]) - [true]
2019-06-13 17:57:28.922 TRACE 81444 --- [    Test worker] o.h.type.descriptor.sql.BasicExtractor   : extracted value ([last_updated5_0_] : [TIMESTAMP]) - [2019-05-24 14:49:48.0]
2019-06-13 17:57:28.922 TRACE 81444 --- [    Test worker] o.h.type.descriptor.sql.BasicExtractor   : extracted value ([last_updator_id6_0_] : [BIGINT]) - [6]
2019-06-13 17:57:28.922 TRACE 81444 --- [    Test worker] o.h.type.descriptor.sql.BasicExtractor   : extracted value ([my_parent_id7_0_] : [BIGINT]) - [null]
2019-06-13 17:57:28.922 TRACE 81444 --- [    Test worker] o.h.type.descriptor.sql.BasicExtractor   : extracted value ([name8_0_] : [VARCHAR]) - [미디어문화학과]
2019-06-13 17:57:28.923 TRACE 81444 --- [    Test worker] o.h.type.descriptor.sql.BasicExtractor   : extracted value ([id1_0_] : [BIGINT]) - [517]
2019-06-13 17:57:28.923 TRACE 81444 --- [    Test worker] o.h.type.descriptor.sql.BasicExtractor   : extracted value ([code2_0_] : [VARCHAR]) - [XA155]
2019-06-13 17:57:28.923 TRACE 81444 --- [    Test worker] o.h.type.descriptor.sql.BasicExtractor   : extracted value ([date_created3_0_] : [TIMESTAMP]) - [2019-05-23 15:53:42.0]
2019-06-13 17:57:28.923 TRACE 81444 --- [    Test worker] o.h.type.descriptor.sql.BasicExtractor   : extracted value ([is_active4_0_] : [BIT]) - [true]
2019-06-13 17:57:28.923 TRACE 81444 --- [    Test worker] o.h.type.descriptor.sql.BasicExtractor   : extracted value ([last_updated5_0_] : [TIMESTAMP]) - [2019-05-24 14:49:48.0]
2019-06-13 17:57:28.923 TRACE 81444 --- [    Test worker] o.h.type.descriptor.sql.BasicExtractor   : extracted value ([last_updator_id6_0_] : [BIGINT]) - [6]
2019-06-13 17:57:28.923 TRACE 81444 --- [    Test worker] o.h.type.descriptor.sql.BasicExtractor   : extracted value ([my_parent_id7_0_] : [BIGINT]) - [null]
2019-06-13 17:57:28.923 TRACE 81444 --- [    Test worker] o.h.type.descriptor.sql.BasicExtractor   : extracted value ([name8_0_] : [VARCHAR]) - [해양경찰학과]
2019-06-13 17:57:28.923 TRACE 81444 --- [    Test worker] o.h.type.descriptor.sql.BasicExtractor   : extracted value ([id1_0_] : [BIGINT]) - [518]
2019-06-13 17:57:28.923 TRACE 81444 --- [    Test worker] o.h.type.descriptor.sql.BasicExtractor   : extracted value ([code2_0_] : [VARCHAR]) - [XA156]
2019-06-13 17:57:28.923 TRACE 81444 --- [    Test worker] o.h.type.descriptor.sql.BasicExtractor   : extracted value ([date_created3_0_] : [TIMESTAMP]) - [2019-05-23 15:53:42.0]
2019-06-13 17:57:28.923 TRACE 81444 --- [    Test worker] o.h.type.descriptor.sql.BasicExtractor   : extracted value ([is_active4_0_] : [BIT]) - [true]
2019-06-13 17:57:28.923 TRACE 81444 --- [    Test worker] o.h.type.descriptor.sql.BasicExtractor   : extracted value ([last_updated5_0_] : [TIMESTAMP]) - [2019-05-24 14:49:48.0]
2019-06-13 17:57:28.923 TRACE 81444 --- [    Test worker] o.h.type.descriptor.sql.BasicExtractor   : extracted value ([last_updator_id6_0_] : [BIGINT]) - [6]
2019-06-13 17:57:28.923 TRACE 81444 --- [    Test worker] o.h.type.descriptor.sql.BasicExtractor   : extracted value ([my_parent_id7_0_] : [BIGINT]) - [null]
2019-06-13 17:57:28.923 TRACE 81444 --- [    Test worker] o.h.type.descriptor.sql.BasicExtractor   : extracted value ([name8_0_] : [VARCHAR]) - [상담심리학과]
2019-06-13 17:57:28.923 TRACE 81444 --- [    Test worker] o.h.type.descriptor.sql.BasicExtractor   : extracted value ([id1_0_] : [BIGINT]) - [519]
2019-06-13 17:57:28.923 TRACE 81444 --- [    Test worker] o.h.type.descriptor.sql.BasicExtractor   : extracted value ([code2_0_] : [VARCHAR]) - [XA157]
2019-06-13 17:57:28.923 TRACE 81444 --- [    Test worker] o.h.type.descriptor.sql.BasicExtractor   : extracted value ([date_created3_0_] : [TIMESTAMP]) - [2019-05-23 15:53:43.0]
2019-06-13 17:57:28.923 TRACE 81444 --- [    Test worker] o.h.type.descriptor.sql.BasicExtractor   : extracted value ([is_active4_0_] : [BIT]) - [true]
2019-06-13 17:57:28.923 TRACE 81444 --- [    Test worker] o.h.type.descriptor.sql.BasicExtractor   : extracted value ([last_updated5_0_] : [TIMESTAMP]) - [2019-05-24 14:49:48.0]
2019-06-13 17:57:28.923 TRACE 81444 --- [    Test worker] o.h.type.descriptor.sql.BasicExtractor   : extracted value ([last_updator_id6_0_] : [BIGINT]) - [6]
2019-06-13 17:57:28.923 TRACE 81444 --- [    Test worker] o.h.type.descriptor.sql.BasicExtractor   : extracted value ([my_parent_id7_0_] : [BIGINT]) - [null]
2019-06-13 17:57:28.923 TRACE 81444 --- [    Test worker] o.h.type.descriptor.sql.BasicExtractor   : extracted value ([name8_0_] : [VARCHAR]) - [기계공학과(산학협동과정)]
2019-06-13 17:57:28.923 TRACE 81444 --- [    Test worker] o.h.type.descriptor.sql.BasicExtractor   : extracted value ([id1_0_] : [BIGINT]) - [520]
2019-06-13 17:57:28.924 TRACE 81444 --- [    Test worker] o.h.type.descriptor.sql.BasicExtractor   : extracted value ([code2_0_] : [VARCHAR]) - [XA158]
2019-06-13 17:57:28.924 TRACE 81444 --- [    Test worker] o.h.type.descriptor.sql.BasicExtractor   : extracted value ([date_created3_0_] : [TIMESTAMP]) - [2019-05-23 15:53:43.0]
2019-06-13 17:57:28.924 TRACE 81444 --- [    Test worker] o.h.type.descriptor.sql.BasicExtractor   : extracted value ([is_active4_0_] : [BIT]) - [true]
2019-06-13 17:57:28.924 TRACE 81444 --- [    Test worker] o.h.type.descriptor.sql.BasicExtractor   : extracted value ([last_updated5_0_] : [TIMESTAMP]) - [2019-05-24 14:49:49.0]
2019-06-13 17:57:28.924 TRACE 81444 --- [    Test worker] o.h.type.descriptor.sql.BasicExtractor   : extracted value ([last_updator_id6_0_] : [BIGINT]) - [6]
2019-06-13 17:57:28.924 TRACE 81444 --- [    Test worker] o.h.type.descriptor.sql.BasicExtractor   : extracted value ([my_parent_id7_0_] : [BIGINT]) - [null]
2019-06-13 17:57:28.924 TRACE 81444 --- [    Test worker] o.h.type.descriptor.sql.BasicExtractor   : extracted value ([name8_0_] : [VARCHAR]) - [조선공학과(산학협동과정)]
2019-06-13 17:57:28.940 TRACE 81444 --- [    Test worker] o.h.type.descriptor.sql.BasicExtractor   : extracted value ([id1_0_] : [BIGINT]) - [521]
2019-06-13 17:57:28.941 TRACE 81444 --- [    Test worker] o.h.type.descriptor.sql.BasicExtractor   : extracted value ([code2_0_] : [VARCHAR]) - [XA159]
2019-06-13 17:57:28.941 TRACE 81444 --- [    Test worker] o.h.type.descriptor.sql.BasicExtractor   : extracted value ([date_created3_0_] : [TIMESTAMP]) - [2019-05-23 15:53:43.0]
2019-06-13 17:57:28.941 TRACE 81444 --- [    Test worker] o.h.type.descriptor.sql.BasicExtractor   : extracted value ([is_active4_0_] : [BIT]) - [true]
2019-06-13 17:57:28.942 TRACE 81444 --- [    Test worker] o.h.type.descriptor.sql.BasicExtractor   : extracted value ([last_updated5_0_] : [TIMESTAMP]) - [2019-05-23 15:53:43.0]
2019-06-13 17:57:28.942 TRACE 81444 --- [    Test worker] o.h.type.descriptor.sql.BasicExtractor   : extracted value ([last_updator_id6_0_] : [BIGINT]) - [6]
2019-06-13 17:57:28.942 TRACE 81444 --- [    Test worker] o.h.type.descriptor.sql.BasicExtractor   : extracted value ([my_parent_id7_0_] : [BIGINT]) - [null]
2019-06-13 17:57:28.942 TRACE 81444 --- [    Test worker] o.h.type.descriptor.sql.BasicExtractor   : extracted value ([name8_0_] : [VARCHAR]) - [물리학과(학연산협동과정)]
2019-06-13 17:57:28.942 TRACE 81444 --- [    Test worker] o.h.type.descriptor.sql.BasicExtractor   : extracted value ([id1_0_] : [BIGINT]) - [522]
2019-06-13 17:57:28.942 TRACE 81444 --- [    Test worker] o.h.type.descriptor.sql.BasicExtractor   : extracted value ([code2_0_] : [VARCHAR]) - [XA160]
2019-06-13 17:57:28.943 TRACE 81444 --- [    Test worker] o.h.type.descriptor.sql.BasicExtractor   : extracted value ([date_created3_0_] : [TIMESTAMP]) - [2019-05-23 15:53:44.0]
2019-06-13 17:57:28.943 TRACE 81444 --- [    Test worker] o.h.type.descriptor.sql.BasicExtractor   : extracted value ([is_active4_0_] : [BIT]) - [true]
2019-06-13 17:57:28.943 TRACE 81444 --- [    Test worker] o.h.type.descriptor.sql.BasicExtractor   : extracted value ([last_updated5_0_] : [TIMESTAMP]) - [2019-05-24 14:49:49.0]
2019-06-13 17:57:28.943 TRACE 81444 --- [    Test worker] o.h.type.descriptor.sql.BasicExtractor   : extracted value ([last_updator_id6_0_] : [BIGINT]) - [6]
2019-06-13 17:57:28.943 TRACE 81444 --- [    Test worker] o.h.type.descriptor.sql.BasicExtractor   : extracted value ([my_parent_id7_0_] : [BIGINT]) - [null]
2019-06-13 17:57:28.943 TRACE 81444 --- [    Test worker] o.h.type.descriptor.sql.BasicExtractor   : extracted value ([name8_0_] : [VARCHAR]) - [건설기계공학과]
2019-06-13 17:57:28.943 TRACE 81444 --- [    Test worker] o.h.type.descriptor.sql.BasicExtractor   : extracted value ([id1_0_] : [BIGINT]) - [523]
2019-06-13 17:57:28.944 TRACE 81444 --- [    Test worker] o.h.type.descriptor.sql.BasicExtractor   : extracted value ([code2_0_] : [VARCHAR]) - [XA161]
2019-06-13 17:57:28.944 TRACE 81444 --- [    Test worker] o.h.type.descriptor.sql.BasicExtractor   : extracted value ([date_created3_0_] : [TIMESTAMP]) - [2019-05-23 15:53:44.0]
2019-06-13 17:57:28.944 TRACE 81444 --- [    Test worker] o.h.type.descriptor.sql.BasicExtractor   : extracted value ([is_active4_0_] : [BIT]) - [true]
2019-06-13 17:57:28.944 TRACE 81444 --- [    Test worker] o.h.type.descriptor.sql.BasicExtractor   : extracted value ([last_updated5_0_] : [TIMESTAMP]) - [2019-05-24 14:49:50.0]
2019-06-13 17:57:28.944 TRACE 81444 --- [    Test worker] o.h.type.descriptor.sql.BasicExtractor   : extracted value ([last_updator_id6_0_] : [BIGINT]) - [6]
2019-06-13 17:57:28.944 TRACE 81444 --- [    Test worker] o.h.type.descriptor.sql.BasicExtractor   : extracted value ([my_parent_id7_0_] : [BIGINT]) - [null]
2019-06-13 17:57:28.944 TRACE 81444 --- [    Test worker] o.h.type.descriptor.sql.BasicExtractor   : extracted value ([name8_0_] : [VARCHAR]) - [생물학과(학연협동과정)]
2019-06-13 17:57:28.945 TRACE 81444 --- [    Test worker] o.h.type.descriptor.sql.BasicExtractor   : extracted value ([id1_0_] : [BIGINT]) - [524]
2019-06-13 17:57:28.945 TRACE 81444 --- [    Test worker] o.h.type.descriptor.sql.BasicExtractor   : extracted value ([code2_0_] : [VARCHAR]) - [XA162]
2019-06-13 17:57:28.945 TRACE 81444 --- [    Test worker] o.h.type.descriptor.sql.BasicExtractor   : extracted value ([date_created3_0_] : [TIMESTAMP]) - [2019-05-23 15:53:45.0]
2019-06-13 17:57:28.945 TRACE 81444 --- [    Test worker] o.h.type.descriptor.sql.BasicExtractor   : extracted value ([is_active4_0_] : [BIT]) - [true]
2019-06-13 17:57:28.945 TRACE 81444 --- [    Test worker] o.h.type.descriptor.sql.BasicExtractor   : extracted value ([last_updated5_0_] : [TIMESTAMP]) - [2019-05-24 14:49:50.0]
2019-06-13 17:57:28.945 TRACE 81444 --- [    Test worker] o.h.type.descriptor.sql.BasicExtractor   : extracted value ([last_updator_id6_0_] : [BIGINT]) - [6]
2019-06-13 17:57:28.945 TRACE 81444 --- [    Test worker] o.h.type.descriptor.sql.BasicExtractor   : extracted value ([my_parent_id7_0_] : [BIGINT]) - [null]
2019-06-13 17:57:28.945 TRACE 81444 --- [    Test worker] o.h.type.descriptor.sql.BasicExtractor   : extracted value ([name8_0_] : [VARCHAR]) - [지질과학공학과]
2019-06-13 17:57:28.945 TRACE 81444 --- [    Test worker] o.h.type.descriptor.sql.BasicExtractor   : extracted value ([id1_0_] : [BIGINT]) - [525]
2019-06-13 17:57:28.946 TRACE 81444 --- [    Test worker] o.h.type.descriptor.sql.BasicExtractor   : extracted value ([code2_0_] : [VARCHAR]) - [XA163]
2019-06-13 17:57:28.946 TRACE 81444 --- [    Test worker] o.h.type.descriptor.sql.BasicExtractor   : extracted value ([date_created3_0_] : [TIMESTAMP]) - [2019-05-23 15:53:45.0]
2019-06-13 17:57:28.946 TRACE 81444 --- [    Test worker] o.h.type.descriptor.sql.BasicExtractor   : extracted value ([is_active4_0_] : [BIT]) - [true]
2019-06-13 17:57:28.946 TRACE 81444 --- [    Test worker] o.h.type.descriptor.sql.BasicExtractor   : extracted value ([last_updated5_0_] : [TIMESTAMP]) - [2019-05-24 14:49:50.0]
2019-06-13 17:57:28.946 TRACE 81444 --- [    Test worker] o.h.type.descriptor.sql.BasicExtractor   : extracted value ([last_updator_id6_0_] : [BIGINT]) - [6]
2019-06-13 17:57:28.946 TRACE 81444 --- [    Test worker] o.h.type.descriptor.sql.BasicExtractor   : extracted value ([my_parent_id7_0_] : [BIGINT]) - [null]
2019-06-13 17:57:28.946 TRACE 81444 --- [    Test worker] o.h.type.descriptor.sql.BasicExtractor   : extracted value ([name8_0_] : [VARCHAR]) - [물리학과(학연협동과정)]
2019-06-13 17:57:28.946 TRACE 81444 --- [    Test worker] o.h.type.descriptor.sql.BasicExtractor   : extracted value ([id1_0_] : [BIGINT]) - [526]
2019-06-13 17:57:28.946 TRACE 81444 --- [    Test worker] o.h.type.descriptor.sql.BasicExtractor   : extracted value ([code2_0_] : [VARCHAR]) - [XA164]
2019-06-13 17:57:28.946 TRACE 81444 --- [    Test worker] o.h.type.descriptor.sql.BasicExtractor   : extracted value ([date_created3_0_] : [TIMESTAMP]) - [2019-05-23 15:53:45.0]
2019-06-13 17:57:28.947 TRACE 81444 --- [    Test worker] o.h.type.descriptor.sql.BasicExtractor   : extracted value ([is_active4_0_] : [BIT]) - [true]
2019-06-13 17:57:28.947 TRACE 81444 --- [    Test worker] o.h.type.descriptor.sql.BasicExtractor   : extracted value ([last_updated5_0_] : [TIMESTAMP]) - [2019-05-24 14:49:51.0]
2019-06-13 17:57:28.947 TRACE 81444 --- [    Test worker] o.h.type.descriptor.sql.BasicExtractor   : extracted value ([last_updator_id6_0_] : [BIGINT]) - [6]
2019-06-13 17:57:28.947 TRACE 81444 --- [    Test worker] o.h.type.descriptor.sql.BasicExtractor   : extracted value ([my_parent_id7_0_] : [BIGINT]) - [null]
2019-06-13 17:57:28.947 TRACE 81444 --- [    Test worker] o.h.type.descriptor.sql.BasicExtractor   : extracted value ([name8_0_] : [VARCHAR]) - [플라즈마융합공학과(학연협동과정)]
2019-06-13 17:57:28.947 TRACE 81444 --- [    Test worker] o.h.type.descriptor.sql.BasicExtractor   : extracted value ([id1_0_] : [BIGINT]) - [527]
2019-06-13 17:57:28.947 TRACE 81444 --- [    Test worker] o.h.type.descriptor.sql.BasicExtractor   : extracted value ([code2_0_] : [VARCHAR]) - [XA165]
2019-06-13 17:57:28.947 TRACE 81444 --- [    Test worker] o.h.type.descriptor.sql.BasicExtractor   : extracted value ([date_created3_0_] : [TIMESTAMP]) - [2019-05-23 15:53:46.0]
2019-06-13 17:57:28.947 TRACE 81444 --- [    Test worker] o.h.type.descriptor.sql.BasicExtractor   : extracted value ([is_active4_0_] : [BIT]) - [true]
2019-06-13 17:57:28.947 TRACE 81444 --- [    Test worker] o.h.type.descriptor.sql.BasicExtractor   : extracted value ([last_updated5_0_] : [TIMESTAMP]) - [2019-05-24 14:49:51.0]
2019-06-13 17:57:28.947 TRACE 81444 --- [    Test worker] o.h.type.descriptor.sql.BasicExtractor   : extracted value ([last_updator_id6_0_] : [BIGINT]) - [6]
2019-06-13 17:57:28.947 TRACE 81444 --- [    Test worker] o.h.type.descriptor.sql.BasicExtractor   : extracted value ([my_parent_id7_0_] : [BIGINT]) - [null]
2019-06-13 17:57:28.948 TRACE 81444 --- [    Test worker] o.h.type.descriptor.sql.BasicExtractor   : extracted value ([name8_0_] : [VARCHAR]) - [건설기계공학과(학연협동과정)]
2019-06-13 17:57:28.948 TRACE 81444 --- [    Test worker] o.h.type.descriptor.sql.BasicExtractor   : extracted value ([id1_0_] : [BIGINT]) - [528]
2019-06-13 17:57:28.948 TRACE 81444 --- [    Test worker] o.h.type.descriptor.sql.BasicExtractor   : extracted value ([code2_0_] : [VARCHAR]) - [XA166]
2019-06-13 17:57:28.948 TRACE 81444 --- [    Test worker] o.h.type.descriptor.sql.BasicExtractor   : extracted value ([date_created3_0_] : [TIMESTAMP]) - [2019-05-23 15:53:46.0]
2019-06-13 17:57:28.948 TRACE 81444 --- [    Test worker] o.h.type.descriptor.sql.BasicExtractor   : extracted value ([is_active4_0_] : [BIT]) - [true]
2019-06-13 17:57:28.948 TRACE 81444 --- [    Test worker] o.h.type.descriptor.sql.BasicExtractor   : extracted value ([last_updated5_0_] : [TIMESTAMP]) - [2019-05-24 14:49:51.0]
2019-06-13 17:57:28.948 TRACE 81444 --- [    Test worker] o.h.type.descriptor.sql.BasicExtractor   : extracted value ([last_updator_id6_0_] : [BIGINT]) - [6]
2019-06-13 17:57:28.948 TRACE 81444 --- [    Test worker] o.h.type.descriptor.sql.BasicExtractor   : extracted value ([my_parent_id7_0_] : [BIGINT]) - [null]
2019-06-13 17:57:28.949 TRACE 81444 --- [    Test worker] o.h.type.descriptor.sql.BasicExtractor   : extracted value ([name8_0_] : [VARCHAR]) - [소프트웨어융합공학과]
2019-06-13 17:57:28.949 TRACE 81444 --- [    Test worker] o.h.type.descriptor.sql.BasicExtractor   : extracted value ([id1_0_] : [BIGINT]) - [529]
2019-06-13 17:57:28.949 TRACE 81444 --- [    Test worker] o.h.type.descriptor.sql.BasicExtractor   : extracted value ([code2_0_] : [VARCHAR]) - [XA167]
2019-06-13 17:57:28.949 TRACE 81444 --- [    Test worker] o.h.type.descriptor.sql.BasicExtractor   : extracted value ([date_created3_0_] : [TIMESTAMP]) - [2019-05-23 15:53:46.0]
2019-06-13 17:57:28.949 TRACE 81444 --- [    Test worker] o.h.type.descriptor.sql.BasicExtractor   : extracted value ([is_active4_0_] : [BIT]) - [true]
2019-06-13 17:57:28.949 TRACE 81444 --- [    Test worker] o.h.type.descriptor.sql.BasicExtractor   : extracted value ([last_updated5_0_] : [TIMESTAMP]) - [2019-05-24 14:49:52.0]
2019-06-13 17:57:28.949 TRACE 81444 --- [    Test worker] o.h.type.descriptor.sql.BasicExtractor   : extracted value ([last_updator_id6_0_] : [BIGINT]) - [6]
2019-06-13 17:57:28.949 TRACE 81444 --- [    Test worker] o.h.type.descriptor.sql.BasicExtractor   : extracted value ([my_parent_id7_0_] : [BIGINT]) - [null]
2019-06-13 17:57:28.949 TRACE 81444 --- [    Test worker] o.h.type.descriptor.sql.BasicExtractor   : extracted value ([name8_0_] : [VARCHAR]) - [식품공학과]
2019-06-13 17:57:28.949 TRACE 81444 --- [    Test worker] o.h.type.descriptor.sql.BasicExtractor   : extracted value ([id1_0_] : [BIGINT]) - [530]
2019-06-13 17:57:28.950 TRACE 81444 --- [    Test worker] o.h.type.descriptor.sql.BasicExtractor   : extracted value ([code2_0_] : [VARCHAR]) - [XB000]
2019-06-13 17:57:28.950 TRACE 81444 --- [    Test worker] o.h.type.descriptor.sql.BasicExtractor   : extracted value ([date_created3_0_] : [TIMESTAMP]) - [2019-05-23 15:53:47.0]
2019-06-13 17:57:28.950 TRACE 81444 --- [    Test worker] o.h.type.descriptor.sql.BasicExtractor   : extracted value ([is_active4_0_] : [BIT]) - [true]
2019-06-13 17:57:28.950 TRACE 81444 --- [    Test worker] o.h.type.descriptor.sql.BasicExtractor   : extracted value ([last_updated5_0_] : [TIMESTAMP]) - [2019-05-23 15:53:47.0]
2019-06-13 17:57:28.950 TRACE 81444 --- [    Test worker] o.h.type.descriptor.sql.BasicExtractor   : extracted value ([last_updator_id6_0_] : [BIGINT]) - [6]
2019-06-13 17:57:28.950 TRACE 81444 --- [    Test worker] o.h.type.descriptor.sql.BasicExtractor   : extracted value ([my_parent_id7_0_] : [BIGINT]) - [null]
2019-06-13 17:57:28.950 TRACE 81444 --- [    Test worker] o.h.type.descriptor.sql.BasicExtractor   : extracted value ([name8_0_] : [VARCHAR]) - [대학원(박사)]
2019-06-13 17:57:28.968 TRACE 81444 --- [    Test worker] o.h.type.descriptor.sql.BasicExtractor   : extracted value ([id1_0_] : [BIGINT]) - [531]
2019-06-13 17:57:28.968 TRACE 81444 --- [    Test worker] o.h.type.descriptor.sql.BasicExtractor   : extracted value ([code2_0_] : [VARCHAR]) - [XB201]
2019-06-13 17:57:28.968 TRACE 81444 --- [    Test worker] o.h.type.descriptor.sql.BasicExtractor   : extracted value ([date_created3_0_] : [TIMESTAMP]) - [2019-05-23 15:53:47.0]
2019-06-13 17:57:28.969 TRACE 81444 --- [    Test worker] o.h.type.descriptor.sql.BasicExtractor   : extracted value ([is_active4_0_] : [BIT]) - [true]
2019-06-13 17:57:28.969 TRACE 81444 --- [    Test worker] o.h.type.descriptor.sql.BasicExtractor   : extracted value ([last_updated5_0_] : [TIMESTAMP]) - [2019-05-24 14:49:52.0]
2019-06-13 17:57:28.969 TRACE 81444 --- [    Test worker] o.h.type.descriptor.sql.BasicExtractor   : extracted value ([last_updator_id6_0_] : [BIGINT]) - [6]
2019-06-13 17:57:28.969 TRACE 81444 --- [    Test worker] o.h.type.descriptor.sql.BasicExtractor   : extracted value ([my_parent_id7_0_] : [BIGINT]) - [null]
2019-06-13 17:57:28.969 TRACE 81444 --- [    Test worker] o.h.type.descriptor.sql.BasicExtractor   : extracted value ([name8_0_] : [VARCHAR]) - [해양학과]
2019-06-13 17:57:28.969 TRACE 81444 --- [    Test worker] o.h.type.descriptor.sql.BasicExtractor   : extracted value ([id1_0_] : [BIGINT]) - [532]
2019-06-13 17:57:28.969 TRACE 81444 --- [    Test worker] o.h.type.descriptor.sql.BasicExtractor   : extracted value ([code2_0_] : [VARCHAR]) - [XB202]
2019-06-13 17:57:28.969 TRACE 81444 --- [    Test worker] o.h.type.descriptor.sql.BasicExtractor   : extracted value ([date_created3_0_] : [TIMESTAMP]) - [2019-05-23 15:53:47.0]
2019-06-13 17:57:28.969 TRACE 81444 --- [    Test worker] o.h.type.descriptor.sql.BasicExtractor   : extracted value ([is_active4_0_] : [BIT]) - [true]
2019-06-13 17:57:28.969 TRACE 81444 --- [    Test worker] o.h.type.descriptor.sql.BasicExtractor   : extracted value ([last_updated5_0_] : [TIMESTAMP]) - [2019-05-24 14:49:53.0]
2019-06-13 17:57:28.969 TRACE 81444 --- [    Test worker] o.h.type.descriptor.sql.BasicExtractor   : extracted value ([last_updator_id6_0_] : [BIGINT]) - [6]
2019-06-13 17:57:28.969 TRACE 81444 --- [    Test worker] o.h.type.descriptor.sql.BasicExtractor   : extracted value ([my_parent_id7_0_] : [BIGINT]) - [null]
2019-06-13 17:57:28.969 TRACE 81444 --- [    Test worker] o.h.type.descriptor.sql.BasicExtractor   : extracted value ([name8_0_] : [VARCHAR]) - [수산과학과]
2019-06-13 17:57:28.969 TRACE 81444 --- [    Test worker] o.h.type.descriptor.sql.BasicExtractor   : extracted value ([id1_0_] : [BIGINT]) - [533]
2019-06-13 17:57:28.969 TRACE 81444 --- [    Test worker] o.h.type.descriptor.sql.BasicExtractor   : extracted value ([code2_0_] : [VARCHAR]) - [XB203]
2019-06-13 17:57:28.970 TRACE 81444 --- [    Test worker] o.h.type.descriptor.sql.BasicExtractor   : extracted value ([date_created3_0_] : [TIMESTAMP]) - [2019-05-23 15:53:48.0]
2019-06-13 17:57:28.970 TRACE 81444 --- [    Test worker] o.h.type.descriptor.sql.BasicExtractor   : extracted value ([is_active4_0_] : [BIT]) - [true]
2019-06-13 17:57:28.970 TRACE 81444 --- [    Test worker] o.h.type.descriptor.sql.BasicExtractor   : extracted value ([last_updated5_0_] : [TIMESTAMP]) - [2019-05-24 14:49:58.0]
2019-06-13 17:57:28.970 TRACE 81444 --- [    Test worker] o.h.type.descriptor.sql.BasicExtractor   : extracted value ([last_updator_id6_0_] : [BIGINT]) - [6]
2019-06-13 17:57:28.970 TRACE 81444 --- [    Test worker] o.h.type.descriptor.sql.BasicExtractor   : extracted value ([my_parent_id7_0_] : [BIGINT]) - [null]
2019-06-13 17:57:28.970 TRACE 81444 --- [    Test worker] o.h.type.descriptor.sql.BasicExtractor   : extracted value ([name8_0_] : [VARCHAR]) - [컴퓨터과학과]
2019-06-13 17:57:28.970 TRACE 81444 --- [    Test worker] o.h.type.descriptor.sql.BasicExtractor   : extracted value ([id1_0_] : [BIGINT]) - [534]
2019-06-13 17:57:28.970 TRACE 81444 --- [    Test worker] o.h.type.descriptor.sql.BasicExtractor   : extracted value ([code2_0_] : [VARCHAR]) - [XB204]
2019-06-13 17:57:28.970 TRACE 81444 --- [    Test worker] o.h.type.descriptor.sql.BasicExtractor   : extracted value ([date_created3_0_] : [TIMESTAMP]) - [2019-05-23 15:53:48.0]
2019-06-13 17:57:28.970 TRACE 81444 --- [    Test worker] o.h.type.descriptor.sql.BasicExtractor   : extracted value ([is_active4_0_] : [BIT]) - [true]
2019-06-13 17:57:28.970 TRACE 81444 --- [    Test worker] o.h.type.descriptor.sql.BasicExtractor   : extracted value ([last_updated5_0_] : [TIMESTAMP]) - [2019-05-24 14:49:58.0]
2019-06-13 17:57:28.970 TRACE 81444 --- [    Test worker] o.h.type.descriptor.sql.BasicExtractor   : extracted value ([last_updator_id6_0_] : [BIGINT]) - [6]
2019-06-13 17:57:28.970 TRACE 81444 --- [    Test worker] o.h.type.descriptor.sql.BasicExtractor   : extracted value ([my_parent_id7_0_] : [BIGINT]) - [null]
2019-06-13 17:57:28.971 TRACE 81444 --- [    Test worker] o.h.type.descriptor.sql.BasicExtractor   : extracted value ([name8_0_] : [VARCHAR]) - [화학과]
2019-06-13 17:57:28.971 TRACE 81444 --- [    Test worker] o.h.type.descriptor.sql.BasicExtractor   : extracted value ([id1_0_] : [BIGINT]) - [535]
2019-06-13 17:57:28.971 TRACE 81444 --- [    Test worker] o.h.type.descriptor.sql.BasicExtractor   : extracted value ([code2_0_] : [VARCHAR]) - [XB205]
2019-06-13 17:57:28.971 TRACE 81444 --- [    Test worker] o.h.type.descriptor.sql.BasicExtractor   : extracted value ([date_created3_0_] : [TIMESTAMP]) - [2019-05-23 15:53:48.0]
2019-06-13 17:57:28.971 TRACE 81444 --- [    Test worker] o.h.type.descriptor.sql.BasicExtractor   : extracted value ([is_active4_0_] : [BIT]) - [true]
2019-06-13 17:57:28.971 TRACE 81444 --- [    Test worker] o.h.type.descriptor.sql.BasicExtractor   : extracted value ([last_updated5_0_] : [TIMESTAMP]) - [2019-05-24 14:49:58.0]
2019-06-13 17:57:28.971 TRACE 81444 --- [    Test worker] o.h.type.descriptor.sql.BasicExtractor   : extracted value ([last_updator_id6_0_] : [BIGINT]) - [6]
2019-06-13 17:57:28.971 TRACE 81444 --- [    Test worker] o.h.type.descriptor.sql.BasicExtractor   : extracted value ([my_parent_id7_0_] : [BIGINT]) - [null]
2019-06-13 17:57:28.971 TRACE 81444 --- [    Test worker] o.h.type.descriptor.sql.BasicExtractor   : extracted value ([name8_0_] : [VARCHAR]) - [생물학과]
2019-06-13 17:57:28.972 TRACE 81444 --- [    Test worker] o.h.type.descriptor.sql.BasicExtractor   : extracted value ([id1_0_] : [BIGINT]) - [536]
2019-06-13 17:57:28.972 TRACE 81444 --- [    Test worker] o.h.type.descriptor.sql.BasicExtractor   : extracted value ([code2_0_] : [VARCHAR]) - [XB206]
2019-06-13 17:57:28.972 TRACE 81444 --- [    Test worker] o.h.type.descriptor.sql.BasicExtractor   : extracted value ([date_created3_0_] : [TIMESTAMP]) - [2019-05-23 15:53:49.0]
2019-06-13 17:57:28.972 TRACE 81444 --- [    Test worker] o.h.type.descriptor.sql.BasicExtractor   : extracted value ([is_active4_0_] : [BIT]) - [true]
2019-06-13 17:57:28.972 TRACE 81444 --- [    Test worker] o.h.type.descriptor.sql.BasicExtractor   : extracted value ([last_updated5_0_] : [TIMESTAMP]) - [2019-05-24 14:49:58.0]
2019-06-13 17:57:28.972 TRACE 81444 --- [    Test worker] o.h.type.descriptor.sql.BasicExtractor   : extracted value ([last_updator_id6_0_] : [BIGINT]) - [6]
2019-06-13 17:57:28.972 TRACE 81444 --- [    Test worker] o.h.type.descriptor.sql.BasicExtractor   : extracted value ([my_parent_id7_0_] : [BIGINT]) - [null]
2019-06-13 17:57:28.972 TRACE 81444 --- [    Test worker] o.h.type.descriptor.sql.BasicExtractor   : extracted value ([name8_0_] : [VARCHAR]) - [물리학과]
2019-06-13 17:57:28.972 TRACE 81444 --- [    Test worker] o.h.type.descriptor.sql.BasicExtractor   : extracted value ([id1_0_] : [BIGINT]) - [537]
2019-06-13 17:57:28.972 TRACE 81444 --- [    Test worker] o.h.type.descriptor.sql.BasicExtractor   : extracted value ([code2_0_] : [VARCHAR]) - [XB207]
2019-06-13 17:57:28.972 TRACE 81444 --- [    Test worker] o.h.type.descriptor.sql.BasicExtractor   : extracted value ([date_created3_0_] : [TIMESTAMP]) - [2019-05-23 15:53:49.0]
2019-06-13 17:57:28.972 TRACE 81444 --- [    Test worker] o.h.type.descriptor.sql.BasicExtractor   : extracted value ([is_active4_0_] : [BIT]) - [true]
2019-06-13 17:57:28.972 TRACE 81444 --- [    Test worker] o.h.type.descriptor.sql.BasicExtractor   : extracted value ([last_updated5_0_] : [TIMESTAMP]) - [2019-05-24 14:49:59.0]
2019-06-13 17:57:28.972 TRACE 81444 --- [    Test worker] o.h.type.descriptor.sql.BasicExtractor   : extracted value ([last_updator_id6_0_] : [BIGINT]) - [6]
2019-06-13 17:57:28.972 TRACE 81444 --- [    Test worker] o.h.type.descriptor.sql.BasicExtractor   : extracted value ([my_parent_id7_0_] : [BIGINT]) - [null]
2019-06-13 17:57:28.972 TRACE 81444 --- [    Test worker] o.h.type.descriptor.sql.BasicExtractor   : extracted value ([name8_0_] : [VARCHAR]) - [정보통신공학과]
2019-06-13 17:57:28.972 TRACE 81444 --- [    Test worker] o.h.type.descriptor.sql.BasicExtractor   : extracted value ([id1_0_] : [BIGINT]) - [538]
2019-06-13 17:57:28.973 TRACE 81444 --- [    Test worker] o.h.type.descriptor.sql.BasicExtractor   : extracted value ([code2_0_] : [VARCHAR]) - [XB208]
2019-06-13 17:57:28.973 TRACE 81444 --- [    Test worker] o.h.type.descriptor.sql.BasicExtractor   : extracted value ([date_created3_0_] : [TIMESTAMP]) - [2019-05-23 15:53:49.0]
2019-06-13 17:57:28.973 TRACE 81444 --- [    Test worker] o.h.type.descriptor.sql.BasicExtractor   : extracted value ([is_active4_0_] : [BIT]) - [true]
2019-06-13 17:57:28.973 TRACE 81444 --- [    Test worker] o.h.type.descriptor.sql.BasicExtractor   : extracted value ([last_updated5_0_] : [TIMESTAMP]) - [2019-05-23 15:53:49.0]
2019-06-13 17:57:28.973 TRACE 81444 --- [    Test worker] o.h.type.descriptor.sql.BasicExtractor   : extracted value ([last_updator_id6_0_] : [BIGINT]) - [6]
2019-06-13 17:57:28.973 TRACE 81444 --- [    Test worker] o.h.type.descriptor.sql.BasicExtractor   : extracted value ([my_parent_id7_0_] : [BIGINT]) - [null]
2019-06-13 17:57:28.973 TRACE 81444 --- [    Test worker] o.h.type.descriptor.sql.BasicExtractor   : extracted value ([name8_0_] : [VARCHAR]) - [전기전자제어공학과]
2019-06-13 17:57:28.973 TRACE 81444 --- [    Test worker] o.h.type.descriptor.sql.BasicExtractor   : extracted value ([id1_0_] : [BIGINT]) - [539]
2019-06-13 17:57:28.973 TRACE 81444 --- [    Test worker] o.h.type.descriptor.sql.BasicExtractor   : extracted value ([code2_0_] : [VARCHAR]) - [XB209]
2019-06-13 17:57:28.973 TRACE 81444 --- [    Test worker] o.h.type.descriptor.sql.BasicExtractor   : extracted value ([date_created3_0_] : [TIMESTAMP]) - [2019-05-23 15:53:50.0]
2019-06-13 17:57:28.973 TRACE 81444 --- [    Test worker] o.h.type.descriptor.sql.BasicExtractor   : extracted value ([is_active4_0_] : [BIT]) - [true]
2019-06-13 17:57:28.973 TRACE 81444 --- [    Test worker] o.h.type.descriptor.sql.BasicExtractor   : extracted value ([last_updated5_0_] : [TIMESTAMP]) - [2019-05-24 14:49:59.0]
2019-06-13 17:57:28.974 TRACE 81444 --- [    Test worker] o.h.type.descriptor.sql.BasicExtractor   : extracted value ([last_updator_id6_0_] : [BIGINT]) - [6]
2019-06-13 17:57:28.974 TRACE 81444 --- [    Test worker] o.h.type.descriptor.sql.BasicExtractor   : extracted value ([my_parent_id7_0_] : [BIGINT]) - [null]
2019-06-13 17:57:28.974 TRACE 81444 --- [    Test worker] o.h.type.descriptor.sql.BasicExtractor   : extracted value ([name8_0_] : [VARCHAR]) - [전자정보공학부]
2019-06-13 17:57:28.974 TRACE 81444 --- [    Test worker] o.h.type.descriptor.sql.BasicExtractor   : extracted value ([id1_0_] : [BIGINT]) - [540]
2019-06-13 17:57:28.974 TRACE 81444 --- [    Test worker] o.h.type.descriptor.sql.BasicExtractor   : extracted value ([code2_0_] : [VARCHAR]) - [XB210]
2019-06-13 17:57:28.974 TRACE 81444 --- [    Test worker] o.h.type.descriptor.sql.BasicExtractor   : extracted value ([date_created3_0_] : [TIMESTAMP]) - [2019-05-23 15:53:50.0]
2019-06-13 17:57:28.974 TRACE 81444 --- [    Test worker] o.h.type.descriptor.sql.BasicExtractor   : extracted value ([is_active4_0_] : [BIT]) - [true]
2019-06-13 17:57:28.974 TRACE 81444 --- [    Test worker] o.h.type.descriptor.sql.BasicExtractor   : extracted value ([last_updated5_0_] : [TIMESTAMP]) - [2019-05-24 14:50:00.0]
2019-06-13 17:57:28.974 TRACE 81444 --- [    Test worker] o.h.type.descriptor.sql.BasicExtractor   : extracted value ([last_updator_id6_0_] : [BIGINT]) - [6]
2019-06-13 17:57:28.974 TRACE 81444 --- [    Test worker] o.h.type.descriptor.sql.BasicExtractor   : extracted value ([my_parent_id7_0_] : [BIGINT]) - [null]
2019-06-13 17:57:28.974 TRACE 81444 --- [    Test worker] o.h.type.descriptor.sql.BasicExtractor   : extracted value ([name8_0_] : [VARCHAR]) - [기계공학과]
2019-06-13 17:57:28.994 TRACE 81444 --- [    Test worker] o.h.type.descriptor.sql.BasicExtractor   : extracted value ([id1_0_] : [BIGINT]) - [541]
2019-06-13 17:57:28.994 TRACE 81444 --- [    Test worker] o.h.type.descriptor.sql.BasicExtractor   : extracted value ([code2_0_] : [VARCHAR]) - [XB211]
2019-06-13 17:57:28.994 TRACE 81444 --- [    Test worker] o.h.type.descriptor.sql.BasicExtractor   : extracted value ([date_created3_0_] : [TIMESTAMP]) - [2019-05-23 15:53:50.0]
2019-06-13 17:57:28.994 TRACE 81444 --- [    Test worker] o.h.type.descriptor.sql.BasicExtractor   : extracted value ([is_active4_0_] : [BIT]) - [true]
2019-06-13 17:57:28.994 TRACE 81444 --- [    Test worker] o.h.type.descriptor.sql.BasicExtractor   : extracted value ([last_updated5_0_] : [TIMESTAMP]) - [2019-05-24 14:50:00.0]
2019-06-13 17:57:28.994 TRACE 81444 --- [    Test worker] o.h.type.descriptor.sql.BasicExtractor   : extracted value ([last_updator_id6_0_] : [BIGINT]) - [6]
2019-06-13 17:57:28.994 TRACE 81444 --- [    Test worker] o.h.type.descriptor.sql.BasicExtractor   : extracted value ([my_parent_id7_0_] : [BIGINT]) - [null]
2019-06-13 17:57:28.994 TRACE 81444 --- [    Test worker] o.h.type.descriptor.sql.BasicExtractor   : extracted value ([name8_0_] : [VARCHAR]) - [해양산업공학과]
2019-06-13 17:57:28.994 TRACE 81444 --- [    Test worker] o.h.type.descriptor.sql.BasicExtractor   : extracted value ([id1_0_] : [BIGINT]) - [542]
2019-06-13 17:57:28.994 TRACE 81444 --- [    Test worker] o.h.type.descriptor.sql.BasicExtractor   : extracted value ([code2_0_] : [VARCHAR]) - [XB212]
2019-06-13 17:57:28.994 TRACE 81444 --- [    Test worker] o.h.type.descriptor.sql.BasicExtractor   : extracted value ([date_created3_0_] : [TIMESTAMP]) - [2019-05-23 15:53:51.0]
2019-06-13 17:57:28.994 TRACE 81444 --- [    Test worker] o.h.type.descriptor.sql.BasicExtractor   : extracted value ([is_active4_0_] : [BIT]) - [true]
2019-06-13 17:57:28.994 TRACE 81444 --- [    Test worker] o.h.type.descriptor.sql.BasicExtractor   : extracted value ([last_updated5_0_] : [TIMESTAMP]) - [2019-05-23 15:53:51.0]
2019-06-13 17:57:28.995 TRACE 81444 --- [    Test worker] o.h.type.descriptor.sql.BasicExtractor   : extracted value ([last_updator_id6_0_] : [BIGINT]) - [6]
2019-06-13 17:57:28.995 TRACE 81444 --- [    Test worker] o.h.type.descriptor.sql.BasicExtractor   : extracted value ([my_parent_id7_0_] : [BIGINT]) - [null]
2019-06-13 17:57:28.995 TRACE 81444 --- [    Test worker] o.h.type.descriptor.sql.BasicExtractor   : extracted value ([name8_0_] : [VARCHAR]) - [토목공학과]
2019-06-13 17:57:28.995 TRACE 81444 --- [    Test worker] o.h.type.descriptor.sql.BasicExtractor   : extracted value ([id1_0_] : [BIGINT]) - [543]
2019-06-13 17:57:28.995 TRACE 81444 --- [    Test worker] o.h.type.descriptor.sql.BasicExtractor   : extracted value ([code2_0_] : [VARCHAR]) - [XB213]
2019-06-13 17:57:28.995 TRACE 81444 --- [    Test worker] o.h.type.descriptor.sql.BasicExtractor   : extracted value ([date_created3_0_] : [TIMESTAMP]) - [2019-05-23 15:53:51.0]
2019-06-13 17:57:28.995 TRACE 81444 --- [    Test worker] o.h.type.descriptor.sql.BasicExtractor   : extracted value ([is_active4_0_] : [BIT]) - [true]
2019-06-13 17:57:28.995 TRACE 81444 --- [    Test worker] o.h.type.descriptor.sql.BasicExtractor   : extracted value ([last_updated5_0_] : [TIMESTAMP]) - [2019-05-24 14:50:01.0]
2019-06-13 17:57:28.995 TRACE 81444 --- [    Test worker] o.h.type.descriptor.sql.BasicExtractor   : extracted value ([last_updator_id6_0_] : [BIGINT]) - [6]
2019-06-13 17:57:28.995 TRACE 81444 --- [    Test worker] o.h.type.descriptor.sql.BasicExtractor   : extracted value ([my_parent_id7_0_] : [BIGINT]) - [null]
2019-06-13 17:57:28.995 TRACE 81444 --- [    Test worker] o.h.type.descriptor.sql.BasicExtractor   : extracted value ([name8_0_] : [VARCHAR]) - [영어영문학과]
2019-06-13 17:57:28.996 TRACE 81444 --- [    Test worker] o.h.type.descriptor.sql.BasicExtractor   : extracted value ([id1_0_] : [BIGINT]) - [544]
2019-06-13 17:57:28.996 TRACE 81444 --- [    Test worker] o.h.type.descriptor.sql.BasicExtractor   : extracted value ([code2_0_] : [VARCHAR]) - [XB214]
2019-06-13 17:57:28.996 TRACE 81444 --- [    Test worker] o.h.type.descriptor.sql.BasicExtractor   : extracted value ([date_created3_0_] : [TIMESTAMP]) - [2019-05-23 15:53:51.0]
2019-06-13 17:57:28.996 TRACE 81444 --- [    Test worker] o.h.type.descriptor.sql.BasicExtractor   : extracted value ([is_active4_0_] : [BIT]) - [true]
2019-06-13 17:57:28.996 TRACE 81444 --- [    Test worker] o.h.type.descriptor.sql.BasicExtractor   : extracted value ([last_updated5_0_] : [TIMESTAMP]) - [2019-05-23 15:53:51.0]
2019-06-13 17:57:28.996 TRACE 81444 --- [    Test worker] o.h.type.descriptor.sql.BasicExtractor   : extracted value ([last_updator_id6_0_] : [BIGINT]) - [6]
2019-06-13 17:57:28.996 TRACE 81444 --- [    Test worker] o.h.type.descriptor.sql.BasicExtractor   : extracted value ([my_parent_id7_0_] : [BIGINT]) - [null]
2019-06-13 17:57:28.996 TRACE 81444 --- [    Test worker] o.h.type.descriptor.sql.BasicExtractor   : extracted value ([name8_0_] : [VARCHAR]) - [환경공학과]
2019-06-13 17:57:28.997 TRACE 81444 --- [    Test worker] o.h.type.descriptor.sql.BasicExtractor   : extracted value ([id1_0_] : [BIGINT]) - [545]
2019-06-13 17:57:28.997 TRACE 81444 --- [    Test worker] o.h.type.descriptor.sql.BasicExtractor   : extracted value ([code2_0_] : [VARCHAR]) - [XB215]
2019-06-13 17:57:28.997 TRACE 81444 --- [    Test worker] o.h.type.descriptor.sql.BasicExtractor   : extracted value ([date_created3_0_] : [TIMESTAMP]) - [2019-05-23 15:53:52.0]
2019-06-13 17:57:28.997 TRACE 81444 --- [    Test worker] o.h.type.descriptor.sql.BasicExtractor   : extracted value ([is_active4_0_] : [BIT]) - [true]
2019-06-13 17:57:28.997 TRACE 81444 --- [    Test worker] o.h.type.descriptor.sql.BasicExtractor   : extracted value ([last_updated5_0_] : [TIMESTAMP]) - [2019-05-24 14:50:01.0]
2019-06-13 17:57:28.997 TRACE 81444 --- [    Test worker] o.h.type.descriptor.sql.BasicExtractor   : extracted value ([last_updator_id6_0_] : [BIGINT]) - [6]
2019-06-13 17:57:28.997 TRACE 81444 --- [    Test worker] o.h.type.descriptor.sql.BasicExtractor   : extracted value ([my_parent_id7_0_] : [BIGINT]) - [null]
2019-06-13 17:57:28.997 TRACE 81444 --- [    Test worker] o.h.type.descriptor.sql.BasicExtractor   : extracted value ([name8_0_] : [VARCHAR]) - [체육학과]
2019-06-13 17:57:28.997 TRACE 81444 --- [    Test worker] o.h.type.descriptor.sql.BasicExtractor   : extracted value ([id1_0_] : [BIGINT]) - [546]
2019-06-13 17:57:28.997 TRACE 81444 --- [    Test worker] o.h.type.descriptor.sql.BasicExtractor   : extracted value ([code2_0_] : [VARCHAR]) - [XB216]
2019-06-13 17:57:28.998 TRACE 81444 --- [    Test worker] o.h.type.descriptor.sql.BasicExtractor   : extracted value ([date_created3_0_] : [TIMESTAMP]) - [2019-05-23 15:53:52.0]
2019-06-13 17:57:28.998 TRACE 81444 --- [    Test worker] o.h.type.descriptor.sql.BasicExtractor   : extracted value ([is_active4_0_] : [BIT]) - [true]
2019-06-13 17:57:28.998 TRACE 81444 --- [    Test worker] o.h.type.descriptor.sql.BasicExtractor   : extracted value ([last_updated5_0_] : [TIMESTAMP]) - [2019-05-24 14:50:02.0]
2019-06-13 17:57:28.998 TRACE 81444 --- [    Test worker] o.h.type.descriptor.sql.BasicExtractor   : extracted value ([last_updator_id6_0_] : [BIGINT]) - [6]
2019-06-13 17:57:28.998 TRACE 81444 --- [    Test worker] o.h.type.descriptor.sql.BasicExtractor   : extracted value ([my_parent_id7_0_] : [BIGINT]) - [null]
2019-06-13 17:57:28.998 TRACE 81444 --- [    Test worker] o.h.type.descriptor.sql.BasicExtractor   : extracted value ([name8_0_] : [VARCHAR]) - [국어국문학과]
2019-06-13 17:57:28.998 TRACE 81444 --- [    Test worker] o.h.type.descriptor.sql.BasicExtractor   : extracted value ([id1_0_] : [BIGINT]) - [547]
2019-06-13 17:57:28.998 TRACE 81444 --- [    Test worker] o.h.type.descriptor.sql.BasicExtractor   : extracted value ([code2_0_] : [VARCHAR]) - [XB217]
2019-06-13 17:57:28.998 TRACE 81444 --- [    Test worker] o.h.type.descriptor.sql.BasicExtractor   : extracted value ([date_created3_0_] : [TIMESTAMP]) - [2019-05-23 15:53:52.0]
2019-06-13 17:57:28.998 TRACE 81444 --- [    Test worker] o.h.type.descriptor.sql.BasicExtractor   : extracted value ([is_active4_0_] : [BIT]) - [true]
2019-06-13 17:57:28.998 TRACE 81444 --- [    Test worker] o.h.type.descriptor.sql.BasicExtractor   : extracted value ([last_updated5_0_] : [TIMESTAMP]) - [2019-05-24 14:50:02.0]
2019-06-13 17:57:28.999 TRACE 81444 --- [    Test worker] o.h.type.descriptor.sql.BasicExtractor   : extracted value ([last_updator_id6_0_] : [BIGINT]) - [6]
2019-06-13 17:57:28.999 TRACE 81444 --- [    Test worker] o.h.type.descriptor.sql.BasicExtractor   : extracted value ([my_parent_id7_0_] : [BIGINT]) - [null]
2019-06-13 17:57:28.999 TRACE 81444 --- [    Test worker] o.h.type.descriptor.sql.BasicExtractor   : extracted value ([name8_0_] : [VARCHAR]) - [경영학과]
2019-06-13 17:57:28.999 TRACE 81444 --- [    Test worker] o.h.type.descriptor.sql.BasicExtractor   : extracted value ([id1_0_] : [BIGINT]) - [548]
2019-06-13 17:57:28.999 TRACE 81444 --- [    Test worker] o.h.type.descriptor.sql.BasicExtractor   : extracted value ([code2_0_] : [VARCHAR]) - [XB218]
2019-06-13 17:57:28.999 TRACE 81444 --- [    Test worker] o.h.type.descriptor.sql.BasicExtractor   : extracted value ([date_created3_0_] : [TIMESTAMP]) - [2019-05-23 15:53:53.0]
2019-06-13 17:57:28.999 TRACE 81444 --- [    Test worker] o.h.type.descriptor.sql.BasicExtractor   : extracted value ([is_active4_0_] : [BIT]) - [true]
2019-06-13 17:57:28.999 TRACE 81444 --- [    Test worker] o.h.type.descriptor.sql.BasicExtractor   : extracted value ([last_updated5_0_] : [TIMESTAMP]) - [2019-05-24 14:50:02.0]
2019-06-13 17:57:28.999 TRACE 81444 --- [    Test worker] o.h.type.descriptor.sql.BasicExtractor   : extracted value ([last_updator_id6_0_] : [BIGINT]) - [6]
2019-06-13 17:57:28.999 TRACE 81444 --- [    Test worker] o.h.type.descriptor.sql.BasicExtractor   : extracted value ([my_parent_id7_0_] : [BIGINT]) - [null]
2019-06-13 17:57:28.999 TRACE 81444 --- [    Test worker] o.h.type.descriptor.sql.BasicExtractor   : extracted value ([name8_0_] : [VARCHAR]) - [화학공학과]
2019-06-13 17:57:28.999 TRACE 81444 --- [    Test worker] o.h.type.descriptor.sql.BasicExtractor   : extracted value ([id1_0_] : [BIGINT]) - [549]
2019-06-13 17:57:29.000 TRACE 81444 --- [    Test worker] o.h.type.descriptor.sql.BasicExtractor   : extracted value ([code2_0_] : [VARCHAR]) - [XB219]
2019-06-13 17:57:29.000 TRACE 81444 --- [    Test worker] o.h.type.descriptor.sql.BasicExtractor   : extracted value ([date_created3_0_] : [TIMESTAMP]) - [2019-05-23 15:53:53.0]
2019-06-13 17:57:29.000 TRACE 81444 --- [    Test worker] o.h.type.descriptor.sql.BasicExtractor   : extracted value ([is_active4_0_] : [BIT]) - [true]
2019-06-13 17:57:29.000 TRACE 81444 --- [    Test worker] o.h.type.descriptor.sql.BasicExtractor   : extracted value ([last_updated5_0_] : [TIMESTAMP]) - [2019-05-24 14:50:03.0]
2019-06-13 17:57:29.000 TRACE 81444 --- [    Test worker] o.h.type.descriptor.sql.BasicExtractor   : extracted value ([last_updator_id6_0_] : [BIGINT]) - [6]
2019-06-13 17:57:29.000 TRACE 81444 --- [    Test worker] o.h.type.descriptor.sql.BasicExtractor   : extracted value ([my_parent_id7_0_] : [BIGINT]) - [null]
2019-06-13 17:57:29.000 TRACE 81444 --- [    Test worker] o.h.type.descriptor.sql.BasicExtractor   : extracted value ([name8_0_] : [VARCHAR]) - [건축공학과]
2019-06-13 17:57:29.000 TRACE 81444 --- [    Test worker] o.h.type.descriptor.sql.BasicExtractor   : extracted value ([id1_0_] : [BIGINT]) - [550]
2019-06-13 17:57:29.000 TRACE 81444 --- [    Test worker] o.h.type.descriptor.sql.BasicExtractor   : extracted value ([code2_0_] : [VARCHAR]) - [XB220]
2019-06-13 17:57:29.000 TRACE 81444 --- [    Test worker] o.h.type.descriptor.sql.BasicExtractor   : extracted value ([date_created3_0_] : [TIMESTAMP]) - [2019-05-23 15:53:53.0]
2019-06-13 17:57:29.000 TRACE 81444 --- [    Test worker] o.h.type.descriptor.sql.BasicExtractor   : extracted value ([is_active4_0_] : [BIT]) - [true]
2019-06-13 17:57:29.000 TRACE 81444 --- [    Test worker] o.h.type.descriptor.sql.BasicExtractor   : extracted value ([last_updated5_0_] : [TIMESTAMP]) - [2019-05-24 14:50:03.0]
2019-06-13 17:57:29.000 TRACE 81444 --- [    Test worker] o.h.type.descriptor.sql.BasicExtractor   : extracted value ([last_updator_id6_0_] : [BIGINT]) - [6]
2019-06-13 17:57:29.001 TRACE 81444 --- [    Test worker] o.h.type.descriptor.sql.BasicExtractor   : extracted value ([my_parent_id7_0_] : [BIGINT]) - [null]
2019-06-13 17:57:29.001 TRACE 81444 --- [    Test worker] o.h.type.descriptor.sql.BasicExtractor   : extracted value ([name8_0_] : [VARCHAR]) - [경제통상학과(학과간협동과정)]
2019-06-13 17:57:29.018 TRACE 81444 --- [    Test worker] o.h.type.descriptor.sql.BasicExtractor   : extracted value ([id1_0_] : [BIGINT]) - [551]
2019-06-13 17:57:29.018 TRACE 81444 --- [    Test worker] o.h.type.descriptor.sql.BasicExtractor   : extracted value ([code2_0_] : [VARCHAR]) - [XB221]
2019-06-13 17:57:29.019 TRACE 81444 --- [    Test worker] o.h.type.descriptor.sql.BasicExtractor   : extracted value ([date_created3_0_] : [TIMESTAMP]) - [2019-05-23 15:53:54.0]
2019-06-13 17:57:29.019 TRACE 81444 --- [    Test worker] o.h.type.descriptor.sql.BasicExtractor   : extracted value ([is_active4_0_] : [BIT]) - [true]
2019-06-13 17:57:29.019 TRACE 81444 --- [    Test worker] o.h.type.descriptor.sql.BasicExtractor   : extracted value ([last_updated5_0_] : [TIMESTAMP]) - [2019-05-24 14:50:03.0]
2019-06-13 17:57:29.019 TRACE 81444 --- [    Test worker] o.h.type.descriptor.sql.BasicExtractor   : extracted value ([last_updator_id6_0_] : [BIGINT]) - [6]
2019-06-13 17:57:29.019 TRACE 81444 --- [    Test worker] o.h.type.descriptor.sql.BasicExtractor   : extracted value ([my_parent_id7_0_] : [BIGINT]) - [null]
2019-06-13 17:57:29.019 TRACE 81444 --- [    Test worker] o.h.type.descriptor.sql.BasicExtractor   : extracted value ([name8_0_] : [VARCHAR]) - [사법행정학과(학과간협동과정)]
2019-06-13 17:57:29.019 TRACE 81444 --- [    Test worker] o.h.type.descriptor.sql.BasicExtractor   : extracted value ([id1_0_] : [BIGINT]) - [552]
2019-06-13 17:57:29.019 TRACE 81444 --- [    Test worker] o.h.type.descriptor.sql.BasicExtractor   : extracted value ([code2_0_] : [VARCHAR]) - [XB222]
2019-06-13 17:57:29.019 TRACE 81444 --- [    Test worker] o.h.type.descriptor.sql.BasicExtractor   : extracted value ([date_created3_0_] : [TIMESTAMP]) - [2019-05-23 15:53:54.0]
2019-06-13 17:57:29.020 TRACE 81444 --- [    Test worker] o.h.type.descriptor.sql.BasicExtractor   : extracted value ([is_active4_0_] : [BIT]) - [true]
2019-06-13 17:57:29.020 TRACE 81444 --- [    Test worker] o.h.type.descriptor.sql.BasicExtractor   : extracted value ([last_updated5_0_] : [TIMESTAMP]) - [2019-05-24 14:50:03.0]
2019-06-13 17:57:29.020 TRACE 81444 --- [    Test worker] o.h.type.descriptor.sql.BasicExtractor   : extracted value ([last_updator_id6_0_] : [BIGINT]) - [6]
2019-06-13 17:57:29.020 TRACE 81444 --- [    Test worker] o.h.type.descriptor.sql.BasicExtractor   : extracted value ([my_parent_id7_0_] : [BIGINT]) - [null]
2019-06-13 17:57:29.020 TRACE 81444 --- [    Test worker] o.h.type.descriptor.sql.BasicExtractor   : extracted value ([name8_0_] : [VARCHAR]) - [토목환경공학부]
2019-06-13 17:57:29.020 TRACE 81444 --- [    Test worker] o.h.type.descriptor.sql.BasicExtractor   : extracted value ([id1_0_] : [BIGINT]) - [553]
2019-06-13 17:57:29.020 TRACE 81444 --- [    Test worker] o.h.type.descriptor.sql.BasicExtractor   : extracted value ([code2_0_] : [VARCHAR]) - [XB223]
2019-06-13 17:57:29.020 TRACE 81444 --- [    Test worker] o.h.type.descriptor.sql.BasicExtractor   : extracted value ([date_created3_0_] : [TIMESTAMP]) - [2019-05-23 15:53:54.0]
2019-06-13 17:57:29.020 TRACE 81444 --- [    Test worker] o.h.type.descriptor.sql.BasicExtractor   : extracted value ([is_active4_0_] : [BIT]) - [true]
2019-06-13 17:57:29.021 TRACE 81444 --- [    Test worker] o.h.type.descriptor.sql.BasicExtractor   : extracted value ([last_updated5_0_] : [TIMESTAMP]) - [2019-05-24 14:50:04.0]
2019-06-13 17:57:29.021 TRACE 81444 --- [    Test worker] o.h.type.descriptor.sql.BasicExtractor   : extracted value ([last_updator_id6_0_] : [BIGINT]) - [6]
2019-06-13 17:57:29.021 TRACE 81444 --- [    Test worker] o.h.type.descriptor.sql.BasicExtractor   : extracted value ([my_parent_id7_0_] : [BIGINT]) - [null]
2019-06-13 17:57:29.021 TRACE 81444 --- [    Test worker] o.h.type.descriptor.sql.BasicExtractor   : extracted value ([name8_0_] : [VARCHAR]) - [재료공학과]
2019-06-13 17:57:29.021 TRACE 81444 --- [    Test worker] o.h.type.descriptor.sql.BasicExtractor   : extracted value ([id1_0_] : [BIGINT]) - [554]
2019-06-13 17:57:29.021 TRACE 81444 --- [    Test worker] o.h.type.descriptor.sql.BasicExtractor   : extracted value ([code2_0_] : [VARCHAR]) - [XB224]
2019-06-13 17:57:29.021 TRACE 81444 --- [    Test worker] o.h.type.descriptor.sql.BasicExtractor   : extracted value ([date_created3_0_] : [TIMESTAMP]) - [2019-05-23 15:53:55.0]
2019-06-13 17:57:29.022 TRACE 81444 --- [    Test worker] o.h.type.descriptor.sql.BasicExtractor   : extracted value ([is_active4_0_] : [BIT]) - [true]
2019-06-13 17:57:29.022 TRACE 81444 --- [    Test worker] o.h.type.descriptor.sql.BasicExtractor   : extracted value ([last_updated5_0_] : [TIMESTAMP]) - [2019-05-24 14:50:04.0]
2019-06-13 17:57:29.022 TRACE 81444 --- [    Test worker] o.h.type.descriptor.sql.BasicExtractor   : extracted value ([last_updator_id6_0_] : [BIGINT]) - [6]
2019-06-13 17:57:29.022 TRACE 81444 --- [    Test worker] o.h.type.descriptor.sql.BasicExtractor   : extracted value ([my_parent_id7_0_] : [BIGINT]) - [null]
2019-06-13 17:57:29.022 TRACE 81444 --- [    Test worker] o.h.type.descriptor.sql.BasicExtractor   : extracted value ([name8_0_] : [VARCHAR]) - [컴퓨터정보공학과]
2019-06-13 17:57:29.022 TRACE 81444 --- [    Test worker] o.h.type.descriptor.sql.BasicExtractor   : extracted value ([id1_0_] : [BIGINT]) - [555]
2019-06-13 17:57:29.022 TRACE 81444 --- [    Test worker] o.h.type.descriptor.sql.BasicExtractor   : extracted value ([code2_0_] : [VARCHAR]) - [XB225]
2019-06-13 17:57:29.023 TRACE 81444 --- [    Test worker] o.h.type.descriptor.sql.BasicExtractor   : extracted value ([date_created3_0_] : [TIMESTAMP]) - [2019-05-23 15:53:55.0]
2019-06-13 17:57:29.023 TRACE 81444 --- [    Test worker] o.h.type.descriptor.sql.BasicExtractor   : extracted value ([is_active4_0_] : [BIT]) - [true]
2019-06-13 17:57:29.023 TRACE 81444 --- [    Test worker] o.h.type.descriptor.sql.BasicExtractor   : extracted value ([last_updated5_0_] : [TIMESTAMP]) - [2019-05-24 14:50:04.0]
2019-06-13 17:57:29.023 TRACE 81444 --- [    Test worker] o.h.type.descriptor.sql.BasicExtractor   : extracted value ([last_updator_id6_0_] : [BIGINT]) - [6]
2019-06-13 17:57:29.023 TRACE 81444 --- [    Test worker] o.h.type.descriptor.sql.BasicExtractor   : extracted value ([my_parent_id7_0_] : [BIGINT]) - [null]
2019-06-13 17:57:29.023 TRACE 81444 --- [    Test worker] o.h.type.descriptor.sql.BasicExtractor   : extracted value ([name8_0_] : [VARCHAR]) - [조형예술디자인학과]
2019-06-13 17:57:29.023 TRACE 81444 --- [    Test worker] o.h.type.descriptor.sql.BasicExtractor   : extracted value ([id1_0_] : [BIGINT]) - [556]
2019-06-13 17:57:29.023 TRACE 81444 --- [    Test worker] o.h.type.descriptor.sql.BasicExtractor   : extracted value ([code2_0_] : [VARCHAR]) - [XB226]
2019-06-13 17:57:29.023 TRACE 81444 --- [    Test worker] o.h.type.descriptor.sql.BasicExtractor   : extracted value ([date_created3_0_] : [TIMESTAMP]) - [2019-05-23 15:53:56.0]
2019-06-13 17:57:29.023 TRACE 81444 --- [    Test worker] o.h.type.descriptor.sql.BasicExtractor   : extracted value ([is_active4_0_] : [BIT]) - [true]
2019-06-13 17:57:29.023 TRACE 81444 --- [    Test worker] o.h.type.descriptor.sql.BasicExtractor   : extracted value ([last_updated5_0_] : [TIMESTAMP]) - [2019-05-24 14:50:05.0]
2019-06-13 17:57:29.023 TRACE 81444 --- [    Test worker] o.h.type.descriptor.sql.BasicExtractor   : extracted value ([last_updator_id6_0_] : [BIGINT]) - [6]
2019-06-13 17:57:29.023 TRACE 81444 --- [    Test worker] o.h.type.descriptor.sql.BasicExtractor   : extracted value ([my_parent_id7_0_] : [BIGINT]) - [null]
2019-06-13 17:57:29.023 TRACE 81444 --- [    Test worker] o.h.type.descriptor.sql.BasicExtractor   : extracted value ([name8_0_] : [VARCHAR]) - [중국학과]
2019-06-13 17:57:29.023 TRACE 81444 --- [    Test worker] o.h.type.descriptor.sql.BasicExtractor   : extracted value ([id1_0_] : [BIGINT]) - [557]
2019-06-13 17:57:29.024 TRACE 81444 --- [    Test worker] o.h.type.descriptor.sql.BasicExtractor   : extracted value ([code2_0_] : [VARCHAR]) - [XB227]
2019-06-13 17:57:29.024 TRACE 81444 --- [    Test worker] o.h.type.descriptor.sql.BasicExtractor   : extracted value ([date_created3_0_] : [TIMESTAMP]) - [2019-05-23 15:53:56.0]
2019-06-13 17:57:29.024 TRACE 81444 --- [    Test worker] o.h.type.descriptor.sql.BasicExtractor   : extracted value ([is_active4_0_] : [BIT]) - [true]
2019-06-13 17:57:29.024 TRACE 81444 --- [    Test worker] o.h.type.descriptor.sql.BasicExtractor   : extracted value ([last_updated5_0_] : [TIMESTAMP]) - [2019-05-24 14:50:05.0]
2019-06-13 17:57:29.024 TRACE 81444 --- [    Test worker] o.h.type.descriptor.sql.BasicExtractor   : extracted value ([last_updator_id6_0_] : [BIGINT]) - [6]
2019-06-13 17:57:29.024 TRACE 81444 --- [    Test worker] o.h.type.descriptor.sql.BasicExtractor   : extracted value ([my_parent_id7_0_] : [BIGINT]) - [null]
2019-06-13 17:57:29.024 TRACE 81444 --- [    Test worker] o.h.type.descriptor.sql.BasicExtractor   : extracted value ([name8_0_] : [VARCHAR]) - [회계학과]
2019-06-13 17:57:29.024 TRACE 81444 --- [    Test worker] o.h.type.descriptor.sql.BasicExtractor   : extracted value ([id1_0_] : [BIGINT]) - [558]
2019-06-13 17:57:29.024 TRACE 81444 --- [    Test worker] o.h.type.descriptor.sql.BasicExtractor   : extracted value ([code2_0_] : [VARCHAR]) - [XB228]
2019-06-13 17:57:29.024 TRACE 81444 --- [    Test worker] o.h.type.descriptor.sql.BasicExtractor   : extracted value ([date_created3_0_] : [TIMESTAMP]) - [2019-05-23 15:53:56.0]
2019-06-13 17:57:29.024 TRACE 81444 --- [    Test worker] o.h.type.descriptor.sql.BasicExtractor   : extracted value ([is_active4_0_] : [BIT]) - [true]
2019-06-13 17:57:29.024 TRACE 81444 --- [    Test worker] o.h.type.descriptor.sql.BasicExtractor   : extracted value ([last_updated5_0_] : [TIMESTAMP]) - [2019-05-24 14:50:05.0]
2019-06-13 17:57:29.024 TRACE 81444 --- [    Test worker] o.h.type.descriptor.sql.BasicExtractor   : extracted value ([last_updator_id6_0_] : [BIGINT]) - [6]
2019-06-13 17:57:29.024 TRACE 81444 --- [    Test worker] o.h.type.descriptor.sql.BasicExtractor   : extracted value ([my_parent_id7_0_] : [BIGINT]) - [null]
2019-06-13 17:57:29.024 TRACE 81444 --- [    Test worker] o.h.type.descriptor.sql.BasicExtractor   : extracted value ([name8_0_] : [VARCHAR]) - [유아교육학과]
2019-06-13 17:57:29.024 TRACE 81444 --- [    Test worker] o.h.type.descriptor.sql.BasicExtractor   : extracted value ([id1_0_] : [BIGINT]) - [559]
2019-06-13 17:57:29.024 TRACE 81444 --- [    Test worker] o.h.type.descriptor.sql.BasicExtractor   : extracted value ([code2_0_] : [VARCHAR]) - [XB229]
2019-06-13 17:57:29.024 TRACE 81444 --- [    Test worker] o.h.type.descriptor.sql.BasicExtractor   : extracted value ([date_created3_0_] : [TIMESTAMP]) - [2019-05-23 15:53:57.0]
2019-06-13 17:57:29.024 TRACE 81444 --- [    Test worker] o.h.type.descriptor.sql.BasicExtractor   : extracted value ([is_active4_0_] : [BIT]) - [true]
2019-06-13 17:57:29.025 TRACE 81444 --- [    Test worker] o.h.type.descriptor.sql.BasicExtractor   : extracted value ([last_updated5_0_] : [TIMESTAMP]) - [2019-05-24 14:50:07.0]
2019-06-13 17:57:29.025 TRACE 81444 --- [    Test worker] o.h.type.descriptor.sql.BasicExtractor   : extracted value ([last_updator_id6_0_] : [BIGINT]) - [6]
2019-06-13 17:57:29.025 TRACE 81444 --- [    Test worker] o.h.type.descriptor.sql.BasicExtractor   : extracted value ([my_parent_id7_0_] : [BIGINT]) - [null]
2019-06-13 17:57:29.025 TRACE 81444 --- [    Test worker] o.h.type.descriptor.sql.BasicExtractor   : extracted value ([name8_0_] : [VARCHAR]) - [아동가족학과]
2019-06-13 17:57:29.025 TRACE 81444 --- [    Test worker] o.h.type.descriptor.sql.BasicExtractor   : extracted value ([id1_0_] : [BIGINT]) - [560]
2019-06-13 17:57:29.025 TRACE 81444 --- [    Test worker] o.h.type.descriptor.sql.BasicExtractor   : extracted value ([code2_0_] : [VARCHAR]) - [XB230]
2019-06-13 17:57:29.025 TRACE 81444 --- [    Test worker] o.h.type.descriptor.sql.BasicExtractor   : extracted value ([date_created3_0_] : [TIMESTAMP]) - [2019-05-23 15:53:57.0]
2019-06-13 17:57:29.025 TRACE 81444 --- [    Test worker] o.h.type.descriptor.sql.BasicExtractor   : extracted value ([is_active4_0_] : [BIT]) - [true]
2019-06-13 17:57:29.025 TRACE 81444 --- [    Test worker] o.h.type.descriptor.sql.BasicExtractor   : extracted value ([last_updated5_0_] : [TIMESTAMP]) - [2019-05-24 14:50:08.0]
2019-06-13 17:57:29.025 TRACE 81444 --- [    Test worker] o.h.type.descriptor.sql.BasicExtractor   : extracted value ([last_updator_id6_0_] : [BIGINT]) - [6]
2019-06-13 17:57:29.025 TRACE 81444 --- [    Test worker] o.h.type.descriptor.sql.BasicExtractor   : extracted value ([my_parent_id7_0_] : [BIGINT]) - [null]
2019-06-13 17:57:29.026 TRACE 81444 --- [    Test worker] o.h.type.descriptor.sql.BasicExtractor   : extracted value ([name8_0_] : [VARCHAR]) - [신소재공학과]
2019-06-13 17:57:29.044 TRACE 81444 --- [    Test worker] o.h.type.descriptor.sql.BasicExtractor   : extracted value ([id1_0_] : [BIGINT]) - [561]
2019-06-13 17:57:29.044 TRACE 81444 --- [    Test worker] o.h.type.descriptor.sql.BasicExtractor   : extracted value ([code2_0_] : [VARCHAR]) - [XB231]
2019-06-13 17:57:29.044 TRACE 81444 --- [    Test worker] o.h.type.descriptor.sql.BasicExtractor   : extracted value ([date_created3_0_] : [TIMESTAMP]) - [2019-05-23 15:53:57.0]
2019-06-13 17:57:29.044 TRACE 81444 --- [    Test worker] o.h.type.descriptor.sql.BasicExtractor   : extracted value ([is_active4_0_] : [BIT]) - [true]
2019-06-13 17:57:29.044 TRACE 81444 --- [    Test worker] o.h.type.descriptor.sql.BasicExtractor   : extracted value ([last_updated5_0_] : [TIMESTAMP]) - [2019-05-23 15:53:57.0]
2019-06-13 17:57:29.044 TRACE 81444 --- [    Test worker] o.h.type.descriptor.sql.BasicExtractor   : extracted value ([last_updator_id6_0_] : [BIGINT]) - [6]
2019-06-13 17:57:29.045 TRACE 81444 --- [    Test worker] o.h.type.descriptor.sql.BasicExtractor   : extracted value ([my_parent_id7_0_] : [BIGINT]) - [null]
2019-06-13 17:57:29.045 TRACE 81444 --- [    Test worker] o.h.type.descriptor.sql.BasicExtractor   : extracted value ([name8_0_] : [VARCHAR]) - [플라즈마융합공학과(학연산협동과정)]
2019-06-13 17:57:29.045 TRACE 81444 --- [    Test worker] o.h.type.descriptor.sql.BasicExtractor   : extracted value ([id1_0_] : [BIGINT]) - [562]
2019-06-13 17:57:29.045 TRACE 81444 --- [    Test worker] o.h.type.descriptor.sql.BasicExtractor   : extracted value ([code2_0_] : [VARCHAR]) - [XB232]
2019-06-13 17:57:29.045 TRACE 81444 --- [    Test worker] o.h.type.descriptor.sql.BasicExtractor   : extracted value ([date_created3_0_] : [TIMESTAMP]) - [2019-05-23 15:53:58.0]
2019-06-13 17:57:29.045 TRACE 81444 --- [    Test worker] o.h.type.descriptor.sql.BasicExtractor   : extracted value ([is_active4_0_] : [BIT]) - [true]
2019-06-13 17:57:29.045 TRACE 81444 --- [    Test worker] o.h.type.descriptor.sql.BasicExtractor   : extracted value ([last_updated5_0_] : [TIMESTAMP]) - [2019-05-24 14:50:08.0]
2019-06-13 17:57:29.046 TRACE 81444 --- [    Test worker] o.h.type.descriptor.sql.BasicExtractor   : extracted value ([last_updator_id6_0_] : [BIGINT]) - [6]
2019-06-13 17:57:29.046 TRACE 81444 --- [    Test worker] o.h.type.descriptor.sql.BasicExtractor   : extracted value ([my_parent_id7_0_] : [BIGINT]) - [null]
2019-06-13 17:57:29.046 TRACE 81444 --- [    Test worker] o.h.type.descriptor.sql.BasicExtractor   : extracted value ([name8_0_] : [VARCHAR]) - [조선공학과]
2019-06-13 17:57:29.046 TRACE 81444 --- [    Test worker] o.h.type.descriptor.sql.BasicExtractor   : extracted value ([id1_0_] : [BIGINT]) - [563]
2019-06-13 17:57:29.046 TRACE 81444 --- [    Test worker] o.h.type.descriptor.sql.BasicExtractor   : extracted value ([code2_0_] : [VARCHAR]) - [XB233]
2019-06-13 17:57:29.046 TRACE 81444 --- [    Test worker] o.h.type.descriptor.sql.BasicExtractor   : extracted value ([date_created3_0_] : [TIMESTAMP]) - [2019-05-23 15:53:58.0]
2019-06-13 17:57:29.046 TRACE 81444 --- [    Test worker] o.h.type.descriptor.sql.BasicExtractor   : extracted value ([is_active4_0_] : [BIT]) - [true]
2019-06-13 17:57:29.046 TRACE 81444 --- [    Test worker] o.h.type.descriptor.sql.BasicExtractor   : extracted value ([last_updated5_0_] : [TIMESTAMP]) - [2019-05-24 14:50:09.0]
2019-06-13 17:57:29.046 TRACE 81444 --- [    Test worker] o.h.type.descriptor.sql.BasicExtractor   : extracted value ([last_updator_id6_0_] : [BIGINT]) - [6]
2019-06-13 17:57:29.046 TRACE 81444 --- [    Test worker] o.h.type.descriptor.sql.BasicExtractor   : extracted value ([my_parent_id7_0_] : [BIGINT]) - [null]
2019-06-13 17:57:29.046 TRACE 81444 --- [    Test worker] o.h.type.descriptor.sql.BasicExtractor   : extracted value ([name8_0_] : [VARCHAR]) - [음악과]
2019-06-13 17:57:29.046 TRACE 81444 --- [    Test worker] o.h.type.descriptor.sql.BasicExtractor   : extracted value ([id1_0_] : [BIGINT]) - [564]
2019-06-13 17:57:29.047 TRACE 81444 --- [    Test worker] o.h.type.descriptor.sql.BasicExtractor   : extracted value ([code2_0_] : [VARCHAR]) - [XB234]
2019-06-13 17:57:29.047 TRACE 81444 --- [    Test worker] o.h.type.descriptor.sql.BasicExtractor   : extracted value ([date_created3_0_] : [TIMESTAMP]) - [2019-05-23 15:53:58.0]
2019-06-13 17:57:29.047 TRACE 81444 --- [    Test worker] o.h.type.descriptor.sql.BasicExtractor   : extracted value ([is_active4_0_] : [BIT]) - [true]
2019-06-13 17:57:29.047 TRACE 81444 --- [    Test worker] o.h.type.descriptor.sql.BasicExtractor   : extracted value ([last_updated5_0_] : [TIMESTAMP]) - [2019-05-24 14:50:09.0]
2019-06-13 17:57:29.047 TRACE 81444 --- [    Test worker] o.h.type.descriptor.sql.BasicExtractor   : extracted value ([last_updator_id6_0_] : [BIGINT]) - [6]
2019-06-13 17:57:29.047 TRACE 81444 --- [    Test worker] o.h.type.descriptor.sql.BasicExtractor   : extracted value ([my_parent_id7_0_] : [BIGINT]) - [null]
2019-06-13 17:57:29.047 TRACE 81444 --- [    Test worker] o.h.type.descriptor.sql.BasicExtractor   : extracted value ([name8_0_] : [VARCHAR]) - [다문화학과]
2019-06-13 17:57:29.047 TRACE 81444 --- [    Test worker] o.h.type.descriptor.sql.BasicExtractor   : extracted value ([id1_0_] : [BIGINT]) - [565]
2019-06-13 17:57:29.047 TRACE 81444 --- [    Test worker] o.h.type.descriptor.sql.BasicExtractor   : extracted value ([code2_0_] : [VARCHAR]) - [XB235]
2019-06-13 17:57:29.047 TRACE 81444 --- [    Test worker] o.h.type.descriptor.sql.BasicExtractor   : extracted value ([date_created3_0_] : [TIMESTAMP]) - [2019-05-23 15:53:59.0]
2019-06-13 17:57:29.048 TRACE 81444 --- [    Test worker] o.h.type.descriptor.sql.BasicExtractor   : extracted value ([is_active4_0_] : [BIT]) - [true]
2019-06-13 17:57:29.048 TRACE 81444 --- [    Test worker] o.h.type.descriptor.sql.BasicExtractor   : extracted value ([last_updated5_0_] : [TIMESTAMP]) - [2019-05-24 14:50:09.0]
2019-06-13 17:57:29.048 TRACE 81444 --- [    Test worker] o.h.type.descriptor.sql.BasicExtractor   : extracted value ([last_updator_id6_0_] : [BIGINT]) - [6]
2019-06-13 17:57:29.048 TRACE 81444 --- [    Test worker] o.h.type.descriptor.sql.BasicExtractor   : extracted value ([my_parent_id7_0_] : [BIGINT]) - [null]
2019-06-13 17:57:29.048 TRACE 81444 --- [    Test worker] o.h.type.descriptor.sql.BasicExtractor   : extracted value ([name8_0_] : [VARCHAR]) - [수학과]
2019-06-13 17:57:29.048 TRACE 81444 --- [    Test worker] o.h.type.descriptor.sql.BasicExtractor   : extracted value ([id1_0_] : [BIGINT]) - [566]
2019-06-13 17:57:29.048 TRACE 81444 --- [    Test worker] o.h.type.descriptor.sql.BasicExtractor   : extracted value ([code2_0_] : [VARCHAR]) - [XB236]
2019-06-13 17:57:29.048 TRACE 81444 --- [    Test worker] o.h.type.descriptor.sql.BasicExtractor   : extracted value ([date_created3_0_] : [TIMESTAMP]) - [2019-05-23 15:53:59.0]
2019-06-13 17:57:29.049 TRACE 81444 --- [    Test worker] o.h.type.descriptor.sql.BasicExtractor   : extracted value ([is_active4_0_] : [BIT]) - [true]
2019-06-13 17:57:29.049 TRACE 81444 --- [    Test worker] o.h.type.descriptor.sql.BasicExtractor   : extracted value ([last_updated5_0_] : [TIMESTAMP]) - [2019-05-24 14:50:09.0]
2019-06-13 17:57:29.049 TRACE 81444 --- [    Test worker] o.h.type.descriptor.sql.BasicExtractor   : extracted value ([last_updator_id6_0_] : [BIGINT]) - [6]
2019-06-13 17:57:29.049 TRACE 81444 --- [    Test worker] o.h.type.descriptor.sql.BasicExtractor   : extracted value ([my_parent_id7_0_] : [BIGINT]) - [null]
2019-06-13 17:57:29.049 TRACE 81444 --- [    Test worker] o.h.type.descriptor.sql.BasicExtractor   : extracted value ([name8_0_] : [VARCHAR]) - [건설기계공학과]
2019-06-13 17:57:29.049 TRACE 81444 --- [    Test worker] o.h.type.descriptor.sql.BasicExtractor   : extracted value ([id1_0_] : [BIGINT]) - [567]
2019-06-13 17:57:29.049 TRACE 81444 --- [    Test worker] o.h.type.descriptor.sql.BasicExtractor   : extracted value ([code2_0_] : [VARCHAR]) - [XB237]
2019-06-13 17:57:29.049 TRACE 81444 --- [    Test worker] o.h.type.descriptor.sql.BasicExtractor   : extracted value ([date_created3_0_] : [TIMESTAMP]) - [2019-05-23 15:54:00.0]
2019-06-13 17:57:29.049 TRACE 81444 --- [    Test worker] o.h.type.descriptor.sql.BasicExtractor   : extracted value ([is_active4_0_] : [BIT]) - [true]
2019-06-13 17:57:29.049 TRACE 81444 --- [    Test worker] o.h.type.descriptor.sql.BasicExtractor   : extracted value ([last_updated5_0_] : [TIMESTAMP]) - [2019-05-24 14:50:10.0]
2019-06-13 17:57:29.049 TRACE 81444 --- [    Test worker] o.h.type.descriptor.sql.BasicExtractor   : extracted value ([last_updator_id6_0_] : [BIGINT]) - [6]
2019-06-13 17:57:29.049 TRACE 81444 --- [    Test worker] o.h.type.descriptor.sql.BasicExtractor   : extracted value ([my_parent_id7_0_] : [BIGINT]) - [null]
2019-06-13 17:57:29.049 TRACE 81444 --- [    Test worker] o.h.type.descriptor.sql.BasicExtractor   : extracted value ([name8_0_] : [VARCHAR]) - [지질과학공학과]
2019-06-13 17:57:29.050 TRACE 81444 --- [    Test worker] o.h.type.descriptor.sql.BasicExtractor   : extracted value ([id1_0_] : [BIGINT]) - [568]
2019-06-13 17:57:29.050 TRACE 81444 --- [    Test worker] o.h.type.descriptor.sql.BasicExtractor   : extracted value ([code2_0_] : [VARCHAR]) - [XB238]
2019-06-13 17:57:29.050 TRACE 81444 --- [    Test worker] o.h.type.descriptor.sql.BasicExtractor   : extracted value ([date_created3_0_] : [TIMESTAMP]) - [2019-05-23 15:54:00.0]
2019-06-13 17:57:29.050 TRACE 81444 --- [    Test worker] o.h.type.descriptor.sql.BasicExtractor   : extracted value ([is_active4_0_] : [BIT]) - [true]
2019-06-13 17:57:29.050 TRACE 81444 --- [    Test worker] o.h.type.descriptor.sql.BasicExtractor   : extracted value ([last_updated5_0_] : [TIMESTAMP]) - [2019-05-24 14:50:10.0]
2019-06-13 17:57:29.050 TRACE 81444 --- [    Test worker] o.h.type.descriptor.sql.BasicExtractor   : extracted value ([last_updator_id6_0_] : [BIGINT]) - [6]
2019-06-13 17:57:29.050 TRACE 81444 --- [    Test worker] o.h.type.descriptor.sql.BasicExtractor   : extracted value ([my_parent_id7_0_] : [BIGINT]) - [null]
2019-06-13 17:57:29.050 TRACE 81444 --- [    Test worker] o.h.type.descriptor.sql.BasicExtractor   : extracted value ([name8_0_] : [VARCHAR]) - [플라즈마융합공학과(학연협동과정)]
2019-06-13 17:57:29.050 TRACE 81444 --- [    Test worker] o.h.type.descriptor.sql.BasicExtractor   : extracted value ([id1_0_] : [BIGINT]) - [569]
2019-06-13 17:57:29.051 TRACE 81444 --- [    Test worker] o.h.type.descriptor.sql.BasicExtractor   : extracted value ([code2_0_] : [VARCHAR]) - [XB239]
2019-06-13 17:57:29.051 TRACE 81444 --- [    Test worker] o.h.type.descriptor.sql.BasicExtractor   : extracted value ([date_created3_0_] : [TIMESTAMP]) - [2019-05-23 15:54:00.0]
2019-06-13 17:57:29.051 TRACE 81444 --- [    Test worker] o.h.type.descriptor.sql.BasicExtractor   : extracted value ([is_active4_0_] : [BIT]) - [true]
2019-06-13 17:57:29.051 TRACE 81444 --- [    Test worker] o.h.type.descriptor.sql.BasicExtractor   : extracted value ([last_updated5_0_] : [TIMESTAMP]) - [2019-05-24 14:50:10.0]
2019-06-13 17:57:29.051 TRACE 81444 --- [    Test worker] o.h.type.descriptor.sql.BasicExtractor   : extracted value ([last_updator_id6_0_] : [BIGINT]) - [6]
2019-06-13 17:57:29.051 TRACE 81444 --- [    Test worker] o.h.type.descriptor.sql.BasicExtractor   : extracted value ([my_parent_id7_0_] : [BIGINT]) - [null]
2019-06-13 17:57:29.051 TRACE 81444 --- [    Test worker] o.h.type.descriptor.sql.BasicExtractor   : extracted value ([name8_0_] : [VARCHAR]) - [건설기계공학과(학연협동과정)]
2019-06-13 17:57:29.051 TRACE 81444 --- [    Test worker] o.h.type.descriptor.sql.BasicExtractor   : extracted value ([id1_0_] : [BIGINT]) - [570]
2019-06-13 17:57:29.051 TRACE 81444 --- [    Test worker] o.h.type.descriptor.sql.BasicExtractor   : extracted value ([code2_0_] : [VARCHAR]) - [XB240]
2019-06-13 17:57:29.051 TRACE 81444 --- [    Test worker] o.h.type.descriptor.sql.BasicExtractor   : extracted value ([date_created3_0_] : [TIMESTAMP]) - [2019-05-23 15:54:01.0]
2019-06-13 17:57:29.051 TRACE 81444 --- [    Test worker] o.h.type.descriptor.sql.BasicExtractor   : extracted value ([is_active4_0_] : [BIT]) - [true]
2019-06-13 17:57:29.051 TRACE 81444 --- [    Test worker] o.h.type.descriptor.sql.BasicExtractor   : extracted value ([last_updated5_0_] : [TIMESTAMP]) - [2019-05-24 14:50:11.0]
2019-06-13 17:57:29.051 TRACE 81444 --- [    Test worker] o.h.type.descriptor.sql.BasicExtractor   : extracted value ([last_updator_id6_0_] : [BIGINT]) - [6]
2019-06-13 17:57:29.051 TRACE 81444 --- [    Test worker] o.h.type.descriptor.sql.BasicExtractor   : extracted value ([my_parent_id7_0_] : [BIGINT]) - [null]
2019-06-13 17:57:29.051 TRACE 81444 --- [    Test worker] o.h.type.descriptor.sql.BasicExtractor   : extracted value ([name8_0_] : [VARCHAR]) - [글로벌창업학과]
2019-06-13 17:57:29.068 TRACE 81444 --- [    Test worker] o.h.type.descriptor.sql.BasicExtractor   : extracted value ([id1_0_] : [BIGINT]) - [571]
2019-06-13 17:57:29.068 TRACE 81444 --- [    Test worker] o.h.type.descriptor.sql.BasicExtractor   : extracted value ([code2_0_] : [VARCHAR]) - [XB241]
2019-06-13 17:57:29.069 TRACE 81444 --- [    Test worker] o.h.type.descriptor.sql.BasicExtractor   : extracted value ([date_created3_0_] : [TIMESTAMP]) - [2019-05-23 15:54:01.0]
2019-06-13 17:57:29.069 TRACE 81444 --- [    Test worker] o.h.type.descriptor.sql.BasicExtractor   : extracted value ([is_active4_0_] : [BIT]) - [true]
2019-06-13 17:57:29.069 TRACE 81444 --- [    Test worker] o.h.type.descriptor.sql.BasicExtractor   : extracted value ([last_updated5_0_] : [TIMESTAMP]) - [2019-05-24 14:50:12.0]
2019-06-13 17:57:29.069 TRACE 81444 --- [    Test worker] o.h.type.descriptor.sql.BasicExtractor   : extracted value ([last_updator_id6_0_] : [BIGINT]) - [6]
2019-06-13 17:57:29.069 TRACE 81444 --- [    Test worker] o.h.type.descriptor.sql.BasicExtractor   : extracted value ([my_parent_id7_0_] : [BIGINT]) - [null]
2019-06-13 17:57:29.069 TRACE 81444 --- [    Test worker] o.h.type.descriptor.sql.BasicExtractor   : extracted value ([name8_0_] : [VARCHAR]) - [소프트웨어융합공학과]
2019-06-13 17:57:29.069 TRACE 81444 --- [    Test worker] o.h.type.descriptor.sql.BasicExtractor   : extracted value ([id1_0_] : [BIGINT]) - [572]
2019-06-13 17:57:29.069 TRACE 81444 --- [    Test worker] o.h.type.descriptor.sql.BasicExtractor   : extracted value ([code2_0_] : [VARCHAR]) - [XB242]
2019-06-13 17:57:29.069 TRACE 81444 --- [    Test worker] o.h.type.descriptor.sql.BasicExtractor   : extracted value ([date_created3_0_] : [TIMESTAMP]) - [2019-05-23 15:54:01.0]
2019-06-13 17:57:29.069 TRACE 81444 --- [    Test worker] o.h.type.descriptor.sql.BasicExtractor   : extracted value ([is_active4_0_] : [BIT]) - [true]
2019-06-13 17:57:29.069 TRACE 81444 --- [    Test worker] o.h.type.descriptor.sql.BasicExtractor   : extracted value ([last_updated5_0_] : [TIMESTAMP]) - [2019-05-24 14:50:12.0]
2019-06-13 17:57:29.069 TRACE 81444 --- [    Test worker] o.h.type.descriptor.sql.BasicExtractor   : extracted value ([last_updator_id6_0_] : [BIGINT]) - [6]
2019-06-13 17:57:29.069 TRACE 81444 --- [    Test worker] o.h.type.descriptor.sql.BasicExtractor   : extracted value ([my_parent_id7_0_] : [BIGINT]) - [null]
2019-06-13 17:57:29.070 TRACE 81444 --- [    Test worker] o.h.type.descriptor.sql.BasicExtractor   : extracted value ([name8_0_] : [VARCHAR]) - [식품공학과]
2019-06-13 17:57:29.070 TRACE 81444 --- [    Test worker] o.h.type.descriptor.sql.BasicExtractor   : extracted value ([id1_0_] : [BIGINT]) - [573]
2019-06-13 17:57:29.070 TRACE 81444 --- [    Test worker] o.h.type.descriptor.sql.BasicExtractor   : extracted value ([code2_0_] : [VARCHAR]) - [XB243]
2019-06-13 17:57:29.070 TRACE 81444 --- [    Test worker] o.h.type.descriptor.sql.BasicExtractor   : extracted value ([date_created3_0_] : [TIMESTAMP]) - [2019-05-23 15:54:02.0]
2019-06-13 17:57:29.070 TRACE 81444 --- [    Test worker] o.h.type.descriptor.sql.BasicExtractor   : extracted value ([is_active4_0_] : [BIT]) - [true]
2019-06-13 17:57:29.070 TRACE 81444 --- [    Test worker] o.h.type.descriptor.sql.BasicExtractor   : extracted value ([last_updated5_0_] : [TIMESTAMP]) - [2019-05-24 14:50:12.0]
2019-06-13 17:57:29.070 TRACE 81444 --- [    Test worker] o.h.type.descriptor.sql.BasicExtractor   : extracted value ([last_updator_id6_0_] : [BIGINT]) - [6]
2019-06-13 17:57:29.070 TRACE 81444 --- [    Test worker] o.h.type.descriptor.sql.BasicExtractor   : extracted value ([my_parent_id7_0_] : [BIGINT]) - [null]
2019-06-13 17:57:29.070 TRACE 81444 --- [    Test worker] o.h.type.descriptor.sql.BasicExtractor   : extracted value ([name8_0_] : [VARCHAR]) - [식품영양학과]
2019-06-13 17:57:29.070 TRACE 81444 --- [    Test worker] o.h.type.descriptor.sql.BasicExtractor   : extracted value ([id1_0_] : [BIGINT]) - [574]
2019-06-13 17:57:29.070 TRACE 81444 --- [    Test worker] o.h.type.descriptor.sql.BasicExtractor   : extracted value ([code2_0_] : [VARCHAR]) - [XB244]
2019-06-13 17:57:29.070 TRACE 81444 --- [    Test worker] o.h.type.descriptor.sql.BasicExtractor   : extracted value ([date_created3_0_] : [TIMESTAMP]) - [2019-05-23 15:54:02.0]
2019-06-13 17:57:29.070 TRACE 81444 --- [    Test worker] o.h.type.descriptor.sql.BasicExtractor   : extracted value ([is_active4_0_] : [BIT]) - [true]
2019-06-13 17:57:29.070 TRACE 81444 --- [    Test worker] o.h.type.descriptor.sql.BasicExtractor   : extracted value ([last_updated5_0_] : [TIMESTAMP]) - [2019-05-24 14:50:13.0]
2019-06-13 17:57:29.071 TRACE 81444 --- [    Test worker] o.h.type.descriptor.sql.BasicExtractor   : extracted value ([last_updator_id6_0_] : [BIGINT]) - [6]
2019-06-13 17:57:29.071 TRACE 81444 --- [    Test worker] o.h.type.descriptor.sql.BasicExtractor   : extracted value ([my_parent_id7_0_] : [BIGINT]) - [null]
2019-06-13 17:57:29.071 TRACE 81444 --- [    Test worker] o.h.type.descriptor.sql.BasicExtractor   : extracted value ([name8_0_] : [VARCHAR]) - [물류학과]
2019-06-13 17:57:29.071 TRACE 81444 --- [    Test worker] o.h.type.descriptor.sql.BasicExtractor   : extracted value ([id1_0_] : [BIGINT]) - [575]
2019-06-13 17:57:29.071 TRACE 81444 --- [    Test worker] o.h.type.descriptor.sql.BasicExtractor   : extracted value ([code2_0_] : [VARCHAR]) - [XB245]
2019-06-13 17:57:29.071 TRACE 81444 --- [    Test worker] o.h.type.descriptor.sql.BasicExtractor   : extracted value ([date_created3_0_] : [TIMESTAMP]) - [2019-05-23 15:54:02.0]
2019-06-13 17:57:29.071 TRACE 81444 --- [    Test worker] o.h.type.descriptor.sql.BasicExtractor   : extracted value ([is_active4_0_] : [BIT]) - [true]
2019-06-13 17:57:29.071 TRACE 81444 --- [    Test worker] o.h.type.descriptor.sql.BasicExtractor   : extracted value ([last_updated5_0_] : [TIMESTAMP]) - [2019-05-24 14:50:13.0]
2019-06-13 17:57:29.071 TRACE 81444 --- [    Test worker] o.h.type.descriptor.sql.BasicExtractor   : extracted value ([last_updator_id6_0_] : [BIGINT]) - [6]
2019-06-13 17:57:29.071 TRACE 81444 --- [    Test worker] o.h.type.descriptor.sql.BasicExtractor   : extracted value ([my_parent_id7_0_] : [BIGINT]) - [null]
2019-06-13 17:57:29.072 TRACE 81444 --- [    Test worker] o.h.type.descriptor.sql.BasicExtractor   : extracted value ([name8_0_] : [VARCHAR]) - [해양경찰학과]
2019-06-13 17:57:29.072 TRACE 81444 --- [    Test worker] o.h.type.descriptor.sql.BasicExtractor   : extracted value ([id1_0_] : [BIGINT]) - [576]
2019-06-13 17:57:29.072 TRACE 81444 --- [    Test worker] o.h.type.descriptor.sql.BasicExtractor   : extracted value ([code2_0_] : [VARCHAR]) - [XC000]
2019-06-13 17:57:29.072 TRACE 81444 --- [    Test worker] o.h.type.descriptor.sql.BasicExtractor   : extracted value ([date_created3_0_] : [TIMESTAMP]) - [2019-05-23 15:54:03.0]
2019-06-13 17:57:29.072 TRACE 81444 --- [    Test worker] o.h.type.descriptor.sql.BasicExtractor   : extracted value ([is_active4_0_] : [BIT]) - [true]
2019-06-13 17:57:29.072 TRACE 81444 --- [    Test worker] o.h.type.descriptor.sql.BasicExtractor   : extracted value ([last_updated5_0_] : [TIMESTAMP]) - [2019-05-23 15:54:03.0]
2019-06-13 17:57:29.072 TRACE 81444 --- [    Test worker] o.h.type.descriptor.sql.BasicExtractor   : extracted value ([last_updator_id6_0_] : [BIGINT]) - [6]
2019-06-13 17:57:29.072 TRACE 81444 --- [    Test worker] o.h.type.descriptor.sql.BasicExtractor   : extracted value ([my_parent_id7_0_] : [BIGINT]) - [null]
2019-06-13 17:57:29.072 TRACE 81444 --- [    Test worker] o.h.type.descriptor.sql.BasicExtractor   : extracted value ([name8_0_] : [VARCHAR]) - [산업대학원]
2019-06-13 17:57:29.072 TRACE 81444 --- [    Test worker] o.h.type.descriptor.sql.BasicExtractor   : extracted value ([id1_0_] : [BIGINT]) - [577]
2019-06-13 17:57:29.073 TRACE 81444 --- [    Test worker] o.h.type.descriptor.sql.BasicExtractor   : extracted value ([code2_0_] : [VARCHAR]) - [XC301]
2019-06-13 17:57:29.073 TRACE 81444 --- [    Test worker] o.h.type.descriptor.sql.BasicExtractor   : extracted value ([date_created3_0_] : [TIMESTAMP]) - [2019-05-23 15:54:03.0]
2019-06-13 17:57:29.073 TRACE 81444 --- [    Test worker] o.h.type.descriptor.sql.BasicExtractor   : extracted value ([is_active4_0_] : [BIT]) - [true]
2019-06-13 17:57:29.073 TRACE 81444 --- [    Test worker] o.h.type.descriptor.sql.BasicExtractor   : extracted value ([last_updated5_0_] : [TIMESTAMP]) - [2019-05-24 14:50:14.0]
2019-06-13 17:57:29.073 TRACE 81444 --- [    Test worker] o.h.type.descriptor.sql.BasicExtractor   : extracted value ([last_updator_id6_0_] : [BIGINT]) - [6]
2019-06-13 17:57:29.073 TRACE 81444 --- [    Test worker] o.h.type.descriptor.sql.BasicExtractor   : extracted value ([my_parent_id7_0_] : [BIGINT]) - [null]
2019-06-13 17:57:29.073 TRACE 81444 --- [    Test worker] o.h.type.descriptor.sql.BasicExtractor   : extracted value ([name8_0_] : [VARCHAR]) - [기계공학과]
2019-06-13 17:57:29.073 TRACE 81444 --- [    Test worker] o.h.type.descriptor.sql.BasicExtractor   : extracted value ([id1_0_] : [BIGINT]) - [578]
2019-06-13 17:57:29.073 TRACE 81444 --- [    Test worker] o.h.type.descriptor.sql.BasicExtractor   : extracted value ([code2_0_] : [VARCHAR]) - [XC302]
2019-06-13 17:57:29.073 TRACE 81444 --- [    Test worker] o.h.type.descriptor.sql.BasicExtractor   : extracted value ([date_created3_0_] : [TIMESTAMP]) - [2019-05-23 15:54:04.0]
2019-06-13 17:57:29.073 TRACE 81444 --- [    Test worker] o.h.type.descriptor.sql.BasicExtractor   : extracted value ([is_active4_0_] : [BIT]) - [true]
2019-06-13 17:57:29.074 TRACE 81444 --- [    Test worker] o.h.type.descriptor.sql.BasicExtractor   : extracted value ([last_updated5_0_] : [TIMESTAMP]) - [2019-05-24 14:50:14.0]
2019-06-13 17:57:29.074 TRACE 81444 --- [    Test worker] o.h.type.descriptor.sql.BasicExtractor   : extracted value ([last_updator_id6_0_] : [BIGINT]) - [6]
2019-06-13 17:57:29.074 TRACE 81444 --- [    Test worker] o.h.type.descriptor.sql.BasicExtractor   : extracted value ([my_parent_id7_0_] : [BIGINT]) - [null]
2019-06-13 17:57:29.074 TRACE 81444 --- [    Test worker] o.h.type.descriptor.sql.BasicExtractor   : extracted value ([name8_0_] : [VARCHAR]) - [전기전자제어공학과]
2019-06-13 17:57:29.074 TRACE 81444 --- [    Test worker] o.h.type.descriptor.sql.BasicExtractor   : extracted value ([id1_0_] : [BIGINT]) - [579]
2019-06-13 17:57:29.074 TRACE 81444 --- [    Test worker] o.h.type.descriptor.sql.BasicExtractor   : extracted value ([code2_0_] : [VARCHAR]) - [XC303]
2019-06-13 17:57:29.074 TRACE 81444 --- [    Test worker] o.h.type.descriptor.sql.BasicExtractor   : extracted value ([date_created3_0_] : [TIMESTAMP]) - [2019-05-23 15:54:06.0]
2019-06-13 17:57:29.074 TRACE 81444 --- [    Test worker] o.h.type.descriptor.sql.BasicExtractor   : extracted value ([is_active4_0_] : [BIT]) - [true]
2019-06-13 17:57:29.074 TRACE 81444 --- [    Test worker] o.h.type.descriptor.sql.BasicExtractor   : extracted value ([last_updated5_0_] : [TIMESTAMP]) - [2019-05-24 14:50:14.0]
2019-06-13 17:57:29.074 TRACE 81444 --- [    Test worker] o.h.type.descriptor.sql.BasicExtractor   : extracted value ([last_updator_id6_0_] : [BIGINT]) - [6]
2019-06-13 17:57:29.074 TRACE 81444 --- [    Test worker] o.h.type.descriptor.sql.BasicExtractor   : extracted value ([my_parent_id7_0_] : [BIGINT]) - [null]
2019-06-13 17:57:29.075 TRACE 81444 --- [    Test worker] o.h.type.descriptor.sql.BasicExtractor   : extracted value ([name8_0_] : [VARCHAR]) - [토목환경건축공학과]
2019-06-13 17:57:29.075 TRACE 81444 --- [    Test worker] o.h.type.descriptor.sql.BasicExtractor   : extracted value ([id1_0_] : [BIGINT]) - [580]
2019-06-13 17:57:29.075 TRACE 81444 --- [    Test worker] o.h.type.descriptor.sql.BasicExtractor   : extracted value ([code2_0_] : [VARCHAR]) - [XC304]
2019-06-13 17:57:29.075 TRACE 81444 --- [    Test worker] o.h.type.descriptor.sql.BasicExtractor   : extracted value ([date_created3_0_] : [TIMESTAMP]) - [2019-05-23 15:54:06.0]
2019-06-13 17:57:29.075 TRACE 81444 --- [    Test worker] o.h.type.descriptor.sql.BasicExtractor   : extracted value ([is_active4_0_] : [BIT]) - [true]
2019-06-13 17:57:29.075 TRACE 81444 --- [    Test worker] o.h.type.descriptor.sql.BasicExtractor   : extracted value ([last_updated5_0_] : [TIMESTAMP]) - [2019-05-24 14:50:15.0]
2019-06-13 17:57:29.075 TRACE 81444 --- [    Test worker] o.h.type.descriptor.sql.BasicExtractor   : extracted value ([last_updator_id6_0_] : [BIGINT]) - [6]
2019-06-13 17:57:29.075 TRACE 81444 --- [    Test worker] o.h.type.descriptor.sql.BasicExtractor   : extracted value ([my_parent_id7_0_] : [BIGINT]) - [null]
2019-06-13 17:57:29.075 TRACE 81444 --- [    Test worker] o.h.type.descriptor.sql.BasicExtractor   : extracted value ([name8_0_] : [VARCHAR]) - [정보통신공학과]
2019-06-13 17:57:29.094 TRACE 81444 --- [    Test worker] o.h.type.descriptor.sql.BasicExtractor   : extracted value ([id1_0_] : [BIGINT]) - [581]
2019-06-13 17:57:29.094 TRACE 81444 --- [    Test worker] o.h.type.descriptor.sql.BasicExtractor   : extracted value ([code2_0_] : [VARCHAR]) - [XC305]
2019-06-13 17:57:29.094 TRACE 81444 --- [    Test worker] o.h.type.descriptor.sql.BasicExtractor   : extracted value ([date_created3_0_] : [TIMESTAMP]) - [2019-05-23 15:54:07.0]
2019-06-13 17:57:29.094 TRACE 81444 --- [    Test worker] o.h.type.descriptor.sql.BasicExtractor   : extracted value ([is_active4_0_] : [BIT]) - [true]
2019-06-13 17:57:29.094 TRACE 81444 --- [    Test worker] o.h.type.descriptor.sql.BasicExtractor   : extracted value ([last_updated5_0_] : [TIMESTAMP]) - [2019-05-24 14:50:15.0]
2019-06-13 17:57:29.094 TRACE 81444 --- [    Test worker] o.h.type.descriptor.sql.BasicExtractor   : extracted value ([last_updator_id6_0_] : [BIGINT]) - [6]
2019-06-13 17:57:29.094 TRACE 81444 --- [    Test worker] o.h.type.descriptor.sql.BasicExtractor   : extracted value ([my_parent_id7_0_] : [BIGINT]) - [null]
2019-06-13 17:57:29.094 TRACE 81444 --- [    Test worker] o.h.type.descriptor.sql.BasicExtractor   : extracted value ([name8_0_] : [VARCHAR]) - [해양산업공학과]
2019-06-13 17:57:29.094 TRACE 81444 --- [    Test worker] o.h.type.descriptor.sql.BasicExtractor   : extracted value ([id1_0_] : [BIGINT]) - [582]
2019-06-13 17:57:29.094 TRACE 81444 --- [    Test worker] o.h.type.descriptor.sql.BasicExtractor   : extracted value ([code2_0_] : [VARCHAR]) - [XC306]
2019-06-13 17:57:29.094 TRACE 81444 --- [    Test worker] o.h.type.descriptor.sql.BasicExtractor   : extracted value ([date_created3_0_] : [TIMESTAMP]) - [2019-05-23 15:54:07.0]
2019-06-13 17:57:29.094 TRACE 81444 --- [    Test worker] o.h.type.descriptor.sql.BasicExtractor   : extracted value ([is_active4_0_] : [BIT]) - [true]
2019-06-13 17:57:29.095 TRACE 81444 --- [    Test worker] o.h.type.descriptor.sql.BasicExtractor   : extracted value ([last_updated5_0_] : [TIMESTAMP]) - [2019-05-24 14:50:15.0]
2019-06-13 17:57:29.095 TRACE 81444 --- [    Test worker] o.h.type.descriptor.sql.BasicExtractor   : extracted value ([last_updator_id6_0_] : [BIGINT]) - [6]
2019-06-13 17:57:29.095 TRACE 81444 --- [    Test worker] o.h.type.descriptor.sql.BasicExtractor   : extracted value ([my_parent_id7_0_] : [BIGINT]) - [null]
2019-06-13 17:57:29.095 TRACE 81444 --- [    Test worker] o.h.type.descriptor.sql.BasicExtractor   : extracted value ([name8_0_] : [VARCHAR]) - [컴퓨터과학과]
2019-06-13 17:57:29.095 TRACE 81444 --- [    Test worker] o.h.type.descriptor.sql.BasicExtractor   : extracted value ([id1_0_] : [BIGINT]) - [583]
2019-06-13 17:57:29.095 TRACE 81444 --- [    Test worker] o.h.type.descriptor.sql.BasicExtractor   : extracted value ([code2_0_] : [VARCHAR]) - [XC307]
2019-06-13 17:57:29.095 TRACE 81444 --- [    Test worker] o.h.type.descriptor.sql.BasicExtractor   : extracted value ([date_created3_0_] : [TIMESTAMP]) - [2019-05-23 15:54:07.0]
2019-06-13 17:57:29.095 TRACE 81444 --- [    Test worker] o.h.type.descriptor.sql.BasicExtractor   : extracted value ([is_active4_0_] : [BIT]) - [true]
2019-06-13 17:57:29.095 TRACE 81444 --- [    Test worker] o.h.type.descriptor.sql.BasicExtractor   : extracted value ([last_updated5_0_] : [TIMESTAMP]) - [2019-05-24 14:50:16.0]
2019-06-13 17:57:29.095 TRACE 81444 --- [    Test worker] o.h.type.descriptor.sql.BasicExtractor   : extracted value ([last_updator_id6_0_] : [BIGINT]) - [6]
2019-06-13 17:57:29.095 TRACE 81444 --- [    Test worker] o.h.type.descriptor.sql.BasicExtractor   : extracted value ([my_parent_id7_0_] : [BIGINT]) - [null]
2019-06-13 17:57:29.095 TRACE 81444 --- [    Test worker] o.h.type.descriptor.sql.BasicExtractor   : extracted value ([name8_0_] : [VARCHAR]) - [수산과학과]
2019-06-13 17:57:29.095 TRACE 81444 --- [    Test worker] o.h.type.descriptor.sql.BasicExtractor   : extracted value ([id1_0_] : [BIGINT]) - [584]
2019-06-13 17:57:29.095 TRACE 81444 --- [    Test worker] o.h.type.descriptor.sql.BasicExtractor   : extracted value ([code2_0_] : [VARCHAR]) - [XC308]
2019-06-13 17:57:29.095 TRACE 81444 --- [    Test worker] o.h.type.descriptor.sql.BasicExtractor   : extracted value ([date_created3_0_] : [TIMESTAMP]) - [2019-05-23 15:54:08.0]
2019-06-13 17:57:29.096 TRACE 81444 --- [    Test worker] o.h.type.descriptor.sql.BasicExtractor   : extracted value ([is_active4_0_] : [BIT]) - [true]
2019-06-13 17:57:29.096 TRACE 81444 --- [    Test worker] o.h.type.descriptor.sql.BasicExtractor   : extracted value ([last_updated5_0_] : [TIMESTAMP]) - [2019-05-24 14:50:16.0]
2019-06-13 17:57:29.096 TRACE 81444 --- [    Test worker] o.h.type.descriptor.sql.BasicExtractor   : extracted value ([last_updator_id6_0_] : [BIGINT]) - [6]
2019-06-13 17:57:29.096 TRACE 81444 --- [    Test worker] o.h.type.descriptor.sql.BasicExtractor   : extracted value ([my_parent_id7_0_] : [BIGINT]) - [null]
2019-06-13 17:57:29.096 TRACE 81444 --- [    Test worker] o.h.type.descriptor.sql.BasicExtractor   : extracted value ([name8_0_] : [VARCHAR]) - [환경공학과]
2019-06-13 17:57:29.096 TRACE 81444 --- [    Test worker] o.h.type.descriptor.sql.BasicExtractor   : extracted value ([id1_0_] : [BIGINT]) - [585]
2019-06-13 17:57:29.096 TRACE 81444 --- [    Test worker] o.h.type.descriptor.sql.BasicExtractor   : extracted value ([code2_0_] : [VARCHAR]) - [XC309]
2019-06-13 17:57:29.096 TRACE 81444 --- [    Test worker] o.h.type.descriptor.sql.BasicExtractor   : extracted value ([date_created3_0_] : [TIMESTAMP]) - [2019-05-23 15:54:08.0]
2019-06-13 17:57:29.096 TRACE 81444 --- [    Test worker] o.h.type.descriptor.sql.BasicExtractor   : extracted value ([is_active4_0_] : [BIT]) - [true]
2019-06-13 17:57:29.096 TRACE 81444 --- [    Test worker] o.h.type.descriptor.sql.BasicExtractor   : extracted value ([last_updated5_0_] : [TIMESTAMP]) - [2019-05-24 14:50:16.0]
2019-06-13 17:57:29.096 TRACE 81444 --- [    Test worker] o.h.type.descriptor.sql.BasicExtractor   : extracted value ([last_updator_id6_0_] : [BIGINT]) - [6]
2019-06-13 17:57:29.096 TRACE 81444 --- [    Test worker] o.h.type.descriptor.sql.BasicExtractor   : extracted value ([my_parent_id7_0_] : [BIGINT]) - [null]
2019-06-13 17:57:29.096 TRACE 81444 --- [    Test worker] o.h.type.descriptor.sql.BasicExtractor   : extracted value ([name8_0_] : [VARCHAR]) - [건축공학과]
2019-06-13 17:57:29.097 TRACE 81444 --- [    Test worker] o.h.type.descriptor.sql.BasicExtractor   : extracted value ([id1_0_] : [BIGINT]) - [586]
2019-06-13 17:57:29.097 TRACE 81444 --- [    Test worker] o.h.type.descriptor.sql.BasicExtractor   : extracted value ([code2_0_] : [VARCHAR]) - [XC310]
2019-06-13 17:57:29.097 TRACE 81444 --- [    Test worker] o.h.type.descriptor.sql.BasicExtractor   : extracted value ([date_created3_0_] : [TIMESTAMP]) - [2019-05-23 15:54:08.0]
2019-06-13 17:57:29.097 TRACE 81444 --- [    Test worker] o.h.type.descriptor.sql.BasicExtractor   : extracted value ([is_active4_0_] : [BIT]) - [true]
2019-06-13 17:57:29.097 TRACE 81444 --- [    Test worker] o.h.type.descriptor.sql.BasicExtractor   : extracted value ([last_updated5_0_] : [TIMESTAMP]) - [2019-05-24 14:50:16.0]
2019-06-13 17:57:29.097 TRACE 81444 --- [    Test worker] o.h.type.descriptor.sql.BasicExtractor   : extracted value ([last_updator_id6_0_] : [BIGINT]) - [6]
2019-06-13 17:57:29.097 TRACE 81444 --- [    Test worker] o.h.type.descriptor.sql.BasicExtractor   : extracted value ([my_parent_id7_0_] : [BIGINT]) - [null]
2019-06-13 17:57:29.097 TRACE 81444 --- [    Test worker] o.h.type.descriptor.sql.BasicExtractor   : extracted value ([name8_0_] : [VARCHAR]) - [토목공학과]
2019-06-13 17:57:29.097 TRACE 81444 --- [    Test worker] o.h.type.descriptor.sql.BasicExtractor   : extracted value ([id1_0_] : [BIGINT]) - [587]
2019-06-13 17:57:29.098 TRACE 81444 --- [    Test worker] o.h.type.descriptor.sql.BasicExtractor   : extracted value ([code2_0_] : [VARCHAR]) - [XC311]
2019-06-13 17:57:29.098 TRACE 81444 --- [    Test worker] o.h.type.descriptor.sql.BasicExtractor   : extracted value ([date_created3_0_] : [TIMESTAMP]) - [2019-05-23 15:54:09.0]
2019-06-13 17:57:29.098 TRACE 81444 --- [    Test worker] o.h.type.descriptor.sql.BasicExtractor   : extracted value ([is_active4_0_] : [BIT]) - [true]
2019-06-13 17:57:29.098 TRACE 81444 --- [    Test worker] o.h.type.descriptor.sql.BasicExtractor   : extracted value ([last_updated5_0_] : [TIMESTAMP]) - [2019-05-24 14:50:17.0]
2019-06-13 17:57:29.098 TRACE 81444 --- [    Test worker] o.h.type.descriptor.sql.BasicExtractor   : extracted value ([last_updator_id6_0_] : [BIGINT]) - [6]
2019-06-13 17:57:29.098 TRACE 81444 --- [    Test worker] o.h.type.descriptor.sql.BasicExtractor   : extracted value ([my_parent_id7_0_] : [BIGINT]) - [null]
2019-06-13 17:57:29.098 TRACE 81444 --- [    Test worker] o.h.type.descriptor.sql.BasicExtractor   : extracted value ([name8_0_] : [VARCHAR]) - [식품영양학과]
2019-06-13 17:57:29.098 TRACE 81444 --- [    Test worker] o.h.type.descriptor.sql.BasicExtractor   : extracted value ([id1_0_] : [BIGINT]) - [588]
2019-06-13 17:57:29.098 TRACE 81444 --- [    Test worker] o.h.type.descriptor.sql.BasicExtractor   : extracted value ([code2_0_] : [VARCHAR]) - [XC312]
2019-06-13 17:57:29.098 TRACE 81444 --- [    Test worker] o.h.type.descriptor.sql.BasicExtractor   : extracted value ([date_created3_0_] : [TIMESTAMP]) - [2019-05-23 15:54:13.0]
2019-06-13 17:57:29.098 TRACE 81444 --- [    Test worker] o.h.type.descriptor.sql.BasicExtractor   : extracted value ([is_active4_0_] : [BIT]) - [true]
2019-06-13 17:57:29.098 TRACE 81444 --- [    Test worker] o.h.type.descriptor.sql.BasicExtractor   : extracted value ([last_updated5_0_] : [TIMESTAMP]) - [2019-05-24 14:50:17.0]
2019-06-13 17:57:29.098 TRACE 81444 --- [    Test worker] o.h.type.descriptor.sql.BasicExtractor   : extracted value ([last_updator_id6_0_] : [BIGINT]) - [6]
2019-06-13 17:57:29.098 TRACE 81444 --- [    Test worker] o.h.type.descriptor.sql.BasicExtractor   : extracted value ([my_parent_id7_0_] : [BIGINT]) - [null]
2019-06-13 17:57:29.098 TRACE 81444 --- [    Test worker] o.h.type.descriptor.sql.BasicExtractor   : extracted value ([name8_0_] : [VARCHAR]) - [화학공학과]
2019-06-13 17:57:29.099 TRACE 81444 --- [    Test worker] o.h.type.descriptor.sql.BasicExtractor   : extracted value ([id1_0_] : [BIGINT]) - [589]
2019-06-13 17:57:29.099 TRACE 81444 --- [    Test worker] o.h.type.descriptor.sql.BasicExtractor   : extracted value ([code2_0_] : [VARCHAR]) - [XC313]
2019-06-13 17:57:29.099 TRACE 81444 --- [    Test worker] o.h.type.descriptor.sql.BasicExtractor   : extracted value ([date_created3_0_] : [TIMESTAMP]) - [2019-05-23 15:54:13.0]
2019-06-13 17:57:29.099 TRACE 81444 --- [    Test worker] o.h.type.descriptor.sql.BasicExtractor   : extracted value ([is_active4_0_] : [BIT]) - [true]
2019-06-13 17:57:29.099 TRACE 81444 --- [    Test worker] o.h.type.descriptor.sql.BasicExtractor   : extracted value ([last_updated5_0_] : [TIMESTAMP]) - [2019-05-24 14:50:17.0]
2019-06-13 17:57:29.099 TRACE 81444 --- [    Test worker] o.h.type.descriptor.sql.BasicExtractor   : extracted value ([last_updator_id6_0_] : [BIGINT]) - [6]
2019-06-13 17:57:29.099 TRACE 81444 --- [    Test worker] o.h.type.descriptor.sql.BasicExtractor   : extracted value ([my_parent_id7_0_] : [BIGINT]) - [null]
2019-06-13 17:57:29.099 TRACE 81444 --- [    Test worker] o.h.type.descriptor.sql.BasicExtractor   : extracted value ([name8_0_] : [VARCHAR]) - [정보통계학과]
2019-06-13 17:57:29.099 TRACE 81444 --- [    Test worker] o.h.type.descriptor.sql.BasicExtractor   : extracted value ([id1_0_] : [BIGINT]) - [590]
2019-06-13 17:57:29.099 TRACE 81444 --- [    Test worker] o.h.type.descriptor.sql.BasicExtractor   : extracted value ([code2_0_] : [VARCHAR]) - [XC314]
2019-06-13 17:57:29.099 TRACE 81444 --- [    Test worker] o.h.type.descriptor.sql.BasicExtractor   : extracted value ([date_created3_0_] : [TIMESTAMP]) - [2019-05-23 15:54:13.0]
2019-06-13 17:57:29.100 TRACE 81444 --- [    Test worker] o.h.type.descriptor.sql.BasicExtractor   : extracted value ([is_active4_0_] : [BIT]) - [true]
2019-06-13 17:57:29.100 TRACE 81444 --- [    Test worker] o.h.type.descriptor.sql.BasicExtractor   : extracted value ([last_updated5_0_] : [TIMESTAMP]) - [2019-05-24 14:50:18.0]
2019-06-13 17:57:29.100 TRACE 81444 --- [    Test worker] o.h.type.descriptor.sql.BasicExtractor   : extracted value ([last_updator_id6_0_] : [BIGINT]) - [6]
2019-06-13 17:57:29.100 TRACE 81444 --- [    Test worker] o.h.type.descriptor.sql.BasicExtractor   : extracted value ([my_parent_id7_0_] : [BIGINT]) - [null]
2019-06-13 17:57:29.100 TRACE 81444 --- [    Test worker] o.h.type.descriptor.sql.BasicExtractor   : extracted value ([name8_0_] : [VARCHAR]) - [컴퓨터정보공학과]
2019-06-13 17:57:29.118 TRACE 81444 --- [    Test worker] o.h.type.descriptor.sql.BasicExtractor   : extracted value ([id1_0_] : [BIGINT]) - [591]
2019-06-13 17:57:29.119 TRACE 81444 --- [    Test worker] o.h.type.descriptor.sql.BasicExtractor   : extracted value ([code2_0_] : [VARCHAR]) - [XC315]
2019-06-13 17:57:29.119 TRACE 81444 --- [    Test worker] o.h.type.descriptor.sql.BasicExtractor   : extracted value ([date_created3_0_] : [TIMESTAMP]) - [2019-05-23 15:54:14.0]
2019-06-13 17:57:29.119 TRACE 81444 --- [    Test worker] o.h.type.descriptor.sql.BasicExtractor   : extracted value ([is_active4_0_] : [BIT]) - [true]
2019-06-13 17:57:29.119 TRACE 81444 --- [    Test worker] o.h.type.descriptor.sql.BasicExtractor   : extracted value ([last_updated5_0_] : [TIMESTAMP]) - [2019-05-24 14:50:18.0]
2019-06-13 17:57:29.119 TRACE 81444 --- [    Test worker] o.h.type.descriptor.sql.BasicExtractor   : extracted value ([last_updator_id6_0_] : [BIGINT]) - [6]
2019-06-13 17:57:29.119 TRACE 81444 --- [    Test worker] o.h.type.descriptor.sql.BasicExtractor   : extracted value ([my_parent_id7_0_] : [BIGINT]) - [null]
2019-06-13 17:57:29.119 TRACE 81444 --- [    Test worker] o.h.type.descriptor.sql.BasicExtractor   : extracted value ([name8_0_] : [VARCHAR]) - [해양경찰학과]
2019-06-13 17:57:29.120 TRACE 81444 --- [    Test worker] o.h.type.descriptor.sql.BasicExtractor   : extracted value ([id1_0_] : [BIGINT]) - [592]
2019-06-13 17:57:29.120 TRACE 81444 --- [    Test worker] o.h.type.descriptor.sql.BasicExtractor   : extracted value ([code2_0_] : [VARCHAR]) - [XC316]
2019-06-13 17:57:29.120 TRACE 81444 --- [    Test worker] o.h.type.descriptor.sql.BasicExtractor   : extracted value ([date_created3_0_] : [TIMESTAMP]) - [2019-05-23 15:54:14.0]
2019-06-13 17:57:29.120 TRACE 81444 --- [    Test worker] o.h.type.descriptor.sql.BasicExtractor   : extracted value ([is_active4_0_] : [BIT]) - [true]
2019-06-13 17:57:29.120 TRACE 81444 --- [    Test worker] o.h.type.descriptor.sql.BasicExtractor   : extracted value ([last_updated5_0_] : [TIMESTAMP]) - [2019-05-24 14:50:18.0]
2019-06-13 17:57:29.120 TRACE 81444 --- [    Test worker] o.h.type.descriptor.sql.BasicExtractor   : extracted value ([last_updator_id6_0_] : [BIGINT]) - [6]
2019-06-13 17:57:29.120 TRACE 81444 --- [    Test worker] o.h.type.descriptor.sql.BasicExtractor   : extracted value ([my_parent_id7_0_] : [BIGINT]) - [null]
2019-06-13 17:57:29.120 TRACE 81444 --- [    Test worker] o.h.type.descriptor.sql.BasicExtractor   : extracted value ([name8_0_] : [VARCHAR]) - [글로벌뷰티산업학과]
2019-06-13 17:57:29.120 TRACE 81444 --- [    Test worker] o.h.type.descriptor.sql.BasicExtractor   : extracted value ([id1_0_] : [BIGINT]) - [593]
2019-06-13 17:57:29.121 TRACE 81444 --- [    Test worker] o.h.type.descriptor.sql.BasicExtractor   : extracted value ([code2_0_] : [VARCHAR]) - [XD000]
2019-06-13 17:57:29.121 TRACE 81444 --- [    Test worker] o.h.type.descriptor.sql.BasicExtractor   : extracted value ([date_created3_0_] : [TIMESTAMP]) - [2019-05-23 15:54:14.0]
2019-06-13 17:57:29.121 TRACE 81444 --- [    Test worker] o.h.type.descriptor.sql.BasicExtractor   : extracted value ([is_active4_0_] : [BIT]) - [true]
2019-06-13 17:57:29.121 TRACE 81444 --- [    Test worker] o.h.type.descriptor.sql.BasicExtractor   : extracted value ([last_updated5_0_] : [TIMESTAMP]) - [2019-05-23 15:54:14.0]
2019-06-13 17:57:29.121 TRACE 81444 --- [    Test worker] o.h.type.descriptor.sql.BasicExtractor   : extracted value ([last_updator_id6_0_] : [BIGINT]) - [6]
2019-06-13 17:57:29.121 TRACE 81444 --- [    Test worker] o.h.type.descriptor.sql.BasicExtractor   : extracted value ([my_parent_id7_0_] : [BIGINT]) - [null]
2019-06-13 17:57:29.121 TRACE 81444 --- [    Test worker] o.h.type.descriptor.sql.BasicExtractor   : extracted value ([name8_0_] : [VARCHAR]) - [경영행정대학원]
2019-06-13 17:57:29.121 TRACE 81444 --- [    Test worker] o.h.type.descriptor.sql.BasicExtractor   : extracted value ([id1_0_] : [BIGINT]) - [594]
2019-06-13 17:57:29.121 TRACE 81444 --- [    Test worker] o.h.type.descriptor.sql.BasicExtractor   : extracted value ([code2_0_] : [VARCHAR]) - [XD501]
2019-06-13 17:57:29.122 TRACE 81444 --- [    Test worker] o.h.type.descriptor.sql.BasicExtractor   : extracted value ([date_created3_0_] : [TIMESTAMP]) - [2019-05-23 15:54:14.0]
2019-06-13 17:57:29.122 TRACE 81444 --- [    Test worker] o.h.type.descriptor.sql.BasicExtractor   : extracted value ([is_active4_0_] : [BIT]) - [true]
2019-06-13 17:57:29.122 TRACE 81444 --- [    Test worker] o.h.type.descriptor.sql.BasicExtractor   : extracted value ([last_updated5_0_] : [TIMESTAMP]) - [2019-05-24 14:50:19.0]
2019-06-13 17:57:29.122 TRACE 81444 --- [    Test worker] o.h.type.descriptor.sql.BasicExtractor   : extracted value ([last_updator_id6_0_] : [BIGINT]) - [6]
2019-06-13 17:57:29.122 TRACE 81444 --- [    Test worker] o.h.type.descriptor.sql.BasicExtractor   : extracted value ([my_parent_id7_0_] : [BIGINT]) - [null]
2019-06-13 17:57:29.122 TRACE 81444 --- [    Test worker] o.h.type.descriptor.sql.BasicExtractor   : extracted value ([name8_0_] : [VARCHAR]) - [행정학과]
2019-06-13 17:57:29.122 TRACE 81444 --- [    Test worker] o.h.type.descriptor.sql.BasicExtractor   : extracted value ([id1_0_] : [BIGINT]) - [595]
2019-06-13 17:57:29.122 TRACE 81444 --- [    Test worker] o.h.type.descriptor.sql.BasicExtractor   : extracted value ([code2_0_] : [VARCHAR]) - [XD502]
2019-06-13 17:57:29.122 TRACE 81444 --- [    Test worker] o.h.type.descriptor.sql.BasicExtractor   : extracted value ([date_created3_0_] : [TIMESTAMP]) - [2019-05-23 15:54:15.0]
2019-06-13 17:57:29.122 TRACE 81444 --- [    Test worker] o.h.type.descriptor.sql.BasicExtractor   : extracted value ([is_active4_0_] : [BIT]) - [true]
2019-06-13 17:57:29.123 TRACE 81444 --- [    Test worker] o.h.type.descriptor.sql.BasicExtractor   : extracted value ([last_updated5_0_] : [TIMESTAMP]) - [2019-05-24 14:50:19.0]
2019-06-13 17:57:29.123 TRACE 81444 --- [    Test worker] o.h.type.descriptor.sql.BasicExtractor   : extracted value ([last_updator_id6_0_] : [BIGINT]) - [6]
2019-06-13 17:57:29.123 TRACE 81444 --- [    Test worker] o.h.type.descriptor.sql.BasicExtractor   : extracted value ([my_parent_id7_0_] : [BIGINT]) - [null]
2019-06-13 17:57:29.123 TRACE 81444 --- [    Test worker] o.h.type.descriptor.sql.BasicExtractor   : extracted value ([name8_0_] : [VARCHAR]) - [경영학과]
2019-06-13 17:57:29.123 TRACE 81444 --- [    Test worker] o.h.type.descriptor.sql.BasicExtractor   : extracted value ([id1_0_] : [BIGINT]) - [596]
2019-06-13 17:57:29.123 TRACE 81444 --- [    Test worker] o.h.type.descriptor.sql.BasicExtractor   : extracted value ([code2_0_] : [VARCHAR]) - [XD503]
2019-06-13 17:57:29.123 TRACE 81444 --- [    Test worker] o.h.type.descriptor.sql.BasicExtractor   : extracted value ([date_created3_0_] : [TIMESTAMP]) - [2019-05-23 15:54:15.0]
2019-06-13 17:57:29.123 TRACE 81444 --- [    Test worker] o.h.type.descriptor.sql.BasicExtractor   : extracted value ([is_active4_0_] : [BIT]) - [true]
2019-06-13 17:57:29.123 TRACE 81444 --- [    Test worker] o.h.type.descriptor.sql.BasicExtractor   : extracted value ([last_updated5_0_] : [TIMESTAMP]) - [2019-05-24 14:50:19.0]
2019-06-13 17:57:29.123 TRACE 81444 --- [    Test worker] o.h.type.descriptor.sql.BasicExtractor   : extracted value ([last_updator_id6_0_] : [BIGINT]) - [6]
2019-06-13 17:57:29.124 TRACE 81444 --- [    Test worker] o.h.type.descriptor.sql.BasicExtractor   : extracted value ([my_parent_id7_0_] : [BIGINT]) - [null]
2019-06-13 17:57:29.124 TRACE 81444 --- [    Test worker] o.h.type.descriptor.sql.BasicExtractor   : extracted value ([name8_0_] : [VARCHAR]) - [무역학과]
2019-06-13 17:57:29.124 TRACE 81444 --- [    Test worker] o.h.type.descriptor.sql.BasicExtractor   : extracted value ([id1_0_] : [BIGINT]) - [597]
2019-06-13 17:57:29.124 TRACE 81444 --- [    Test worker] o.h.type.descriptor.sql.BasicExtractor   : extracted value ([code2_0_] : [VARCHAR]) - [XD504]
2019-06-13 17:57:29.124 TRACE 81444 --- [    Test worker] o.h.type.descriptor.sql.BasicExtractor   : extracted value ([date_created3_0_] : [TIMESTAMP]) - [2019-05-23 15:54:16.0]
2019-06-13 17:57:29.124 TRACE 81444 --- [    Test worker] o.h.type.descriptor.sql.BasicExtractor   : extracted value ([is_active4_0_] : [BIT]) - [true]
2019-06-13 17:57:29.124 TRACE 81444 --- [    Test worker] o.h.type.descriptor.sql.BasicExtractor   : extracted value ([last_updated5_0_] : [TIMESTAMP]) - [2019-05-24 14:50:20.0]
2019-06-13 17:57:29.124 TRACE 81444 --- [    Test worker] o.h.type.descriptor.sql.BasicExtractor   : extracted value ([last_updator_id6_0_] : [BIGINT]) - [6]
2019-06-13 17:57:29.124 TRACE 81444 --- [    Test worker] o.h.type.descriptor.sql.BasicExtractor   : extracted value ([my_parent_id7_0_] : [BIGINT]) - [null]
2019-06-13 17:57:29.124 TRACE 81444 --- [    Test worker] o.h.type.descriptor.sql.BasicExtractor   : extracted value ([name8_0_] : [VARCHAR]) - [지역경제학과]
2019-06-13 17:57:29.125 TRACE 81444 --- [    Test worker] o.h.type.descriptor.sql.BasicExtractor   : extracted value ([id1_0_] : [BIGINT]) - [598]
2019-06-13 17:57:29.125 TRACE 81444 --- [    Test worker] o.h.type.descriptor.sql.BasicExtractor   : extracted value ([code2_0_] : [VARCHAR]) - [XD505]
2019-06-13 17:57:29.125 TRACE 81444 --- [    Test worker] o.h.type.descriptor.sql.BasicExtractor   : extracted value ([date_created3_0_] : [TIMESTAMP]) - [2019-05-23 15:54:16.0]
2019-06-13 17:57:29.125 TRACE 81444 --- [    Test worker] o.h.type.descriptor.sql.BasicExtractor   : extracted value ([is_active4_0_] : [BIT]) - [true]
2019-06-13 17:57:29.125 TRACE 81444 --- [    Test worker] o.h.type.descriptor.sql.BasicExtractor   : extracted value ([last_updated5_0_] : [TIMESTAMP]) - [2019-05-24 14:50:20.0]
2019-06-13 17:57:29.125 TRACE 81444 --- [    Test worker] o.h.type.descriptor.sql.BasicExtractor   : extracted value ([last_updator_id6_0_] : [BIGINT]) - [6]
2019-06-13 17:57:29.125 TRACE 81444 --- [    Test worker] o.h.type.descriptor.sql.BasicExtractor   : extracted value ([my_parent_id7_0_] : [BIGINT]) - [null]
2019-06-13 17:57:29.125 TRACE 81444 --- [    Test worker] o.h.type.descriptor.sql.BasicExtractor   : extracted value ([name8_0_] : [VARCHAR]) - [사법행정학과]
2019-06-13 17:57:29.125 TRACE 81444 --- [    Test worker] o.h.type.descriptor.sql.BasicExtractor   : extracted value ([id1_0_] : [BIGINT]) - [599]
2019-06-13 17:57:29.125 TRACE 81444 --- [    Test worker] o.h.type.descriptor.sql.BasicExtractor   : extracted value ([code2_0_] : [VARCHAR]) - [XD506]
2019-06-13 17:57:29.126 TRACE 81444 --- [    Test worker] o.h.type.descriptor.sql.BasicExtractor   : extracted value ([date_created3_0_] : [TIMESTAMP]) - [2019-05-23 15:54:16.0]
2019-06-13 17:57:29.126 TRACE 81444 --- [    Test worker] o.h.type.descriptor.sql.BasicExtractor   : extracted value ([is_active4_0_] : [BIT]) - [true]
2019-06-13 17:57:29.126 TRACE 81444 --- [    Test worker] o.h.type.descriptor.sql.BasicExtractor   : extracted value ([last_updated5_0_] : [TIMESTAMP]) - [2019-05-24 14:50:20.0]
2019-06-13 17:57:29.126 TRACE 81444 --- [    Test worker] o.h.type.descriptor.sql.BasicExtractor   : extracted value ([last_updator_id6_0_] : [BIGINT]) - [6]
2019-06-13 17:57:29.126 TRACE 81444 --- [    Test worker] o.h.type.descriptor.sql.BasicExtractor   : extracted value ([my_parent_id7_0_] : [BIGINT]) - [null]
2019-06-13 17:57:29.126 TRACE 81444 --- [    Test worker] o.h.type.descriptor.sql.BasicExtractor   : extracted value ([name8_0_] : [VARCHAR]) - [수산경영학과]
2019-06-13 17:57:29.126 TRACE 81444 --- [    Test worker] o.h.type.descriptor.sql.BasicExtractor   : extracted value ([id1_0_] : [BIGINT]) - [600]
2019-06-13 17:57:29.126 TRACE 81444 --- [    Test worker] o.h.type.descriptor.sql.BasicExtractor   : extracted value ([code2_0_] : [VARCHAR]) - [XD507]
2019-06-13 17:57:29.126 TRACE 81444 --- [    Test worker] o.h.type.descriptor.sql.BasicExtractor   : extracted value ([date_created3_0_] : [TIMESTAMP]) - [2019-05-23 15:54:17.0]
2019-06-13 17:57:29.126 TRACE 81444 --- [    Test worker] o.h.type.descriptor.sql.BasicExtractor   : extracted value ([is_active4_0_] : [BIT]) - [true]
2019-06-13 17:57:29.126 TRACE 81444 --- [    Test worker] o.h.type.descriptor.sql.BasicExtractor   : extracted value ([last_updated5_0_] : [TIMESTAMP]) - [2019-05-24 14:50:21.0]
2019-06-13 17:57:29.126 TRACE 81444 --- [    Test worker] o.h.type.descriptor.sql.BasicExtractor   : extracted value ([last_updator_id6_0_] : [BIGINT]) - [6]
2019-06-13 17:57:29.126 TRACE 81444 --- [    Test worker] o.h.type.descriptor.sql.BasicExtractor   : extracted value ([my_parent_id7_0_] : [BIGINT]) - [null]
2019-06-13 17:57:29.127 TRACE 81444 --- [    Test worker] o.h.type.descriptor.sql.BasicExtractor   : extracted value ([name8_0_] : [VARCHAR]) - [세무회계학과]
2019-06-13 17:57:29.143 TRACE 81444 --- [    Test worker] o.h.type.descriptor.sql.BasicExtractor   : extracted value ([id1_0_] : [BIGINT]) - [601]
2019-06-13 17:57:29.144 TRACE 81444 --- [    Test worker] o.h.type.descriptor.sql.BasicExtractor   : extracted value ([code2_0_] : [VARCHAR]) - [XD508]
2019-06-13 17:57:29.144 TRACE 81444 --- [    Test worker] o.h.type.descriptor.sql.BasicExtractor   : extracted value ([date_created3_0_] : [TIMESTAMP]) - [2019-05-23 15:54:17.0]
2019-06-13 17:57:29.144 TRACE 81444 --- [    Test worker] o.h.type.descriptor.sql.BasicExtractor   : extracted value ([is_active4_0_] : [BIT]) - [true]
2019-06-13 17:57:29.144 TRACE 81444 --- [    Test worker] o.h.type.descriptor.sql.BasicExtractor   : extracted value ([last_updated5_0_] : [TIMESTAMP]) - [2019-05-24 14:50:21.0]
2019-06-13 17:57:29.144 TRACE 81444 --- [    Test worker] o.h.type.descriptor.sql.BasicExtractor   : extracted value ([last_updator_id6_0_] : [BIGINT]) - [6]
2019-06-13 17:57:29.145 TRACE 81444 --- [    Test worker] o.h.type.descriptor.sql.BasicExtractor   : extracted value ([my_parent_id7_0_] : [BIGINT]) - [null]
2019-06-13 17:57:29.145 TRACE 81444 --- [    Test worker] o.h.type.descriptor.sql.BasicExtractor   : extracted value ([name8_0_] : [VARCHAR]) - [경제학과]
2019-06-13 17:57:29.145 TRACE 81444 --- [    Test worker] o.h.type.descriptor.sql.BasicExtractor   : extracted value ([id1_0_] : [BIGINT]) - [602]
2019-06-13 17:57:29.145 TRACE 81444 --- [    Test worker] o.h.type.descriptor.sql.BasicExtractor   : extracted value ([code2_0_] : [VARCHAR]) - [XD509]
2019-06-13 17:57:29.145 TRACE 81444 --- [    Test worker] o.h.type.descriptor.sql.BasicExtractor   : extracted value ([date_created3_0_] : [TIMESTAMP]) - [2019-05-23 15:54:19.0]
2019-06-13 17:57:29.145 TRACE 81444 --- [    Test worker] o.h.type.descriptor.sql.BasicExtractor   : extracted value ([is_active4_0_] : [BIT]) - [true]
2019-06-13 17:57:29.146 TRACE 81444 --- [    Test worker] o.h.type.descriptor.sql.BasicExtractor   : extracted value ([last_updated5_0_] : [TIMESTAMP]) - [2019-05-24 14:50:21.0]
2019-06-13 17:57:29.146 TRACE 81444 --- [    Test worker] o.h.type.descriptor.sql.BasicExtractor   : extracted value ([last_updator_id6_0_] : [BIGINT]) - [6]
2019-06-13 17:57:29.146 TRACE 81444 --- [    Test worker] o.h.type.descriptor.sql.BasicExtractor   : extracted value ([my_parent_id7_0_] : [BIGINT]) - [null]
2019-06-13 17:57:29.146 TRACE 81444 --- [    Test worker] o.h.type.descriptor.sql.BasicExtractor   : extracted value ([name8_0_] : [VARCHAR]) - [법학과]
2019-06-13 17:57:29.146 TRACE 81444 --- [    Test worker] o.h.type.descriptor.sql.BasicExtractor   : extracted value ([id1_0_] : [BIGINT]) - [603]
2019-06-13 17:57:29.146 TRACE 81444 --- [    Test worker] o.h.type.descriptor.sql.BasicExtractor   : extracted value ([code2_0_] : [VARCHAR]) - [XD510]
2019-06-13 17:57:29.146 TRACE 81444 --- [    Test worker] o.h.type.descriptor.sql.BasicExtractor   : extracted value ([date_created3_0_] : [TIMESTAMP]) - [2019-05-23 15:54:19.0]
2019-06-13 17:57:29.146 TRACE 81444 --- [    Test worker] o.h.type.descriptor.sql.BasicExtractor   : extracted value ([is_active4_0_] : [BIT]) - [true]
2019-06-13 17:57:29.146 TRACE 81444 --- [    Test worker] o.h.type.descriptor.sql.BasicExtractor   : extracted value ([last_updated5_0_] : [TIMESTAMP]) - [2019-05-24 14:50:22.0]
2019-06-13 17:57:29.146 TRACE 81444 --- [    Test worker] o.h.type.descriptor.sql.BasicExtractor   : extracted value ([last_updator_id6_0_] : [BIGINT]) - [6]
2019-06-13 17:57:29.147 TRACE 81444 --- [    Test worker] o.h.type.descriptor.sql.BasicExtractor   : extracted value ([my_parent_id7_0_] : [BIGINT]) - [null]
2019-06-13 17:57:29.147 TRACE 81444 --- [    Test worker] o.h.type.descriptor.sql.BasicExtractor   : extracted value ([name8_0_] : [VARCHAR]) - [회계학과]
2019-06-13 17:57:29.147 TRACE 81444 --- [    Test worker] o.h.type.descriptor.sql.BasicExtractor   : extracted value ([id1_0_] : [BIGINT]) - [604]
2019-06-13 17:57:29.147 TRACE 81444 --- [    Test worker] o.h.type.descriptor.sql.BasicExtractor   : extracted value ([code2_0_] : [VARCHAR]) - [XD511]
2019-06-13 17:57:29.147 TRACE 81444 --- [    Test worker] o.h.type.descriptor.sql.BasicExtractor   : extracted value ([date_created3_0_] : [TIMESTAMP]) - [2019-05-23 15:54:20.0]
2019-06-13 17:57:29.147 TRACE 81444 --- [    Test worker] o.h.type.descriptor.sql.BasicExtractor   : extracted value ([is_active4_0_] : [BIT]) - [true]
2019-06-13 17:57:29.147 TRACE 81444 --- [    Test worker] o.h.type.descriptor.sql.BasicExtractor   : extracted value ([last_updated5_0_] : [TIMESTAMP]) - [2019-05-24 14:50:22.0]
2019-06-13 17:57:29.148 TRACE 81444 --- [    Test worker] o.h.type.descriptor.sql.BasicExtractor   : extracted value ([last_updator_id6_0_] : [BIGINT]) - [6]
2019-06-13 17:57:29.148 TRACE 81444 --- [    Test worker] o.h.type.descriptor.sql.BasicExtractor   : extracted value ([my_parent_id7_0_] : [BIGINT]) - [null]
2019-06-13 17:57:29.148 TRACE 81444 --- [    Test worker] o.h.type.descriptor.sql.BasicExtractor   : extracted value ([name8_0_] : [VARCHAR]) - [물류학과]
2019-06-13 17:57:29.148 TRACE 81444 --- [    Test worker] o.h.type.descriptor.sql.BasicExtractor   : extracted value ([id1_0_] : [BIGINT]) - [605]
2019-06-13 17:57:29.148 TRACE 81444 --- [    Test worker] o.h.type.descriptor.sql.BasicExtractor   : extracted value ([code2_0_] : [VARCHAR]) - [XD512]
2019-06-13 17:57:29.148 TRACE 81444 --- [    Test worker] o.h.type.descriptor.sql.BasicExtractor   : extracted value ([date_created3_0_] : [TIMESTAMP]) - [2019-05-23 15:54:20.0]
2019-06-13 17:57:29.148 TRACE 81444 --- [    Test worker] o.h.type.descriptor.sql.BasicExtractor   : extracted value ([is_active4_0_] : [BIT]) - [true]
2019-06-13 17:57:29.148 TRACE 81444 --- [    Test worker] o.h.type.descriptor.sql.BasicExtractor   : extracted value ([last_updated5_0_] : [TIMESTAMP]) - [2019-05-24 14:50:22.0]
2019-06-13 17:57:29.148 TRACE 81444 --- [    Test worker] o.h.type.descriptor.sql.BasicExtractor   : extracted value ([last_updator_id6_0_] : [BIGINT]) - [6]
2019-06-13 17:57:29.148 TRACE 81444 --- [    Test worker] o.h.type.descriptor.sql.BasicExtractor   : extracted value ([my_parent_id7_0_] : [BIGINT]) - [null]
2019-06-13 17:57:29.148 TRACE 81444 --- [    Test worker] o.h.type.descriptor.sql.BasicExtractor   : extracted value ([name8_0_] : [VARCHAR]) - [부동산법학과]
2019-06-13 17:57:29.148 TRACE 81444 --- [    Test worker] o.h.type.descriptor.sql.BasicExtractor   : extracted value ([id1_0_] : [BIGINT]) - [606]
2019-06-13 17:57:29.148 TRACE 81444 --- [    Test worker] o.h.type.descriptor.sql.BasicExtractor   : extracted value ([code2_0_] : [VARCHAR]) - [XD513]
2019-06-13 17:57:29.148 TRACE 81444 --- [    Test worker] o.h.type.descriptor.sql.BasicExtractor   : extracted value ([date_created3_0_] : [TIMESTAMP]) - [2019-05-23 15:54:20.0]
2019-06-13 17:57:29.149 TRACE 81444 --- [    Test worker] o.h.type.descriptor.sql.BasicExtractor   : extracted value ([is_active4_0_] : [BIT]) - [true]
2019-06-13 17:57:29.149 TRACE 81444 --- [    Test worker] o.h.type.descriptor.sql.BasicExtractor   : extracted value ([last_updated5_0_] : [TIMESTAMP]) - [2019-05-24 14:50:23.0]
2019-06-13 17:57:29.149 TRACE 81444 --- [    Test worker] o.h.type.descriptor.sql.BasicExtractor   : extracted value ([last_updator_id6_0_] : [BIGINT]) - [6]
2019-06-13 17:57:29.149 TRACE 81444 --- [    Test worker] o.h.type.descriptor.sql.BasicExtractor   : extracted value ([my_parent_id7_0_] : [BIGINT]) - [null]
2019-06-13 17:57:29.149 TRACE 81444 --- [    Test worker] o.h.type.descriptor.sql.BasicExtractor   : extracted value ([name8_0_] : [VARCHAR]) - [창업학과]
2019-06-13 17:57:29.149 TRACE 81444 --- [    Test worker] o.h.type.descriptor.sql.BasicExtractor   : extracted value ([id1_0_] : [BIGINT]) - [607]
2019-06-13 17:57:29.149 TRACE 81444 --- [    Test worker] o.h.type.descriptor.sql.BasicExtractor   : extracted value ([code2_0_] : [VARCHAR]) - [XE000]
2019-06-13 17:57:29.149 TRACE 81444 --- [    Test worker] o.h.type.descriptor.sql.BasicExtractor   : extracted value ([date_created3_0_] : [TIMESTAMP]) - [2019-05-23 15:54:21.0]
2019-06-13 17:57:29.149 TRACE 81444 --- [    Test worker] o.h.type.descriptor.sql.BasicExtractor   : extracted value ([is_active4_0_] : [BIT]) - [true]
2019-06-13 17:57:29.149 TRACE 81444 --- [    Test worker] o.h.type.descriptor.sql.BasicExtractor   : extracted value ([last_updated5_0_] : [TIMESTAMP]) - [2019-05-23 15:54:21.0]
2019-06-13 17:57:29.149 TRACE 81444 --- [    Test worker] o.h.type.descriptor.sql.BasicExtractor   : extracted value ([last_updator_id6_0_] : [BIGINT]) - [6]
2019-06-13 17:57:29.149 TRACE 81444 --- [    Test worker] o.h.type.descriptor.sql.BasicExtractor   : extracted value ([my_parent_id7_0_] : [BIGINT]) - [null]
2019-06-13 17:57:29.149 TRACE 81444 --- [    Test worker] o.h.type.descriptor.sql.BasicExtractor   : extracted value ([name8_0_] : [VARCHAR]) - [교육대학원]
2019-06-13 17:57:29.149 TRACE 81444 --- [    Test worker] o.h.type.descriptor.sql.BasicExtractor   : extracted value ([id1_0_] : [BIGINT]) - [608]
2019-06-13 17:57:29.150 TRACE 81444 --- [    Test worker] o.h.type.descriptor.sql.BasicExtractor   : extracted value ([code2_0_] : [VARCHAR]) - [XE701]
2019-06-13 17:57:29.150 TRACE 81444 --- [    Test worker] o.h.type.descriptor.sql.BasicExtractor   : extracted value ([date_created3_0_] : [TIMESTAMP]) - [2019-05-23 15:54:21.0]
2019-06-13 17:57:29.150 TRACE 81444 --- [    Test worker] o.h.type.descriptor.sql.BasicExtractor   : extracted value ([is_active4_0_] : [BIT]) - [true]
2019-06-13 17:57:29.150 TRACE 81444 --- [    Test worker] o.h.type.descriptor.sql.BasicExtractor   : extracted value ([last_updated5_0_] : [TIMESTAMP]) - [2019-05-24 14:50:23.0]
2019-06-13 17:57:29.150 TRACE 81444 --- [    Test worker] o.h.type.descriptor.sql.BasicExtractor   : extracted value ([last_updator_id6_0_] : [BIGINT]) - [6]
2019-06-13 17:57:29.150 TRACE 81444 --- [    Test worker] o.h.type.descriptor.sql.BasicExtractor   : extracted value ([my_parent_id7_0_] : [BIGINT]) - [null]
2019-06-13 17:57:29.150 TRACE 81444 --- [    Test worker] o.h.type.descriptor.sql.BasicExtractor   : extracted value ([name8_0_] : [VARCHAR]) - [교육학과(국어)]
2019-06-13 17:57:29.151 TRACE 81444 --- [    Test worker] o.h.type.descriptor.sql.BasicExtractor   : extracted value ([id1_0_] : [BIGINT]) - [609]
2019-06-13 17:57:29.151 TRACE 81444 --- [    Test worker] o.h.type.descriptor.sql.BasicExtractor   : extracted value ([code2_0_] : [VARCHAR]) - [XE702]
2019-06-13 17:57:29.151 TRACE 81444 --- [    Test worker] o.h.type.descriptor.sql.BasicExtractor   : extracted value ([date_created3_0_] : [TIMESTAMP]) - [2019-05-23 15:54:21.0]
2019-06-13 17:57:29.151 TRACE 81444 --- [    Test worker] o.h.type.descriptor.sql.BasicExtractor   : extracted value ([is_active4_0_] : [BIT]) - [true]
2019-06-13 17:57:29.151 TRACE 81444 --- [    Test worker] o.h.type.descriptor.sql.BasicExtractor   : extracted value ([last_updated5_0_] : [TIMESTAMP]) - [2019-05-24 14:50:24.0]
2019-06-13 17:57:29.151 TRACE 81444 --- [    Test worker] o.h.type.descriptor.sql.BasicExtractor   : extracted value ([last_updator_id6_0_] : [BIGINT]) - [6]
2019-06-13 17:57:29.151 TRACE 81444 --- [    Test worker] o.h.type.descriptor.sql.BasicExtractor   : extracted value ([my_parent_id7_0_] : [BIGINT]) - [null]
2019-06-13 17:57:29.151 TRACE 81444 --- [    Test worker] o.h.type.descriptor.sql.BasicExtractor   : extracted value ([name8_0_] : [VARCHAR]) - [교육학과(영어)]
2019-06-13 17:57:29.151 TRACE 81444 --- [    Test worker] o.h.type.descriptor.sql.BasicExtractor   : extracted value ([id1_0_] : [BIGINT]) - [610]
2019-06-13 17:57:29.151 TRACE 81444 --- [    Test worker] o.h.type.descriptor.sql.BasicExtractor   : extracted value ([code2_0_] : [VARCHAR]) - [XE703]
2019-06-13 17:57:29.151 TRACE 81444 --- [    Test worker] o.h.type.descriptor.sql.BasicExtractor   : extracted value ([date_created3_0_] : [TIMESTAMP]) - [2019-05-23 15:54:22.0]
2019-06-13 17:57:29.151 TRACE 81444 --- [    Test worker] o.h.type.descriptor.sql.BasicExtractor   : extracted value ([is_active4_0_] : [BIT]) - [true]
2019-06-13 17:57:29.151 TRACE 81444 --- [    Test worker] o.h.type.descriptor.sql.BasicExtractor   : extracted value ([last_updated5_0_] : [TIMESTAMP]) - [2019-05-24 14:50:24.0]
2019-06-13 17:57:29.151 TRACE 81444 --- [    Test worker] o.h.type.descriptor.sql.BasicExtractor   : extracted value ([last_updator_id6_0_] : [BIGINT]) - [6]
2019-06-13 17:57:29.152 TRACE 81444 --- [    Test worker] o.h.type.descriptor.sql.BasicExtractor   : extracted value ([my_parent_id7_0_] : [BIGINT]) - [null]
2019-06-13 17:57:29.152 TRACE 81444 --- [    Test worker] o.h.type.descriptor.sql.BasicExtractor   : extracted value ([name8_0_] : [VARCHAR]) - [교육학과(수학)]
2019-06-13 17:57:29.168 TRACE 81444 --- [    Test worker] o.h.type.descriptor.sql.BasicExtractor   : extracted value ([id1_0_] : [BIGINT]) - [611]
2019-06-13 17:57:29.169 TRACE 81444 --- [    Test worker] o.h.type.descriptor.sql.BasicExtractor   : extracted value ([code2_0_] : [VARCHAR]) - [XE704]
2019-06-13 17:57:29.169 TRACE 81444 --- [    Test worker] o.h.type.descriptor.sql.BasicExtractor   : extracted value ([date_created3_0_] : [TIMESTAMP]) - [2019-05-23 15:54:22.0]
2019-06-13 17:57:29.169 TRACE 81444 --- [    Test worker] o.h.type.descriptor.sql.BasicExtractor   : extracted value ([is_active4_0_] : [BIT]) - [true]
2019-06-13 17:57:29.169 TRACE 81444 --- [    Test worker] o.h.type.descriptor.sql.BasicExtractor   : extracted value ([last_updated5_0_] : [TIMESTAMP]) - [2019-05-24 14:50:24.0]
2019-06-13 17:57:29.169 TRACE 81444 --- [    Test worker] o.h.type.descriptor.sql.BasicExtractor   : extracted value ([last_updator_id6_0_] : [BIGINT]) - [6]
2019-06-13 17:57:29.169 TRACE 81444 --- [    Test worker] o.h.type.descriptor.sql.BasicExtractor   : extracted value ([my_parent_id7_0_] : [BIGINT]) - [null]
2019-06-13 17:57:29.169 TRACE 81444 --- [    Test worker] o.h.type.descriptor.sql.BasicExtractor   : extracted value ([name8_0_] : [VARCHAR]) - [교육학과(체육)]
2019-06-13 17:57:29.170 TRACE 81444 --- [    Test worker] o.h.type.descriptor.sql.BasicExtractor   : extracted value ([id1_0_] : [BIGINT]) - [612]
2019-06-13 17:57:29.170 TRACE 81444 --- [    Test worker] o.h.type.descriptor.sql.BasicExtractor   : extracted value ([code2_0_] : [VARCHAR]) - [XE705]
2019-06-13 17:57:29.170 TRACE 81444 --- [    Test worker] o.h.type.descriptor.sql.BasicExtractor   : extracted value ([date_created3_0_] : [TIMESTAMP]) - [2019-05-23 15:54:22.0]
2019-06-13 17:57:29.170 TRACE 81444 --- [    Test worker] o.h.type.descriptor.sql.BasicExtractor   : extracted value ([is_active4_0_] : [BIT]) - [true]
2019-06-13 17:57:29.170 TRACE 81444 --- [    Test worker] o.h.type.descriptor.sql.BasicExtractor   : extracted value ([last_updated5_0_] : [TIMESTAMP]) - [2019-05-24 14:50:25.0]
2019-06-13 17:57:29.170 TRACE 81444 --- [    Test worker] o.h.type.descriptor.sql.BasicExtractor   : extracted value ([last_updator_id6_0_] : [BIGINT]) - [6]
2019-06-13 17:57:29.170 TRACE 81444 --- [    Test worker] o.h.type.descriptor.sql.BasicExtractor   : extracted value ([my_parent_id7_0_] : [BIGINT]) - [null]
2019-06-13 17:57:29.170 TRACE 81444 --- [    Test worker] o.h.type.descriptor.sql.BasicExtractor   : extracted value ([name8_0_] : [VARCHAR]) - [교육학과(일반사회)]
2019-06-13 17:57:29.170 TRACE 81444 --- [    Test worker] o.h.type.descriptor.sql.BasicExtractor   : extracted value ([id1_0_] : [BIGINT]) - [613]
2019-06-13 17:57:29.170 TRACE 81444 --- [    Test worker] o.h.type.descriptor.sql.BasicExtractor   : extracted value ([code2_0_] : [VARCHAR]) - [XE706]
2019-06-13 17:57:29.170 TRACE 81444 --- [    Test worker] o.h.type.descriptor.sql.BasicExtractor   : extracted value ([date_created3_0_] : [TIMESTAMP]) - [2019-05-23 15:54:23.0]
2019-06-13 17:57:29.170 TRACE 81444 --- [    Test worker] o.h.type.descriptor.sql.BasicExtractor   : extracted value ([is_active4_0_] : [BIT]) - [true]
2019-06-13 17:57:29.170 TRACE 81444 --- [    Test worker] o.h.type.descriptor.sql.BasicExtractor   : extracted value ([last_updated5_0_] : [TIMESTAMP]) - [2019-05-23 15:54:23.0]
2019-06-13 17:57:29.170 TRACE 81444 --- [    Test worker] o.h.type.descriptor.sql.BasicExtractor   : extracted value ([last_updator_id6_0_] : [BIGINT]) - [6]
2019-06-13 17:57:29.170 TRACE 81444 --- [    Test worker] o.h.type.descriptor.sql.BasicExtractor   : extracted value ([my_parent_id7_0_] : [BIGINT]) - [null]
2019-06-13 17:57:29.170 TRACE 81444 --- [    Test worker] o.h.type.descriptor.sql.BasicExtractor   : extracted value ([name8_0_] : [VARCHAR]) - [교육학과(전자계산)]
2019-06-13 17:57:29.171 TRACE 81444 --- [    Test worker] o.h.type.descriptor.sql.BasicExtractor   : extracted value ([id1_0_] : [BIGINT]) - [614]
2019-06-13 17:57:29.171 TRACE 81444 --- [    Test worker] o.h.type.descriptor.sql.BasicExtractor   : extracted value ([code2_0_] : [VARCHAR]) - [XE707]
2019-06-13 17:57:29.171 TRACE 81444 --- [    Test worker] o.h.type.descriptor.sql.BasicExtractor   : extracted value ([date_created3_0_] : [TIMESTAMP]) - [2019-05-23 15:54:23.0]
2019-06-13 17:57:29.171 TRACE 81444 --- [    Test worker] o.h.type.descriptor.sql.BasicExtractor   : extracted value ([is_active4_0_] : [BIT]) - [true]
2019-06-13 17:57:29.171 TRACE 81444 --- [    Test worker] o.h.type.descriptor.sql.BasicExtractor   : extracted value ([last_updated5_0_] : [TIMESTAMP]) - [2019-05-24 14:50:25.0]
2019-06-13 17:57:29.171 TRACE 81444 --- [    Test worker] o.h.type.descriptor.sql.BasicExtractor   : extracted value ([last_updator_id6_0_] : [BIGINT]) - [6]
2019-06-13 17:57:29.171 TRACE 81444 --- [    Test worker] o.h.type.descriptor.sql.BasicExtractor   : extracted value ([my_parent_id7_0_] : [BIGINT]) - [null]
2019-06-13 17:57:29.171 TRACE 81444 --- [    Test worker] o.h.type.descriptor.sql.BasicExtractor   : extracted value ([name8_0_] : [VARCHAR]) - [교육학과(화학)]
2019-06-13 17:57:29.171 TRACE 81444 --- [    Test worker] o.h.type.descriptor.sql.BasicExtractor   : extracted value ([id1_0_] : [BIGINT]) - [615]
2019-06-13 17:57:29.171 TRACE 81444 --- [    Test worker] o.h.type.descriptor.sql.BasicExtractor   : extracted value ([code2_0_] : [VARCHAR]) - [XE708]
2019-06-13 17:57:29.171 TRACE 81444 --- [    Test worker] o.h.type.descriptor.sql.BasicExtractor   : extracted value ([date_created3_0_] : [TIMESTAMP]) - [2019-05-23 15:54:23.0]
2019-06-13 17:57:29.172 TRACE 81444 --- [    Test worker] o.h.type.descriptor.sql.BasicExtractor   : extracted value ([is_active4_0_] : [BIT]) - [true]
2019-06-13 17:57:29.172 TRACE 81444 --- [    Test worker] o.h.type.descriptor.sql.BasicExtractor   : extracted value ([last_updated5_0_] : [TIMESTAMP]) - [2019-05-24 14:50:25.0]
2019-06-13 17:57:29.172 TRACE 81444 --- [    Test worker] o.h.type.descriptor.sql.BasicExtractor   : extracted value ([last_updator_id6_0_] : [BIGINT]) - [6]
2019-06-13 17:57:29.172 TRACE 81444 --- [    Test worker] o.h.type.descriptor.sql.BasicExtractor   : extracted value ([my_parent_id7_0_] : [BIGINT]) - [null]
2019-06-13 17:57:29.172 TRACE 81444 --- [    Test worker] o.h.type.descriptor.sql.BasicExtractor   : extracted value ([name8_0_] : [VARCHAR]) - [교육학과(생물)]
2019-06-13 17:57:29.172 TRACE 81444 --- [    Test worker] o.h.type.descriptor.sql.BasicExtractor   : extracted value ([id1_0_] : [BIGINT]) - [616]
2019-06-13 17:57:29.172 TRACE 81444 --- [    Test worker] o.h.type.descriptor.sql.BasicExtractor   : extracted value ([code2_0_] : [VARCHAR]) - [XE709]
2019-06-13 17:57:29.172 TRACE 81444 --- [    Test worker] o.h.type.descriptor.sql.BasicExtractor   : extracted value ([date_created3_0_] : [TIMESTAMP]) - [2019-05-23 15:54:24.0]
2019-06-13 17:57:29.172 TRACE 81444 --- [    Test worker] o.h.type.descriptor.sql.BasicExtractor   : extracted value ([is_active4_0_] : [BIT]) - [true]
2019-06-13 17:57:29.172 TRACE 81444 --- [    Test worker] o.h.type.descriptor.sql.BasicExtractor   : extracted value ([last_updated5_0_] : [TIMESTAMP]) - [2019-05-24 14:50:26.0]
2019-06-13 17:57:29.172 TRACE 81444 --- [    Test worker] o.h.type.descriptor.sql.BasicExtractor   : extracted value ([last_updator_id6_0_] : [BIGINT]) - [6]
2019-06-13 17:57:29.172 TRACE 81444 --- [    Test worker] o.h.type.descriptor.sql.BasicExtractor   : extracted value ([my_parent_id7_0_] : [BIGINT]) - [null]
2019-06-13 17:57:29.173 TRACE 81444 --- [    Test worker] o.h.type.descriptor.sql.BasicExtractor   : extracted value ([name8_0_] : [VARCHAR]) - [교육학과(유아)]
2019-06-13 17:57:29.173 TRACE 81444 --- [    Test worker] o.h.type.descriptor.sql.BasicExtractor   : extracted value ([id1_0_] : [BIGINT]) - [617]
2019-06-13 17:57:29.173 TRACE 81444 --- [    Test worker] o.h.type.descriptor.sql.BasicExtractor   : extracted value ([code2_0_] : [VARCHAR]) - [XE710]
2019-06-13 17:57:29.173 TRACE 81444 --- [    Test worker] o.h.type.descriptor.sql.BasicExtractor   : extracted value ([date_created3_0_] : [TIMESTAMP]) - [2019-05-23 15:54:24.0]
2019-06-13 17:57:29.173 TRACE 81444 --- [    Test worker] o.h.type.descriptor.sql.BasicExtractor   : extracted value ([is_active4_0_] : [BIT]) - [true]
2019-06-13 17:57:29.173 TRACE 81444 --- [    Test worker] o.h.type.descriptor.sql.BasicExtractor   : extracted value ([last_updated5_0_] : [TIMESTAMP]) - [2019-05-24 14:50:26.0]
2019-06-13 17:57:29.173 TRACE 81444 --- [    Test worker] o.h.type.descriptor.sql.BasicExtractor   : extracted value ([last_updator_id6_0_] : [BIGINT]) - [6]
2019-06-13 17:57:29.173 TRACE 81444 --- [    Test worker] o.h.type.descriptor.sql.BasicExtractor   : extracted value ([my_parent_id7_0_] : [BIGINT]) - [null]
2019-06-13 17:57:29.173 TRACE 81444 --- [    Test worker] o.h.type.descriptor.sql.BasicExtractor   : extracted value ([name8_0_] : [VARCHAR]) - [교육학과(독어)]
2019-06-13 17:57:29.174 TRACE 81444 --- [    Test worker] o.h.type.descriptor.sql.BasicExtractor   : extracted value ([id1_0_] : [BIGINT]) - [618]
2019-06-13 17:57:29.174 TRACE 81444 --- [    Test worker] o.h.type.descriptor.sql.BasicExtractor   : extracted value ([code2_0_] : [VARCHAR]) - [XE711]
2019-06-13 17:57:29.174 TRACE 81444 --- [    Test worker] o.h.type.descriptor.sql.BasicExtractor   : extracted value ([date_created3_0_] : [TIMESTAMP]) - [2019-05-23 15:54:24.0]
2019-06-13 17:57:29.174 TRACE 81444 --- [    Test worker] o.h.type.descriptor.sql.BasicExtractor   : extracted value ([is_active4_0_] : [BIT]) - [true]
2019-06-13 17:57:29.174 TRACE 81444 --- [    Test worker] o.h.type.descriptor.sql.BasicExtractor   : extracted value ([last_updated5_0_] : [TIMESTAMP]) - [2019-05-24 14:50:26.0]
2019-06-13 17:57:29.174 TRACE 81444 --- [    Test worker] o.h.type.descriptor.sql.BasicExtractor   : extracted value ([last_updator_id6_0_] : [BIGINT]) - [6]
2019-06-13 17:57:29.174 TRACE 81444 --- [    Test worker] o.h.type.descriptor.sql.BasicExtractor   : extracted value ([my_parent_id7_0_] : [BIGINT]) - [null]
2019-06-13 17:57:29.174 TRACE 81444 --- [    Test worker] o.h.type.descriptor.sql.BasicExtractor   : extracted value ([name8_0_] : [VARCHAR]) - [교육학과(가정)]
2019-06-13 17:57:29.174 TRACE 81444 --- [    Test worker] o.h.type.descriptor.sql.BasicExtractor   : extracted value ([id1_0_] : [BIGINT]) - [619]
2019-06-13 17:57:29.174 TRACE 81444 --- [    Test worker] o.h.type.descriptor.sql.BasicExtractor   : extracted value ([code2_0_] : [VARCHAR]) - [XE712]
2019-06-13 17:57:29.175 TRACE 81444 --- [    Test worker] o.h.type.descriptor.sql.BasicExtractor   : extracted value ([date_created3_0_] : [TIMESTAMP]) - [2019-05-23 15:54:25.0]
2019-06-13 17:57:29.175 TRACE 81444 --- [    Test worker] o.h.type.descriptor.sql.BasicExtractor   : extracted value ([is_active4_0_] : [BIT]) - [true]
2019-06-13 17:57:29.175 TRACE 81444 --- [    Test worker] o.h.type.descriptor.sql.BasicExtractor   : extracted value ([last_updated5_0_] : [TIMESTAMP]) - [2019-05-24 14:50:27.0]
2019-06-13 17:57:29.175 TRACE 81444 --- [    Test worker] o.h.type.descriptor.sql.BasicExtractor   : extracted value ([last_updator_id6_0_] : [BIGINT]) - [6]
2019-06-13 17:57:29.175 TRACE 81444 --- [    Test worker] o.h.type.descriptor.sql.BasicExtractor   : extracted value ([my_parent_id7_0_] : [BIGINT]) - [null]
2019-06-13 17:57:29.175 TRACE 81444 --- [    Test worker] o.h.type.descriptor.sql.BasicExtractor   : extracted value ([name8_0_] : [VARCHAR]) - [교육학과(일본어)]
2019-06-13 17:57:29.175 TRACE 81444 --- [    Test worker] o.h.type.descriptor.sql.BasicExtractor   : extracted value ([id1_0_] : [BIGINT]) - [620]
2019-06-13 17:57:29.175 TRACE 81444 --- [    Test worker] o.h.type.descriptor.sql.BasicExtractor   : extracted value ([code2_0_] : [VARCHAR]) - [XE713]
2019-06-13 17:57:29.175 TRACE 81444 --- [    Test worker] o.h.type.descriptor.sql.BasicExtractor   : extracted value ([date_created3_0_] : [TIMESTAMP]) - [2019-05-23 15:54:25.0]
2019-06-13 17:57:29.175 TRACE 81444 --- [    Test worker] o.h.type.descriptor.sql.BasicExtractor   : extracted value ([is_active4_0_] : [BIT]) - [true]
2019-06-13 17:57:29.175 TRACE 81444 --- [    Test worker] o.h.type.descriptor.sql.BasicExtractor   : extracted value ([last_updated5_0_] : [TIMESTAMP]) - [2019-05-23 15:54:25.0]
2019-06-13 17:57:29.175 TRACE 81444 --- [    Test worker] o.h.type.descriptor.sql.BasicExtractor   : extracted value ([last_updator_id6_0_] : [BIGINT]) - [6]
2019-06-13 17:57:29.176 TRACE 81444 --- [    Test worker] o.h.type.descriptor.sql.BasicExtractor   : extracted value ([my_parent_id7_0_] : [BIGINT]) - [null]
2019-06-13 17:57:29.176 TRACE 81444 --- [    Test worker] o.h.type.descriptor.sql.BasicExtractor   : extracted value ([name8_0_] : [VARCHAR]) - [교육학과(상업)]
2019-06-13 17:57:29.194 TRACE 81444 --- [    Test worker] o.h.type.descriptor.sql.BasicExtractor   : extracted value ([id1_0_] : [BIGINT]) - [621]
2019-06-13 17:57:29.194 TRACE 81444 --- [    Test worker] o.h.type.descriptor.sql.BasicExtractor   : extracted value ([code2_0_] : [VARCHAR]) - [XE714]
2019-06-13 17:57:29.194 TRACE 81444 --- [    Test worker] o.h.type.descriptor.sql.BasicExtractor   : extracted value ([date_created3_0_] : [TIMESTAMP]) - [2019-05-23 15:54:25.0]
2019-06-13 17:57:29.194 TRACE 81444 --- [    Test worker] o.h.type.descriptor.sql.BasicExtractor   : extracted value ([is_active4_0_] : [BIT]) - [true]
2019-06-13 17:57:29.194 TRACE 81444 --- [    Test worker] o.h.type.descriptor.sql.BasicExtractor   : extracted value ([last_updated5_0_] : [TIMESTAMP]) - [2019-05-24 14:50:27.0]
2019-06-13 17:57:29.194 TRACE 81444 --- [    Test worker] o.h.type.descriptor.sql.BasicExtractor   : extracted value ([last_updator_id6_0_] : [BIGINT]) - [6]
2019-06-13 17:57:29.194 TRACE 81444 --- [    Test worker] o.h.type.descriptor.sql.BasicExtractor   : extracted value ([my_parent_id7_0_] : [BIGINT]) - [null]
2019-06-13 17:57:29.194 TRACE 81444 --- [    Test worker] o.h.type.descriptor.sql.BasicExtractor   : extracted value ([name8_0_] : [VARCHAR]) - [교육학과(교육행정)]
2019-06-13 17:57:29.194 TRACE 81444 --- [    Test worker] o.h.type.descriptor.sql.BasicExtractor   : extracted value ([id1_0_] : [BIGINT]) - [622]
2019-06-13 17:57:29.194 TRACE 81444 --- [    Test worker] o.h.type.descriptor.sql.BasicExtractor   : extracted value ([code2_0_] : [VARCHAR]) - [XE715]
2019-06-13 17:57:29.194 TRACE 81444 --- [    Test worker] o.h.type.descriptor.sql.BasicExtractor   : extracted value ([date_created3_0_] : [TIMESTAMP]) - [2019-05-23 15:54:26.0]
2019-06-13 17:57:29.194 TRACE 81444 --- [    Test worker] o.h.type.descriptor.sql.BasicExtractor   : extracted value ([is_active4_0_] : [BIT]) - [true]
2019-06-13 17:57:29.194 TRACE 81444 --- [    Test worker] o.h.type.descriptor.sql.BasicExtractor   : extracted value ([last_updated5_0_] : [TIMESTAMP]) - [2019-05-24 14:50:27.0]
2019-06-13 17:57:29.194 TRACE 81444 --- [    Test worker] o.h.type.descriptor.sql.BasicExtractor   : extracted value ([last_updator_id6_0_] : [BIGINT]) - [6]
2019-06-13 17:57:29.195 TRACE 81444 --- [    Test worker] o.h.type.descriptor.sql.BasicExtractor   : extracted value ([my_parent_id7_0_] : [BIGINT]) - [null]
2019-06-13 17:57:29.195 TRACE 81444 --- [    Test worker] o.h.type.descriptor.sql.BasicExtractor   : extracted value ([name8_0_] : [VARCHAR]) - [교육학과(물리)]
2019-06-13 17:57:29.195 TRACE 81444 --- [    Test worker] o.h.type.descriptor.sql.BasicExtractor   : extracted value ([id1_0_] : [BIGINT]) - [623]
2019-06-13 17:57:29.195 TRACE 81444 --- [    Test worker] o.h.type.descriptor.sql.BasicExtractor   : extracted value ([code2_0_] : [VARCHAR]) - [XE716]
2019-06-13 17:57:29.195 TRACE 81444 --- [    Test worker] o.h.type.descriptor.sql.BasicExtractor   : extracted value ([date_created3_0_] : [TIMESTAMP]) - [2019-05-23 15:54:26.0]
2019-06-13 17:57:29.195 TRACE 81444 --- [    Test worker] o.h.type.descriptor.sql.BasicExtractor   : extracted value ([is_active4_0_] : [BIT]) - [true]
2019-06-13 17:57:29.195 TRACE 81444 --- [    Test worker] o.h.type.descriptor.sql.BasicExtractor   : extracted value ([last_updated5_0_] : [TIMESTAMP]) - [2019-05-24 14:50:28.0]
2019-06-13 17:57:29.195 TRACE 81444 --- [    Test worker] o.h.type.descriptor.sql.BasicExtractor   : extracted value ([last_updator_id6_0_] : [BIGINT]) - [6]
2019-06-13 17:57:29.195 TRACE 81444 --- [    Test worker] o.h.type.descriptor.sql.BasicExtractor   : extracted value ([my_parent_id7_0_] : [BIGINT]) - [null]
2019-06-13 17:57:29.195 TRACE 81444 --- [    Test worker] o.h.type.descriptor.sql.BasicExtractor   : extracted value ([name8_0_] : [VARCHAR]) - [교육학과(역사)]
2019-06-13 17:57:29.195 TRACE 81444 --- [    Test worker] o.h.type.descriptor.sql.BasicExtractor   : extracted value ([id1_0_] : [BIGINT]) - [624]
2019-06-13 17:57:29.195 TRACE 81444 --- [    Test worker] o.h.type.descriptor.sql.BasicExtractor   : extracted value ([code2_0_] : [VARCHAR]) - [XE717]
2019-06-13 17:57:29.195 TRACE 81444 --- [    Test worker] o.h.type.descriptor.sql.BasicExtractor   : extracted value ([date_created3_0_] : [TIMESTAMP]) - [2019-05-23 15:54:28.0]
2019-06-13 17:57:29.195 TRACE 81444 --- [    Test worker] o.h.type.descriptor.sql.BasicExtractor   : extracted value ([is_active4_0_] : [BIT]) - [true]
2019-06-13 17:57:29.195 TRACE 81444 --- [    Test worker] o.h.type.descriptor.sql.BasicExtractor   : extracted value ([last_updated5_0_] : [TIMESTAMP]) - [2019-05-24 14:50:28.0]
2019-06-13 17:57:29.195 TRACE 81444 --- [    Test worker] o.h.type.descriptor.sql.BasicExtractor   : extracted value ([last_updator_id6_0_] : [BIGINT]) - [6]
2019-06-13 17:57:29.195 TRACE 81444 --- [    Test worker] o.h.type.descriptor.sql.BasicExtractor   : extracted value ([my_parent_id7_0_] : [BIGINT]) - [null]
2019-06-13 17:57:29.195 TRACE 81444 --- [    Test worker] o.h.type.descriptor.sql.BasicExtractor   : extracted value ([name8_0_] : [VARCHAR]) - [교육학과(윤리)]
2019-06-13 17:57:29.195 TRACE 81444 --- [    Test worker] o.h.type.descriptor.sql.BasicExtractor   : extracted value ([id1_0_] : [BIGINT]) - [625]
2019-06-13 17:57:29.195 TRACE 81444 --- [    Test worker] o.h.type.descriptor.sql.BasicExtractor   : extracted value ([code2_0_] : [VARCHAR]) - [XE718]
2019-06-13 17:57:29.195 TRACE 81444 --- [    Test worker] o.h.type.descriptor.sql.BasicExtractor   : extracted value ([date_created3_0_] : [TIMESTAMP]) - [2019-05-23 15:54:28.0]
2019-06-13 17:57:29.195 TRACE 81444 --- [    Test worker] o.h.type.descriptor.sql.BasicExtractor   : extracted value ([is_active4_0_] : [BIT]) - [true]
2019-06-13 17:57:29.195 TRACE 81444 --- [    Test worker] o.h.type.descriptor.sql.BasicExtractor   : extracted value ([last_updated5_0_] : [TIMESTAMP]) - [2019-05-24 14:50:28.0]
2019-06-13 17:57:29.195 TRACE 81444 --- [    Test worker] o.h.type.descriptor.sql.BasicExtractor   : extracted value ([last_updator_id6_0_] : [BIGINT]) - [6]
2019-06-13 17:57:29.195 TRACE 81444 --- [    Test worker] o.h.type.descriptor.sql.BasicExtractor   : extracted value ([my_parent_id7_0_] : [BIGINT]) - [null]
2019-06-13 17:57:29.196 TRACE 81444 --- [    Test worker] o.h.type.descriptor.sql.BasicExtractor   : extracted value ([name8_0_] : [VARCHAR]) - [교육학과(한문)]
2019-06-13 17:57:29.196 TRACE 81444 --- [    Test worker] o.h.type.descriptor.sql.BasicExtractor   : extracted value ([id1_0_] : [BIGINT]) - [626]
2019-06-13 17:57:29.196 TRACE 81444 --- [    Test worker] o.h.type.descriptor.sql.BasicExtractor   : extracted value ([code2_0_] : [VARCHAR]) - [XE719]
2019-06-13 17:57:29.196 TRACE 81444 --- [    Test worker] o.h.type.descriptor.sql.BasicExtractor   : extracted value ([date_created3_0_] : [TIMESTAMP]) - [2019-05-23 15:54:28.0]
2019-06-13 17:57:29.196 TRACE 81444 --- [    Test worker] o.h.type.descriptor.sql.BasicExtractor   : extracted value ([is_active4_0_] : [BIT]) - [true]
2019-06-13 17:57:29.196 TRACE 81444 --- [    Test worker] o.h.type.descriptor.sql.BasicExtractor   : extracted value ([last_updated5_0_] : [TIMESTAMP]) - [2019-05-24 14:50:29.0]
2019-06-13 17:57:29.196 TRACE 81444 --- [    Test worker] o.h.type.descriptor.sql.BasicExtractor   : extracted value ([last_updator_id6_0_] : [BIGINT]) - [6]
2019-06-13 17:57:29.196 TRACE 81444 --- [    Test worker] o.h.type.descriptor.sql.BasicExtractor   : extracted value ([my_parent_id7_0_] : [BIGINT]) - [null]
2019-06-13 17:57:29.196 TRACE 81444 --- [    Test worker] o.h.type.descriptor.sql.BasicExtractor   : extracted value ([name8_0_] : [VARCHAR]) - [교육학과(한국어)]
2019-06-13 17:57:29.196 TRACE 81444 --- [    Test worker] o.h.type.descriptor.sql.BasicExtractor   : extracted value ([id1_0_] : [BIGINT]) - [627]
2019-06-13 17:57:29.196 TRACE 81444 --- [    Test worker] o.h.type.descriptor.sql.BasicExtractor   : extracted value ([code2_0_] : [VARCHAR]) - [XE720]
2019-06-13 17:57:29.196 TRACE 81444 --- [    Test worker] o.h.type.descriptor.sql.BasicExtractor   : extracted value ([date_created3_0_] : [TIMESTAMP]) - [2019-05-23 15:54:29.0]
2019-06-13 17:57:29.196 TRACE 81444 --- [    Test worker] o.h.type.descriptor.sql.BasicExtractor   : extracted value ([is_active4_0_] : [BIT]) - [true]
2019-06-13 17:57:29.196 TRACE 81444 --- [    Test worker] o.h.type.descriptor.sql.BasicExtractor   : extracted value ([last_updated5_0_] : [TIMESTAMP]) - [2019-05-24 14:50:29.0]
2019-06-13 17:57:29.196 TRACE 81444 --- [    Test worker] o.h.type.descriptor.sql.BasicExtractor   : extracted value ([last_updator_id6_0_] : [BIGINT]) - [6]
2019-06-13 17:57:29.196 TRACE 81444 --- [    Test worker] o.h.type.descriptor.sql.BasicExtractor   : extracted value ([my_parent_id7_0_] : [BIGINT]) - [null]
2019-06-13 17:57:29.196 TRACE 81444 --- [    Test worker] o.h.type.descriptor.sql.BasicExtractor   : extracted value ([name8_0_] : [VARCHAR]) - [교육학과(철학)]
2019-06-13 17:57:29.196 TRACE 81444 --- [    Test worker] o.h.type.descriptor.sql.BasicExtractor   : extracted value ([id1_0_] : [BIGINT]) - [628]
2019-06-13 17:57:29.196 TRACE 81444 --- [    Test worker] o.h.type.descriptor.sql.BasicExtractor   : extracted value ([code2_0_] : [VARCHAR]) - [XE721]
2019-06-13 17:57:29.196 TRACE 81444 --- [    Test worker] o.h.type.descriptor.sql.BasicExtractor   : extracted value ([date_created3_0_] : [TIMESTAMP]) - [2019-05-23 15:54:29.0]
2019-06-13 17:57:29.196 TRACE 81444 --- [    Test worker] o.h.type.descriptor.sql.BasicExtractor   : extracted value ([is_active4_0_] : [BIT]) - [true]
2019-06-13 17:57:29.196 TRACE 81444 --- [    Test worker] o.h.type.descriptor.sql.BasicExtractor   : extracted value ([last_updated5_0_] : [TIMESTAMP]) - [2019-05-24 14:50:29.0]
2019-06-13 17:57:29.196 TRACE 81444 --- [    Test worker] o.h.type.descriptor.sql.BasicExtractor   : extracted value ([last_updator_id6_0_] : [BIGINT]) - [6]
2019-06-13 17:57:29.196 TRACE 81444 --- [    Test worker] o.h.type.descriptor.sql.BasicExtractor   : extracted value ([my_parent_id7_0_] : [BIGINT]) - [null]
2019-06-13 17:57:29.196 TRACE 81444 --- [    Test worker] o.h.type.descriptor.sql.BasicExtractor   : extracted value ([name8_0_] : [VARCHAR]) - [교육학과(음악)]
2019-06-13 17:57:29.196 TRACE 81444 --- [    Test worker] o.h.type.descriptor.sql.BasicExtractor   : extracted value ([id1_0_] : [BIGINT]) - [629]
2019-06-13 17:57:29.196 TRACE 81444 --- [    Test worker] o.h.type.descriptor.sql.BasicExtractor   : extracted value ([code2_0_] : [VARCHAR]) - [XE722]
2019-06-13 17:57:29.196 TRACE 81444 --- [    Test worker] o.h.type.descriptor.sql.BasicExtractor   : extracted value ([date_created3_0_] : [TIMESTAMP]) - [2019-05-23 15:54:30.0]
2019-06-13 17:57:29.196 TRACE 81444 --- [    Test worker] o.h.type.descriptor.sql.BasicExtractor   : extracted value ([is_active4_0_] : [BIT]) - [true]
2019-06-13 17:57:29.196 TRACE 81444 --- [    Test worker] o.h.type.descriptor.sql.BasicExtractor   : extracted value ([last_updated5_0_] : [TIMESTAMP]) - [2019-05-24 14:50:30.0]
2019-06-13 17:57:29.196 TRACE 81444 --- [    Test worker] o.h.type.descriptor.sql.BasicExtractor   : extracted value ([last_updator_id6_0_] : [BIGINT]) - [6]
2019-06-13 17:57:29.196 TRACE 81444 --- [    Test worker] o.h.type.descriptor.sql.BasicExtractor   : extracted value ([my_parent_id7_0_] : [BIGINT]) - [null]
2019-06-13 17:57:29.197 TRACE 81444 --- [    Test worker] o.h.type.descriptor.sql.BasicExtractor   : extracted value ([name8_0_] : [VARCHAR]) - [교육학과(중국어)]
2019-06-13 17:57:29.197 TRACE 81444 --- [    Test worker] o.h.type.descriptor.sql.BasicExtractor   : extracted value ([id1_0_] : [BIGINT]) - [630]
2019-06-13 17:57:29.197 TRACE 81444 --- [    Test worker] o.h.type.descriptor.sql.BasicExtractor   : extracted value ([code2_0_] : [VARCHAR]) - [XE723]
2019-06-13 17:57:29.197 TRACE 81444 --- [    Test worker] o.h.type.descriptor.sql.BasicExtractor   : extracted value ([date_created3_0_] : [TIMESTAMP]) - [2019-05-23 15:54:30.0]
2019-06-13 17:57:29.197 TRACE 81444 --- [    Test worker] o.h.type.descriptor.sql.BasicExtractor   : extracted value ([is_active4_0_] : [BIT]) - [true]
2019-06-13 17:57:29.197 TRACE 81444 --- [    Test worker] o.h.type.descriptor.sql.BasicExtractor   : extracted value ([last_updated5_0_] : [TIMESTAMP]) - [2019-05-24 14:50:30.0]
2019-06-13 17:57:29.197 TRACE 81444 --- [    Test worker] o.h.type.descriptor.sql.BasicExtractor   : extracted value ([last_updator_id6_0_] : [BIGINT]) - [6]
2019-06-13 17:57:29.197 TRACE 81444 --- [    Test worker] o.h.type.descriptor.sql.BasicExtractor   : extracted value ([my_parent_id7_0_] : [BIGINT]) - [null]
2019-06-13 17:57:29.197 TRACE 81444 --- [    Test worker] o.h.type.descriptor.sql.BasicExtractor   : extracted value ([name8_0_] : [VARCHAR]) - [교육학과(컴퓨터정보)]
2019-06-13 17:57:29.214 TRACE 81444 --- [    Test worker] o.h.type.descriptor.sql.BasicExtractor   : extracted value ([id1_0_] : [BIGINT]) - [631]
2019-06-13 17:57:29.214 TRACE 81444 --- [    Test worker] o.h.type.descriptor.sql.BasicExtractor   : extracted value ([code2_0_] : [VARCHAR]) - [XE724]
2019-06-13 17:57:29.214 TRACE 81444 --- [    Test worker] o.h.type.descriptor.sql.BasicExtractor   : extracted value ([date_created3_0_] : [TIMESTAMP]) - [2019-05-23 15:54:30.0]
2019-06-13 17:57:29.214 TRACE 81444 --- [    Test worker] o.h.type.descriptor.sql.BasicExtractor   : extracted value ([is_active4_0_] : [BIT]) - [true]
2019-06-13 17:57:29.214 TRACE 81444 --- [    Test worker] o.h.type.descriptor.sql.BasicExtractor   : extracted value ([last_updated5_0_] : [TIMESTAMP]) - [2019-05-24 14:50:30.0]
2019-06-13 17:57:29.214 TRACE 81444 --- [    Test worker] o.h.type.descriptor.sql.BasicExtractor   : extracted value ([last_updator_id6_0_] : [BIGINT]) - [6]
2019-06-13 17:57:29.214 TRACE 81444 --- [    Test worker] o.h.type.descriptor.sql.BasicExtractor   : extracted value ([my_parent_id7_0_] : [BIGINT]) - [null]
2019-06-13 17:57:29.214 TRACE 81444 --- [    Test worker] o.h.type.descriptor.sql.BasicExtractor   : extracted value ([name8_0_] : [VARCHAR]) - [교육학과(상업정보)]
2019-06-13 17:57:29.214 TRACE 81444 --- [    Test worker] o.h.type.descriptor.sql.BasicExtractor   : extracted value ([id1_0_] : [BIGINT]) - [632]
2019-06-13 17:57:29.215 TRACE 81444 --- [    Test worker] o.h.type.descriptor.sql.BasicExtractor   : extracted value ([code2_0_] : [VARCHAR]) - [XE725]
2019-06-13 17:57:29.215 TRACE 81444 --- [    Test worker] o.h.type.descriptor.sql.BasicExtractor   : extracted value ([date_created3_0_] : [TIMESTAMP]) - [2019-05-23 15:54:31.0]
2019-06-13 17:57:29.215 TRACE 81444 --- [    Test worker] o.h.type.descriptor.sql.BasicExtractor   : extracted value ([is_active4_0_] : [BIT]) - [true]
2019-06-13 17:57:29.215 TRACE 81444 --- [    Test worker] o.h.type.descriptor.sql.BasicExtractor   : extracted value ([last_updated5_0_] : [TIMESTAMP]) - [2019-05-24 14:50:30.0]
2019-06-13 17:57:29.215 TRACE 81444 --- [    Test worker] o.h.type.descriptor.sql.BasicExtractor   : extracted value ([last_updator_id6_0_] : [BIGINT]) - [6]
2019-06-13 17:57:29.215 TRACE 81444 --- [    Test worker] o.h.type.descriptor.sql.BasicExtractor   : extracted value ([my_parent_id7_0_] : [BIGINT]) - [null]
2019-06-13 17:57:29.215 TRACE 81444 --- [    Test worker] o.h.type.descriptor.sql.BasicExtractor   : extracted value ([name8_0_] : [VARCHAR]) - [교육학과(논리ㆍ철학)]
2019-06-13 17:57:29.215 TRACE 81444 --- [    Test worker] o.h.type.descriptor.sql.BasicExtractor   : extracted value ([id1_0_] : [BIGINT]) - [633]
2019-06-13 17:57:29.215 TRACE 81444 --- [    Test worker] o.h.type.descriptor.sql.BasicExtractor   : extracted value ([code2_0_] : [VARCHAR]) - [XE726]
2019-06-13 17:57:29.215 TRACE 81444 --- [    Test worker] o.h.type.descriptor.sql.BasicExtractor   : extracted value ([date_created3_0_] : [TIMESTAMP]) - [2019-05-23 15:54:31.0]
2019-06-13 17:57:29.215 TRACE 81444 --- [    Test worker] o.h.type.descriptor.sql.BasicExtractor   : extracted value ([is_active4_0_] : [BIT]) - [true]
2019-06-13 17:57:29.215 TRACE 81444 --- [    Test worker] o.h.type.descriptor.sql.BasicExtractor   : extracted value ([last_updated5_0_] : [TIMESTAMP]) - [2019-05-24 14:50:31.0]
2019-06-13 17:57:29.215 TRACE 81444 --- [    Test worker] o.h.type.descriptor.sql.BasicExtractor   : extracted value ([last_updator_id6_0_] : [BIGINT]) - [6]
2019-06-13 17:57:29.215 TRACE 81444 --- [    Test worker] o.h.type.descriptor.sql.BasicExtractor   : extracted value ([my_parent_id7_0_] : [BIGINT]) - [null]
2019-06-13 17:57:29.215 TRACE 81444 --- [    Test worker] o.h.type.descriptor.sql.BasicExtractor   : extracted value ([name8_0_] : [VARCHAR]) - [교육학과(지구과학)]
2019-06-13 17:57:29.216 TRACE 81444 --- [    Test worker] o.h.type.descriptor.sql.BasicExtractor   : extracted value ([id1_0_] : [BIGINT]) - [634]
2019-06-13 17:57:29.216 TRACE 81444 --- [    Test worker] o.h.type.descriptor.sql.BasicExtractor   : extracted value ([code2_0_] : [VARCHAR]) - [XE727]
2019-06-13 17:57:29.216 TRACE 81444 --- [    Test worker] o.h.type.descriptor.sql.BasicExtractor   : extracted value ([date_created3_0_] : [TIMESTAMP]) - [2019-05-23 15:54:31.0]
2019-06-13 17:57:29.216 TRACE 81444 --- [    Test worker] o.h.type.descriptor.sql.BasicExtractor   : extracted value ([is_active4_0_] : [BIT]) - [true]
2019-06-13 17:57:29.216 TRACE 81444 --- [    Test worker] o.h.type.descriptor.sql.BasicExtractor   : extracted value ([last_updated5_0_] : [TIMESTAMP]) - [2019-05-24 14:50:31.0]
2019-06-13 17:57:29.216 TRACE 81444 --- [    Test worker] o.h.type.descriptor.sql.BasicExtractor   : extracted value ([last_updator_id6_0_] : [BIGINT]) - [6]
2019-06-13 17:57:29.216 TRACE 81444 --- [    Test worker] o.h.type.descriptor.sql.BasicExtractor   : extracted value ([my_parent_id7_0_] : [BIGINT]) - [null]
2019-06-13 17:57:29.216 TRACE 81444 --- [    Test worker] o.h.type.descriptor.sql.BasicExtractor   : extracted value ([name8_0_] : [VARCHAR]) - [교육학과(영양)]
2019-06-13 17:57:29.216 TRACE 81444 --- [    Test worker] o.h.type.descriptor.sql.BasicExtractor   : extracted value ([id1_0_] : [BIGINT]) - [635]
2019-06-13 17:57:29.216 TRACE 81444 --- [    Test worker] o.h.type.descriptor.sql.BasicExtractor   : extracted value ([code2_0_] : [VARCHAR]) - [XF000]
2019-06-13 17:57:29.217 TRACE 81444 --- [    Test worker] o.h.type.descriptor.sql.BasicExtractor   : extracted value ([date_created3_0_] : [TIMESTAMP]) - [2019-05-23 15:54:32.0]
2019-06-13 17:57:29.217 TRACE 81444 --- [    Test worker] o.h.type.descriptor.sql.BasicExtractor   : extracted value ([is_active4_0_] : [BIT]) - [true]
2019-06-13 17:57:29.217 TRACE 81444 --- [    Test worker] o.h.type.descriptor.sql.BasicExtractor   : extracted value ([last_updated5_0_] : [TIMESTAMP]) - [2019-05-23 15:54:32.0]
2019-06-13 17:57:29.217 TRACE 81444 --- [    Test worker] o.h.type.descriptor.sql.BasicExtractor   : extracted value ([last_updator_id6_0_] : [BIGINT]) - [6]
2019-06-13 17:57:29.217 TRACE 81444 --- [    Test worker] o.h.type.descriptor.sql.BasicExtractor   : extracted value ([my_parent_id7_0_] : [BIGINT]) - [null]
2019-06-13 17:57:29.217 TRACE 81444 --- [    Test worker] o.h.type.descriptor.sql.BasicExtractor   : extracted value ([name8_0_] : [VARCHAR]) - [대학원(석박사통합과정)]
2019-06-13 17:57:29.217 TRACE 81444 --- [    Test worker] o.h.type.descriptor.sql.BasicExtractor   : extracted value ([id1_0_] : [BIGINT]) - [636]
2019-06-13 17:57:29.217 TRACE 81444 --- [    Test worker] o.h.type.descriptor.sql.BasicExtractor   : extracted value ([code2_0_] : [VARCHAR]) - [XF201]
2019-06-13 17:57:29.217 TRACE 81444 --- [    Test worker] o.h.type.descriptor.sql.BasicExtractor   : extracted value ([date_created3_0_] : [TIMESTAMP]) - [2019-05-23 15:54:32.0]
2019-06-13 17:57:29.217 TRACE 81444 --- [    Test worker] o.h.type.descriptor.sql.BasicExtractor   : extracted value ([is_active4_0_] : [BIT]) - [true]
2019-06-13 17:57:29.217 TRACE 81444 --- [    Test worker] o.h.type.descriptor.sql.BasicExtractor   : extracted value ([last_updated5_0_] : [TIMESTAMP]) - [2019-05-24 14:50:32.0]
2019-06-13 17:57:29.217 TRACE 81444 --- [    Test worker] o.h.type.descriptor.sql.BasicExtractor   : extracted value ([last_updator_id6_0_] : [BIGINT]) - [6]
2019-06-13 17:57:29.217 TRACE 81444 --- [    Test worker] o.h.type.descriptor.sql.BasicExtractor   : extracted value ([my_parent_id7_0_] : [BIGINT]) - [null]
2019-06-13 17:57:29.217 TRACE 81444 --- [    Test worker] o.h.type.descriptor.sql.BasicExtractor   : extracted value ([name8_0_] : [VARCHAR]) - [해양학과]
2019-06-13 17:57:29.217 TRACE 81444 --- [    Test worker] o.h.type.descriptor.sql.BasicExtractor   : extracted value ([id1_0_] : [BIGINT]) - [637]
2019-06-13 17:57:29.217 TRACE 81444 --- [    Test worker] o.h.type.descriptor.sql.BasicExtractor   : extracted value ([code2_0_] : [VARCHAR]) - [XF202]
2019-06-13 17:57:29.217 TRACE 81444 --- [    Test worker] o.h.type.descriptor.sql.BasicExtractor   : extracted value ([date_created3_0_] : [TIMESTAMP]) - [2019-05-23 15:54:32.0]
2019-06-13 17:57:29.217 TRACE 81444 --- [    Test worker] o.h.type.descriptor.sql.BasicExtractor   : extracted value ([is_active4_0_] : [BIT]) - [true]
2019-06-13 17:57:29.217 TRACE 81444 --- [    Test worker] o.h.type.descriptor.sql.BasicExtractor   : extracted value ([last_updated5_0_] : [TIMESTAMP]) - [2019-05-24 14:50:32.0]
2019-06-13 17:57:29.217 TRACE 81444 --- [    Test worker] o.h.type.descriptor.sql.BasicExtractor   : extracted value ([last_updator_id6_0_] : [BIGINT]) - [6]
2019-06-13 17:57:29.217 TRACE 81444 --- [    Test worker] o.h.type.descriptor.sql.BasicExtractor   : extracted value ([my_parent_id7_0_] : [BIGINT]) - [null]
2019-06-13 17:57:29.217 TRACE 81444 --- [    Test worker] o.h.type.descriptor.sql.BasicExtractor   : extracted value ([name8_0_] : [VARCHAR]) - [수산과학과]
2019-06-13 17:57:29.217 TRACE 81444 --- [    Test worker] o.h.type.descriptor.sql.BasicExtractor   : extracted value ([id1_0_] : [BIGINT]) - [638]
2019-06-13 17:57:29.217 TRACE 81444 --- [    Test worker] o.h.type.descriptor.sql.BasicExtractor   : extracted value ([code2_0_] : [VARCHAR]) - [XF204]
2019-06-13 17:57:29.217 TRACE 81444 --- [    Test worker] o.h.type.descriptor.sql.BasicExtractor   : extracted value ([date_created3_0_] : [TIMESTAMP]) - [2019-05-23 15:54:33.0]
2019-06-13 17:57:29.217 TRACE 81444 --- [    Test worker] o.h.type.descriptor.sql.BasicExtractor   : extracted value ([is_active4_0_] : [BIT]) - [true]
2019-06-13 17:57:29.217 TRACE 81444 --- [    Test worker] o.h.type.descriptor.sql.BasicExtractor   : extracted value ([last_updated5_0_] : [TIMESTAMP]) - [2019-05-24 14:50:32.0]
2019-06-13 17:57:29.217 TRACE 81444 --- [    Test worker] o.h.type.descriptor.sql.BasicExtractor   : extracted value ([last_updator_id6_0_] : [BIGINT]) - [6]
2019-06-13 17:57:29.217 TRACE 81444 --- [    Test worker] o.h.type.descriptor.sql.BasicExtractor   : extracted value ([my_parent_id7_0_] : [BIGINT]) - [null]
2019-06-13 17:57:29.217 TRACE 81444 --- [    Test worker] o.h.type.descriptor.sql.BasicExtractor   : extracted value ([name8_0_] : [VARCHAR]) - [화학과]
2019-06-13 17:57:29.217 TRACE 81444 --- [    Test worker] o.h.type.descriptor.sql.BasicExtractor   : extracted value ([id1_0_] : [BIGINT]) - [639]
2019-06-13 17:57:29.218 TRACE 81444 --- [    Test worker] o.h.type.descriptor.sql.BasicExtractor   : extracted value ([code2_0_] : [VARCHAR]) - [XF205]
2019-06-13 17:57:29.218 TRACE 81444 --- [    Test worker] o.h.type.descriptor.sql.BasicExtractor   : extracted value ([date_created3_0_] : [TIMESTAMP]) - [2019-05-23 15:54:33.0]
2019-06-13 17:57:29.218 TRACE 81444 --- [    Test worker] o.h.type.descriptor.sql.BasicExtractor   : extracted value ([is_active4_0_] : [BIT]) - [true]
2019-06-13 17:57:29.218 TRACE 81444 --- [    Test worker] o.h.type.descriptor.sql.BasicExtractor   : extracted value ([last_updated5_0_] : [TIMESTAMP]) - [2019-05-24 14:50:33.0]
2019-06-13 17:57:29.218 TRACE 81444 --- [    Test worker] o.h.type.descriptor.sql.BasicExtractor   : extracted value ([last_updator_id6_0_] : [BIGINT]) - [6]
2019-06-13 17:57:29.218 TRACE 81444 --- [    Test worker] o.h.type.descriptor.sql.BasicExtractor   : extracted value ([my_parent_id7_0_] : [BIGINT]) - [null]
2019-06-13 17:57:29.218 TRACE 81444 --- [    Test worker] o.h.type.descriptor.sql.BasicExtractor   : extracted value ([name8_0_] : [VARCHAR]) - [생물학과]
2019-06-13 17:57:29.218 TRACE 81444 --- [    Test worker] o.h.type.descriptor.sql.BasicExtractor   : extracted value ([id1_0_] : [BIGINT]) - [640]
2019-06-13 17:57:29.218 TRACE 81444 --- [    Test worker] o.h.type.descriptor.sql.BasicExtractor   : extracted value ([code2_0_] : [VARCHAR]) - [XF206]
2019-06-13 17:57:29.218 TRACE 81444 --- [    Test worker] o.h.type.descriptor.sql.BasicExtractor   : extracted value ([date_created3_0_] : [TIMESTAMP]) - [2019-05-23 15:54:33.0]
2019-06-13 17:57:29.218 TRACE 81444 --- [    Test worker] o.h.type.descriptor.sql.BasicExtractor   : extracted value ([is_active4_0_] : [BIT]) - [true]
2019-06-13 17:57:29.218 TRACE 81444 --- [    Test worker] o.h.type.descriptor.sql.BasicExtractor   : extracted value ([last_updated5_0_] : [TIMESTAMP]) - [2019-05-24 14:50:33.0]
2019-06-13 17:57:29.218 TRACE 81444 --- [    Test worker] o.h.type.descriptor.sql.BasicExtractor   : extracted value ([last_updator_id6_0_] : [BIGINT]) - [6]
2019-06-13 17:57:29.218 TRACE 81444 --- [    Test worker] o.h.type.descriptor.sql.BasicExtractor   : extracted value ([my_parent_id7_0_] : [BIGINT]) - [null]
2019-06-13 17:57:29.218 TRACE 81444 --- [    Test worker] o.h.type.descriptor.sql.BasicExtractor   : extracted value ([name8_0_] : [VARCHAR]) - [물리학과]
2019-06-13 17:57:29.235 TRACE 81444 --- [    Test worker] o.h.type.descriptor.sql.BasicExtractor   : extracted value ([id1_0_] : [BIGINT]) - [641]
2019-06-13 17:57:29.235 TRACE 81444 --- [    Test worker] o.h.type.descriptor.sql.BasicExtractor   : extracted value ([code2_0_] : [VARCHAR]) - [XF209]
2019-06-13 17:57:29.235 TRACE 81444 --- [    Test worker] o.h.type.descriptor.sql.BasicExtractor   : extracted value ([date_created3_0_] : [TIMESTAMP]) - [2019-05-23 15:54:34.0]
2019-06-13 17:57:29.235 TRACE 81444 --- [    Test worker] o.h.type.descriptor.sql.BasicExtractor   : extracted value ([is_active4_0_] : [BIT]) - [true]
2019-06-13 17:57:29.235 TRACE 81444 --- [    Test worker] o.h.type.descriptor.sql.BasicExtractor   : extracted value ([last_updated5_0_] : [TIMESTAMP]) - [2019-05-24 14:50:33.0]
2019-06-13 17:57:29.235 TRACE 81444 --- [    Test worker] o.h.type.descriptor.sql.BasicExtractor   : extracted value ([last_updator_id6_0_] : [BIGINT]) - [6]
2019-06-13 17:57:29.235 TRACE 81444 --- [    Test worker] o.h.type.descriptor.sql.BasicExtractor   : extracted value ([my_parent_id7_0_] : [BIGINT]) - [null]
2019-06-13 17:57:29.235 TRACE 81444 --- [    Test worker] o.h.type.descriptor.sql.BasicExtractor   : extracted value ([name8_0_] : [VARCHAR]) - [전자정보공학부]
2019-06-13 17:57:29.236 TRACE 81444 --- [    Test worker] o.h.type.descriptor.sql.BasicExtractor   : extracted value ([id1_0_] : [BIGINT]) - [642]
2019-06-13 17:57:29.236 TRACE 81444 --- [    Test worker] o.h.type.descriptor.sql.BasicExtractor   : extracted value ([code2_0_] : [VARCHAR]) - [XF210]
2019-06-13 17:57:29.236 TRACE 81444 --- [    Test worker] o.h.type.descriptor.sql.BasicExtractor   : extracted value ([date_created3_0_] : [TIMESTAMP]) - [2019-05-23 15:54:34.0]
2019-06-13 17:57:29.236 TRACE 81444 --- [    Test worker] o.h.type.descriptor.sql.BasicExtractor   : extracted value ([is_active4_0_] : [BIT]) - [true]
2019-06-13 17:57:29.236 TRACE 81444 --- [    Test worker] o.h.type.descriptor.sql.BasicExtractor   : extracted value ([last_updated5_0_] : [TIMESTAMP]) - [2019-05-24 14:50:33.0]
2019-06-13 17:57:29.236 TRACE 81444 --- [    Test worker] o.h.type.descriptor.sql.BasicExtractor   : extracted value ([last_updator_id6_0_] : [BIGINT]) - [6]
2019-06-13 17:57:29.236 TRACE 81444 --- [    Test worker] o.h.type.descriptor.sql.BasicExtractor   : extracted value ([my_parent_id7_0_] : [BIGINT]) - [null]
2019-06-13 17:57:29.236 TRACE 81444 --- [    Test worker] o.h.type.descriptor.sql.BasicExtractor   : extracted value ([name8_0_] : [VARCHAR]) - [기계공학과]
2019-06-13 17:57:29.236 TRACE 81444 --- [    Test worker] o.h.type.descriptor.sql.BasicExtractor   : extracted value ([id1_0_] : [BIGINT]) - [643]
2019-06-13 17:57:29.236 TRACE 81444 --- [    Test worker] o.h.type.descriptor.sql.BasicExtractor   : extracted value ([code2_0_] : [VARCHAR]) - [XF211]
2019-06-13 17:57:29.236 TRACE 81444 --- [    Test worker] o.h.type.descriptor.sql.BasicExtractor   : extracted value ([date_created3_0_] : [TIMESTAMP]) - [2019-05-23 15:54:34.0]
2019-06-13 17:57:29.236 TRACE 81444 --- [    Test worker] o.h.type.descriptor.sql.BasicExtractor   : extracted value ([is_active4_0_] : [BIT]) - [true]
2019-06-13 17:57:29.236 TRACE 81444 --- [    Test worker] o.h.type.descriptor.sql.BasicExtractor   : extracted value ([last_updated5_0_] : [TIMESTAMP]) - [2019-05-24 14:50:34.0]
2019-06-13 17:57:29.236 TRACE 81444 --- [    Test worker] o.h.type.descriptor.sql.BasicExtractor   : extracted value ([last_updator_id6_0_] : [BIGINT]) - [6]
2019-06-13 17:57:29.236 TRACE 81444 --- [    Test worker] o.h.type.descriptor.sql.BasicExtractor   : extracted value ([my_parent_id7_0_] : [BIGINT]) - [null]
2019-06-13 17:57:29.236 TRACE 81444 --- [    Test worker] o.h.type.descriptor.sql.BasicExtractor   : extracted value ([name8_0_] : [VARCHAR]) - [해양산업공학과]
2019-06-13 17:57:29.236 TRACE 81444 --- [    Test worker] o.h.type.descriptor.sql.BasicExtractor   : extracted value ([id1_0_] : [BIGINT]) - [644]
2019-06-13 17:57:29.237 TRACE 81444 --- [    Test worker] o.h.type.descriptor.sql.BasicExtractor   : extracted value ([code2_0_] : [VARCHAR]) - [XF213]
2019-06-13 17:57:29.237 TRACE 81444 --- [    Test worker] o.h.type.descriptor.sql.BasicExtractor   : extracted value ([date_created3_0_] : [TIMESTAMP]) - [2019-05-23 15:54:35.0]
2019-06-13 17:57:29.237 TRACE 81444 --- [    Test worker] o.h.type.descriptor.sql.BasicExtractor   : extracted value ([is_active4_0_] : [BIT]) - [true]
2019-06-13 17:57:29.237 TRACE 81444 --- [    Test worker] o.h.type.descriptor.sql.BasicExtractor   : extracted value ([last_updated5_0_] : [TIMESTAMP]) - [2019-05-24 14:50:34.0]
2019-06-13 17:57:29.237 TRACE 81444 --- [    Test worker] o.h.type.descriptor.sql.BasicExtractor   : extracted value ([last_updator_id6_0_] : [BIGINT]) - [6]
2019-06-13 17:57:29.237 TRACE 81444 --- [    Test worker] o.h.type.descriptor.sql.BasicExtractor   : extracted value ([my_parent_id7_0_] : [BIGINT]) - [null]
2019-06-13 17:57:29.237 TRACE 81444 --- [    Test worker] o.h.type.descriptor.sql.BasicExtractor   : extracted value ([name8_0_] : [VARCHAR]) - [영어영문학과]
2019-06-13 17:57:29.237 TRACE 81444 --- [    Test worker] o.h.type.descriptor.sql.BasicExtractor   : extracted value ([id1_0_] : [BIGINT]) - [645]
2019-06-13 17:57:29.237 TRACE 81444 --- [    Test worker] o.h.type.descriptor.sql.BasicExtractor   : extracted value ([code2_0_] : [VARCHAR]) - [XF215]
2019-06-13 17:57:29.237 TRACE 81444 --- [    Test worker] o.h.type.descriptor.sql.BasicExtractor   : extracted value ([date_created3_0_] : [TIMESTAMP]) - [2019-05-23 15:54:35.0]
2019-06-13 17:57:29.237 TRACE 81444 --- [    Test worker] o.h.type.descriptor.sql.BasicExtractor   : extracted value ([is_active4_0_] : [BIT]) - [true]
2019-06-13 17:57:29.237 TRACE 81444 --- [    Test worker] o.h.type.descriptor.sql.BasicExtractor   : extracted value ([last_updated5_0_] : [TIMESTAMP]) - [2019-05-24 14:50:34.0]
2019-06-13 17:57:29.237 TRACE 81444 --- [    Test worker] o.h.type.descriptor.sql.BasicExtractor   : extracted value ([last_updator_id6_0_] : [BIGINT]) - [6]
2019-06-13 17:57:29.237 TRACE 81444 --- [    Test worker] o.h.type.descriptor.sql.BasicExtractor   : extracted value ([my_parent_id7_0_] : [BIGINT]) - [null]
2019-06-13 17:57:29.237 TRACE 81444 --- [    Test worker] o.h.type.descriptor.sql.BasicExtractor   : extracted value ([name8_0_] : [VARCHAR]) - [체육학과]
2019-06-13 17:57:29.237 TRACE 81444 --- [    Test worker] o.h.type.descriptor.sql.BasicExtractor   : extracted value ([id1_0_] : [BIGINT]) - [646]
2019-06-13 17:57:29.237 TRACE 81444 --- [    Test worker] o.h.type.descriptor.sql.BasicExtractor   : extracted value ([code2_0_] : [VARCHAR]) - [XF216]
2019-06-13 17:57:29.237 TRACE 81444 --- [    Test worker] o.h.type.descriptor.sql.BasicExtractor   : extracted value ([date_created3_0_] : [TIMESTAMP]) - [2019-05-23 15:54:35.0]
2019-06-13 17:57:29.237 TRACE 81444 --- [    Test worker] o.h.type.descriptor.sql.BasicExtractor   : extracted value ([is_active4_0_] : [BIT]) - [true]
2019-06-13 17:57:29.237 TRACE 81444 --- [    Test worker] o.h.type.descriptor.sql.BasicExtractor   : extracted value ([last_updated5_0_] : [TIMESTAMP]) - [2019-05-24 14:50:35.0]
2019-06-13 17:57:29.237 TRACE 81444 --- [    Test worker] o.h.type.descriptor.sql.BasicExtractor   : extracted value ([last_updator_id6_0_] : [BIGINT]) - [6]
2019-06-13 17:57:29.237 TRACE 81444 --- [    Test worker] o.h.type.descriptor.sql.BasicExtractor   : extracted value ([my_parent_id7_0_] : [BIGINT]) - [null]
2019-06-13 17:57:29.237 TRACE 81444 --- [    Test worker] o.h.type.descriptor.sql.BasicExtractor   : extracted value ([name8_0_] : [VARCHAR]) - [국어국문학과]
2019-06-13 17:57:29.237 TRACE 81444 --- [    Test worker] o.h.type.descriptor.sql.BasicExtractor   : extracted value ([id1_0_] : [BIGINT]) - [647]
2019-06-13 17:57:29.238 TRACE 81444 --- [    Test worker] o.h.type.descriptor.sql.BasicExtractor   : extracted value ([code2_0_] : [VARCHAR]) - [XF217]
2019-06-13 17:57:29.238 TRACE 81444 --- [    Test worker] o.h.type.descriptor.sql.BasicExtractor   : extracted value ([date_created3_0_] : [TIMESTAMP]) - [2019-05-23 15:54:36.0]
2019-06-13 17:57:29.238 TRACE 81444 --- [    Test worker] o.h.type.descriptor.sql.BasicExtractor   : extracted value ([is_active4_0_] : [BIT]) - [true]
2019-06-13 17:57:29.238 TRACE 81444 --- [    Test worker] o.h.type.descriptor.sql.BasicExtractor   : extracted value ([last_updated5_0_] : [TIMESTAMP]) - [2019-05-24 14:50:35.0]
2019-06-13 17:57:29.238 TRACE 81444 --- [    Test worker] o.h.type.descriptor.sql.BasicExtractor   : extracted value ([last_updator_id6_0_] : [BIGINT]) - [6]
2019-06-13 17:57:29.238 TRACE 81444 --- [    Test worker] o.h.type.descriptor.sql.BasicExtractor   : extracted value ([my_parent_id7_0_] : [BIGINT]) - [null]
2019-06-13 17:57:29.238 TRACE 81444 --- [    Test worker] o.h.type.descriptor.sql.BasicExtractor   : extracted value ([name8_0_] : [VARCHAR]) - [경영학과]
2019-06-13 17:57:29.238 TRACE 81444 --- [    Test worker] o.h.type.descriptor.sql.BasicExtractor   : extracted value ([id1_0_] : [BIGINT]) - [648]
2019-06-13 17:57:29.238 TRACE 81444 --- [    Test worker] o.h.type.descriptor.sql.BasicExtractor   : extracted value ([code2_0_] : [VARCHAR]) - [XF218]
2019-06-13 17:57:29.238 TRACE 81444 --- [    Test worker] o.h.type.descriptor.sql.BasicExtractor   : extracted value ([date_created3_0_] : [TIMESTAMP]) - [2019-05-23 15:54:36.0]
2019-06-13 17:57:29.238 TRACE 81444 --- [    Test worker] o.h.type.descriptor.sql.BasicExtractor   : extracted value ([is_active4_0_] : [BIT]) - [true]
2019-06-13 17:57:29.239 TRACE 81444 --- [    Test worker] o.h.type.descriptor.sql.BasicExtractor   : extracted value ([last_updated5_0_] : [TIMESTAMP]) - [2019-05-24 14:50:35.0]
2019-06-13 17:57:29.239 TRACE 81444 --- [    Test worker] o.h.type.descriptor.sql.BasicExtractor   : extracted value ([last_updator_id6_0_] : [BIGINT]) - [6]
2019-06-13 17:57:29.239 TRACE 81444 --- [    Test worker] o.h.type.descriptor.sql.BasicExtractor   : extracted value ([my_parent_id7_0_] : [BIGINT]) - [null]
2019-06-13 17:57:29.239 TRACE 81444 --- [    Test worker] o.h.type.descriptor.sql.BasicExtractor   : extracted value ([name8_0_] : [VARCHAR]) - [화학공학과]
2019-06-13 17:57:29.239 TRACE 81444 --- [    Test worker] o.h.type.descriptor.sql.BasicExtractor   : extracted value ([id1_0_] : [BIGINT]) - [649]
2019-06-13 17:57:29.239 TRACE 81444 --- [    Test worker] o.h.type.descriptor.sql.BasicExtractor   : extracted value ([code2_0_] : [VARCHAR]) - [XF219]
2019-06-13 17:57:29.239 TRACE 81444 --- [    Test worker] o.h.type.descriptor.sql.BasicExtractor   : extracted value ([date_created3_0_] : [TIMESTAMP]) - [2019-05-23 15:54:36.0]
2019-06-13 17:57:29.239 TRACE 81444 --- [    Test worker] o.h.type.descriptor.sql.BasicExtractor   : extracted value ([is_active4_0_] : [BIT]) - [true]
2019-06-13 17:57:29.239 TRACE 81444 --- [    Test worker] o.h.type.descriptor.sql.BasicExtractor   : extracted value ([last_updated5_0_] : [TIMESTAMP]) - [2019-05-24 14:50:36.0]
2019-06-13 17:57:29.239 TRACE 81444 --- [    Test worker] o.h.type.descriptor.sql.BasicExtractor   : extracted value ([last_updator_id6_0_] : [BIGINT]) - [6]
2019-06-13 17:57:29.239 TRACE 81444 --- [    Test worker] o.h.type.descriptor.sql.BasicExtractor   : extracted value ([my_parent_id7_0_] : [BIGINT]) - [null]
2019-06-13 17:57:29.239 TRACE 81444 --- [    Test worker] o.h.type.descriptor.sql.BasicExtractor   : extracted value ([name8_0_] : [VARCHAR]) - [건축공학과]
2019-06-13 17:57:29.239 TRACE 81444 --- [    Test worker] o.h.type.descriptor.sql.BasicExtractor   : extracted value ([id1_0_] : [BIGINT]) - [650]
2019-06-13 17:57:29.239 TRACE 81444 --- [    Test worker] o.h.type.descriptor.sql.BasicExtractor   : extracted value ([code2_0_] : [VARCHAR]) - [XF220]
2019-06-13 17:57:29.239 TRACE 81444 --- [    Test worker] o.h.type.descriptor.sql.BasicExtractor   : extracted value ([date_created3_0_] : [TIMESTAMP]) - [2019-05-23 15:54:37.0]
2019-06-13 17:57:29.239 TRACE 81444 --- [    Test worker] o.h.type.descriptor.sql.BasicExtractor   : extracted value ([is_active4_0_] : [BIT]) - [true]
2019-06-13 17:57:29.240 TRACE 81444 --- [    Test worker] o.h.type.descriptor.sql.BasicExtractor   : extracted value ([last_updated5_0_] : [TIMESTAMP]) - [2019-05-23 15:54:37.0]
2019-06-13 17:57:29.240 TRACE 81444 --- [    Test worker] o.h.type.descriptor.sql.BasicExtractor   : extracted value ([last_updator_id6_0_] : [BIGINT]) - [6]
2019-06-13 17:57:29.240 TRACE 81444 --- [    Test worker] o.h.type.descriptor.sql.BasicExtractor   : extracted value ([my_parent_id7_0_] : [BIGINT]) - [null]
2019-06-13 17:57:29.240 TRACE 81444 --- [    Test worker] o.h.type.descriptor.sql.BasicExtractor   : extracted value ([name8_0_] : [VARCHAR]) - [경제통상학과]
2019-06-13 17:57:29.258 TRACE 81444 --- [    Test worker] o.h.type.descriptor.sql.BasicExtractor   : extracted value ([id1_0_] : [BIGINT]) - [651]
2019-06-13 17:57:29.259 TRACE 81444 --- [    Test worker] o.h.type.descriptor.sql.BasicExtractor   : extracted value ([code2_0_] : [VARCHAR]) - [XF221]
2019-06-13 17:57:29.259 TRACE 81444 --- [    Test worker] o.h.type.descriptor.sql.BasicExtractor   : extracted value ([date_created3_0_] : [TIMESTAMP]) - [2019-05-23 15:54:37.0]
2019-06-13 17:57:29.259 TRACE 81444 --- [    Test worker] o.h.type.descriptor.sql.BasicExtractor   : extracted value ([is_active4_0_] : [BIT]) - [true]
2019-06-13 17:57:29.259 TRACE 81444 --- [    Test worker] o.h.type.descriptor.sql.BasicExtractor   : extracted value ([last_updated5_0_] : [TIMESTAMP]) - [2019-05-23 15:54:37.0]
2019-06-13 17:57:29.259 TRACE 81444 --- [    Test worker] o.h.type.descriptor.sql.BasicExtractor   : extracted value ([last_updator_id6_0_] : [BIGINT]) - [6]
2019-06-13 17:57:29.259 TRACE 81444 --- [    Test worker] o.h.type.descriptor.sql.BasicExtractor   : extracted value ([my_parent_id7_0_] : [BIGINT]) - [null]
2019-06-13 17:57:29.259 TRACE 81444 --- [    Test worker] o.h.type.descriptor.sql.BasicExtractor   : extracted value ([name8_0_] : [VARCHAR]) - [사법행정학과]
2019-06-13 17:57:29.259 TRACE 81444 --- [    Test worker] o.h.type.descriptor.sql.BasicExtractor   : extracted value ([id1_0_] : [BIGINT]) - [652]
2019-06-13 17:57:29.259 TRACE 81444 --- [    Test worker] o.h.type.descriptor.sql.BasicExtractor   : extracted value ([code2_0_] : [VARCHAR]) - [XF222]
2019-06-13 17:57:29.259 TRACE 81444 --- [    Test worker] o.h.type.descriptor.sql.BasicExtractor   : extracted value ([date_created3_0_] : [TIMESTAMP]) - [2019-05-23 15:54:38.0]
2019-06-13 17:57:29.259 TRACE 81444 --- [    Test worker] o.h.type.descriptor.sql.BasicExtractor   : extracted value ([is_active4_0_] : [BIT]) - [true]
2019-06-13 17:57:29.259 TRACE 81444 --- [    Test worker] o.h.type.descriptor.sql.BasicExtractor   : extracted value ([last_updated5_0_] : [TIMESTAMP]) - [2019-05-24 14:50:36.0]
2019-06-13 17:57:29.259 TRACE 81444 --- [    Test worker] o.h.type.descriptor.sql.BasicExtractor   : extracted value ([last_updator_id6_0_] : [BIGINT]) - [6]
2019-06-13 17:57:29.259 TRACE 81444 --- [    Test worker] o.h.type.descriptor.sql.BasicExtractor   : extracted value ([my_parent_id7_0_] : [BIGINT]) - [null]
2019-06-13 17:57:29.259 TRACE 81444 --- [    Test worker] o.h.type.descriptor.sql.BasicExtractor   : extracted value ([name8_0_] : [VARCHAR]) - [토목환경공학부]
2019-06-13 17:57:29.260 TRACE 81444 --- [    Test worker] o.h.type.descriptor.sql.BasicExtractor   : extracted value ([id1_0_] : [BIGINT]) - [653]
2019-06-13 17:57:29.260 TRACE 81444 --- [    Test worker] o.h.type.descriptor.sql.BasicExtractor   : extracted value ([code2_0_] : [VARCHAR]) - [XF223]
2019-06-13 17:57:29.260 TRACE 81444 --- [    Test worker] o.h.type.descriptor.sql.BasicExtractor   : extracted value ([date_created3_0_] : [TIMESTAMP]) - [2019-05-23 15:54:40.0]
2019-06-13 17:57:29.260 TRACE 81444 --- [    Test worker] o.h.type.descriptor.sql.BasicExtractor   : extracted value ([is_active4_0_] : [BIT]) - [true]
2019-06-13 17:57:29.260 TRACE 81444 --- [    Test worker] o.h.type.descriptor.sql.BasicExtractor   : extracted value ([last_updated5_0_] : [TIMESTAMP]) - [2019-05-24 14:50:37.0]
2019-06-13 17:57:29.260 TRACE 81444 --- [    Test worker] o.h.type.descriptor.sql.BasicExtractor   : extracted value ([last_updator_id6_0_] : [BIGINT]) - [6]
2019-06-13 17:57:29.260 TRACE 81444 --- [    Test worker] o.h.type.descriptor.sql.BasicExtractor   : extracted value ([my_parent_id7_0_] : [BIGINT]) - [null]
2019-06-13 17:57:29.260 TRACE 81444 --- [    Test worker] o.h.type.descriptor.sql.BasicExtractor   : extracted value ([name8_0_] : [VARCHAR]) - [재료공학과]
2019-06-13 17:57:29.260 TRACE 81444 --- [    Test worker] o.h.type.descriptor.sql.BasicExtractor   : extracted value ([id1_0_] : [BIGINT]) - [654]
2019-06-13 17:57:29.260 TRACE 81444 --- [    Test worker] o.h.type.descriptor.sql.BasicExtractor   : extracted value ([code2_0_] : [VARCHAR]) - [XF224]
2019-06-13 17:57:29.260 TRACE 81444 --- [    Test worker] o.h.type.descriptor.sql.BasicExtractor   : extracted value ([date_created3_0_] : [TIMESTAMP]) - [2019-05-23 15:54:40.0]
2019-06-13 17:57:29.260 TRACE 81444 --- [    Test worker] o.h.type.descriptor.sql.BasicExtractor   : extracted value ([is_active4_0_] : [BIT]) - [true]
2019-06-13 17:57:29.260 TRACE 81444 --- [    Test worker] o.h.type.descriptor.sql.BasicExtractor   : extracted value ([last_updated5_0_] : [TIMESTAMP]) - [2019-05-24 14:50:37.0]
2019-06-13 17:57:29.260 TRACE 81444 --- [    Test worker] o.h.type.descriptor.sql.BasicExtractor   : extracted value ([last_updator_id6_0_] : [BIGINT]) - [6]
2019-06-13 17:57:29.260 TRACE 81444 --- [    Test worker] o.h.type.descriptor.sql.BasicExtractor   : extracted value ([my_parent_id7_0_] : [BIGINT]) - [null]
2019-06-13 17:57:29.260 TRACE 81444 --- [    Test worker] o.h.type.descriptor.sql.BasicExtractor   : extracted value ([name8_0_] : [VARCHAR]) - [컴퓨터정보공학과]
2019-06-13 17:57:29.260 TRACE 81444 --- [    Test worker] o.h.type.descriptor.sql.BasicExtractor   : extracted value ([id1_0_] : [BIGINT]) - [655]
2019-06-13 17:57:29.260 TRACE 81444 --- [    Test worker] o.h.type.descriptor.sql.BasicExtractor   : extracted value ([code2_0_] : [VARCHAR]) - [XF225]
2019-06-13 17:57:29.260 TRACE 81444 --- [    Test worker] o.h.type.descriptor.sql.BasicExtractor   : extracted value ([date_created3_0_] : [TIMESTAMP]) - [2019-05-23 15:54:40.0]
2019-06-13 17:57:29.260 TRACE 81444 --- [    Test worker] o.h.type.descriptor.sql.BasicExtractor   : extracted value ([is_active4_0_] : [BIT]) - [true]
2019-06-13 17:57:29.260 TRACE 81444 --- [    Test worker] o.h.type.descriptor.sql.BasicExtractor   : extracted value ([last_updated5_0_] : [TIMESTAMP]) - [2019-05-24 14:50:37.0]
2019-06-13 17:57:29.260 TRACE 81444 --- [    Test worker] o.h.type.descriptor.sql.BasicExtractor   : extracted value ([last_updator_id6_0_] : [BIGINT]) - [6]
2019-06-13 17:57:29.261 TRACE 81444 --- [    Test worker] o.h.type.descriptor.sql.BasicExtractor   : extracted value ([my_parent_id7_0_] : [BIGINT]) - [null]
2019-06-13 17:57:29.261 TRACE 81444 --- [    Test worker] o.h.type.descriptor.sql.BasicExtractor   : extracted value ([name8_0_] : [VARCHAR]) - [중국학과]
2019-06-13 17:57:29.261 TRACE 81444 --- [    Test worker] o.h.type.descriptor.sql.BasicExtractor   : extracted value ([id1_0_] : [BIGINT]) - [656]
2019-06-13 17:57:29.261 TRACE 81444 --- [    Test worker] o.h.type.descriptor.sql.BasicExtractor   : extracted value ([code2_0_] : [VARCHAR]) - [XF226]
2019-06-13 17:57:29.261 TRACE 81444 --- [    Test worker] o.h.type.descriptor.sql.BasicExtractor   : extracted value ([date_created3_0_] : [TIMESTAMP]) - [2019-05-23 15:54:41.0]
2019-06-13 17:57:29.261 TRACE 81444 --- [    Test worker] o.h.type.descriptor.sql.BasicExtractor   : extracted value ([is_active4_0_] : [BIT]) - [true]
2019-06-13 17:57:29.261 TRACE 81444 --- [    Test worker] o.h.type.descriptor.sql.BasicExtractor   : extracted value ([last_updated5_0_] : [TIMESTAMP]) - [2019-05-24 14:50:38.0]
2019-06-13 17:57:29.261 TRACE 81444 --- [    Test worker] o.h.type.descriptor.sql.BasicExtractor   : extracted value ([last_updator_id6_0_] : [BIGINT]) - [6]
2019-06-13 17:57:29.261 TRACE 81444 --- [    Test worker] o.h.type.descriptor.sql.BasicExtractor   : extracted value ([my_parent_id7_0_] : [BIGINT]) - [null]
2019-06-13 17:57:29.261 TRACE 81444 --- [    Test worker] o.h.type.descriptor.sql.BasicExtractor   : extracted value ([name8_0_] : [VARCHAR]) - [회계학과]
2019-06-13 17:57:29.261 TRACE 81444 --- [    Test worker] o.h.type.descriptor.sql.BasicExtractor   : extracted value ([id1_0_] : [BIGINT]) - [657]
2019-06-13 17:57:29.261 TRACE 81444 --- [    Test worker] o.h.type.descriptor.sql.BasicExtractor   : extracted value ([code2_0_] : [VARCHAR]) - [XF227]
2019-06-13 17:57:29.261 TRACE 81444 --- [    Test worker] o.h.type.descriptor.sql.BasicExtractor   : extracted value ([date_created3_0_] : [TIMESTAMP]) - [2019-05-23 15:54:41.0]
2019-06-13 17:57:29.261 TRACE 81444 --- [    Test worker] o.h.type.descriptor.sql.BasicExtractor   : extracted value ([is_active4_0_] : [BIT]) - [true]
2019-06-13 17:57:29.261 TRACE 81444 --- [    Test worker] o.h.type.descriptor.sql.BasicExtractor   : extracted value ([last_updated5_0_] : [TIMESTAMP]) - [2019-05-24 14:50:38.0]
2019-06-13 17:57:29.261 TRACE 81444 --- [    Test worker] o.h.type.descriptor.sql.BasicExtractor   : extracted value ([last_updator_id6_0_] : [BIGINT]) - [6]
2019-06-13 17:57:29.261 TRACE 81444 --- [    Test worker] o.h.type.descriptor.sql.BasicExtractor   : extracted value ([my_parent_id7_0_] : [BIGINT]) - [null]
2019-06-13 17:57:29.261 TRACE 81444 --- [    Test worker] o.h.type.descriptor.sql.BasicExtractor   : extracted value ([name8_0_] : [VARCHAR]) - [유아교육학과]
2019-06-13 17:57:29.261 TRACE 81444 --- [    Test worker] o.h.type.descriptor.sql.BasicExtractor   : extracted value ([id1_0_] : [BIGINT]) - [658]
2019-06-13 17:57:29.262 TRACE 81444 --- [    Test worker] o.h.type.descriptor.sql.BasicExtractor   : extracted value ([code2_0_] : [VARCHAR]) - [XF228]
2019-06-13 17:57:29.262 TRACE 81444 --- [    Test worker] o.h.type.descriptor.sql.BasicExtractor   : extracted value ([date_created3_0_] : [TIMESTAMP]) - [2019-05-23 15:54:41.0]
2019-06-13 17:57:29.262 TRACE 81444 --- [    Test worker] o.h.type.descriptor.sql.BasicExtractor   : extracted value ([is_active4_0_] : [BIT]) - [true]
2019-06-13 17:57:29.262 TRACE 81444 --- [    Test worker] o.h.type.descriptor.sql.BasicExtractor   : extracted value ([last_updated5_0_] : [TIMESTAMP]) - [2019-05-24 14:50:38.0]
2019-06-13 17:57:29.262 TRACE 81444 --- [    Test worker] o.h.type.descriptor.sql.BasicExtractor   : extracted value ([last_updator_id6_0_] : [BIGINT]) - [6]
2019-06-13 17:57:29.262 TRACE 81444 --- [    Test worker] o.h.type.descriptor.sql.BasicExtractor   : extracted value ([my_parent_id7_0_] : [BIGINT]) - [null]
2019-06-13 17:57:29.262 TRACE 81444 --- [    Test worker] o.h.type.descriptor.sql.BasicExtractor   : extracted value ([name8_0_] : [VARCHAR]) - [아동가족학과]
2019-06-13 17:57:29.262 TRACE 81444 --- [    Test worker] o.h.type.descriptor.sql.BasicExtractor   : extracted value ([id1_0_] : [BIGINT]) - [659]
2019-06-13 17:57:29.262 TRACE 81444 --- [    Test worker] o.h.type.descriptor.sql.BasicExtractor   : extracted value ([code2_0_] : [VARCHAR]) - [XF229]
2019-06-13 17:57:29.262 TRACE 81444 --- [    Test worker] o.h.type.descriptor.sql.BasicExtractor   : extracted value ([date_created3_0_] : [TIMESTAMP]) - [2019-05-23 15:54:48.0]
2019-06-13 17:57:29.262 TRACE 81444 --- [    Test worker] o.h.type.descriptor.sql.BasicExtractor   : extracted value ([is_active4_0_] : [BIT]) - [true]
2019-06-13 17:57:29.262 TRACE 81444 --- [    Test worker] o.h.type.descriptor.sql.BasicExtractor   : extracted value ([last_updated5_0_] : [TIMESTAMP]) - [2019-05-24 14:50:39.0]
2019-06-13 17:57:29.262 TRACE 81444 --- [    Test worker] o.h.type.descriptor.sql.BasicExtractor   : extracted value ([last_updator_id6_0_] : [BIGINT]) - [6]
2019-06-13 17:57:29.262 TRACE 81444 --- [    Test worker] o.h.type.descriptor.sql.BasicExtractor   : extracted value ([my_parent_id7_0_] : [BIGINT]) - [null]
2019-06-13 17:57:29.263 TRACE 81444 --- [    Test worker] o.h.type.descriptor.sql.BasicExtractor   : extracted value ([name8_0_] : [VARCHAR]) - [신소재공학과]
2019-06-13 17:57:29.263 TRACE 81444 --- [    Test worker] o.h.type.descriptor.sql.BasicExtractor   : extracted value ([id1_0_] : [BIGINT]) - [660]
2019-06-13 17:57:29.263 TRACE 81444 --- [    Test worker] o.h.type.descriptor.sql.BasicExtractor   : extracted value ([code2_0_] : [VARCHAR]) - [XF230]
2019-06-13 17:57:29.263 TRACE 81444 --- [    Test worker] o.h.type.descriptor.sql.BasicExtractor   : extracted value ([date_created3_0_] : [TIMESTAMP]) - [2019-05-23 15:54:48.0]
2019-06-13 17:57:29.263 TRACE 81444 --- [    Test worker] o.h.type.descriptor.sql.BasicExtractor   : extracted value ([is_active4_0_] : [BIT]) - [true]
2019-06-13 17:57:29.263 TRACE 81444 --- [    Test worker] o.h.type.descriptor.sql.BasicExtractor   : extracted value ([last_updated5_0_] : [TIMESTAMP]) - [2019-05-24 14:50:39.0]
2019-06-13 17:57:29.263 TRACE 81444 --- [    Test worker] o.h.type.descriptor.sql.BasicExtractor   : extracted value ([last_updator_id6_0_] : [BIGINT]) - [6]
2019-06-13 17:57:29.263 TRACE 81444 --- [    Test worker] o.h.type.descriptor.sql.BasicExtractor   : extracted value ([my_parent_id7_0_] : [BIGINT]) - [null]
2019-06-13 17:57:29.263 TRACE 81444 --- [    Test worker] o.h.type.descriptor.sql.BasicExtractor   : extracted value ([name8_0_] : [VARCHAR]) - [조형예술디자인학과]
2019-06-13 17:57:29.280 TRACE 81444 --- [    Test worker] o.h.type.descriptor.sql.BasicExtractor   : extracted value ([id1_0_] : [BIGINT]) - [661]
2019-06-13 17:57:29.281 TRACE 81444 --- [    Test worker] o.h.type.descriptor.sql.BasicExtractor   : extracted value ([code2_0_] : [VARCHAR]) - [XF231]
2019-06-13 17:57:29.281 TRACE 81444 --- [    Test worker] o.h.type.descriptor.sql.BasicExtractor   : extracted value ([date_created3_0_] : [TIMESTAMP]) - [2019-05-23 15:54:49.0]
2019-06-13 17:57:29.281 TRACE 81444 --- [    Test worker] o.h.type.descriptor.sql.BasicExtractor   : extracted value ([is_active4_0_] : [BIT]) - [true]
2019-06-13 17:57:29.281 TRACE 81444 --- [    Test worker] o.h.type.descriptor.sql.BasicExtractor   : extracted value ([last_updated5_0_] : [TIMESTAMP]) - [2019-05-23 15:54:49.0]
2019-06-13 17:57:29.281 TRACE 81444 --- [    Test worker] o.h.type.descriptor.sql.BasicExtractor   : extracted value ([last_updator_id6_0_] : [BIGINT]) - [6]
2019-06-13 17:57:29.281 TRACE 81444 --- [    Test worker] o.h.type.descriptor.sql.BasicExtractor   : extracted value ([my_parent_id7_0_] : [BIGINT]) - [null]
2019-06-13 17:57:29.281 TRACE 81444 --- [    Test worker] o.h.type.descriptor.sql.BasicExtractor   : extracted value ([name8_0_] : [VARCHAR]) - [플라즈마융합공학과(학연산협동과정)]
2019-06-13 17:57:29.281 TRACE 81444 --- [    Test worker] o.h.type.descriptor.sql.BasicExtractor   : extracted value ([id1_0_] : [BIGINT]) - [662]
2019-06-13 17:57:29.281 TRACE 81444 --- [    Test worker] o.h.type.descriptor.sql.BasicExtractor   : extracted value ([code2_0_] : [VARCHAR]) - [XF232]
2019-06-13 17:57:29.281 TRACE 81444 --- [    Test worker] o.h.type.descriptor.sql.BasicExtractor   : extracted value ([date_created3_0_] : [TIMESTAMP]) - [2019-05-23 15:54:49.0]
2019-06-13 17:57:29.281 TRACE 81444 --- [    Test worker] o.h.type.descriptor.sql.BasicExtractor   : extracted value ([is_active4_0_] : [BIT]) - [true]
2019-06-13 17:57:29.281 TRACE 81444 --- [    Test worker] o.h.type.descriptor.sql.BasicExtractor   : extracted value ([last_updated5_0_] : [TIMESTAMP]) - [2019-05-24 14:50:39.0]
2019-06-13 17:57:29.281 TRACE 81444 --- [    Test worker] o.h.type.descriptor.sql.BasicExtractor   : extracted value ([last_updator_id6_0_] : [BIGINT]) - [6]
2019-06-13 17:57:29.281 TRACE 81444 --- [    Test worker] o.h.type.descriptor.sql.BasicExtractor   : extracted value ([my_parent_id7_0_] : [BIGINT]) - [null]
2019-06-13 17:57:29.281 TRACE 81444 --- [    Test worker] o.h.type.descriptor.sql.BasicExtractor   : extracted value ([name8_0_] : [VARCHAR]) - [조선공학과]
2019-06-13 17:57:29.281 TRACE 81444 --- [    Test worker] o.h.type.descriptor.sql.BasicExtractor   : extracted value ([id1_0_] : [BIGINT]) - [663]
2019-06-13 17:57:29.281 TRACE 81444 --- [    Test worker] o.h.type.descriptor.sql.BasicExtractor   : extracted value ([code2_0_] : [VARCHAR]) - [XF233]
2019-06-13 17:57:29.281 TRACE 81444 --- [    Test worker] o.h.type.descriptor.sql.BasicExtractor   : extracted value ([date_created3_0_] : [TIMESTAMP]) - [2019-05-23 15:54:49.0]
2019-06-13 17:57:29.281 TRACE 81444 --- [    Test worker] o.h.type.descriptor.sql.BasicExtractor   : extracted value ([is_active4_0_] : [BIT]) - [true]
2019-06-13 17:57:29.281 TRACE 81444 --- [    Test worker] o.h.type.descriptor.sql.BasicExtractor   : extracted value ([last_updated5_0_] : [TIMESTAMP]) - [2019-05-24 14:50:40.0]
2019-06-13 17:57:29.281 TRACE 81444 --- [    Test worker] o.h.type.descriptor.sql.BasicExtractor   : extracted value ([last_updator_id6_0_] : [BIGINT]) - [6]
2019-06-13 17:57:29.281 TRACE 81444 --- [    Test worker] o.h.type.descriptor.sql.BasicExtractor   : extracted value ([my_parent_id7_0_] : [BIGINT]) - [null]
2019-06-13 17:57:29.281 TRACE 81444 --- [    Test worker] o.h.type.descriptor.sql.BasicExtractor   : extracted value ([name8_0_] : [VARCHAR]) - [음악과]
2019-06-13 17:57:29.281 TRACE 81444 --- [    Test worker] o.h.type.descriptor.sql.BasicExtractor   : extracted value ([id1_0_] : [BIGINT]) - [664]
2019-06-13 17:57:29.281 TRACE 81444 --- [    Test worker] o.h.type.descriptor.sql.BasicExtractor   : extracted value ([code2_0_] : [VARCHAR]) - [XF234]
2019-06-13 17:57:29.281 TRACE 81444 --- [    Test worker] o.h.type.descriptor.sql.BasicExtractor   : extracted value ([date_created3_0_] : [TIMESTAMP]) - [2019-05-23 15:54:50.0]
2019-06-13 17:57:29.281 TRACE 81444 --- [    Test worker] o.h.type.descriptor.sql.BasicExtractor   : extracted value ([is_active4_0_] : [BIT]) - [true]
2019-06-13 17:57:29.282 TRACE 81444 --- [    Test worker] o.h.type.descriptor.sql.BasicExtractor   : extracted value ([last_updated5_0_] : [TIMESTAMP]) - [2019-05-24 14:50:40.0]
2019-06-13 17:57:29.282 TRACE 81444 --- [    Test worker] o.h.type.descriptor.sql.BasicExtractor   : extracted value ([last_updator_id6_0_] : [BIGINT]) - [6]
2019-06-13 17:57:29.282 TRACE 81444 --- [    Test worker] o.h.type.descriptor.sql.BasicExtractor   : extracted value ([my_parent_id7_0_] : [BIGINT]) - [null]
2019-06-13 17:57:29.282 TRACE 81444 --- [    Test worker] o.h.type.descriptor.sql.BasicExtractor   : extracted value ([name8_0_] : [VARCHAR]) - [수학과]
2019-06-13 17:57:29.282 TRACE 81444 --- [    Test worker] o.h.type.descriptor.sql.BasicExtractor   : extracted value ([id1_0_] : [BIGINT]) - [665]
2019-06-13 17:57:29.282 TRACE 81444 --- [    Test worker] o.h.type.descriptor.sql.BasicExtractor   : extracted value ([code2_0_] : [VARCHAR]) - [XF235]
2019-06-13 17:57:29.282 TRACE 81444 --- [    Test worker] o.h.type.descriptor.sql.BasicExtractor   : extracted value ([date_created3_0_] : [TIMESTAMP]) - [2019-05-23 15:54:50.0]
2019-06-13 17:57:29.282 TRACE 81444 --- [    Test worker] o.h.type.descriptor.sql.BasicExtractor   : extracted value ([is_active4_0_] : [BIT]) - [true]
2019-06-13 17:57:29.282 TRACE 81444 --- [    Test worker] o.h.type.descriptor.sql.BasicExtractor   : extracted value ([last_updated5_0_] : [TIMESTAMP]) - [2019-05-24 14:50:40.0]
2019-06-13 17:57:29.282 TRACE 81444 --- [    Test worker] o.h.type.descriptor.sql.BasicExtractor   : extracted value ([last_updator_id6_0_] : [BIGINT]) - [6]
2019-06-13 17:57:29.282 TRACE 81444 --- [    Test worker] o.h.type.descriptor.sql.BasicExtractor   : extracted value ([my_parent_id7_0_] : [BIGINT]) - [null]
2019-06-13 17:57:29.282 TRACE 81444 --- [    Test worker] o.h.type.descriptor.sql.BasicExtractor   : extracted value ([name8_0_] : [VARCHAR]) - [건설기계공학과]
2019-06-13 17:57:29.282 TRACE 81444 --- [    Test worker] o.h.type.descriptor.sql.BasicExtractor   : extracted value ([id1_0_] : [BIGINT]) - [666]
2019-06-13 17:57:29.282 TRACE 81444 --- [    Test worker] o.h.type.descriptor.sql.BasicExtractor   : extracted value ([code2_0_] : [VARCHAR]) - [XF236]
2019-06-13 17:57:29.282 TRACE 81444 --- [    Test worker] o.h.type.descriptor.sql.BasicExtractor   : extracted value ([date_created3_0_] : [TIMESTAMP]) - [2019-05-23 15:54:51.0]
2019-06-13 17:57:29.282 TRACE 81444 --- [    Test worker] o.h.type.descriptor.sql.BasicExtractor   : extracted value ([is_active4_0_] : [BIT]) - [true]
2019-06-13 17:57:29.282 TRACE 81444 --- [    Test worker] o.h.type.descriptor.sql.BasicExtractor   : extracted value ([last_updated5_0_] : [TIMESTAMP]) - [2019-05-24 14:50:41.0]
2019-06-13 17:57:29.282 TRACE 81444 --- [    Test worker] o.h.type.descriptor.sql.BasicExtractor   : extracted value ([last_updator_id6_0_] : [BIGINT]) - [6]
2019-06-13 17:57:29.282 TRACE 81444 --- [    Test worker] o.h.type.descriptor.sql.BasicExtractor   : extracted value ([my_parent_id7_0_] : [BIGINT]) - [null]
2019-06-13 17:57:29.282 TRACE 81444 --- [    Test worker] o.h.type.descriptor.sql.BasicExtractor   : extracted value ([name8_0_] : [VARCHAR]) - [지질과학공학과]
2019-06-13 17:57:29.282 TRACE 81444 --- [    Test worker] o.h.type.descriptor.sql.BasicExtractor   : extracted value ([id1_0_] : [BIGINT]) - [667]
2019-06-13 17:57:29.282 TRACE 81444 --- [    Test worker] o.h.type.descriptor.sql.BasicExtractor   : extracted value ([code2_0_] : [VARCHAR]) - [XF237]
2019-06-13 17:57:29.282 TRACE 81444 --- [    Test worker] o.h.type.descriptor.sql.BasicExtractor   : extracted value ([date_created3_0_] : [TIMESTAMP]) - [2019-05-23 15:54:51.0]
2019-06-13 17:57:29.282 TRACE 81444 --- [    Test worker] o.h.type.descriptor.sql.BasicExtractor   : extracted value ([is_active4_0_] : [BIT]) - [true]
2019-06-13 17:57:29.282 TRACE 81444 --- [    Test worker] o.h.type.descriptor.sql.BasicExtractor   : extracted value ([last_updated5_0_] : [TIMESTAMP]) - [2019-05-24 14:50:41.0]
2019-06-13 17:57:29.282 TRACE 81444 --- [    Test worker] o.h.type.descriptor.sql.BasicExtractor   : extracted value ([last_updator_id6_0_] : [BIGINT]) - [6]
2019-06-13 17:57:29.282 TRACE 81444 --- [    Test worker] o.h.type.descriptor.sql.BasicExtractor   : extracted value ([my_parent_id7_0_] : [BIGINT]) - [null]
2019-06-13 17:57:29.282 TRACE 81444 --- [    Test worker] o.h.type.descriptor.sql.BasicExtractor   : extracted value ([name8_0_] : [VARCHAR]) - [건설기계공학과(학연협동과정)]
2019-06-13 17:57:29.282 TRACE 81444 --- [    Test worker] o.h.type.descriptor.sql.BasicExtractor   : extracted value ([id1_0_] : [BIGINT]) - [668]
2019-06-13 17:57:29.282 TRACE 81444 --- [    Test worker] o.h.type.descriptor.sql.BasicExtractor   : extracted value ([code2_0_] : [VARCHAR]) - [XF238]
2019-06-13 17:57:29.283 TRACE 81444 --- [    Test worker] o.h.type.descriptor.sql.BasicExtractor   : extracted value ([date_created3_0_] : [TIMESTAMP]) - [2019-05-23 15:54:51.0]
2019-06-13 17:57:29.283 TRACE 81444 --- [    Test worker] o.h.type.descriptor.sql.BasicExtractor   : extracted value ([is_active4_0_] : [BIT]) - [true]
2019-06-13 17:57:29.283 TRACE 81444 --- [    Test worker] o.h.type.descriptor.sql.BasicExtractor   : extracted value ([last_updated5_0_] : [TIMESTAMP]) - [2019-05-24 14:50:42.0]
2019-06-13 17:57:29.283 TRACE 81444 --- [    Test worker] o.h.type.descriptor.sql.BasicExtractor   : extracted value ([last_updator_id6_0_] : [BIGINT]) - [6]
2019-06-13 17:57:29.283 TRACE 81444 --- [    Test worker] o.h.type.descriptor.sql.BasicExtractor   : extracted value ([my_parent_id7_0_] : [BIGINT]) - [null]
2019-06-13 17:57:29.283 TRACE 81444 --- [    Test worker] o.h.type.descriptor.sql.BasicExtractor   : extracted value ([name8_0_] : [VARCHAR]) - [플라즈마융합공학과(학연협동과정)]
2019-06-13 17:57:29.283 TRACE 81444 --- [    Test worker] o.h.type.descriptor.sql.BasicExtractor   : extracted value ([id1_0_] : [BIGINT]) - [669]
2019-06-13 17:57:29.283 TRACE 81444 --- [    Test worker] o.h.type.descriptor.sql.BasicExtractor   : extracted value ([code2_0_] : [VARCHAR]) - [XF239]
2019-06-13 17:57:29.283 TRACE 81444 --- [    Test worker] o.h.type.descriptor.sql.BasicExtractor   : extracted value ([date_created3_0_] : [TIMESTAMP]) - [2019-05-23 15:54:52.0]
2019-06-13 17:57:29.283 TRACE 81444 --- [    Test worker] o.h.type.descriptor.sql.BasicExtractor   : extracted value ([is_active4_0_] : [BIT]) - [true]
2019-06-13 17:57:29.283 TRACE 81444 --- [    Test worker] o.h.type.descriptor.sql.BasicExtractor   : extracted value ([last_updated5_0_] : [TIMESTAMP]) - [2019-05-24 14:50:42.0]
2019-06-13 17:57:29.283 TRACE 81444 --- [    Test worker] o.h.type.descriptor.sql.BasicExtractor   : extracted value ([last_updator_id6_0_] : [BIGINT]) - [6]
2019-06-13 17:57:29.283 TRACE 81444 --- [    Test worker] o.h.type.descriptor.sql.BasicExtractor   : extracted value ([my_parent_id7_0_] : [BIGINT]) - [null]
2019-06-13 17:57:29.283 TRACE 81444 --- [    Test worker] o.h.type.descriptor.sql.BasicExtractor   : extracted value ([name8_0_] : [VARCHAR]) - [소프트웨어융합공학과]
2019-06-13 17:57:29.283 TRACE 81444 --- [    Test worker] o.h.type.descriptor.sql.BasicExtractor   : extracted value ([id1_0_] : [BIGINT]) - [670]
2019-06-13 17:57:29.283 TRACE 81444 --- [    Test worker] o.h.type.descriptor.sql.BasicExtractor   : extracted value ([code2_0_] : [VARCHAR]) - [XF240]
2019-06-13 17:57:29.283 TRACE 81444 --- [    Test worker] o.h.type.descriptor.sql.BasicExtractor   : extracted value ([date_created3_0_] : [TIMESTAMP]) - [2019-05-23 15:54:52.0]
2019-06-13 17:57:29.283 TRACE 81444 --- [    Test worker] o.h.type.descriptor.sql.BasicExtractor   : extracted value ([is_active4_0_] : [BIT]) - [true]
2019-06-13 17:57:29.283 TRACE 81444 --- [    Test worker] o.h.type.descriptor.sql.BasicExtractor   : extracted value ([last_updated5_0_] : [TIMESTAMP]) - [2019-05-24 14:50:42.0]
2019-06-13 17:57:29.283 TRACE 81444 --- [    Test worker] o.h.type.descriptor.sql.BasicExtractor   : extracted value ([last_updator_id6_0_] : [BIGINT]) - [6]
2019-06-13 17:57:29.283 TRACE 81444 --- [    Test worker] o.h.type.descriptor.sql.BasicExtractor   : extracted value ([my_parent_id7_0_] : [BIGINT]) - [null]
2019-06-13 17:57:29.283 TRACE 81444 --- [    Test worker] o.h.type.descriptor.sql.BasicExtractor   : extracted value ([name8_0_] : [VARCHAR]) - [식품공학과]
2019-06-13 17:57:29.300 TRACE 81444 --- [    Test worker] o.h.type.descriptor.sql.BasicExtractor   : extracted value ([id1_0_] : [BIGINT]) - [671]
2019-06-13 17:57:29.300 TRACE 81444 --- [    Test worker] o.h.type.descriptor.sql.BasicExtractor   : extracted value ([code2_0_] : [VARCHAR]) - [XF241]
2019-06-13 17:57:29.300 TRACE 81444 --- [    Test worker] o.h.type.descriptor.sql.BasicExtractor   : extracted value ([date_created3_0_] : [TIMESTAMP]) - [2019-05-23 15:54:52.0]
2019-06-13 17:57:29.300 TRACE 81444 --- [    Test worker] o.h.type.descriptor.sql.BasicExtractor   : extracted value ([is_active4_0_] : [BIT]) - [true]
2019-06-13 17:57:29.300 TRACE 81444 --- [    Test worker] o.h.type.descriptor.sql.BasicExtractor   : extracted value ([last_updated5_0_] : [TIMESTAMP]) - [2019-05-24 14:50:42.0]
2019-06-13 17:57:29.300 TRACE 81444 --- [    Test worker] o.h.type.descriptor.sql.BasicExtractor   : extracted value ([last_updator_id6_0_] : [BIGINT]) - [6]
2019-06-13 17:57:29.300 TRACE 81444 --- [    Test worker] o.h.type.descriptor.sql.BasicExtractor   : extracted value ([my_parent_id7_0_] : [BIGINT]) - [null]
2019-06-13 17:57:29.300 TRACE 81444 --- [    Test worker] o.h.type.descriptor.sql.BasicExtractor   : extracted value ([name8_0_] : [VARCHAR]) - [식품영양학과]
2019-06-13 17:57:29.300 TRACE 81444 --- [    Test worker] o.h.type.descriptor.sql.BasicExtractor   : extracted value ([id1_0_] : [BIGINT]) - [672]
2019-06-13 17:57:29.300 TRACE 81444 --- [    Test worker] o.h.type.descriptor.sql.BasicExtractor   : extracted value ([code2_0_] : [VARCHAR]) - [XL000]
2019-06-13 17:57:29.300 TRACE 81444 --- [    Test worker] o.h.type.descriptor.sql.BasicExtractor   : extracted value ([date_created3_0_] : [TIMESTAMP]) - [2019-05-23 15:54:53.0]
2019-06-13 17:57:29.300 TRACE 81444 --- [    Test worker] o.h.type.descriptor.sql.BasicExtractor   : extracted value ([is_active4_0_] : [BIT]) - [true]
2019-06-13 17:57:29.300 TRACE 81444 --- [    Test worker] o.h.type.descriptor.sql.BasicExtractor   : extracted value ([last_updated5_0_] : [TIMESTAMP]) - [2019-05-24 14:50:43.0]
2019-06-13 17:57:29.300 TRACE 81444 --- [    Test worker] o.h.type.descriptor.sql.BasicExtractor   : extracted value ([last_updator_id6_0_] : [BIGINT]) - [6]
2019-06-13 17:57:29.300 TRACE 81444 --- [    Test worker] o.h.type.descriptor.sql.BasicExtractor   : extracted value ([my_parent_id7_0_] : [BIGINT]) - [null]
2019-06-13 17:57:29.300 TRACE 81444 --- [    Test worker] o.h.type.descriptor.sql.BasicExtractor   : extracted value ([name8_0_] : [VARCHAR]) - [비서실]
2019-06-13 17:57:29.300 TRACE 81444 --- [    Test worker] o.h.type.descriptor.sql.BasicExtractor   : extracted value ([id1_0_] : [BIGINT]) - [673]
2019-06-13 17:57:29.300 TRACE 81444 --- [    Test worker] o.h.type.descriptor.sql.BasicExtractor   : extracted value ([code2_0_] : [VARCHAR]) - [XL001]
2019-06-13 17:57:29.301 TRACE 81444 --- [    Test worker] o.h.type.descriptor.sql.BasicExtractor   : extracted value ([date_created3_0_] : [TIMESTAMP]) - [2019-05-23 15:54:53.0]
2019-06-13 17:57:29.301 TRACE 81444 --- [    Test worker] o.h.type.descriptor.sql.BasicExtractor   : extracted value ([is_active4_0_] : [BIT]) - [true]
2019-06-13 17:57:29.301 TRACE 81444 --- [    Test worker] o.h.type.descriptor.sql.BasicExtractor   : extracted value ([last_updated5_0_] : [TIMESTAMP]) - [2019-05-24 14:11:45.0]
2019-06-13 17:57:29.301 TRACE 81444 --- [    Test worker] o.h.type.descriptor.sql.BasicExtractor   : extracted value ([last_updator_id6_0_] : [BIGINT]) - [6]
2019-06-13 17:57:29.301 TRACE 81444 --- [    Test worker] o.h.type.descriptor.sql.BasicExtractor   : extracted value ([my_parent_id7_0_] : [BIGINT]) - [843]
2019-06-13 17:57:29.301 TRACE 81444 --- [    Test worker] o.h.type.descriptor.sql.BasicExtractor   : extracted value ([name8_0_] : [VARCHAR]) - [교무과]
2019-06-13 17:57:29.301 TRACE 81444 --- [    Test worker] o.h.type.descriptor.sql.BasicExtractor   : extracted value ([id1_0_] : [BIGINT]) - [674]
2019-06-13 17:57:29.301 TRACE 81444 --- [    Test worker] o.h.type.descriptor.sql.BasicExtractor   : extracted value ([code2_0_] : [VARCHAR]) - [XL002]
2019-06-13 17:57:29.301 TRACE 81444 --- [    Test worker] o.h.type.descriptor.sql.BasicExtractor   : extracted value ([date_created3_0_] : [TIMESTAMP]) - [2019-05-23 15:54:53.0]
2019-06-13 17:57:29.301 TRACE 81444 --- [    Test worker] o.h.type.descriptor.sql.BasicExtractor   : extracted value ([is_active4_0_] : [BIT]) - [true]
2019-06-13 17:57:29.301 TRACE 81444 --- [    Test worker] o.h.type.descriptor.sql.BasicExtractor   : extracted value ([last_updated5_0_] : [TIMESTAMP]) - [2019-05-24 14:11:45.0]
2019-06-13 17:57:29.301 TRACE 81444 --- [    Test worker] o.h.type.descriptor.sql.BasicExtractor   : extracted value ([last_updator_id6_0_] : [BIGINT]) - [6]
2019-06-13 17:57:29.301 TRACE 81444 --- [    Test worker] o.h.type.descriptor.sql.BasicExtractor   : extracted value ([my_parent_id7_0_] : [BIGINT]) - [843]
2019-06-13 17:57:29.301 TRACE 81444 --- [    Test worker] o.h.type.descriptor.sql.BasicExtractor   : extracted value ([name8_0_] : [VARCHAR]) - [학사관리과]
2019-06-13 17:57:29.301 TRACE 81444 --- [    Test worker] o.h.type.descriptor.sql.BasicExtractor   : extracted value ([id1_0_] : [BIGINT]) - [675]
2019-06-13 17:57:29.301 TRACE 81444 --- [    Test worker] o.h.type.descriptor.sql.BasicExtractor   : extracted value ([code2_0_] : [VARCHAR]) - [XL003]
2019-06-13 17:57:29.301 TRACE 81444 --- [    Test worker] o.h.type.descriptor.sql.BasicExtractor   : extracted value ([date_created3_0_] : [TIMESTAMP]) - [2019-05-23 15:54:56.0]
2019-06-13 17:57:29.301 TRACE 81444 --- [    Test worker] o.h.type.descriptor.sql.BasicExtractor   : extracted value ([is_active4_0_] : [BIT]) - [true]
2019-06-13 17:57:29.301 TRACE 81444 --- [    Test worker] o.h.type.descriptor.sql.BasicExtractor   : extracted value ([last_updated5_0_] : [TIMESTAMP]) - [2019-05-23 15:54:56.0]
2019-06-13 17:57:29.302 TRACE 81444 --- [    Test worker] o.h.type.descriptor.sql.BasicExtractor   : extracted value ([last_updator_id6_0_] : [BIGINT]) - [6]
2019-06-13 17:57:29.302 TRACE 81444 --- [    Test worker] o.h.type.descriptor.sql.BasicExtractor   : extracted value ([my_parent_id7_0_] : [BIGINT]) - [null]
2019-06-13 17:57:29.302 TRACE 81444 --- [    Test worker] o.h.type.descriptor.sql.BasicExtractor   : extracted value ([name8_0_] : [VARCHAR]) - [수업과]
2019-06-13 17:57:29.302 TRACE 81444 --- [    Test worker] o.h.type.descriptor.sql.BasicExtractor   : extracted value ([id1_0_] : [BIGINT]) - [676]
2019-06-13 17:57:29.302 TRACE 81444 --- [    Test worker] o.h.type.descriptor.sql.BasicExtractor   : extracted value ([code2_0_] : [VARCHAR]) - [XL004]
2019-06-13 17:57:29.302 TRACE 81444 --- [    Test worker] o.h.type.descriptor.sql.BasicExtractor   : extracted value ([date_created3_0_] : [TIMESTAMP]) - [2019-05-23 15:54:57.0]
2019-06-13 17:57:29.302 TRACE 81444 --- [    Test worker] o.h.type.descriptor.sql.BasicExtractor   : extracted value ([is_active4_0_] : [BIT]) - [true]
2019-06-13 17:57:29.302 TRACE 81444 --- [    Test worker] o.h.type.descriptor.sql.BasicExtractor   : extracted value ([last_updated5_0_] : [TIMESTAMP]) - [2019-05-24 14:11:45.0]
2019-06-13 17:57:29.302 TRACE 81444 --- [    Test worker] o.h.type.descriptor.sql.BasicExtractor   : extracted value ([last_updator_id6_0_] : [BIGINT]) - [6]
2019-06-13 17:57:29.302 TRACE 81444 --- [    Test worker] o.h.type.descriptor.sql.BasicExtractor   : extracted value ([my_parent_id7_0_] : [BIGINT]) - [872]
2019-06-13 17:57:29.302 TRACE 81444 --- [    Test worker] o.h.type.descriptor.sql.BasicExtractor   : extracted value ([name8_0_] : [VARCHAR]) - [학생지원과]
2019-06-13 17:57:29.302 TRACE 81444 --- [    Test worker] o.h.type.descriptor.sql.BasicExtractor   : extracted value ([id1_0_] : [BIGINT]) - [677]
2019-06-13 17:57:29.302 TRACE 81444 --- [    Test worker] o.h.type.descriptor.sql.BasicExtractor   : extracted value ([code2_0_] : [VARCHAR]) - [XL005]
2019-06-13 17:57:29.302 TRACE 81444 --- [    Test worker] o.h.type.descriptor.sql.BasicExtractor   : extracted value ([date_created3_0_] : [TIMESTAMP]) - [2019-05-23 15:54:57.0]
2019-06-13 17:57:29.302 TRACE 81444 --- [    Test worker] o.h.type.descriptor.sql.BasicExtractor   : extracted value ([is_active4_0_] : [BIT]) - [true]
2019-06-13 17:57:29.302 TRACE 81444 --- [    Test worker] o.h.type.descriptor.sql.BasicExtractor   : extracted value ([last_updated5_0_] : [TIMESTAMP]) - [2019-05-23 15:54:57.0]
2019-06-13 17:57:29.302 TRACE 81444 --- [    Test worker] o.h.type.descriptor.sql.BasicExtractor   : extracted value ([last_updator_id6_0_] : [BIGINT]) - [6]
2019-06-13 17:57:29.302 TRACE 81444 --- [    Test worker] o.h.type.descriptor.sql.BasicExtractor   : extracted value ([my_parent_id7_0_] : [BIGINT]) - [null]
2019-06-13 17:57:29.302 TRACE 81444 --- [    Test worker] o.h.type.descriptor.sql.BasicExtractor   : extracted value ([name8_0_] : [VARCHAR]) - [취업복지과]
2019-06-13 17:57:29.302 TRACE 81444 --- [    Test worker] o.h.type.descriptor.sql.BasicExtractor   : extracted value ([id1_0_] : [BIGINT]) - [678]
2019-06-13 17:57:29.302 TRACE 81444 --- [    Test worker] o.h.type.descriptor.sql.BasicExtractor   : extracted value ([code2_0_] : [VARCHAR]) - [XL006]
2019-06-13 17:57:29.302 TRACE 81444 --- [    Test worker] o.h.type.descriptor.sql.BasicExtractor   : extracted value ([date_created3_0_] : [TIMESTAMP]) - [2019-05-23 15:54:57.0]
2019-06-13 17:57:29.302 TRACE 81444 --- [    Test worker] o.h.type.descriptor.sql.BasicExtractor   : extracted value ([is_active4_0_] : [BIT]) - [true]
2019-06-13 17:57:29.302 TRACE 81444 --- [    Test worker] o.h.type.descriptor.sql.BasicExtractor   : extracted value ([last_updated5_0_] : [TIMESTAMP]) - [2019-05-23 15:54:57.0]
2019-06-13 17:57:29.302 TRACE 81444 --- [    Test worker] o.h.type.descriptor.sql.BasicExtractor   : extracted value ([last_updator_id6_0_] : [BIGINT]) - [6]
2019-06-13 17:57:29.302 TRACE 81444 --- [    Test worker] o.h.type.descriptor.sql.BasicExtractor   : extracted value ([my_parent_id7_0_] : [BIGINT]) - [null]
2019-06-13 17:57:29.302 TRACE 81444 --- [    Test worker] o.h.type.descriptor.sql.BasicExtractor   : extracted value ([name8_0_] : [VARCHAR]) - [장학담당관실]
2019-06-13 17:57:29.302 TRACE 81444 --- [    Test worker] o.h.type.descriptor.sql.BasicExtractor   : extracted value ([id1_0_] : [BIGINT]) - [679]
2019-06-13 17:57:29.302 TRACE 81444 --- [    Test worker] o.h.type.descriptor.sql.BasicExtractor   : extracted value ([code2_0_] : [VARCHAR]) - [XL007]
2019-06-13 17:57:29.303 TRACE 81444 --- [    Test worker] o.h.type.descriptor.sql.BasicExtractor   : extracted value ([date_created3_0_] : [TIMESTAMP]) - [2019-05-23 15:54:58.0]
2019-06-13 17:57:29.303 TRACE 81444 --- [    Test worker] o.h.type.descriptor.sql.BasicExtractor   : extracted value ([is_active4_0_] : [BIT]) - [true]
2019-06-13 17:57:29.303 TRACE 81444 --- [    Test worker] o.h.type.descriptor.sql.BasicExtractor   : extracted value ([last_updated5_0_] : [TIMESTAMP]) - [2019-05-23 15:54:58.0]
2019-06-13 17:57:29.303 TRACE 81444 --- [    Test worker] o.h.type.descriptor.sql.BasicExtractor   : extracted value ([last_updator_id6_0_] : [BIGINT]) - [6]
2019-06-13 17:57:29.303 TRACE 81444 --- [    Test worker] o.h.type.descriptor.sql.BasicExtractor   : extracted value ([my_parent_id7_0_] : [BIGINT]) - [null]
2019-06-13 17:57:29.303 TRACE 81444 --- [    Test worker] o.h.type.descriptor.sql.BasicExtractor   : extracted value ([name8_0_] : [VARCHAR]) - [기획홍보과]
2019-06-13 17:57:29.303 TRACE 81444 --- [    Test worker] o.h.type.descriptor.sql.BasicExtractor   : extracted value ([id1_0_] : [BIGINT]) - [680]
2019-06-13 17:57:29.303 TRACE 81444 --- [    Test worker] o.h.type.descriptor.sql.BasicExtractor   : extracted value ([code2_0_] : [VARCHAR]) - [XL008]
2019-06-13 17:57:29.303 TRACE 81444 --- [    Test worker] o.h.type.descriptor.sql.BasicExtractor   : extracted value ([date_created3_0_] : [TIMESTAMP]) - [2019-05-23 15:54:58.0]
2019-06-13 17:57:29.303 TRACE 81444 --- [    Test worker] o.h.type.descriptor.sql.BasicExtractor   : extracted value ([is_active4_0_] : [BIT]) - [true]
2019-06-13 17:57:29.303 TRACE 81444 --- [    Test worker] o.h.type.descriptor.sql.BasicExtractor   : extracted value ([last_updated5_0_] : [TIMESTAMP]) - [2019-05-24 14:26:42.0]
2019-06-13 17:57:29.303 TRACE 81444 --- [    Test worker] o.h.type.descriptor.sql.BasicExtractor   : extracted value ([last_updator_id6_0_] : [BIGINT]) - [6]
2019-06-13 17:57:29.303 TRACE 81444 --- [    Test worker] o.h.type.descriptor.sql.BasicExtractor   : extracted value ([my_parent_id7_0_] : [BIGINT]) - [null]
2019-06-13 17:57:29.303 TRACE 81444 --- [    Test worker] o.h.type.descriptor.sql.BasicExtractor   : extracted value ([name8_0_] : [VARCHAR]) - [연구지원과]
2019-06-13 17:57:29.320 TRACE 81444 --- [    Test worker] o.h.type.descriptor.sql.BasicExtractor   : extracted value ([id1_0_] : [BIGINT]) - [681]
2019-06-13 17:57:29.320 TRACE 81444 --- [    Test worker] o.h.type.descriptor.sql.BasicExtractor   : extracted value ([code2_0_] : [VARCHAR]) - [XL009]
2019-06-13 17:57:29.320 TRACE 81444 --- [    Test worker] o.h.type.descriptor.sql.BasicExtractor   : extracted value ([date_created3_0_] : [TIMESTAMP]) - [2019-05-23 15:54:58.0]
2019-06-13 17:57:29.320 TRACE 81444 --- [    Test worker] o.h.type.descriptor.sql.BasicExtractor   : extracted value ([is_active4_0_] : [BIT]) - [true]
2019-06-13 17:57:29.320 TRACE 81444 --- [    Test worker] o.h.type.descriptor.sql.BasicExtractor   : extracted value ([last_updated5_0_] : [TIMESTAMP]) - [2019-05-24 14:11:46.0]
2019-06-13 17:57:29.320 TRACE 81444 --- [    Test worker] o.h.type.descriptor.sql.BasicExtractor   : extracted value ([last_updator_id6_0_] : [BIGINT]) - [6]
2019-06-13 17:57:29.320 TRACE 81444 --- [    Test worker] o.h.type.descriptor.sql.BasicExtractor   : extracted value ([my_parent_id7_0_] : [BIGINT]) - [846]
2019-06-13 17:57:29.320 TRACE 81444 --- [    Test worker] o.h.type.descriptor.sql.BasicExtractor   : extracted value ([name8_0_] : [VARCHAR]) - [총무과]
2019-06-13 17:57:29.320 TRACE 81444 --- [    Test worker] o.h.type.descriptor.sql.BasicExtractor   : extracted value ([id1_0_] : [BIGINT]) - [682]
2019-06-13 17:57:29.320 TRACE 81444 --- [    Test worker] o.h.type.descriptor.sql.BasicExtractor   : extracted value ([code2_0_] : [VARCHAR]) - [XL010]
2019-06-13 17:57:29.320 TRACE 81444 --- [    Test worker] o.h.type.descriptor.sql.BasicExtractor   : extracted value ([date_created3_0_] : [TIMESTAMP]) - [2019-05-23 15:54:59.0]
2019-06-13 17:57:29.320 TRACE 81444 --- [    Test worker] o.h.type.descriptor.sql.BasicExtractor   : extracted value ([is_active4_0_] : [BIT]) - [true]
2019-06-13 17:57:29.320 TRACE 81444 --- [    Test worker] o.h.type.descriptor.sql.BasicExtractor   : extracted value ([last_updated5_0_] : [TIMESTAMP]) - [2019-05-24 14:11:46.0]
2019-06-13 17:57:29.320 TRACE 81444 --- [    Test worker] o.h.type.descriptor.sql.BasicExtractor   : extracted value ([last_updator_id6_0_] : [BIGINT]) - [6]
2019-06-13 17:57:29.320 TRACE 81444 --- [    Test worker] o.h.type.descriptor.sql.BasicExtractor   : extracted value ([my_parent_id7_0_] : [BIGINT]) - [846]
2019-06-13 17:57:29.321 TRACE 81444 --- [    Test worker] o.h.type.descriptor.sql.BasicExtractor   : extracted value ([name8_0_] : [VARCHAR]) - [재무과]
2019-06-13 17:57:29.321 TRACE 81444 --- [    Test worker] o.h.type.descriptor.sql.BasicExtractor   : extracted value ([id1_0_] : [BIGINT]) - [683]
2019-06-13 17:57:29.321 TRACE 81444 --- [    Test worker] o.h.type.descriptor.sql.BasicExtractor   : extracted value ([code2_0_] : [VARCHAR]) - [XL011]
2019-06-13 17:57:29.321 TRACE 81444 --- [    Test worker] o.h.type.descriptor.sql.BasicExtractor   : extracted value ([date_created3_0_] : [TIMESTAMP]) - [2019-05-23 15:54:59.0]
2019-06-13 17:57:29.321 TRACE 81444 --- [    Test worker] o.h.type.descriptor.sql.BasicExtractor   : extracted value ([is_active4_0_] : [BIT]) - [true]
2019-06-13 17:57:29.321 TRACE 81444 --- [    Test worker] o.h.type.descriptor.sql.BasicExtractor   : extracted value ([last_updated5_0_] : [TIMESTAMP]) - [2019-05-24 14:11:47.0]
2019-06-13 17:57:29.321 TRACE 81444 --- [    Test worker] o.h.type.descriptor.sql.BasicExtractor   : extracted value ([last_updator_id6_0_] : [BIGINT]) - [6]
2019-06-13 17:57:29.321 TRACE 81444 --- [    Test worker] o.h.type.descriptor.sql.BasicExtractor   : extracted value ([my_parent_id7_0_] : [BIGINT]) - [846]
2019-06-13 17:57:29.322 TRACE 81444 --- [    Test worker] o.h.type.descriptor.sql.BasicExtractor   : extracted value ([name8_0_] : [VARCHAR]) - [시설과]
2019-06-13 17:57:29.322 TRACE 81444 --- [    Test worker] o.h.type.descriptor.sql.BasicExtractor   : extracted value ([id1_0_] : [BIGINT]) - [684]
2019-06-13 17:57:29.322 TRACE 81444 --- [    Test worker] o.h.type.descriptor.sql.BasicExtractor   : extracted value ([code2_0_] : [VARCHAR]) - [XL012]
2019-06-13 17:57:29.322 TRACE 81444 --- [    Test worker] o.h.type.descriptor.sql.BasicExtractor   : extracted value ([date_created3_0_] : [TIMESTAMP]) - [2019-05-23 15:54:59.0]
2019-06-13 17:57:29.322 TRACE 81444 --- [    Test worker] o.h.type.descriptor.sql.BasicExtractor   : extracted value ([is_active4_0_] : [BIT]) - [true]
2019-06-13 17:57:29.322 TRACE 81444 --- [    Test worker] o.h.type.descriptor.sql.BasicExtractor   : extracted value ([last_updated5_0_] : [TIMESTAMP]) - [2019-05-24 14:11:47.0]
2019-06-13 17:57:29.322 TRACE 81444 --- [    Test worker] o.h.type.descriptor.sql.BasicExtractor   : extracted value ([last_updator_id6_0_] : [BIGINT]) - [6]
2019-06-13 17:57:29.322 TRACE 81444 --- [    Test worker] o.h.type.descriptor.sql.BasicExtractor   : extracted value ([my_parent_id7_0_] : [BIGINT]) - [847]
2019-06-13 17:57:29.322 TRACE 81444 --- [    Test worker] o.h.type.descriptor.sql.BasicExtractor   : extracted value ([name8_0_] : [VARCHAR]) - [입학관리과]
2019-06-13 17:57:29.322 TRACE 81444 --- [    Test worker] o.h.type.descriptor.sql.BasicExtractor   : extracted value ([id1_0_] : [BIGINT]) - [685]
2019-06-13 17:57:29.322 TRACE 81444 --- [    Test worker] o.h.type.descriptor.sql.BasicExtractor   : extracted value ([code2_0_] : [VARCHAR]) - [XL013]
2019-06-13 17:57:29.322 TRACE 81444 --- [    Test worker] o.h.type.descriptor.sql.BasicExtractor   : extracted value ([date_created3_0_] : [TIMESTAMP]) - [2019-05-23 15:55:00.0]
2019-06-13 17:57:29.322 TRACE 81444 --- [    Test worker] o.h.type.descriptor.sql.BasicExtractor   : extracted value ([is_active4_0_] : [BIT]) - [true]
2019-06-13 17:57:29.322 TRACE 81444 --- [    Test worker] o.h.type.descriptor.sql.BasicExtractor   : extracted value ([last_updated5_0_] : [TIMESTAMP]) - [2019-05-24 14:11:47.0]
2019-06-13 17:57:29.322 TRACE 81444 --- [    Test worker] o.h.type.descriptor.sql.BasicExtractor   : extracted value ([last_updator_id6_0_] : [BIGINT]) - [6]
2019-06-13 17:57:29.322 TRACE 81444 --- [    Test worker] o.h.type.descriptor.sql.BasicExtractor   : extracted value ([my_parent_id7_0_] : [BIGINT]) - [845]
2019-06-13 17:57:29.322 TRACE 81444 --- [    Test worker] o.h.type.descriptor.sql.BasicExtractor   : extracted value ([name8_0_] : [VARCHAR]) - [기획평가과]
2019-06-13 17:57:29.322 TRACE 81444 --- [    Test worker] o.h.type.descriptor.sql.BasicExtractor   : extracted value ([id1_0_] : [BIGINT]) - [686]
2019-06-13 17:57:29.322 TRACE 81444 --- [    Test worker] o.h.type.descriptor.sql.BasicExtractor   : extracted value ([code2_0_] : [VARCHAR]) - [XL014]
2019-06-13 17:57:29.322 TRACE 81444 --- [    Test worker] o.h.type.descriptor.sql.BasicExtractor   : extracted value ([date_created3_0_] : [TIMESTAMP]) - [2019-05-23 15:55:00.0]
2019-06-13 17:57:29.322 TRACE 81444 --- [    Test worker] o.h.type.descriptor.sql.BasicExtractor   : extracted value ([is_active4_0_] : [BIT]) - [true]
2019-06-13 17:57:29.322 TRACE 81444 --- [    Test worker] o.h.type.descriptor.sql.BasicExtractor   : extracted value ([last_updated5_0_] : [TIMESTAMP]) - [2019-05-24 14:11:48.0]
2019-06-13 17:57:29.322 TRACE 81444 --- [    Test worker] o.h.type.descriptor.sql.BasicExtractor   : extracted value ([last_updator_id6_0_] : [BIGINT]) - [6]
2019-06-13 17:57:29.322 TRACE 81444 --- [    Test worker] o.h.type.descriptor.sql.BasicExtractor   : extracted value ([my_parent_id7_0_] : [BIGINT]) - [845]
2019-06-13 17:57:29.322 TRACE 81444 --- [    Test worker] o.h.type.descriptor.sql.BasicExtractor   : extracted value ([name8_0_] : [VARCHAR]) - [대외협력과]
2019-06-13 17:57:29.322 TRACE 81444 --- [    Test worker] o.h.type.descriptor.sql.BasicExtractor   : extracted value ([id1_0_] : [BIGINT]) - [687]
2019-06-13 17:57:29.322 TRACE 81444 --- [    Test worker] o.h.type.descriptor.sql.BasicExtractor   : extracted value ([code2_0_] : [VARCHAR]) - [XL021]
2019-06-13 17:57:29.322 TRACE 81444 --- [    Test worker] o.h.type.descriptor.sql.BasicExtractor   : extracted value ([date_created3_0_] : [TIMESTAMP]) - [2019-05-23 15:55:00.0]
2019-06-13 17:57:29.322 TRACE 81444 --- [    Test worker] o.h.type.descriptor.sql.BasicExtractor   : extracted value ([is_active4_0_] : [BIT]) - [true]
2019-06-13 17:57:29.323 TRACE 81444 --- [    Test worker] o.h.type.descriptor.sql.BasicExtractor   : extracted value ([last_updated5_0_] : [TIMESTAMP]) - [2019-05-24 14:11:48.0]
2019-06-13 17:57:29.323 TRACE 81444 --- [    Test worker] o.h.type.descriptor.sql.BasicExtractor   : extracted value ([last_updator_id6_0_] : [BIGINT]) - [6]
2019-06-13 17:57:29.323 TRACE 81444 --- [    Test worker] o.h.type.descriptor.sql.BasicExtractor   : extracted value ([my_parent_id7_0_] : [BIGINT]) - [158]
2019-06-13 17:57:29.323 TRACE 81444 --- [    Test worker] o.h.type.descriptor.sql.BasicExtractor   : extracted value ([name8_0_] : [VARCHAR]) - [대학원]
2019-06-13 17:57:29.323 TRACE 81444 --- [    Test worker] o.h.type.descriptor.sql.BasicExtractor   : extracted value ([id1_0_] : [BIGINT]) - [688]
2019-06-13 17:57:29.323 TRACE 81444 --- [    Test worker] o.h.type.descriptor.sql.BasicExtractor   : extracted value ([code2_0_] : [VARCHAR]) - [XL022]
2019-06-13 17:57:29.324 TRACE 81444 --- [    Test worker] o.h.type.descriptor.sql.BasicExtractor   : extracted value ([date_created3_0_] : [TIMESTAMP]) - [2019-05-23 15:55:01.0]
2019-06-13 17:57:29.324 TRACE 81444 --- [    Test worker] o.h.type.descriptor.sql.BasicExtractor   : extracted value ([is_active4_0_] : [BIT]) - [true]
2019-06-13 17:57:29.324 TRACE 81444 --- [    Test worker] o.h.type.descriptor.sql.BasicExtractor   : extracted value ([last_updated5_0_] : [TIMESTAMP]) - [2019-05-24 14:26:44.0]
2019-06-13 17:57:29.324 TRACE 81444 --- [    Test worker] o.h.type.descriptor.sql.BasicExtractor   : extracted value ([last_updator_id6_0_] : [BIGINT]) - [6]
2019-06-13 17:57:29.324 TRACE 81444 --- [    Test worker] o.h.type.descriptor.sql.BasicExtractor   : extracted value ([my_parent_id7_0_] : [BIGINT]) - [null]
2019-06-13 17:57:29.324 TRACE 81444 --- [    Test worker] o.h.type.descriptor.sql.BasicExtractor   : extracted value ([name8_0_] : [VARCHAR]) - [산업대학원행정실]
2019-06-13 17:57:29.324 TRACE 81444 --- [    Test worker] o.h.type.descriptor.sql.BasicExtractor   : extracted value ([id1_0_] : [BIGINT]) - [689]
2019-06-13 17:57:29.324 TRACE 81444 --- [    Test worker] o.h.type.descriptor.sql.BasicExtractor   : extracted value ([code2_0_] : [VARCHAR]) - [XL023]
2019-06-13 17:57:29.324 TRACE 81444 --- [    Test worker] o.h.type.descriptor.sql.BasicExtractor   : extracted value ([date_created3_0_] : [TIMESTAMP]) - [2019-05-23 15:55:01.0]
2019-06-13 17:57:29.324 TRACE 81444 --- [    Test worker] o.h.type.descriptor.sql.BasicExtractor   : extracted value ([is_active4_0_] : [BIT]) - [true]
2019-06-13 17:57:29.324 TRACE 81444 --- [    Test worker] o.h.type.descriptor.sql.BasicExtractor   : extracted value ([last_updated5_0_] : [TIMESTAMP]) - [2019-05-24 14:26:45.0]
2019-06-13 17:57:29.324 TRACE 81444 --- [    Test worker] o.h.type.descriptor.sql.BasicExtractor   : extracted value ([last_updator_id6_0_] : [BIGINT]) - [6]
2019-06-13 17:57:29.324 TRACE 81444 --- [    Test worker] o.h.type.descriptor.sql.BasicExtractor   : extracted value ([my_parent_id7_0_] : [BIGINT]) - [null]
2019-06-13 17:57:29.324 TRACE 81444 --- [    Test worker] o.h.type.descriptor.sql.BasicExtractor   : extracted value ([name8_0_] : [VARCHAR]) - [경영행정대학원행정실]
2019-06-13 17:57:29.325 TRACE 81444 --- [    Test worker] o.h.type.descriptor.sql.BasicExtractor   : extracted value ([id1_0_] : [BIGINT]) - [690]
2019-06-13 17:57:29.325 TRACE 81444 --- [    Test worker] o.h.type.descriptor.sql.BasicExtractor   : extracted value ([code2_0_] : [VARCHAR]) - [XL024]
2019-06-13 17:57:29.325 TRACE 81444 --- [    Test worker] o.h.type.descriptor.sql.BasicExtractor   : extracted value ([date_created3_0_] : [TIMESTAMP]) - [2019-05-23 15:55:01.0]
2019-06-13 17:57:29.325 TRACE 81444 --- [    Test worker] o.h.type.descriptor.sql.BasicExtractor   : extracted value ([is_active4_0_] : [BIT]) - [true]
2019-06-13 17:57:29.325 TRACE 81444 --- [    Test worker] o.h.type.descriptor.sql.BasicExtractor   : extracted value ([last_updated5_0_] : [TIMESTAMP]) - [2019-05-24 14:26:45.0]
2019-06-13 17:57:29.325 TRACE 81444 --- [    Test worker] o.h.type.descriptor.sql.BasicExtractor   : extracted value ([last_updator_id6_0_] : [BIGINT]) - [6]
2019-06-13 17:57:29.325 TRACE 81444 --- [    Test worker] o.h.type.descriptor.sql.BasicExtractor   : extracted value ([my_parent_id7_0_] : [BIGINT]) - [null]
2019-06-13 17:57:29.325 TRACE 81444 --- [    Test worker] o.h.type.descriptor.sql.BasicExtractor   : extracted value ([name8_0_] : [VARCHAR]) - [교육대학원행정실]
2019-06-13 17:57:29.345 TRACE 81444 --- [    Test worker] o.h.type.descriptor.sql.BasicExtractor   : extracted value ([id1_0_] : [BIGINT]) - [691]
2019-06-13 17:57:29.345 TRACE 81444 --- [    Test worker] o.h.type.descriptor.sql.BasicExtractor   : extracted value ([code2_0_] : [VARCHAR]) - [XL031]
2019-06-13 17:57:29.345 TRACE 81444 --- [    Test worker] o.h.type.descriptor.sql.BasicExtractor   : extracted value ([date_created3_0_] : [TIMESTAMP]) - [2019-05-23 15:55:02.0]
2019-06-13 17:57:29.345 TRACE 81444 --- [    Test worker] o.h.type.descriptor.sql.BasicExtractor   : extracted value ([is_active4_0_] : [BIT]) - [true]
2019-06-13 17:57:29.345 TRACE 81444 --- [    Test worker] o.h.type.descriptor.sql.BasicExtractor   : extracted value ([last_updated5_0_] : [TIMESTAMP]) - [2019-05-24 14:26:46.0]
2019-06-13 17:57:29.346 TRACE 81444 --- [    Test worker] o.h.type.descriptor.sql.BasicExtractor   : extracted value ([last_updator_id6_0_] : [BIGINT]) - [6]
2019-06-13 17:57:29.346 TRACE 81444 --- [    Test worker] o.h.type.descriptor.sql.BasicExtractor   : extracted value ([my_parent_id7_0_] : [BIGINT]) - [null]
2019-06-13 17:57:29.346 TRACE 81444 --- [    Test worker] o.h.type.descriptor.sql.BasicExtractor   : extracted value ([name8_0_] : [VARCHAR]) - [인문대학행정실]
2019-06-13 17:57:29.346 TRACE 81444 --- [    Test worker] o.h.type.descriptor.sql.BasicExtractor   : extracted value ([id1_0_] : [BIGINT]) - [692]
2019-06-13 17:57:29.346 TRACE 81444 --- [    Test worker] o.h.type.descriptor.sql.BasicExtractor   : extracted value ([code2_0_] : [VARCHAR]) - [XL032]
2019-06-13 17:57:29.346 TRACE 81444 --- [    Test worker] o.h.type.descriptor.sql.BasicExtractor   : extracted value ([date_created3_0_] : [TIMESTAMP]) - [2019-05-23 15:55:02.0]
2019-06-13 17:57:29.346 TRACE 81444 --- [    Test worker] o.h.type.descriptor.sql.BasicExtractor   : extracted value ([is_active4_0_] : [BIT]) - [true]
2019-06-13 17:57:29.346 TRACE 81444 --- [    Test worker] o.h.type.descriptor.sql.BasicExtractor   : extracted value ([last_updated5_0_] : [TIMESTAMP]) - [2019-05-24 14:26:46.0]
2019-06-13 17:57:29.346 TRACE 81444 --- [    Test worker] o.h.type.descriptor.sql.BasicExtractor   : extracted value ([last_updator_id6_0_] : [BIGINT]) - [6]
2019-06-13 17:57:29.346 TRACE 81444 --- [    Test worker] o.h.type.descriptor.sql.BasicExtractor   : extracted value ([my_parent_id7_0_] : [BIGINT]) - [null]
2019-06-13 17:57:29.346 TRACE 81444 --- [    Test worker] o.h.type.descriptor.sql.BasicExtractor   : extracted value ([name8_0_] : [VARCHAR]) - [사회과학대학행정실]
2019-06-13 17:57:29.346 TRACE 81444 --- [    Test worker] o.h.type.descriptor.sql.BasicExtractor   : extracted value ([id1_0_] : [BIGINT]) - [693]
2019-06-13 17:57:29.346 TRACE 81444 --- [    Test worker] o.h.type.descriptor.sql.BasicExtractor   : extracted value ([code2_0_] : [VARCHAR]) - [XL033]
2019-06-13 17:57:29.346 TRACE 81444 --- [    Test worker] o.h.type.descriptor.sql.BasicExtractor   : extracted value ([date_created3_0_] : [TIMESTAMP]) - [2019-05-23 15:55:02.0]
2019-06-13 17:57:29.346 TRACE 81444 --- [    Test worker] o.h.type.descriptor.sql.BasicExtractor   : extracted value ([is_active4_0_] : [BIT]) - [true]
2019-06-13 17:57:29.346 TRACE 81444 --- [    Test worker] o.h.type.descriptor.sql.BasicExtractor   : extracted value ([last_updated5_0_] : [TIMESTAMP]) - [2019-05-24 14:26:46.0]
2019-06-13 17:57:29.346 TRACE 81444 --- [    Test worker] o.h.type.descriptor.sql.BasicExtractor   : extracted value ([last_updator_id6_0_] : [BIGINT]) - [6]
2019-06-13 17:57:29.346 TRACE 81444 --- [    Test worker] o.h.type.descriptor.sql.BasicExtractor   : extracted value ([my_parent_id7_0_] : [BIGINT]) - [null]
2019-06-13 17:57:29.346 TRACE 81444 --- [    Test worker] o.h.type.descriptor.sql.BasicExtractor   : extracted value ([name8_0_] : [VARCHAR]) - [자연과학대학행정실]
2019-06-13 17:57:29.346 TRACE 81444 --- [    Test worker] o.h.type.descriptor.sql.BasicExtractor   : extracted value ([id1_0_] : [BIGINT]) - [694]
2019-06-13 17:57:29.346 TRACE 81444 --- [    Test worker] o.h.type.descriptor.sql.BasicExtractor   : extracted value ([code2_0_] : [VARCHAR]) - [XL034]
2019-06-13 17:57:29.346 TRACE 81444 --- [    Test worker] o.h.type.descriptor.sql.BasicExtractor   : extracted value ([date_created3_0_] : [TIMESTAMP]) - [2019-05-23 15:55:03.0]
2019-06-13 17:57:29.347 TRACE 81444 --- [    Test worker] o.h.type.descriptor.sql.BasicExtractor   : extracted value ([is_active4_0_] : [BIT]) - [true]
2019-06-13 17:57:29.347 TRACE 81444 --- [    Test worker] o.h.type.descriptor.sql.BasicExtractor   : extracted value ([last_updated5_0_] : [TIMESTAMP]) - [2019-05-24 14:26:47.0]
2019-06-13 17:57:29.347 TRACE 81444 --- [    Test worker] o.h.type.descriptor.sql.BasicExtractor   : extracted value ([last_updator_id6_0_] : [BIGINT]) - [6]
2019-06-13 17:57:29.347 TRACE 81444 --- [    Test worker] o.h.type.descriptor.sql.BasicExtractor   : extracted value ([my_parent_id7_0_] : [BIGINT]) - [null]
2019-06-13 17:57:29.347 TRACE 81444 --- [    Test worker] o.h.type.descriptor.sql.BasicExtractor   : extracted value ([name8_0_] : [VARCHAR]) - [공과대학행정실]
2019-06-13 17:57:29.347 TRACE 81444 --- [    Test worker] o.h.type.descriptor.sql.BasicExtractor   : extracted value ([id1_0_] : [BIGINT]) - [695]
2019-06-13 17:57:29.347 TRACE 81444 --- [    Test worker] o.h.type.descriptor.sql.BasicExtractor   : extracted value ([code2_0_] : [VARCHAR]) - [XL035]
2019-06-13 17:57:29.347 TRACE 81444 --- [    Test worker] o.h.type.descriptor.sql.BasicExtractor   : extracted value ([date_created3_0_] : [TIMESTAMP]) - [2019-05-23 15:55:03.0]
2019-06-13 17:57:29.347 TRACE 81444 --- [    Test worker] o.h.type.descriptor.sql.BasicExtractor   : extracted value ([is_active4_0_] : [BIT]) - [true]
2019-06-13 17:57:29.347 TRACE 81444 --- [    Test worker] o.h.type.descriptor.sql.BasicExtractor   : extracted value ([last_updated5_0_] : [TIMESTAMP]) - [2019-05-24 14:26:47.0]
2019-06-13 17:57:29.347 TRACE 81444 --- [    Test worker] o.h.type.descriptor.sql.BasicExtractor   : extracted value ([last_updator_id6_0_] : [BIGINT]) - [6]
2019-06-13 17:57:29.347 TRACE 81444 --- [    Test worker] o.h.type.descriptor.sql.BasicExtractor   : extracted value ([my_parent_id7_0_] : [BIGINT]) - [null]
2019-06-13 17:57:29.347 TRACE 81444 --- [    Test worker] o.h.type.descriptor.sql.BasicExtractor   : extracted value ([name8_0_] : [VARCHAR]) - [해양과학대학행정실]
2019-06-13 17:57:29.347 TRACE 81444 --- [    Test worker] o.h.type.descriptor.sql.BasicExtractor   : extracted value ([id1_0_] : [BIGINT]) - [696]
2019-06-13 17:57:29.347 TRACE 81444 --- [    Test worker] o.h.type.descriptor.sql.BasicExtractor   : extracted value ([code2_0_] : [VARCHAR]) - [XL036]
2019-06-13 17:57:29.347 TRACE 81444 --- [    Test worker] o.h.type.descriptor.sql.BasicExtractor   : extracted value ([date_created3_0_] : [TIMESTAMP]) - [2019-05-23 15:55:03.0]
2019-06-13 17:57:29.347 TRACE 81444 --- [    Test worker] o.h.type.descriptor.sql.BasicExtractor   : extracted value ([is_active4_0_] : [BIT]) - [true]
2019-06-13 17:57:29.347 TRACE 81444 --- [    Test worker] o.h.type.descriptor.sql.BasicExtractor   : extracted value ([last_updated5_0_] : [TIMESTAMP]) - [2019-05-24 14:26:47.0]
2019-06-13 17:57:29.347 TRACE 81444 --- [    Test worker] o.h.type.descriptor.sql.BasicExtractor   : extracted value ([last_updator_id6_0_] : [BIGINT]) - [6]
2019-06-13 17:57:29.347 TRACE 81444 --- [    Test worker] o.h.type.descriptor.sql.BasicExtractor   : extracted value ([my_parent_id7_0_] : [BIGINT]) - [null]
2019-06-13 17:57:29.347 TRACE 81444 --- [    Test worker] o.h.type.descriptor.sql.BasicExtractor   : extracted value ([name8_0_] : [VARCHAR]) - [예술대학행정실]
2019-06-13 17:57:29.347 TRACE 81444 --- [    Test worker] o.h.type.descriptor.sql.BasicExtractor   : extracted value ([id1_0_] : [BIGINT]) - [697]
2019-06-13 17:57:29.347 TRACE 81444 --- [    Test worker] o.h.type.descriptor.sql.BasicExtractor   : extracted value ([code2_0_] : [VARCHAR]) - [XL041]
2019-06-13 17:57:29.347 TRACE 81444 --- [    Test worker] o.h.type.descriptor.sql.BasicExtractor   : extracted value ([date_created3_0_] : [TIMESTAMP]) - [2019-05-23 15:55:04.0]
2019-06-13 17:57:29.347 TRACE 81444 --- [    Test worker] o.h.type.descriptor.sql.BasicExtractor   : extracted value ([is_active4_0_] : [BIT]) - [true]
2019-06-13 17:57:29.347 TRACE 81444 --- [    Test worker] o.h.type.descriptor.sql.BasicExtractor   : extracted value ([last_updated5_0_] : [TIMESTAMP]) - [2019-05-24 14:11:51.0]
2019-06-13 17:57:29.347 TRACE 81444 --- [    Test worker] o.h.type.descriptor.sql.BasicExtractor   : extracted value ([last_updator_id6_0_] : [BIGINT]) - [6]
2019-06-13 17:57:29.347 TRACE 81444 --- [    Test worker] o.h.type.descriptor.sql.BasicExtractor   : extracted value ([my_parent_id7_0_] : [BIGINT]) - [837]
2019-06-13 17:57:29.347 TRACE 81444 --- [    Test worker] o.h.type.descriptor.sql.BasicExtractor   : extracted value ([name8_0_] : [VARCHAR]) - [공과대학부속공장]
2019-06-13 17:57:29.347 TRACE 81444 --- [    Test worker] o.h.type.descriptor.sql.BasicExtractor   : extracted value ([id1_0_] : [BIGINT]) - [698]
2019-06-13 17:57:29.348 TRACE 81444 --- [    Test worker] o.h.type.descriptor.sql.BasicExtractor   : extracted value ([code2_0_] : [VARCHAR]) - [XL042]
2019-06-13 17:57:29.348 TRACE 81444 --- [    Test worker] o.h.type.descriptor.sql.BasicExtractor   : extracted value ([date_created3_0_] : [TIMESTAMP]) - [2019-05-23 15:55:04.0]
2019-06-13 17:57:29.348 TRACE 81444 --- [    Test worker] o.h.type.descriptor.sql.BasicExtractor   : extracted value ([is_active4_0_] : [BIT]) - [true]
2019-06-13 17:57:29.348 TRACE 81444 --- [    Test worker] o.h.type.descriptor.sql.BasicExtractor   : extracted value ([last_updated5_0_] : [TIMESTAMP]) - [2019-05-24 14:26:48.0]
2019-06-13 17:57:29.348 TRACE 81444 --- [    Test worker] o.h.type.descriptor.sql.BasicExtractor   : extracted value ([last_updator_id6_0_] : [BIGINT]) - [6]
2019-06-13 17:57:29.348 TRACE 81444 --- [    Test worker] o.h.type.descriptor.sql.BasicExtractor   : extracted value ([my_parent_id7_0_] : [BIGINT]) - [null]
2019-06-13 17:57:29.348 TRACE 81444 --- [    Test worker] o.h.type.descriptor.sql.BasicExtractor   : extracted value ([name8_0_] : [VARCHAR]) - [부속양어장]
2019-06-13 17:57:29.348 TRACE 81444 --- [    Test worker] o.h.type.descriptor.sql.BasicExtractor   : extracted value ([id1_0_] : [BIGINT]) - [699]
2019-06-13 17:57:29.348 TRACE 81444 --- [    Test worker] o.h.type.descriptor.sql.BasicExtractor   : extracted value ([code2_0_] : [VARCHAR]) - [XL043]
2019-06-13 17:57:29.348 TRACE 81444 --- [    Test worker] o.h.type.descriptor.sql.BasicExtractor   : extracted value ([date_created3_0_] : [TIMESTAMP]) - [2019-05-23 15:55:04.0]
2019-06-13 17:57:29.348 TRACE 81444 --- [    Test worker] o.h.type.descriptor.sql.BasicExtractor   : extracted value ([is_active4_0_] : [BIT]) - [true]
2019-06-13 17:57:29.348 TRACE 81444 --- [    Test worker] o.h.type.descriptor.sql.BasicExtractor   : extracted value ([last_updated5_0_] : [TIMESTAMP]) - [2019-05-24 14:26:48.0]
2019-06-13 17:57:29.348 TRACE 81444 --- [    Test worker] o.h.type.descriptor.sql.BasicExtractor   : extracted value ([last_updator_id6_0_] : [BIGINT]) - [6]
2019-06-13 17:57:29.348 TRACE 81444 --- [    Test worker] o.h.type.descriptor.sql.BasicExtractor   : extracted value ([my_parent_id7_0_] : [BIGINT]) - [null]
2019-06-13 17:57:29.348 TRACE 81444 --- [    Test worker] o.h.type.descriptor.sql.BasicExtractor   : extracted value ([name8_0_] : [VARCHAR]) - [부속가공냉동공장]
2019-06-13 17:57:29.348 TRACE 81444 --- [    Test worker] o.h.type.descriptor.sql.BasicExtractor   : extracted value ([id1_0_] : [BIGINT]) - [700]
2019-06-13 17:57:29.348 TRACE 81444 --- [    Test worker] o.h.type.descriptor.sql.BasicExtractor   : extracted value ([code2_0_] : [VARCHAR]) - [XL044]
2019-06-13 17:57:29.348 TRACE 81444 --- [    Test worker] o.h.type.descriptor.sql.BasicExtractor   : extracted value ([date_created3_0_] : [TIMESTAMP]) - [2019-05-23 15:55:05.0]
2019-06-13 17:57:29.348 TRACE 81444 --- [    Test worker] o.h.type.descriptor.sql.BasicExtractor   : extracted value ([is_active4_0_] : [BIT]) - [true]
2019-06-13 17:57:29.348 TRACE 81444 --- [    Test worker] o.h.type.descriptor.sql.BasicExtractor   : extracted value ([last_updated5_0_] : [TIMESTAMP]) - [2019-05-24 14:26:48.0]
2019-06-13 17:57:29.348 TRACE 81444 --- [    Test worker] o.h.type.descriptor.sql.BasicExtractor   : extracted value ([last_updator_id6_0_] : [BIGINT]) - [6]
2019-06-13 17:57:29.348 TRACE 81444 --- [    Test worker] o.h.type.descriptor.sql.BasicExtractor   : extracted value ([my_parent_id7_0_] : [BIGINT]) - [null]
2019-06-13 17:57:29.349 TRACE 81444 --- [    Test worker] o.h.type.descriptor.sql.BasicExtractor   : extracted value ([name8_0_] : [VARCHAR]) - [부속기관공장]
2019-06-13 17:57:29.365 TRACE 81444 --- [    Test worker] o.h.type.descriptor.sql.BasicExtractor   : extracted value ([id1_0_] : [BIGINT]) - [701]
2019-06-13 17:57:29.365 TRACE 81444 --- [    Test worker] o.h.type.descriptor.sql.BasicExtractor   : extracted value ([code2_0_] : [VARCHAR]) - [XL045]
2019-06-13 17:57:29.365 TRACE 81444 --- [    Test worker] o.h.type.descriptor.sql.BasicExtractor   : extracted value ([date_created3_0_] : [TIMESTAMP]) - [2019-05-23 15:55:05.0]
2019-06-13 17:57:29.365 TRACE 81444 --- [    Test worker] o.h.type.descriptor.sql.BasicExtractor   : extracted value ([is_active4_0_] : [BIT]) - [true]
2019-06-13 17:57:29.365 TRACE 81444 --- [    Test worker] o.h.type.descriptor.sql.BasicExtractor   : extracted value ([last_updated5_0_] : [TIMESTAMP]) - [2019-05-24 14:26:49.0]
2019-06-13 17:57:29.365 TRACE 81444 --- [    Test worker] o.h.type.descriptor.sql.BasicExtractor   : extracted value ([last_updator_id6_0_] : [BIGINT]) - [6]
2019-06-13 17:57:29.365 TRACE 81444 --- [    Test worker] o.h.type.descriptor.sql.BasicExtractor   : extracted value ([my_parent_id7_0_] : [BIGINT]) - [null]
2019-06-13 17:57:29.365 TRACE 81444 --- [    Test worker] o.h.type.descriptor.sql.BasicExtractor   : extracted value ([name8_0_] : [VARCHAR]) - [실습선]
2019-06-13 17:57:29.365 TRACE 81444 --- [    Test worker] o.h.type.descriptor.sql.BasicExtractor   : extracted value ([id1_0_] : [BIGINT]) - [702]
2019-06-13 17:57:29.365 TRACE 81444 --- [    Test worker] o.h.type.descriptor.sql.BasicExtractor   : extracted value ([code2_0_] : [VARCHAR]) - [XL046]
2019-06-13 17:57:29.365 TRACE 81444 --- [    Test worker] o.h.type.descriptor.sql.BasicExtractor   : extracted value ([date_created3_0_] : [TIMESTAMP]) - [2019-05-23 15:55:06.0]
2019-06-13 17:57:29.365 TRACE 81444 --- [    Test worker] o.h.type.descriptor.sql.BasicExtractor   : extracted value ([is_active4_0_] : [BIT]) - [true]
2019-06-13 17:57:29.365 TRACE 81444 --- [    Test worker] o.h.type.descriptor.sql.BasicExtractor   : extracted value ([last_updated5_0_] : [TIMESTAMP]) - [2019-05-24 14:26:49.0]
2019-06-13 17:57:29.365 TRACE 81444 --- [    Test worker] o.h.type.descriptor.sql.BasicExtractor   : extracted value ([last_updator_id6_0_] : [BIGINT]) - [6]
2019-06-13 17:57:29.365 TRACE 81444 --- [    Test worker] o.h.type.descriptor.sql.BasicExtractor   : extracted value ([my_parent_id7_0_] : [BIGINT]) - [null]
2019-06-13 17:57:29.365 TRACE 81444 --- [    Test worker] o.h.type.descriptor.sql.BasicExtractor   : extracted value ([name8_0_] : [VARCHAR]) - [변산천해양식장]
2019-06-13 17:57:29.365 TRACE 81444 --- [    Test worker] o.h.type.descriptor.sql.BasicExtractor   : extracted value ([id1_0_] : [BIGINT]) - [703]
2019-06-13 17:57:29.366 TRACE 81444 --- [    Test worker] o.h.type.descriptor.sql.BasicExtractor   : extracted value ([code2_0_] : [VARCHAR]) - [XL047]
2019-06-13 17:57:29.366 TRACE 81444 --- [    Test worker] o.h.type.descriptor.sql.BasicExtractor   : extracted value ([date_created3_0_] : [TIMESTAMP]) - [2019-05-23 15:55:06.0]
2019-06-13 17:57:29.366 TRACE 81444 --- [    Test worker] o.h.type.descriptor.sql.BasicExtractor   : extracted value ([is_active4_0_] : [BIT]) - [true]
2019-06-13 17:57:29.366 TRACE 81444 --- [    Test worker] o.h.type.descriptor.sql.BasicExtractor   : extracted value ([last_updated5_0_] : [TIMESTAMP]) - [2019-05-23 15:55:06.0]
2019-06-13 17:57:29.366 TRACE 81444 --- [    Test worker] o.h.type.descriptor.sql.BasicExtractor   : extracted value ([last_updator_id6_0_] : [BIGINT]) - [6]
2019-06-13 17:57:29.366 TRACE 81444 --- [    Test worker] o.h.type.descriptor.sql.BasicExtractor   : extracted value ([my_parent_id7_0_] : [BIGINT]) - [null]
2019-06-13 17:57:29.366 TRACE 81444 --- [    Test worker] o.h.type.descriptor.sql.BasicExtractor   : extracted value ([name8_0_] : [VARCHAR]) - [교양교직]
2019-06-13 17:57:29.366 TRACE 81444 --- [    Test worker] o.h.type.descriptor.sql.BasicExtractor   : extracted value ([id1_0_] : [BIGINT]) - [704]
2019-06-13 17:57:29.367 TRACE 81444 --- [    Test worker] o.h.type.descriptor.sql.BasicExtractor   : extracted value ([code2_0_] : [VARCHAR]) - [XL048]
2019-06-13 17:57:29.367 TRACE 81444 --- [    Test worker] o.h.type.descriptor.sql.BasicExtractor   : extracted value ([date_created3_0_] : [TIMESTAMP]) - [2019-05-23 15:55:06.0]
2019-06-13 17:57:29.367 TRACE 81444 --- [    Test worker] o.h.type.descriptor.sql.BasicExtractor   : extracted value ([is_active4_0_] : [BIT]) - [true]
2019-06-13 17:57:29.367 TRACE 81444 --- [    Test worker] o.h.type.descriptor.sql.BasicExtractor   : extracted value ([last_updated5_0_] : [TIMESTAMP]) - [2019-05-24 14:11:54.0]
2019-06-13 17:57:29.367 TRACE 81444 --- [    Test worker] o.h.type.descriptor.sql.BasicExtractor   : extracted value ([last_updator_id6_0_] : [BIGINT]) - [6]
2019-06-13 17:57:29.367 TRACE 81444 --- [    Test worker] o.h.type.descriptor.sql.BasicExtractor   : extracted value ([my_parent_id7_0_] : [BIGINT]) - [837]
2019-06-13 17:57:29.367 TRACE 81444 --- [    Test worker] o.h.type.descriptor.sql.BasicExtractor   : extracted value ([name8_0_] : [VARCHAR]) - [공동실험실습관]
2019-06-13 17:57:29.367 TRACE 81444 --- [    Test worker] o.h.type.descriptor.sql.BasicExtractor   : extracted value ([id1_0_] : [BIGINT]) - [705]
2019-06-13 17:57:29.367 TRACE 81444 --- [    Test worker] o.h.type.descriptor.sql.BasicExtractor   : extracted value ([code2_0_] : [VARCHAR]) - [XL049]
2019-06-13 17:57:29.367 TRACE 81444 --- [    Test worker] o.h.type.descriptor.sql.BasicExtractor   : extracted value ([date_created3_0_] : [TIMESTAMP]) - [2019-05-23 15:55:07.0]
2019-06-13 17:57:29.367 TRACE 81444 --- [    Test worker] o.h.type.descriptor.sql.BasicExtractor   : extracted value ([is_active4_0_] : [BIT]) - [true]
2019-06-13 17:57:29.367 TRACE 81444 --- [    Test worker] o.h.type.descriptor.sql.BasicExtractor   : extracted value ([last_updated5_0_] : [TIMESTAMP]) - [2019-05-23 15:55:07.0]
2019-06-13 17:57:29.367 TRACE 81444 --- [    Test worker] o.h.type.descriptor.sql.BasicExtractor   : extracted value ([last_updator_id6_0_] : [BIGINT]) - [6]
2019-06-13 17:57:29.367 TRACE 81444 --- [    Test worker] o.h.type.descriptor.sql.BasicExtractor   : extracted value ([my_parent_id7_0_] : [BIGINT]) - [null]
2019-06-13 17:57:29.367 TRACE 81444 --- [    Test worker] o.h.type.descriptor.sql.BasicExtractor   : extracted value ([name8_0_] : [VARCHAR]) - [공실관]
2019-06-13 17:57:29.367 TRACE 81444 --- [    Test worker] o.h.type.descriptor.sql.BasicExtractor   : extracted value ([id1_0_] : [BIGINT]) - [706]
2019-06-13 17:57:29.367 TRACE 81444 --- [    Test worker] o.h.type.descriptor.sql.BasicExtractor   : extracted value ([code2_0_] : [VARCHAR]) - [XL051]
2019-06-13 17:57:29.367 TRACE 81444 --- [    Test worker] o.h.type.descriptor.sql.BasicExtractor   : extracted value ([date_created3_0_] : [TIMESTAMP]) - [2019-05-23 15:55:07.0]
2019-06-13 17:57:29.367 TRACE 81444 --- [    Test worker] o.h.type.descriptor.sql.BasicExtractor   : extracted value ([is_active4_0_] : [BIT]) - [true]
2019-06-13 17:57:29.368 TRACE 81444 --- [    Test worker] o.h.type.descriptor.sql.BasicExtractor   : extracted value ([last_updated5_0_] : [TIMESTAMP]) - [2019-05-24 14:11:54.0]
2019-06-13 17:57:29.368 TRACE 81444 --- [    Test worker] o.h.type.descriptor.sql.BasicExtractor   : extracted value ([last_updator_id6_0_] : [BIGINT]) - [6]
2019-06-13 17:57:29.368 TRACE 81444 --- [    Test worker] o.h.type.descriptor.sql.BasicExtractor   : extracted value ([my_parent_id7_0_] : [BIGINT]) - [848]
2019-06-13 17:57:29.368 TRACE 81444 --- [    Test worker] o.h.type.descriptor.sql.BasicExtractor   : extracted value ([name8_0_] : [VARCHAR]) - [학술정보지원과]
2019-06-13 17:57:29.368 TRACE 81444 --- [    Test worker] o.h.type.descriptor.sql.BasicExtractor   : extracted value ([id1_0_] : [BIGINT]) - [707]
2019-06-13 17:57:29.368 TRACE 81444 --- [    Test worker] o.h.type.descriptor.sql.BasicExtractor   : extracted value ([code2_0_] : [VARCHAR]) - [XL052]
2019-06-13 17:57:29.368 TRACE 81444 --- [    Test worker] o.h.type.descriptor.sql.BasicExtractor   : extracted value ([date_created3_0_] : [TIMESTAMP]) - [2019-05-23 15:55:07.0]
2019-06-13 17:57:29.368 TRACE 81444 --- [    Test worker] o.h.type.descriptor.sql.BasicExtractor   : extracted value ([is_active4_0_] : [BIT]) - [true]
2019-06-13 17:57:29.368 TRACE 81444 --- [    Test worker] o.h.type.descriptor.sql.BasicExtractor   : extracted value ([last_updated5_0_] : [TIMESTAMP]) - [2019-05-23 15:55:07.0]
2019-06-13 17:57:29.368 TRACE 81444 --- [    Test worker] o.h.type.descriptor.sql.BasicExtractor   : extracted value ([last_updator_id6_0_] : [BIGINT]) - [6]
2019-06-13 17:57:29.368 TRACE 81444 --- [    Test worker] o.h.type.descriptor.sql.BasicExtractor   : extracted value ([my_parent_id7_0_] : [BIGINT]) - [null]
2019-06-13 17:57:29.368 TRACE 81444 --- [    Test worker] o.h.type.descriptor.sql.BasicExtractor   : extracted value ([name8_0_] : [VARCHAR]) - [도서관분관]
2019-06-13 17:57:29.368 TRACE 81444 --- [    Test worker] o.h.type.descriptor.sql.BasicExtractor   : extracted value ([id1_0_] : [BIGINT]) - [708]
2019-06-13 17:57:29.368 TRACE 81444 --- [    Test worker] o.h.type.descriptor.sql.BasicExtractor   : extracted value ([code2_0_] : [VARCHAR]) - [XL053]
2019-06-13 17:57:29.368 TRACE 81444 --- [    Test worker] o.h.type.descriptor.sql.BasicExtractor   : extracted value ([date_created3_0_] : [TIMESTAMP]) - [2019-05-23 15:55:08.0]
2019-06-13 17:57:29.368 TRACE 81444 --- [    Test worker] o.h.type.descriptor.sql.BasicExtractor   : extracted value ([is_active4_0_] : [BIT]) - [true]
2019-06-13 17:57:29.368 TRACE 81444 --- [    Test worker] o.h.type.descriptor.sql.BasicExtractor   : extracted value ([last_updated5_0_] : [TIMESTAMP]) - [2019-05-23 15:55:08.0]
2019-06-13 17:57:29.368 TRACE 81444 --- [    Test worker] o.h.type.descriptor.sql.BasicExtractor   : extracted value ([last_updator_id6_0_] : [BIGINT]) - [6]
2019-06-13 17:57:29.368 TRACE 81444 --- [    Test worker] o.h.type.descriptor.sql.BasicExtractor   : extracted value ([my_parent_id7_0_] : [BIGINT]) - [null]
2019-06-13 17:57:29.369 TRACE 81444 --- [    Test worker] o.h.type.descriptor.sql.BasicExtractor   : extracted value ([name8_0_] : [VARCHAR]) - [도서관수서과]
2019-06-13 17:57:29.369 TRACE 81444 --- [    Test worker] o.h.type.descriptor.sql.BasicExtractor   : extracted value ([id1_0_] : [BIGINT]) - [709]
2019-06-13 17:57:29.369 TRACE 81444 --- [    Test worker] o.h.type.descriptor.sql.BasicExtractor   : extracted value ([code2_0_] : [VARCHAR]) - [XL054]
2019-06-13 17:57:29.369 TRACE 81444 --- [    Test worker] o.h.type.descriptor.sql.BasicExtractor   : extracted value ([date_created3_0_] : [TIMESTAMP]) - [2019-05-23 15:55:08.0]
2019-06-13 17:57:29.369 TRACE 81444 --- [    Test worker] o.h.type.descriptor.sql.BasicExtractor   : extracted value ([is_active4_0_] : [BIT]) - [true]
2019-06-13 17:57:29.369 TRACE 81444 --- [    Test worker] o.h.type.descriptor.sql.BasicExtractor   : extracted value ([last_updated5_0_] : [TIMESTAMP]) - [2019-05-23 15:55:08.0]
2019-06-13 17:57:29.369 TRACE 81444 --- [    Test worker] o.h.type.descriptor.sql.BasicExtractor   : extracted value ([last_updator_id6_0_] : [BIGINT]) - [6]
2019-06-13 17:57:29.369 TRACE 81444 --- [    Test worker] o.h.type.descriptor.sql.BasicExtractor   : extracted value ([my_parent_id7_0_] : [BIGINT]) - [null]
2019-06-13 17:57:29.369 TRACE 81444 --- [    Test worker] o.h.type.descriptor.sql.BasicExtractor   : extracted value ([name8_0_] : [VARCHAR]) - [도서관정리과]
2019-06-13 17:57:29.369 TRACE 81444 --- [    Test worker] o.h.type.descriptor.sql.BasicExtractor   : extracted value ([id1_0_] : [BIGINT]) - [710]
2019-06-13 17:57:29.369 TRACE 81444 --- [    Test worker] o.h.type.descriptor.sql.BasicExtractor   : extracted value ([code2_0_] : [VARCHAR]) - [XL055]
2019-06-13 17:57:29.369 TRACE 81444 --- [    Test worker] o.h.type.descriptor.sql.BasicExtractor   : extracted value ([date_created3_0_] : [TIMESTAMP]) - [2019-05-23 15:55:08.0]
2019-06-13 17:57:29.369 TRACE 81444 --- [    Test worker] o.h.type.descriptor.sql.BasicExtractor   : extracted value ([is_active4_0_] : [BIT]) - [true]
2019-06-13 17:57:29.369 TRACE 81444 --- [    Test worker] o.h.type.descriptor.sql.BasicExtractor   : extracted value ([last_updated5_0_] : [TIMESTAMP]) - [2019-05-23 15:55:08.0]
2019-06-13 17:57:29.369 TRACE 81444 --- [    Test worker] o.h.type.descriptor.sql.BasicExtractor   : extracted value ([last_updator_id6_0_] : [BIGINT]) - [6]
2019-06-13 17:57:29.369 TRACE 81444 --- [    Test worker] o.h.type.descriptor.sql.BasicExtractor   : extracted value ([my_parent_id7_0_] : [BIGINT]) - [null]
2019-06-13 17:57:29.370 TRACE 81444 --- [    Test worker] o.h.type.descriptor.sql.BasicExtractor   : extracted value ([name8_0_] : [VARCHAR]) - [도서관열람과]
2019-06-13 17:57:29.388 TRACE 81444 --- [    Test worker] o.h.type.descriptor.sql.BasicExtractor   : extracted value ([id1_0_] : [BIGINT]) - [711]
2019-06-13 17:57:29.388 TRACE 81444 --- [    Test worker] o.h.type.descriptor.sql.BasicExtractor   : extracted value ([code2_0_] : [VARCHAR]) - [XL056]
2019-06-13 17:57:29.388 TRACE 81444 --- [    Test worker] o.h.type.descriptor.sql.BasicExtractor   : extracted value ([date_created3_0_] : [TIMESTAMP]) - [2019-05-23 15:55:09.0]
2019-06-13 17:57:29.388 TRACE 81444 --- [    Test worker] o.h.type.descriptor.sql.BasicExtractor   : extracted value ([is_active4_0_] : [BIT]) - [true]
2019-06-13 17:57:29.388 TRACE 81444 --- [    Test worker] o.h.type.descriptor.sql.BasicExtractor   : extracted value ([last_updated5_0_] : [TIMESTAMP]) - [2019-05-24 14:11:54.0]
2019-06-13 17:57:29.388 TRACE 81444 --- [    Test worker] o.h.type.descriptor.sql.BasicExtractor   : extracted value ([last_updator_id6_0_] : [BIGINT]) - [6]
2019-06-13 17:57:29.388 TRACE 81444 --- [    Test worker] o.h.type.descriptor.sql.BasicExtractor   : extracted value ([my_parent_id7_0_] : [BIGINT]) - [837]
2019-06-13 17:57:29.389 TRACE 81444 --- [    Test worker] o.h.type.descriptor.sql.BasicExtractor   : extracted value ([name8_0_] : [VARCHAR]) - [박물관]
2019-06-13 17:57:29.389 TRACE 81444 --- [    Test worker] o.h.type.descriptor.sql.BasicExtractor   : extracted value ([id1_0_] : [BIGINT]) - [712]
2019-06-13 17:57:29.389 TRACE 81444 --- [    Test worker] o.h.type.descriptor.sql.BasicExtractor   : extracted value ([code2_0_] : [VARCHAR]) - [XL057]
2019-06-13 17:57:29.389 TRACE 81444 --- [    Test worker] o.h.type.descriptor.sql.BasicExtractor   : extracted value ([date_created3_0_] : [TIMESTAMP]) - [2019-05-23 15:55:09.0]
2019-06-13 17:57:29.389 TRACE 81444 --- [    Test worker] o.h.type.descriptor.sql.BasicExtractor   : extracted value ([is_active4_0_] : [BIT]) - [true]
2019-06-13 17:57:29.389 TRACE 81444 --- [    Test worker] o.h.type.descriptor.sql.BasicExtractor   : extracted value ([last_updated5_0_] : [TIMESTAMP]) - [2019-05-24 14:26:50.0]
2019-06-13 17:57:29.389 TRACE 81444 --- [    Test worker] o.h.type.descriptor.sql.BasicExtractor   : extracted value ([last_updator_id6_0_] : [BIGINT]) - [6]
2019-06-13 17:57:29.389 TRACE 81444 --- [    Test worker] o.h.type.descriptor.sql.BasicExtractor   : extracted value ([my_parent_id7_0_] : [BIGINT]) - [null]
2019-06-13 17:57:29.389 TRACE 81444 --- [    Test worker] o.h.type.descriptor.sql.BasicExtractor   : extracted value ([name8_0_] : [VARCHAR]) - [학생기숙사]
2019-06-13 17:57:29.389 TRACE 81444 --- [    Test worker] o.h.type.descriptor.sql.BasicExtractor   : extracted value ([id1_0_] : [BIGINT]) - [713]
2019-06-13 17:57:29.389 TRACE 81444 --- [    Test worker] o.h.type.descriptor.sql.BasicExtractor   : extracted value ([code2_0_] : [VARCHAR]) - [XL058]
2019-06-13 17:57:29.389 TRACE 81444 --- [    Test worker] o.h.type.descriptor.sql.BasicExtractor   : extracted value ([date_created3_0_] : [TIMESTAMP]) - [2019-05-23 15:55:09.0]
2019-06-13 17:57:29.389 TRACE 81444 --- [    Test worker] o.h.type.descriptor.sql.BasicExtractor   : extracted value ([is_active4_0_] : [BIT]) - [true]
2019-06-13 17:57:29.389 TRACE 81444 --- [    Test worker] o.h.type.descriptor.sql.BasicExtractor   : extracted value ([last_updated5_0_] : [TIMESTAMP]) - [2019-05-23 15:55:09.0]
2019-06-13 17:57:29.389 TRACE 81444 --- [    Test worker] o.h.type.descriptor.sql.BasicExtractor   : extracted value ([last_updator_id6_0_] : [BIGINT]) - [6]
2019-06-13 17:57:29.389 TRACE 81444 --- [    Test worker] o.h.type.descriptor.sql.BasicExtractor   : extracted value ([my_parent_id7_0_] : [BIGINT]) - [null]
2019-06-13 17:57:29.389 TRACE 81444 --- [    Test worker] o.h.type.descriptor.sql.BasicExtractor   : extracted value ([name8_0_] : [VARCHAR]) - [기숙사분사]
2019-06-13 17:57:29.389 TRACE 81444 --- [    Test worker] o.h.type.descriptor.sql.BasicExtractor   : extracted value ([id1_0_] : [BIGINT]) - [714]
2019-06-13 17:57:29.389 TRACE 81444 --- [    Test worker] o.h.type.descriptor.sql.BasicExtractor   : extracted value ([code2_0_] : [VARCHAR]) - [XL059]
2019-06-13 17:57:29.389 TRACE 81444 --- [    Test worker] o.h.type.descriptor.sql.BasicExtractor   : extracted value ([date_created3_0_] : [TIMESTAMP]) - [2019-05-23 15:55:10.0]
2019-06-13 17:57:29.389 TRACE 81444 --- [    Test worker] o.h.type.descriptor.sql.BasicExtractor   : extracted value ([is_active4_0_] : [BIT]) - [true]
2019-06-13 17:57:29.389 TRACE 81444 --- [    Test worker] o.h.type.descriptor.sql.BasicExtractor   : extracted value ([last_updated5_0_] : [TIMESTAMP]) - [2019-05-24 14:11:55.0]
2019-06-13 17:57:29.389 TRACE 81444 --- [    Test worker] o.h.type.descriptor.sql.BasicExtractor   : extracted value ([last_updator_id6_0_] : [BIGINT]) - [6]
2019-06-13 17:57:29.389 TRACE 81444 --- [    Test worker] o.h.type.descriptor.sql.BasicExtractor   : extracted value ([my_parent_id7_0_] : [BIGINT]) - [841]
2019-06-13 17:57:29.389 TRACE 81444 --- [    Test worker] o.h.type.descriptor.sql.BasicExtractor   : extracted value ([name8_0_] : [VARCHAR]) - [정보전산원]
2019-06-13 17:57:29.389 TRACE 81444 --- [    Test worker] o.h.type.descriptor.sql.BasicExtractor   : extracted value ([id1_0_] : [BIGINT]) - [715]
2019-06-13 17:57:29.389 TRACE 81444 --- [    Test worker] o.h.type.descriptor.sql.BasicExtractor   : extracted value ([code2_0_] : [VARCHAR]) - [XL060]
2019-06-13 17:57:29.390 TRACE 81444 --- [    Test worker] o.h.type.descriptor.sql.BasicExtractor   : extracted value ([date_created3_0_] : [TIMESTAMP]) - [2019-05-23 15:55:10.0]
2019-06-13 17:57:29.390 TRACE 81444 --- [    Test worker] o.h.type.descriptor.sql.BasicExtractor   : extracted value ([is_active4_0_] : [BIT]) - [true]
2019-06-13 17:57:29.390 TRACE 81444 --- [    Test worker] o.h.type.descriptor.sql.BasicExtractor   : extracted value ([last_updated5_0_] : [TIMESTAMP]) - [2019-05-24 14:26:51.0]
2019-06-13 17:57:29.390 TRACE 81444 --- [    Test worker] o.h.type.descriptor.sql.BasicExtractor   : extracted value ([last_updator_id6_0_] : [BIGINT]) - [6]
2019-06-13 17:57:29.390 TRACE 81444 --- [    Test worker] o.h.type.descriptor.sql.BasicExtractor   : extracted value ([my_parent_id7_0_] : [BIGINT]) - [null]
2019-06-13 17:57:29.390 TRACE 81444 --- [    Test worker] o.h.type.descriptor.sql.BasicExtractor   : extracted value ([name8_0_] : [VARCHAR]) - [보건진료소]
2019-06-13 17:57:29.390 TRACE 81444 --- [    Test worker] o.h.type.descriptor.sql.BasicExtractor   : extracted value ([id1_0_] : [BIGINT]) - [716]
2019-06-13 17:57:29.390 TRACE 81444 --- [    Test worker] o.h.type.descriptor.sql.BasicExtractor   : extracted value ([code2_0_] : [VARCHAR]) - [XL061]
2019-06-13 17:57:29.390 TRACE 81444 --- [    Test worker] o.h.type.descriptor.sql.BasicExtractor   : extracted value ([date_created3_0_] : [TIMESTAMP]) - [2019-05-23 15:55:10.0]
2019-06-13 17:57:29.390 TRACE 81444 --- [    Test worker] o.h.type.descriptor.sql.BasicExtractor   : extracted value ([is_active4_0_] : [BIT]) - [true]
2019-06-13 17:57:29.390 TRACE 81444 --- [    Test worker] o.h.type.descriptor.sql.BasicExtractor   : extracted value ([last_updated5_0_] : [TIMESTAMP]) - [2019-05-24 14:26:51.0]
2019-06-13 17:57:29.390 TRACE 81444 --- [    Test worker] o.h.type.descriptor.sql.BasicExtractor   : extracted value ([last_updator_id6_0_] : [BIGINT]) - [6]
2019-06-13 17:57:29.390 TRACE 81444 --- [    Test worker] o.h.type.descriptor.sql.BasicExtractor   : extracted value ([my_parent_id7_0_] : [BIGINT]) - [null]
2019-06-13 17:57:29.390 TRACE 81444 --- [    Test worker] o.h.type.descriptor.sql.BasicExtractor   : extracted value ([name8_0_] : [VARCHAR]) - [학생생활상담소]
2019-06-13 17:57:29.390 TRACE 81444 --- [    Test worker] o.h.type.descriptor.sql.BasicExtractor   : extracted value ([id1_0_] : [BIGINT]) - [717]
2019-06-13 17:57:29.390 TRACE 81444 --- [    Test worker] o.h.type.descriptor.sql.BasicExtractor   : extracted value ([code2_0_] : [VARCHAR]) - [XL062]
2019-06-13 17:57:29.390 TRACE 81444 --- [    Test worker] o.h.type.descriptor.sql.BasicExtractor   : extracted value ([date_created3_0_] : [TIMESTAMP]) - [2019-05-23 15:55:11.0]
2019-06-13 17:57:29.390 TRACE 81444 --- [    Test worker] o.h.type.descriptor.sql.BasicExtractor   : extracted value ([is_active4_0_] : [BIT]) - [true]
2019-06-13 17:57:29.391 TRACE 81444 --- [    Test worker] o.h.type.descriptor.sql.BasicExtractor   : extracted value ([last_updated5_0_] : [TIMESTAMP]) - [2019-05-24 14:11:56.0]
2019-06-13 17:57:29.391 TRACE 81444 --- [    Test worker] o.h.type.descriptor.sql.BasicExtractor   : extracted value ([last_updator_id6_0_] : [BIGINT]) - [6]
2019-06-13 17:57:29.391 TRACE 81444 --- [    Test worker] o.h.type.descriptor.sql.BasicExtractor   : extracted value ([my_parent_id7_0_] : [BIGINT]) - [837]
2019-06-13 17:57:29.391 TRACE 81444 --- [    Test worker] o.h.type.descriptor.sql.BasicExtractor   : extracted value ([name8_0_] : [VARCHAR]) - [언론사]
2019-06-13 17:57:29.391 TRACE 81444 --- [    Test worker] o.h.type.descriptor.sql.BasicExtractor   : extracted value ([id1_0_] : [BIGINT]) - [718]
2019-06-13 17:57:29.391 TRACE 81444 --- [    Test worker] o.h.type.descriptor.sql.BasicExtractor   : extracted value ([code2_0_] : [VARCHAR]) - [XL063]
2019-06-13 17:57:29.391 TRACE 81444 --- [    Test worker] o.h.type.descriptor.sql.BasicExtractor   : extracted value ([date_created3_0_] : [TIMESTAMP]) - [2019-05-23 15:55:11.0]
2019-06-13 17:57:29.391 TRACE 81444 --- [    Test worker] o.h.type.descriptor.sql.BasicExtractor   : extracted value ([is_active4_0_] : [BIT]) - [true]
2019-06-13 17:57:29.391 TRACE 81444 --- [    Test worker] o.h.type.descriptor.sql.BasicExtractor   : extracted value ([last_updated5_0_] : [TIMESTAMP]) - [2019-05-24 14:26:52.0]
2019-06-13 17:57:29.391 TRACE 81444 --- [    Test worker] o.h.type.descriptor.sql.BasicExtractor   : extracted value ([last_updator_id6_0_] : [BIGINT]) - [6]
2019-06-13 17:57:29.391 TRACE 81444 --- [    Test worker] o.h.type.descriptor.sql.BasicExtractor   : extracted value ([my_parent_id7_0_] : [BIGINT]) - [null]
2019-06-13 17:57:29.391 TRACE 81444 --- [    Test worker] o.h.type.descriptor.sql.BasicExtractor   : extracted value ([name8_0_] : [VARCHAR]) - [방송국]
2019-06-13 17:57:29.391 TRACE 81444 --- [    Test worker] o.h.type.descriptor.sql.BasicExtractor   : extracted value ([id1_0_] : [BIGINT]) - [719]
2019-06-13 17:57:29.391 TRACE 81444 --- [    Test worker] o.h.type.descriptor.sql.BasicExtractor   : extracted value ([code2_0_] : [VARCHAR]) - [XL064]
2019-06-13 17:57:29.391 TRACE 81444 --- [    Test worker] o.h.type.descriptor.sql.BasicExtractor   : extracted value ([date_created3_0_] : [TIMESTAMP]) - [2019-05-23 15:55:11.0]
2019-06-13 17:57:29.391 TRACE 81444 --- [    Test worker] o.h.type.descriptor.sql.BasicExtractor   : extracted value ([is_active4_0_] : [BIT]) - [true]
2019-06-13 17:57:29.391 TRACE 81444 --- [    Test worker] o.h.type.descriptor.sql.BasicExtractor   : extracted value ([last_updated5_0_] : [TIMESTAMP]) - [2019-05-24 14:26:52.0]
2019-06-13 17:57:29.391 TRACE 81444 --- [    Test worker] o.h.type.descriptor.sql.BasicExtractor   : extracted value ([last_updator_id6_0_] : [BIGINT]) - [6]
2019-06-13 17:57:29.391 TRACE 81444 --- [    Test worker] o.h.type.descriptor.sql.BasicExtractor   : extracted value ([my_parent_id7_0_] : [BIGINT]) - [null]
2019-06-13 17:57:29.391 TRACE 81444 --- [    Test worker] o.h.type.descriptor.sql.BasicExtractor   : extracted value ([name8_0_] : [VARCHAR]) - [영자신문사]
2019-06-13 17:57:29.391 TRACE 81444 --- [    Test worker] o.h.type.descriptor.sql.BasicExtractor   : extracted value ([id1_0_] : [BIGINT]) - [720]
2019-06-13 17:57:29.391 TRACE 81444 --- [    Test worker] o.h.type.descriptor.sql.BasicExtractor   : extracted value ([code2_0_] : [VARCHAR]) - [XL065]
2019-06-13 17:57:29.391 TRACE 81444 --- [    Test worker] o.h.type.descriptor.sql.BasicExtractor   : extracted value ([date_created3_0_] : [TIMESTAMP]) - [2019-05-23 15:55:12.0]
2019-06-13 17:57:29.391 TRACE 81444 --- [    Test worker] o.h.type.descriptor.sql.BasicExtractor   : extracted value ([is_active4_0_] : [BIT]) - [true]
2019-06-13 17:57:29.391 TRACE 81444 --- [    Test worker] o.h.type.descriptor.sql.BasicExtractor   : extracted value ([last_updated5_0_] : [TIMESTAMP]) - [2019-05-24 14:11:57.0]
2019-06-13 17:57:29.391 TRACE 81444 --- [    Test worker] o.h.type.descriptor.sql.BasicExtractor   : extracted value ([last_updator_id6_0_] : [BIGINT]) - [6]
2019-06-13 17:57:29.391 TRACE 81444 --- [    Test worker] o.h.type.descriptor.sql.BasicExtractor   : extracted value ([my_parent_id7_0_] : [BIGINT]) - [837]
2019-06-13 17:57:29.391 TRACE 81444 --- [    Test worker] o.h.type.descriptor.sql.BasicExtractor   : extracted value ([name8_0_] : [VARCHAR]) - [체육부]
2019-06-13 17:57:29.408 TRACE 81444 --- [    Test worker] o.h.type.descriptor.sql.BasicExtractor   : extracted value ([id1_0_] : [BIGINT]) - [721]
2019-06-13 17:57:29.408 TRACE 81444 --- [    Test worker] o.h.type.descriptor.sql.BasicExtractor   : extracted value ([code2_0_] : [VARCHAR]) - [XL066]
2019-06-13 17:57:29.408 TRACE 81444 --- [    Test worker] o.h.type.descriptor.sql.BasicExtractor   : extracted value ([date_created3_0_] : [TIMESTAMP]) - [2019-05-23 15:55:12.0]
2019-06-13 17:57:29.409 TRACE 81444 --- [    Test worker] o.h.type.descriptor.sql.BasicExtractor   : extracted value ([is_active4_0_] : [BIT]) - [true]
2019-06-13 17:57:29.409 TRACE 81444 --- [    Test worker] o.h.type.descriptor.sql.BasicExtractor   : extracted value ([last_updated5_0_] : [TIMESTAMP]) - [2019-05-23 15:55:12.0]
2019-06-13 17:57:29.409 TRACE 81444 --- [    Test worker] o.h.type.descriptor.sql.BasicExtractor   : extracted value ([last_updator_id6_0_] : [BIGINT]) - [6]
2019-06-13 17:57:29.409 TRACE 81444 --- [    Test worker] o.h.type.descriptor.sql.BasicExtractor   : extracted value ([my_parent_id7_0_] : [BIGINT]) - [null]
2019-06-13 17:57:29.409 TRACE 81444 --- [    Test worker] o.h.type.descriptor.sql.BasicExtractor   : extracted value ([name8_0_] : [VARCHAR]) - [출판부]
2019-06-13 17:57:29.409 TRACE 81444 --- [    Test worker] o.h.type.descriptor.sql.BasicExtractor   : extracted value ([id1_0_] : [BIGINT]) - [722]
2019-06-13 17:57:29.409 TRACE 81444 --- [    Test worker] o.h.type.descriptor.sql.BasicExtractor   : extracted value ([code2_0_] : [VARCHAR]) - [XL067]
2019-06-13 17:57:29.409 TRACE 81444 --- [    Test worker] o.h.type.descriptor.sql.BasicExtractor   : extracted value ([date_created3_0_] : [TIMESTAMP]) - [2019-05-23 15:55:12.0]
2019-06-13 17:57:29.409 TRACE 81444 --- [    Test worker] o.h.type.descriptor.sql.BasicExtractor   : extracted value ([is_active4_0_] : [BIT]) - [true]
2019-06-13 17:57:29.409 TRACE 81444 --- [    Test worker] o.h.type.descriptor.sql.BasicExtractor   : extracted value ([last_updated5_0_] : [TIMESTAMP]) - [2019-05-24 14:12:21.0]
2019-06-13 17:57:29.409 TRACE 81444 --- [    Test worker] o.h.type.descriptor.sql.BasicExtractor   : extracted value ([last_updator_id6_0_] : [BIGINT]) - [6]
2019-06-13 17:57:29.409 TRACE 81444 --- [    Test worker] o.h.type.descriptor.sql.BasicExtractor   : extracted value ([my_parent_id7_0_] : [BIGINT]) - [841]
2019-06-13 17:57:29.409 TRACE 81444 --- [    Test worker] o.h.type.descriptor.sql.BasicExtractor   : extracted value ([name8_0_] : [VARCHAR]) - [평생교육원]
2019-06-13 17:57:29.409 TRACE 81444 --- [    Test worker] o.h.type.descriptor.sql.BasicExtractor   : extracted value ([id1_0_] : [BIGINT]) - [723]
2019-06-13 17:57:29.409 TRACE 81444 --- [    Test worker] o.h.type.descriptor.sql.BasicExtractor   : extracted value ([code2_0_] : [VARCHAR]) - [XL068]
2019-06-13 17:57:29.409 TRACE 81444 --- [    Test worker] o.h.type.descriptor.sql.BasicExtractor   : extracted value ([date_created3_0_] : [TIMESTAMP]) - [2019-05-23 15:55:13.0]
2019-06-13 17:57:29.409 TRACE 81444 --- [    Test worker] o.h.type.descriptor.sql.BasicExtractor   : extracted value ([is_active4_0_] : [BIT]) - [true]
2019-06-13 17:57:29.409 TRACE 81444 --- [    Test worker] o.h.type.descriptor.sql.BasicExtractor   : extracted value ([last_updated5_0_] : [TIMESTAMP]) - [2019-05-23 15:55:13.0]
2019-06-13 17:57:29.409 TRACE 81444 --- [    Test worker] o.h.type.descriptor.sql.BasicExtractor   : extracted value ([last_updator_id6_0_] : [BIGINT]) - [6]
2019-06-13 17:57:29.409 TRACE 81444 --- [    Test worker] o.h.type.descriptor.sql.BasicExtractor   : extracted value ([my_parent_id7_0_] : [BIGINT]) - [null]
2019-06-13 17:57:29.409 TRACE 81444 --- [    Test worker] o.h.type.descriptor.sql.BasicExtractor   : extracted value ([name8_0_] : [VARCHAR]) - [정보통신훈련원]
2019-06-13 17:57:29.410 TRACE 81444 --- [    Test worker] o.h.type.descriptor.sql.BasicExtractor   : extracted value ([id1_0_] : [BIGINT]) - [724]
2019-06-13 17:57:29.410 TRACE 81444 --- [    Test worker] o.h.type.descriptor.sql.BasicExtractor   : extracted value ([code2_0_] : [VARCHAR]) - [XL069]
2019-06-13 17:57:29.410 TRACE 81444 --- [    Test worker] o.h.type.descriptor.sql.BasicExtractor   : extracted value ([date_created3_0_] : [TIMESTAMP]) - [2019-05-23 15:55:13.0]
2019-06-13 17:57:29.410 TRACE 81444 --- [    Test worker] o.h.type.descriptor.sql.BasicExtractor   : extracted value ([is_active4_0_] : [BIT]) - [true]
2019-06-13 17:57:29.410 TRACE 81444 --- [    Test worker] o.h.type.descriptor.sql.BasicExtractor   : extracted value ([last_updated5_0_] : [TIMESTAMP]) - [2019-05-24 14:26:53.0]
2019-06-13 17:57:29.410 TRACE 81444 --- [    Test worker] o.h.type.descriptor.sql.BasicExtractor   : extracted value ([last_updator_id6_0_] : [BIGINT]) - [6]
2019-06-13 17:57:29.410 TRACE 81444 --- [    Test worker] o.h.type.descriptor.sql.BasicExtractor   : extracted value ([my_parent_id7_0_] : [BIGINT]) - [null]
2019-06-13 17:57:29.410 TRACE 81444 --- [    Test worker] o.h.type.descriptor.sql.BasicExtractor   : extracted value ([name8_0_] : [VARCHAR]) - [학군단]
2019-06-13 17:57:29.410 TRACE 81444 --- [    Test worker] o.h.type.descriptor.sql.BasicExtractor   : extracted value ([id1_0_] : [BIGINT]) - [725]
2019-06-13 17:57:29.410 TRACE 81444 --- [    Test worker] o.h.type.descriptor.sql.BasicExtractor   : extracted value ([code2_0_] : [VARCHAR]) - [XL070]
2019-06-13 17:57:29.410 TRACE 81444 --- [    Test worker] o.h.type.descriptor.sql.BasicExtractor   : extracted value ([date_created3_0_] : [TIMESTAMP]) - [2019-05-23 15:55:14.0]
2019-06-13 17:57:29.410 TRACE 81444 --- [    Test worker] o.h.type.descriptor.sql.BasicExtractor   : extracted value ([is_active4_0_] : [BIT]) - [true]
2019-06-13 17:57:29.410 TRACE 81444 --- [    Test worker] o.h.type.descriptor.sql.BasicExtractor   : extracted value ([last_updated5_0_] : [TIMESTAMP]) - [2019-05-24 14:26:54.0]
2019-06-13 17:57:29.410 TRACE 81444 --- [    Test worker] o.h.type.descriptor.sql.BasicExtractor   : extracted value ([last_updator_id6_0_] : [BIGINT]) - [6]
2019-06-13 17:57:29.410 TRACE 81444 --- [    Test worker] o.h.type.descriptor.sql.BasicExtractor   : extracted value ([my_parent_id7_0_] : [BIGINT]) - [null]
2019-06-13 17:57:29.410 TRACE 81444 --- [    Test worker] o.h.type.descriptor.sql.BasicExtractor   : extracted value ([name8_0_] : [VARCHAR]) - [예비군대대]
2019-06-13 17:57:29.410 TRACE 81444 --- [    Test worker] o.h.type.descriptor.sql.BasicExtractor   : extracted value ([id1_0_] : [BIGINT]) - [726]
2019-06-13 17:57:29.410 TRACE 81444 --- [    Test worker] o.h.type.descriptor.sql.BasicExtractor   : extracted value ([code2_0_] : [VARCHAR]) - [XL071]
2019-06-13 17:57:29.410 TRACE 81444 --- [    Test worker] o.h.type.descriptor.sql.BasicExtractor   : extracted value ([date_created3_0_] : [TIMESTAMP]) - [2019-05-23 15:55:14.0]
2019-06-13 17:57:29.410 TRACE 81444 --- [    Test worker] o.h.type.descriptor.sql.BasicExtractor   : extracted value ([is_active4_0_] : [BIT]) - [true]
2019-06-13 17:57:29.410 TRACE 81444 --- [    Test worker] o.h.type.descriptor.sql.BasicExtractor   : extracted value ([last_updated5_0_] : [TIMESTAMP]) - [2019-05-24 14:50:57.0]
2019-06-13 17:57:29.410 TRACE 81444 --- [    Test worker] o.h.type.descriptor.sql.BasicExtractor   : extracted value ([last_updator_id6_0_] : [BIGINT]) - [6]
2019-06-13 17:57:29.410 TRACE 81444 --- [    Test worker] o.h.type.descriptor.sql.BasicExtractor   : extracted value ([my_parent_id7_0_] : [BIGINT]) - [838]
2019-06-13 17:57:29.410 TRACE 81444 --- [    Test worker] o.h.type.descriptor.sql.BasicExtractor   : extracted value ([name8_0_] : [VARCHAR]) - [새만금적조연구소]
2019-06-13 17:57:29.410 TRACE 81444 --- [    Test worker] o.h.type.descriptor.sql.BasicExtractor   : extracted value ([id1_0_] : [BIGINT]) - [727]
2019-06-13 17:57:29.410 TRACE 81444 --- [    Test worker] o.h.type.descriptor.sql.BasicExtractor   : extracted value ([code2_0_] : [VARCHAR]) - [XL072]
2019-06-13 17:57:29.410 TRACE 81444 --- [    Test worker] o.h.type.descriptor.sql.BasicExtractor   : extracted value ([date_created3_0_] : [TIMESTAMP]) - [2019-05-23 15:55:14.0]
2019-06-13 17:57:29.410 TRACE 81444 --- [    Test worker] o.h.type.descriptor.sql.BasicExtractor   : extracted value ([is_active4_0_] : [BIT]) - [true]
2019-06-13 17:57:29.410 TRACE 81444 --- [    Test worker] o.h.type.descriptor.sql.BasicExtractor   : extracted value ([last_updated5_0_] : [TIMESTAMP]) - [2019-05-24 14:26:54.0]
2019-06-13 17:57:29.410 TRACE 81444 --- [    Test worker] o.h.type.descriptor.sql.BasicExtractor   : extracted value ([last_updator_id6_0_] : [BIGINT]) - [6]
2019-06-13 17:57:29.410 TRACE 81444 --- [    Test worker] o.h.type.descriptor.sql.BasicExtractor   : extracted value ([my_parent_id7_0_] : [BIGINT]) - [null]
2019-06-13 17:57:29.410 TRACE 81444 --- [    Test worker] o.h.type.descriptor.sql.BasicExtractor   : extracted value ([name8_0_] : [VARCHAR]) - [자동차부품기술혁신센터]
2019-06-13 17:57:29.410 TRACE 81444 --- [    Test worker] o.h.type.descriptor.sql.BasicExtractor   : extracted value ([id1_0_] : [BIGINT]) - [728]
2019-06-13 17:57:29.410 TRACE 81444 --- [    Test worker] o.h.type.descriptor.sql.BasicExtractor   : extracted value ([code2_0_] : [VARCHAR]) - [XL073]
2019-06-13 17:57:29.410 TRACE 81444 --- [    Test worker] o.h.type.descriptor.sql.BasicExtractor   : extracted value ([date_created3_0_] : [TIMESTAMP]) - [2019-05-23 15:55:15.0]
2019-06-13 17:57:29.410 TRACE 81444 --- [    Test worker] o.h.type.descriptor.sql.BasicExtractor   : extracted value ([is_active4_0_] : [BIT]) - [true]
2019-06-13 17:57:29.410 TRACE 81444 --- [    Test worker] o.h.type.descriptor.sql.BasicExtractor   : extracted value ([last_updated5_0_] : [TIMESTAMP]) - [2019-05-24 14:26:54.0]
2019-06-13 17:57:29.411 TRACE 81444 --- [    Test worker] o.h.type.descriptor.sql.BasicExtractor   : extracted value ([last_updator_id6_0_] : [BIGINT]) - [6]
2019-06-13 17:57:29.411 TRACE 81444 --- [    Test worker] o.h.type.descriptor.sql.BasicExtractor   : extracted value ([my_parent_id7_0_] : [BIGINT]) - [null]
2019-06-13 17:57:29.411 TRACE 81444 --- [    Test worker] o.h.type.descriptor.sql.BasicExtractor   : extracted value ([name8_0_] : [VARCHAR]) - [창업보육센터]
2019-06-13 17:57:29.411 TRACE 81444 --- [    Test worker] o.h.type.descriptor.sql.BasicExtractor   : extracted value ([id1_0_] : [BIGINT]) - [729]
2019-06-13 17:57:29.411 TRACE 81444 --- [    Test worker] o.h.type.descriptor.sql.BasicExtractor   : extracted value ([code2_0_] : [VARCHAR]) - [XL074]
2019-06-13 17:57:29.411 TRACE 81444 --- [    Test worker] o.h.type.descriptor.sql.BasicExtractor   : extracted value ([date_created3_0_] : [TIMESTAMP]) - [2019-05-23 15:55:15.0]
2019-06-13 17:57:29.411 TRACE 81444 --- [    Test worker] o.h.type.descriptor.sql.BasicExtractor   : extracted value ([is_active4_0_] : [BIT]) - [true]
2019-06-13 17:57:29.411 TRACE 81444 --- [    Test worker] o.h.type.descriptor.sql.BasicExtractor   : extracted value ([last_updated5_0_] : [TIMESTAMP]) - [2019-05-23 15:55:15.0]
2019-06-13 17:57:29.411 TRACE 81444 --- [    Test worker] o.h.type.descriptor.sql.BasicExtractor   : extracted value ([last_updator_id6_0_] : [BIGINT]) - [6]
2019-06-13 17:57:29.411 TRACE 81444 --- [    Test worker] o.h.type.descriptor.sql.BasicExtractor   : extracted value ([my_parent_id7_0_] : [BIGINT]) - [null]
2019-06-13 17:57:29.411 TRACE 81444 --- [    Test worker] o.h.type.descriptor.sql.BasicExtractor   : extracted value ([name8_0_] : [VARCHAR]) - [갯벌연구센터]
2019-06-13 17:57:29.411 TRACE 81444 --- [    Test worker] o.h.type.descriptor.sql.BasicExtractor   : extracted value ([id1_0_] : [BIGINT]) - [730]
2019-06-13 17:57:29.411 TRACE 81444 --- [    Test worker] o.h.type.descriptor.sql.BasicExtractor   : extracted value ([code2_0_] : [VARCHAR]) - [XL075]
2019-06-13 17:57:29.411 TRACE 81444 --- [    Test worker] o.h.type.descriptor.sql.BasicExtractor   : extracted value ([date_created3_0_] : [TIMESTAMP]) - [2019-05-23 15:55:23.0]
2019-06-13 17:57:29.411 TRACE 81444 --- [    Test worker] o.h.type.descriptor.sql.BasicExtractor   : extracted value ([is_active4_0_] : [BIT]) - [true]
2019-06-13 17:57:29.411 TRACE 81444 --- [    Test worker] o.h.type.descriptor.sql.BasicExtractor   : extracted value ([last_updated5_0_] : [TIMESTAMP]) - [2019-05-24 14:26:55.0]
2019-06-13 17:57:29.411 TRACE 81444 --- [    Test worker] o.h.type.descriptor.sql.BasicExtractor   : extracted value ([last_updator_id6_0_] : [BIGINT]) - [6]
2019-06-13 17:57:29.411 TRACE 81444 --- [    Test worker] o.h.type.descriptor.sql.BasicExtractor   : extracted value ([my_parent_id7_0_] : [BIGINT]) - [null]
2019-06-13 17:57:29.412 TRACE 81444 --- [    Test worker] o.h.type.descriptor.sql.BasicExtractor   : extracted value ([name8_0_] : [VARCHAR]) - [새만금환경연구센터]
2019-06-13 17:57:29.428 TRACE 81444 --- [    Test worker] o.h.type.descriptor.sql.BasicExtractor   : extracted value ([id1_0_] : [BIGINT]) - [731]
2019-06-13 17:57:29.428 TRACE 81444 --- [    Test worker] o.h.type.descriptor.sql.BasicExtractor   : extracted value ([code2_0_] : [VARCHAR]) - [XL076]
2019-06-13 17:57:29.428 TRACE 81444 --- [    Test worker] o.h.type.descriptor.sql.BasicExtractor   : extracted value ([date_created3_0_] : [TIMESTAMP]) - [2019-05-23 15:55:23.0]
2019-06-13 17:57:29.428 TRACE 81444 --- [    Test worker] o.h.type.descriptor.sql.BasicExtractor   : extracted value ([is_active4_0_] : [BIT]) - [true]
2019-06-13 17:57:29.428 TRACE 81444 --- [    Test worker] o.h.type.descriptor.sql.BasicExtractor   : extracted value ([last_updated5_0_] : [TIMESTAMP]) - [2019-05-24 14:26:55.0]
2019-06-13 17:57:29.428 TRACE 81444 --- [    Test worker] o.h.type.descriptor.sql.BasicExtractor   : extracted value ([last_updator_id6_0_] : [BIGINT]) - [6]
2019-06-13 17:57:29.428 TRACE 81444 --- [    Test worker] o.h.type.descriptor.sql.BasicExtractor   : extracted value ([my_parent_id7_0_] : [BIGINT]) - [null]
2019-06-13 17:57:29.428 TRACE 81444 --- [    Test worker] o.h.type.descriptor.sql.BasicExtractor   : extracted value ([name8_0_] : [VARCHAR]) - [교수학습지원센터]
2019-06-13 17:57:29.429 TRACE 81444 --- [    Test worker] o.h.type.descriptor.sql.BasicExtractor   : extracted value ([id1_0_] : [BIGINT]) - [732]
2019-06-13 17:57:29.429 TRACE 81444 --- [    Test worker] o.h.type.descriptor.sql.BasicExtractor   : extracted value ([code2_0_] : [VARCHAR]) - [XL077]
2019-06-13 17:57:29.429 TRACE 81444 --- [    Test worker] o.h.type.descriptor.sql.BasicExtractor   : extracted value ([date_created3_0_] : [TIMESTAMP]) - [2019-05-23 15:55:24.0]
2019-06-13 17:57:29.429 TRACE 81444 --- [    Test worker] o.h.type.descriptor.sql.BasicExtractor   : extracted value ([is_active4_0_] : [BIT]) - [true]
2019-06-13 17:57:29.429 TRACE 81444 --- [    Test worker] o.h.type.descriptor.sql.BasicExtractor   : extracted value ([last_updated5_0_] : [TIMESTAMP]) - [2019-05-24 14:26:55.0]
2019-06-13 17:57:29.429 TRACE 81444 --- [    Test worker] o.h.type.descriptor.sql.BasicExtractor   : extracted value ([last_updator_id6_0_] : [BIGINT]) - [6]
2019-06-13 17:57:29.429 TRACE 81444 --- [    Test worker] o.h.type.descriptor.sql.BasicExtractor   : extracted value ([my_parent_id7_0_] : [BIGINT]) - [null]
2019-06-13 17:57:29.429 TRACE 81444 --- [    Test worker] o.h.type.descriptor.sql.BasicExtractor   : extracted value ([name8_0_] : [VARCHAR]) - [수학정보]
2019-06-13 17:57:29.429 TRACE 81444 --- [    Test worker] o.h.type.descriptor.sql.BasicExtractor   : extracted value ([id1_0_] : [BIGINT]) - [733]
2019-06-13 17:57:29.429 TRACE 81444 --- [    Test worker] o.h.type.descriptor.sql.BasicExtractor   : extracted value ([code2_0_] : [VARCHAR]) - [XL079]
2019-06-13 17:57:29.429 TRACE 81444 --- [    Test worker] o.h.type.descriptor.sql.BasicExtractor   : extracted value ([date_created3_0_] : [TIMESTAMP]) - [2019-05-23 15:55:24.0]
2019-06-13 17:57:29.429 TRACE 81444 --- [    Test worker] o.h.type.descriptor.sql.BasicExtractor   : extracted value ([is_active4_0_] : [BIT]) - [true]
2019-06-13 17:57:29.429 TRACE 81444 --- [    Test worker] o.h.type.descriptor.sql.BasicExtractor   : extracted value ([last_updated5_0_] : [TIMESTAMP]) - [2019-05-24 14:12:24.0]
2019-06-13 17:57:29.429 TRACE 81444 --- [    Test worker] o.h.type.descriptor.sql.BasicExtractor   : extracted value ([last_updator_id6_0_] : [BIGINT]) - [6]
2019-06-13 17:57:29.429 TRACE 81444 --- [    Test worker] o.h.type.descriptor.sql.BasicExtractor   : extracted value ([my_parent_id7_0_] : [BIGINT]) - [838]
2019-06-13 17:57:29.429 TRACE 81444 --- [    Test worker] o.h.type.descriptor.sql.BasicExtractor   : extracted value ([name8_0_] : [VARCHAR]) - [어학연구소]
2019-06-13 17:57:29.429 TRACE 81444 --- [    Test worker] o.h.type.descriptor.sql.BasicExtractor   : extracted value ([id1_0_] : [BIGINT]) - [734]
2019-06-13 17:57:29.429 TRACE 81444 --- [    Test worker] o.h.type.descriptor.sql.BasicExtractor   : extracted value ([code2_0_] : [VARCHAR]) - [XL080]
2019-06-13 17:57:29.429 TRACE 81444 --- [    Test worker] o.h.type.descriptor.sql.BasicExtractor   : extracted value ([date_created3_0_] : [TIMESTAMP]) - [2019-05-23 15:55:24.0]
2019-06-13 17:57:29.430 TRACE 81444 --- [    Test worker] o.h.type.descriptor.sql.BasicExtractor   : extracted value ([is_active4_0_] : [BIT]) - [true]
2019-06-13 17:57:29.430 TRACE 81444 --- [    Test worker] o.h.type.descriptor.sql.BasicExtractor   : extracted value ([last_updated5_0_] : [TIMESTAMP]) - [2019-05-24 14:12:24.0]
2019-06-13 17:57:29.430 TRACE 81444 --- [    Test worker] o.h.type.descriptor.sql.BasicExtractor   : extracted value ([last_updator_id6_0_] : [BIGINT]) - [6]
2019-06-13 17:57:29.430 TRACE 81444 --- [    Test worker] o.h.type.descriptor.sql.BasicExtractor   : extracted value ([my_parent_id7_0_] : [BIGINT]) - [838]
2019-06-13 17:57:29.430 TRACE 81444 --- [    Test worker] o.h.type.descriptor.sql.BasicExtractor   : extracted value ([name8_0_] : [VARCHAR]) - [환경연구소]
2019-06-13 17:57:29.430 TRACE 81444 --- [    Test worker] o.h.type.descriptor.sql.BasicExtractor   : extracted value ([id1_0_] : [BIGINT]) - [735]
2019-06-13 17:57:29.430 TRACE 81444 --- [    Test worker] o.h.type.descriptor.sql.BasicExtractor   : extracted value ([code2_0_] : [VARCHAR]) - [XL081]
2019-06-13 17:57:29.430 TRACE 81444 --- [    Test worker] o.h.type.descriptor.sql.BasicExtractor   : extracted value ([date_created3_0_] : [TIMESTAMP]) - [2019-05-23 15:55:25.0]
2019-06-13 17:57:29.430 TRACE 81444 --- [    Test worker] o.h.type.descriptor.sql.BasicExtractor   : extracted value ([is_active4_0_] : [BIT]) - [true]
2019-06-13 17:57:29.430 TRACE 81444 --- [    Test worker] o.h.type.descriptor.sql.BasicExtractor   : extracted value ([last_updated5_0_] : [TIMESTAMP]) - [2019-05-24 14:12:25.0]
2019-06-13 17:57:29.430 TRACE 81444 --- [    Test worker] o.h.type.descriptor.sql.BasicExtractor   : extracted value ([last_updator_id6_0_] : [BIGINT]) - [6]
2019-06-13 17:57:29.430 TRACE 81444 --- [    Test worker] o.h.type.descriptor.sql.BasicExtractor   : extracted value ([my_parent_id7_0_] : [BIGINT]) - [838]
2019-06-13 17:57:29.430 TRACE 81444 --- [    Test worker] o.h.type.descriptor.sql.BasicExtractor   : extracted value ([name8_0_] : [VARCHAR]) - [문화사상연구소]
2019-06-13 17:57:29.430 TRACE 81444 --- [    Test worker] o.h.type.descriptor.sql.BasicExtractor   : extracted value ([id1_0_] : [BIGINT]) - [736]
2019-06-13 17:57:29.431 TRACE 81444 --- [    Test worker] o.h.type.descriptor.sql.BasicExtractor   : extracted value ([code2_0_] : [VARCHAR]) - [XL082]
2019-06-13 17:57:29.431 TRACE 81444 --- [    Test worker] o.h.type.descriptor.sql.BasicExtractor   : extracted value ([date_created3_0_] : [TIMESTAMP]) - [2019-05-23 15:55:25.0]
2019-06-13 17:57:29.431 TRACE 81444 --- [    Test worker] o.h.type.descriptor.sql.BasicExtractor   : extracted value ([is_active4_0_] : [BIT]) - [true]
2019-06-13 17:57:29.431 TRACE 81444 --- [    Test worker] o.h.type.descriptor.sql.BasicExtractor   : extracted value ([last_updated5_0_] : [TIMESTAMP]) - [2019-05-24 14:12:25.0]
2019-06-13 17:57:29.431 TRACE 81444 --- [    Test worker] o.h.type.descriptor.sql.BasicExtractor   : extracted value ([last_updator_id6_0_] : [BIGINT]) - [6]
2019-06-13 17:57:29.431 TRACE 81444 --- [    Test worker] o.h.type.descriptor.sql.BasicExtractor   : extracted value ([my_parent_id7_0_] : [BIGINT]) - [838]
2019-06-13 17:57:29.431 TRACE 81444 --- [    Test worker] o.h.type.descriptor.sql.BasicExtractor   : extracted value ([name8_0_] : [VARCHAR]) - [해양개발연구소]
2019-06-13 17:57:29.431 TRACE 81444 --- [    Test worker] o.h.type.descriptor.sql.BasicExtractor   : extracted value ([id1_0_] : [BIGINT]) - [737]
2019-06-13 17:57:29.431 TRACE 81444 --- [    Test worker] o.h.type.descriptor.sql.BasicExtractor   : extracted value ([code2_0_] : [VARCHAR]) - [XL083]
2019-06-13 17:57:29.431 TRACE 81444 --- [    Test worker] o.h.type.descriptor.sql.BasicExtractor   : extracted value ([date_created3_0_] : [TIMESTAMP]) - [2019-05-23 15:55:25.0]
2019-06-13 17:57:29.431 TRACE 81444 --- [    Test worker] o.h.type.descriptor.sql.BasicExtractor   : extracted value ([is_active4_0_] : [BIT]) - [true]
2019-06-13 17:57:29.431 TRACE 81444 --- [    Test worker] o.h.type.descriptor.sql.BasicExtractor   : extracted value ([last_updated5_0_] : [TIMESTAMP]) - [2019-05-24 14:12:25.0]
2019-06-13 17:57:29.431 TRACE 81444 --- [    Test worker] o.h.type.descriptor.sql.BasicExtractor   : extracted value ([last_updator_id6_0_] : [BIGINT]) - [6]
2019-06-13 17:57:29.431 TRACE 81444 --- [    Test worker] o.h.type.descriptor.sql.BasicExtractor   : extracted value ([my_parent_id7_0_] : [BIGINT]) - [838]
2019-06-13 17:57:29.431 TRACE 81444 --- [    Test worker] o.h.type.descriptor.sql.BasicExtractor   : extracted value ([name8_0_] : [VARCHAR]) - [지역개발연구소]
2019-06-13 17:57:29.431 TRACE 81444 --- [    Test worker] o.h.type.descriptor.sql.BasicExtractor   : extracted value ([id1_0_] : [BIGINT]) - [738]
2019-06-13 17:57:29.431 TRACE 81444 --- [    Test worker] o.h.type.descriptor.sql.BasicExtractor   : extracted value ([code2_0_] : [VARCHAR]) - [XL084]
2019-06-13 17:57:29.431 TRACE 81444 --- [    Test worker] o.h.type.descriptor.sql.BasicExtractor   : extracted value ([date_created3_0_] : [TIMESTAMP]) - [2019-05-23 15:55:26.0]
2019-06-13 17:57:29.432 TRACE 81444 --- [    Test worker] o.h.type.descriptor.sql.BasicExtractor   : extracted value ([is_active4_0_] : [BIT]) - [true]
2019-06-13 17:57:29.432 TRACE 81444 --- [    Test worker] o.h.type.descriptor.sql.BasicExtractor   : extracted value ([last_updated5_0_] : [TIMESTAMP]) - [2019-05-24 14:12:26.0]
2019-06-13 17:57:29.432 TRACE 81444 --- [    Test worker] o.h.type.descriptor.sql.BasicExtractor   : extracted value ([last_updator_id6_0_] : [BIGINT]) - [6]
2019-06-13 17:57:29.432 TRACE 81444 --- [    Test worker] o.h.type.descriptor.sql.BasicExtractor   : extracted value ([my_parent_id7_0_] : [BIGINT]) - [838]
2019-06-13 17:57:29.432 TRACE 81444 --- [    Test worker] o.h.type.descriptor.sql.BasicExtractor   : extracted value ([name8_0_] : [VARCHAR]) - [기초과학연구소]
2019-06-13 17:57:29.432 TRACE 81444 --- [    Test worker] o.h.type.descriptor.sql.BasicExtractor   : extracted value ([id1_0_] : [BIGINT]) - [739]
2019-06-13 17:57:29.432 TRACE 81444 --- [    Test worker] o.h.type.descriptor.sql.BasicExtractor   : extracted value ([code2_0_] : [VARCHAR]) - [XL085]
2019-06-13 17:57:29.432 TRACE 81444 --- [    Test worker] o.h.type.descriptor.sql.BasicExtractor   : extracted value ([date_created3_0_] : [TIMESTAMP]) - [2019-05-23 15:55:33.0]
2019-06-13 17:57:29.432 TRACE 81444 --- [    Test worker] o.h.type.descriptor.sql.BasicExtractor   : extracted value ([is_active4_0_] : [BIT]) - [true]
2019-06-13 17:57:29.432 TRACE 81444 --- [    Test worker] o.h.type.descriptor.sql.BasicExtractor   : extracted value ([last_updated5_0_] : [TIMESTAMP]) - [2019-05-24 14:12:26.0]
2019-06-13 17:57:29.432 TRACE 81444 --- [    Test worker] o.h.type.descriptor.sql.BasicExtractor   : extracted value ([last_updator_id6_0_] : [BIGINT]) - [6]
2019-06-13 17:57:29.432 TRACE 81444 --- [    Test worker] o.h.type.descriptor.sql.BasicExtractor   : extracted value ([my_parent_id7_0_] : [BIGINT]) - [838]
2019-06-13 17:57:29.432 TRACE 81444 --- [    Test worker] o.h.type.descriptor.sql.BasicExtractor   : extracted value ([name8_0_] : [VARCHAR]) - [인문과학연구소]
2019-06-13 17:57:29.432 TRACE 81444 --- [    Test worker] o.h.type.descriptor.sql.BasicExtractor   : extracted value ([id1_0_] : [BIGINT]) - [740]
2019-06-13 17:57:29.432 TRACE 81444 --- [    Test worker] o.h.type.descriptor.sql.BasicExtractor   : extracted value ([code2_0_] : [VARCHAR]) - [XL086]
2019-06-13 17:57:29.432 TRACE 81444 --- [    Test worker] o.h.type.descriptor.sql.BasicExtractor   : extracted value ([date_created3_0_] : [TIMESTAMP]) - [2019-05-23 15:55:33.0]
2019-06-13 17:57:29.432 TRACE 81444 --- [    Test worker] o.h.type.descriptor.sql.BasicExtractor   : extracted value ([is_active4_0_] : [BIT]) - [true]
2019-06-13 17:57:29.432 TRACE 81444 --- [    Test worker] o.h.type.descriptor.sql.BasicExtractor   : extracted value ([last_updated5_0_] : [TIMESTAMP]) - [2019-05-24 14:51:00.0]
2019-06-13 17:57:29.432 TRACE 81444 --- [    Test worker] o.h.type.descriptor.sql.BasicExtractor   : extracted value ([last_updator_id6_0_] : [BIGINT]) - [6]
2019-06-13 17:57:29.432 TRACE 81444 --- [    Test worker] o.h.type.descriptor.sql.BasicExtractor   : extracted value ([my_parent_id7_0_] : [BIGINT]) - [838]
2019-06-13 17:57:29.432 TRACE 81444 --- [    Test worker] o.h.type.descriptor.sql.BasicExtractor   : extracted value ([name8_0_] : [VARCHAR]) - [산업개발연구소]
2019-06-13 17:57:29.451 TRACE 81444 --- [    Test worker] o.h.type.descriptor.sql.BasicExtractor   : extracted value ([id1_0_] : [BIGINT]) - [741]
2019-06-13 17:57:29.451 TRACE 81444 --- [    Test worker] o.h.type.descriptor.sql.BasicExtractor   : extracted value ([code2_0_] : [VARCHAR]) - [XL087]
2019-06-13 17:57:29.451 TRACE 81444 --- [    Test worker] o.h.type.descriptor.sql.BasicExtractor   : extracted value ([date_created3_0_] : [TIMESTAMP]) - [2019-05-23 15:55:34.0]
2019-06-13 17:57:29.451 TRACE 81444 --- [    Test worker] o.h.type.descriptor.sql.BasicExtractor   : extracted value ([is_active4_0_] : [BIT]) - [true]
2019-06-13 17:57:29.451 TRACE 81444 --- [    Test worker] o.h.type.descriptor.sql.BasicExtractor   : extracted value ([last_updated5_0_] : [TIMESTAMP]) - [2019-05-24 14:12:26.0]
2019-06-13 17:57:29.452 TRACE 81444 --- [    Test worker] o.h.type.descriptor.sql.BasicExtractor   : extracted value ([last_updator_id6_0_] : [BIGINT]) - [6]
2019-06-13 17:57:29.452 TRACE 81444 --- [    Test worker] o.h.type.descriptor.sql.BasicExtractor   : extracted value ([my_parent_id7_0_] : [BIGINT]) - [838]
2019-06-13 17:57:29.452 TRACE 81444 --- [    Test worker] o.h.type.descriptor.sql.BasicExtractor   : extracted value ([name8_0_] : [VARCHAR]) - [현대미술연구소]
2019-06-13 17:57:29.452 TRACE 81444 --- [    Test worker] o.h.type.descriptor.sql.BasicExtractor   : extracted value ([id1_0_] : [BIGINT]) - [742]
2019-06-13 17:57:29.452 TRACE 81444 --- [    Test worker] o.h.type.descriptor.sql.BasicExtractor   : extracted value ([code2_0_] : [VARCHAR]) - [XL088]
2019-06-13 17:57:29.452 TRACE 81444 --- [    Test worker] o.h.type.descriptor.sql.BasicExtractor   : extracted value ([date_created3_0_] : [TIMESTAMP]) - [2019-05-23 15:55:34.0]
2019-06-13 17:57:29.452 TRACE 81444 --- [    Test worker] o.h.type.descriptor.sql.BasicExtractor   : extracted value ([is_active4_0_] : [BIT]) - [true]
2019-06-13 17:57:29.452 TRACE 81444 --- [    Test worker] o.h.type.descriptor.sql.BasicExtractor   : extracted value ([last_updated5_0_] : [TIMESTAMP]) - [2019-05-24 14:12:27.0]
2019-06-13 17:57:29.452 TRACE 81444 --- [    Test worker] o.h.type.descriptor.sql.BasicExtractor   : extracted value ([last_updator_id6_0_] : [BIGINT]) - [6]
2019-06-13 17:57:29.452 TRACE 81444 --- [    Test worker] o.h.type.descriptor.sql.BasicExtractor   : extracted value ([my_parent_id7_0_] : [BIGINT]) - [838]
2019-06-13 17:57:29.453 TRACE 81444 --- [    Test worker] o.h.type.descriptor.sql.BasicExtractor   : extracted value ([name8_0_] : [VARCHAR]) - [공학연구소]
2019-06-13 17:57:29.453 TRACE 81444 --- [    Test worker] o.h.type.descriptor.sql.BasicExtractor   : extracted value ([id1_0_] : [BIGINT]) - [743]
2019-06-13 17:57:29.453 TRACE 81444 --- [    Test worker] o.h.type.descriptor.sql.BasicExtractor   : extracted value ([code2_0_] : [VARCHAR]) - [XL089]
2019-06-13 17:57:29.453 TRACE 81444 --- [    Test worker] o.h.type.descriptor.sql.BasicExtractor   : extracted value ([date_created3_0_] : [TIMESTAMP]) - [2019-05-23 15:55:34.0]
2019-06-13 17:57:29.453 TRACE 81444 --- [    Test worker] o.h.type.descriptor.sql.BasicExtractor   : extracted value ([is_active4_0_] : [BIT]) - [true]
2019-06-13 17:57:29.453 TRACE 81444 --- [    Test worker] o.h.type.descriptor.sql.BasicExtractor   : extracted value ([last_updated5_0_] : [TIMESTAMP]) - [2019-05-24 14:12:27.0]
2019-06-13 17:57:29.453 TRACE 81444 --- [    Test worker] o.h.type.descriptor.sql.BasicExtractor   : extracted value ([last_updator_id6_0_] : [BIGINT]) - [6]
2019-06-13 17:57:29.453 TRACE 81444 --- [    Test worker] o.h.type.descriptor.sql.BasicExtractor   : extracted value ([my_parent_id7_0_] : [BIGINT]) - [838]
2019-06-13 17:57:29.453 TRACE 81444 --- [    Test worker] o.h.type.descriptor.sql.BasicExtractor   : extracted value ([name8_0_] : [VARCHAR]) - [수산과학연구소]
2019-06-13 17:57:29.453 TRACE 81444 --- [    Test worker] o.h.type.descriptor.sql.BasicExtractor   : extracted value ([id1_0_] : [BIGINT]) - [744]
2019-06-13 17:57:29.454 TRACE 81444 --- [    Test worker] o.h.type.descriptor.sql.BasicExtractor   : extracted value ([code2_0_] : [VARCHAR]) - [XL090]
2019-06-13 17:57:29.454 TRACE 81444 --- [    Test worker] o.h.type.descriptor.sql.BasicExtractor   : extracted value ([date_created3_0_] : [TIMESTAMP]) - [2019-05-23 15:55:35.0]
2019-06-13 17:57:29.454 TRACE 81444 --- [    Test worker] o.h.type.descriptor.sql.BasicExtractor   : extracted value ([is_active4_0_] : [BIT]) - [true]
2019-06-13 17:57:29.454 TRACE 81444 --- [    Test worker] o.h.type.descriptor.sql.BasicExtractor   : extracted value ([last_updated5_0_] : [TIMESTAMP]) - [2019-05-24 14:12:27.0]
2019-06-13 17:57:29.454 TRACE 81444 --- [    Test worker] o.h.type.descriptor.sql.BasicExtractor   : extracted value ([last_updator_id6_0_] : [BIGINT]) - [6]
2019-06-13 17:57:29.454 TRACE 81444 --- [    Test worker] o.h.type.descriptor.sql.BasicExtractor   : extracted value ([my_parent_id7_0_] : [BIGINT]) - [838]
2019-06-13 17:57:29.454 TRACE 81444 --- [    Test worker] o.h.type.descriptor.sql.BasicExtractor   : extracted value ([name8_0_] : [VARCHAR]) - [기계및자동차기술연구소]
2019-06-13 17:57:29.454 TRACE 81444 --- [    Test worker] o.h.type.descriptor.sql.BasicExtractor   : extracted value ([id1_0_] : [BIGINT]) - [745]
2019-06-13 17:57:29.454 TRACE 81444 --- [    Test worker] o.h.type.descriptor.sql.BasicExtractor   : extracted value ([code2_0_] : [VARCHAR]) - [XL091]
2019-06-13 17:57:29.454 TRACE 81444 --- [    Test worker] o.h.type.descriptor.sql.BasicExtractor   : extracted value ([date_created3_0_] : [TIMESTAMP]) - [2019-05-23 15:55:35.0]
2019-06-13 17:57:29.455 TRACE 81444 --- [    Test worker] o.h.type.descriptor.sql.BasicExtractor   : extracted value ([is_active4_0_] : [BIT]) - [true]
2019-06-13 17:57:29.455 TRACE 81444 --- [    Test worker] o.h.type.descriptor.sql.BasicExtractor   : extracted value ([last_updated5_0_] : [TIMESTAMP]) - [2019-05-24 14:12:28.0]
2019-06-13 17:57:29.455 TRACE 81444 --- [    Test worker] o.h.type.descriptor.sql.BasicExtractor   : extracted value ([last_updator_id6_0_] : [BIGINT]) - [6]
2019-06-13 17:57:29.455 TRACE 81444 --- [    Test worker] o.h.type.descriptor.sql.BasicExtractor   : extracted value ([my_parent_id7_0_] : [BIGINT]) - [158]
2019-06-13 17:57:29.455 TRACE 81444 --- [    Test worker] o.h.type.descriptor.sql.BasicExtractor   : extracted value ([name8_0_] : [VARCHAR]) - [산학협력단]
2019-06-13 17:57:29.455 TRACE 81444 --- [    Test worker] o.h.type.descriptor.sql.BasicExtractor   : extracted value ([id1_0_] : [BIGINT]) - [746]
2019-06-13 17:57:29.455 TRACE 81444 --- [    Test worker] o.h.type.descriptor.sql.BasicExtractor   : extracted value ([code2_0_] : [VARCHAR]) - [XL092]
2019-06-13 17:57:29.455 TRACE 81444 --- [    Test worker] o.h.type.descriptor.sql.BasicExtractor   : extracted value ([date_created3_0_] : [TIMESTAMP]) - [2019-05-23 15:55:35.0]
2019-06-13 17:57:29.455 TRACE 81444 --- [    Test worker] o.h.type.descriptor.sql.BasicExtractor   : extracted value ([is_active4_0_] : [BIT]) - [true]
2019-06-13 17:57:29.455 TRACE 81444 --- [    Test worker] o.h.type.descriptor.sql.BasicExtractor   : extracted value ([last_updated5_0_] : [TIMESTAMP]) - [2019-05-23 15:55:35.0]
2019-06-13 17:57:29.455 TRACE 81444 --- [    Test worker] o.h.type.descriptor.sql.BasicExtractor   : extracted value ([last_updator_id6_0_] : [BIGINT]) - [6]
2019-06-13 17:57:29.455 TRACE 81444 --- [    Test worker] o.h.type.descriptor.sql.BasicExtractor   : extracted value ([my_parent_id7_0_] : [BIGINT]) - [null]
2019-06-13 17:57:29.455 TRACE 81444 --- [    Test worker] o.h.type.descriptor.sql.BasicExtractor   : extracted value ([name8_0_] : [VARCHAR]) - [적조연구센터]
2019-06-13 17:57:29.456 TRACE 81444 --- [    Test worker] o.h.type.descriptor.sql.BasicExtractor   : extracted value ([id1_0_] : [BIGINT]) - [747]
2019-06-13 17:57:29.456 TRACE 81444 --- [    Test worker] o.h.type.descriptor.sql.BasicExtractor   : extracted value ([code2_0_] : [VARCHAR]) - [XL093]
2019-06-13 17:57:29.456 TRACE 81444 --- [    Test worker] o.h.type.descriptor.sql.BasicExtractor   : extracted value ([date_created3_0_] : [TIMESTAMP]) - [2019-05-23 15:55:36.0]
2019-06-13 17:57:29.456 TRACE 81444 --- [    Test worker] o.h.type.descriptor.sql.BasicExtractor   : extracted value ([is_active4_0_] : [BIT]) - [true]
2019-06-13 17:57:29.456 TRACE 81444 --- [    Test worker] o.h.type.descriptor.sql.BasicExtractor   : extracted value ([last_updated5_0_] : [TIMESTAMP]) - [2019-05-24 14:12:28.0]
2019-06-13 17:57:29.456 TRACE 81444 --- [    Test worker] o.h.type.descriptor.sql.BasicExtractor   : extracted value ([last_updator_id6_0_] : [BIGINT]) - [6]
2019-06-13 17:57:29.456 TRACE 81444 --- [    Test worker] o.h.type.descriptor.sql.BasicExtractor   : extracted value ([my_parent_id7_0_] : [BIGINT]) - [838]
2019-06-13 17:57:29.456 TRACE 81444 --- [    Test worker] o.h.type.descriptor.sql.BasicExtractor   : extracted value ([name8_0_] : [VARCHAR]) - [법학연구소]
2019-06-13 17:57:29.456 TRACE 81444 --- [    Test worker] o.h.type.descriptor.sql.BasicExtractor   : extracted value ([id1_0_] : [BIGINT]) - [748]
2019-06-13 17:57:29.456 TRACE 81444 --- [    Test worker] o.h.type.descriptor.sql.BasicExtractor   : extracted value ([code2_0_] : [VARCHAR]) - [XL094]
2019-06-13 17:57:29.456 TRACE 81444 --- [    Test worker] o.h.type.descriptor.sql.BasicExtractor   : extracted value ([date_created3_0_] : [TIMESTAMP]) - [2019-05-23 15:55:36.0]
2019-06-13 17:57:29.457 TRACE 81444 --- [    Test worker] o.h.type.descriptor.sql.BasicExtractor   : extracted value ([is_active4_0_] : [BIT]) - [true]
2019-06-13 17:57:29.457 TRACE 81444 --- [    Test worker] o.h.type.descriptor.sql.BasicExtractor   : extracted value ([last_updated5_0_] : [TIMESTAMP]) - [2019-05-24 14:12:28.0]
2019-06-13 17:57:29.457 TRACE 81444 --- [    Test worker] o.h.type.descriptor.sql.BasicExtractor   : extracted value ([last_updator_id6_0_] : [BIGINT]) - [6]
2019-06-13 17:57:29.457 TRACE 81444 --- [    Test worker] o.h.type.descriptor.sql.BasicExtractor   : extracted value ([my_parent_id7_0_] : [BIGINT]) - [838]
2019-06-13 17:57:29.457 TRACE 81444 --- [    Test worker] o.h.type.descriptor.sql.BasicExtractor   : extracted value ([name8_0_] : [VARCHAR]) - [정보통신기술연구소]
2019-06-13 17:57:29.457 TRACE 81444 --- [    Test worker] o.h.type.descriptor.sql.BasicExtractor   : extracted value ([id1_0_] : [BIGINT]) - [749]
2019-06-13 17:57:29.457 TRACE 81444 --- [    Test worker] o.h.type.descriptor.sql.BasicExtractor   : extracted value ([code2_0_] : [VARCHAR]) - [XL095]
2019-06-13 17:57:29.457 TRACE 81444 --- [    Test worker] o.h.type.descriptor.sql.BasicExtractor   : extracted value ([date_created3_0_] : [TIMESTAMP]) - [2019-05-23 15:55:36.0]
2019-06-13 17:57:29.457 TRACE 81444 --- [    Test worker] o.h.type.descriptor.sql.BasicExtractor   : extracted value ([is_active4_0_] : [BIT]) - [true]
2019-06-13 17:57:29.457 TRACE 81444 --- [    Test worker] o.h.type.descriptor.sql.BasicExtractor   : extracted value ([last_updated5_0_] : [TIMESTAMP]) - [2019-05-24 14:12:29.0]
2019-06-13 17:57:29.457 TRACE 81444 --- [    Test worker] o.h.type.descriptor.sql.BasicExtractor   : extracted value ([last_updator_id6_0_] : [BIGINT]) - [6]
2019-06-13 17:57:29.457 TRACE 81444 --- [    Test worker] o.h.type.descriptor.sql.BasicExtractor   : extracted value ([my_parent_id7_0_] : [BIGINT]) - [838]
2019-06-13 17:57:29.457 TRACE 81444 --- [    Test worker] o.h.type.descriptor.sql.BasicExtractor   : extracted value ([name8_0_] : [VARCHAR]) - [어병연구소]
2019-06-13 17:57:29.458 TRACE 81444 --- [    Test worker] o.h.type.descriptor.sql.BasicExtractor   : extracted value ([id1_0_] : [BIGINT]) - [750]
2019-06-13 17:57:29.458 TRACE 81444 --- [    Test worker] o.h.type.descriptor.sql.BasicExtractor   : extracted value ([code2_0_] : [VARCHAR]) - [XL096]
2019-06-13 17:57:29.458 TRACE 81444 --- [    Test worker] o.h.type.descriptor.sql.BasicExtractor   : extracted value ([date_created3_0_] : [TIMESTAMP]) - [2019-05-23 15:55:37.0]
2019-06-13 17:57:29.458 TRACE 81444 --- [    Test worker] o.h.type.descriptor.sql.BasicExtractor   : extracted value ([is_active4_0_] : [BIT]) - [true]
2019-06-13 17:57:29.458 TRACE 81444 --- [    Test worker] o.h.type.descriptor.sql.BasicExtractor   : extracted value ([last_updated5_0_] : [TIMESTAMP]) - [2019-05-24 14:12:29.0]
2019-06-13 17:57:29.458 TRACE 81444 --- [    Test worker] o.h.type.descriptor.sql.BasicExtractor   : extracted value ([last_updator_id6_0_] : [BIGINT]) - [6]
2019-06-13 17:57:29.458 TRACE 81444 --- [    Test worker] o.h.type.descriptor.sql.BasicExtractor   : extracted value ([my_parent_id7_0_] : [BIGINT]) - [838]
2019-06-13 17:57:29.458 TRACE 81444 --- [    Test worker] o.h.type.descriptor.sql.BasicExtractor   : extracted value ([name8_0_] : [VARCHAR]) - [식품연구소]
2019-06-13 17:57:29.475 TRACE 81444 --- [    Test worker] o.h.type.descriptor.sql.BasicExtractor   : extracted value ([id1_0_] : [BIGINT]) - [751]
2019-06-13 17:57:29.475 TRACE 81444 --- [    Test worker] o.h.type.descriptor.sql.BasicExtractor   : extracted value ([code2_0_] : [VARCHAR]) - [XL097]
2019-06-13 17:57:29.475 TRACE 81444 --- [    Test worker] o.h.type.descriptor.sql.BasicExtractor   : extracted value ([date_created3_0_] : [TIMESTAMP]) - [2019-05-23 15:55:51.0]
2019-06-13 17:57:29.476 TRACE 81444 --- [    Test worker] o.h.type.descriptor.sql.BasicExtractor   : extracted value ([is_active4_0_] : [BIT]) - [true]
2019-06-13 17:57:29.476 TRACE 81444 --- [    Test worker] o.h.type.descriptor.sql.BasicExtractor   : extracted value ([last_updated5_0_] : [TIMESTAMP]) - [2019-05-23 15:55:51.0]
2019-06-13 17:57:29.476 TRACE 81444 --- [    Test worker] o.h.type.descriptor.sql.BasicExtractor   : extracted value ([last_updator_id6_0_] : [BIGINT]) - [6]
2019-06-13 17:57:29.476 TRACE 81444 --- [    Test worker] o.h.type.descriptor.sql.BasicExtractor   : extracted value ([my_parent_id7_0_] : [BIGINT]) - [null]
2019-06-13 17:57:29.476 TRACE 81444 --- [    Test worker] o.h.type.descriptor.sql.BasicExtractor   : extracted value ([name8_0_] : [VARCHAR]) - [어학교육원]
2019-06-13 17:57:29.476 TRACE 81444 --- [    Test worker] o.h.type.descriptor.sql.BasicExtractor   : extracted value ([id1_0_] : [BIGINT]) - [752]
2019-06-13 17:57:29.476 TRACE 81444 --- [    Test worker] o.h.type.descriptor.sql.BasicExtractor   : extracted value ([code2_0_] : [VARCHAR]) - [XL098]
2019-06-13 17:57:29.476 TRACE 81444 --- [    Test worker] o.h.type.descriptor.sql.BasicExtractor   : extracted value ([date_created3_0_] : [TIMESTAMP]) - [2019-05-23 15:55:51.0]
2019-06-13 17:57:29.476 TRACE 81444 --- [    Test worker] o.h.type.descriptor.sql.BasicExtractor   : extracted value ([is_active4_0_] : [BIT]) - [true]
2019-06-13 17:57:29.476 TRACE 81444 --- [    Test worker] o.h.type.descriptor.sql.BasicExtractor   : extracted value ([last_updated5_0_] : [TIMESTAMP]) - [2019-05-23 15:55:51.0]
2019-06-13 17:57:29.476 TRACE 81444 --- [    Test worker] o.h.type.descriptor.sql.BasicExtractor   : extracted value ([last_updator_id6_0_] : [BIGINT]) - [6]
2019-06-13 17:57:29.476 TRACE 81444 --- [    Test worker] o.h.type.descriptor.sql.BasicExtractor   : extracted value ([my_parent_id7_0_] : [BIGINT]) - [null]
2019-06-13 17:57:29.476 TRACE 81444 --- [    Test worker] o.h.type.descriptor.sql.BasicExtractor   : extracted value ([name8_0_] : [VARCHAR]) - [종합서비스센터]
2019-06-13 17:57:29.477 TRACE 81444 --- [    Test worker] o.h.type.descriptor.sql.BasicExtractor   : extracted value ([id1_0_] : [BIGINT]) - [753]
2019-06-13 17:57:29.477 TRACE 81444 --- [    Test worker] o.h.type.descriptor.sql.BasicExtractor   : extracted value ([code2_0_] : [VARCHAR]) - [XL099]
2019-06-13 17:57:29.477 TRACE 81444 --- [    Test worker] o.h.type.descriptor.sql.BasicExtractor   : extracted value ([date_created3_0_] : [TIMESTAMP]) - [2019-05-23 15:55:52.0]
2019-06-13 17:57:29.477 TRACE 81444 --- [    Test worker] o.h.type.descriptor.sql.BasicExtractor   : extracted value ([is_active4_0_] : [BIT]) - [true]
2019-06-13 17:57:29.477 TRACE 81444 --- [    Test worker] o.h.type.descriptor.sql.BasicExtractor   : extracted value ([last_updated5_0_] : [TIMESTAMP]) - [2019-05-24 14:27:00.0]
2019-06-13 17:57:29.477 TRACE 81444 --- [    Test worker] o.h.type.descriptor.sql.BasicExtractor   : extracted value ([last_updator_id6_0_] : [BIGINT]) - [6]
2019-06-13 17:57:29.477 TRACE 81444 --- [    Test worker] o.h.type.descriptor.sql.BasicExtractor   : extracted value ([my_parent_id7_0_] : [BIGINT]) - [null]
2019-06-13 17:57:29.477 TRACE 81444 --- [    Test worker] o.h.type.descriptor.sql.BasicExtractor   : extracted value ([name8_0_] : [VARCHAR]) - [학생종합인력개발센터]
2019-06-13 17:57:29.477 TRACE 81444 --- [    Test worker] o.h.type.descriptor.sql.BasicExtractor   : extracted value ([id1_0_] : [BIGINT]) - [754]
2019-06-13 17:57:29.477 TRACE 81444 --- [    Test worker] o.h.type.descriptor.sql.BasicExtractor   : extracted value ([code2_0_] : [VARCHAR]) - [XL100]
2019-06-13 17:57:29.478 TRACE 81444 --- [    Test worker] o.h.type.descriptor.sql.BasicExtractor   : extracted value ([date_created3_0_] : [TIMESTAMP]) - [2019-05-23 15:55:52.0]
2019-06-13 17:57:29.478 TRACE 81444 --- [    Test worker] o.h.type.descriptor.sql.BasicExtractor   : extracted value ([is_active4_0_] : [BIT]) - [true]
2019-06-13 17:57:29.478 TRACE 81444 --- [    Test worker] o.h.type.descriptor.sql.BasicExtractor   : extracted value ([last_updated5_0_] : [TIMESTAMP]) - [2019-05-23 15:55:52.0]
2019-06-13 17:57:29.478 TRACE 81444 --- [    Test worker] o.h.type.descriptor.sql.BasicExtractor   : extracted value ([last_updator_id6_0_] : [BIGINT]) - [6]
2019-06-13 17:57:29.478 TRACE 81444 --- [    Test worker] o.h.type.descriptor.sql.BasicExtractor   : extracted value ([my_parent_id7_0_] : [BIGINT]) - [null]
2019-06-13 17:57:29.478 TRACE 81444 --- [    Test worker] o.h.type.descriptor.sql.BasicExtractor   : extracted value ([name8_0_] : [VARCHAR]) - [국제교류센터]
2019-06-13 17:57:29.479 TRACE 81444 --- [    Test worker] o.h.type.descriptor.sql.BasicExtractor   : extracted value ([id1_0_] : [BIGINT]) - [755]
2019-06-13 17:57:29.479 TRACE 81444 --- [    Test worker] o.h.type.descriptor.sql.BasicExtractor   : extracted value ([code2_0_] : [VARCHAR]) - [XL101]
2019-06-13 17:57:29.479 TRACE 81444 --- [    Test worker] o.h.type.descriptor.sql.BasicExtractor   : extracted value ([date_created3_0_] : [TIMESTAMP]) - [2019-05-23 15:55:53.0]
2019-06-13 17:57:29.479 TRACE 81444 --- [    Test worker] o.h.type.descriptor.sql.BasicExtractor   : extracted value ([is_active4_0_] : [BIT]) - [true]
2019-06-13 17:57:29.479 TRACE 81444 --- [    Test worker] o.h.type.descriptor.sql.BasicExtractor   : extracted value ([last_updated5_0_] : [TIMESTAMP]) - [2019-05-24 14:12:30.0]
2019-06-13 17:57:29.479 TRACE 81444 --- [    Test worker] o.h.type.descriptor.sql.BasicExtractor   : extracted value ([last_updator_id6_0_] : [BIGINT]) - [6]
2019-06-13 17:57:29.479 TRACE 81444 --- [    Test worker] o.h.type.descriptor.sql.BasicExtractor   : extracted value ([my_parent_id7_0_] : [BIGINT]) - [837]
2019-06-13 17:57:29.479 TRACE 81444 --- [    Test worker] o.h.type.descriptor.sql.BasicExtractor   : extracted value ([name8_0_] : [VARCHAR]) - [과학영재교육원]
2019-06-13 17:57:29.479 TRACE 81444 --- [    Test worker] o.h.type.descriptor.sql.BasicExtractor   : extracted value ([id1_0_] : [BIGINT]) - [756]
2019-06-13 17:57:29.480 TRACE 81444 --- [    Test worker] o.h.type.descriptor.sql.BasicExtractor   : extracted value ([code2_0_] : [VARCHAR]) - [XL102]
2019-06-13 17:57:29.480 TRACE 81444 --- [    Test worker] o.h.type.descriptor.sql.BasicExtractor   : extracted value ([date_created3_0_] : [TIMESTAMP]) - [2019-05-23 15:55:53.0]
2019-06-13 17:57:29.480 TRACE 81444 --- [    Test worker] o.h.type.descriptor.sql.BasicExtractor   : extracted value ([is_active4_0_] : [BIT]) - [true]
2019-06-13 17:57:29.480 TRACE 81444 --- [    Test worker] o.h.type.descriptor.sql.BasicExtractor   : extracted value ([last_updated5_0_] : [TIMESTAMP]) - [2019-05-24 14:27:00.0]
2019-06-13 17:57:29.480 TRACE 81444 --- [    Test worker] o.h.type.descriptor.sql.BasicExtractor   : extracted value ([last_updator_id6_0_] : [BIGINT]) - [6]
2019-06-13 17:57:29.480 TRACE 81444 --- [    Test worker] o.h.type.descriptor.sql.BasicExtractor   : extracted value ([my_parent_id7_0_] : [BIGINT]) - [null]
2019-06-13 17:57:29.480 TRACE 81444 --- [    Test worker] o.h.type.descriptor.sql.BasicExtractor   : extracted value ([name8_0_] : [VARCHAR]) - [환황해연구원]
2019-06-13 17:57:29.480 TRACE 81444 --- [    Test worker] o.h.type.descriptor.sql.BasicExtractor   : extracted value ([id1_0_] : [BIGINT]) - [757]
2019-06-13 17:57:29.480 TRACE 81444 --- [    Test worker] o.h.type.descriptor.sql.BasicExtractor   : extracted value ([code2_0_] : [VARCHAR]) - [XL103]
2019-06-13 17:57:29.481 TRACE 81444 --- [    Test worker] o.h.type.descriptor.sql.BasicExtractor   : extracted value ([date_created3_0_] : [TIMESTAMP]) - [2019-05-23 15:55:53.0]
2019-06-13 17:57:29.481 TRACE 81444 --- [    Test worker] o.h.type.descriptor.sql.BasicExtractor   : extracted value ([is_active4_0_] : [BIT]) - [true]
2019-06-13 17:57:29.481 TRACE 81444 --- [    Test worker] o.h.type.descriptor.sql.BasicExtractor   : extracted value ([last_updated5_0_] : [TIMESTAMP]) - [2019-05-23 15:55:53.0]
2019-06-13 17:57:29.481 TRACE 81444 --- [    Test worker] o.h.type.descriptor.sql.BasicExtractor   : extracted value ([last_updator_id6_0_] : [BIGINT]) - [6]
2019-06-13 17:57:29.481 TRACE 81444 --- [    Test worker] o.h.type.descriptor.sql.BasicExtractor   : extracted value ([my_parent_id7_0_] : [BIGINT]) - [null]
2019-06-13 17:57:29.481 TRACE 81444 --- [    Test worker] o.h.type.descriptor.sql.BasicExtractor   : extracted value ([name8_0_] : [VARCHAR]) - [국제교류센타]
2019-06-13 17:57:29.481 TRACE 81444 --- [    Test worker] o.h.type.descriptor.sql.BasicExtractor   : extracted value ([id1_0_] : [BIGINT]) - [758]
2019-06-13 17:57:29.481 TRACE 81444 --- [    Test worker] o.h.type.descriptor.sql.BasicExtractor   : extracted value ([code2_0_] : [VARCHAR]) - [XL104]
2019-06-13 17:57:29.481 TRACE 81444 --- [    Test worker] o.h.type.descriptor.sql.BasicExtractor   : extracted value ([date_created3_0_] : [TIMESTAMP]) - [2019-05-23 15:55:54.0]
2019-06-13 17:57:29.481 TRACE 81444 --- [    Test worker] o.h.type.descriptor.sql.BasicExtractor   : extracted value ([is_active4_0_] : [BIT]) - [true]
2019-06-13 17:57:29.482 TRACE 81444 --- [    Test worker] o.h.type.descriptor.sql.BasicExtractor   : extracted value ([last_updated5_0_] : [TIMESTAMP]) - [2019-05-24 14:12:30.0]
2019-06-13 17:57:29.482 TRACE 81444 --- [    Test worker] o.h.type.descriptor.sql.BasicExtractor   : extracted value ([last_updator_id6_0_] : [BIGINT]) - [6]
2019-06-13 17:57:29.482 TRACE 81444 --- [    Test worker] o.h.type.descriptor.sql.BasicExtractor   : extracted value ([my_parent_id7_0_] : [BIGINT]) - [837]
2019-06-13 17:57:29.482 TRACE 81444 --- [    Test worker] o.h.type.descriptor.sql.BasicExtractor   : extracted value ([name8_0_] : [VARCHAR]) - [공학교육혁신센터]
2019-06-13 17:57:29.482 TRACE 81444 --- [    Test worker] o.h.type.descriptor.sql.BasicExtractor   : extracted value ([id1_0_] : [BIGINT]) - [759]
2019-06-13 17:57:29.482 TRACE 81444 --- [    Test worker] o.h.type.descriptor.sql.BasicExtractor   : extracted value ([code2_0_] : [VARCHAR]) - [XL105]
2019-06-13 17:57:29.482 TRACE 81444 --- [    Test worker] o.h.type.descriptor.sql.BasicExtractor   : extracted value ([date_created3_0_] : [TIMESTAMP]) - [2019-05-23 15:56:01.0]
2019-06-13 17:57:29.482 TRACE 81444 --- [    Test worker] o.h.type.descriptor.sql.BasicExtractor   : extracted value ([is_active4_0_] : [BIT]) - [true]
2019-06-13 17:57:29.482 TRACE 81444 --- [    Test worker] o.h.type.descriptor.sql.BasicExtractor   : extracted value ([last_updated5_0_] : [TIMESTAMP]) - [2019-05-24 14:27:01.0]
2019-06-13 17:57:29.482 TRACE 81444 --- [    Test worker] o.h.type.descriptor.sql.BasicExtractor   : extracted value ([last_updator_id6_0_] : [BIGINT]) - [6]
2019-06-13 17:57:29.482 TRACE 81444 --- [    Test worker] o.h.type.descriptor.sql.BasicExtractor   : extracted value ([my_parent_id7_0_] : [BIGINT]) - [null]
2019-06-13 17:57:29.483 TRACE 81444 --- [    Test worker] o.h.type.descriptor.sql.BasicExtractor   : extracted value ([name8_0_] : [VARCHAR]) - [소비조합]
2019-06-13 17:57:29.483 TRACE 81444 --- [    Test worker] o.h.type.descriptor.sql.BasicExtractor   : extracted value ([id1_0_] : [BIGINT]) - [760]
2019-06-13 17:57:29.483 TRACE 81444 --- [    Test worker] o.h.type.descriptor.sql.BasicExtractor   : extracted value ([code2_0_] : [VARCHAR]) - [XL106]
2019-06-13 17:57:29.483 TRACE 81444 --- [    Test worker] o.h.type.descriptor.sql.BasicExtractor   : extracted value ([date_created3_0_] : [TIMESTAMP]) - [2019-05-23 15:56:01.0]
2019-06-13 17:57:29.483 TRACE 81444 --- [    Test worker] o.h.type.descriptor.sql.BasicExtractor   : extracted value ([is_active4_0_] : [BIT]) - [true]
2019-06-13 17:57:29.483 TRACE 81444 --- [    Test worker] o.h.type.descriptor.sql.BasicExtractor   : extracted value ([last_updated5_0_] : [TIMESTAMP]) - [2019-05-24 14:12:31.0]
2019-06-13 17:57:29.483 TRACE 81444 --- [    Test worker] o.h.type.descriptor.sql.BasicExtractor   : extracted value ([last_updator_id6_0_] : [BIGINT]) - [6]
2019-06-13 17:57:29.483 TRACE 81444 --- [    Test worker] o.h.type.descriptor.sql.BasicExtractor   : extracted value ([my_parent_id7_0_] : [BIGINT]) - [837]
2019-06-13 17:57:29.483 TRACE 81444 --- [    Test worker] o.h.type.descriptor.sql.BasicExtractor   : extracted value ([name8_0_] : [VARCHAR]) - [장애학생지원센터]
2019-06-13 17:57:29.500 TRACE 81444 --- [    Test worker] o.h.type.descriptor.sql.BasicExtractor   : extracted value ([id1_0_] : [BIGINT]) - [761]
2019-06-13 17:57:29.500 TRACE 81444 --- [    Test worker] o.h.type.descriptor.sql.BasicExtractor   : extracted value ([code2_0_] : [VARCHAR]) - [XL107]
2019-06-13 17:57:29.500 TRACE 81444 --- [    Test worker] o.h.type.descriptor.sql.BasicExtractor   : extracted value ([date_created3_0_] : [TIMESTAMP]) - [2019-05-23 15:56:02.0]
2019-06-13 17:57:29.500 TRACE 81444 --- [    Test worker] o.h.type.descriptor.sql.BasicExtractor   : extracted value ([is_active4_0_] : [BIT]) - [true]
2019-06-13 17:57:29.501 TRACE 81444 --- [    Test worker] o.h.type.descriptor.sql.BasicExtractor   : extracted value ([last_updated5_0_] : [TIMESTAMP]) - [2019-05-24 14:27:02.0]
2019-06-13 17:57:29.501 TRACE 81444 --- [    Test worker] o.h.type.descriptor.sql.BasicExtractor   : extracted value ([last_updator_id6_0_] : [BIGINT]) - [6]
2019-06-13 17:57:29.501 TRACE 81444 --- [    Test worker] o.h.type.descriptor.sql.BasicExtractor   : extracted value ([my_parent_id7_0_] : [BIGINT]) - [null]
2019-06-13 17:57:29.501 TRACE 81444 --- [    Test worker] o.h.type.descriptor.sql.BasicExtractor   : extracted value ([name8_0_] : [VARCHAR]) - [해양생물연구교육센터]
2019-06-13 17:57:29.501 TRACE 81444 --- [    Test worker] o.h.type.descriptor.sql.BasicExtractor   : extracted value ([id1_0_] : [BIGINT]) - [762]
2019-06-13 17:57:29.501 TRACE 81444 --- [    Test worker] o.h.type.descriptor.sql.BasicExtractor   : extracted value ([code2_0_] : [VARCHAR]) - [XL108]
2019-06-13 17:57:29.501 TRACE 81444 --- [    Test worker] o.h.type.descriptor.sql.BasicExtractor   : extracted value ([date_created3_0_] : [TIMESTAMP]) - [2019-05-23 15:56:02.0]
2019-06-13 17:57:29.501 TRACE 81444 --- [    Test worker] o.h.type.descriptor.sql.BasicExtractor   : extracted value ([is_active4_0_] : [BIT]) - [true]
2019-06-13 17:57:29.501 TRACE 81444 --- [    Test worker] o.h.type.descriptor.sql.BasicExtractor   : extracted value ([last_updated5_0_] : [TIMESTAMP]) - [2019-05-23 15:56:02.0]
2019-06-13 17:57:29.501 TRACE 81444 --- [    Test worker] o.h.type.descriptor.sql.BasicExtractor   : extracted value ([last_updator_id6_0_] : [BIGINT]) - [6]
2019-06-13 17:57:29.502 TRACE 81444 --- [    Test worker] o.h.type.descriptor.sql.BasicExtractor   : extracted value ([my_parent_id7_0_] : [BIGINT]) - [null]
2019-06-13 17:57:29.502 TRACE 81444 --- [    Test worker] o.h.type.descriptor.sql.BasicExtractor   : extracted value ([name8_0_] : [VARCHAR]) - [언어교육원]
2019-06-13 17:57:29.502 TRACE 81444 --- [    Test worker] o.h.type.descriptor.sql.BasicExtractor   : extracted value ([id1_0_] : [BIGINT]) - [763]
2019-06-13 17:57:29.502 TRACE 81444 --- [    Test worker] o.h.type.descriptor.sql.BasicExtractor   : extracted value ([code2_0_] : [VARCHAR]) - [XL109]
2019-06-13 17:57:29.502 TRACE 81444 --- [    Test worker] o.h.type.descriptor.sql.BasicExtractor   : extracted value ([date_created3_0_] : [TIMESTAMP]) - [2019-05-23 15:56:02.0]
2019-06-13 17:57:29.502 TRACE 81444 --- [    Test worker] o.h.type.descriptor.sql.BasicExtractor   : extracted value ([is_active4_0_] : [BIT]) - [true]
2019-06-13 17:57:29.502 TRACE 81444 --- [    Test worker] o.h.type.descriptor.sql.BasicExtractor   : extracted value ([last_updated5_0_] : [TIMESTAMP]) - [2019-05-24 14:12:32.0]
2019-06-13 17:57:29.502 TRACE 81444 --- [    Test worker] o.h.type.descriptor.sql.BasicExtractor   : extracted value ([last_updator_id6_0_] : [BIGINT]) - [6]
2019-06-13 17:57:29.502 TRACE 81444 --- [    Test worker] o.h.type.descriptor.sql.BasicExtractor   : extracted value ([my_parent_id7_0_] : [BIGINT]) - [841]
2019-06-13 17:57:29.502 TRACE 81444 --- [    Test worker] o.h.type.descriptor.sql.BasicExtractor   : extracted value ([name8_0_] : [VARCHAR]) - [국제교류교육원]
2019-06-13 17:57:29.503 TRACE 81444 --- [    Test worker] o.h.type.descriptor.sql.BasicExtractor   : extracted value ([id1_0_] : [BIGINT]) - [764]
2019-06-13 17:57:29.503 TRACE 81444 --- [    Test worker] o.h.type.descriptor.sql.BasicExtractor   : extracted value ([code2_0_] : [VARCHAR]) - [XL110]
2019-06-13 17:57:29.503 TRACE 81444 --- [    Test worker] o.h.type.descriptor.sql.BasicExtractor   : extracted value ([date_created3_0_] : [TIMESTAMP]) - [2019-05-23 15:56:03.0]
2019-06-13 17:57:29.503 TRACE 81444 --- [    Test worker] o.h.type.descriptor.sql.BasicExtractor   : extracted value ([is_active4_0_] : [BIT]) - [true]
2019-06-13 17:57:29.503 TRACE 81444 --- [    Test worker] o.h.type.descriptor.sql.BasicExtractor   : extracted value ([last_updated5_0_] : [TIMESTAMP]) - [2019-05-24 14:27:02.0]
2019-06-13 17:57:29.503 TRACE 81444 --- [    Test worker] o.h.type.descriptor.sql.BasicExtractor   : extracted value ([last_updator_id6_0_] : [BIGINT]) - [6]
2019-06-13 17:57:29.503 TRACE 81444 --- [    Test worker] o.h.type.descriptor.sql.BasicExtractor   : extracted value ([my_parent_id7_0_] : [BIGINT]) - [null]
2019-06-13 17:57:29.503 TRACE 81444 --- [    Test worker] o.h.type.descriptor.sql.BasicExtractor   : extracted value ([name8_0_] : [VARCHAR]) - [새만금종합개발연구원]
2019-06-13 17:57:29.503 TRACE 81444 --- [    Test worker] o.h.type.descriptor.sql.BasicExtractor   : extracted value ([id1_0_] : [BIGINT]) - [765]
2019-06-13 17:57:29.503 TRACE 81444 --- [    Test worker] o.h.type.descriptor.sql.BasicExtractor   : extracted value ([code2_0_] : [VARCHAR]) - [XL111]
2019-06-13 17:57:29.503 TRACE 81444 --- [    Test worker] o.h.type.descriptor.sql.BasicExtractor   : extracted value ([date_created3_0_] : [TIMESTAMP]) - [2019-05-23 15:56:03.0]
2019-06-13 17:57:29.503 TRACE 81444 --- [    Test worker] o.h.type.descriptor.sql.BasicExtractor   : extracted value ([is_active4_0_] : [BIT]) - [true]
2019-06-13 17:57:29.503 TRACE 81444 --- [    Test worker] o.h.type.descriptor.sql.BasicExtractor   : extracted value ([last_updated5_0_] : [TIMESTAMP]) - [2019-05-24 14:27:03.0]
2019-06-13 17:57:29.503 TRACE 81444 --- [    Test worker] o.h.type.descriptor.sql.BasicExtractor   : extracted value ([last_updator_id6_0_] : [BIGINT]) - [6]
2019-06-13 17:57:29.504 TRACE 81444 --- [    Test worker] o.h.type.descriptor.sql.BasicExtractor   : extracted value ([my_parent_id7_0_] : [BIGINT]) - [null]
2019-06-13 17:57:29.504 TRACE 81444 --- [    Test worker] o.h.type.descriptor.sql.BasicExtractor   : extracted value ([name8_0_] : [VARCHAR]) - [수산공학실험관]
2019-06-13 17:57:29.504 TRACE 81444 --- [    Test worker] o.h.type.descriptor.sql.BasicExtractor   : extracted value ([id1_0_] : [BIGINT]) - [766]
2019-06-13 17:57:29.504 TRACE 81444 --- [    Test worker] o.h.type.descriptor.sql.BasicExtractor   : extracted value ([code2_0_] : [VARCHAR]) - [XL112]
2019-06-13 17:57:29.504 TRACE 81444 --- [    Test worker] o.h.type.descriptor.sql.BasicExtractor   : extracted value ([date_created3_0_] : [TIMESTAMP]) - [2019-05-23 15:56:03.0]
2019-06-13 17:57:29.504 TRACE 81444 --- [    Test worker] o.h.type.descriptor.sql.BasicExtractor   : extracted value ([is_active4_0_] : [BIT]) - [true]
2019-06-13 17:57:29.504 TRACE 81444 --- [    Test worker] o.h.type.descriptor.sql.BasicExtractor   : extracted value ([last_updated5_0_] : [TIMESTAMP]) - [2019-05-23 15:56:03.0]
2019-06-13 17:57:29.504 TRACE 81444 --- [    Test worker] o.h.type.descriptor.sql.BasicExtractor   : extracted value ([last_updator_id6_0_] : [BIGINT]) - [6]
2019-06-13 17:57:29.504 TRACE 81444 --- [    Test worker] o.h.type.descriptor.sql.BasicExtractor   : extracted value ([my_parent_id7_0_] : [BIGINT]) - [null]
2019-06-13 17:57:29.504 TRACE 81444 --- [    Test worker] o.h.type.descriptor.sql.BasicExtractor   : extracted value ([name8_0_] : [VARCHAR]) - [교무과(대학원)]
2019-06-13 17:57:29.504 TRACE 81444 --- [    Test worker] o.h.type.descriptor.sql.BasicExtractor   : extracted value ([id1_0_] : [BIGINT]) - [767]
2019-06-13 17:57:29.505 TRACE 81444 --- [    Test worker] o.h.type.descriptor.sql.BasicExtractor   : extracted value ([code2_0_] : [VARCHAR]) - [XL113]
2019-06-13 17:57:29.505 TRACE 81444 --- [    Test worker] o.h.type.descriptor.sql.BasicExtractor   : extracted value ([date_created3_0_] : [TIMESTAMP]) - [2019-05-23 15:56:04.0]
2019-06-13 17:57:29.505 TRACE 81444 --- [    Test worker] o.h.type.descriptor.sql.BasicExtractor   : extracted value ([is_active4_0_] : [BIT]) - [true]
2019-06-13 17:57:29.505 TRACE 81444 --- [    Test worker] o.h.type.descriptor.sql.BasicExtractor   : extracted value ([last_updated5_0_] : [TIMESTAMP]) - [2019-05-24 14:27:03.0]
2019-06-13 17:57:29.505 TRACE 81444 --- [    Test worker] o.h.type.descriptor.sql.BasicExtractor   : extracted value ([last_updator_id6_0_] : [BIGINT]) - [6]
2019-06-13 17:57:29.505 TRACE 81444 --- [    Test worker] o.h.type.descriptor.sql.BasicExtractor   : extracted value ([my_parent_id7_0_] : [BIGINT]) - [null]
2019-06-13 17:57:29.505 TRACE 81444 --- [    Test worker] o.h.type.descriptor.sql.BasicExtractor   : extracted value ([name8_0_] : [VARCHAR]) - [인문대사회대통합행정실]
2019-06-13 17:57:29.506 TRACE 81444 --- [    Test worker] o.h.type.descriptor.sql.BasicExtractor   : extracted value ([id1_0_] : [BIGINT]) - [768]
2019-06-13 17:57:29.506 TRACE 81444 --- [    Test worker] o.h.type.descriptor.sql.BasicExtractor   : extracted value ([code2_0_] : [VARCHAR]) - [XL114]
2019-06-13 17:57:29.506 TRACE 81444 --- [    Test worker] o.h.type.descriptor.sql.BasicExtractor   : extracted value ([date_created3_0_] : [TIMESTAMP]) - [2019-05-23 15:56:04.0]
2019-06-13 17:57:29.506 TRACE 81444 --- [    Test worker] o.h.type.descriptor.sql.BasicExtractor   : extracted value ([is_active4_0_] : [BIT]) - [true]
2019-06-13 17:57:29.506 TRACE 81444 --- [    Test worker] o.h.type.descriptor.sql.BasicExtractor   : extracted value ([last_updated5_0_] : [TIMESTAMP]) - [2019-05-24 14:27:03.0]
2019-06-13 17:57:29.506 TRACE 81444 --- [    Test worker] o.h.type.descriptor.sql.BasicExtractor   : extracted value ([last_updator_id6_0_] : [BIGINT]) - [6]
2019-06-13 17:57:29.506 TRACE 81444 --- [    Test worker] o.h.type.descriptor.sql.BasicExtractor   : extracted value ([my_parent_id7_0_] : [BIGINT]) - [null]
2019-06-13 17:57:29.506 TRACE 81444 --- [    Test worker] o.h.type.descriptor.sql.BasicExtractor   : extracted value ([name8_0_] : [VARCHAR]) - [자연대예술대통합행정실]
2019-06-13 17:57:29.507 TRACE 81444 --- [    Test worker] o.h.type.descriptor.sql.BasicExtractor   : extracted value ([id1_0_] : [BIGINT]) - [769]
2019-06-13 17:57:29.507 TRACE 81444 --- [    Test worker] o.h.type.descriptor.sql.BasicExtractor   : extracted value ([code2_0_] : [VARCHAR]) - [XL115]
2019-06-13 17:57:29.507 TRACE 81444 --- [    Test worker] o.h.type.descriptor.sql.BasicExtractor   : extracted value ([date_created3_0_] : [TIMESTAMP]) - [2019-05-23 15:56:04.0]
2019-06-13 17:57:29.507 TRACE 81444 --- [    Test worker] o.h.type.descriptor.sql.BasicExtractor   : extracted value ([is_active4_0_] : [BIT]) - [true]
2019-06-13 17:57:29.507 TRACE 81444 --- [    Test worker] o.h.type.descriptor.sql.BasicExtractor   : extracted value ([last_updated5_0_] : [TIMESTAMP]) - [2019-05-24 14:27:04.0]
2019-06-13 17:57:29.507 TRACE 81444 --- [    Test worker] o.h.type.descriptor.sql.BasicExtractor   : extracted value ([last_updator_id6_0_] : [BIGINT]) - [6]
2019-06-13 17:57:29.507 TRACE 81444 --- [    Test worker] o.h.type.descriptor.sql.BasicExtractor   : extracted value ([my_parent_id7_0_] : [BIGINT]) - [null]
2019-06-13 17:57:29.507 TRACE 81444 --- [    Test worker] o.h.type.descriptor.sql.BasicExtractor   : extracted value ([name8_0_] : [VARCHAR]) - [주차관리부]
2019-06-13 17:57:29.507 TRACE 81444 --- [    Test worker] o.h.type.descriptor.sql.BasicExtractor   : extracted value ([id1_0_] : [BIGINT]) - [770]
2019-06-13 17:57:29.507 TRACE 81444 --- [    Test worker] o.h.type.descriptor.sql.BasicExtractor   : extracted value ([code2_0_] : [VARCHAR]) - [XL116]
2019-06-13 17:57:29.508 TRACE 81444 --- [    Test worker] o.h.type.descriptor.sql.BasicExtractor   : extracted value ([date_created3_0_] : [TIMESTAMP]) - [2019-05-23 15:56:05.0]
2019-06-13 17:57:29.508 TRACE 81444 --- [    Test worker] o.h.type.descriptor.sql.BasicExtractor   : extracted value ([is_active4_0_] : [BIT]) - [true]
2019-06-13 17:57:29.508 TRACE 81444 --- [    Test worker] o.h.type.descriptor.sql.BasicExtractor   : extracted value ([last_updated5_0_] : [TIMESTAMP]) - [2019-05-24 14:27:04.0]
2019-06-13 17:57:29.508 TRACE 81444 --- [    Test worker] o.h.type.descriptor.sql.BasicExtractor   : extracted value ([last_updator_id6_0_] : [BIGINT]) - [6]
2019-06-13 17:57:29.508 TRACE 81444 --- [    Test worker] o.h.type.descriptor.sql.BasicExtractor   : extracted value ([my_parent_id7_0_] : [BIGINT]) - [null]
2019-06-13 17:57:29.508 TRACE 81444 --- [    Test worker] o.h.type.descriptor.sql.BasicExtractor   : extracted value ([name8_0_] : [VARCHAR]) - [배움터사업단]
2019-06-13 17:57:29.528 TRACE 81444 --- [    Test worker] o.h.type.descriptor.sql.BasicExtractor   : extracted value ([id1_0_] : [BIGINT]) - [771]
2019-06-13 17:57:29.529 TRACE 81444 --- [    Test worker] o.h.type.descriptor.sql.BasicExtractor   : extracted value ([code2_0_] : [VARCHAR]) - [XL118]
2019-06-13 17:57:29.529 TRACE 81444 --- [    Test worker] o.h.type.descriptor.sql.BasicExtractor   : extracted value ([date_created3_0_] : [TIMESTAMP]) - [2019-05-23 15:56:19.0]
2019-06-13 17:57:29.529 TRACE 81444 --- [    Test worker] o.h.type.descriptor.sql.BasicExtractor   : extracted value ([is_active4_0_] : [BIT]) - [true]
2019-06-13 17:57:29.529 TRACE 81444 --- [    Test worker] o.h.type.descriptor.sql.BasicExtractor   : extracted value ([last_updated5_0_] : [TIMESTAMP]) - [2019-05-24 14:27:04.0]
2019-06-13 17:57:29.529 TRACE 81444 --- [    Test worker] o.h.type.descriptor.sql.BasicExtractor   : extracted value ([last_updator_id6_0_] : [BIGINT]) - [6]
2019-06-13 17:57:29.529 TRACE 81444 --- [    Test worker] o.h.type.descriptor.sql.BasicExtractor   : extracted value ([my_parent_id7_0_] : [BIGINT]) - [null]
2019-06-13 17:57:29.529 TRACE 81444 --- [    Test worker] o.h.type.descriptor.sql.BasicExtractor   : extracted value ([name8_0_] : [VARCHAR]) - [녹조·적조연구센터]
2019-06-13 17:57:29.530 TRACE 81444 --- [    Test worker] o.h.type.descriptor.sql.BasicExtractor   : extracted value ([id1_0_] : [BIGINT]) - [772]
2019-06-13 17:57:29.530 TRACE 81444 --- [    Test worker] o.h.type.descriptor.sql.BasicExtractor   : extracted value ([code2_0_] : [VARCHAR]) - [XL119]
2019-06-13 17:57:29.530 TRACE 81444 --- [    Test worker] o.h.type.descriptor.sql.BasicExtractor   : extracted value ([date_created3_0_] : [TIMESTAMP]) - [2019-05-23 15:56:19.0]
2019-06-13 17:57:29.530 TRACE 81444 --- [    Test worker] o.h.type.descriptor.sql.BasicExtractor   : extracted value ([is_active4_0_] : [BIT]) - [true]
2019-06-13 17:57:29.530 TRACE 81444 --- [    Test worker] o.h.type.descriptor.sql.BasicExtractor   : extracted value ([last_updated5_0_] : [TIMESTAMP]) - [2019-05-24 14:27:05.0]
2019-06-13 17:57:29.530 TRACE 81444 --- [    Test worker] o.h.type.descriptor.sql.BasicExtractor   : extracted value ([last_updator_id6_0_] : [BIGINT]) - [6]
2019-06-13 17:57:29.530 TRACE 81444 --- [    Test worker] o.h.type.descriptor.sql.BasicExtractor   : extracted value ([my_parent_id7_0_] : [BIGINT]) - [null]
2019-06-13 17:57:29.530 TRACE 81444 --- [    Test worker] o.h.type.descriptor.sql.BasicExtractor   : extracted value ([name8_0_] : [VARCHAR]) - [제1행정실(인문대)]
2019-06-13 17:57:29.530 TRACE 81444 --- [    Test worker] o.h.type.descriptor.sql.BasicExtractor   : extracted value ([id1_0_] : [BIGINT]) - [773]
2019-06-13 17:57:29.531 TRACE 81444 --- [    Test worker] o.h.type.descriptor.sql.BasicExtractor   : extracted value ([code2_0_] : [VARCHAR]) - [XL120]
2019-06-13 17:57:29.531 TRACE 81444 --- [    Test worker] o.h.type.descriptor.sql.BasicExtractor   : extracted value ([date_created3_0_] : [TIMESTAMP]) - [2019-05-23 15:56:20.0]
2019-06-13 17:57:29.531 TRACE 81444 --- [    Test worker] o.h.type.descriptor.sql.BasicExtractor   : extracted value ([is_active4_0_] : [BIT]) - [true]
2019-06-13 17:57:29.531 TRACE 81444 --- [    Test worker] o.h.type.descriptor.sql.BasicExtractor   : extracted value ([last_updated5_0_] : [TIMESTAMP]) - [2019-05-24 14:27:05.0]
2019-06-13 17:57:29.531 TRACE 81444 --- [    Test worker] o.h.type.descriptor.sql.BasicExtractor   : extracted value ([last_updator_id6_0_] : [BIGINT]) - [6]
2019-06-13 17:57:29.531 TRACE 81444 --- [    Test worker] o.h.type.descriptor.sql.BasicExtractor   : extracted value ([my_parent_id7_0_] : [BIGINT]) - [null]
2019-06-13 17:57:29.531 TRACE 81444 --- [    Test worker] o.h.type.descriptor.sql.BasicExtractor   : extracted value ([name8_0_] : [VARCHAR]) - [제2행정실(자연대)]
2019-06-13 17:57:29.531 TRACE 81444 --- [    Test worker] o.h.type.descriptor.sql.BasicExtractor   : extracted value ([id1_0_] : [BIGINT]) - [774]
2019-06-13 17:57:29.531 TRACE 81444 --- [    Test worker] o.h.type.descriptor.sql.BasicExtractor   : extracted value ([code2_0_] : [VARCHAR]) - [XL121]
2019-06-13 17:57:29.531 TRACE 81444 --- [    Test worker] o.h.type.descriptor.sql.BasicExtractor   : extracted value ([date_created3_0_] : [TIMESTAMP]) - [2019-05-23 15:56:20.0]
2019-06-13 17:57:29.532 TRACE 81444 --- [    Test worker] o.h.type.descriptor.sql.BasicExtractor   : extracted value ([is_active4_0_] : [BIT]) - [true]
2019-06-13 17:57:29.532 TRACE 81444 --- [    Test worker] o.h.type.descriptor.sql.BasicExtractor   : extracted value ([last_updated5_0_] : [TIMESTAMP]) - [2019-05-24 14:27:05.0]
2019-06-13 17:57:29.532 TRACE 81444 --- [    Test worker] o.h.type.descriptor.sql.BasicExtractor   : extracted value ([last_updator_id6_0_] : [BIGINT]) - [6]
2019-06-13 17:57:29.532 TRACE 81444 --- [    Test worker] o.h.type.descriptor.sql.BasicExtractor   : extracted value ([my_parent_id7_0_] : [BIGINT]) - [null]
2019-06-13 17:57:29.532 TRACE 81444 --- [    Test worker] o.h.type.descriptor.sql.BasicExtractor   : extracted value ([name8_0_] : [VARCHAR]) - [제3행정실]
2019-06-13 17:57:29.532 TRACE 81444 --- [    Test worker] o.h.type.descriptor.sql.BasicExtractor   : extracted value ([id1_0_] : [BIGINT]) - [775]
2019-06-13 17:57:29.532 TRACE 81444 --- [    Test worker] o.h.type.descriptor.sql.BasicExtractor   : extracted value ([code2_0_] : [VARCHAR]) - [XL122]
2019-06-13 17:57:29.532 TRACE 81444 --- [    Test worker] o.h.type.descriptor.sql.BasicExtractor   : extracted value ([date_created3_0_] : [TIMESTAMP]) - [2019-05-23 15:56:21.0]
2019-06-13 17:57:29.532 TRACE 81444 --- [    Test worker] o.h.type.descriptor.sql.BasicExtractor   : extracted value ([is_active4_0_] : [BIT]) - [true]
2019-06-13 17:57:29.532 TRACE 81444 --- [    Test worker] o.h.type.descriptor.sql.BasicExtractor   : extracted value ([last_updated5_0_] : [TIMESTAMP]) - [2019-05-24 14:27:06.0]
2019-06-13 17:57:29.532 TRACE 81444 --- [    Test worker] o.h.type.descriptor.sql.BasicExtractor   : extracted value ([last_updator_id6_0_] : [BIGINT]) - [6]
2019-06-13 17:57:29.533 TRACE 81444 --- [    Test worker] o.h.type.descriptor.sql.BasicExtractor   : extracted value ([my_parent_id7_0_] : [BIGINT]) - [null]
2019-06-13 17:57:29.533 TRACE 81444 --- [    Test worker] o.h.type.descriptor.sql.BasicExtractor   : extracted value ([name8_0_] : [VARCHAR]) - [제4행정실]
2019-06-13 17:57:29.533 TRACE 81444 --- [    Test worker] o.h.type.descriptor.sql.BasicExtractor   : extracted value ([id1_0_] : [BIGINT]) - [776]
2019-06-13 17:57:29.533 TRACE 81444 --- [    Test worker] o.h.type.descriptor.sql.BasicExtractor   : extracted value ([code2_0_] : [VARCHAR]) - [XL123]
2019-06-13 17:57:29.533 TRACE 81444 --- [    Test worker] o.h.type.descriptor.sql.BasicExtractor   : extracted value ([date_created3_0_] : [TIMESTAMP]) - [2019-05-23 15:56:21.0]
2019-06-13 17:57:29.533 TRACE 81444 --- [    Test worker] o.h.type.descriptor.sql.BasicExtractor   : extracted value ([is_active4_0_] : [BIT]) - [true]
2019-06-13 17:57:29.534 TRACE 81444 --- [    Test worker] o.h.type.descriptor.sql.BasicExtractor   : extracted value ([last_updated5_0_] : [TIMESTAMP]) - [2019-05-24 14:12:36.0]
2019-06-13 17:57:29.535 TRACE 81444 --- [    Test worker] o.h.type.descriptor.sql.BasicExtractor   : extracted value ([last_updator_id6_0_] : [BIGINT]) - [6]
2019-06-13 17:57:29.535 TRACE 81444 --- [    Test worker] o.h.type.descriptor.sql.BasicExtractor   : extracted value ([my_parent_id7_0_] : [BIGINT]) - [841]
2019-06-13 17:57:29.535 TRACE 81444 --- [    Test worker] o.h.type.descriptor.sql.BasicExtractor   : extracted value ([name8_0_] : [VARCHAR]) - [교육개발원]
2019-06-13 17:57:29.535 TRACE 81444 --- [    Test worker] o.h.type.descriptor.sql.BasicExtractor   : extracted value ([id1_0_] : [BIGINT]) - [777]
2019-06-13 17:57:29.535 TRACE 81444 --- [    Test worker] o.h.type.descriptor.sql.BasicExtractor   : extracted value ([code2_0_] : [VARCHAR]) - [XL124]
2019-06-13 17:57:29.535 TRACE 81444 --- [    Test worker] o.h.type.descriptor.sql.BasicExtractor   : extracted value ([date_created3_0_] : [TIMESTAMP]) - [2019-05-23 15:56:21.0]
2019-06-13 17:57:29.535 TRACE 81444 --- [    Test worker] o.h.type.descriptor.sql.BasicExtractor   : extracted value ([is_active4_0_] : [BIT]) - [true]
2019-06-13 17:57:29.536 TRACE 81444 --- [    Test worker] o.h.type.descriptor.sql.BasicExtractor   : extracted value ([last_updated5_0_] : [TIMESTAMP]) - [2019-05-24 14:27:06.0]
2019-06-13 17:57:29.536 TRACE 81444 --- [    Test worker] o.h.type.descriptor.sql.BasicExtractor   : extracted value ([last_updator_id6_0_] : [BIGINT]) - [6]
2019-06-13 17:57:29.536 TRACE 81444 --- [    Test worker] o.h.type.descriptor.sql.BasicExtractor   : extracted value ([my_parent_id7_0_] : [BIGINT]) - [null]
2019-06-13 17:57:29.536 TRACE 81444 --- [    Test worker] o.h.type.descriptor.sql.BasicExtractor   : extracted value ([name8_0_] : [VARCHAR]) - [학생종합인력개발원]
2019-06-13 17:57:29.536 TRACE 81444 --- [    Test worker] o.h.type.descriptor.sql.BasicExtractor   : extracted value ([id1_0_] : [BIGINT]) - [778]
2019-06-13 17:57:29.536 TRACE 81444 --- [    Test worker] o.h.type.descriptor.sql.BasicExtractor   : extracted value ([code2_0_] : [VARCHAR]) - [XL125]
2019-06-13 17:57:29.536 TRACE 81444 --- [    Test worker] o.h.type.descriptor.sql.BasicExtractor   : extracted value ([date_created3_0_] : [TIMESTAMP]) - [2019-05-23 15:56:22.0]
2019-06-13 17:57:29.536 TRACE 81444 --- [    Test worker] o.h.type.descriptor.sql.BasicExtractor   : extracted value ([is_active4_0_] : [BIT]) - [true]
2019-06-13 17:57:29.537 TRACE 81444 --- [    Test worker] o.h.type.descriptor.sql.BasicExtractor   : extracted value ([last_updated5_0_] : [TIMESTAMP]) - [2019-05-24 14:27:07.0]
2019-06-13 17:57:29.537 TRACE 81444 --- [    Test worker] o.h.type.descriptor.sql.BasicExtractor   : extracted value ([last_updator_id6_0_] : [BIGINT]) - [6]
2019-06-13 17:57:29.537 TRACE 81444 --- [    Test worker] o.h.type.descriptor.sql.BasicExtractor   : extracted value ([my_parent_id7_0_] : [BIGINT]) - [null]
2019-06-13 17:57:29.537 TRACE 81444 --- [    Test worker] o.h.type.descriptor.sql.BasicExtractor   : extracted value ([name8_0_] : [VARCHAR]) - [선박실습운영센터]
2019-06-13 17:57:29.537 TRACE 81444 --- [    Test worker] o.h.type.descriptor.sql.BasicExtractor   : extracted value ([id1_0_] : [BIGINT]) - [779]
2019-06-13 17:57:29.537 TRACE 81444 --- [    Test worker] o.h.type.descriptor.sql.BasicExtractor   : extracted value ([code2_0_] : [VARCHAR]) - [XL126]
2019-06-13 17:57:29.538 TRACE 81444 --- [    Test worker] o.h.type.descriptor.sql.BasicExtractor   : extracted value ([date_created3_0_] : [TIMESTAMP]) - [2019-05-23 15:56:22.0]
2019-06-13 17:57:29.538 TRACE 81444 --- [    Test worker] o.h.type.descriptor.sql.BasicExtractor   : extracted value ([is_active4_0_] : [BIT]) - [true]
2019-06-13 17:57:29.538 TRACE 81444 --- [    Test worker] o.h.type.descriptor.sql.BasicExtractor   : extracted value ([last_updated5_0_] : [TIMESTAMP]) - [2019-05-24 14:27:07.0]
2019-06-13 17:57:29.538 TRACE 81444 --- [    Test worker] o.h.type.descriptor.sql.BasicExtractor   : extracted value ([last_updator_id6_0_] : [BIGINT]) - [6]
2019-06-13 17:57:29.538 TRACE 81444 --- [    Test worker] o.h.type.descriptor.sql.BasicExtractor   : extracted value ([my_parent_id7_0_] : [BIGINT]) - [null]
2019-06-13 17:57:29.538 TRACE 81444 --- [    Test worker] o.h.type.descriptor.sql.BasicExtractor   : extracted value ([name8_0_] : [VARCHAR]) - [제1행정실(사회대)]
2019-06-13 17:57:29.538 TRACE 81444 --- [    Test worker] o.h.type.descriptor.sql.BasicExtractor   : extracted value ([id1_0_] : [BIGINT]) - [780]
2019-06-13 17:57:29.538 TRACE 81444 --- [    Test worker] o.h.type.descriptor.sql.BasicExtractor   : extracted value ([code2_0_] : [VARCHAR]) - [XL127]
2019-06-13 17:57:29.538 TRACE 81444 --- [    Test worker] o.h.type.descriptor.sql.BasicExtractor   : extracted value ([date_created3_0_] : [TIMESTAMP]) - [2019-05-23 15:56:22.0]
2019-06-13 17:57:29.538 TRACE 81444 --- [    Test worker] o.h.type.descriptor.sql.BasicExtractor   : extracted value ([is_active4_0_] : [BIT]) - [true]
2019-06-13 17:57:29.539 TRACE 81444 --- [    Test worker] o.h.type.descriptor.sql.BasicExtractor   : extracted value ([last_updated5_0_] : [TIMESTAMP]) - [2019-05-24 14:27:07.0]
2019-06-13 17:57:29.539 TRACE 81444 --- [    Test worker] o.h.type.descriptor.sql.BasicExtractor   : extracted value ([last_updator_id6_0_] : [BIGINT]) - [6]
2019-06-13 17:57:29.539 TRACE 81444 --- [    Test worker] o.h.type.descriptor.sql.BasicExtractor   : extracted value ([my_parent_id7_0_] : [BIGINT]) - [null]
2019-06-13 17:57:29.539 TRACE 81444 --- [    Test worker] o.h.type.descriptor.sql.BasicExtractor   : extracted value ([name8_0_] : [VARCHAR]) - [제2행정실(예술대)]
2019-06-13 17:57:29.558 TRACE 81444 --- [    Test worker] o.h.type.descriptor.sql.BasicExtractor   : extracted value ([id1_0_] : [BIGINT]) - [781]
2019-06-13 17:57:29.559 TRACE 81444 --- [    Test worker] o.h.type.descriptor.sql.BasicExtractor   : extracted value ([code2_0_] : [VARCHAR]) - [XL128]
2019-06-13 17:57:29.559 TRACE 81444 --- [    Test worker] o.h.type.descriptor.sql.BasicExtractor   : extracted value ([date_created3_0_] : [TIMESTAMP]) - [2019-05-23 15:56:23.0]
2019-06-13 17:57:29.559 TRACE 81444 --- [    Test worker] o.h.type.descriptor.sql.BasicExtractor   : extracted value ([is_active4_0_] : [BIT]) - [true]
2019-06-13 17:57:29.559 TRACE 81444 --- [    Test worker] o.h.type.descriptor.sql.BasicExtractor   : extracted value ([last_updated5_0_] : [TIMESTAMP]) - [2019-05-24 14:27:08.0]
2019-06-13 17:57:29.559 TRACE 81444 --- [    Test worker] o.h.type.descriptor.sql.BasicExtractor   : extracted value ([last_updator_id6_0_] : [BIGINT]) - [6]
2019-06-13 17:57:29.559 TRACE 81444 --- [    Test worker] o.h.type.descriptor.sql.BasicExtractor   : extracted value ([my_parent_id7_0_] : [BIGINT]) - [null]
2019-06-13 17:57:29.559 TRACE 81444 --- [    Test worker] o.h.type.descriptor.sql.BasicExtractor   : extracted value ([name8_0_] : [VARCHAR]) - [제1행정실]
2019-06-13 17:57:29.560 TRACE 81444 --- [    Test worker] o.h.type.descriptor.sql.BasicExtractor   : extracted value ([id1_0_] : [BIGINT]) - [782]
2019-06-13 17:57:29.560 TRACE 81444 --- [    Test worker] o.h.type.descriptor.sql.BasicExtractor   : extracted value ([code2_0_] : [VARCHAR]) - [XL129]
2019-06-13 17:57:29.560 TRACE 81444 --- [    Test worker] o.h.type.descriptor.sql.BasicExtractor   : extracted value ([date_created3_0_] : [TIMESTAMP]) - [2019-05-23 15:56:23.0]
2019-06-13 17:57:29.560 TRACE 81444 --- [    Test worker] o.h.type.descriptor.sql.BasicExtractor   : extracted value ([is_active4_0_] : [BIT]) - [true]
2019-06-13 17:57:29.560 TRACE 81444 --- [    Test worker] o.h.type.descriptor.sql.BasicExtractor   : extracted value ([last_updated5_0_] : [TIMESTAMP]) - [2019-05-24 14:27:08.0]
2019-06-13 17:57:29.560 TRACE 81444 --- [    Test worker] o.h.type.descriptor.sql.BasicExtractor   : extracted value ([last_updator_id6_0_] : [BIGINT]) - [6]
2019-06-13 17:57:29.560 TRACE 81444 --- [    Test worker] o.h.type.descriptor.sql.BasicExtractor   : extracted value ([my_parent_id7_0_] : [BIGINT]) - [null]
2019-06-13 17:57:29.560 TRACE 81444 --- [    Test worker] o.h.type.descriptor.sql.BasicExtractor   : extracted value ([name8_0_] : [VARCHAR]) - [제2행정실]
2019-06-13 17:57:29.560 TRACE 81444 --- [    Test worker] o.h.type.descriptor.sql.BasicExtractor   : extracted value ([id1_0_] : [BIGINT]) - [783]
2019-06-13 17:57:29.560 TRACE 81444 --- [    Test worker] o.h.type.descriptor.sql.BasicExtractor   : extracted value ([code2_0_] : [VARCHAR]) - [XL130]
2019-06-13 17:57:29.560 TRACE 81444 --- [    Test worker] o.h.type.descriptor.sql.BasicExtractor   : extracted value ([date_created3_0_] : [TIMESTAMP]) - [2019-05-23 15:56:29.0]
2019-06-13 17:57:29.561 TRACE 81444 --- [    Test worker] o.h.type.descriptor.sql.BasicExtractor   : extracted value ([is_active4_0_] : [BIT]) - [true]
2019-06-13 17:57:29.561 TRACE 81444 --- [    Test worker] o.h.type.descriptor.sql.BasicExtractor   : extracted value ([last_updated5_0_] : [TIMESTAMP]) - [2019-05-24 14:27:08.0]
2019-06-13 17:57:29.561 TRACE 81444 --- [    Test worker] o.h.type.descriptor.sql.BasicExtractor   : extracted value ([last_updator_id6_0_] : [BIGINT]) - [6]
2019-06-13 17:57:29.561 TRACE 81444 --- [    Test worker] o.h.type.descriptor.sql.BasicExtractor   : extracted value ([my_parent_id7_0_] : [BIGINT]) - [null]
2019-06-13 17:57:29.561 TRACE 81444 --- [    Test worker] o.h.type.descriptor.sql.BasicExtractor   : extracted value ([name8_0_] : [VARCHAR]) - [중소기업산학협력센터]
2019-06-13 17:57:29.561 TRACE 81444 --- [    Test worker] o.h.type.descriptor.sql.BasicExtractor   : extracted value ([id1_0_] : [BIGINT]) - [784]
2019-06-13 17:57:29.561 TRACE 81444 --- [    Test worker] o.h.type.descriptor.sql.BasicExtractor   : extracted value ([code2_0_] : [VARCHAR]) - [XL131]
2019-06-13 17:57:29.561 TRACE 81444 --- [    Test worker] o.h.type.descriptor.sql.BasicExtractor   : extracted value ([date_created3_0_] : [TIMESTAMP]) - [2019-05-23 15:56:29.0]
2019-06-13 17:57:29.561 TRACE 81444 --- [    Test worker] o.h.type.descriptor.sql.BasicExtractor   : extracted value ([is_active4_0_] : [BIT]) - [true]
2019-06-13 17:57:29.561 TRACE 81444 --- [    Test worker] o.h.type.descriptor.sql.BasicExtractor   : extracted value ([last_updated5_0_] : [TIMESTAMP]) - [2019-05-24 14:12:39.0]
2019-06-13 17:57:29.561 TRACE 81444 --- [    Test worker] o.h.type.descriptor.sql.BasicExtractor   : extracted value ([last_updator_id6_0_] : [BIGINT]) - [6]
2019-06-13 17:57:29.561 TRACE 81444 --- [    Test worker] o.h.type.descriptor.sql.BasicExtractor   : extracted value ([my_parent_id7_0_] : [BIGINT]) - [837]
2019-06-13 17:57:29.561 TRACE 81444 --- [    Test worker] o.h.type.descriptor.sql.BasicExtractor   : extracted value ([name8_0_] : [VARCHAR]) - [미술관]
2019-06-13 17:57:29.561 TRACE 81444 --- [    Test worker] o.h.type.descriptor.sql.BasicExtractor   : extracted value ([id1_0_] : [BIGINT]) - [785]
2019-06-13 17:57:29.561 TRACE 81444 --- [    Test worker] o.h.type.descriptor.sql.BasicExtractor   : extracted value ([code2_0_] : [VARCHAR]) - [XL132]
2019-06-13 17:57:29.561 TRACE 81444 --- [    Test worker] o.h.type.descriptor.sql.BasicExtractor   : extracted value ([date_created3_0_] : [TIMESTAMP]) - [2019-05-23 15:56:30.0]
2019-06-13 17:57:29.562 TRACE 81444 --- [    Test worker] o.h.type.descriptor.sql.BasicExtractor   : extracted value ([is_active4_0_] : [BIT]) - [true]
2019-06-13 17:57:29.562 TRACE 81444 --- [    Test worker] o.h.type.descriptor.sql.BasicExtractor   : extracted value ([last_updated5_0_] : [TIMESTAMP]) - [2019-05-24 14:27:09.0]
2019-06-13 17:57:29.562 TRACE 81444 --- [    Test worker] o.h.type.descriptor.sql.BasicExtractor   : extracted value ([last_updator_id6_0_] : [BIGINT]) - [6]
2019-06-13 17:57:29.562 TRACE 81444 --- [    Test worker] o.h.type.descriptor.sql.BasicExtractor   : extracted value ([my_parent_id7_0_] : [BIGINT]) - [null]
2019-06-13 17:57:29.562 TRACE 81444 --- [    Test worker] o.h.type.descriptor.sql.BasicExtractor   : extracted value ([name8_0_] : [VARCHAR]) - [풍력기술연구센터]
2019-06-13 17:57:29.562 TRACE 81444 --- [    Test worker] o.h.type.descriptor.sql.BasicExtractor   : extracted value ([id1_0_] : [BIGINT]) - [786]
2019-06-13 17:57:29.562 TRACE 81444 --- [    Test worker] o.h.type.descriptor.sql.BasicExtractor   : extracted value ([code2_0_] : [VARCHAR]) - [XL133]
2019-06-13 17:57:29.562 TRACE 81444 --- [    Test worker] o.h.type.descriptor.sql.BasicExtractor   : extracted value ([date_created3_0_] : [TIMESTAMP]) - [2019-05-23 15:56:30.0]
2019-06-13 17:57:29.563 TRACE 81444 --- [    Test worker] o.h.type.descriptor.sql.BasicExtractor   : extracted value ([is_active4_0_] : [BIT]) - [true]
2019-06-13 17:57:29.563 TRACE 81444 --- [    Test worker] o.h.type.descriptor.sql.BasicExtractor   : extracted value ([last_updated5_0_] : [TIMESTAMP]) - [2019-05-24 14:27:09.0]
2019-06-13 17:57:29.563 TRACE 81444 --- [    Test worker] o.h.type.descriptor.sql.BasicExtractor   : extracted value ([last_updator_id6_0_] : [BIGINT]) - [6]
2019-06-13 17:57:29.563 TRACE 81444 --- [    Test worker] o.h.type.descriptor.sql.BasicExtractor   : extracted value ([my_parent_id7_0_] : [BIGINT]) - [null]
2019-06-13 17:57:29.563 TRACE 81444 --- [    Test worker] o.h.type.descriptor.sql.BasicExtractor   : extracted value ([name8_0_] : [VARCHAR]) - [생활과학교실]
2019-06-13 17:57:29.563 TRACE 81444 --- [    Test worker] o.h.type.descriptor.sql.BasicExtractor   : extracted value ([id1_0_] : [BIGINT]) - [787]
2019-06-13 17:57:29.563 TRACE 81444 --- [    Test worker] o.h.type.descriptor.sql.BasicExtractor   : extracted value ([code2_0_] : [VARCHAR]) - [XL134]
2019-06-13 17:57:29.563 TRACE 81444 --- [    Test worker] o.h.type.descriptor.sql.BasicExtractor   : extracted value ([date_created3_0_] : [TIMESTAMP]) - [2019-05-23 15:56:31.0]
2019-06-13 17:57:29.563 TRACE 81444 --- [    Test worker] o.h.type.descriptor.sql.BasicExtractor   : extracted value ([is_active4_0_] : [BIT]) - [true]
2019-06-13 17:57:29.563 TRACE 81444 --- [    Test worker] o.h.type.descriptor.sql.BasicExtractor   : extracted value ([last_updated5_0_] : [TIMESTAMP]) - [2019-05-24 14:12:40.0]
2019-06-13 17:57:29.563 TRACE 81444 --- [    Test worker] o.h.type.descriptor.sql.BasicExtractor   : extracted value ([last_updator_id6_0_] : [BIGINT]) - [6]
2019-06-13 17:57:29.563 TRACE 81444 --- [    Test worker] o.h.type.descriptor.sql.BasicExtractor   : extracted value ([my_parent_id7_0_] : [BIGINT]) - [745]
2019-06-13 17:57:29.563 TRACE 81444 --- [    Test worker] o.h.type.descriptor.sql.BasicExtractor   : extracted value ([name8_0_] : [VARCHAR]) - [희망나눔청년사업단]
2019-06-13 17:57:29.563 TRACE 81444 --- [    Test worker] o.h.type.descriptor.sql.BasicExtractor   : extracted value ([id1_0_] : [BIGINT]) - [788]
2019-06-13 17:57:29.564 TRACE 81444 --- [    Test worker] o.h.type.descriptor.sql.BasicExtractor   : extracted value ([code2_0_] : [VARCHAR]) - [XL135]
2019-06-13 17:57:29.564 TRACE 81444 --- [    Test worker] o.h.type.descriptor.sql.BasicExtractor   : extracted value ([date_created3_0_] : [TIMESTAMP]) - [2019-05-23 15:56:31.0]
2019-06-13 17:57:29.564 TRACE 81444 --- [    Test worker] o.h.type.descriptor.sql.BasicExtractor   : extracted value ([is_active4_0_] : [BIT]) - [true]
2019-06-13 17:57:29.564 TRACE 81444 --- [    Test worker] o.h.type.descriptor.sql.BasicExtractor   : extracted value ([last_updated5_0_] : [TIMESTAMP]) - [2019-05-24 14:12:40.0]
2019-06-13 17:57:29.564 TRACE 81444 --- [    Test worker] o.h.type.descriptor.sql.BasicExtractor   : extracted value ([last_updator_id6_0_] : [BIGINT]) - [6]
2019-06-13 17:57:29.564 TRACE 81444 --- [    Test worker] o.h.type.descriptor.sql.BasicExtractor   : extracted value ([my_parent_id7_0_] : [BIGINT]) - [745]
2019-06-13 17:57:29.564 TRACE 81444 --- [    Test worker] o.h.type.descriptor.sql.BasicExtractor   : extracted value ([name8_0_] : [VARCHAR]) - [보령효나눔복지센터]
2019-06-13 17:57:29.564 TRACE 81444 --- [    Test worker] o.h.type.descriptor.sql.BasicExtractor   : extracted value ([id1_0_] : [BIGINT]) - [789]
2019-06-13 17:57:29.564 TRACE 81444 --- [    Test worker] o.h.type.descriptor.sql.BasicExtractor   : extracted value ([code2_0_] : [VARCHAR]) - [XL136]
2019-06-13 17:57:29.564 TRACE 81444 --- [    Test worker] o.h.type.descriptor.sql.BasicExtractor   : extracted value ([date_created3_0_] : [TIMESTAMP]) - [2019-05-23 15:56:31.0]
2019-06-13 17:57:29.564 TRACE 81444 --- [    Test worker] o.h.type.descriptor.sql.BasicExtractor   : extracted value ([is_active4_0_] : [BIT]) - [true]
2019-06-13 17:57:29.565 TRACE 81444 --- [    Test worker] o.h.type.descriptor.sql.BasicExtractor   : extracted value ([last_updated5_0_] : [TIMESTAMP]) - [2019-05-24 14:27:10.0]
2019-06-13 17:57:29.565 TRACE 81444 --- [    Test worker] o.h.type.descriptor.sql.BasicExtractor   : extracted value ([last_updator_id6_0_] : [BIGINT]) - [6]
2019-06-13 17:57:29.565 TRACE 81444 --- [    Test worker] o.h.type.descriptor.sql.BasicExtractor   : extracted value ([my_parent_id7_0_] : [BIGINT]) - [null]
2019-06-13 17:57:29.565 TRACE 81444 --- [    Test worker] o.h.type.descriptor.sql.BasicExtractor   : extracted value ([name8_0_] : [VARCHAR]) - [예비군연대]
2019-06-13 17:57:29.565 TRACE 81444 --- [    Test worker] o.h.type.descriptor.sql.BasicExtractor   : extracted value ([id1_0_] : [BIGINT]) - [790]
2019-06-13 17:57:29.565 TRACE 81444 --- [    Test worker] o.h.type.descriptor.sql.BasicExtractor   : extracted value ([code2_0_] : [VARCHAR]) - [XL137]
2019-06-13 17:57:29.565 TRACE 81444 --- [    Test worker] o.h.type.descriptor.sql.BasicExtractor   : extracted value ([date_created3_0_] : [TIMESTAMP]) - [2019-05-23 15:56:32.0]
2019-06-13 17:57:29.565 TRACE 81444 --- [    Test worker] o.h.type.descriptor.sql.BasicExtractor   : extracted value ([is_active4_0_] : [BIT]) - [true]
2019-06-13 17:57:29.565 TRACE 81444 --- [    Test worker] o.h.type.descriptor.sql.BasicExtractor   : extracted value ([last_updated5_0_] : [TIMESTAMP]) - [2019-05-24 14:27:10.0]
2019-06-13 17:57:29.565 TRACE 81444 --- [    Test worker] o.h.type.descriptor.sql.BasicExtractor   : extracted value ([last_updator_id6_0_] : [BIGINT]) - [6]
2019-06-13 17:57:29.565 TRACE 81444 --- [    Test worker] o.h.type.descriptor.sql.BasicExtractor   : extracted value ([my_parent_id7_0_] : [BIGINT]) - [null]
2019-06-13 17:57:29.565 TRACE 81444 --- [    Test worker] o.h.type.descriptor.sql.BasicExtractor   : extracted value ([name8_0_] : [VARCHAR]) - [해양수산실습원]
2019-06-13 17:57:29.584 TRACE 81444 --- [    Test worker] o.h.type.descriptor.sql.BasicExtractor   : extracted value ([id1_0_] : [BIGINT]) - [791]
2019-06-13 17:57:29.584 TRACE 81444 --- [    Test worker] o.h.type.descriptor.sql.BasicExtractor   : extracted value ([code2_0_] : [VARCHAR]) - [XL138]
2019-06-13 17:57:29.584 TRACE 81444 --- [    Test worker] o.h.type.descriptor.sql.BasicExtractor   : extracted value ([date_created3_0_] : [TIMESTAMP]) - [2019-05-23 15:56:32.0]
2019-06-13 17:57:29.584 TRACE 81444 --- [    Test worker] o.h.type.descriptor.sql.BasicExtractor   : extracted value ([is_active4_0_] : [BIT]) - [true]
2019-06-13 17:57:29.584 TRACE 81444 --- [    Test worker] o.h.type.descriptor.sql.BasicExtractor   : extracted value ([last_updated5_0_] : [TIMESTAMP]) - [2019-05-24 14:12:41.0]
2019-06-13 17:57:29.584 TRACE 81444 --- [    Test worker] o.h.type.descriptor.sql.BasicExtractor   : extracted value ([last_updator_id6_0_] : [BIGINT]) - [6]
2019-06-13 17:57:29.584 TRACE 81444 --- [    Test worker] o.h.type.descriptor.sql.BasicExtractor   : extracted value ([my_parent_id7_0_] : [BIGINT]) - [841]
2019-06-13 17:57:29.585 TRACE 81444 --- [    Test worker] o.h.type.descriptor.sql.BasicExtractor   : extracted value ([name8_0_] : [VARCHAR]) - [학생생활관]
2019-06-13 17:57:29.585 TRACE 81444 --- [    Test worker] o.h.type.descriptor.sql.BasicExtractor   : extracted value ([id1_0_] : [BIGINT]) - [792]
2019-06-13 17:57:29.585 TRACE 81444 --- [    Test worker] o.h.type.descriptor.sql.BasicExtractor   : extracted value ([code2_0_] : [VARCHAR]) - [XL139]
2019-06-13 17:57:29.585 TRACE 81444 --- [    Test worker] o.h.type.descriptor.sql.BasicExtractor   : extracted value ([date_created3_0_] : [TIMESTAMP]) - [2019-05-23 15:56:47.0]
2019-06-13 17:57:29.585 TRACE 81444 --- [    Test worker] o.h.type.descriptor.sql.BasicExtractor   : extracted value ([is_active4_0_] : [BIT]) - [true]
2019-06-13 17:57:29.585 TRACE 81444 --- [    Test worker] o.h.type.descriptor.sql.BasicExtractor   : extracted value ([last_updated5_0_] : [TIMESTAMP]) - [2019-05-24 14:27:11.0]
2019-06-13 17:57:29.585 TRACE 81444 --- [    Test worker] o.h.type.descriptor.sql.BasicExtractor   : extracted value ([last_updator_id6_0_] : [BIGINT]) - [6]
2019-06-13 17:57:29.585 TRACE 81444 --- [    Test worker] o.h.type.descriptor.sql.BasicExtractor   : extracted value ([my_parent_id7_0_] : [BIGINT]) - [null]
2019-06-13 17:57:29.585 TRACE 81444 --- [    Test worker] o.h.type.descriptor.sql.BasicExtractor   : extracted value ([name8_0_] : [VARCHAR]) - [취업지원본부]
2019-06-13 17:57:29.585 TRACE 81444 --- [    Test worker] o.h.type.descriptor.sql.BasicExtractor   : extracted value ([id1_0_] : [BIGINT]) - [793]
2019-06-13 17:57:29.585 TRACE 81444 --- [    Test worker] o.h.type.descriptor.sql.BasicExtractor   : extracted value ([code2_0_] : [VARCHAR]) - [XL140]
2019-06-13 17:57:29.585 TRACE 81444 --- [    Test worker] o.h.type.descriptor.sql.BasicExtractor   : extracted value ([date_created3_0_] : [TIMESTAMP]) - [2019-05-23 15:56:48.0]
2019-06-13 17:57:29.586 TRACE 81444 --- [    Test worker] o.h.type.descriptor.sql.BasicExtractor   : extracted value ([is_active4_0_] : [BIT]) - [true]
2019-06-13 17:57:29.586 TRACE 81444 --- [    Test worker] o.h.type.descriptor.sql.BasicExtractor   : extracted value ([last_updated5_0_] : [TIMESTAMP]) - [2019-05-24 14:12:42.0]
2019-06-13 17:57:29.586 TRACE 81444 --- [    Test worker] o.h.type.descriptor.sql.BasicExtractor   : extracted value ([last_updator_id6_0_] : [BIGINT]) - [6]
2019-06-13 17:57:29.586 TRACE 81444 --- [    Test worker] o.h.type.descriptor.sql.BasicExtractor   : extracted value ([my_parent_id7_0_] : [BIGINT]) - [158]
2019-06-13 17:57:29.586 TRACE 81444 --- [    Test worker] o.h.type.descriptor.sql.BasicExtractor   : extracted value ([name8_0_] : [VARCHAR]) - [새만금캠퍼스본부]
2019-06-13 17:57:29.586 TRACE 81444 --- [    Test worker] o.h.type.descriptor.sql.BasicExtractor   : extracted value ([id1_0_] : [BIGINT]) - [794]
2019-06-13 17:57:29.586 TRACE 81444 --- [    Test worker] o.h.type.descriptor.sql.BasicExtractor   : extracted value ([code2_0_] : [VARCHAR]) - [XL141]
2019-06-13 17:57:29.586 TRACE 81444 --- [    Test worker] o.h.type.descriptor.sql.BasicExtractor   : extracted value ([date_created3_0_] : [TIMESTAMP]) - [2019-05-23 15:56:48.0]
2019-06-13 17:57:29.586 TRACE 81444 --- [    Test worker] o.h.type.descriptor.sql.BasicExtractor   : extracted value ([is_active4_0_] : [BIT]) - [true]
2019-06-13 17:57:29.586 TRACE 81444 --- [    Test worker] o.h.type.descriptor.sql.BasicExtractor   : extracted value ([last_updated5_0_] : [TIMESTAMP]) - [2019-05-24 14:12:42.0]
2019-06-13 17:57:29.586 TRACE 81444 --- [    Test worker] o.h.type.descriptor.sql.BasicExtractor   : extracted value ([last_updator_id6_0_] : [BIGINT]) - [6]
2019-06-13 17:57:29.586 TRACE 81444 --- [    Test worker] o.h.type.descriptor.sql.BasicExtractor   : extracted value ([my_parent_id7_0_] : [BIGINT]) - [745]
2019-06-13 17:57:29.586 TRACE 81444 --- [    Test worker] o.h.type.descriptor.sql.BasicExtractor   : extracted value ([name8_0_] : [VARCHAR]) - [산학협력과]
2019-06-13 17:57:29.586 TRACE 81444 --- [    Test worker] o.h.type.descriptor.sql.BasicExtractor   : extracted value ([id1_0_] : [BIGINT]) - [795]
2019-06-13 17:57:29.586 TRACE 81444 --- [    Test worker] o.h.type.descriptor.sql.BasicExtractor   : extracted value ([code2_0_] : [VARCHAR]) - [XL142]
2019-06-13 17:57:29.586 TRACE 81444 --- [    Test worker] o.h.type.descriptor.sql.BasicExtractor   : extracted value ([date_created3_0_] : [TIMESTAMP]) - [2019-05-23 15:56:49.0]
2019-06-13 17:57:29.586 TRACE 81444 --- [    Test worker] o.h.type.descriptor.sql.BasicExtractor   : extracted value ([is_active4_0_] : [BIT]) - [true]
2019-06-13 17:57:29.586 TRACE 81444 --- [    Test worker] o.h.type.descriptor.sql.BasicExtractor   : extracted value ([last_updated5_0_] : [TIMESTAMP]) - [2019-05-24 14:27:12.0]
2019-06-13 17:57:29.586 TRACE 81444 --- [    Test worker] o.h.type.descriptor.sql.BasicExtractor   : extracted value ([last_updator_id6_0_] : [BIGINT]) - [6]
2019-06-13 17:57:29.586 TRACE 81444 --- [    Test worker] o.h.type.descriptor.sql.BasicExtractor   : extracted value ([my_parent_id7_0_] : [BIGINT]) - [null]
2019-06-13 17:57:29.586 TRACE 81444 --- [    Test worker] o.h.type.descriptor.sql.BasicExtractor   : extracted value ([name8_0_] : [VARCHAR]) - [취업ㆍ상담지원본부]
2019-06-13 17:57:29.586 TRACE 81444 --- [    Test worker] o.h.type.descriptor.sql.BasicExtractor   : extracted value ([id1_0_] : [BIGINT]) - [796]
2019-06-13 17:57:29.587 TRACE 81444 --- [    Test worker] o.h.type.descriptor.sql.BasicExtractor   : extracted value ([code2_0_] : [VARCHAR]) - [XL143]
2019-06-13 17:57:29.587 TRACE 81444 --- [    Test worker] o.h.type.descriptor.sql.BasicExtractor   : extracted value ([date_created3_0_] : [TIMESTAMP]) - [2019-05-23 15:56:49.0]
2019-06-13 17:57:29.587 TRACE 81444 --- [    Test worker] o.h.type.descriptor.sql.BasicExtractor   : extracted value ([is_active4_0_] : [BIT]) - [true]
2019-06-13 17:57:29.587 TRACE 81444 --- [    Test worker] o.h.type.descriptor.sql.BasicExtractor   : extracted value ([last_updated5_0_] : [TIMESTAMP]) - [2019-05-24 14:12:43.0]
2019-06-13 17:57:29.587 TRACE 81444 --- [    Test worker] o.h.type.descriptor.sql.BasicExtractor   : extracted value ([last_updator_id6_0_] : [BIGINT]) - [6]
2019-06-13 17:57:29.587 TRACE 81444 --- [    Test worker] o.h.type.descriptor.sql.BasicExtractor   : extracted value ([my_parent_id7_0_] : [BIGINT]) - [837]
2019-06-13 17:57:29.587 TRACE 81444 --- [    Test worker] o.h.type.descriptor.sql.BasicExtractor   : extracted value ([name8_0_] : [VARCHAR]) - [창업교육센터]
2019-06-13 17:57:29.587 TRACE 81444 --- [    Test worker] o.h.type.descriptor.sql.BasicExtractor   : extracted value ([id1_0_] : [BIGINT]) - [797]
2019-06-13 17:57:29.587 TRACE 81444 --- [    Test worker] o.h.type.descriptor.sql.BasicExtractor   : extracted value ([code2_0_] : [VARCHAR]) - [XL144]
2019-06-13 17:57:29.587 TRACE 81444 --- [    Test worker] o.h.type.descriptor.sql.BasicExtractor   : extracted value ([date_created3_0_] : [TIMESTAMP]) - [2019-05-23 15:56:49.0]
2019-06-13 17:57:29.587 TRACE 81444 --- [    Test worker] o.h.type.descriptor.sql.BasicExtractor   : extracted value ([is_active4_0_] : [BIT]) - [true]
2019-06-13 17:57:29.587 TRACE 81444 --- [    Test worker] o.h.type.descriptor.sql.BasicExtractor   : extracted value ([last_updated5_0_] : [TIMESTAMP]) - [2019-05-24 14:27:12.0]
2019-06-13 17:57:29.587 TRACE 81444 --- [    Test worker] o.h.type.descriptor.sql.BasicExtractor   : extracted value ([last_updator_id6_0_] : [BIGINT]) - [6]
2019-06-13 17:57:29.588 TRACE 81444 --- [    Test worker] o.h.type.descriptor.sql.BasicExtractor   : extracted value ([my_parent_id7_0_] : [BIGINT]) - [null]
2019-06-13 17:57:29.588 TRACE 81444 --- [    Test worker] o.h.type.descriptor.sql.BasicExtractor   : extracted value ([name8_0_] : [VARCHAR]) - [교육혁신본부]
2019-06-13 17:57:29.588 TRACE 81444 --- [    Test worker] o.h.type.descriptor.sql.BasicExtractor   : extracted value ([id1_0_] : [BIGINT]) - [798]
2019-06-13 17:57:29.588 TRACE 81444 --- [    Test worker] o.h.type.descriptor.sql.BasicExtractor   : extracted value ([code2_0_] : [VARCHAR]) - [XL145]
2019-06-13 17:57:29.588 TRACE 81444 --- [    Test worker] o.h.type.descriptor.sql.BasicExtractor   : extracted value ([date_created3_0_] : [TIMESTAMP]) - [2019-05-23 15:56:50.0]
2019-06-13 17:57:29.588 TRACE 81444 --- [    Test worker] o.h.type.descriptor.sql.BasicExtractor   : extracted value ([is_active4_0_] : [BIT]) - [true]
2019-06-13 17:57:29.588 TRACE 81444 --- [    Test worker] o.h.type.descriptor.sql.BasicExtractor   : extracted value ([last_updated5_0_] : [TIMESTAMP]) - [2019-05-24 14:27:13.0]
2019-06-13 17:57:29.588 TRACE 81444 --- [    Test worker] o.h.type.descriptor.sql.BasicExtractor   : extracted value ([last_updator_id6_0_] : [BIGINT]) - [6]
2019-06-13 17:57:29.588 TRACE 81444 --- [    Test worker] o.h.type.descriptor.sql.BasicExtractor   : extracted value ([my_parent_id7_0_] : [BIGINT]) - [null]
2019-06-13 17:57:29.588 TRACE 81444 --- [    Test worker] o.h.type.descriptor.sql.BasicExtractor   : extracted value ([name8_0_] : [VARCHAR]) - [전북새만금산학융합본부]
2019-06-13 17:57:29.588 TRACE 81444 --- [    Test worker] o.h.type.descriptor.sql.BasicExtractor   : extracted value ([id1_0_] : [BIGINT]) - [799]
2019-06-13 17:57:29.589 TRACE 81444 --- [    Test worker] o.h.type.descriptor.sql.BasicExtractor   : extracted value ([code2_0_] : [VARCHAR]) - [XL146]
2019-06-13 17:57:29.589 TRACE 81444 --- [    Test worker] o.h.type.descriptor.sql.BasicExtractor   : extracted value ([date_created3_0_] : [TIMESTAMP]) - [2019-05-23 15:56:50.0]
2019-06-13 17:57:29.589 TRACE 81444 --- [    Test worker] o.h.type.descriptor.sql.BasicExtractor   : extracted value ([is_active4_0_] : [BIT]) - [true]
2019-06-13 17:57:29.589 TRACE 81444 --- [    Test worker] o.h.type.descriptor.sql.BasicExtractor   : extracted value ([last_updated5_0_] : [TIMESTAMP]) - [2019-05-24 14:12:44.0]
2019-06-13 17:57:29.589 TRACE 81444 --- [    Test worker] o.h.type.descriptor.sql.BasicExtractor   : extracted value ([last_updator_id6_0_] : [BIGINT]) - [6]
2019-06-13 17:57:29.589 TRACE 81444 --- [    Test worker] o.h.type.descriptor.sql.BasicExtractor   : extracted value ([my_parent_id7_0_] : [BIGINT]) - [841]
2019-06-13 17:57:29.589 TRACE 81444 --- [    Test worker] o.h.type.descriptor.sql.BasicExtractor   : extracted value ([name8_0_] : [VARCHAR]) - [교양교육원]
2019-06-13 17:57:29.589 TRACE 81444 --- [    Test worker] o.h.type.descriptor.sql.BasicExtractor   : extracted value ([id1_0_] : [BIGINT]) - [800]
2019-06-13 17:57:29.589 TRACE 81444 --- [    Test worker] o.h.type.descriptor.sql.BasicExtractor   : extracted value ([code2_0_] : [VARCHAR]) - [XL147]
2019-06-13 17:57:29.589 TRACE 81444 --- [    Test worker] o.h.type.descriptor.sql.BasicExtractor   : extracted value ([date_created3_0_] : [TIMESTAMP]) - [2019-05-23 15:56:50.0]
2019-06-13 17:57:29.589 TRACE 81444 --- [    Test worker] o.h.type.descriptor.sql.BasicExtractor   : extracted value ([is_active4_0_] : [BIT]) - [true]
2019-06-13 17:57:29.589 TRACE 81444 --- [    Test worker] o.h.type.descriptor.sql.BasicExtractor   : extracted value ([last_updated5_0_] : [TIMESTAMP]) - [2019-05-24 14:27:13.0]
2019-06-13 17:57:29.589 TRACE 81444 --- [    Test worker] o.h.type.descriptor.sql.BasicExtractor   : extracted value ([last_updator_id6_0_] : [BIGINT]) - [6]
2019-06-13 17:57:29.589 TRACE 81444 --- [    Test worker] o.h.type.descriptor.sql.BasicExtractor   : extracted value ([my_parent_id7_0_] : [BIGINT]) - [null]
2019-06-13 17:57:29.590 TRACE 81444 --- [    Test worker] o.h.type.descriptor.sql.BasicExtractor   : extracted value ([name8_0_] : [VARCHAR]) - [취업지원센터]
2019-06-13 17:57:29.608 TRACE 81444 --- [    Test worker] o.h.type.descriptor.sql.BasicExtractor   : extracted value ([id1_0_] : [BIGINT]) - [801]
2019-06-13 17:57:29.609 TRACE 81444 --- [    Test worker] o.h.type.descriptor.sql.BasicExtractor   : extracted value ([code2_0_] : [VARCHAR]) - [XL148]
2019-06-13 17:57:29.609 TRACE 81444 --- [    Test worker] o.h.type.descriptor.sql.BasicExtractor   : extracted value ([date_created3_0_] : [TIMESTAMP]) - [2019-05-23 15:56:51.0]
2019-06-13 17:57:29.609 TRACE 81444 --- [    Test worker] o.h.type.descriptor.sql.BasicExtractor   : extracted value ([is_active4_0_] : [BIT]) - [true]
2019-06-13 17:57:29.609 TRACE 81444 --- [    Test worker] o.h.type.descriptor.sql.BasicExtractor   : extracted value ([last_updated5_0_] : [TIMESTAMP]) - [2019-05-24 14:12:45.0]
2019-06-13 17:57:29.609 TRACE 81444 --- [    Test worker] o.h.type.descriptor.sql.BasicExtractor   : extracted value ([last_updator_id6_0_] : [BIGINT]) - [6]
2019-06-13 17:57:29.609 TRACE 81444 --- [    Test worker] o.h.type.descriptor.sql.BasicExtractor   : extracted value ([my_parent_id7_0_] : [BIGINT]) - [841]
2019-06-13 17:57:29.609 TRACE 81444 --- [    Test worker] o.h.type.descriptor.sql.BasicExtractor   : extracted value ([name8_0_] : [VARCHAR]) - [취업지원인재개발원]
2019-06-13 17:57:29.610 TRACE 81444 --- [    Test worker] o.h.type.descriptor.sql.BasicExtractor   : extracted value ([id1_0_] : [BIGINT]) - [802]
2019-06-13 17:57:29.610 TRACE 81444 --- [    Test worker] o.h.type.descriptor.sql.BasicExtractor   : extracted value ([code2_0_] : [VARCHAR]) - [XL149]
2019-06-13 17:57:29.610 TRACE 81444 --- [    Test worker] o.h.type.descriptor.sql.BasicExtractor   : extracted value ([date_created3_0_] : [TIMESTAMP]) - [2019-05-23 15:56:51.0]
2019-06-13 17:57:29.610 TRACE 81444 --- [    Test worker] o.h.type.descriptor.sql.BasicExtractor   : extracted value ([is_active4_0_] : [BIT]) - [true]
2019-06-13 17:57:29.610 TRACE 81444 --- [    Test worker] o.h.type.descriptor.sql.BasicExtractor   : extracted value ([last_updated5_0_] : [TIMESTAMP]) - [2019-05-24 14:12:45.0]
2019-06-13 17:57:29.610 TRACE 81444 --- [    Test worker] o.h.type.descriptor.sql.BasicExtractor   : extracted value ([last_updator_id6_0_] : [BIGINT]) - [6]
2019-06-13 17:57:29.610 TRACE 81444 --- [    Test worker] o.h.type.descriptor.sql.BasicExtractor   : extracted value ([my_parent_id7_0_] : [BIGINT]) - [849]
2019-06-13 17:57:29.610 TRACE 81444 --- [    Test worker] o.h.type.descriptor.sql.BasicExtractor   : extracted value ([name8_0_] : [VARCHAR]) - [교수평의회]
2019-06-13 17:57:29.610 TRACE 81444 --- [    Test worker] o.h.type.descriptor.sql.BasicExtractor   : extracted value ([id1_0_] : [BIGINT]) - [803]
2019-06-13 17:57:29.610 TRACE 81444 --- [    Test worker] o.h.type.descriptor.sql.BasicExtractor   : extracted value ([code2_0_] : [VARCHAR]) - [XL150]
2019-06-13 17:57:29.611 TRACE 81444 --- [    Test worker] o.h.type.descriptor.sql.BasicExtractor   : extracted value ([date_created3_0_] : [TIMESTAMP]) - [2019-05-23 15:56:51.0]
2019-06-13 17:57:29.611 TRACE 81444 --- [    Test worker] o.h.type.descriptor.sql.BasicExtractor   : extracted value ([is_active4_0_] : [BIT]) - [true]
2019-06-13 17:57:29.611 TRACE 81444 --- [    Test worker] o.h.type.descriptor.sql.BasicExtractor   : extracted value ([last_updated5_0_] : [TIMESTAMP]) - [2019-05-24 14:27:14.0]
2019-06-13 17:57:29.611 TRACE 81444 --- [    Test worker] o.h.type.descriptor.sql.BasicExtractor   : extracted value ([last_updator_id6_0_] : [BIGINT]) - [6]
2019-06-13 17:57:29.611 TRACE 81444 --- [    Test worker] o.h.type.descriptor.sql.BasicExtractor   : extracted value ([my_parent_id7_0_] : [BIGINT]) - [null]
2019-06-13 17:57:29.611 TRACE 81444 --- [    Test worker] o.h.type.descriptor.sql.BasicExtractor   : extracted value ([name8_0_] : [VARCHAR]) - [프라임사업단]
2019-06-13 17:57:29.611 TRACE 81444 --- [    Test worker] o.h.type.descriptor.sql.BasicExtractor   : extracted value ([id1_0_] : [BIGINT]) - [804]
2019-06-13 17:57:29.611 TRACE 81444 --- [    Test worker] o.h.type.descriptor.sql.BasicExtractor   : extracted value ([code2_0_] : [VARCHAR]) - [XL151]
2019-06-13 17:57:29.611 TRACE 81444 --- [    Test worker] o.h.type.descriptor.sql.BasicExtractor   : extracted value ([date_created3_0_] : [TIMESTAMP]) - [2019-05-23 15:56:52.0]
2019-06-13 17:57:29.612 TRACE 81444 --- [    Test worker] o.h.type.descriptor.sql.BasicExtractor   : extracted value ([is_active4_0_] : [BIT]) - [true]
2019-06-13 17:57:29.612 TRACE 81444 --- [    Test worker] o.h.type.descriptor.sql.BasicExtractor   : extracted value ([last_updated5_0_] : [TIMESTAMP]) - [2019-05-24 14:12:46.0]
2019-06-13 17:57:29.612 TRACE 81444 --- [    Test worker] o.h.type.descriptor.sql.BasicExtractor   : extracted value ([last_updator_id6_0_] : [BIGINT]) - [6]
2019-06-13 17:57:29.612 TRACE 81444 --- [    Test worker] o.h.type.descriptor.sql.BasicExtractor   : extracted value ([my_parent_id7_0_] : [BIGINT]) - [745]
2019-06-13 17:57:29.612 TRACE 81444 --- [    Test worker] o.h.type.descriptor.sql.BasicExtractor   : extracted value ([name8_0_] : [VARCHAR]) - [군산시다문화가족지원센터]
2019-06-13 17:57:29.612 TRACE 81444 --- [    Test worker] o.h.type.descriptor.sql.BasicExtractor   : extracted value ([id1_0_] : [BIGINT]) - [805]
2019-06-13 17:57:29.612 TRACE 81444 --- [    Test worker] o.h.type.descriptor.sql.BasicExtractor   : extracted value ([code2_0_] : [VARCHAR]) - [XL152]
2019-06-13 17:57:29.612 TRACE 81444 --- [    Test worker] o.h.type.descriptor.sql.BasicExtractor   : extracted value ([date_created3_0_] : [TIMESTAMP]) - [2019-05-23 15:56:52.0]
2019-06-13 17:57:29.612 TRACE 81444 --- [    Test worker] o.h.type.descriptor.sql.BasicExtractor   : extracted value ([is_active4_0_] : [BIT]) - [true]
2019-06-13 17:57:29.612 TRACE 81444 --- [    Test worker] o.h.type.descriptor.sql.BasicExtractor   : extracted value ([last_updated5_0_] : [TIMESTAMP]) - [2019-05-24 14:12:46.0]
2019-06-13 17:57:29.613 TRACE 81444 --- [    Test worker] o.h.type.descriptor.sql.BasicExtractor   : extracted value ([last_updator_id6_0_] : [BIGINT]) - [6]
2019-06-13 17:57:29.613 TRACE 81444 --- [    Test worker] o.h.type.descriptor.sql.BasicExtractor   : extracted value ([my_parent_id7_0_] : [BIGINT]) - [745]
2019-06-13 17:57:29.613 TRACE 81444 --- [    Test worker] o.h.type.descriptor.sql.BasicExtractor   : extracted value ([name8_0_] : [VARCHAR]) - [군산시건강가정지원센터]
2019-06-13 17:57:29.613 TRACE 81444 --- [    Test worker] o.h.type.descriptor.sql.BasicExtractor   : extracted value ([id1_0_] : [BIGINT]) - [806]
2019-06-13 17:57:29.613 TRACE 81444 --- [    Test worker] o.h.type.descriptor.sql.BasicExtractor   : extracted value ([code2_0_] : [VARCHAR]) - [XL160]
2019-06-13 17:57:29.613 TRACE 81444 --- [    Test worker] o.h.type.descriptor.sql.BasicExtractor   : extracted value ([date_created3_0_] : [TIMESTAMP]) - [2019-05-23 15:56:52.0]
2019-06-13 17:57:29.613 TRACE 81444 --- [    Test worker] o.h.type.descriptor.sql.BasicExtractor   : extracted value ([is_active4_0_] : [BIT]) - [true]
2019-06-13 17:57:29.613 TRACE 81444 --- [    Test worker] o.h.type.descriptor.sql.BasicExtractor   : extracted value ([last_updated5_0_] : [TIMESTAMP]) - [2019-05-24 14:12:47.0]
2019-06-13 17:57:29.613 TRACE 81444 --- [    Test worker] o.h.type.descriptor.sql.BasicExtractor   : extracted value ([last_updator_id6_0_] : [BIGINT]) - [6]
2019-06-13 17:57:29.614 TRACE 81444 --- [    Test worker] o.h.type.descriptor.sql.BasicExtractor   : extracted value ([my_parent_id7_0_] : [BIGINT]) - [158]
2019-06-13 17:57:29.614 TRACE 81444 --- [    Test worker] o.h.type.descriptor.sql.BasicExtractor   : extracted value ([name8_0_] : [VARCHAR]) - [대학발전지원재단]
2019-06-13 17:57:29.614 TRACE 81444 --- [    Test worker] o.h.type.descriptor.sql.BasicExtractor   : extracted value ([id1_0_] : [BIGINT]) - [807]
2019-06-13 17:57:29.614 TRACE 81444 --- [    Test worker] o.h.type.descriptor.sql.BasicExtractor   : extracted value ([code2_0_] : [VARCHAR]) - [XL161]
2019-06-13 17:57:29.614 TRACE 81444 --- [    Test worker] o.h.type.descriptor.sql.BasicExtractor   : extracted value ([date_created3_0_] : [TIMESTAMP]) - [2019-05-23 15:56:53.0]
2019-06-13 17:57:29.614 TRACE 81444 --- [    Test worker] o.h.type.descriptor.sql.BasicExtractor   : extracted value ([is_active4_0_] : [BIT]) - [true]
2019-06-13 17:57:29.614 TRACE 81444 --- [    Test worker] o.h.type.descriptor.sql.BasicExtractor   : extracted value ([last_updated5_0_] : [TIMESTAMP]) - [2019-05-24 14:12:47.0]
2019-06-13 17:57:29.614 TRACE 81444 --- [    Test worker] o.h.type.descriptor.sql.BasicExtractor   : extracted value ([last_updator_id6_0_] : [BIGINT]) - [6]
2019-06-13 17:57:29.614 TRACE 81444 --- [    Test worker] o.h.type.descriptor.sql.BasicExtractor   : extracted value ([my_parent_id7_0_] : [BIGINT]) - [745]
2019-06-13 17:57:29.614 TRACE 81444 --- [    Test worker] o.h.type.descriptor.sql.BasicExtractor   : extracted value ([name8_0_] : [VARCHAR]) - [WISET전북지역사업단]
2019-06-13 17:57:29.615 TRACE 81444 --- [    Test worker] o.h.type.descriptor.sql.BasicExtractor   : extracted value ([id1_0_] : [BIGINT]) - [808]
2019-06-13 17:57:29.615 TRACE 81444 --- [    Test worker] o.h.type.descriptor.sql.BasicExtractor   : extracted value ([code2_0_] : [VARCHAR]) - [XL162]
2019-06-13 17:57:29.615 TRACE 81444 --- [    Test worker] o.h.type.descriptor.sql.BasicExtractor   : extracted value ([date_created3_0_] : [TIMESTAMP]) - [2019-05-23 15:56:53.0]
2019-06-13 17:57:29.615 TRACE 81444 --- [    Test worker] o.h.type.descriptor.sql.BasicExtractor   : extracted value ([is_active4_0_] : [BIT]) - [true]
2019-06-13 17:57:29.615 TRACE 81444 --- [    Test worker] o.h.type.descriptor.sql.BasicExtractor   : extracted value ([last_updated5_0_] : [TIMESTAMP]) - [2019-05-24 14:12:47.0]
2019-06-13 17:57:29.615 TRACE 81444 --- [    Test worker] o.h.type.descriptor.sql.BasicExtractor   : extracted value ([last_updator_id6_0_] : [BIGINT]) - [6]
2019-06-13 17:57:29.615 TRACE 81444 --- [    Test worker] o.h.type.descriptor.sql.BasicExtractor   : extracted value ([my_parent_id7_0_] : [BIGINT]) - [745]
2019-06-13 17:57:29.615 TRACE 81444 --- [    Test worker] o.h.type.descriptor.sql.BasicExtractor   : extracted value ([name8_0_] : [VARCHAR]) - [수송기계부품설계인력양성사업단]
2019-06-13 17:57:29.615 TRACE 81444 --- [    Test worker] o.h.type.descriptor.sql.BasicExtractor   : extracted value ([id1_0_] : [BIGINT]) - [809]
2019-06-13 17:57:29.616 TRACE 81444 --- [    Test worker] o.h.type.descriptor.sql.BasicExtractor   : extracted value ([code2_0_] : [VARCHAR]) - [XL163]
2019-06-13 17:57:29.616 TRACE 81444 --- [    Test worker] o.h.type.descriptor.sql.BasicExtractor   : extracted value ([date_created3_0_] : [TIMESTAMP]) - [2019-05-23 15:56:53.0]
2019-06-13 17:57:29.616 TRACE 81444 --- [    Test worker] o.h.type.descriptor.sql.BasicExtractor   : extracted value ([is_active4_0_] : [BIT]) - [true]
2019-06-13 17:57:29.616 TRACE 81444 --- [    Test worker] o.h.type.descriptor.sql.BasicExtractor   : extracted value ([last_updated5_0_] : [TIMESTAMP]) - [2019-05-24 14:12:48.0]
2019-06-13 17:57:29.616 TRACE 81444 --- [    Test worker] o.h.type.descriptor.sql.BasicExtractor   : extracted value ([last_updator_id6_0_] : [BIGINT]) - [6]
2019-06-13 17:57:29.616 TRACE 81444 --- [    Test worker] o.h.type.descriptor.sql.BasicExtractor   : extracted value ([my_parent_id7_0_] : [BIGINT]) - [745]
2019-06-13 17:57:29.616 TRACE 81444 --- [    Test worker] o.h.type.descriptor.sql.BasicExtractor   : extracted value ([name8_0_] : [VARCHAR]) - [친환경분석연구센터]
2019-06-13 17:57:29.616 TRACE 81444 --- [    Test worker] o.h.type.descriptor.sql.BasicExtractor   : extracted value ([id1_0_] : [BIGINT]) - [810]
2019-06-13 17:57:29.616 TRACE 81444 --- [    Test worker] o.h.type.descriptor.sql.BasicExtractor   : extracted value ([code2_0_] : [VARCHAR]) - [XL164]
2019-06-13 17:57:29.616 TRACE 81444 --- [    Test worker] o.h.type.descriptor.sql.BasicExtractor   : extracted value ([date_created3_0_] : [TIMESTAMP]) - [2019-05-23 15:56:54.0]
2019-06-13 17:57:29.616 TRACE 81444 --- [    Test worker] o.h.type.descriptor.sql.BasicExtractor   : extracted value ([is_active4_0_] : [BIT]) - [true]
2019-06-13 17:57:29.617 TRACE 81444 --- [    Test worker] o.h.type.descriptor.sql.BasicExtractor   : extracted value ([last_updated5_0_] : [TIMESTAMP]) - [2019-05-24 14:12:48.0]
2019-06-13 17:57:29.617 TRACE 81444 --- [    Test worker] o.h.type.descriptor.sql.BasicExtractor   : extracted value ([last_updator_id6_0_] : [BIGINT]) - [6]
2019-06-13 17:57:29.617 TRACE 81444 --- [    Test worker] o.h.type.descriptor.sql.BasicExtractor   : extracted value ([my_parent_id7_0_] : [BIGINT]) - [745]
2019-06-13 17:57:29.617 TRACE 81444 --- [    Test worker] o.h.type.descriptor.sql.BasicExtractor   : extracted value ([name8_0_] : [VARCHAR]) - [조선해양전문인력양성사업단]
2019-06-13 17:57:29.634 TRACE 81444 --- [    Test worker] o.h.type.descriptor.sql.BasicExtractor   : extracted value ([id1_0_] : [BIGINT]) - [811]
2019-06-13 17:57:29.634 TRACE 81444 --- [    Test worker] o.h.type.descriptor.sql.BasicExtractor   : extracted value ([code2_0_] : [VARCHAR]) - [XL167]
2019-06-13 17:57:29.635 TRACE 81444 --- [    Test worker] o.h.type.descriptor.sql.BasicExtractor   : extracted value ([date_created3_0_] : [TIMESTAMP]) - [2019-05-23 15:56:54.0]
2019-06-13 17:57:29.635 TRACE 81444 --- [    Test worker] o.h.type.descriptor.sql.BasicExtractor   : extracted value ([is_active4_0_] : [BIT]) - [true]
2019-06-13 17:57:29.635 TRACE 81444 --- [    Test worker] o.h.type.descriptor.sql.BasicExtractor   : extracted value ([last_updated5_0_] : [TIMESTAMP]) - [2019-05-24 14:12:48.0]
2019-06-13 17:57:29.635 TRACE 81444 --- [    Test worker] o.h.type.descriptor.sql.BasicExtractor   : extracted value ([last_updator_id6_0_] : [BIGINT]) - [6]
2019-06-13 17:57:29.635 TRACE 81444 --- [    Test worker] o.h.type.descriptor.sql.BasicExtractor   : extracted value ([my_parent_id7_0_] : [BIGINT]) - [745]
2019-06-13 17:57:29.635 TRACE 81444 --- [    Test worker] o.h.type.descriptor.sql.BasicExtractor   : extracted value ([name8_0_] : [VARCHAR]) - [군산시어린이급식관리지원센터]
2019-06-13 17:57:29.635 TRACE 81444 --- [    Test worker] o.h.type.descriptor.sql.BasicExtractor   : extracted value ([id1_0_] : [BIGINT]) - [812]
2019-06-13 17:57:29.635 TRACE 81444 --- [    Test worker] o.h.type.descriptor.sql.BasicExtractor   : extracted value ([code2_0_] : [VARCHAR]) - [XL168]
2019-06-13 17:57:29.635 TRACE 81444 --- [    Test worker] o.h.type.descriptor.sql.BasicExtractor   : extracted value ([date_created3_0_] : [TIMESTAMP]) - [2019-05-23 15:56:54.0]
2019-06-13 17:57:29.635 TRACE 81444 --- [    Test worker] o.h.type.descriptor.sql.BasicExtractor   : extracted value ([is_active4_0_] : [BIT]) - [true]
2019-06-13 17:57:29.635 TRACE 81444 --- [    Test worker] o.h.type.descriptor.sql.BasicExtractor   : extracted value ([last_updated5_0_] : [TIMESTAMP]) - [2019-05-24 14:12:49.0]
2019-06-13 17:57:29.635 TRACE 81444 --- [    Test worker] o.h.type.descriptor.sql.BasicExtractor   : extracted value ([last_updator_id6_0_] : [BIGINT]) - [6]
2019-06-13 17:57:29.635 TRACE 81444 --- [    Test worker] o.h.type.descriptor.sql.BasicExtractor   : extracted value ([my_parent_id7_0_] : [BIGINT]) - [745]
2019-06-13 17:57:29.635 TRACE 81444 --- [    Test worker] o.h.type.descriptor.sql.BasicExtractor   : extracted value ([name8_0_] : [VARCHAR]) - [산학협력선도대학육성사업단]
2019-06-13 17:57:29.635 TRACE 81444 --- [    Test worker] o.h.type.descriptor.sql.BasicExtractor   : extracted value ([id1_0_] : [BIGINT]) - [813]
2019-06-13 17:57:29.636 TRACE 81444 --- [    Test worker] o.h.type.descriptor.sql.BasicExtractor   : extracted value ([code2_0_] : [VARCHAR]) - [XL169]
2019-06-13 17:57:29.636 TRACE 81444 --- [    Test worker] o.h.type.descriptor.sql.BasicExtractor   : extracted value ([date_created3_0_] : [TIMESTAMP]) - [2019-05-23 15:56:55.0]
2019-06-13 17:57:29.636 TRACE 81444 --- [    Test worker] o.h.type.descriptor.sql.BasicExtractor   : extracted value ([is_active4_0_] : [BIT]) - [true]
2019-06-13 17:57:29.636 TRACE 81444 --- [    Test worker] o.h.type.descriptor.sql.BasicExtractor   : extracted value ([last_updated5_0_] : [TIMESTAMP]) - [2019-05-24 14:12:49.0]
2019-06-13 17:57:29.636 TRACE 81444 --- [    Test worker] o.h.type.descriptor.sql.BasicExtractor   : extracted value ([last_updator_id6_0_] : [BIGINT]) - [6]
2019-06-13 17:57:29.636 TRACE 81444 --- [    Test worker] o.h.type.descriptor.sql.BasicExtractor   : extracted value ([my_parent_id7_0_] : [BIGINT]) - [745]
2019-06-13 17:57:29.636 TRACE 81444 --- [    Test worker] o.h.type.descriptor.sql.BasicExtractor   : extracted value ([name8_0_] : [VARCHAR]) - [취업연계특성화사업단]
2019-06-13 17:57:29.636 TRACE 81444 --- [    Test worker] o.h.type.descriptor.sql.BasicExtractor   : extracted value ([id1_0_] : [BIGINT]) - [814]
2019-06-13 17:57:29.636 TRACE 81444 --- [    Test worker] o.h.type.descriptor.sql.BasicExtractor   : extracted value ([code2_0_] : [VARCHAR]) - [XL170]
2019-06-13 17:57:29.636 TRACE 81444 --- [    Test worker] o.h.type.descriptor.sql.BasicExtractor   : extracted value ([date_created3_0_] : [TIMESTAMP]) - [2019-05-23 15:56:55.0]
2019-06-13 17:57:29.636 TRACE 81444 --- [    Test worker] o.h.type.descriptor.sql.BasicExtractor   : extracted value ([is_active4_0_] : [BIT]) - [true]
2019-06-13 17:57:29.636 TRACE 81444 --- [    Test worker] o.h.type.descriptor.sql.BasicExtractor   : extracted value ([last_updated5_0_] : [TIMESTAMP]) - [2019-05-24 14:12:49.0]
2019-06-13 17:57:29.637 TRACE 81444 --- [    Test worker] o.h.type.descriptor.sql.BasicExtractor   : extracted value ([last_updator_id6_0_] : [BIGINT]) - [6]
2019-06-13 17:57:29.637 TRACE 81444 --- [    Test worker] o.h.type.descriptor.sql.BasicExtractor   : extracted value ([my_parent_id7_0_] : [BIGINT]) - [745]
2019-06-13 17:57:29.637 TRACE 81444 --- [    Test worker] o.h.type.descriptor.sql.BasicExtractor   : extracted value ([name8_0_] : [VARCHAR]) - [BK21플러스글로컬지반환경공학연구팀]
2019-06-13 17:57:29.637 TRACE 81444 --- [    Test worker] o.h.type.descriptor.sql.BasicExtractor   : extracted value ([id1_0_] : [BIGINT]) - [815]
2019-06-13 17:57:29.637 TRACE 81444 --- [    Test worker] o.h.type.descriptor.sql.BasicExtractor   : extracted value ([code2_0_] : [VARCHAR]) - [XL171]
2019-06-13 17:57:29.637 TRACE 81444 --- [    Test worker] o.h.type.descriptor.sql.BasicExtractor   : extracted value ([date_created3_0_] : [TIMESTAMP]) - [2019-05-23 15:56:55.0]
2019-06-13 17:57:29.637 TRACE 81444 --- [    Test worker] o.h.type.descriptor.sql.BasicExtractor   : extracted value ([is_active4_0_] : [BIT]) - [true]
2019-06-13 17:57:29.637 TRACE 81444 --- [    Test worker] o.h.type.descriptor.sql.BasicExtractor   : extracted value ([last_updated5_0_] : [TIMESTAMP]) - [2019-05-24 14:12:50.0]
2019-06-13 17:57:29.637 TRACE 81444 --- [    Test worker] o.h.type.descriptor.sql.BasicExtractor   : extracted value ([last_updator_id6_0_] : [BIGINT]) - [6]
2019-06-13 17:57:29.637 TRACE 81444 --- [    Test worker] o.h.type.descriptor.sql.BasicExtractor   : extracted value ([my_parent_id7_0_] : [BIGINT]) - [745]
2019-06-13 17:57:29.638 TRACE 81444 --- [    Test worker] o.h.type.descriptor.sql.BasicExtractor   : extracted value ([name8_0_] : [VARCHAR]) - [새만금중·일ME육성사업단]
2019-06-13 17:57:29.638 TRACE 81444 --- [    Test worker] o.h.type.descriptor.sql.BasicExtractor   : extracted value ([id1_0_] : [BIGINT]) - [816]
2019-06-13 17:57:29.638 TRACE 81444 --- [    Test worker] o.h.type.descriptor.sql.BasicExtractor   : extracted value ([code2_0_] : [VARCHAR]) - [XL172]
2019-06-13 17:57:29.638 TRACE 81444 --- [    Test worker] o.h.type.descriptor.sql.BasicExtractor   : extracted value ([date_created3_0_] : [TIMESTAMP]) - [2019-05-23 15:56:55.0]
2019-06-13 17:57:29.638 TRACE 81444 --- [    Test worker] o.h.type.descriptor.sql.BasicExtractor   : extracted value ([is_active4_0_] : [BIT]) - [true]
2019-06-13 17:57:29.638 TRACE 81444 --- [    Test worker] o.h.type.descriptor.sql.BasicExtractor   : extracted value ([last_updated5_0_] : [TIMESTAMP]) - [2019-05-24 14:12:50.0]
2019-06-13 17:57:29.638 TRACE 81444 --- [    Test worker] o.h.type.descriptor.sql.BasicExtractor   : extracted value ([last_updator_id6_0_] : [BIGINT]) - [6]
2019-06-13 17:57:29.638 TRACE 81444 --- [    Test worker] o.h.type.descriptor.sql.BasicExtractor   : extracted value ([my_parent_id7_0_] : [BIGINT]) - [745]
2019-06-13 17:57:29.638 TRACE 81444 --- [    Test worker] o.h.type.descriptor.sql.BasicExtractor   : extracted value ([name8_0_] : [VARCHAR]) - [새만금ICT융합인재양성사업단]
2019-06-13 17:57:29.638 TRACE 81444 --- [    Test worker] o.h.type.descriptor.sql.BasicExtractor   : extracted value ([id1_0_] : [BIGINT]) - [817]
2019-06-13 17:57:29.638 TRACE 81444 --- [    Test worker] o.h.type.descriptor.sql.BasicExtractor   : extracted value ([code2_0_] : [VARCHAR]) - [XL173]
2019-06-13 17:57:29.638 TRACE 81444 --- [    Test worker] o.h.type.descriptor.sql.BasicExtractor   : extracted value ([date_created3_0_] : [TIMESTAMP]) - [2019-05-23 15:56:59.0]
2019-06-13 17:57:29.638 TRACE 81444 --- [    Test worker] o.h.type.descriptor.sql.BasicExtractor   : extracted value ([is_active4_0_] : [BIT]) - [true]
2019-06-13 17:57:29.638 TRACE 81444 --- [    Test worker] o.h.type.descriptor.sql.BasicExtractor   : extracted value ([last_updated5_0_] : [TIMESTAMP]) - [2019-05-24 14:27:18.0]
2019-06-13 17:57:29.638 TRACE 81444 --- [    Test worker] o.h.type.descriptor.sql.BasicExtractor   : extracted value ([last_updator_id6_0_] : [BIGINT]) - [6]
2019-06-13 17:57:29.638 TRACE 81444 --- [    Test worker] o.h.type.descriptor.sql.BasicExtractor   : extracted value ([my_parent_id7_0_] : [BIGINT]) - [null]
2019-06-13 17:57:29.638 TRACE 81444 --- [    Test worker] o.h.type.descriptor.sql.BasicExtractor   : extracted value ([name8_0_] : [VARCHAR]) - [해양바이오특성화사업단]
2019-06-13 17:57:29.639 TRACE 81444 --- [    Test worker] o.h.type.descriptor.sql.BasicExtractor   : extracted value ([id1_0_] : [BIGINT]) - [818]
2019-06-13 17:57:29.639 TRACE 81444 --- [    Test worker] o.h.type.descriptor.sql.BasicExtractor   : extracted value ([code2_0_] : [VARCHAR]) - [XL174]
2019-06-13 17:57:29.639 TRACE 81444 --- [    Test worker] o.h.type.descriptor.sql.BasicExtractor   : extracted value ([date_created3_0_] : [TIMESTAMP]) - [2019-05-23 15:56:59.0]
2019-06-13 17:57:29.639 TRACE 81444 --- [    Test worker] o.h.type.descriptor.sql.BasicExtractor   : extracted value ([is_active4_0_] : [BIT]) - [true]
2019-06-13 17:57:29.639 TRACE 81444 --- [    Test worker] o.h.type.descriptor.sql.BasicExtractor   : extracted value ([last_updated5_0_] : [TIMESTAMP]) - [2019-05-24 14:12:51.0]
2019-06-13 17:57:29.639 TRACE 81444 --- [    Test worker] o.h.type.descriptor.sql.BasicExtractor   : extracted value ([last_updator_id6_0_] : [BIGINT]) - [6]
2019-06-13 17:57:29.639 TRACE 81444 --- [    Test worker] o.h.type.descriptor.sql.BasicExtractor   : extracted value ([my_parent_id7_0_] : [BIGINT]) - [745]
2019-06-13 17:57:29.639 TRACE 81444 --- [    Test worker] o.h.type.descriptor.sql.BasicExtractor   : extracted value ([name8_0_] : [VARCHAR]) - [ICT융합조선해양연구원]
2019-06-13 17:57:29.639 TRACE 81444 --- [    Test worker] o.h.type.descriptor.sql.BasicExtractor   : extracted value ([id1_0_] : [BIGINT]) - [819]
2019-06-13 17:57:29.639 TRACE 81444 --- [    Test worker] o.h.type.descriptor.sql.BasicExtractor   : extracted value ([code2_0_] : [VARCHAR]) - [XL175]
2019-06-13 17:57:29.639 TRACE 81444 --- [    Test worker] o.h.type.descriptor.sql.BasicExtractor   : extracted value ([date_created3_0_] : [TIMESTAMP]) - [2019-05-23 15:56:59.0]
2019-06-13 17:57:29.639 TRACE 81444 --- [    Test worker] o.h.type.descriptor.sql.BasicExtractor   : extracted value ([is_active4_0_] : [BIT]) - [true]
2019-06-13 17:57:29.639 TRACE 81444 --- [    Test worker] o.h.type.descriptor.sql.BasicExtractor   : extracted value ([last_updated5_0_] : [TIMESTAMP]) - [2019-05-24 14:12:51.0]
2019-06-13 17:57:29.640 TRACE 81444 --- [    Test worker] o.h.type.descriptor.sql.BasicExtractor   : extracted value ([last_updator_id6_0_] : [BIGINT]) - [6]
2019-06-13 17:57:29.640 TRACE 81444 --- [    Test worker] o.h.type.descriptor.sql.BasicExtractor   : extracted value ([my_parent_id7_0_] : [BIGINT]) - [745]
2019-06-13 17:57:29.640 TRACE 81444 --- [    Test worker] o.h.type.descriptor.sql.BasicExtractor   : extracted value ([name8_0_] : [VARCHAR]) - [차세대건설기계알앤디센터]
2019-06-13 17:57:29.640 TRACE 81444 --- [    Test worker] o.h.type.descriptor.sql.BasicExtractor   : extracted value ([id1_0_] : [BIGINT]) - [820]
2019-06-13 17:57:29.640 TRACE 81444 --- [    Test worker] o.h.type.descriptor.sql.BasicExtractor   : extracted value ([code2_0_] : [VARCHAR]) - [XL176]
2019-06-13 17:57:29.640 TRACE 81444 --- [    Test worker] o.h.type.descriptor.sql.BasicExtractor   : extracted value ([date_created3_0_] : [TIMESTAMP]) - [2019-05-23 15:57:00.0]
2019-06-13 17:57:29.640 TRACE 81444 --- [    Test worker] o.h.type.descriptor.sql.BasicExtractor   : extracted value ([is_active4_0_] : [BIT]) - [true]
2019-06-13 17:57:29.640 TRACE 81444 --- [    Test worker] o.h.type.descriptor.sql.BasicExtractor   : extracted value ([last_updated5_0_] : [TIMESTAMP]) - [2019-05-24 14:12:51.0]
2019-06-13 17:57:29.640 TRACE 81444 --- [    Test worker] o.h.type.descriptor.sql.BasicExtractor   : extracted value ([last_updator_id6_0_] : [BIGINT]) - [6]
2019-06-13 17:57:29.640 TRACE 81444 --- [    Test worker] o.h.type.descriptor.sql.BasicExtractor   : extracted value ([my_parent_id7_0_] : [BIGINT]) - [745]
2019-06-13 17:57:29.640 TRACE 81444 --- [    Test worker] o.h.type.descriptor.sql.BasicExtractor   : extracted value ([name8_0_] : [VARCHAR]) - [한국사회서비스센터]
2019-06-13 17:57:29.658 TRACE 81444 --- [    Test worker] o.h.type.descriptor.sql.BasicExtractor   : extracted value ([id1_0_] : [BIGINT]) - [821]
2019-06-13 17:57:29.658 TRACE 81444 --- [    Test worker] o.h.type.descriptor.sql.BasicExtractor   : extracted value ([code2_0_] : [VARCHAR]) - [XL177]
2019-06-13 17:57:29.659 TRACE 81444 --- [    Test worker] o.h.type.descriptor.sql.BasicExtractor   : extracted value ([date_created3_0_] : [TIMESTAMP]) - [2019-05-23 15:57:00.0]
2019-06-13 17:57:29.659 TRACE 81444 --- [    Test worker] o.h.type.descriptor.sql.BasicExtractor   : extracted value ([is_active4_0_] : [BIT]) - [true]
2019-06-13 17:57:29.659 TRACE 81444 --- [    Test worker] o.h.type.descriptor.sql.BasicExtractor   : extracted value ([last_updated5_0_] : [TIMESTAMP]) - [2019-05-24 14:12:52.0]
2019-06-13 17:57:29.659 TRACE 81444 --- [    Test worker] o.h.type.descriptor.sql.BasicExtractor   : extracted value ([last_updator_id6_0_] : [BIGINT]) - [6]
2019-06-13 17:57:29.659 TRACE 81444 --- [    Test worker] o.h.type.descriptor.sql.BasicExtractor   : extracted value ([my_parent_id7_0_] : [BIGINT]) - [745]
2019-06-13 17:57:29.659 TRACE 81444 --- [    Test worker] o.h.type.descriptor.sql.BasicExtractor   : extracted value ([name8_0_] : [VARCHAR]) - [해양지반연동고급인력양성사업단]
2019-06-13 17:57:29.659 TRACE 81444 --- [    Test worker] o.h.type.descriptor.sql.BasicExtractor   : extracted value ([id1_0_] : [BIGINT]) - [822]
2019-06-13 17:57:29.659 TRACE 81444 --- [    Test worker] o.h.type.descriptor.sql.BasicExtractor   : extracted value ([code2_0_] : [VARCHAR]) - [XL178]
2019-06-13 17:57:29.659 TRACE 81444 --- [    Test worker] o.h.type.descriptor.sql.BasicExtractor   : extracted value ([date_created3_0_] : [TIMESTAMP]) - [2019-05-23 15:57:00.0]
2019-06-13 17:57:29.659 TRACE 81444 --- [    Test worker] o.h.type.descriptor.sql.BasicExtractor   : extracted value ([is_active4_0_] : [BIT]) - [true]
2019-06-13 17:57:29.659 TRACE 81444 --- [    Test worker] o.h.type.descriptor.sql.BasicExtractor   : extracted value ([last_updated5_0_] : [TIMESTAMP]) - [2019-05-24 14:12:52.0]
2019-06-13 17:57:29.659 TRACE 81444 --- [    Test worker] o.h.type.descriptor.sql.BasicExtractor   : extracted value ([last_updator_id6_0_] : [BIGINT]) - [6]
2019-06-13 17:57:29.659 TRACE 81444 --- [    Test worker] o.h.type.descriptor.sql.BasicExtractor   : extracted value ([my_parent_id7_0_] : [BIGINT]) - [745]
2019-06-13 17:57:29.660 TRACE 81444 --- [    Test worker] o.h.type.descriptor.sql.BasicExtractor   : extracted value ([name8_0_] : [VARCHAR]) - [글로벌물류인력양성사업단]
2019-06-13 17:57:29.660 TRACE 81444 --- [    Test worker] o.h.type.descriptor.sql.BasicExtractor   : extracted value ([id1_0_] : [BIGINT]) - [823]
2019-06-13 17:57:29.660 TRACE 81444 --- [    Test worker] o.h.type.descriptor.sql.BasicExtractor   : extracted value ([code2_0_] : [VARCHAR]) - [XL179]
2019-06-13 17:57:29.660 TRACE 81444 --- [    Test worker] o.h.type.descriptor.sql.BasicExtractor   : extracted value ([date_created3_0_] : [TIMESTAMP]) - [2019-05-23 15:57:01.0]
2019-06-13 17:57:29.660 TRACE 81444 --- [    Test worker] o.h.type.descriptor.sql.BasicExtractor   : extracted value ([is_active4_0_] : [BIT]) - [true]
2019-06-13 17:57:29.660 TRACE 81444 --- [    Test worker] o.h.type.descriptor.sql.BasicExtractor   : extracted value ([last_updated5_0_] : [TIMESTAMP]) - [2019-05-24 14:12:52.0]
2019-06-13 17:57:29.660 TRACE 81444 --- [    Test worker] o.h.type.descriptor.sql.BasicExtractor   : extracted value ([last_updator_id6_0_] : [BIGINT]) - [6]
2019-06-13 17:57:29.660 TRACE 81444 --- [    Test worker] o.h.type.descriptor.sql.BasicExtractor   : extracted value ([my_parent_id7_0_] : [BIGINT]) - [745]
2019-06-13 17:57:29.660 TRACE 81444 --- [    Test worker] o.h.type.descriptor.sql.BasicExtractor   : extracted value ([name8_0_] : [VARCHAR]) - [농생명융합기술센터]
2019-06-13 17:57:29.660 TRACE 81444 --- [    Test worker] o.h.type.descriptor.sql.BasicExtractor   : extracted value ([id1_0_] : [BIGINT]) - [824]
2019-06-13 17:57:29.660 TRACE 81444 --- [    Test worker] o.h.type.descriptor.sql.BasicExtractor   : extracted value ([code2_0_] : [VARCHAR]) - [XL180]
2019-06-13 17:57:29.660 TRACE 81444 --- [    Test worker] o.h.type.descriptor.sql.BasicExtractor   : extracted value ([date_created3_0_] : [TIMESTAMP]) - [2019-05-23 15:57:01.0]
2019-06-13 17:57:29.660 TRACE 81444 --- [    Test worker] o.h.type.descriptor.sql.BasicExtractor   : extracted value ([is_active4_0_] : [BIT]) - [true]
2019-06-13 17:57:29.660 TRACE 81444 --- [    Test worker] o.h.type.descriptor.sql.BasicExtractor   : extracted value ([last_updated5_0_] : [TIMESTAMP]) - [2019-05-24 14:13:07.0]
2019-06-13 17:57:29.660 TRACE 81444 --- [    Test worker] o.h.type.descriptor.sql.BasicExtractor   : extracted value ([last_updator_id6_0_] : [BIGINT]) - [6]
2019-06-13 17:57:29.660 TRACE 81444 --- [    Test worker] o.h.type.descriptor.sql.BasicExtractor   : extracted value ([my_parent_id7_0_] : [BIGINT]) - [745]
2019-06-13 17:57:29.660 TRACE 81444 --- [    Test worker] o.h.type.descriptor.sql.BasicExtractor   : extracted value ([name8_0_] : [VARCHAR]) - [새만금창의융합센터]
2019-06-13 17:57:29.661 TRACE 81444 --- [    Test worker] o.h.type.descriptor.sql.BasicExtractor   : extracted value ([id1_0_] : [BIGINT]) - [825]
2019-06-13 17:57:29.661 TRACE 81444 --- [    Test worker] o.h.type.descriptor.sql.BasicExtractor   : extracted value ([code2_0_] : [VARCHAR]) - [XL181]
2019-06-13 17:57:29.661 TRACE 81444 --- [    Test worker] o.h.type.descriptor.sql.BasicExtractor   : extracted value ([date_created3_0_] : [TIMESTAMP]) - [2019-05-23 15:57:02.0]
2019-06-13 17:57:29.661 TRACE 81444 --- [    Test worker] o.h.type.descriptor.sql.BasicExtractor   : extracted value ([is_active4_0_] : [BIT]) - [true]
2019-06-13 17:57:29.661 TRACE 81444 --- [    Test worker] o.h.type.descriptor.sql.BasicExtractor   : extracted value ([last_updated5_0_] : [TIMESTAMP]) - [2019-05-24 14:13:07.0]
2019-06-13 17:57:29.661 TRACE 81444 --- [    Test worker] o.h.type.descriptor.sql.BasicExtractor   : extracted value ([last_updator_id6_0_] : [BIGINT]) - [6]
2019-06-13 17:57:29.661 TRACE 81444 --- [    Test worker] o.h.type.descriptor.sql.BasicExtractor   : extracted value ([my_parent_id7_0_] : [BIGINT]) - [745]
2019-06-13 17:57:29.661 TRACE 81444 --- [    Test worker] o.h.type.descriptor.sql.BasicExtractor   : extracted value ([name8_0_] : [VARCHAR]) - [학교기업쓰리디프로]
2019-06-13 17:57:29.661 TRACE 81444 --- [    Test worker] o.h.type.descriptor.sql.BasicExtractor   : extracted value ([id1_0_] : [BIGINT]) - [826]
2019-06-13 17:57:29.661 TRACE 81444 --- [    Test worker] o.h.type.descriptor.sql.BasicExtractor   : extracted value ([code2_0_] : [VARCHAR]) - [XL182]
2019-06-13 17:57:29.661 TRACE 81444 --- [    Test worker] o.h.type.descriptor.sql.BasicExtractor   : extracted value ([date_created3_0_] : [TIMESTAMP]) - [2019-05-23 15:57:02.0]
2019-06-13 17:57:29.661 TRACE 81444 --- [    Test worker] o.h.type.descriptor.sql.BasicExtractor   : extracted value ([is_active4_0_] : [BIT]) - [true]
2019-06-13 17:57:29.661 TRACE 81444 --- [    Test worker] o.h.type.descriptor.sql.BasicExtractor   : extracted value ([last_updated5_0_] : [TIMESTAMP]) - [2019-05-24 14:13:08.0]
2019-06-13 17:57:29.661 TRACE 81444 --- [    Test worker] o.h.type.descriptor.sql.BasicExtractor   : extracted value ([last_updator_id6_0_] : [BIGINT]) - [6]
2019-06-13 17:57:29.661 TRACE 81444 --- [    Test worker] o.h.type.descriptor.sql.BasicExtractor   : extracted value ([my_parent_id7_0_] : [BIGINT]) - [745]
2019-06-13 17:57:29.661 TRACE 81444 --- [    Test worker] o.h.type.descriptor.sql.BasicExtractor   : extracted value ([name8_0_] : [VARCHAR]) - [기계부품설계신뢰성기술센터]
2019-06-13 17:57:29.662 TRACE 81444 --- [    Test worker] o.h.type.descriptor.sql.BasicExtractor   : extracted value ([id1_0_] : [BIGINT]) - [827]
2019-06-13 17:57:29.662 TRACE 81444 --- [    Test worker] o.h.type.descriptor.sql.BasicExtractor   : extracted value ([code2_0_] : [VARCHAR]) - [XL183]
2019-06-13 17:57:29.662 TRACE 81444 --- [    Test worker] o.h.type.descriptor.sql.BasicExtractor   : extracted value ([date_created3_0_] : [TIMESTAMP]) - [2019-05-23 15:57:02.0]
2019-06-13 17:57:29.662 TRACE 81444 --- [    Test worker] o.h.type.descriptor.sql.BasicExtractor   : extracted value ([is_active4_0_] : [BIT]) - [true]
2019-06-13 17:57:29.662 TRACE 81444 --- [    Test worker] o.h.type.descriptor.sql.BasicExtractor   : extracted value ([last_updated5_0_] : [TIMESTAMP]) - [2019-05-24 14:13:08.0]
2019-06-13 17:57:29.662 TRACE 81444 --- [    Test worker] o.h.type.descriptor.sql.BasicExtractor   : extracted value ([last_updator_id6_0_] : [BIGINT]) - [6]
2019-06-13 17:57:29.662 TRACE 81444 --- [    Test worker] o.h.type.descriptor.sql.BasicExtractor   : extracted value ([my_parent_id7_0_] : [BIGINT]) - [745]
2019-06-13 17:57:29.662 TRACE 81444 --- [    Test worker] o.h.type.descriptor.sql.BasicExtractor   : extracted value ([name8_0_] : [VARCHAR]) - [인문도시사업센터]
2019-06-13 17:57:29.662 TRACE 81444 --- [    Test worker] o.h.type.descriptor.sql.BasicExtractor   : extracted value ([id1_0_] : [BIGINT]) - [828]
2019-06-13 17:57:29.662 TRACE 81444 --- [    Test worker] o.h.type.descriptor.sql.BasicExtractor   : extracted value ([code2_0_] : [VARCHAR]) - [XL184]
2019-06-13 17:57:29.662 TRACE 81444 --- [    Test worker] o.h.type.descriptor.sql.BasicExtractor   : extracted value ([date_created3_0_] : [TIMESTAMP]) - [2019-05-23 15:57:03.0]
2019-06-13 17:57:29.663 TRACE 81444 --- [    Test worker] o.h.type.descriptor.sql.BasicExtractor   : extracted value ([is_active4_0_] : [BIT]) - [true]
2019-06-13 17:57:29.663 TRACE 81444 --- [    Test worker] o.h.type.descriptor.sql.BasicExtractor   : extracted value ([last_updated5_0_] : [TIMESTAMP]) - [2019-05-24 14:13:08.0]
2019-06-13 17:57:29.663 TRACE 81444 --- [    Test worker] o.h.type.descriptor.sql.BasicExtractor   : extracted value ([last_updator_id6_0_] : [BIGINT]) - [6]
2019-06-13 17:57:29.663 TRACE 81444 --- [    Test worker] o.h.type.descriptor.sql.BasicExtractor   : extracted value ([my_parent_id7_0_] : [BIGINT]) - [745]
2019-06-13 17:57:29.663 TRACE 81444 --- [    Test worker] o.h.type.descriptor.sql.BasicExtractor   : extracted value ([name8_0_] : [VARCHAR]) - [테크숍센터]
2019-06-13 17:57:29.663 TRACE 81444 --- [    Test worker] o.h.type.descriptor.sql.BasicExtractor   : extracted value ([id1_0_] : [BIGINT]) - [829]
2019-06-13 17:57:29.663 TRACE 81444 --- [    Test worker] o.h.type.descriptor.sql.BasicExtractor   : extracted value ([code2_0_] : [VARCHAR]) - [XL185]
2019-06-13 17:57:29.663 TRACE 81444 --- [    Test worker] o.h.type.descriptor.sql.BasicExtractor   : extracted value ([date_created3_0_] : [TIMESTAMP]) - [2019-05-23 15:57:03.0]
2019-06-13 17:57:29.663 TRACE 81444 --- [    Test worker] o.h.type.descriptor.sql.BasicExtractor   : extracted value ([is_active4_0_] : [BIT]) - [true]
2019-06-13 17:57:29.663 TRACE 81444 --- [    Test worker] o.h.type.descriptor.sql.BasicExtractor   : extracted value ([last_updated5_0_] : [TIMESTAMP]) - [2019-05-24 14:13:09.0]
2019-06-13 17:57:29.663 TRACE 81444 --- [    Test worker] o.h.type.descriptor.sql.BasicExtractor   : extracted value ([last_updator_id6_0_] : [BIGINT]) - [6]
2019-06-13 17:57:29.664 TRACE 81444 --- [    Test worker] o.h.type.descriptor.sql.BasicExtractor   : extracted value ([my_parent_id7_0_] : [BIGINT]) - [745]
2019-06-13 17:57:29.664 TRACE 81444 --- [    Test worker] o.h.type.descriptor.sql.BasicExtractor   : extracted value ([name8_0_] : [VARCHAR]) - [지식재산교육선도사업단]
2019-06-13 17:57:29.664 TRACE 81444 --- [    Test worker] o.h.type.descriptor.sql.BasicExtractor   : extracted value ([id1_0_] : [BIGINT]) - [830]
2019-06-13 17:57:29.664 TRACE 81444 --- [    Test worker] o.h.type.descriptor.sql.BasicExtractor   : extracted value ([code2_0_] : [VARCHAR]) - [XL186]
2019-06-13 17:57:29.664 TRACE 81444 --- [    Test worker] o.h.type.descriptor.sql.BasicExtractor   : extracted value ([date_created3_0_] : [TIMESTAMP]) - [2019-05-23 15:57:04.0]
2019-06-13 17:57:29.664 TRACE 81444 --- [    Test worker] o.h.type.descriptor.sql.BasicExtractor   : extracted value ([is_active4_0_] : [BIT]) - [true]
2019-06-13 17:57:29.664 TRACE 81444 --- [    Test worker] o.h.type.descriptor.sql.BasicExtractor   : extracted value ([last_updated5_0_] : [TIMESTAMP]) - [2019-05-24 14:13:09.0]
2019-06-13 17:57:29.664 TRACE 81444 --- [    Test worker] o.h.type.descriptor.sql.BasicExtractor   : extracted value ([last_updator_id6_0_] : [BIGINT]) - [6]
2019-06-13 17:57:29.664 TRACE 81444 --- [    Test worker] o.h.type.descriptor.sql.BasicExtractor   : extracted value ([my_parent_id7_0_] : [BIGINT]) - [745]
2019-06-13 17:57:29.664 TRACE 81444 --- [    Test worker] o.h.type.descriptor.sql.BasicExtractor   : extracted value ([name8_0_] : [VARCHAR]) - [인문정보예술융합센터]
2019-06-13 17:57:29.684 TRACE 81444 --- [    Test worker] o.h.type.descriptor.sql.BasicExtractor   : extracted value ([id1_0_] : [BIGINT]) - [831]
2019-06-13 17:57:29.684 TRACE 81444 --- [    Test worker] o.h.type.descriptor.sql.BasicExtractor   : extracted value ([code2_0_] : [VARCHAR]) - [XL188]
2019-06-13 17:57:29.684 TRACE 81444 --- [    Test worker] o.h.type.descriptor.sql.BasicExtractor   : extracted value ([date_created3_0_] : [TIMESTAMP]) - [2019-05-23 15:57:04.0]
2019-06-13 17:57:29.684 TRACE 81444 --- [    Test worker] o.h.type.descriptor.sql.BasicExtractor   : extracted value ([is_active4_0_] : [BIT]) - [true]
2019-06-13 17:57:29.684 TRACE 81444 --- [    Test worker] o.h.type.descriptor.sql.BasicExtractor   : extracted value ([last_updated5_0_] : [TIMESTAMP]) - [2019-05-24 14:13:10.0]
2019-06-13 17:57:29.684 TRACE 81444 --- [    Test worker] o.h.type.descriptor.sql.BasicExtractor   : extracted value ([last_updator_id6_0_] : [BIGINT]) - [6]
2019-06-13 17:57:29.684 TRACE 81444 --- [    Test worker] o.h.type.descriptor.sql.BasicExtractor   : extracted value ([my_parent_id7_0_] : [BIGINT]) - [838]
2019-06-13 17:57:29.684 TRACE 81444 --- [    Test worker] o.h.type.descriptor.sql.BasicExtractor   : extracted value ([name8_0_] : [VARCHAR]) - [어린이행복연구소]
2019-06-13 17:57:29.684 TRACE 81444 --- [    Test worker] o.h.type.descriptor.sql.BasicExtractor   : extracted value ([id1_0_] : [BIGINT]) - [832]
2019-06-13 17:57:29.684 TRACE 81444 --- [    Test worker] o.h.type.descriptor.sql.BasicExtractor   : extracted value ([code2_0_] : [VARCHAR]) - [XL189]
2019-06-13 17:57:29.684 TRACE 81444 --- [    Test worker] o.h.type.descriptor.sql.BasicExtractor   : extracted value ([date_created3_0_] : [TIMESTAMP]) - [2019-05-23 15:57:05.0]
2019-06-13 17:57:29.684 TRACE 81444 --- [    Test worker] o.h.type.descriptor.sql.BasicExtractor   : extracted value ([is_active4_0_] : [BIT]) - [true]
2019-06-13 17:57:29.684 TRACE 81444 --- [    Test worker] o.h.type.descriptor.sql.BasicExtractor   : extracted value ([last_updated5_0_] : [TIMESTAMP]) - [2019-05-24 14:13:10.0]
2019-06-13 17:57:29.685 TRACE 81444 --- [    Test worker] o.h.type.descriptor.sql.BasicExtractor   : extracted value ([last_updator_id6_0_] : [BIGINT]) - [6]
2019-06-13 17:57:29.685 TRACE 81444 --- [    Test worker] o.h.type.descriptor.sql.BasicExtractor   : extracted value ([my_parent_id7_0_] : [BIGINT]) - [838]
2019-06-13 17:57:29.685 TRACE 81444 --- [    Test worker] o.h.type.descriptor.sql.BasicExtractor   : extracted value ([name8_0_] : [VARCHAR]) - [전북역사문화교육연구소]
2019-06-13 17:57:29.685 TRACE 81444 --- [    Test worker] o.h.type.descriptor.sql.BasicExtractor   : extracted value ([id1_0_] : [BIGINT]) - [833]
2019-06-13 17:57:29.685 TRACE 81444 --- [    Test worker] o.h.type.descriptor.sql.BasicExtractor   : extracted value ([code2_0_] : [VARCHAR]) - [XL190]
2019-06-13 17:57:29.685 TRACE 81444 --- [    Test worker] o.h.type.descriptor.sql.BasicExtractor   : extracted value ([date_created3_0_] : [TIMESTAMP]) - [2019-05-23 15:57:06.0]
2019-06-13 17:57:29.685 TRACE 81444 --- [    Test worker] o.h.type.descriptor.sql.BasicExtractor   : extracted value ([is_active4_0_] : [BIT]) - [true]
2019-06-13 17:57:29.685 TRACE 81444 --- [    Test worker] o.h.type.descriptor.sql.BasicExtractor   : extracted value ([last_updated5_0_] : [TIMESTAMP]) - [2019-05-24 14:13:11.0]
2019-06-13 17:57:29.685 TRACE 81444 --- [    Test worker] o.h.type.descriptor.sql.BasicExtractor   : extracted value ([last_updator_id6_0_] : [BIGINT]) - [6]
2019-06-13 17:57:29.685 TRACE 81444 --- [    Test worker] o.h.type.descriptor.sql.BasicExtractor   : extracted value ([my_parent_id7_0_] : [BIGINT]) - [745]
2019-06-13 17:57:29.685 TRACE 81444 --- [    Test worker] o.h.type.descriptor.sql.BasicExtractor   : extracted value ([name8_0_] : [VARCHAR]) - [금호어울림국공립어린이집]
2019-06-13 17:57:29.686 TRACE 81444 --- [    Test worker] o.h.type.descriptor.sql.BasicExtractor   : extracted value ([id1_0_] : [BIGINT]) - [834]
2019-06-13 17:57:29.686 TRACE 81444 --- [    Test worker] o.h.type.descriptor.sql.BasicExtractor   : extracted value ([code2_0_] : [VARCHAR]) - [XL191]
2019-06-13 17:57:29.686 TRACE 81444 --- [    Test worker] o.h.type.descriptor.sql.BasicExtractor   : extracted value ([date_created3_0_] : [TIMESTAMP]) - [2019-05-23 15:57:06.0]
2019-06-13 17:57:29.686 TRACE 81444 --- [    Test worker] o.h.type.descriptor.sql.BasicExtractor   : extracted value ([is_active4_0_] : [BIT]) - [true]
2019-06-13 17:57:29.686 TRACE 81444 --- [    Test worker] o.h.type.descriptor.sql.BasicExtractor   : extracted value ([last_updated5_0_] : [TIMESTAMP]) - [2019-05-24 14:13:11.0]
2019-06-13 17:57:29.686 TRACE 81444 --- [    Test worker] o.h.type.descriptor.sql.BasicExtractor   : extracted value ([last_updator_id6_0_] : [BIGINT]) - [6]
2019-06-13 17:57:29.686 TRACE 81444 --- [    Test worker] o.h.type.descriptor.sql.BasicExtractor   : extracted value ([my_parent_id7_0_] : [BIGINT]) - [845]
2019-06-13 17:57:29.686 TRACE 81444 --- [    Test worker] o.h.type.descriptor.sql.BasicExtractor   : extracted value ([name8_0_] : [VARCHAR]) - [산업연계교육활성화선도대학사업단]
2019-06-13 17:57:29.686 TRACE 81444 --- [    Test worker] o.h.type.descriptor.sql.BasicExtractor   : extracted value ([id1_0_] : [BIGINT]) - [835]
2019-06-13 17:57:29.686 TRACE 81444 --- [    Test worker] o.h.type.descriptor.sql.BasicExtractor   : extracted value ([code2_0_] : [VARCHAR]) - [XL192]
2019-06-13 17:57:29.686 TRACE 81444 --- [    Test worker] o.h.type.descriptor.sql.BasicExtractor   : extracted value ([date_created3_0_] : [TIMESTAMP]) - [2019-05-23 15:57:10.0]
2019-06-13 17:57:29.686 TRACE 81444 --- [    Test worker] o.h.type.descriptor.sql.BasicExtractor   : extracted value ([is_active4_0_] : [BIT]) - [true]
2019-06-13 17:57:29.686 TRACE 81444 --- [    Test worker] o.h.type.descriptor.sql.BasicExtractor   : extracted value ([last_updated5_0_] : [TIMESTAMP]) - [2019-05-24 14:13:12.0]
2019-06-13 17:57:29.686 TRACE 81444 --- [    Test worker] o.h.type.descriptor.sql.BasicExtractor   : extracted value ([last_updator_id6_0_] : [BIGINT]) - [6]
2019-06-13 17:57:29.686 TRACE 81444 --- [    Test worker] o.h.type.descriptor.sql.BasicExtractor   : extracted value ([my_parent_id7_0_] : [BIGINT]) - [838]
2019-06-13 17:57:29.686 TRACE 81444 --- [    Test worker] o.h.type.descriptor.sql.BasicExtractor   : extracted value ([name8_0_] : [VARCHAR]) - [스포츠과학연구소]
2019-06-13 17:57:29.687 TRACE 81444 --- [    Test worker] o.h.type.descriptor.sql.BasicExtractor   : extracted value ([id1_0_] : [BIGINT]) - [836]
2019-06-13 17:57:29.687 TRACE 81444 --- [    Test worker] o.h.type.descriptor.sql.BasicExtractor   : extracted value ([code2_0_] : [VARCHAR]) - [XL193]
2019-06-13 17:57:29.687 TRACE 81444 --- [    Test worker] o.h.type.descriptor.sql.BasicExtractor   : extracted value ([date_created3_0_] : [TIMESTAMP]) - [2019-05-23 15:57:10.0]
2019-06-13 17:57:29.687 TRACE 81444 --- [    Test worker] o.h.type.descriptor.sql.BasicExtractor   : extracted value ([is_active4_0_] : [BIT]) - [true]
2019-06-13 17:57:29.687 TRACE 81444 --- [    Test worker] o.h.type.descriptor.sql.BasicExtractor   : extracted value ([last_updated5_0_] : [TIMESTAMP]) - [2019-05-24 14:13:12.0]
2019-06-13 17:57:29.687 TRACE 81444 --- [    Test worker] o.h.type.descriptor.sql.BasicExtractor   : extracted value ([last_updator_id6_0_] : [BIGINT]) - [6]
2019-06-13 17:57:29.687 TRACE 81444 --- [    Test worker] o.h.type.descriptor.sql.BasicExtractor   : extracted value ([my_parent_id7_0_] : [BIGINT]) - [838]
2019-06-13 17:57:29.687 TRACE 81444 --- [    Test worker] o.h.type.descriptor.sql.BasicExtractor   : extracted value ([name8_0_] : [VARCHAR]) - [현대음악연구소]
2019-06-13 17:57:29.687 TRACE 81444 --- [    Test worker] o.h.type.descriptor.sql.BasicExtractor   : extracted value ([id1_0_] : [BIGINT]) - [837]
2019-06-13 17:57:29.687 TRACE 81444 --- [    Test worker] o.h.type.descriptor.sql.BasicExtractor   : extracted value ([code2_0_] : [VARCHAR]) - [XL194]
2019-06-13 17:57:29.687 TRACE 81444 --- [    Test worker] o.h.type.descriptor.sql.BasicExtractor   : extracted value ([date_created3_0_] : [TIMESTAMP]) - [2019-05-23 15:57:11.0]
2019-06-13 17:57:29.687 TRACE 81444 --- [    Test worker] o.h.type.descriptor.sql.BasicExtractor   : extracted value ([is_active4_0_] : [BIT]) - [true]
2019-06-13 17:57:29.688 TRACE 81444 --- [    Test worker] o.h.type.descriptor.sql.BasicExtractor   : extracted value ([last_updated5_0_] : [TIMESTAMP]) - [2019-05-24 14:13:12.0]
2019-06-13 17:57:29.688 TRACE 81444 --- [    Test worker] o.h.type.descriptor.sql.BasicExtractor   : extracted value ([last_updator_id6_0_] : [BIGINT]) - [6]
2019-06-13 17:57:29.688 TRACE 81444 --- [    Test worker] o.h.type.descriptor.sql.BasicExtractor   : extracted value ([my_parent_id7_0_] : [BIGINT]) - [158]
2019-06-13 17:57:29.688 TRACE 81444 --- [    Test worker] o.h.type.descriptor.sql.BasicExtractor   : extracted value ([name8_0_] : [VARCHAR]) - [부속시설]
2019-06-13 17:57:29.688 TRACE 81444 --- [    Test worker] o.h.type.descriptor.sql.BasicExtractor   : extracted value ([id1_0_] : [BIGINT]) - [838]
2019-06-13 17:57:29.688 TRACE 81444 --- [    Test worker] o.h.type.descriptor.sql.BasicExtractor   : extracted value ([code2_0_] : [VARCHAR]) - [XL195]
2019-06-13 17:57:29.688 TRACE 81444 --- [    Test worker] o.h.type.descriptor.sql.BasicExtractor   : extracted value ([date_created3_0_] : [TIMESTAMP]) - [2019-05-23 15:57:11.0]
2019-06-13 17:57:29.688 TRACE 81444 --- [    Test worker] o.h.type.descriptor.sql.BasicExtractor   : extracted value ([is_active4_0_] : [BIT]) - [true]
2019-06-13 17:57:29.688 TRACE 81444 --- [    Test worker] o.h.type.descriptor.sql.BasicExtractor   : extracted value ([last_updated5_0_] : [TIMESTAMP]) - [2019-05-24 14:13:13.0]
2019-06-13 17:57:29.688 TRACE 81444 --- [    Test worker] o.h.type.descriptor.sql.BasicExtractor   : extracted value ([last_updator_id6_0_] : [BIGINT]) - [6]
2019-06-13 17:57:29.688 TRACE 81444 --- [    Test worker] o.h.type.descriptor.sql.BasicExtractor   : extracted value ([my_parent_id7_0_] : [BIGINT]) - [158]
2019-06-13 17:57:29.689 TRACE 81444 --- [    Test worker] o.h.type.descriptor.sql.BasicExtractor   : extracted value ([name8_0_] : [VARCHAR]) - [연구시설]
2019-06-13 17:57:29.689 TRACE 81444 --- [    Test worker] o.h.type.descriptor.sql.BasicExtractor   : extracted value ([id1_0_] : [BIGINT]) - [839]
2019-06-13 17:57:29.689 TRACE 81444 --- [    Test worker] o.h.type.descriptor.sql.BasicExtractor   : extracted value ([code2_0_] : [VARCHAR]) - [XL196]
2019-06-13 17:57:29.689 TRACE 81444 --- [    Test worker] o.h.type.descriptor.sql.BasicExtractor   : extracted value ([date_created3_0_] : [TIMESTAMP]) - [2019-05-23 15:57:11.0]
2019-06-13 17:57:29.689 TRACE 81444 --- [    Test worker] o.h.type.descriptor.sql.BasicExtractor   : extracted value ([is_active4_0_] : [BIT]) - [true]
2019-06-13 17:57:29.689 TRACE 81444 --- [    Test worker] o.h.type.descriptor.sql.BasicExtractor   : extracted value ([last_updated5_0_] : [TIMESTAMP]) - [2019-05-24 14:13:13.0]
2019-06-13 17:57:29.689 TRACE 81444 --- [    Test worker] o.h.type.descriptor.sql.BasicExtractor   : extracted value ([last_updator_id6_0_] : [BIGINT]) - [6]
2019-06-13 17:57:29.689 TRACE 81444 --- [    Test worker] o.h.type.descriptor.sql.BasicExtractor   : extracted value ([my_parent_id7_0_] : [BIGINT]) - [745]
2019-06-13 17:57:29.689 TRACE 81444 --- [    Test worker] o.h.type.descriptor.sql.BasicExtractor   : extracted value ([name8_0_] : [VARCHAR]) - [ICT특성화취업연계형사업단]
2019-06-13 17:57:29.689 TRACE 81444 --- [    Test worker] o.h.type.descriptor.sql.BasicExtractor   : extracted value ([id1_0_] : [BIGINT]) - [840]
2019-06-13 17:57:29.689 TRACE 81444 --- [    Test worker] o.h.type.descriptor.sql.BasicExtractor   : extracted value ([code2_0_] : [VARCHAR]) - [XL197]
2019-06-13 17:57:29.689 TRACE 81444 --- [    Test worker] o.h.type.descriptor.sql.BasicExtractor   : extracted value ([date_created3_0_] : [TIMESTAMP]) - [2019-05-23 15:57:12.0]
2019-06-13 17:57:29.690 TRACE 81444 --- [    Test worker] o.h.type.descriptor.sql.BasicExtractor   : extracted value ([is_active4_0_] : [BIT]) - [true]
2019-06-13 17:57:29.690 TRACE 81444 --- [    Test worker] o.h.type.descriptor.sql.BasicExtractor   : extracted value ([last_updated5_0_] : [TIMESTAMP]) - [2019-05-24 14:13:13.0]
2019-06-13 17:57:29.690 TRACE 81444 --- [    Test worker] o.h.type.descriptor.sql.BasicExtractor   : extracted value ([last_updator_id6_0_] : [BIGINT]) - [6]
2019-06-13 17:57:29.690 TRACE 81444 --- [    Test worker] o.h.type.descriptor.sql.BasicExtractor   : extracted value ([my_parent_id7_0_] : [BIGINT]) - [847]
2019-06-13 17:57:29.690 TRACE 81444 --- [    Test worker] o.h.type.descriptor.sql.BasicExtractor   : extracted value ([name8_0_] : [VARCHAR]) - [입학사정관실]
2019-06-13 17:57:29.708 TRACE 81444 --- [    Test worker] o.h.type.descriptor.sql.BasicExtractor   : extracted value ([id1_0_] : [BIGINT]) - [841]
2019-06-13 17:57:29.708 TRACE 81444 --- [    Test worker] o.h.type.descriptor.sql.BasicExtractor   : extracted value ([code2_0_] : [VARCHAR]) - [XL198]
2019-06-13 17:57:29.708 TRACE 81444 --- [    Test worker] o.h.type.descriptor.sql.BasicExtractor   : extracted value ([date_created3_0_] : [TIMESTAMP]) - [2019-05-23 15:57:12.0]
2019-06-13 17:57:29.708 TRACE 81444 --- [    Test worker] o.h.type.descriptor.sql.BasicExtractor   : extracted value ([is_active4_0_] : [BIT]) - [true]
2019-06-13 17:57:29.708 TRACE 81444 --- [    Test worker] o.h.type.descriptor.sql.BasicExtractor   : extracted value ([last_updated5_0_] : [TIMESTAMP]) - [2019-05-24 14:13:13.0]
2019-06-13 17:57:29.708 TRACE 81444 --- [    Test worker] o.h.type.descriptor.sql.BasicExtractor   : extracted value ([last_updator_id6_0_] : [BIGINT]) - [6]
2019-06-13 17:57:29.708 TRACE 81444 --- [    Test worker] o.h.type.descriptor.sql.BasicExtractor   : extracted value ([my_parent_id7_0_] : [BIGINT]) - [158]
2019-06-13 17:57:29.709 TRACE 81444 --- [    Test worker] o.h.type.descriptor.sql.BasicExtractor   : extracted value ([name8_0_] : [VARCHAR]) - [지원시설]
2019-06-13 17:57:29.709 TRACE 81444 --- [    Test worker] o.h.type.descriptor.sql.BasicExtractor   : extracted value ([id1_0_] : [BIGINT]) - [842]
2019-06-13 17:57:29.709 TRACE 81444 --- [    Test worker] o.h.type.descriptor.sql.BasicExtractor   : extracted value ([code2_0_] : [VARCHAR]) - [XL199]
2019-06-13 17:57:29.709 TRACE 81444 --- [    Test worker] o.h.type.descriptor.sql.BasicExtractor   : extracted value ([date_created3_0_] : [TIMESTAMP]) - [2019-05-23 15:57:12.0]
2019-06-13 17:57:29.709 TRACE 81444 --- [    Test worker] o.h.type.descriptor.sql.BasicExtractor   : extracted value ([is_active4_0_] : [BIT]) - [true]
2019-06-13 17:57:29.709 TRACE 81444 --- [    Test worker] o.h.type.descriptor.sql.BasicExtractor   : extracted value ([last_updated5_0_] : [TIMESTAMP]) - [2019-05-24 14:13:14.0]
2019-06-13 17:57:29.709 TRACE 81444 --- [    Test worker] o.h.type.descriptor.sql.BasicExtractor   : extracted value ([last_updator_id6_0_] : [BIGINT]) - [6]
2019-06-13 17:57:29.709 TRACE 81444 --- [    Test worker] o.h.type.descriptor.sql.BasicExtractor   : extracted value ([my_parent_id7_0_] : [BIGINT]) - [873]
2019-06-13 17:57:29.709 TRACE 81444 --- [    Test worker] o.h.type.descriptor.sql.BasicExtractor   : extracted value ([name8_0_] : [VARCHAR]) - [학생상담센터]
2019-06-13 17:57:29.709 TRACE 81444 --- [    Test worker] o.h.type.descriptor.sql.BasicExtractor   : extracted value ([id1_0_] : [BIGINT]) - [843]
2019-06-13 17:57:29.709 TRACE 81444 --- [    Test worker] o.h.type.descriptor.sql.BasicExtractor   : extracted value ([code2_0_] : [VARCHAR]) - [XL200]
2019-06-13 17:57:29.709 TRACE 81444 --- [    Test worker] o.h.type.descriptor.sql.BasicExtractor   : extracted value ([date_created3_0_] : [TIMESTAMP]) - [2019-05-23 15:57:13.0]
2019-06-13 17:57:29.709 TRACE 81444 --- [    Test worker] o.h.type.descriptor.sql.BasicExtractor   : extracted value ([is_active4_0_] : [BIT]) - [true]
2019-06-13 17:57:29.709 TRACE 81444 --- [    Test worker] o.h.type.descriptor.sql.BasicExtractor   : extracted value ([last_updated5_0_] : [TIMESTAMP]) - [2019-05-24 14:13:14.0]
2019-06-13 17:57:29.709 TRACE 81444 --- [    Test worker] o.h.type.descriptor.sql.BasicExtractor   : extracted value ([last_updator_id6_0_] : [BIGINT]) - [6]
2019-06-13 17:57:29.709 TRACE 81444 --- [    Test worker] o.h.type.descriptor.sql.BasicExtractor   : extracted value ([my_parent_id7_0_] : [BIGINT]) - [158]
2019-06-13 17:57:29.709 TRACE 81444 --- [    Test worker] o.h.type.descriptor.sql.BasicExtractor   : extracted value ([name8_0_] : [VARCHAR]) - [교무처]
2019-06-13 17:57:29.709 TRACE 81444 --- [    Test worker] o.h.type.descriptor.sql.BasicExtractor   : extracted value ([id1_0_] : [BIGINT]) - [844]
2019-06-13 17:57:29.709 TRACE 81444 --- [    Test worker] o.h.type.descriptor.sql.BasicExtractor   : extracted value ([code2_0_] : [VARCHAR]) - [XL201]
2019-06-13 17:57:29.709 TRACE 81444 --- [    Test worker] o.h.type.descriptor.sql.BasicExtractor   : extracted value ([date_created3_0_] : [TIMESTAMP]) - [2019-05-23 15:57:13.0]
2019-06-13 17:57:29.709 TRACE 81444 --- [    Test worker] o.h.type.descriptor.sql.BasicExtractor   : extracted value ([is_active4_0_] : [BIT]) - [true]
2019-06-13 17:57:29.709 TRACE 81444 --- [    Test worker] o.h.type.descriptor.sql.BasicExtractor   : extracted value ([last_updated5_0_] : [TIMESTAMP]) - [2019-05-24 14:27:25.0]
2019-06-13 17:57:29.710 TRACE 81444 --- [    Test worker] o.h.type.descriptor.sql.BasicExtractor   : extracted value ([last_updator_id6_0_] : [BIGINT]) - [6]
2019-06-13 17:57:29.710 TRACE 81444 --- [    Test worker] o.h.type.descriptor.sql.BasicExtractor   : extracted value ([my_parent_id7_0_] : [BIGINT]) - [null]
2019-06-13 17:57:29.710 TRACE 81444 --- [    Test worker] o.h.type.descriptor.sql.BasicExtractor   : extracted value ([name8_0_] : [VARCHAR]) - [학생처]
2019-06-13 17:57:29.710 TRACE 81444 --- [    Test worker] o.h.type.descriptor.sql.BasicExtractor   : extracted value ([id1_0_] : [BIGINT]) - [845]
2019-06-13 17:57:29.710 TRACE 81444 --- [    Test worker] o.h.type.descriptor.sql.BasicExtractor   : extracted value ([code2_0_] : [VARCHAR]) - [XL202]
2019-06-13 17:57:29.710 TRACE 81444 --- [    Test worker] o.h.type.descriptor.sql.BasicExtractor   : extracted value ([date_created3_0_] : [TIMESTAMP]) - [2019-05-23 15:57:13.0]
2019-06-13 17:57:29.710 TRACE 81444 --- [    Test worker] o.h.type.descriptor.sql.BasicExtractor   : extracted value ([is_active4_0_] : [BIT]) - [true]
2019-06-13 17:57:29.710 TRACE 81444 --- [    Test worker] o.h.type.descriptor.sql.BasicExtractor   : extracted value ([last_updated5_0_] : [TIMESTAMP]) - [2019-05-24 14:13:15.0]
2019-06-13 17:57:29.710 TRACE 81444 --- [    Test worker] o.h.type.descriptor.sql.BasicExtractor   : extracted value ([last_updator_id6_0_] : [BIGINT]) - [6]
2019-06-13 17:57:29.710 TRACE 81444 --- [    Test worker] o.h.type.descriptor.sql.BasicExtractor   : extracted value ([my_parent_id7_0_] : [BIGINT]) - [158]
2019-06-13 17:57:29.710 TRACE 81444 --- [    Test worker] o.h.type.descriptor.sql.BasicExtractor   : extracted value ([name8_0_] : [VARCHAR]) - [기획처]
2019-06-13 17:57:29.710 TRACE 81444 --- [    Test worker] o.h.type.descriptor.sql.BasicExtractor   : extracted value ([id1_0_] : [BIGINT]) - [846]
2019-06-13 17:57:29.710 TRACE 81444 --- [    Test worker] o.h.type.descriptor.sql.BasicExtractor   : extracted value ([code2_0_] : [VARCHAR]) - [XL203]
2019-06-13 17:57:29.710 TRACE 81444 --- [    Test worker] o.h.type.descriptor.sql.BasicExtractor   : extracted value ([date_created3_0_] : [TIMESTAMP]) - [2019-05-23 15:57:14.0]
2019-06-13 17:57:29.710 TRACE 81444 --- [    Test worker] o.h.type.descriptor.sql.BasicExtractor   : extracted value ([is_active4_0_] : [BIT]) - [true]
2019-06-13 17:57:29.710 TRACE 81444 --- [    Test worker] o.h.type.descriptor.sql.BasicExtractor   : extracted value ([last_updated5_0_] : [TIMESTAMP]) - [2019-05-24 14:13:15.0]
2019-06-13 17:57:29.710 TRACE 81444 --- [    Test worker] o.h.type.descriptor.sql.BasicExtractor   : extracted value ([last_updator_id6_0_] : [BIGINT]) - [6]
2019-06-13 17:57:29.710 TRACE 81444 --- [    Test worker] o.h.type.descriptor.sql.BasicExtractor   : extracted value ([my_parent_id7_0_] : [BIGINT]) - [158]
2019-06-13 17:57:29.710 TRACE 81444 --- [    Test worker] o.h.type.descriptor.sql.BasicExtractor   : extracted value ([name8_0_] : [VARCHAR]) - [사무국]
2019-06-13 17:57:29.710 TRACE 81444 --- [    Test worker] o.h.type.descriptor.sql.BasicExtractor   : extracted value ([id1_0_] : [BIGINT]) - [847]
2019-06-13 17:57:29.710 TRACE 81444 --- [    Test worker] o.h.type.descriptor.sql.BasicExtractor   : extracted value ([code2_0_] : [VARCHAR]) - [XL204]
2019-06-13 17:57:29.710 TRACE 81444 --- [    Test worker] o.h.type.descriptor.sql.BasicExtractor   : extracted value ([date_created3_0_] : [TIMESTAMP]) - [2019-05-23 15:57:14.0]
2019-06-13 17:57:29.710 TRACE 81444 --- [    Test worker] o.h.type.descriptor.sql.BasicExtractor   : extracted value ([is_active4_0_] : [BIT]) - [true]
2019-06-13 17:57:29.710 TRACE 81444 --- [    Test worker] o.h.type.descriptor.sql.BasicExtractor   : extracted value ([last_updated5_0_] : [TIMESTAMP]) - [2019-05-24 14:13:15.0]
2019-06-13 17:57:29.710 TRACE 81444 --- [    Test worker] o.h.type.descriptor.sql.BasicExtractor   : extracted value ([last_updator_id6_0_] : [BIGINT]) - [6]
2019-06-13 17:57:29.710 TRACE 81444 --- [    Test worker] o.h.type.descriptor.sql.BasicExtractor   : extracted value ([my_parent_id7_0_] : [BIGINT]) - [158]
2019-06-13 17:57:29.710 TRACE 81444 --- [    Test worker] o.h.type.descriptor.sql.BasicExtractor   : extracted value ([name8_0_] : [VARCHAR]) - [입학관리본부]
2019-06-13 17:57:29.710 TRACE 81444 --- [    Test worker] o.h.type.descriptor.sql.BasicExtractor   : extracted value ([id1_0_] : [BIGINT]) - [848]
2019-06-13 17:57:29.710 TRACE 81444 --- [    Test worker] o.h.type.descriptor.sql.BasicExtractor   : extracted value ([code2_0_] : [VARCHAR]) - [XL205]
2019-06-13 17:57:29.710 TRACE 81444 --- [    Test worker] o.h.type.descriptor.sql.BasicExtractor   : extracted value ([date_created3_0_] : [TIMESTAMP]) - [2019-05-23 15:57:21.0]
2019-06-13 17:57:29.710 TRACE 81444 --- [    Test worker] o.h.type.descriptor.sql.BasicExtractor   : extracted value ([is_active4_0_] : [BIT]) - [true]
2019-06-13 17:57:29.710 TRACE 81444 --- [    Test worker] o.h.type.descriptor.sql.BasicExtractor   : extracted value ([last_updated5_0_] : [TIMESTAMP]) - [2019-05-24 14:13:16.0]
2019-06-13 17:57:29.710 TRACE 81444 --- [    Test worker] o.h.type.descriptor.sql.BasicExtractor   : extracted value ([last_updator_id6_0_] : [BIGINT]) - [6]
2019-06-13 17:57:29.710 TRACE 81444 --- [    Test worker] o.h.type.descriptor.sql.BasicExtractor   : extracted value ([my_parent_id7_0_] : [BIGINT]) - [158]
2019-06-13 17:57:29.711 TRACE 81444 --- [    Test worker] o.h.type.descriptor.sql.BasicExtractor   : extracted value ([name8_0_] : [VARCHAR]) - [도서관]
2019-06-13 17:57:29.711 TRACE 81444 --- [    Test worker] o.h.type.descriptor.sql.BasicExtractor   : extracted value ([id1_0_] : [BIGINT]) - [849]
2019-06-13 17:57:29.711 TRACE 81444 --- [    Test worker] o.h.type.descriptor.sql.BasicExtractor   : extracted value ([code2_0_] : [VARCHAR]) - [XL206]
2019-06-13 17:57:29.711 TRACE 81444 --- [    Test worker] o.h.type.descriptor.sql.BasicExtractor   : extracted value ([date_created3_0_] : [TIMESTAMP]) - [2019-05-23 15:57:21.0]
2019-06-13 17:57:29.711 TRACE 81444 --- [    Test worker] o.h.type.descriptor.sql.BasicExtractor   : extracted value ([is_active4_0_] : [BIT]) - [true]
2019-06-13 17:57:29.711 TRACE 81444 --- [    Test worker] o.h.type.descriptor.sql.BasicExtractor   : extracted value ([last_updated5_0_] : [TIMESTAMP]) - [2019-05-24 14:13:16.0]
2019-06-13 17:57:29.711 TRACE 81444 --- [    Test worker] o.h.type.descriptor.sql.BasicExtractor   : extracted value ([last_updator_id6_0_] : [BIGINT]) - [6]
2019-06-13 17:57:29.711 TRACE 81444 --- [    Test worker] o.h.type.descriptor.sql.BasicExtractor   : extracted value ([my_parent_id7_0_] : [BIGINT]) - [158]
2019-06-13 17:57:29.711 TRACE 81444 --- [    Test worker] o.h.type.descriptor.sql.BasicExtractor   : extracted value ([name8_0_] : [VARCHAR]) - [위원회]
2019-06-13 17:57:29.711 TRACE 81444 --- [    Test worker] o.h.type.descriptor.sql.BasicExtractor   : extracted value ([id1_0_] : [BIGINT]) - [850]
2019-06-13 17:57:29.711 TRACE 81444 --- [    Test worker] o.h.type.descriptor.sql.BasicExtractor   : extracted value ([code2_0_] : [VARCHAR]) - [XL208]
2019-06-13 17:57:29.711 TRACE 81444 --- [    Test worker] o.h.type.descriptor.sql.BasicExtractor   : extracted value ([date_created3_0_] : [TIMESTAMP]) - [2019-05-23 15:57:21.0]
2019-06-13 17:57:29.711 TRACE 81444 --- [    Test worker] o.h.type.descriptor.sql.BasicExtractor   : extracted value ([is_active4_0_] : [BIT]) - [true]
2019-06-13 17:57:29.711 TRACE 81444 --- [    Test worker] o.h.type.descriptor.sql.BasicExtractor   : extracted value ([last_updated5_0_] : [TIMESTAMP]) - [2019-05-24 14:13:17.0]
2019-06-13 17:57:29.711 TRACE 81444 --- [    Test worker] o.h.type.descriptor.sql.BasicExtractor   : extracted value ([last_updator_id6_0_] : [BIGINT]) - [6]
2019-06-13 17:57:29.711 TRACE 81444 --- [    Test worker] o.h.type.descriptor.sql.BasicExtractor   : extracted value ([my_parent_id7_0_] : [BIGINT]) - [158]
2019-06-13 17:57:29.711 TRACE 81444 --- [    Test worker] o.h.type.descriptor.sql.BasicExtractor   : extracted value ([name8_0_] : [VARCHAR]) - [인문대학]
2019-06-13 17:57:29.728 TRACE 81444 --- [    Test worker] o.h.type.descriptor.sql.BasicExtractor   : extracted value ([id1_0_] : [BIGINT]) - [851]
2019-06-13 17:57:29.728 TRACE 81444 --- [    Test worker] o.h.type.descriptor.sql.BasicExtractor   : extracted value ([code2_0_] : [VARCHAR]) - [XL209]
2019-06-13 17:57:29.728 TRACE 81444 --- [    Test worker] o.h.type.descriptor.sql.BasicExtractor   : extracted value ([date_created3_0_] : [TIMESTAMP]) - [2019-05-23 15:57:22.0]
2019-06-13 17:57:29.728 TRACE 81444 --- [    Test worker] o.h.type.descriptor.sql.BasicExtractor   : extracted value ([is_active4_0_] : [BIT]) - [true]
2019-06-13 17:57:29.728 TRACE 81444 --- [    Test worker] o.h.type.descriptor.sql.BasicExtractor   : extracted value ([last_updated5_0_] : [TIMESTAMP]) - [2019-05-24 14:13:17.0]
2019-06-13 17:57:29.728 TRACE 81444 --- [    Test worker] o.h.type.descriptor.sql.BasicExtractor   : extracted value ([last_updator_id6_0_] : [BIGINT]) - [6]
2019-06-13 17:57:29.728 TRACE 81444 --- [    Test worker] o.h.type.descriptor.sql.BasicExtractor   : extracted value ([my_parent_id7_0_] : [BIGINT]) - [158]
2019-06-13 17:57:29.728 TRACE 81444 --- [    Test worker] o.h.type.descriptor.sql.BasicExtractor   : extracted value ([name8_0_] : [VARCHAR]) - [예술대학]
2019-06-13 17:57:29.729 TRACE 81444 --- [    Test worker] o.h.type.descriptor.sql.BasicExtractor   : extracted value ([id1_0_] : [BIGINT]) - [852]
2019-06-13 17:57:29.729 TRACE 81444 --- [    Test worker] o.h.type.descriptor.sql.BasicExtractor   : extracted value ([code2_0_] : [VARCHAR]) - [XL210]
2019-06-13 17:57:29.729 TRACE 81444 --- [    Test worker] o.h.type.descriptor.sql.BasicExtractor   : extracted value ([date_created3_0_] : [TIMESTAMP]) - [2019-05-23 15:57:22.0]
2019-06-13 17:57:29.729 TRACE 81444 --- [    Test worker] o.h.type.descriptor.sql.BasicExtractor   : extracted value ([is_active4_0_] : [BIT]) - [true]
2019-06-13 17:57:29.729 TRACE 81444 --- [    Test worker] o.h.type.descriptor.sql.BasicExtractor   : extracted value ([last_updated5_0_] : [TIMESTAMP]) - [2019-05-24 14:13:17.0]
2019-06-13 17:57:29.729 TRACE 81444 --- [    Test worker] o.h.type.descriptor.sql.BasicExtractor   : extracted value ([last_updator_id6_0_] : [BIGINT]) - [6]
2019-06-13 17:57:29.729 TRACE 81444 --- [    Test worker] o.h.type.descriptor.sql.BasicExtractor   : extracted value ([my_parent_id7_0_] : [BIGINT]) - [158]
2019-06-13 17:57:29.729 TRACE 81444 --- [    Test worker] o.h.type.descriptor.sql.BasicExtractor   : extracted value ([name8_0_] : [VARCHAR]) - [사회과학대학]
2019-06-13 17:57:29.729 TRACE 81444 --- [    Test worker] o.h.type.descriptor.sql.BasicExtractor   : extracted value ([id1_0_] : [BIGINT]) - [853]
2019-06-13 17:57:29.729 TRACE 81444 --- [    Test worker] o.h.type.descriptor.sql.BasicExtractor   : extracted value ([code2_0_] : [VARCHAR]) - [XL211]
2019-06-13 17:57:29.729 TRACE 81444 --- [    Test worker] o.h.type.descriptor.sql.BasicExtractor   : extracted value ([date_created3_0_] : [TIMESTAMP]) - [2019-05-23 15:57:22.0]
2019-06-13 17:57:29.729 TRACE 81444 --- [    Test worker] o.h.type.descriptor.sql.BasicExtractor   : extracted value ([is_active4_0_] : [BIT]) - [true]
2019-06-13 17:57:29.729 TRACE 81444 --- [    Test worker] o.h.type.descriptor.sql.BasicExtractor   : extracted value ([last_updated5_0_] : [TIMESTAMP]) - [2019-05-24 14:13:18.0]
2019-06-13 17:57:29.729 TRACE 81444 --- [    Test worker] o.h.type.descriptor.sql.BasicExtractor   : extracted value ([last_updator_id6_0_] : [BIGINT]) - [6]
2019-06-13 17:57:29.729 TRACE 81444 --- [    Test worker] o.h.type.descriptor.sql.BasicExtractor   : extracted value ([my_parent_id7_0_] : [BIGINT]) - [158]
2019-06-13 17:57:29.729 TRACE 81444 --- [    Test worker] o.h.type.descriptor.sql.BasicExtractor   : extracted value ([name8_0_] : [VARCHAR]) - [자연과학대학]
2019-06-13 17:57:29.729 TRACE 81444 --- [    Test worker] o.h.type.descriptor.sql.BasicExtractor   : extracted value ([id1_0_] : [BIGINT]) - [854]
2019-06-13 17:57:29.729 TRACE 81444 --- [    Test worker] o.h.type.descriptor.sql.BasicExtractor   : extracted value ([code2_0_] : [VARCHAR]) - [XL212]
2019-06-13 17:57:29.729 TRACE 81444 --- [    Test worker] o.h.type.descriptor.sql.BasicExtractor   : extracted value ([date_created3_0_] : [TIMESTAMP]) - [2019-05-23 15:57:23.0]
2019-06-13 17:57:29.729 TRACE 81444 --- [    Test worker] o.h.type.descriptor.sql.BasicExtractor   : extracted value ([is_active4_0_] : [BIT]) - [true]
2019-06-13 17:57:29.729 TRACE 81444 --- [    Test worker] o.h.type.descriptor.sql.BasicExtractor   : extracted value ([last_updated5_0_] : [TIMESTAMP]) - [2019-05-24 14:13:18.0]
2019-06-13 17:57:29.729 TRACE 81444 --- [    Test worker] o.h.type.descriptor.sql.BasicExtractor   : extracted value ([last_updator_id6_0_] : [BIGINT]) - [6]
2019-06-13 17:57:29.729 TRACE 81444 --- [    Test worker] o.h.type.descriptor.sql.BasicExtractor   : extracted value ([my_parent_id7_0_] : [BIGINT]) - [158]
2019-06-13 17:57:29.729 TRACE 81444 --- [    Test worker] o.h.type.descriptor.sql.BasicExtractor   : extracted value ([name8_0_] : [VARCHAR]) - [공과대학]
2019-06-13 17:57:29.729 TRACE 81444 --- [    Test worker] o.h.type.descriptor.sql.BasicExtractor   : extracted value ([id1_0_] : [BIGINT]) - [855]
2019-06-13 17:57:29.729 TRACE 81444 --- [    Test worker] o.h.type.descriptor.sql.BasicExtractor   : extracted value ([code2_0_] : [VARCHAR]) - [XL213]
2019-06-13 17:57:29.729 TRACE 81444 --- [    Test worker] o.h.type.descriptor.sql.BasicExtractor   : extracted value ([date_created3_0_] : [TIMESTAMP]) - [2019-05-23 15:57:27.0]
2019-06-13 17:57:29.729 TRACE 81444 --- [    Test worker] o.h.type.descriptor.sql.BasicExtractor   : extracted value ([is_active4_0_] : [BIT]) - [true]
2019-06-13 17:57:29.729 TRACE 81444 --- [    Test worker] o.h.type.descriptor.sql.BasicExtractor   : extracted value ([last_updated5_0_] : [TIMESTAMP]) - [2019-05-24 14:13:18.0]
2019-06-13 17:57:29.729 TRACE 81444 --- [    Test worker] o.h.type.descriptor.sql.BasicExtractor   : extracted value ([last_updator_id6_0_] : [BIGINT]) - [6]
2019-06-13 17:57:29.729 TRACE 81444 --- [    Test worker] o.h.type.descriptor.sql.BasicExtractor   : extracted value ([my_parent_id7_0_] : [BIGINT]) - [158]
2019-06-13 17:57:29.729 TRACE 81444 --- [    Test worker] o.h.type.descriptor.sql.BasicExtractor   : extracted value ([name8_0_] : [VARCHAR]) - [해양과학대학]
2019-06-13 17:57:29.729 TRACE 81444 --- [    Test worker] o.h.type.descriptor.sql.BasicExtractor   : extracted value ([id1_0_] : [BIGINT]) - [856]
2019-06-13 17:57:29.729 TRACE 81444 --- [    Test worker] o.h.type.descriptor.sql.BasicExtractor   : extracted value ([code2_0_] : [VARCHAR]) - [XL214]
2019-06-13 17:57:29.729 TRACE 81444 --- [    Test worker] o.h.type.descriptor.sql.BasicExtractor   : extracted value ([date_created3_0_] : [TIMESTAMP]) - [2019-05-23 15:57:28.0]
2019-06-13 17:57:29.729 TRACE 81444 --- [    Test worker] o.h.type.descriptor.sql.BasicExtractor   : extracted value ([is_active4_0_] : [BIT]) - [true]
2019-06-13 17:57:29.729 TRACE 81444 --- [    Test worker] o.h.type.descriptor.sql.BasicExtractor   : extracted value ([last_updated5_0_] : [TIMESTAMP]) - [2019-05-24 14:13:18.0]
2019-06-13 17:57:29.729 TRACE 81444 --- [    Test worker] o.h.type.descriptor.sql.BasicExtractor   : extracted value ([last_updator_id6_0_] : [BIGINT]) - [6]
2019-06-13 17:57:29.729 TRACE 81444 --- [    Test worker] o.h.type.descriptor.sql.BasicExtractor   : extracted value ([my_parent_id7_0_] : [BIGINT]) - [158]
2019-06-13 17:57:29.729 TRACE 81444 --- [    Test worker] o.h.type.descriptor.sql.BasicExtractor   : extracted value ([name8_0_] : [VARCHAR]) - [산업대학원]
2019-06-13 17:57:29.730 TRACE 81444 --- [    Test worker] o.h.type.descriptor.sql.BasicExtractor   : extracted value ([id1_0_] : [BIGINT]) - [857]
2019-06-13 17:57:29.730 TRACE 81444 --- [    Test worker] o.h.type.descriptor.sql.BasicExtractor   : extracted value ([code2_0_] : [VARCHAR]) - [XL215]
2019-06-13 17:57:29.730 TRACE 81444 --- [    Test worker] o.h.type.descriptor.sql.BasicExtractor   : extracted value ([date_created3_0_] : [TIMESTAMP]) - [2019-05-23 15:57:28.0]
2019-06-13 17:57:29.730 TRACE 81444 --- [    Test worker] o.h.type.descriptor.sql.BasicExtractor   : extracted value ([is_active4_0_] : [BIT]) - [true]
2019-06-13 17:57:29.730 TRACE 81444 --- [    Test worker] o.h.type.descriptor.sql.BasicExtractor   : extracted value ([last_updated5_0_] : [TIMESTAMP]) - [2019-05-24 14:13:19.0]
2019-06-13 17:57:29.730 TRACE 81444 --- [    Test worker] o.h.type.descriptor.sql.BasicExtractor   : extracted value ([last_updator_id6_0_] : [BIGINT]) - [6]
2019-06-13 17:57:29.730 TRACE 81444 --- [    Test worker] o.h.type.descriptor.sql.BasicExtractor   : extracted value ([my_parent_id7_0_] : [BIGINT]) - [158]
2019-06-13 17:57:29.730 TRACE 81444 --- [    Test worker] o.h.type.descriptor.sql.BasicExtractor   : extracted value ([name8_0_] : [VARCHAR]) - [경영행정대학원]
2019-06-13 17:57:29.730 TRACE 81444 --- [    Test worker] o.h.type.descriptor.sql.BasicExtractor   : extracted value ([id1_0_] : [BIGINT]) - [858]
2019-06-13 17:57:29.730 TRACE 81444 --- [    Test worker] o.h.type.descriptor.sql.BasicExtractor   : extracted value ([code2_0_] : [VARCHAR]) - [XL216]
2019-06-13 17:57:29.730 TRACE 81444 --- [    Test worker] o.h.type.descriptor.sql.BasicExtractor   : extracted value ([date_created3_0_] : [TIMESTAMP]) - [2019-05-23 15:57:28.0]
2019-06-13 17:57:29.730 TRACE 81444 --- [    Test worker] o.h.type.descriptor.sql.BasicExtractor   : extracted value ([is_active4_0_] : [BIT]) - [true]
2019-06-13 17:57:29.730 TRACE 81444 --- [    Test worker] o.h.type.descriptor.sql.BasicExtractor   : extracted value ([last_updated5_0_] : [TIMESTAMP]) - [2019-05-24 14:13:19.0]
2019-06-13 17:57:29.730 TRACE 81444 --- [    Test worker] o.h.type.descriptor.sql.BasicExtractor   : extracted value ([last_updator_id6_0_] : [BIGINT]) - [6]
2019-06-13 17:57:29.730 TRACE 81444 --- [    Test worker] o.h.type.descriptor.sql.BasicExtractor   : extracted value ([my_parent_id7_0_] : [BIGINT]) - [158]
2019-06-13 17:57:29.730 TRACE 81444 --- [    Test worker] o.h.type.descriptor.sql.BasicExtractor   : extracted value ([name8_0_] : [VARCHAR]) - [교육대학원]
2019-06-13 17:57:29.730 TRACE 81444 --- [    Test worker] o.h.type.descriptor.sql.BasicExtractor   : extracted value ([id1_0_] : [BIGINT]) - [859]
2019-06-13 17:57:29.730 TRACE 81444 --- [    Test worker] o.h.type.descriptor.sql.BasicExtractor   : extracted value ([code2_0_] : [VARCHAR]) - [XL220]
2019-06-13 17:57:29.730 TRACE 81444 --- [    Test worker] o.h.type.descriptor.sql.BasicExtractor   : extracted value ([date_created3_0_] : [TIMESTAMP]) - [2019-05-23 15:57:29.0]
2019-06-13 17:57:29.730 TRACE 81444 --- [    Test worker] o.h.type.descriptor.sql.BasicExtractor   : extracted value ([is_active4_0_] : [BIT]) - [true]
2019-06-13 17:57:29.730 TRACE 81444 --- [    Test worker] o.h.type.descriptor.sql.BasicExtractor   : extracted value ([last_updated5_0_] : [TIMESTAMP]) - [2019-05-24 14:13:19.0]
2019-06-13 17:57:29.730 TRACE 81444 --- [    Test worker] o.h.type.descriptor.sql.BasicExtractor   : extracted value ([last_updator_id6_0_] : [BIGINT]) - [6]
2019-06-13 17:57:29.730 TRACE 81444 --- [    Test worker] o.h.type.descriptor.sql.BasicExtractor   : extracted value ([my_parent_id7_0_] : [BIGINT]) - [676]
2019-06-13 17:57:29.731 TRACE 81444 --- [    Test worker] o.h.type.descriptor.sql.BasicExtractor   : extracted value ([name8_0_] : [VARCHAR]) - [생활협동조합]
2019-06-13 17:57:29.731 TRACE 81444 --- [    Test worker] o.h.type.descriptor.sql.BasicExtractor   : extracted value ([id1_0_] : [BIGINT]) - [860]
2019-06-13 17:57:29.731 TRACE 81444 --- [    Test worker] o.h.type.descriptor.sql.BasicExtractor   : extracted value ([code2_0_] : [VARCHAR]) - [XL221]
2019-06-13 17:57:29.731 TRACE 81444 --- [    Test worker] o.h.type.descriptor.sql.BasicExtractor   : extracted value ([date_created3_0_] : [TIMESTAMP]) - [2019-05-23 15:57:29.0]
2019-06-13 17:57:29.731 TRACE 81444 --- [    Test worker] o.h.type.descriptor.sql.BasicExtractor   : extracted value ([is_active4_0_] : [BIT]) - [true]
2019-06-13 17:57:29.731 TRACE 81444 --- [    Test worker] o.h.type.descriptor.sql.BasicExtractor   : extracted value ([last_updated5_0_] : [TIMESTAMP]) - [2019-05-24 14:13:20.0]
2019-06-13 17:57:29.731 TRACE 81444 --- [    Test worker] o.h.type.descriptor.sql.BasicExtractor   : extracted value ([last_updator_id6_0_] : [BIGINT]) - [6]
2019-06-13 17:57:29.731 TRACE 81444 --- [    Test worker] o.h.type.descriptor.sql.BasicExtractor   : extracted value ([my_parent_id7_0_] : [BIGINT]) - [837]
2019-06-13 17:57:29.731 TRACE 81444 --- [    Test worker] o.h.type.descriptor.sql.BasicExtractor   : extracted value ([name8_0_] : [VARCHAR]) - [해양과학대학선박실습운영센터]
2019-06-13 17:57:29.748 TRACE 81444 --- [    Test worker] o.h.type.descriptor.sql.BasicExtractor   : extracted value ([id1_0_] : [BIGINT]) - [861]
2019-06-13 17:57:29.748 TRACE 81444 --- [    Test worker] o.h.type.descriptor.sql.BasicExtractor   : extracted value ([code2_0_] : [VARCHAR]) - [XL222]
2019-06-13 17:57:29.748 TRACE 81444 --- [    Test worker] o.h.type.descriptor.sql.BasicExtractor   : extracted value ([date_created3_0_] : [TIMESTAMP]) - [2019-05-23 15:57:30.0]
2019-06-13 17:57:29.748 TRACE 81444 --- [    Test worker] o.h.type.descriptor.sql.BasicExtractor   : extracted value ([is_active4_0_] : [BIT]) - [true]
2019-06-13 17:57:29.748 TRACE 81444 --- [    Test worker] o.h.type.descriptor.sql.BasicExtractor   : extracted value ([last_updated5_0_] : [TIMESTAMP]) - [2019-05-24 14:13:20.0]
2019-06-13 17:57:29.748 TRACE 81444 --- [    Test worker] o.h.type.descriptor.sql.BasicExtractor   : extracted value ([last_updator_id6_0_] : [BIGINT]) - [6]
2019-06-13 17:57:29.748 TRACE 81444 --- [    Test worker] o.h.type.descriptor.sql.BasicExtractor   : extracted value ([my_parent_id7_0_] : [BIGINT]) - [837]
2019-06-13 17:57:29.748 TRACE 81444 --- [    Test worker] o.h.type.descriptor.sql.BasicExtractor   : extracted value ([name8_0_] : [VARCHAR]) - [해양과학대학해양수산실습원]
2019-06-13 17:57:29.749 TRACE 81444 --- [    Test worker] o.h.type.descriptor.sql.BasicExtractor   : extracted value ([id1_0_] : [BIGINT]) - [862]
2019-06-13 17:57:29.749 TRACE 81444 --- [    Test worker] o.h.type.descriptor.sql.BasicExtractor   : extracted value ([code2_0_] : [VARCHAR]) - [XL223]
2019-06-13 17:57:29.749 TRACE 81444 --- [    Test worker] o.h.type.descriptor.sql.BasicExtractor   : extracted value ([date_created3_0_] : [TIMESTAMP]) - [2019-05-23 15:57:30.0]
2019-06-13 17:57:29.749 TRACE 81444 --- [    Test worker] o.h.type.descriptor.sql.BasicExtractor   : extracted value ([is_active4_0_] : [BIT]) - [true]
2019-06-13 17:57:29.749 TRACE 81444 --- [    Test worker] o.h.type.descriptor.sql.BasicExtractor   : extracted value ([last_updated5_0_] : [TIMESTAMP]) - [2019-05-24 14:27:30.0]
2019-06-13 17:57:29.749 TRACE 81444 --- [    Test worker] o.h.type.descriptor.sql.BasicExtractor   : extracted value ([last_updator_id6_0_] : [BIGINT]) - [6]
2019-06-13 17:57:29.749 TRACE 81444 --- [    Test worker] o.h.type.descriptor.sql.BasicExtractor   : extracted value ([my_parent_id7_0_] : [BIGINT]) - [null]
2019-06-13 17:57:29.749 TRACE 81444 --- [    Test worker] o.h.type.descriptor.sql.BasicExtractor   : extracted value ([name8_0_] : [VARCHAR]) - [산학융합공과대학개설추진단]
2019-06-13 17:57:29.749 TRACE 81444 --- [    Test worker] o.h.type.descriptor.sql.BasicExtractor   : extracted value ([id1_0_] : [BIGINT]) - [863]
2019-06-13 17:57:29.749 TRACE 81444 --- [    Test worker] o.h.type.descriptor.sql.BasicExtractor   : extracted value ([code2_0_] : [VARCHAR]) - [XL224]
2019-06-13 17:57:29.749 TRACE 81444 --- [    Test worker] o.h.type.descriptor.sql.BasicExtractor   : extracted value ([date_created3_0_] : [TIMESTAMP]) - [2019-05-23 15:57:30.0]
2019-06-13 17:57:29.749 TRACE 81444 --- [    Test worker] o.h.type.descriptor.sql.BasicExtractor   : extracted value ([is_active4_0_] : [BIT]) - [true]
2019-06-13 17:57:29.749 TRACE 81444 --- [    Test worker] o.h.type.descriptor.sql.BasicExtractor   : extracted value ([last_updated5_0_] : [TIMESTAMP]) - [2019-05-24 14:13:21.0]
2019-06-13 17:57:29.749 TRACE 81444 --- [    Test worker] o.h.type.descriptor.sql.BasicExtractor   : extracted value ([last_updator_id6_0_] : [BIGINT]) - [6]
2019-06-13 17:57:29.749 TRACE 81444 --- [    Test worker] o.h.type.descriptor.sql.BasicExtractor   : extracted value ([my_parent_id7_0_] : [BIGINT]) - [837]
2019-06-13 17:57:29.749 TRACE 81444 --- [    Test worker] o.h.type.descriptor.sql.BasicExtractor   : extracted value ([name8_0_] : [VARCHAR]) - [교육연수원]
2019-06-13 17:57:29.749 TRACE 81444 --- [    Test worker] o.h.type.descriptor.sql.BasicExtractor   : extracted value ([id1_0_] : [BIGINT]) - [864]
2019-06-13 17:57:29.749 TRACE 81444 --- [    Test worker] o.h.type.descriptor.sql.BasicExtractor   : extracted value ([code2_0_] : [VARCHAR]) - [XL225]
2019-06-13 17:57:29.749 TRACE 81444 --- [    Test worker] o.h.type.descriptor.sql.BasicExtractor   : extracted value ([date_created3_0_] : [TIMESTAMP]) - [2019-05-23 15:57:31.0]
2019-06-13 17:57:29.749 TRACE 81444 --- [    Test worker] o.h.type.descriptor.sql.BasicExtractor   : extracted value ([is_active4_0_] : [BIT]) - [true]
2019-06-13 17:57:29.749 TRACE 81444 --- [    Test worker] o.h.type.descriptor.sql.BasicExtractor   : extracted value ([last_updated5_0_] : [TIMESTAMP]) - [2019-05-24 14:13:21.0]
2019-06-13 17:57:29.750 TRACE 81444 --- [    Test worker] o.h.type.descriptor.sql.BasicExtractor   : extracted value ([last_updator_id6_0_] : [BIGINT]) - [6]
2019-06-13 17:57:29.750 TRACE 81444 --- [    Test worker] o.h.type.descriptor.sql.BasicExtractor   : extracted value ([my_parent_id7_0_] : [BIGINT]) - [837]
2019-06-13 17:57:29.750 TRACE 81444 --- [    Test worker] o.h.type.descriptor.sql.BasicExtractor   : extracted value ([name8_0_] : [VARCHAR]) - [생활체육지도자연수원]
2019-06-13 17:57:29.750 TRACE 81444 --- [    Test worker] o.h.type.descriptor.sql.BasicExtractor   : extracted value ([id1_0_] : [BIGINT]) - [865]
2019-06-13 17:57:29.750 TRACE 81444 --- [    Test worker] o.h.type.descriptor.sql.BasicExtractor   : extracted value ([code2_0_] : [VARCHAR]) - [XL226]
2019-06-13 17:57:29.750 TRACE 81444 --- [    Test worker] o.h.type.descriptor.sql.BasicExtractor   : extracted value ([date_created3_0_] : [TIMESTAMP]) - [2019-05-23 15:57:31.0]
2019-06-13 17:57:29.750 TRACE 81444 --- [    Test worker] o.h.type.descriptor.sql.BasicExtractor   : extracted value ([is_active4_0_] : [BIT]) - [true]
2019-06-13 17:57:29.750 TRACE 81444 --- [    Test worker] o.h.type.descriptor.sql.BasicExtractor   : extracted value ([last_updated5_0_] : [TIMESTAMP]) - [2019-05-24 14:13:21.0]
2019-06-13 17:57:29.750 TRACE 81444 --- [    Test worker] o.h.type.descriptor.sql.BasicExtractor   : extracted value ([last_updator_id6_0_] : [BIGINT]) - [6]
2019-06-13 17:57:29.750 TRACE 81444 --- [    Test worker] o.h.type.descriptor.sql.BasicExtractor   : extracted value ([my_parent_id7_0_] : [BIGINT]) - [837]
2019-06-13 17:57:29.750 TRACE 81444 --- [    Test worker] o.h.type.descriptor.sql.BasicExtractor   : extracted value ([name8_0_] : [VARCHAR]) - [기업지원센터]
2019-06-13 17:57:29.750 TRACE 81444 --- [    Test worker] o.h.type.descriptor.sql.BasicExtractor   : extracted value ([id1_0_] : [BIGINT]) - [866]
2019-06-13 17:57:29.750 TRACE 81444 --- [    Test worker] o.h.type.descriptor.sql.BasicExtractor   : extracted value ([code2_0_] : [VARCHAR]) - [XL227]
2019-06-13 17:57:29.750 TRACE 81444 --- [    Test worker] o.h.type.descriptor.sql.BasicExtractor   : extracted value ([date_created3_0_] : [TIMESTAMP]) - [2019-05-23 15:57:31.0]
2019-06-13 17:57:29.750 TRACE 81444 --- [    Test worker] o.h.type.descriptor.sql.BasicExtractor   : extracted value ([is_active4_0_] : [BIT]) - [true]
2019-06-13 17:57:29.750 TRACE 81444 --- [    Test worker] o.h.type.descriptor.sql.BasicExtractor   : extracted value ([last_updated5_0_] : [TIMESTAMP]) - [2019-05-24 14:27:32.0]
2019-06-13 17:57:29.750 TRACE 81444 --- [    Test worker] o.h.type.descriptor.sql.BasicExtractor   : extracted value ([last_updator_id6_0_] : [BIGINT]) - [6]
2019-06-13 17:57:29.750 TRACE 81444 --- [    Test worker] o.h.type.descriptor.sql.BasicExtractor   : extracted value ([my_parent_id7_0_] : [BIGINT]) - [null]
2019-06-13 17:57:29.750 TRACE 81444 --- [    Test worker] o.h.type.descriptor.sql.BasicExtractor   : extracted value ([name8_0_] : [VARCHAR]) - [녹조적조연구센터]
2019-06-13 17:57:29.750 TRACE 81444 --- [    Test worker] o.h.type.descriptor.sql.BasicExtractor   : extracted value ([id1_0_] : [BIGINT]) - [867]
2019-06-13 17:57:29.750 TRACE 81444 --- [    Test worker] o.h.type.descriptor.sql.BasicExtractor   : extracted value ([code2_0_] : [VARCHAR]) - [XL228]
2019-06-13 17:57:29.750 TRACE 81444 --- [    Test worker] o.h.type.descriptor.sql.BasicExtractor   : extracted value ([date_created3_0_] : [TIMESTAMP]) - [2019-05-23 15:57:32.0]
2019-06-13 17:57:29.750 TRACE 81444 --- [    Test worker] o.h.type.descriptor.sql.BasicExtractor   : extracted value ([is_active4_0_] : [BIT]) - [true]
2019-06-13 17:57:29.751 TRACE 81444 --- [    Test worker] o.h.type.descriptor.sql.BasicExtractor   : extracted value ([last_updated5_0_] : [TIMESTAMP]) - [2019-05-24 14:27:32.0]
2019-06-13 17:57:29.751 TRACE 81444 --- [    Test worker] o.h.type.descriptor.sql.BasicExtractor   : extracted value ([last_updator_id6_0_] : [BIGINT]) - [6]
2019-06-13 17:57:29.751 TRACE 81444 --- [    Test worker] o.h.type.descriptor.sql.BasicExtractor   : extracted value ([my_parent_id7_0_] : [BIGINT]) - [null]
2019-06-13 17:57:29.751 TRACE 81444 --- [    Test worker] o.h.type.descriptor.sql.BasicExtractor   : extracted value ([name8_0_] : [VARCHAR]) - [기술혁신센터]
2019-06-13 17:57:29.751 TRACE 81444 --- [    Test worker] o.h.type.descriptor.sql.BasicExtractor   : extracted value ([id1_0_] : [BIGINT]) - [868]
2019-06-13 17:57:29.751 TRACE 81444 --- [    Test worker] o.h.type.descriptor.sql.BasicExtractor   : extracted value ([code2_0_] : [VARCHAR]) - [XL229]
2019-06-13 17:57:29.751 TRACE 81444 --- [    Test worker] o.h.type.descriptor.sql.BasicExtractor   : extracted value ([date_created3_0_] : [TIMESTAMP]) - [2019-05-23 15:57:32.0]
2019-06-13 17:57:29.751 TRACE 81444 --- [    Test worker] o.h.type.descriptor.sql.BasicExtractor   : extracted value ([is_active4_0_] : [BIT]) - [true]
2019-06-13 17:57:29.751 TRACE 81444 --- [    Test worker] o.h.type.descriptor.sql.BasicExtractor   : extracted value ([last_updated5_0_] : [TIMESTAMP]) - [2019-05-24 14:13:22.0]
2019-06-13 17:57:29.751 TRACE 81444 --- [    Test worker] o.h.type.descriptor.sql.BasicExtractor   : extracted value ([last_updator_id6_0_] : [BIGINT]) - [6]
2019-06-13 17:57:29.751 TRACE 81444 --- [    Test worker] o.h.type.descriptor.sql.BasicExtractor   : extracted value ([my_parent_id7_0_] : [BIGINT]) - [158]
2019-06-13 17:57:29.751 TRACE 81444 --- [    Test worker] o.h.type.descriptor.sql.BasicExtractor   : extracted value ([name8_0_] : [VARCHAR]) - [학생군사교육단]
2019-06-13 17:57:29.751 TRACE 81444 --- [    Test worker] o.h.type.descriptor.sql.BasicExtractor   : extracted value ([id1_0_] : [BIGINT]) - [869]
2019-06-13 17:57:29.751 TRACE 81444 --- [    Test worker] o.h.type.descriptor.sql.BasicExtractor   : extracted value ([code2_0_] : [VARCHAR]) - [XL230]
2019-06-13 17:57:29.751 TRACE 81444 --- [    Test worker] o.h.type.descriptor.sql.BasicExtractor   : extracted value ([date_created3_0_] : [TIMESTAMP]) - [2019-05-23 15:57:32.0]
2019-06-13 17:57:29.751 TRACE 81444 --- [    Test worker] o.h.type.descriptor.sql.BasicExtractor   : extracted value ([is_active4_0_] : [BIT]) - [true]
2019-06-13 17:57:29.751 TRACE 81444 --- [    Test worker] o.h.type.descriptor.sql.BasicExtractor   : extracted value ([last_updated5_0_] : [TIMESTAMP]) - [2019-05-24 14:13:23.0]
2019-06-13 17:57:29.752 TRACE 81444 --- [    Test worker] o.h.type.descriptor.sql.BasicExtractor   : extracted value ([last_updator_id6_0_] : [BIGINT]) - [6]
2019-06-13 17:57:29.752 TRACE 81444 --- [    Test worker] o.h.type.descriptor.sql.BasicExtractor   : extracted value ([my_parent_id7_0_] : [BIGINT]) - [838]
2019-06-13 17:57:29.752 TRACE 81444 --- [    Test worker] o.h.type.descriptor.sql.BasicExtractor   : extracted value ([name8_0_] : [VARCHAR]) - [환경건설연구소]
2019-06-13 17:57:29.752 TRACE 81444 --- [    Test worker] o.h.type.descriptor.sql.BasicExtractor   : extracted value ([id1_0_] : [BIGINT]) - [870]
2019-06-13 17:57:29.752 TRACE 81444 --- [    Test worker] o.h.type.descriptor.sql.BasicExtractor   : extracted value ([code2_0_] : [VARCHAR]) - [XL231]
2019-06-13 17:57:29.752 TRACE 81444 --- [    Test worker] o.h.type.descriptor.sql.BasicExtractor   : extracted value ([date_created3_0_] : [TIMESTAMP]) - [2019-05-23 15:57:33.0]
2019-06-13 17:57:29.752 TRACE 81444 --- [    Test worker] o.h.type.descriptor.sql.BasicExtractor   : extracted value ([is_active4_0_] : [BIT]) - [true]
2019-06-13 17:57:29.752 TRACE 81444 --- [    Test worker] o.h.type.descriptor.sql.BasicExtractor   : extracted value ([last_updated5_0_] : [TIMESTAMP]) - [2019-05-24 14:13:23.0]
2019-06-13 17:57:29.752 TRACE 81444 --- [    Test worker] o.h.type.descriptor.sql.BasicExtractor   : extracted value ([last_updator_id6_0_] : [BIGINT]) - [6]
2019-06-13 17:57:29.752 TRACE 81444 --- [    Test worker] o.h.type.descriptor.sql.BasicExtractor   : extracted value ([my_parent_id7_0_] : [BIGINT]) - [873]
2019-06-13 17:57:29.752 TRACE 81444 --- [    Test worker] o.h.type.descriptor.sql.BasicExtractor   : extracted value ([name8_0_] : [VARCHAR]) - [여학생행복지원센터]
2019-06-13 17:57:29.770 TRACE 81444 --- [    Test worker] o.h.type.descriptor.sql.BasicExtractor   : extracted value ([id1_0_] : [BIGINT]) - [871]
2019-06-13 17:57:29.770 TRACE 81444 --- [    Test worker] o.h.type.descriptor.sql.BasicExtractor   : extracted value ([code2_0_] : [VARCHAR]) - [XL232]
2019-06-13 17:57:29.770 TRACE 81444 --- [    Test worker] o.h.type.descriptor.sql.BasicExtractor   : extracted value ([date_created3_0_] : [TIMESTAMP]) - [2019-05-23 15:57:33.0]
2019-06-13 17:57:29.770 TRACE 81444 --- [    Test worker] o.h.type.descriptor.sql.BasicExtractor   : extracted value ([is_active4_0_] : [BIT]) - [true]
2019-06-13 17:57:29.770 TRACE 81444 --- [    Test worker] o.h.type.descriptor.sql.BasicExtractor   : extracted value ([last_updated5_0_] : [TIMESTAMP]) - [2019-05-24 14:13:23.0]
2019-06-13 17:57:29.770 TRACE 81444 --- [    Test worker] o.h.type.descriptor.sql.BasicExtractor   : extracted value ([last_updator_id6_0_] : [BIGINT]) - [6]
2019-06-13 17:57:29.770 TRACE 81444 --- [    Test worker] o.h.type.descriptor.sql.BasicExtractor   : extracted value ([my_parent_id7_0_] : [BIGINT]) - [158]
2019-06-13 17:57:29.770 TRACE 81444 --- [    Test worker] o.h.type.descriptor.sql.BasicExtractor   : extracted value ([name8_0_] : [VARCHAR]) - [산학융합공과대학]
2019-06-13 17:57:29.770 TRACE 81444 --- [    Test worker] o.h.type.descriptor.sql.BasicExtractor   : extracted value ([id1_0_] : [BIGINT]) - [872]
2019-06-13 17:57:29.770 TRACE 81444 --- [    Test worker] o.h.type.descriptor.sql.BasicExtractor   : extracted value ([code2_0_] : [VARCHAR]) - [XL240]
2019-06-13 17:57:29.771 TRACE 81444 --- [    Test worker] o.h.type.descriptor.sql.BasicExtractor   : extracted value ([date_created3_0_] : [TIMESTAMP]) - [2019-05-23 15:57:33.0]
2019-06-13 17:57:29.771 TRACE 81444 --- [    Test worker] o.h.type.descriptor.sql.BasicExtractor   : extracted value ([is_active4_0_] : [BIT]) - [true]
2019-06-13 17:57:29.771 TRACE 81444 --- [    Test worker] o.h.type.descriptor.sql.BasicExtractor   : extracted value ([last_updated5_0_] : [TIMESTAMP]) - [2019-05-24 14:13:24.0]
2019-06-13 17:57:29.771 TRACE 81444 --- [    Test worker] o.h.type.descriptor.sql.BasicExtractor   : extracted value ([last_updator_id6_0_] : [BIGINT]) - [6]
2019-06-13 17:57:29.771 TRACE 81444 --- [    Test worker] o.h.type.descriptor.sql.BasicExtractor   : extracted value ([my_parent_id7_0_] : [BIGINT]) - [158]
2019-06-13 17:57:29.771 TRACE 81444 --- [    Test worker] o.h.type.descriptor.sql.BasicExtractor   : extracted value ([name8_0_] : [VARCHAR]) - [학생·취업지원처]
2019-06-13 17:57:29.771 TRACE 81444 --- [    Test worker] o.h.type.descriptor.sql.BasicExtractor   : extracted value ([id1_0_] : [BIGINT]) - [873]
2019-06-13 17:57:29.771 TRACE 81444 --- [    Test worker] o.h.type.descriptor.sql.BasicExtractor   : extracted value ([code2_0_] : [VARCHAR]) - [XL241]
2019-06-13 17:57:29.771 TRACE 81444 --- [    Test worker] o.h.type.descriptor.sql.BasicExtractor   : extracted value ([date_created3_0_] : [TIMESTAMP]) - [2019-05-23 15:57:34.0]
2019-06-13 17:57:29.771 TRACE 81444 --- [    Test worker] o.h.type.descriptor.sql.BasicExtractor   : extracted value ([is_active4_0_] : [BIT]) - [true]
2019-06-13 17:57:29.771 TRACE 81444 --- [    Test worker] o.h.type.descriptor.sql.BasicExtractor   : extracted value ([last_updated5_0_] : [TIMESTAMP]) - [2019-05-24 14:13:24.0]
2019-06-13 17:57:29.771 TRACE 81444 --- [    Test worker] o.h.type.descriptor.sql.BasicExtractor   : extracted value ([last_updator_id6_0_] : [BIGINT]) - [6]
2019-06-13 17:57:29.771 TRACE 81444 --- [    Test worker] o.h.type.descriptor.sql.BasicExtractor   : extracted value ([my_parent_id7_0_] : [BIGINT]) - [872]
2019-06-13 17:57:29.771 TRACE 81444 --- [    Test worker] o.h.type.descriptor.sql.BasicExtractor   : extracted value ([name8_0_] : [VARCHAR]) - [취·창업지원과]
2019-06-13 17:57:29.771 TRACE 81444 --- [    Test worker] o.h.type.descriptor.sql.BasicExtractor   : extracted value ([id1_0_] : [BIGINT]) - [874]
2019-06-13 17:57:29.771 TRACE 81444 --- [    Test worker] o.h.type.descriptor.sql.BasicExtractor   : extracted value ([code2_0_] : [VARCHAR]) - [XL242]
2019-06-13 17:57:29.771 TRACE 81444 --- [    Test worker] o.h.type.descriptor.sql.BasicExtractor   : extracted value ([date_created3_0_] : [TIMESTAMP]) - [2019-05-23 15:57:34.0]
2019-06-13 17:57:29.771 TRACE 81444 --- [    Test worker] o.h.type.descriptor.sql.BasicExtractor   : extracted value ([is_active4_0_] : [BIT]) - [true]
2019-06-13 17:57:29.771 TRACE 81444 --- [    Test worker] o.h.type.descriptor.sql.BasicExtractor   : extracted value ([last_updated5_0_] : [TIMESTAMP]) - [2019-05-24 15:05:02.0]
2019-06-13 17:57:29.771 TRACE 81444 --- [    Test worker] o.h.type.descriptor.sql.BasicExtractor   : extracted value ([last_updator_id6_0_] : [BIGINT]) - [6]
2019-06-13 17:57:29.771 TRACE 81444 --- [    Test worker] o.h.type.descriptor.sql.BasicExtractor   : extracted value ([my_parent_id7_0_] : [BIGINT]) - [745]
2019-06-13 17:57:29.772 TRACE 81444 --- [    Test worker] o.h.type.descriptor.sql.BasicExtractor   : extracted value ([name8_0_] : [VARCHAR]) - [인공지능무인시스템연구센터]
2019-06-13 17:57:29.772 TRACE 81444 --- [    Test worker] o.h.type.descriptor.sql.BasicExtractor   : extracted value ([id1_0_] : [BIGINT]) - [875]
2019-06-13 17:57:29.772 TRACE 81444 --- [    Test worker] o.h.type.descriptor.sql.BasicExtractor   : extracted value ([code2_0_] : [VARCHAR]) - [XL243]
2019-06-13 17:57:29.772 TRACE 81444 --- [    Test worker] o.h.type.descriptor.sql.BasicExtractor   : extracted value ([date_created3_0_] : [TIMESTAMP]) - [2019-05-23 15:57:34.0]
2019-06-13 17:57:29.772 TRACE 81444 --- [    Test worker] o.h.type.descriptor.sql.BasicExtractor   : extracted value ([is_active4_0_] : [BIT]) - [true]
2019-06-13 17:57:29.772 TRACE 81444 --- [    Test worker] o.h.type.descriptor.sql.BasicExtractor   : extracted value ([last_updated5_0_] : [TIMESTAMP]) - [2019-05-24 14:13:24.0]
2019-06-13 17:57:29.772 TRACE 81444 --- [    Test worker] o.h.type.descriptor.sql.BasicExtractor   : extracted value ([last_updator_id6_0_] : [BIGINT]) - [6]
2019-06-13 17:57:29.772 TRACE 81444 --- [    Test worker] o.h.type.descriptor.sql.BasicExtractor   : extracted value ([my_parent_id7_0_] : [BIGINT]) - [837]
2019-06-13 17:57:29.772 TRACE 81444 --- [    Test worker] o.h.type.descriptor.sql.BasicExtractor   : extracted value ([name8_0_] : [VARCHAR]) - [대학창조일자리센터]
2019-06-13 17:57:29.772 TRACE 81444 --- [    Test worker] o.h.type.descriptor.sql.BasicExtractor   : extracted value ([id1_0_] : [BIGINT]) - [876]
2019-06-13 17:57:29.772 TRACE 81444 --- [    Test worker] o.h.type.descriptor.sql.BasicExtractor   : extracted value ([code2_0_] : [VARCHAR]) - [XL244]
2019-06-13 17:57:29.772 TRACE 81444 --- [    Test worker] o.h.type.descriptor.sql.BasicExtractor   : extracted value ([date_created3_0_] : [TIMESTAMP]) - [2019-05-23 15:57:35.0]
2019-06-13 17:57:29.772 TRACE 81444 --- [    Test worker] o.h.type.descriptor.sql.BasicExtractor   : extracted value ([is_active4_0_] : [BIT]) - [true]
2019-06-13 17:57:29.772 TRACE 81444 --- [    Test worker] o.h.type.descriptor.sql.BasicExtractor   : extracted value ([last_updated5_0_] : [TIMESTAMP]) - [2019-05-24 14:13:25.0]
2019-06-13 17:57:29.772 TRACE 81444 --- [    Test worker] o.h.type.descriptor.sql.BasicExtractor   : extracted value ([last_updator_id6_0_] : [BIGINT]) - [6]
2019-06-13 17:57:29.772 TRACE 81444 --- [    Test worker] o.h.type.descriptor.sql.BasicExtractor   : extracted value ([my_parent_id7_0_] : [BIGINT]) - [837]
2019-06-13 17:57:29.772 TRACE 81444 --- [    Test worker] o.h.type.descriptor.sql.BasicExtractor   : extracted value ([name8_0_] : [VARCHAR]) - [생명윤리센터]
2019-06-13 17:57:29.772 TRACE 81444 --- [    Test worker] o.h.type.descriptor.sql.BasicExtractor   : extracted value ([id1_0_] : [BIGINT]) - [877]
2019-06-13 17:57:29.772 TRACE 81444 --- [    Test worker] o.h.type.descriptor.sql.BasicExtractor   : extracted value ([code2_0_] : [VARCHAR]) - [XL245]
2019-06-13 17:57:29.772 TRACE 81444 --- [    Test worker] o.h.type.descriptor.sql.BasicExtractor   : extracted value ([date_created3_0_] : [TIMESTAMP]) - [2019-05-23 15:57:35.0]
2019-06-13 17:57:29.772 TRACE 81444 --- [    Test worker] o.h.type.descriptor.sql.BasicExtractor   : extracted value ([is_active4_0_] : [BIT]) - [true]
2019-06-13 17:57:29.772 TRACE 81444 --- [    Test worker] o.h.type.descriptor.sql.BasicExtractor   : extracted value ([last_updated5_0_] : [TIMESTAMP]) - [2019-05-24 14:27:34.0]
2019-06-13 17:57:29.772 TRACE 81444 --- [    Test worker] o.h.type.descriptor.sql.BasicExtractor   : extracted value ([last_updator_id6_0_] : [BIGINT]) - [6]
2019-06-13 17:57:29.772 TRACE 81444 --- [    Test worker] o.h.type.descriptor.sql.BasicExtractor   : extracted value ([my_parent_id7_0_] : [BIGINT]) - [null]
2019-06-13 17:57:29.772 TRACE 81444 --- [    Test worker] o.h.type.descriptor.sql.BasicExtractor   : extracted value ([name8_0_] : [VARCHAR]) - [전북씨그랜트센터]
2019-06-13 17:57:29.772 TRACE 81444 --- [    Test worker] o.h.type.descriptor.sql.BasicExtractor   : extracted value ([id1_0_] : [BIGINT]) - [878]
2019-06-13 17:57:29.772 TRACE 81444 --- [    Test worker] o.h.type.descriptor.sql.BasicExtractor   : extracted value ([code2_0_] : [VARCHAR]) - [XL247]
2019-06-13 17:57:29.772 TRACE 81444 --- [    Test worker] o.h.type.descriptor.sql.BasicExtractor   : extracted value ([date_created3_0_] : [TIMESTAMP]) - [2019-05-23 15:57:35.0]
2019-06-13 17:57:29.773 TRACE 81444 --- [    Test worker] o.h.type.descriptor.sql.BasicExtractor   : extracted value ([is_active4_0_] : [BIT]) - [true]
2019-06-13 17:57:29.773 TRACE 81444 --- [    Test worker] o.h.type.descriptor.sql.BasicExtractor   : extracted value ([last_updated5_0_] : [TIMESTAMP]) - [2019-05-24 14:27:35.0]
2019-06-13 17:57:29.773 TRACE 81444 --- [    Test worker] o.h.type.descriptor.sql.BasicExtractor   : extracted value ([last_updator_id6_0_] : [BIGINT]) - [6]
2019-06-13 17:57:29.773 TRACE 81444 --- [    Test worker] o.h.type.descriptor.sql.BasicExtractor   : extracted value ([my_parent_id7_0_] : [BIGINT]) - [null]
2019-06-13 17:57:29.773 TRACE 81444 --- [    Test worker] o.h.type.descriptor.sql.BasicExtractor   : extracted value ([name8_0_] : [VARCHAR]) - [인공지능자율시스템센터]
2019-06-13 17:57:29.773 TRACE 81444 --- [    Test worker] o.h.type.descriptor.sql.BasicExtractor   : extracted value ([id1_0_] : [BIGINT]) - [879]
2019-06-13 17:57:29.773 TRACE 81444 --- [    Test worker] o.h.type.descriptor.sql.BasicExtractor   : extracted value ([code2_0_] : [VARCHAR]) - [XL248]
2019-06-13 17:57:29.773 TRACE 81444 --- [    Test worker] o.h.type.descriptor.sql.BasicExtractor   : extracted value ([date_created3_0_] : [TIMESTAMP]) - [2019-05-23 15:57:36.0]
2019-06-13 17:57:29.773 TRACE 81444 --- [    Test worker] o.h.type.descriptor.sql.BasicExtractor   : extracted value ([is_active4_0_] : [BIT]) - [true]
2019-06-13 17:57:29.773 TRACE 81444 --- [    Test worker] o.h.type.descriptor.sql.BasicExtractor   : extracted value ([last_updated5_0_] : [TIMESTAMP]) - [2019-05-24 14:27:35.0]
2019-06-13 17:57:29.773 TRACE 81444 --- [    Test worker] o.h.type.descriptor.sql.BasicExtractor   : extracted value ([last_updator_id6_0_] : [BIGINT]) - [6]
2019-06-13 17:57:29.773 TRACE 81444 --- [    Test worker] o.h.type.descriptor.sql.BasicExtractor   : extracted value ([my_parent_id7_0_] : [BIGINT]) - [null]
2019-06-13 17:57:29.773 TRACE 81444 --- [    Test worker] o.h.type.descriptor.sql.BasicExtractor   : extracted value ([name8_0_] : [VARCHAR]) - [WISET전북지역군산대사업단]
2019-06-13 17:57:29.773 TRACE 81444 --- [    Test worker] o.h.type.descriptor.sql.BasicExtractor   : extracted value ([id1_0_] : [BIGINT]) - [880]
2019-06-13 17:57:29.773 TRACE 81444 --- [    Test worker] o.h.type.descriptor.sql.BasicExtractor   : extracted value ([code2_0_] : [VARCHAR]) - [XL249]
2019-06-13 17:57:29.773 TRACE 81444 --- [    Test worker] o.h.type.descriptor.sql.BasicExtractor   : extracted value ([date_created3_0_] : [TIMESTAMP]) - [2019-05-23 15:57:36.0]
2019-06-13 17:57:29.773 TRACE 81444 --- [    Test worker] o.h.type.descriptor.sql.BasicExtractor   : extracted value ([is_active4_0_] : [BIT]) - [true]
2019-06-13 17:57:29.773 TRACE 81444 --- [    Test worker] o.h.type.descriptor.sql.BasicExtractor   : extracted value ([last_updated5_0_] : [TIMESTAMP]) - [2019-05-24 14:27:35.0]
2019-06-13 17:57:29.773 TRACE 81444 --- [    Test worker] o.h.type.descriptor.sql.BasicExtractor   : extracted value ([last_updator_id6_0_] : [BIGINT]) - [6]
2019-06-13 17:57:29.773 TRACE 81444 --- [    Test worker] o.h.type.descriptor.sql.BasicExtractor   : extracted value ([my_parent_id7_0_] : [BIGINT]) - [null]
2019-06-13 17:57:29.774 TRACE 81444 --- [    Test worker] o.h.type.descriptor.sql.BasicExtractor   : extracted value ([name8_0_] : [VARCHAR]) - [미래형자동차R&D전문인력양성사업단]
2019-06-13 17:57:29.790 TRACE 81444 --- [    Test worker] o.h.type.descriptor.sql.BasicExtractor   : extracted value ([id1_0_] : [BIGINT]) - [881]
2019-06-13 17:57:29.790 TRACE 81444 --- [    Test worker] o.h.type.descriptor.sql.BasicExtractor   : extracted value ([code2_0_] : [VARCHAR]) - [XL250]
2019-06-13 17:57:29.790 TRACE 81444 --- [    Test worker] o.h.type.descriptor.sql.BasicExtractor   : extracted value ([date_created3_0_] : [TIMESTAMP]) - [2019-05-23 15:57:36.0]
2019-06-13 17:57:29.790 TRACE 81444 --- [    Test worker] o.h.type.descriptor.sql.BasicExtractor   : extracted value ([is_active4_0_] : [BIT]) - [true]
2019-06-13 17:57:29.790 TRACE 81444 --- [    Test worker] o.h.type.descriptor.sql.BasicExtractor   : extracted value ([last_updated5_0_] : [TIMESTAMP]) - [2019-05-24 14:27:36.0]
2019-06-13 17:57:29.790 TRACE 81444 --- [    Test worker] o.h.type.descriptor.sql.BasicExtractor   : extracted value ([last_updator_id6_0_] : [BIGINT]) - [6]
2019-06-13 17:57:29.790 TRACE 81444 --- [    Test worker] o.h.type.descriptor.sql.BasicExtractor   : extracted value ([my_parent_id7_0_] : [BIGINT]) - [null]
2019-06-13 17:57:29.790 TRACE 81444 --- [    Test worker] o.h.type.descriptor.sql.BasicExtractor   : extracted value ([name8_0_] : [VARCHAR]) - [국제다문화센터사업단]
2019-06-13 17:57:29.790 TRACE 81444 --- [    Test worker] o.h.type.descriptor.sql.BasicExtractor   : extracted value ([id1_0_] : [BIGINT]) - [882]
2019-06-13 17:57:29.790 TRACE 81444 --- [    Test worker] o.h.type.descriptor.sql.BasicExtractor   : extracted value ([code2_0_] : [VARCHAR]) - [XL251]
2019-06-13 17:57:29.790 TRACE 81444 --- [    Test worker] o.h.type.descriptor.sql.BasicExtractor   : extracted value ([date_created3_0_] : [TIMESTAMP]) - [2019-05-23 15:57:37.0]
2019-06-13 17:57:29.790 TRACE 81444 --- [    Test worker] o.h.type.descriptor.sql.BasicExtractor   : extracted value ([is_active4_0_] : [BIT]) - [true]
2019-06-13 17:57:29.790 TRACE 81444 --- [    Test worker] o.h.type.descriptor.sql.BasicExtractor   : extracted value ([last_updated5_0_] : [TIMESTAMP]) - [2019-05-24 14:27:36.0]
2019-06-13 17:57:29.790 TRACE 81444 --- [    Test worker] o.h.type.descriptor.sql.BasicExtractor   : extracted value ([last_updator_id6_0_] : [BIGINT]) - [6]
2019-06-13 17:57:29.790 TRACE 81444 --- [    Test worker] o.h.type.descriptor.sql.BasicExtractor   : extracted value ([my_parent_id7_0_] : [BIGINT]) - [null]
2019-06-13 17:57:29.791 TRACE 81444 --- [    Test worker] o.h.type.descriptor.sql.BasicExtractor   : extracted value ([name8_0_] : [VARCHAR]) - [해양산업기술교육센터]
2019-06-13 17:57:29.791 TRACE 81444 --- [    Test worker] o.h.type.descriptor.sql.BasicExtractor   : extracted value ([id1_0_] : [BIGINT]) - [883]
2019-06-13 17:57:29.791 TRACE 81444 --- [    Test worker] o.h.type.descriptor.sql.BasicExtractor   : extracted value ([code2_0_] : [VARCHAR]) - [XL252]
2019-06-13 17:57:29.791 TRACE 81444 --- [    Test worker] o.h.type.descriptor.sql.BasicExtractor   : extracted value ([date_created3_0_] : [TIMESTAMP]) - [2019-05-23 15:57:37.0]
2019-06-13 17:57:29.791 TRACE 81444 --- [    Test worker] o.h.type.descriptor.sql.BasicExtractor   : extracted value ([is_active4_0_] : [BIT]) - [true]
2019-06-13 17:57:29.791 TRACE 81444 --- [    Test worker] o.h.type.descriptor.sql.BasicExtractor   : extracted value ([last_updated5_0_] : [TIMESTAMP]) - [2019-05-24 14:27:36.0]
2019-06-13 17:57:29.791 TRACE 81444 --- [    Test worker] o.h.type.descriptor.sql.BasicExtractor   : extracted value ([last_updator_id6_0_] : [BIGINT]) - [6]
2019-06-13 17:57:29.791 TRACE 81444 --- [    Test worker] o.h.type.descriptor.sql.BasicExtractor   : extracted value ([my_parent_id7_0_] : [BIGINT]) - [null]
2019-06-13 17:57:29.791 TRACE 81444 --- [    Test worker] o.h.type.descriptor.sql.BasicExtractor   : extracted value ([name8_0_] : [VARCHAR]) - [귀어·귀촌지원센터]
2019-06-13 17:57:29.791 TRACE 81444 --- [    Test worker] o.h.type.descriptor.sql.BasicExtractor   : extracted value ([id1_0_] : [BIGINT]) - [884]
2019-06-13 17:57:29.791 TRACE 81444 --- [    Test worker] o.h.type.descriptor.sql.BasicExtractor   : extracted value ([code2_0_] : [VARCHAR]) - [XL253]
2019-06-13 17:57:29.791 TRACE 81444 --- [    Test worker] o.h.type.descriptor.sql.BasicExtractor   : extracted value ([date_created3_0_] : [TIMESTAMP]) - [2019-05-23 15:57:38.0]
2019-06-13 17:57:29.791 TRACE 81444 --- [    Test worker] o.h.type.descriptor.sql.BasicExtractor   : extracted value ([is_active4_0_] : [BIT]) - [true]
2019-06-13 17:57:29.791 TRACE 81444 --- [    Test worker] o.h.type.descriptor.sql.BasicExtractor   : extracted value ([last_updated5_0_] : [TIMESTAMP]) - [2019-05-24 14:27:37.0]
2019-06-13 17:57:29.791 TRACE 81444 --- [    Test worker] o.h.type.descriptor.sql.BasicExtractor   : extracted value ([last_updator_id6_0_] : [BIGINT]) - [6]
2019-06-13 17:57:29.791 TRACE 81444 --- [    Test worker] o.h.type.descriptor.sql.BasicExtractor   : extracted value ([my_parent_id7_0_] : [BIGINT]) - [null]
2019-06-13 17:57:29.791 TRACE 81444 --- [    Test worker] o.h.type.descriptor.sql.BasicExtractor   : extracted value ([name8_0_] : [VARCHAR]) - [네트워크기반유체기기사업단]
2019-06-13 17:57:29.791 TRACE 81444 --- [    Test worker] o.h.type.descriptor.sql.BasicExtractor   : extracted value ([id1_0_] : [BIGINT]) - [885]
2019-06-13 17:57:29.791 TRACE 81444 --- [    Test worker] o.h.type.descriptor.sql.BasicExtractor   : extracted value ([code2_0_] : [VARCHAR]) - [XL254]
2019-06-13 17:57:29.791 TRACE 81444 --- [    Test worker] o.h.type.descriptor.sql.BasicExtractor   : extracted value ([date_created3_0_] : [TIMESTAMP]) - [2019-05-23 15:57:38.0]
2019-06-13 17:57:29.791 TRACE 81444 --- [    Test worker] o.h.type.descriptor.sql.BasicExtractor   : extracted value ([is_active4_0_] : [BIT]) - [true]
2019-06-13 17:57:29.791 TRACE 81444 --- [    Test worker] o.h.type.descriptor.sql.BasicExtractor   : extracted value ([last_updated5_0_] : [TIMESTAMP]) - [2019-05-24 14:27:37.0]
2019-06-13 17:57:29.791 TRACE 81444 --- [    Test worker] o.h.type.descriptor.sql.BasicExtractor   : extracted value ([last_updator_id6_0_] : [BIGINT]) - [6]
2019-06-13 17:57:29.791 TRACE 81444 --- [    Test worker] o.h.type.descriptor.sql.BasicExtractor   : extracted value ([my_parent_id7_0_] : [BIGINT]) - [null]
2019-06-13 17:57:29.792 TRACE 81444 --- [    Test worker] o.h.type.descriptor.sql.BasicExtractor   : extracted value ([name8_0_] : [VARCHAR]) - [WISET호남제주권역사업단]
2019-06-13 17:57:29.792 TRACE 81444 --- [    Test worker] o.h.type.descriptor.sql.BasicExtractor   : extracted value ([id1_0_] : [BIGINT]) - [886]
2019-06-13 17:57:29.792 TRACE 81444 --- [    Test worker] o.h.type.descriptor.sql.BasicExtractor   : extracted value ([code2_0_] : [VARCHAR]) - [XL255]
2019-06-13 17:57:29.792 TRACE 81444 --- [    Test worker] o.h.type.descriptor.sql.BasicExtractor   : extracted value ([date_created3_0_] : [TIMESTAMP]) - [2019-05-23 15:57:38.0]
2019-06-13 17:57:29.792 TRACE 81444 --- [    Test worker] o.h.type.descriptor.sql.BasicExtractor   : extracted value ([is_active4_0_] : [BIT]) - [true]
2019-06-13 17:57:29.792 TRACE 81444 --- [    Test worker] o.h.type.descriptor.sql.BasicExtractor   : extracted value ([last_updated5_0_] : [TIMESTAMP]) - [2019-05-24 14:27:37.0]
2019-06-13 17:57:29.792 TRACE 81444 --- [    Test worker] o.h.type.descriptor.sql.BasicExtractor   : extracted value ([last_updator_id6_0_] : [BIGINT]) - [6]
2019-06-13 17:57:29.792 TRACE 81444 --- [    Test worker] o.h.type.descriptor.sql.BasicExtractor   : extracted value ([my_parent_id7_0_] : [BIGINT]) - [null]
2019-06-13 17:57:29.792 TRACE 81444 --- [    Test worker] o.h.type.descriptor.sql.BasicExtractor   : extracted value ([name8_0_] : [VARCHAR]) - [보건의료안전교육센터]
2019-06-13 17:57:29.792 TRACE 81444 --- [    Test worker] o.h.type.descriptor.sql.BasicExtractor   : extracted value ([id1_0_] : [BIGINT]) - [887]
2019-06-13 17:57:29.792 TRACE 81444 --- [    Test worker] o.h.type.descriptor.sql.BasicExtractor   : extracted value ([code2_0_] : [VARCHAR]) - [XL256]
2019-06-13 17:57:29.792 TRACE 81444 --- [    Test worker] o.h.type.descriptor.sql.BasicExtractor   : extracted value ([date_created3_0_] : [TIMESTAMP]) - [2019-05-23 15:57:39.0]
2019-06-13 17:57:29.792 TRACE 81444 --- [    Test worker] o.h.type.descriptor.sql.BasicExtractor   : extracted value ([is_active4_0_] : [BIT]) - [true]
2019-06-13 17:57:29.792 TRACE 81444 --- [    Test worker] o.h.type.descriptor.sql.BasicExtractor   : extracted value ([last_updated5_0_] : [TIMESTAMP]) - [2019-05-24 14:27:37.0]
2019-06-13 17:57:29.792 TRACE 81444 --- [    Test worker] o.h.type.descriptor.sql.BasicExtractor   : extracted value ([last_updator_id6_0_] : [BIGINT]) - [6]
2019-06-13 17:57:29.792 TRACE 81444 --- [    Test worker] o.h.type.descriptor.sql.BasicExtractor   : extracted value ([my_parent_id7_0_] : [BIGINT]) - [null]
2019-06-13 17:57:29.792 TRACE 81444 --- [    Test worker] o.h.type.descriptor.sql.BasicExtractor   : extracted value ([name8_0_] : [VARCHAR]) - [가야문화연구소]
2019-06-13 17:57:29.792 TRACE 81444 --- [    Test worker] o.h.type.descriptor.sql.BasicExtractor   : extracted value ([id1_0_] : [BIGINT]) - [888]
2019-06-13 17:57:29.792 TRACE 81444 --- [    Test worker] o.h.type.descriptor.sql.BasicExtractor   : extracted value ([code2_0_] : [VARCHAR]) - [XL257]
2019-06-13 17:57:29.792 TRACE 81444 --- [    Test worker] o.h.type.descriptor.sql.BasicExtractor   : extracted value ([date_created3_0_] : [TIMESTAMP]) - [2019-05-23 15:57:39.0]
2019-06-13 17:57:29.792 TRACE 81444 --- [    Test worker] o.h.type.descriptor.sql.BasicExtractor   : extracted value ([is_active4_0_] : [BIT]) - [true]
2019-06-13 17:57:29.792 TRACE 81444 --- [    Test worker] o.h.type.descriptor.sql.BasicExtractor   : extracted value ([last_updated5_0_] : [TIMESTAMP]) - [2019-05-24 14:13:29.0]
2019-06-13 17:57:29.792 TRACE 81444 --- [    Test worker] o.h.type.descriptor.sql.BasicExtractor   : extracted value ([last_updator_id6_0_] : [BIGINT]) - [6]
2019-06-13 17:57:29.792 TRACE 81444 --- [    Test worker] o.h.type.descriptor.sql.BasicExtractor   : extracted value ([my_parent_id7_0_] : [BIGINT]) - [837]
2019-06-13 17:57:29.793 TRACE 81444 --- [    Test worker] o.h.type.descriptor.sql.BasicExtractor   : extracted value ([name8_0_] : [VARCHAR]) - [대학일자리센터]
2019-06-13 17:57:29.793 TRACE 81444 --- [    Test worker] o.h.type.descriptor.sql.BasicExtractor   : extracted value ([id1_0_] : [BIGINT]) - [889]
2019-06-13 17:57:29.793 TRACE 81444 --- [    Test worker] o.h.type.descriptor.sql.BasicExtractor   : extracted value ([code2_0_] : [VARCHAR]) - [XL258]
2019-06-13 17:57:29.793 TRACE 81444 --- [    Test worker] o.h.type.descriptor.sql.BasicExtractor   : extracted value ([date_created3_0_] : [TIMESTAMP]) - [2019-05-23 15:57:39.0]
2019-06-13 17:57:29.793 TRACE 81444 --- [    Test worker] o.h.type.descriptor.sql.BasicExtractor   : extracted value ([is_active4_0_] : [BIT]) - [true]
2019-06-13 17:57:29.793 TRACE 81444 --- [    Test worker] o.h.type.descriptor.sql.BasicExtractor   : extracted value ([last_updated5_0_] : [TIMESTAMP]) - [2019-05-24 14:13:29.0]
2019-06-13 17:57:29.793 TRACE 81444 --- [    Test worker] o.h.type.descriptor.sql.BasicExtractor   : extracted value ([last_updator_id6_0_] : [BIGINT]) - [6]
2019-06-13 17:57:29.793 TRACE 81444 --- [    Test worker] o.h.type.descriptor.sql.BasicExtractor   : extracted value ([my_parent_id7_0_] : [BIGINT]) - [837]
2019-06-13 17:57:29.793 TRACE 81444 --- [    Test worker] o.h.type.descriptor.sql.BasicExtractor   : extracted value ([name8_0_] : [VARCHAR]) - [창업지원단]
2019-06-13 17:57:29.793 TRACE 81444 --- [    Test worker] o.h.type.descriptor.sql.BasicExtractor   : extracted value ([id1_0_] : [BIGINT]) - [890]
2019-06-13 17:57:29.793 TRACE 81444 --- [    Test worker] o.h.type.descriptor.sql.BasicExtractor   : extracted value ([code2_0_] : [VARCHAR]) - [XL259]
2019-06-13 17:57:29.793 TRACE 81444 --- [    Test worker] o.h.type.descriptor.sql.BasicExtractor   : extracted value ([date_created3_0_] : [TIMESTAMP]) - [2019-05-23 15:57:40.0]
2019-06-13 17:57:29.793 TRACE 81444 --- [    Test worker] o.h.type.descriptor.sql.BasicExtractor   : extracted value ([is_active4_0_] : [BIT]) - [true]
2019-06-13 17:57:29.793 TRACE 81444 --- [    Test worker] o.h.type.descriptor.sql.BasicExtractor   : extracted value ([last_updated5_0_] : [TIMESTAMP]) - [2019-05-24 14:27:38.0]
2019-06-13 17:57:29.793 TRACE 81444 --- [    Test worker] o.h.type.descriptor.sql.BasicExtractor   : extracted value ([last_updator_id6_0_] : [BIGINT]) - [6]
2019-06-13 17:57:29.793 TRACE 81444 --- [    Test worker] o.h.type.descriptor.sql.BasicExtractor   : extracted value ([my_parent_id7_0_] : [BIGINT]) - [null]
2019-06-13 17:57:29.793 TRACE 81444 --- [    Test worker] o.h.type.descriptor.sql.BasicExtractor   : extracted value ([name8_0_] : [VARCHAR]) - [사회맞춤형교육과정운영사업단]
2019-06-13 17:57:29.811 TRACE 81444 --- [    Test worker] o.h.type.descriptor.sql.BasicExtractor   : extracted value ([id1_0_] : [BIGINT]) - [891]
2019-06-13 17:57:29.811 TRACE 81444 --- [    Test worker] o.h.type.descriptor.sql.BasicExtractor   : extracted value ([code2_0_] : [VARCHAR]) - [XL260]
2019-06-13 17:57:29.811 TRACE 81444 --- [    Test worker] o.h.type.descriptor.sql.BasicExtractor   : extracted value ([date_created3_0_] : [TIMESTAMP]) - [2019-05-23 15:57:40.0]
2019-06-13 17:57:29.811 TRACE 81444 --- [    Test worker] o.h.type.descriptor.sql.BasicExtractor   : extracted value ([is_active4_0_] : [BIT]) - [true]
2019-06-13 17:57:29.811 TRACE 81444 --- [    Test worker] o.h.type.descriptor.sql.BasicExtractor   : extracted value ([last_updated5_0_] : [TIMESTAMP]) - [2019-05-24 14:27:39.0]
2019-06-13 17:57:29.811 TRACE 81444 --- [    Test worker] o.h.type.descriptor.sql.BasicExtractor   : extracted value ([last_updator_id6_0_] : [BIGINT]) - [6]
2019-06-13 17:57:29.811 TRACE 81444 --- [    Test worker] o.h.type.descriptor.sql.BasicExtractor   : extracted value ([my_parent_id7_0_] : [BIGINT]) - [null]
2019-06-13 17:57:29.811 TRACE 81444 --- [    Test worker] o.h.type.descriptor.sql.BasicExtractor   : extracted value ([name8_0_] : [VARCHAR]) - [조선해양기자재역량강화센터]
2019-06-13 17:57:29.811 TRACE 81444 --- [    Test worker] o.h.type.descriptor.sql.BasicExtractor   : extracted value ([id1_0_] : [BIGINT]) - [892]
2019-06-13 17:57:29.811 TRACE 81444 --- [    Test worker] o.h.type.descriptor.sql.BasicExtractor   : extracted value ([code2_0_] : [VARCHAR]) - [XL261]
2019-06-13 17:57:29.811 TRACE 81444 --- [    Test worker] o.h.type.descriptor.sql.BasicExtractor   : extracted value ([date_created3_0_] : [TIMESTAMP]) - [2019-05-23 15:57:40.0]
2019-06-13 17:57:29.811 TRACE 81444 --- [    Test worker] o.h.type.descriptor.sql.BasicExtractor   : extracted value ([is_active4_0_] : [BIT]) - [true]
2019-06-13 17:57:29.811 TRACE 81444 --- [    Test worker] o.h.type.descriptor.sql.BasicExtractor   : extracted value ([last_updated5_0_] : [TIMESTAMP]) - [2019-05-24 14:13:30.0]
2019-06-13 17:57:29.811 TRACE 81444 --- [    Test worker] o.h.type.descriptor.sql.BasicExtractor   : extracted value ([last_updator_id6_0_] : [BIGINT]) - [6]
2019-06-13 17:57:29.811 TRACE 81444 --- [    Test worker] o.h.type.descriptor.sql.BasicExtractor   : extracted value ([my_parent_id7_0_] : [BIGINT]) - [158]
2019-06-13 17:57:29.811 TRACE 81444 --- [    Test worker] o.h.type.descriptor.sql.BasicExtractor   : extracted value ([name8_0_] : [VARCHAR]) - [소비자생활협동조합]
2019-06-13 17:57:29.812 TRACE 81444 --- [    Test worker] o.h.type.descriptor.sql.BasicExtractor   : extracted value ([id1_0_] : [BIGINT]) - [893]
2019-06-13 17:57:29.812 TRACE 81444 --- [    Test worker] o.h.type.descriptor.sql.BasicExtractor   : extracted value ([code2_0_] : [VARCHAR]) - [XL262]
2019-06-13 17:57:29.812 TRACE 81444 --- [    Test worker] o.h.type.descriptor.sql.BasicExtractor   : extracted value ([date_created3_0_] : [TIMESTAMP]) - [2019-05-23 15:57:41.0]
2019-06-13 17:57:29.812 TRACE 81444 --- [    Test worker] o.h.type.descriptor.sql.BasicExtractor   : extracted value ([is_active4_0_] : [BIT]) - [true]
2019-06-13 17:57:29.812 TRACE 81444 --- [    Test worker] o.h.type.descriptor.sql.BasicExtractor   : extracted value ([last_updated5_0_] : [TIMESTAMP]) - [2019-05-24 14:13:30.0]
2019-06-13 17:57:29.812 TRACE 81444 --- [    Test worker] o.h.type.descriptor.sql.BasicExtractor   : extracted value ([last_updator_id6_0_] : [BIGINT]) - [6]
2019-06-13 17:57:29.812 TRACE 81444 --- [    Test worker] o.h.type.descriptor.sql.BasicExtractor   : extracted value ([my_parent_id7_0_] : [BIGINT]) - [911]
2019-06-13 17:57:29.812 TRACE 81444 --- [    Test worker] o.h.type.descriptor.sql.BasicExtractor   : extracted value ([name8_0_] : [VARCHAR]) - [취업지원과]
2019-06-13 17:57:29.812 TRACE 81444 --- [    Test worker] o.h.type.descriptor.sql.BasicExtractor   : extracted value ([id1_0_] : [BIGINT]) - [894]
2019-06-13 17:57:29.812 TRACE 81444 --- [    Test worker] o.h.type.descriptor.sql.BasicExtractor   : extracted value ([code2_0_] : [VARCHAR]) - [XL263]
2019-06-13 17:57:29.812 TRACE 81444 --- [    Test worker] o.h.type.descriptor.sql.BasicExtractor   : extracted value ([date_created3_0_] : [TIMESTAMP]) - [2019-05-23 15:57:41.0]
2019-06-13 17:57:29.812 TRACE 81444 --- [    Test worker] o.h.type.descriptor.sql.BasicExtractor   : extracted value ([is_active4_0_] : [BIT]) - [true]
2019-06-13 17:57:29.812 TRACE 81444 --- [    Test worker] o.h.type.descriptor.sql.BasicExtractor   : extracted value ([last_updated5_0_] : [TIMESTAMP]) - [2019-05-24 14:13:31.0]
2019-06-13 17:57:29.812 TRACE 81444 --- [    Test worker] o.h.type.descriptor.sql.BasicExtractor   : extracted value ([last_updator_id6_0_] : [BIGINT]) - [6]
2019-06-13 17:57:29.812 TRACE 81444 --- [    Test worker] o.h.type.descriptor.sql.BasicExtractor   : extracted value ([my_parent_id7_0_] : [BIGINT]) - [844]
2019-06-13 17:57:29.812 TRACE 81444 --- [    Test worker] o.h.type.descriptor.sql.BasicExtractor   : extracted value ([name8_0_] : [VARCHAR]) - [여학생행복센터]
2019-06-13 17:57:29.812 TRACE 81444 --- [    Test worker] o.h.type.descriptor.sql.BasicExtractor   : extracted value ([id1_0_] : [BIGINT]) - [895]
2019-06-13 17:57:29.812 TRACE 81444 --- [    Test worker] o.h.type.descriptor.sql.BasicExtractor   : extracted value ([code2_0_] : [VARCHAR]) - [XL264]
2019-06-13 17:57:29.812 TRACE 81444 --- [    Test worker] o.h.type.descriptor.sql.BasicExtractor   : extracted value ([date_created3_0_] : [TIMESTAMP]) - [2019-05-23 15:57:41.0]
2019-06-13 17:57:29.812 TRACE 81444 --- [    Test worker] o.h.type.descriptor.sql.BasicExtractor   : extracted value ([is_active4_0_] : [BIT]) - [true]
2019-06-13 17:57:29.812 TRACE 81444 --- [    Test worker] o.h.type.descriptor.sql.BasicExtractor   : extracted value ([last_updated5_0_] : [TIMESTAMP]) - [2019-05-24 14:13:31.0]
2019-06-13 17:57:29.812 TRACE 81444 --- [    Test worker] o.h.type.descriptor.sql.BasicExtractor   : extracted value ([last_updator_id6_0_] : [BIGINT]) - [6]
2019-06-13 17:57:29.812 TRACE 81444 --- [    Test worker] o.h.type.descriptor.sql.BasicExtractor   : extracted value ([my_parent_id7_0_] : [BIGINT]) - [745]
2019-06-13 17:57:29.812 TRACE 81444 --- [    Test worker] o.h.type.descriptor.sql.BasicExtractor   : extracted value ([name8_0_] : [VARCHAR]) - [해상풍력연구원]
2019-06-13 17:57:29.812 TRACE 81444 --- [    Test worker] o.h.type.descriptor.sql.BasicExtractor   : extracted value ([id1_0_] : [BIGINT]) - [896]
2019-06-13 17:57:29.812 TRACE 81444 --- [    Test worker] o.h.type.descriptor.sql.BasicExtractor   : extracted value ([code2_0_] : [VARCHAR]) - [XL265]
2019-06-13 17:57:29.812 TRACE 81444 --- [    Test worker] o.h.type.descriptor.sql.BasicExtractor   : extracted value ([date_created3_0_] : [TIMESTAMP]) - [2019-05-23 15:57:42.0]
2019-06-13 17:57:29.812 TRACE 81444 --- [    Test worker] o.h.type.descriptor.sql.BasicExtractor   : extracted value ([is_active4_0_] : [BIT]) - [true]
2019-06-13 17:57:29.812 TRACE 81444 --- [    Test worker] o.h.type.descriptor.sql.BasicExtractor   : extracted value ([last_updated5_0_] : [TIMESTAMP]) - [2019-05-24 14:13:31.0]
2019-06-13 17:57:29.812 TRACE 81444 --- [    Test worker] o.h.type.descriptor.sql.BasicExtractor   : extracted value ([last_updator_id6_0_] : [BIGINT]) - [6]
2019-06-13 17:57:29.812 TRACE 81444 --- [    Test worker] o.h.type.descriptor.sql.BasicExtractor   : extracted value ([my_parent_id7_0_] : [BIGINT]) - [745]
2019-06-13 17:57:29.812 TRACE 81444 --- [    Test worker] o.h.type.descriptor.sql.BasicExtractor   : extracted value ([name8_0_] : [VARCHAR]) - [혁신성장청년인재집중양성사업단]
2019-06-13 17:57:29.813 TRACE 81444 --- [    Test worker] o.h.type.descriptor.sql.BasicExtractor   : extracted value ([id1_0_] : [BIGINT]) - [897]
2019-06-13 17:57:29.813 TRACE 81444 --- [    Test worker] o.h.type.descriptor.sql.BasicExtractor   : extracted value ([code2_0_] : [VARCHAR]) - [XL266]
2019-06-13 17:57:29.813 TRACE 81444 --- [    Test worker] o.h.type.descriptor.sql.BasicExtractor   : extracted value ([date_created3_0_] : [TIMESTAMP]) - [2019-05-23 15:57:42.0]
2019-06-13 17:57:29.813 TRACE 81444 --- [    Test worker] o.h.type.descriptor.sql.BasicExtractor   : extracted value ([is_active4_0_] : [BIT]) - [true]
2019-06-13 17:57:29.813 TRACE 81444 --- [    Test worker] o.h.type.descriptor.sql.BasicExtractor   : extracted value ([last_updated5_0_] : [TIMESTAMP]) - [2019-05-24 14:13:32.0]
2019-06-13 17:57:29.813 TRACE 81444 --- [    Test worker] o.h.type.descriptor.sql.BasicExtractor   : extracted value ([last_updator_id6_0_] : [BIGINT]) - [6]
2019-06-13 17:57:29.813 TRACE 81444 --- [    Test worker] o.h.type.descriptor.sql.BasicExtractor   : extracted value ([my_parent_id7_0_] : [BIGINT]) - [745]
2019-06-13 17:57:29.813 TRACE 81444 --- [    Test worker] o.h.type.descriptor.sql.BasicExtractor   : extracted value ([name8_0_] : [VARCHAR]) - [전략기획본부]
2019-06-13 17:57:29.813 TRACE 81444 --- [    Test worker] o.h.type.descriptor.sql.BasicExtractor   : extracted value ([id1_0_] : [BIGINT]) - [898]
2019-06-13 17:57:29.813 TRACE 81444 --- [    Test worker] o.h.type.descriptor.sql.BasicExtractor   : extracted value ([code2_0_] : [VARCHAR]) - [XL267]
2019-06-13 17:57:29.813 TRACE 81444 --- [    Test worker] o.h.type.descriptor.sql.BasicExtractor   : extracted value ([date_created3_0_] : [TIMESTAMP]) - [2019-05-23 15:57:42.0]
2019-06-13 17:57:29.813 TRACE 81444 --- [    Test worker] o.h.type.descriptor.sql.BasicExtractor   : extracted value ([is_active4_0_] : [BIT]) - [true]
2019-06-13 17:57:29.813 TRACE 81444 --- [    Test worker] o.h.type.descriptor.sql.BasicExtractor   : extracted value ([last_updated5_0_] : [TIMESTAMP]) - [2019-05-24 14:13:32.0]
2019-06-13 17:57:29.813 TRACE 81444 --- [    Test worker] o.h.type.descriptor.sql.BasicExtractor   : extracted value ([last_updator_id6_0_] : [BIGINT]) - [6]
2019-06-13 17:57:29.813 TRACE 81444 --- [    Test worker] o.h.type.descriptor.sql.BasicExtractor   : extracted value ([my_parent_id7_0_] : [BIGINT]) - [745]
2019-06-13 17:57:29.813 TRACE 81444 --- [    Test worker] o.h.type.descriptor.sql.BasicExtractor   : extracted value ([name8_0_] : [VARCHAR]) - [기술사업화실]
2019-06-13 17:57:29.813 TRACE 81444 --- [    Test worker] o.h.type.descriptor.sql.BasicExtractor   : extracted value ([id1_0_] : [BIGINT]) - [899]
2019-06-13 17:57:29.813 TRACE 81444 --- [    Test worker] o.h.type.descriptor.sql.BasicExtractor   : extracted value ([code2_0_] : [VARCHAR]) - [XL268]
2019-06-13 17:57:29.813 TRACE 81444 --- [    Test worker] o.h.type.descriptor.sql.BasicExtractor   : extracted value ([date_created3_0_] : [TIMESTAMP]) - [2019-05-23 15:57:43.0]
2019-06-13 17:57:29.813 TRACE 81444 --- [    Test worker] o.h.type.descriptor.sql.BasicExtractor   : extracted value ([is_active4_0_] : [BIT]) - [true]
2019-06-13 17:57:29.813 TRACE 81444 --- [    Test worker] o.h.type.descriptor.sql.BasicExtractor   : extracted value ([last_updated5_0_] : [TIMESTAMP]) - [2019-05-24 14:13:32.0]
2019-06-13 17:57:29.813 TRACE 81444 --- [    Test worker] o.h.type.descriptor.sql.BasicExtractor   : extracted value ([last_updator_id6_0_] : [BIGINT]) - [6]
2019-06-13 17:57:29.813 TRACE 81444 --- [    Test worker] o.h.type.descriptor.sql.BasicExtractor   : extracted value ([my_parent_id7_0_] : [BIGINT]) - [745]
2019-06-13 17:57:29.813 TRACE 81444 --- [    Test worker] o.h.type.descriptor.sql.BasicExtractor   : extracted value ([name8_0_] : [VARCHAR]) - [연구윤리감사실]
2019-06-13 17:57:29.813 TRACE 81444 --- [    Test worker] o.h.type.descriptor.sql.BasicExtractor   : extracted value ([id1_0_] : [BIGINT]) - [900]
2019-06-13 17:57:29.813 TRACE 81444 --- [    Test worker] o.h.type.descriptor.sql.BasicExtractor   : extracted value ([code2_0_] : [VARCHAR]) - [XL269]
2019-06-13 17:57:29.814 TRACE 81444 --- [    Test worker] o.h.type.descriptor.sql.BasicExtractor   : extracted value ([date_created3_0_] : [TIMESTAMP]) - [2019-05-23 15:57:43.0]
2019-06-13 17:57:29.814 TRACE 81444 --- [    Test worker] o.h.type.descriptor.sql.BasicExtractor   : extracted value ([is_active4_0_] : [BIT]) - [true]
2019-06-13 17:57:29.814 TRACE 81444 --- [    Test worker] o.h.type.descriptor.sql.BasicExtractor   : extracted value ([last_updated5_0_] : [TIMESTAMP]) - [2019-05-24 14:13:32.0]
2019-06-13 17:57:29.814 TRACE 81444 --- [    Test worker] o.h.type.descriptor.sql.BasicExtractor   : extracted value ([last_updator_id6_0_] : [BIGINT]) - [6]
2019-06-13 17:57:29.814 TRACE 81444 --- [    Test worker] o.h.type.descriptor.sql.BasicExtractor   : extracted value ([my_parent_id7_0_] : [BIGINT]) - [745]
2019-06-13 17:57:29.814 TRACE 81444 --- [    Test worker] o.h.type.descriptor.sql.BasicExtractor   : extracted value ([name8_0_] : [VARCHAR]) - [지진전문인력양성사업단]
2019-06-13 17:57:29.831 TRACE 81444 --- [    Test worker] o.h.type.descriptor.sql.BasicExtractor   : extracted value ([id1_0_] : [BIGINT]) - [901]
2019-06-13 17:57:29.831 TRACE 81444 --- [    Test worker] o.h.type.descriptor.sql.BasicExtractor   : extracted value ([code2_0_] : [VARCHAR]) - [XL270]
2019-06-13 17:57:29.831 TRACE 81444 --- [    Test worker] o.h.type.descriptor.sql.BasicExtractor   : extracted value ([date_created3_0_] : [TIMESTAMP]) - [2019-05-23 15:57:43.0]
2019-06-13 17:57:29.831 TRACE 81444 --- [    Test worker] o.h.type.descriptor.sql.BasicExtractor   : extracted value ([is_active4_0_] : [BIT]) - [true]
2019-06-13 17:57:29.831 TRACE 81444 --- [    Test worker] o.h.type.descriptor.sql.BasicExtractor   : extracted value ([last_updated5_0_] : [TIMESTAMP]) - [2019-05-24 14:13:33.0]
2019-06-13 17:57:29.831 TRACE 81444 --- [    Test worker] o.h.type.descriptor.sql.BasicExtractor   : extracted value ([last_updator_id6_0_] : [BIGINT]) - [6]
2019-06-13 17:57:29.831 TRACE 81444 --- [    Test worker] o.h.type.descriptor.sql.BasicExtractor   : extracted value ([my_parent_id7_0_] : [BIGINT]) - [745]
2019-06-13 17:57:29.831 TRACE 81444 --- [    Test worker] o.h.type.descriptor.sql.BasicExtractor   : extracted value ([name8_0_] : [VARCHAR]) - [전북산학연촉진센터사업단]
2019-06-13 17:57:29.832 TRACE 81444 --- [    Test worker] o.h.type.descriptor.sql.BasicExtractor   : extracted value ([id1_0_] : [BIGINT]) - [902]
2019-06-13 17:57:29.832 TRACE 81444 --- [    Test worker] o.h.type.descriptor.sql.BasicExtractor   : extracted value ([code2_0_] : [VARCHAR]) - [XL271]
2019-06-13 17:57:29.832 TRACE 81444 --- [    Test worker] o.h.type.descriptor.sql.BasicExtractor   : extracted value ([date_created3_0_] : [TIMESTAMP]) - [2019-05-23 15:57:44.0]
2019-06-13 17:57:29.832 TRACE 81444 --- [    Test worker] o.h.type.descriptor.sql.BasicExtractor   : extracted value ([is_active4_0_] : [BIT]) - [true]
2019-06-13 17:57:29.832 TRACE 81444 --- [    Test worker] o.h.type.descriptor.sql.BasicExtractor   : extracted value ([last_updated5_0_] : [TIMESTAMP]) - [2019-05-24 14:13:33.0]
2019-06-13 17:57:29.832 TRACE 81444 --- [    Test worker] o.h.type.descriptor.sql.BasicExtractor   : extracted value ([last_updator_id6_0_] : [BIGINT]) - [6]
2019-06-13 17:57:29.832 TRACE 81444 --- [    Test worker] o.h.type.descriptor.sql.BasicExtractor   : extracted value ([my_parent_id7_0_] : [BIGINT]) - [745]
2019-06-13 17:57:29.832 TRACE 81444 --- [    Test worker] o.h.type.descriptor.sql.BasicExtractor   : extracted value ([name8_0_] : [VARCHAR]) - [지역재생연구센터]
2019-06-13 17:57:29.832 TRACE 81444 --- [    Test worker] o.h.type.descriptor.sql.BasicExtractor   : extracted value ([id1_0_] : [BIGINT]) - [903]
2019-06-13 17:57:29.832 TRACE 81444 --- [    Test worker] o.h.type.descriptor.sql.BasicExtractor   : extracted value ([code2_0_] : [VARCHAR]) - [XL272]
2019-06-13 17:57:29.833 TRACE 81444 --- [    Test worker] o.h.type.descriptor.sql.BasicExtractor   : extracted value ([date_created3_0_] : [TIMESTAMP]) - [2019-05-23 15:57:44.0]
2019-06-13 17:57:29.833 TRACE 81444 --- [    Test worker] o.h.type.descriptor.sql.BasicExtractor   : extracted value ([is_active4_0_] : [BIT]) - [true]
2019-06-13 17:57:29.833 TRACE 81444 --- [    Test worker] o.h.type.descriptor.sql.BasicExtractor   : extracted value ([last_updated5_0_] : [TIMESTAMP]) - [2019-05-24 14:13:33.0]
2019-06-13 17:57:29.833 TRACE 81444 --- [    Test worker] o.h.type.descriptor.sql.BasicExtractor   : extracted value ([last_updator_id6_0_] : [BIGINT]) - [6]
2019-06-13 17:57:29.833 TRACE 81444 --- [    Test worker] o.h.type.descriptor.sql.BasicExtractor   : extracted value ([my_parent_id7_0_] : [BIGINT]) - [745]
2019-06-13 17:57:29.833 TRACE 81444 --- [    Test worker] o.h.type.descriptor.sql.BasicExtractor   : extracted value ([name8_0_] : [VARCHAR]) - [주식회사군산대학교기술지주]
2019-06-13 17:57:29.833 TRACE 81444 --- [    Test worker] o.h.type.descriptor.sql.BasicExtractor   : extracted value ([id1_0_] : [BIGINT]) - [904]
2019-06-13 17:57:29.833 TRACE 81444 --- [    Test worker] o.h.type.descriptor.sql.BasicExtractor   : extracted value ([code2_0_] : [VARCHAR]) - [XL273]
2019-06-13 17:57:29.833 TRACE 81444 --- [    Test worker] o.h.type.descriptor.sql.BasicExtractor   : extracted value ([date_created3_0_] : [TIMESTAMP]) - [2019-05-23 15:57:44.0]
2019-06-13 17:57:29.833 TRACE 81444 --- [    Test worker] o.h.type.descriptor.sql.BasicExtractor   : extracted value ([is_active4_0_] : [BIT]) - [true]
2019-06-13 17:57:29.833 TRACE 81444 --- [    Test worker] o.h.type.descriptor.sql.BasicExtractor   : extracted value ([last_updated5_0_] : [TIMESTAMP]) - [2019-05-24 14:13:34.0]
2019-06-13 17:57:29.833 TRACE 81444 --- [    Test worker] o.h.type.descriptor.sql.BasicExtractor   : extracted value ([last_updator_id6_0_] : [BIGINT]) - [6]
2019-06-13 17:57:29.833 TRACE 81444 --- [    Test worker] o.h.type.descriptor.sql.BasicExtractor   : extracted value ([my_parent_id7_0_] : [BIGINT]) - [837]
2019-06-13 17:57:29.833 TRACE 81444 --- [    Test worker] o.h.type.descriptor.sql.BasicExtractor   : extracted value ([name8_0_] : [VARCHAR]) - [인권센터]
2019-06-13 17:57:29.833 TRACE 81444 --- [    Test worker] o.h.type.descriptor.sql.BasicExtractor   : extracted value ([id1_0_] : [BIGINT]) - [905]
2019-06-13 17:57:29.834 TRACE 81444 --- [    Test worker] o.h.type.descriptor.sql.BasicExtractor   : extracted value ([code2_0_] : [VARCHAR]) - [XL274]
2019-06-13 17:57:29.834 TRACE 81444 --- [    Test worker] o.h.type.descriptor.sql.BasicExtractor   : extracted value ([date_created3_0_] : [TIMESTAMP]) - [2019-05-23 15:57:45.0]
2019-06-13 17:57:29.834 TRACE 81444 --- [    Test worker] o.h.type.descriptor.sql.BasicExtractor   : extracted value ([is_active4_0_] : [BIT]) - [true]
2019-06-13 17:57:29.834 TRACE 81444 --- [    Test worker] o.h.type.descriptor.sql.BasicExtractor   : extracted value ([last_updated5_0_] : [TIMESTAMP]) - [2019-05-24 14:13:34.0]
2019-06-13 17:57:29.834 TRACE 81444 --- [    Test worker] o.h.type.descriptor.sql.BasicExtractor   : extracted value ([last_updator_id6_0_] : [BIGINT]) - [6]
2019-06-13 17:57:29.835 TRACE 81444 --- [    Test worker] o.h.type.descriptor.sql.BasicExtractor   : extracted value ([my_parent_id7_0_] : [BIGINT]) - [745]
2019-06-13 17:57:29.835 TRACE 81444 --- [    Test worker] o.h.type.descriptor.sql.BasicExtractor   : extracted value ([name8_0_] : [VARCHAR]) - [기술지주]
2019-06-13 17:57:29.835 TRACE 81444 --- [    Test worker] o.h.type.descriptor.sql.BasicExtractor   : extracted value ([id1_0_] : [BIGINT]) - [906]
2019-06-13 17:57:29.835 TRACE 81444 --- [    Test worker] o.h.type.descriptor.sql.BasicExtractor   : extracted value ([code2_0_] : [VARCHAR]) - [XL275]
2019-06-13 17:57:29.835 TRACE 81444 --- [    Test worker] o.h.type.descriptor.sql.BasicExtractor   : extracted value ([date_created3_0_] : [TIMESTAMP]) - [2019-05-23 15:57:45.0]
2019-06-13 17:57:29.835 TRACE 81444 --- [    Test worker] o.h.type.descriptor.sql.BasicExtractor   : extracted value ([is_active4_0_] : [BIT]) - [true]
2019-06-13 17:57:29.835 TRACE 81444 --- [    Test worker] o.h.type.descriptor.sql.BasicExtractor   : extracted value ([last_updated5_0_] : [TIMESTAMP]) - [2019-05-24 14:13:34.0]
2019-06-13 17:57:29.836 TRACE 81444 --- [    Test worker] o.h.type.descriptor.sql.BasicExtractor   : extracted value ([last_updator_id6_0_] : [BIGINT]) - [6]
2019-06-13 17:57:29.836 TRACE 81444 --- [    Test worker] o.h.type.descriptor.sql.BasicExtractor   : extracted value ([my_parent_id7_0_] : [BIGINT]) - [841]
2019-06-13 17:57:29.836 TRACE 81444 --- [    Test worker] o.h.type.descriptor.sql.BasicExtractor   : extracted value ([name8_0_] : [VARCHAR]) - [황룡인재교육원]
2019-06-13 17:57:29.836 TRACE 81444 --- [    Test worker] o.h.type.descriptor.sql.BasicExtractor   : extracted value ([id1_0_] : [BIGINT]) - [907]
2019-06-13 17:57:29.836 TRACE 81444 --- [    Test worker] o.h.type.descriptor.sql.BasicExtractor   : extracted value ([code2_0_] : [VARCHAR]) - [XL276]
2019-06-13 17:57:29.836 TRACE 81444 --- [    Test worker] o.h.type.descriptor.sql.BasicExtractor   : extracted value ([date_created3_0_] : [TIMESTAMP]) - [2019-05-23 15:57:45.0]
2019-06-13 17:57:29.836 TRACE 81444 --- [    Test worker] o.h.type.descriptor.sql.BasicExtractor   : extracted value ([is_active4_0_] : [BIT]) - [true]
2019-06-13 17:57:29.836 TRACE 81444 --- [    Test worker] o.h.type.descriptor.sql.BasicExtractor   : extracted value ([last_updated5_0_] : [TIMESTAMP]) - [2019-05-24 14:13:35.0]
2019-06-13 17:57:29.836 TRACE 81444 --- [    Test worker] o.h.type.descriptor.sql.BasicExtractor   : extracted value ([last_updator_id6_0_] : [BIGINT]) - [6]
2019-06-13 17:57:29.836 TRACE 81444 --- [    Test worker] o.h.type.descriptor.sql.BasicExtractor   : extracted value ([my_parent_id7_0_] : [BIGINT]) - [928]
2019-06-13 17:57:29.836 TRACE 81444 --- [    Test worker] o.h.type.descriptor.sql.BasicExtractor   : extracted value ([name8_0_] : [VARCHAR]) - [새만금중소기업진흥원]
2019-06-13 17:57:29.836 TRACE 81444 --- [    Test worker] o.h.type.descriptor.sql.BasicExtractor   : extracted value ([id1_0_] : [BIGINT]) - [908]
2019-06-13 17:57:29.837 TRACE 81444 --- [    Test worker] o.h.type.descriptor.sql.BasicExtractor   : extracted value ([code2_0_] : [VARCHAR]) - [XL999]
2019-06-13 17:57:29.837 TRACE 81444 --- [    Test worker] o.h.type.descriptor.sql.BasicExtractor   : extracted value ([date_created3_0_] : [TIMESTAMP]) - [2019-05-23 15:57:46.0]
2019-06-13 17:57:29.837 TRACE 81444 --- [    Test worker] o.h.type.descriptor.sql.BasicExtractor   : extracted value ([is_active4_0_] : [BIT]) - [true]
2019-06-13 17:57:29.837 TRACE 81444 --- [    Test worker] o.h.type.descriptor.sql.BasicExtractor   : extracted value ([last_updated5_0_] : [TIMESTAMP]) - [2019-05-24 14:13:35.0]
2019-06-13 17:57:29.837 TRACE 81444 --- [    Test worker] o.h.type.descriptor.sql.BasicExtractor   : extracted value ([last_updator_id6_0_] : [BIGINT]) - [6]
2019-06-13 17:57:29.837 TRACE 81444 --- [    Test worker] o.h.type.descriptor.sql.BasicExtractor   : extracted value ([my_parent_id7_0_] : [BIGINT]) - [158]
2019-06-13 17:57:29.837 TRACE 81444 --- [    Test worker] o.h.type.descriptor.sql.BasicExtractor   : extracted value ([name8_0_] : [VARCHAR]) - [임시부서]
2019-06-13 17:57:29.837 TRACE 81444 --- [    Test worker] o.h.type.descriptor.sql.BasicExtractor   : extracted value ([id1_0_] : [BIGINT]) - [909]
2019-06-13 17:57:29.837 TRACE 81444 --- [    Test worker] o.h.type.descriptor.sql.BasicExtractor   : extracted value ([code2_0_] : [VARCHAR]) - [XM101]
2019-06-13 17:57:29.837 TRACE 81444 --- [    Test worker] o.h.type.descriptor.sql.BasicExtractor   : extracted value ([date_created3_0_] : [TIMESTAMP]) - [2019-05-23 15:57:46.0]
2019-06-13 17:57:29.837 TRACE 81444 --- [    Test worker] o.h.type.descriptor.sql.BasicExtractor   : extracted value ([is_active4_0_] : [BIT]) - [true]
2019-06-13 17:57:29.837 TRACE 81444 --- [    Test worker] o.h.type.descriptor.sql.BasicExtractor   : extracted value ([last_updated5_0_] : [TIMESTAMP]) - [2019-05-24 14:27:44.0]
2019-06-13 17:57:29.837 TRACE 81444 --- [    Test worker] o.h.type.descriptor.sql.BasicExtractor   : extracted value ([last_updator_id6_0_] : [BIGINT]) - [6]
2019-06-13 17:57:29.838 TRACE 81444 --- [    Test worker] o.h.type.descriptor.sql.BasicExtractor   : extracted value ([my_parent_id7_0_] : [BIGINT]) - [null]
2019-06-13 17:57:29.838 TRACE 81444 --- [    Test worker] o.h.type.descriptor.sql.BasicExtractor   : extracted value ([name8_0_] : [VARCHAR]) - [사무국]
2019-06-13 17:57:29.838 TRACE 81444 --- [    Test worker] o.h.type.descriptor.sql.BasicExtractor   : extracted value ([id1_0_] : [BIGINT]) - [910]
2019-06-13 17:57:29.838 TRACE 81444 --- [    Test worker] o.h.type.descriptor.sql.BasicExtractor   : extracted value ([code2_0_] : [VARCHAR]) - [XM102]
2019-06-13 17:57:29.838 TRACE 81444 --- [    Test worker] o.h.type.descriptor.sql.BasicExtractor   : extracted value ([date_created3_0_] : [TIMESTAMP]) - [2019-05-23 15:57:46.0]
2019-06-13 17:57:29.838 TRACE 81444 --- [    Test worker] o.h.type.descriptor.sql.BasicExtractor   : extracted value ([is_active4_0_] : [BIT]) - [true]
2019-06-13 17:57:29.838 TRACE 81444 --- [    Test worker] o.h.type.descriptor.sql.BasicExtractor   : extracted value ([last_updated5_0_] : [TIMESTAMP]) - [2019-05-24 14:27:44.0]
2019-06-13 17:57:29.838 TRACE 81444 --- [    Test worker] o.h.type.descriptor.sql.BasicExtractor   : extracted value ([last_updator_id6_0_] : [BIGINT]) - [6]
2019-06-13 17:57:29.838 TRACE 81444 --- [    Test worker] o.h.type.descriptor.sql.BasicExtractor   : extracted value ([my_parent_id7_0_] : [BIGINT]) - [null]
2019-06-13 17:57:29.838 TRACE 81444 --- [    Test worker] o.h.type.descriptor.sql.BasicExtractor   : extracted value ([name8_0_] : [VARCHAR]) - [교무처]
2019-06-13 17:57:29.858 TRACE 81444 --- [    Test worker] o.h.type.descriptor.sql.BasicExtractor   : extracted value ([id1_0_] : [BIGINT]) - [911]
2019-06-13 17:57:29.858 TRACE 81444 --- [    Test worker] o.h.type.descriptor.sql.BasicExtractor   : extracted value ([code2_0_] : [VARCHAR]) - [XM103]
2019-06-13 17:57:29.858 TRACE 81444 --- [    Test worker] o.h.type.descriptor.sql.BasicExtractor   : extracted value ([date_created3_0_] : [TIMESTAMP]) - [2019-05-23 15:57:47.0]
2019-06-13 17:57:29.859 TRACE 81444 --- [    Test worker] o.h.type.descriptor.sql.BasicExtractor   : extracted value ([is_active4_0_] : [BIT]) - [true]
2019-06-13 17:57:29.859 TRACE 81444 --- [    Test worker] o.h.type.descriptor.sql.BasicExtractor   : extracted value ([last_updated5_0_] : [TIMESTAMP]) - [2019-05-24 14:27:44.0]
2019-06-13 17:57:29.859 TRACE 81444 --- [    Test worker] o.h.type.descriptor.sql.BasicExtractor   : extracted value ([last_updator_id6_0_] : [BIGINT]) - [6]
2019-06-13 17:57:29.859 TRACE 81444 --- [    Test worker] o.h.type.descriptor.sql.BasicExtractor   : extracted value ([my_parent_id7_0_] : [BIGINT]) - [null]
2019-06-13 17:57:29.859 TRACE 81444 --- [    Test worker] o.h.type.descriptor.sql.BasicExtractor   : extracted value ([name8_0_] : [VARCHAR]) - [학생처]
2019-06-13 17:57:29.859 TRACE 81444 --- [    Test worker] o.h.type.descriptor.sql.BasicExtractor   : extracted value ([id1_0_] : [BIGINT]) - [912]
2019-06-13 17:57:29.859 TRACE 81444 --- [    Test worker] o.h.type.descriptor.sql.BasicExtractor   : extracted value ([code2_0_] : [VARCHAR]) - [XM104]
2019-06-13 17:57:29.859 TRACE 81444 --- [    Test worker] o.h.type.descriptor.sql.BasicExtractor   : extracted value ([date_created3_0_] : [TIMESTAMP]) - [2019-05-23 15:57:47.0]
2019-06-13 17:57:29.859 TRACE 81444 --- [    Test worker] o.h.type.descriptor.sql.BasicExtractor   : extracted value ([is_active4_0_] : [BIT]) - [true]
2019-06-13 17:57:29.859 TRACE 81444 --- [    Test worker] o.h.type.descriptor.sql.BasicExtractor   : extracted value ([last_updated5_0_] : [TIMESTAMP]) - [2019-05-24 14:27:45.0]
2019-06-13 17:57:29.859 TRACE 81444 --- [    Test worker] o.h.type.descriptor.sql.BasicExtractor   : extracted value ([last_updator_id6_0_] : [BIGINT]) - [6]
2019-06-13 17:57:29.859 TRACE 81444 --- [    Test worker] o.h.type.descriptor.sql.BasicExtractor   : extracted value ([my_parent_id7_0_] : [BIGINT]) - [null]
2019-06-13 17:57:29.860 TRACE 81444 --- [    Test worker] o.h.type.descriptor.sql.BasicExtractor   : extracted value ([name8_0_] : [VARCHAR]) - [기획처]
2019-06-13 17:57:29.860 TRACE 81444 --- [    Test worker] o.h.type.descriptor.sql.BasicExtractor   : extracted value ([id1_0_] : [BIGINT]) - [913]
2019-06-13 17:57:29.860 TRACE 81444 --- [    Test worker] o.h.type.descriptor.sql.BasicExtractor   : extracted value ([code2_0_] : [VARCHAR]) - [XM105]
2019-06-13 17:57:29.860 TRACE 81444 --- [    Test worker] o.h.type.descriptor.sql.BasicExtractor   : extracted value ([date_created3_0_] : [TIMESTAMP]) - [2019-05-23 15:57:47.0]
2019-06-13 17:57:29.860 TRACE 81444 --- [    Test worker] o.h.type.descriptor.sql.BasicExtractor   : extracted value ([is_active4_0_] : [BIT]) - [true]
2019-06-13 17:57:29.860 TRACE 81444 --- [    Test worker] o.h.type.descriptor.sql.BasicExtractor   : extracted value ([last_updated5_0_] : [TIMESTAMP]) - [2019-05-24 14:27:45.0]
2019-06-13 17:57:29.860 TRACE 81444 --- [    Test worker] o.h.type.descriptor.sql.BasicExtractor   : extracted value ([last_updator_id6_0_] : [BIGINT]) - [6]
2019-06-13 17:57:29.860 TRACE 81444 --- [    Test worker] o.h.type.descriptor.sql.BasicExtractor   : extracted value ([my_parent_id7_0_] : [BIGINT]) - [null]
2019-06-13 17:57:29.860 TRACE 81444 --- [    Test worker] o.h.type.descriptor.sql.BasicExtractor   : extracted value ([name8_0_] : [VARCHAR]) - [주차관리부]
2019-06-13 17:57:29.860 TRACE 81444 --- [    Test worker] o.h.type.descriptor.sql.BasicExtractor   : extracted value ([id1_0_] : [BIGINT]) - [914]
2019-06-13 17:57:29.860 TRACE 81444 --- [    Test worker] o.h.type.descriptor.sql.BasicExtractor   : extracted value ([code2_0_] : [VARCHAR]) - [XM201]
2019-06-13 17:57:29.861 TRACE 81444 --- [    Test worker] o.h.type.descriptor.sql.BasicExtractor   : extracted value ([date_created3_0_] : [TIMESTAMP]) - [2019-05-23 15:57:48.0]
2019-06-13 17:57:29.861 TRACE 81444 --- [    Test worker] o.h.type.descriptor.sql.BasicExtractor   : extracted value ([is_active4_0_] : [BIT]) - [true]
2019-06-13 17:57:29.861 TRACE 81444 --- [    Test worker] o.h.type.descriptor.sql.BasicExtractor   : extracted value ([last_updated5_0_] : [TIMESTAMP]) - [2019-05-24 14:27:45.0]
2019-06-13 17:57:29.861 TRACE 81444 --- [    Test worker] o.h.type.descriptor.sql.BasicExtractor   : extracted value ([last_updator_id6_0_] : [BIGINT]) - [6]
2019-06-13 17:57:29.861 TRACE 81444 --- [    Test worker] o.h.type.descriptor.sql.BasicExtractor   : extracted value ([my_parent_id7_0_] : [BIGINT]) - [null]
2019-06-13 17:57:29.861 TRACE 81444 --- [    Test worker] o.h.type.descriptor.sql.BasicExtractor   : extracted value ([name8_0_] : [VARCHAR]) - [인문대학]
2019-06-13 17:57:29.861 TRACE 81444 --- [    Test worker] o.h.type.descriptor.sql.BasicExtractor   : extracted value ([id1_0_] : [BIGINT]) - [915]
2019-06-13 17:57:29.861 TRACE 81444 --- [    Test worker] o.h.type.descriptor.sql.BasicExtractor   : extracted value ([code2_0_] : [VARCHAR]) - [XM202]
2019-06-13 17:57:29.861 TRACE 81444 --- [    Test worker] o.h.type.descriptor.sql.BasicExtractor   : extracted value ([date_created3_0_] : [TIMESTAMP]) - [2019-05-23 15:57:48.0]
2019-06-13 17:57:29.861 TRACE 81444 --- [    Test worker] o.h.type.descriptor.sql.BasicExtractor   : extracted value ([is_active4_0_] : [BIT]) - [true]
2019-06-13 17:57:29.861 TRACE 81444 --- [    Test worker] o.h.type.descriptor.sql.BasicExtractor   : extracted value ([last_updated5_0_] : [TIMESTAMP]) - [2019-05-24 14:27:46.0]
2019-06-13 17:57:29.861 TRACE 81444 --- [    Test worker] o.h.type.descriptor.sql.BasicExtractor   : extracted value ([last_updator_id6_0_] : [BIGINT]) - [6]
2019-06-13 17:57:29.862 TRACE 81444 --- [    Test worker] o.h.type.descriptor.sql.BasicExtractor   : extracted value ([my_parent_id7_0_] : [BIGINT]) - [null]
2019-06-13 17:57:29.862 TRACE 81444 --- [    Test worker] o.h.type.descriptor.sql.BasicExtractor   : extracted value ([name8_0_] : [VARCHAR]) - [예술대학]
2019-06-13 17:57:29.862 TRACE 81444 --- [    Test worker] o.h.type.descriptor.sql.BasicExtractor   : extracted value ([id1_0_] : [BIGINT]) - [916]
2019-06-13 17:57:29.862 TRACE 81444 --- [    Test worker] o.h.type.descriptor.sql.BasicExtractor   : extracted value ([code2_0_] : [VARCHAR]) - [XM203]
2019-06-13 17:57:29.862 TRACE 81444 --- [    Test worker] o.h.type.descriptor.sql.BasicExtractor   : extracted value ([date_created3_0_] : [TIMESTAMP]) - [2019-05-23 15:57:48.0]
2019-06-13 17:57:29.862 TRACE 81444 --- [    Test worker] o.h.type.descriptor.sql.BasicExtractor   : extracted value ([is_active4_0_] : [BIT]) - [true]
2019-06-13 17:57:29.862 TRACE 81444 --- [    Test worker] o.h.type.descriptor.sql.BasicExtractor   : extracted value ([last_updated5_0_] : [TIMESTAMP]) - [2019-05-24 14:27:46.0]
2019-06-13 17:57:29.862 TRACE 81444 --- [    Test worker] o.h.type.descriptor.sql.BasicExtractor   : extracted value ([last_updator_id6_0_] : [BIGINT]) - [6]
2019-06-13 17:57:29.862 TRACE 81444 --- [    Test worker] o.h.type.descriptor.sql.BasicExtractor   : extracted value ([my_parent_id7_0_] : [BIGINT]) - [null]
2019-06-13 17:57:29.862 TRACE 81444 --- [    Test worker] o.h.type.descriptor.sql.BasicExtractor   : extracted value ([name8_0_] : [VARCHAR]) - [사회과학대학]
2019-06-13 17:57:29.862 TRACE 81444 --- [    Test worker] o.h.type.descriptor.sql.BasicExtractor   : extracted value ([id1_0_] : [BIGINT]) - [917]
2019-06-13 17:57:29.862 TRACE 81444 --- [    Test worker] o.h.type.descriptor.sql.BasicExtractor   : extracted value ([code2_0_] : [VARCHAR]) - [XM204]
2019-06-13 17:57:29.862 TRACE 81444 --- [    Test worker] o.h.type.descriptor.sql.BasicExtractor   : extracted value ([date_created3_0_] : [TIMESTAMP]) - [2019-05-23 15:57:49.0]
2019-06-13 17:57:29.863 TRACE 81444 --- [    Test worker] o.h.type.descriptor.sql.BasicExtractor   : extracted value ([is_active4_0_] : [BIT]) - [true]
2019-06-13 17:57:29.863 TRACE 81444 --- [    Test worker] o.h.type.descriptor.sql.BasicExtractor   : extracted value ([last_updated5_0_] : [TIMESTAMP]) - [2019-05-24 14:27:46.0]
2019-06-13 17:57:29.863 TRACE 81444 --- [    Test worker] o.h.type.descriptor.sql.BasicExtractor   : extracted value ([last_updator_id6_0_] : [BIGINT]) - [6]
2019-06-13 17:57:29.863 TRACE 81444 --- [    Test worker] o.h.type.descriptor.sql.BasicExtractor   : extracted value ([my_parent_id7_0_] : [BIGINT]) - [null]
2019-06-13 17:57:29.863 TRACE 81444 --- [    Test worker] o.h.type.descriptor.sql.BasicExtractor   : extracted value ([name8_0_] : [VARCHAR]) - [자연과학대학]
2019-06-13 17:57:29.863 TRACE 81444 --- [    Test worker] o.h.type.descriptor.sql.BasicExtractor   : extracted value ([id1_0_] : [BIGINT]) - [918]
2019-06-13 17:57:29.863 TRACE 81444 --- [    Test worker] o.h.type.descriptor.sql.BasicExtractor   : extracted value ([code2_0_] : [VARCHAR]) - [XM205]
2019-06-13 17:57:29.863 TRACE 81444 --- [    Test worker] o.h.type.descriptor.sql.BasicExtractor   : extracted value ([date_created3_0_] : [TIMESTAMP]) - [2019-05-23 15:57:49.0]
2019-06-13 17:57:29.863 TRACE 81444 --- [    Test worker] o.h.type.descriptor.sql.BasicExtractor   : extracted value ([is_active4_0_] : [BIT]) - [true]
2019-06-13 17:57:29.863 TRACE 81444 --- [    Test worker] o.h.type.descriptor.sql.BasicExtractor   : extracted value ([last_updated5_0_] : [TIMESTAMP]) - [2019-05-24 14:27:46.0]
2019-06-13 17:57:29.863 TRACE 81444 --- [    Test worker] o.h.type.descriptor.sql.BasicExtractor   : extracted value ([last_updator_id6_0_] : [BIGINT]) - [6]
2019-06-13 17:57:29.863 TRACE 81444 --- [    Test worker] o.h.type.descriptor.sql.BasicExtractor   : extracted value ([my_parent_id7_0_] : [BIGINT]) - [null]
2019-06-13 17:57:29.863 TRACE 81444 --- [    Test worker] o.h.type.descriptor.sql.BasicExtractor   : extracted value ([name8_0_] : [VARCHAR]) - [공과대학]
2019-06-13 17:57:29.863 TRACE 81444 --- [    Test worker] o.h.type.descriptor.sql.BasicExtractor   : extracted value ([id1_0_] : [BIGINT]) - [919]
2019-06-13 17:57:29.863 TRACE 81444 --- [    Test worker] o.h.type.descriptor.sql.BasicExtractor   : extracted value ([code2_0_] : [VARCHAR]) - [XM206]
2019-06-13 17:57:29.863 TRACE 81444 --- [    Test worker] o.h.type.descriptor.sql.BasicExtractor   : extracted value ([date_created3_0_] : [TIMESTAMP]) - [2019-05-23 15:57:49.0]
2019-06-13 17:57:29.863 TRACE 81444 --- [    Test worker] o.h.type.descriptor.sql.BasicExtractor   : extracted value ([is_active4_0_] : [BIT]) - [true]
2019-06-13 17:57:29.863 TRACE 81444 --- [    Test worker] o.h.type.descriptor.sql.BasicExtractor   : extracted value ([last_updated5_0_] : [TIMESTAMP]) - [2019-05-24 14:27:47.0]
2019-06-13 17:57:29.863 TRACE 81444 --- [    Test worker] o.h.type.descriptor.sql.BasicExtractor   : extracted value ([last_updator_id6_0_] : [BIGINT]) - [6]
2019-06-13 17:57:29.863 TRACE 81444 --- [    Test worker] o.h.type.descriptor.sql.BasicExtractor   : extracted value ([my_parent_id7_0_] : [BIGINT]) - [null]
2019-06-13 17:57:29.863 TRACE 81444 --- [    Test worker] o.h.type.descriptor.sql.BasicExtractor   : extracted value ([name8_0_] : [VARCHAR]) - [해양과학대학]
2019-06-13 17:57:29.864 TRACE 81444 --- [    Test worker] o.h.type.descriptor.sql.BasicExtractor   : extracted value ([id1_0_] : [BIGINT]) - [920]
2019-06-13 17:57:29.864 TRACE 81444 --- [    Test worker] o.h.type.descriptor.sql.BasicExtractor   : extracted value ([code2_0_] : [VARCHAR]) - [XM301]
2019-06-13 17:57:29.864 TRACE 81444 --- [    Test worker] o.h.type.descriptor.sql.BasicExtractor   : extracted value ([date_created3_0_] : [TIMESTAMP]) - [2019-05-23 15:57:50.0]
2019-06-13 17:57:29.864 TRACE 81444 --- [    Test worker] o.h.type.descriptor.sql.BasicExtractor   : extracted value ([is_active4_0_] : [BIT]) - [true]
2019-06-13 17:57:29.864 TRACE 81444 --- [    Test worker] o.h.type.descriptor.sql.BasicExtractor   : extracted value ([last_updated5_0_] : [TIMESTAMP]) - [2019-05-24 14:27:47.0]
2019-06-13 17:57:29.864 TRACE 81444 --- [    Test worker] o.h.type.descriptor.sql.BasicExtractor   : extracted value ([last_updator_id6_0_] : [BIGINT]) - [6]
2019-06-13 17:57:29.864 TRACE 81444 --- [    Test worker] o.h.type.descriptor.sql.BasicExtractor   : extracted value ([my_parent_id7_0_] : [BIGINT]) - [null]
2019-06-13 17:57:29.864 TRACE 81444 --- [    Test worker] o.h.type.descriptor.sql.BasicExtractor   : extracted value ([name8_0_] : [VARCHAR]) - [대학원]
2019-06-13 17:57:29.883 TRACE 81444 --- [    Test worker] o.h.type.descriptor.sql.BasicExtractor   : extracted value ([id1_0_] : [BIGINT]) - [921]
2019-06-13 17:57:29.884 TRACE 81444 --- [    Test worker] o.h.type.descriptor.sql.BasicExtractor   : extracted value ([code2_0_] : [VARCHAR]) - [XM401]
2019-06-13 17:57:29.884 TRACE 81444 --- [    Test worker] o.h.type.descriptor.sql.BasicExtractor   : extracted value ([date_created3_0_] : [TIMESTAMP]) - [2019-05-23 15:57:50.0]
2019-06-13 17:57:29.884 TRACE 81444 --- [    Test worker] o.h.type.descriptor.sql.BasicExtractor   : extracted value ([is_active4_0_] : [BIT]) - [true]
2019-06-13 17:57:29.884 TRACE 81444 --- [    Test worker] o.h.type.descriptor.sql.BasicExtractor   : extracted value ([last_updated5_0_] : [TIMESTAMP]) - [2019-05-24 14:27:47.0]
2019-06-13 17:57:29.884 TRACE 81444 --- [    Test worker] o.h.type.descriptor.sql.BasicExtractor   : extracted value ([last_updator_id6_0_] : [BIGINT]) - [6]
2019-06-13 17:57:29.884 TRACE 81444 --- [    Test worker] o.h.type.descriptor.sql.BasicExtractor   : extracted value ([my_parent_id7_0_] : [BIGINT]) - [null]
2019-06-13 17:57:29.884 TRACE 81444 --- [    Test worker] o.h.type.descriptor.sql.BasicExtractor   : extracted value ([name8_0_] : [VARCHAR]) - [도서관]
2019-06-13 17:57:29.884 TRACE 81444 --- [    Test worker] o.h.type.descriptor.sql.BasicExtractor   : extracted value ([id1_0_] : [BIGINT]) - [922]
2019-06-13 17:57:29.884 TRACE 81444 --- [    Test worker] o.h.type.descriptor.sql.BasicExtractor   : extracted value ([code2_0_] : [VARCHAR]) - [XM402]
2019-06-13 17:57:29.884 TRACE 81444 --- [    Test worker] o.h.type.descriptor.sql.BasicExtractor   : extracted value ([date_created3_0_] : [TIMESTAMP]) - [2019-05-23 15:57:50.0]
2019-06-13 17:57:29.885 TRACE 81444 --- [    Test worker] o.h.type.descriptor.sql.BasicExtractor   : extracted value ([is_active4_0_] : [BIT]) - [true]
2019-06-13 17:57:29.885 TRACE 81444 --- [    Test worker] o.h.type.descriptor.sql.BasicExtractor   : extracted value ([last_updated5_0_] : [TIMESTAMP]) - [2019-05-24 14:27:48.0]
2019-06-13 17:57:29.885 TRACE 81444 --- [    Test worker] o.h.type.descriptor.sql.BasicExtractor   : extracted value ([last_updator_id6_0_] : [BIGINT]) - [6]
2019-06-13 17:57:29.885 TRACE 81444 --- [    Test worker] o.h.type.descriptor.sql.BasicExtractor   : extracted value ([my_parent_id7_0_] : [BIGINT]) - [null]
2019-06-13 17:57:29.885 TRACE 81444 --- [    Test worker] o.h.type.descriptor.sql.BasicExtractor   : extracted value ([name8_0_] : [VARCHAR]) - [평생교육원]
2019-06-13 17:57:29.885 TRACE 81444 --- [    Test worker] o.h.type.descriptor.sql.BasicExtractor   : extracted value ([id1_0_] : [BIGINT]) - [923]
2019-06-13 17:57:29.885 TRACE 81444 --- [    Test worker] o.h.type.descriptor.sql.BasicExtractor   : extracted value ([code2_0_] : [VARCHAR]) - [XM403]
2019-06-13 17:57:29.885 TRACE 81444 --- [    Test worker] o.h.type.descriptor.sql.BasicExtractor   : extracted value ([date_created3_0_] : [TIMESTAMP]) - [2019-05-23 15:57:51.0]
2019-06-13 17:57:29.885 TRACE 81444 --- [    Test worker] o.h.type.descriptor.sql.BasicExtractor   : extracted value ([is_active4_0_] : [BIT]) - [true]
2019-06-13 17:57:29.885 TRACE 81444 --- [    Test worker] o.h.type.descriptor.sql.BasicExtractor   : extracted value ([last_updated5_0_] : [TIMESTAMP]) - [2019-05-24 14:27:48.0]
2019-06-13 17:57:29.885 TRACE 81444 --- [    Test worker] o.h.type.descriptor.sql.BasicExtractor   : extracted value ([last_updator_id6_0_] : [BIGINT]) - [6]
2019-06-13 17:57:29.885 TRACE 81444 --- [    Test worker] o.h.type.descriptor.sql.BasicExtractor   : extracted value ([my_parent_id7_0_] : [BIGINT]) - [null]
2019-06-13 17:57:29.885 TRACE 81444 --- [    Test worker] o.h.type.descriptor.sql.BasicExtractor   : extracted value ([name8_0_] : [VARCHAR]) - [국제교류교육원]
2019-06-13 17:57:29.885 TRACE 81444 --- [    Test worker] o.h.type.descriptor.sql.BasicExtractor   : extracted value ([id1_0_] : [BIGINT]) - [924]
2019-06-13 17:57:29.885 TRACE 81444 --- [    Test worker] o.h.type.descriptor.sql.BasicExtractor   : extracted value ([code2_0_] : [VARCHAR]) - [XM404]
2019-06-13 17:57:29.885 TRACE 81444 --- [    Test worker] o.h.type.descriptor.sql.BasicExtractor   : extracted value ([date_created3_0_] : [TIMESTAMP]) - [2019-05-23 15:57:51.0]
2019-06-13 17:57:29.885 TRACE 81444 --- [    Test worker] o.h.type.descriptor.sql.BasicExtractor   : extracted value ([is_active4_0_] : [BIT]) - [true]
2019-06-13 17:57:29.886 TRACE 81444 --- [    Test worker] o.h.type.descriptor.sql.BasicExtractor   : extracted value ([last_updated5_0_] : [TIMESTAMP]) - [2019-05-24 14:27:48.0]
2019-06-13 17:57:29.886 TRACE 81444 --- [    Test worker] o.h.type.descriptor.sql.BasicExtractor   : extracted value ([last_updator_id6_0_] : [BIGINT]) - [6]
2019-06-13 17:57:29.886 TRACE 81444 --- [    Test worker] o.h.type.descriptor.sql.BasicExtractor   : extracted value ([my_parent_id7_0_] : [BIGINT]) - [null]
2019-06-13 17:57:29.886 TRACE 81444 --- [    Test worker] o.h.type.descriptor.sql.BasicExtractor   : extracted value ([name8_0_] : [VARCHAR]) - [정보통신훈련원]
2019-06-13 17:57:29.886 TRACE 81444 --- [    Test worker] o.h.type.descriptor.sql.BasicExtractor   : extracted value ([id1_0_] : [BIGINT]) - [925]
2019-06-13 17:57:29.886 TRACE 81444 --- [    Test worker] o.h.type.descriptor.sql.BasicExtractor   : extracted value ([code2_0_] : [VARCHAR]) - [XM405]
2019-06-13 17:57:29.886 TRACE 81444 --- [    Test worker] o.h.type.descriptor.sql.BasicExtractor   : extracted value ([date_created3_0_] : [TIMESTAMP]) - [2019-05-23 15:57:51.0]
2019-06-13 17:57:29.886 TRACE 81444 --- [    Test worker] o.h.type.descriptor.sql.BasicExtractor   : extracted value ([is_active4_0_] : [BIT]) - [true]
2019-06-13 17:57:29.886 TRACE 81444 --- [    Test worker] o.h.type.descriptor.sql.BasicExtractor   : extracted value ([last_updated5_0_] : [TIMESTAMP]) - [2019-05-24 14:27:49.0]
2019-06-13 17:57:29.886 TRACE 81444 --- [    Test worker] o.h.type.descriptor.sql.BasicExtractor   : extracted value ([last_updator_id6_0_] : [BIGINT]) - [6]
2019-06-13 17:57:29.886 TRACE 81444 --- [    Test worker] o.h.type.descriptor.sql.BasicExtractor   : extracted value ([my_parent_id7_0_] : [BIGINT]) - [null]
2019-06-13 17:57:29.886 TRACE 81444 --- [    Test worker] o.h.type.descriptor.sql.BasicExtractor   : extracted value ([name8_0_] : [VARCHAR]) - [취업지원본부]
2019-06-13 17:57:29.886 TRACE 81444 --- [    Test worker] o.h.type.descriptor.sql.BasicExtractor   : extracted value ([id1_0_] : [BIGINT]) - [926]
2019-06-13 17:57:29.886 TRACE 81444 --- [    Test worker] o.h.type.descriptor.sql.BasicExtractor   : extracted value ([code2_0_] : [VARCHAR]) - [XM406]
2019-06-13 17:57:29.887 TRACE 81444 --- [    Test worker] o.h.type.descriptor.sql.BasicExtractor   : extracted value ([date_created3_0_] : [TIMESTAMP]) - [2019-05-23 15:57:52.0]
2019-06-13 17:57:29.887 TRACE 81444 --- [    Test worker] o.h.type.descriptor.sql.BasicExtractor   : extracted value ([is_active4_0_] : [BIT]) - [true]
2019-06-13 17:57:29.887 TRACE 81444 --- [    Test worker] o.h.type.descriptor.sql.BasicExtractor   : extracted value ([last_updated5_0_] : [TIMESTAMP]) - [2019-05-24 14:27:49.0]
2019-06-13 17:57:29.887 TRACE 81444 --- [    Test worker] o.h.type.descriptor.sql.BasicExtractor   : extracted value ([last_updator_id6_0_] : [BIGINT]) - [6]
2019-06-13 17:57:29.887 TRACE 81444 --- [    Test worker] o.h.type.descriptor.sql.BasicExtractor   : extracted value ([my_parent_id7_0_] : [BIGINT]) - [null]
2019-06-13 17:57:29.887 TRACE 81444 --- [    Test worker] o.h.type.descriptor.sql.BasicExtractor   : extracted value ([name8_0_] : [VARCHAR]) - [정보전산원]
2019-06-13 17:57:29.887 TRACE 81444 --- [    Test worker] o.h.type.descriptor.sql.BasicExtractor   : extracted value ([id1_0_] : [BIGINT]) - [927]
2019-06-13 17:57:29.887 TRACE 81444 --- [    Test worker] o.h.type.descriptor.sql.BasicExtractor   : extracted value ([code2_0_] : [VARCHAR]) - [XM407]
2019-06-13 17:57:29.887 TRACE 81444 --- [    Test worker] o.h.type.descriptor.sql.BasicExtractor   : extracted value ([date_created3_0_] : [TIMESTAMP]) - [2019-05-23 15:57:52.0]
2019-06-13 17:57:29.887 TRACE 81444 --- [    Test worker] o.h.type.descriptor.sql.BasicExtractor   : extracted value ([is_active4_0_] : [BIT]) - [true]
2019-06-13 17:57:29.887 TRACE 81444 --- [    Test worker] o.h.type.descriptor.sql.BasicExtractor   : extracted value ([last_updated5_0_] : [TIMESTAMP]) - [2019-05-24 14:27:49.0]
2019-06-13 17:57:29.887 TRACE 81444 --- [    Test worker] o.h.type.descriptor.sql.BasicExtractor   : extracted value ([last_updator_id6_0_] : [BIGINT]) - [6]
2019-06-13 17:57:29.887 TRACE 81444 --- [    Test worker] o.h.type.descriptor.sql.BasicExtractor   : extracted value ([my_parent_id7_0_] : [BIGINT]) - [null]
2019-06-13 17:57:29.888 TRACE 81444 --- [    Test worker] o.h.type.descriptor.sql.BasicExtractor   : extracted value ([name8_0_] : [VARCHAR]) - [입학관리과]
2019-06-13 17:57:29.888 TRACE 81444 --- [    Test worker] o.h.type.descriptor.sql.BasicExtractor   : extracted value ([id1_0_] : [BIGINT]) - [928]
2019-06-13 17:57:29.888 TRACE 81444 --- [    Test worker] o.h.type.descriptor.sql.BasicExtractor   : extracted value ([code2_0_] : [VARCHAR]) - [XM408]
2019-06-13 17:57:29.888 TRACE 81444 --- [    Test worker] o.h.type.descriptor.sql.BasicExtractor   : extracted value ([date_created3_0_] : [TIMESTAMP]) - [2019-05-23 15:57:52.0]
2019-06-13 17:57:29.888 TRACE 81444 --- [    Test worker] o.h.type.descriptor.sql.BasicExtractor   : extracted value ([is_active4_0_] : [BIT]) - [true]
2019-06-13 17:57:29.888 TRACE 81444 --- [    Test worker] o.h.type.descriptor.sql.BasicExtractor   : extracted value ([last_updated5_0_] : [TIMESTAMP]) - [2019-05-24 14:27:50.0]
2019-06-13 17:57:29.888 TRACE 81444 --- [    Test worker] o.h.type.descriptor.sql.BasicExtractor   : extracted value ([last_updator_id6_0_] : [BIGINT]) - [6]
2019-06-13 17:57:29.888 TRACE 81444 --- [    Test worker] o.h.type.descriptor.sql.BasicExtractor   : extracted value ([my_parent_id7_0_] : [BIGINT]) - [null]
2019-06-13 17:57:29.888 TRACE 81444 --- [    Test worker] o.h.type.descriptor.sql.BasicExtractor   : extracted value ([name8_0_] : [VARCHAR]) - [산학협력단]
2019-06-13 17:57:29.888 TRACE 81444 --- [    Test worker] o.h.type.descriptor.sql.BasicExtractor   : extracted value ([id1_0_] : [BIGINT]) - [929]
2019-06-13 17:57:29.888 TRACE 81444 --- [    Test worker] o.h.type.descriptor.sql.BasicExtractor   : extracted value ([code2_0_] : [VARCHAR]) - [XM409]
2019-06-13 17:57:29.888 TRACE 81444 --- [    Test worker] o.h.type.descriptor.sql.BasicExtractor   : extracted value ([date_created3_0_] : [TIMESTAMP]) - [2019-05-23 15:57:53.0]
2019-06-13 17:57:29.888 TRACE 81444 --- [    Test worker] o.h.type.descriptor.sql.BasicExtractor   : extracted value ([is_active4_0_] : [BIT]) - [true]
2019-06-13 17:57:29.888 TRACE 81444 --- [    Test worker] o.h.type.descriptor.sql.BasicExtractor   : extracted value ([last_updated5_0_] : [TIMESTAMP]) - [2019-05-24 14:27:50.0]
2019-06-13 17:57:29.888 TRACE 81444 --- [    Test worker] o.h.type.descriptor.sql.BasicExtractor   : extracted value ([last_updator_id6_0_] : [BIGINT]) - [6]
2019-06-13 17:57:29.888 TRACE 81444 --- [    Test worker] o.h.type.descriptor.sql.BasicExtractor   : extracted value ([my_parent_id7_0_] : [BIGINT]) - [null]
2019-06-13 17:57:29.888 TRACE 81444 --- [    Test worker] o.h.type.descriptor.sql.BasicExtractor   : extracted value ([name8_0_] : [VARCHAR]) - [교육개발원]
2019-06-13 17:57:29.889 TRACE 81444 --- [    Test worker] o.h.type.descriptor.sql.BasicExtractor   : extracted value ([id1_0_] : [BIGINT]) - [930]
2019-06-13 17:57:29.889 TRACE 81444 --- [    Test worker] o.h.type.descriptor.sql.BasicExtractor   : extracted value ([code2_0_] : [VARCHAR]) - [XM410]
2019-06-13 17:57:29.889 TRACE 81444 --- [    Test worker] o.h.type.descriptor.sql.BasicExtractor   : extracted value ([date_created3_0_] : [TIMESTAMP]) - [2019-05-23 15:57:53.0]
2019-06-13 17:57:29.889 TRACE 81444 --- [    Test worker] o.h.type.descriptor.sql.BasicExtractor   : extracted value ([is_active4_0_] : [BIT]) - [true]
2019-06-13 17:57:29.889 TRACE 81444 --- [    Test worker] o.h.type.descriptor.sql.BasicExtractor   : extracted value ([last_updated5_0_] : [TIMESTAMP]) - [2019-05-24 14:27:50.0]
2019-06-13 17:57:29.889 TRACE 81444 --- [    Test worker] o.h.type.descriptor.sql.BasicExtractor   : extracted value ([last_updator_id6_0_] : [BIGINT]) - [6]
2019-06-13 17:57:29.889 TRACE 81444 --- [    Test worker] o.h.type.descriptor.sql.BasicExtractor   : extracted value ([my_parent_id7_0_] : [BIGINT]) - [null]
2019-06-13 17:57:29.889 TRACE 81444 --- [    Test worker] o.h.type.descriptor.sql.BasicExtractor   : extracted value ([name8_0_] : [VARCHAR]) - [공동실험실습관]
2019-06-13 17:57:29.908 TRACE 81444 --- [    Test worker] o.h.type.descriptor.sql.BasicExtractor   : extracted value ([id1_0_] : [BIGINT]) - [931]
2019-06-13 17:57:29.908 TRACE 81444 --- [    Test worker] o.h.type.descriptor.sql.BasicExtractor   : extracted value ([code2_0_] : [VARCHAR]) - [XM411]
2019-06-13 17:57:29.908 TRACE 81444 --- [    Test worker] o.h.type.descriptor.sql.BasicExtractor   : extracted value ([date_created3_0_] : [TIMESTAMP]) - [2019-05-23 15:57:53.0]
2019-06-13 17:57:29.908 TRACE 81444 --- [    Test worker] o.h.type.descriptor.sql.BasicExtractor   : extracted value ([is_active4_0_] : [BIT]) - [true]
2019-06-13 17:57:29.909 TRACE 81444 --- [    Test worker] o.h.type.descriptor.sql.BasicExtractor   : extracted value ([last_updated5_0_] : [TIMESTAMP]) - [2019-05-24 14:27:51.0]
2019-06-13 17:57:29.909 TRACE 81444 --- [    Test worker] o.h.type.descriptor.sql.BasicExtractor   : extracted value ([last_updator_id6_0_] : [BIGINT]) - [6]
2019-06-13 17:57:29.909 TRACE 81444 --- [    Test worker] o.h.type.descriptor.sql.BasicExtractor   : extracted value ([my_parent_id7_0_] : [BIGINT]) - [null]
2019-06-13 17:57:29.909 TRACE 81444 --- [    Test worker] o.h.type.descriptor.sql.BasicExtractor   : extracted value ([name8_0_] : [VARCHAR]) - [새만금캠퍼스본부]
2019-06-13 17:57:29.909 TRACE 81444 --- [    Test worker] o.h.type.descriptor.sql.BasicExtractor   : extracted value ([id1_0_] : [BIGINT]) - [932]
2019-06-13 17:57:29.909 TRACE 81444 --- [    Test worker] o.h.type.descriptor.sql.BasicExtractor   : extracted value ([code2_0_] : [VARCHAR]) - [XM412]
2019-06-13 17:57:29.909 TRACE 81444 --- [    Test worker] o.h.type.descriptor.sql.BasicExtractor   : extracted value ([date_created3_0_] : [TIMESTAMP]) - [2019-05-23 15:57:54.0]
2019-06-13 17:57:29.909 TRACE 81444 --- [    Test worker] o.h.type.descriptor.sql.BasicExtractor   : extracted value ([is_active4_0_] : [BIT]) - [true]
2019-06-13 17:57:29.909 TRACE 81444 --- [    Test worker] o.h.type.descriptor.sql.BasicExtractor   : extracted value ([last_updated5_0_] : [TIMESTAMP]) - [2019-05-24 14:27:51.0]
2019-06-13 17:57:29.909 TRACE 81444 --- [    Test worker] o.h.type.descriptor.sql.BasicExtractor   : extracted value ([last_updator_id6_0_] : [BIGINT]) - [6]
2019-06-13 17:57:29.909 TRACE 81444 --- [    Test worker] o.h.type.descriptor.sql.BasicExtractor   : extracted value ([my_parent_id7_0_] : [BIGINT]) - [null]
2019-06-13 17:57:29.910 TRACE 81444 --- [    Test worker] o.h.type.descriptor.sql.BasicExtractor   : extracted value ([name8_0_] : [VARCHAR]) - [취업ㆍ상담지원본부]
2019-06-13 17:57:29.910 TRACE 81444 --- [    Test worker] o.h.type.descriptor.sql.BasicExtractor   : extracted value ([id1_0_] : [BIGINT]) - [933]
2019-06-13 17:57:29.910 TRACE 81444 --- [    Test worker] o.h.type.descriptor.sql.BasicExtractor   : extracted value ([code2_0_] : [VARCHAR]) - [XM413]
2019-06-13 17:57:29.910 TRACE 81444 --- [    Test worker] o.h.type.descriptor.sql.BasicExtractor   : extracted value ([date_created3_0_] : [TIMESTAMP]) - [2019-05-23 15:57:54.0]
2019-06-13 17:57:29.910 TRACE 81444 --- [    Test worker] o.h.type.descriptor.sql.BasicExtractor   : extracted value ([is_active4_0_] : [BIT]) - [true]
2019-06-13 17:57:29.910 TRACE 81444 --- [    Test worker] o.h.type.descriptor.sql.BasicExtractor   : extracted value ([last_updated5_0_] : [TIMESTAMP]) - [2019-05-24 14:27:51.0]
2019-06-13 17:57:29.910 TRACE 81444 --- [    Test worker] o.h.type.descriptor.sql.BasicExtractor   : extracted value ([last_updator_id6_0_] : [BIGINT]) - [6]
2019-06-13 17:57:29.910 TRACE 81444 --- [    Test worker] o.h.type.descriptor.sql.BasicExtractor   : extracted value ([my_parent_id7_0_] : [BIGINT]) - [null]
2019-06-13 17:57:29.910 TRACE 81444 --- [    Test worker] o.h.type.descriptor.sql.BasicExtractor   : extracted value ([name8_0_] : [VARCHAR]) - [학생군사교육단]
2019-06-13 17:57:29.910 TRACE 81444 --- [    Test worker] o.h.type.descriptor.sql.BasicExtractor   : extracted value ([id1_0_] : [BIGINT]) - [934]
2019-06-13 17:57:29.910 TRACE 81444 --- [    Test worker] o.h.type.descriptor.sql.BasicExtractor   : extracted value ([code2_0_] : [VARCHAR]) - [XM414]
2019-06-13 17:57:29.911 TRACE 81444 --- [    Test worker] o.h.type.descriptor.sql.BasicExtractor   : extracted value ([date_created3_0_] : [TIMESTAMP]) - [2019-05-23 15:57:54.0]
2019-06-13 17:57:29.911 TRACE 81444 --- [    Test worker] o.h.type.descriptor.sql.BasicExtractor   : extracted value ([is_active4_0_] : [BIT]) - [true]
2019-06-13 17:57:29.911 TRACE 81444 --- [    Test worker] o.h.type.descriptor.sql.BasicExtractor   : extracted value ([last_updated5_0_] : [TIMESTAMP]) - [2019-05-24 14:27:52.0]
2019-06-13 17:57:29.911 TRACE 81444 --- [    Test worker] o.h.type.descriptor.sql.BasicExtractor   : extracted value ([last_updator_id6_0_] : [BIGINT]) - [6]
2019-06-13 17:57:29.911 TRACE 81444 --- [    Test worker] o.h.type.descriptor.sql.BasicExtractor   : extracted value ([my_parent_id7_0_] : [BIGINT]) - [null]
2019-06-13 17:57:29.911 TRACE 81444 --- [    Test worker] o.h.type.descriptor.sql.BasicExtractor   : extracted value ([name8_0_] : [VARCHAR]) - [교양교육원]
2019-06-13 17:57:29.911 TRACE 81444 --- [    Test worker] o.h.type.descriptor.sql.BasicExtractor   : extracted value ([id1_0_] : [BIGINT]) - [935]
2019-06-13 17:57:29.911 TRACE 81444 --- [    Test worker] o.h.type.descriptor.sql.BasicExtractor   : extracted value ([code2_0_] : [VARCHAR]) - [XM901]
2019-06-13 17:57:29.912 TRACE 81444 --- [    Test worker] o.h.type.descriptor.sql.BasicExtractor   : extracted value ([date_created3_0_] : [TIMESTAMP]) - [2019-05-23 15:57:55.0]
2019-06-13 17:57:29.912 TRACE 81444 --- [    Test worker] o.h.type.descriptor.sql.BasicExtractor   : extracted value ([is_active4_0_] : [BIT]) - [true]
2019-06-13 17:57:29.912 TRACE 81444 --- [    Test worker] o.h.type.descriptor.sql.BasicExtractor   : extracted value ([last_updated5_0_] : [TIMESTAMP]) - [2019-05-24 14:27:52.0]
2019-06-13 17:57:29.912 TRACE 81444 --- [    Test worker] o.h.type.descriptor.sql.BasicExtractor   : extracted value ([last_updator_id6_0_] : [BIGINT]) - [6]
2019-06-13 17:57:29.913 TRACE 81444 --- [    Test worker] o.h.type.descriptor.sql.BasicExtractor   : extracted value ([my_parent_id7_0_] : [BIGINT]) - [null]
2019-06-13 17:57:29.913 TRACE 81444 --- [    Test worker] o.h.type.descriptor.sql.BasicExtractor   : extracted value ([name8_0_] : [VARCHAR]) - [학생생활관]
2019-06-13 17:57:29.913 TRACE 81444 --- [    Test worker] o.h.type.descriptor.sql.BasicExtractor   : extracted value ([id1_0_] : [BIGINT]) - [936]
2019-06-13 17:57:29.913 TRACE 81444 --- [    Test worker] o.h.type.descriptor.sql.BasicExtractor   : extracted value ([code2_0_] : [VARCHAR]) - [XM902]
2019-06-13 17:57:29.913 TRACE 81444 --- [    Test worker] o.h.type.descriptor.sql.BasicExtractor   : extracted value ([date_created3_0_] : [TIMESTAMP]) - [2019-05-23 15:57:55.0]
2019-06-13 17:57:29.913 TRACE 81444 --- [    Test worker] o.h.type.descriptor.sql.BasicExtractor   : extracted value ([is_active4_0_] : [BIT]) - [true]
2019-06-13 17:57:29.913 TRACE 81444 --- [    Test worker] o.h.type.descriptor.sql.BasicExtractor   : extracted value ([last_updated5_0_] : [TIMESTAMP]) - [2019-05-24 14:27:52.0]
2019-06-13 17:57:29.913 TRACE 81444 --- [    Test worker] o.h.type.descriptor.sql.BasicExtractor   : extracted value ([last_updator_id6_0_] : [BIGINT]) - [6]
2019-06-13 17:57:29.913 TRACE 81444 --- [    Test worker] o.h.type.descriptor.sql.BasicExtractor   : extracted value ([my_parent_id7_0_] : [BIGINT]) - [null]
2019-06-13 17:57:29.913 TRACE 81444 --- [    Test worker] o.h.type.descriptor.sql.BasicExtractor   : extracted value ([name8_0_] : [VARCHAR]) - [소비조합]
2019-06-13 17:57:29.913 TRACE 81444 --- [    Test worker] o.h.type.descriptor.sql.BasicExtractor   : extracted value ([id1_0_] : [BIGINT]) - [937]
2019-06-13 17:57:29.914 TRACE 81444 --- [    Test worker] o.h.type.descriptor.sql.BasicExtractor   : extracted value ([code2_0_] : [VARCHAR]) - [XY101]
2019-06-13 17:57:29.914 TRACE 81444 --- [    Test worker] o.h.type.descriptor.sql.BasicExtractor   : extracted value ([date_created3_0_] : [TIMESTAMP]) - [2019-05-23 15:57:55.0]
2019-06-13 17:57:29.914 TRACE 81444 --- [    Test worker] o.h.type.descriptor.sql.BasicExtractor   : extracted value ([is_active4_0_] : [BIT]) - [true]
2019-06-13 17:57:29.914 TRACE 81444 --- [    Test worker] o.h.type.descriptor.sql.BasicExtractor   : extracted value ([last_updated5_0_] : [TIMESTAMP]) - [2019-05-23 15:57:55.0]
2019-06-13 17:57:29.914 TRACE 81444 --- [    Test worker] o.h.type.descriptor.sql.BasicExtractor   : extracted value ([last_updator_id6_0_] : [BIGINT]) - [6]
2019-06-13 17:57:29.914 TRACE 81444 --- [    Test worker] o.h.type.descriptor.sql.BasicExtractor   : extracted value ([my_parent_id7_0_] : [BIGINT]) - [null]
2019-06-13 17:57:29.914 TRACE 81444 --- [    Test worker] o.h.type.descriptor.sql.BasicExtractor   : extracted value ([name8_0_] : [VARCHAR]) - [영양교사양성과정]

MockHttpServletRequest:
      HTTP Method = GET
      Request URI = /jpa/depts
       Parameters = {}
          Headers = []
             Body = null
    Session Attrs = {}

Handler:
             Type = kr.inek.tanbbang01.controller.DeptController
           Method = public java.util.List<kr.inek.tanbbang01.model.Dept> kr.inek.tanbbang01.controller.DeptController.retrieveAllDepts()

Async:
    Async started = false
     Async result = null

Resolved Exception:
             Type = null

ModelAndView:
        View name = null
             View = null
            Model = null

FlashMap:
       Attributes = null

MockHttpServletResponse:
           Status = 200
    Error message = null
          Headers = [Content-Type:"application/json;charset=UTF-8", X-Content-Type-Options:"nosniff", X-XSS-Protection:"1; mode=block", Cache-Control:"no-cache, no-store, max-age=0, must-revalidate", Pragma:"no-cache", Expires:"0", X-Frame-Options:"DENY"]
     Content type = application/json;charset=UTF-8
             Body = [{"id":1,"code":"AAAA","name":"INEK_SOLARS","myParentId":null,"isActive":true,"lastUpdatorId":1,"dateCreated":"2019-05-20T21:12:47.000+0000","lastUpdated":"2019-05-20T21:12:47.000+0000"},{"id":2,"code":"X0000","name":"명예학생","myParentId":null,"isActive":true,"lastUpdatorId":6,"dateCreated":"2019-05-23T06:50:00.000+0000","lastUpdated":"2019-05-23T06:50:00.000+0000"},{"id":3,"code":"X1001","name":"인문대학공용","myParentId":850,"isActive":true,"lastUpdatorId":6,"dateCreated":"2019-05-23T06:50:01.000+0000","lastUpdated":"2019-05-24T05:46:06.000+0000"},{"id":4,"code":"X1002","name":"사회과학대학공용","myParentId":852,"isActive":true,"lastUpdatorId":6,"dateCreated":"2019-05-23T06:50:01.000+0000","lastUpdated":"2019-05-24T05:46:06.000+0000"},{"id":5,"code":"X1003","name":"자연과학대학공용","myParentId":853,"isActive":true,"lastUpdatorId":6,"dateCreated":"2019-05-23T06:50:02.000+0000","lastUpdated":"2019-05-24T05:46:07.000+0000"},{"id":6,"code":"X1004","name":"공과대학공용","myParentId":854,"isActive":true,"lastUpdatorId":6,"dateCreated":"2019-05-23T06:50:02.000+0000","lastUpdated":"2019-05-24T05:46:07.000+0000"},{"id":7,"code":"X1005","name":"해양과학대학공용","myParentId":855,"isActive":true,"lastUpdatorId":6,"dateCreated":"2019-05-23T06:50:02.000+0000","lastUpdated":"2019-05-24T05:46:07.000+0000"},{"id":8,"code":"X1006","name":"예술대학공용","myParentId":851,"isActive":true,"lastUpdatorId":6,"dateCreated":"2019-05-23T06:50:03.000+0000","lastUpdated":"2019-05-24T05:46:08.000+0000"},{"id":9,"code":"X1011","name":"경영학과","myParentId":852,"isActive":true,"lastUpdatorId":6,"dateCreated":"2019-05-23T06:50:03.000+0000","lastUpdated":"2019-05-24T05:07:25.000+0000"},{"id":10,"code":"X1021","name":"회계학과","myParentId":852,"isActive":true,"lastUpdatorId":6,"dateCreated":"2019-05-23T06:50:04.000+0000","lastUpdated":"2019-05-24T05:07:26.000+0000"},{"id":11,"code":"X1031","name":"무역학과","myParentId":852,"isActive":true,"lastUpdatorId":6,"dateCreated":"2019-05-23T06:50:04.000+0000","lastUpdated":"2019-05-24T05:07:26.000+0000"},{"id":12,"code":"X1041","name":"가정학과","myParentId":853,"isActive":true,"lastUpdatorId":6,"dateCreated":"2019-05-23T06:50:04.000+0000","lastUpdated":"2019-05-24T05:46:09.000+0000"},{"id":13,"code":"X1042","name":"가정관리학과","myParentId":853,"isActive":true,"lastUpdatorId":6,"dateCreated":"2019-05-23T06:50:05.000+0000","lastUpdated":"2019-05-24T05:46:09.000+0000"},{"id":14,"code":"X1051","name":"음악과","myParentId":851,"isActive":true,"lastUpdatorId":6,"dateCreated":"2019-05-23T06:50:05.000+0000","lastUpdated":"2019-05-24T05:07:26.000+0000"},{"id":15,"code":"X1061","name":"미술학과","myParentId":851,"isActive":true,"lastUpdatorId":6,"dateCreated":"2019-05-23T06:50:05.000+0000","lastUpdated":"2019-05-24T05:07:27.000+0000"},{"id":16,"code":"X1071","name":"영어영문학과","myParentId":850,"isActive":true,"lastUpdatorId":6,"dateCreated":"2019-05-23T06:50:06.000+0000","lastUpdated":"2019-05-24T05:07:27.000+0000"},{"id":17,"code":"X1081","name":"수학과","myParentId":853,"isActive":true,"lastUpdatorId":6,"dateCreated":"2019-05-23T06:50:06.000+0000","lastUpdated":"2019-05-24T05:07:27.000+0000"},{"id":18,"code":"X1091","name":"물리학과","myParentId":853,"isActive":true,"lastUpdatorId":6,"dateCreated":"2019-05-23T06:50:07.000+0000","lastUpdated":"2019-05-24T05:07:28.000+0000"},{"id":19,"code":"X1101","name":"국어국문학과","myParentId":850,"isActive":true,"lastUpdatorId":6,"dateCreated":"2019-05-23T06:50:07.000+0000","lastUpdated":"2019-05-24T05:07:28.000+0000"},{"id":20,"code":"X1111","name":"생물학과","myParentId":853,"isActive":true,"lastUpdatorId":6,"dateCreated":"2019-05-23T06:50:07.000+0000","lastUpdated":"2019-05-24T05:07:28.000+0000"},{"id":21,"code":"X1112","name":"생명과학과","myParentId":853,"isActive":true,"lastUpdatorId":6,"dateCreated":"2019-05-23T06:50:08.000+0000","lastUpdated":"2019-05-24T05:46:11.000+0000"},{"id":22,"code":"X1113","name":"생태환경교육연계전공","myParentId":853,"isActive":true,"lastUpdatorId":6,"dateCreated":"2019-05-23T06:50:08.000+0000","lastUpdated":"2019-05-24T05:07:29.000+0000"},{"id":23,"code":"X1121","name":"행정학과","myParentId":852,"isActive":true,"lastUpdatorId":6,"dateCreated":"2019-05-23T06:50:08.000+0000","lastUpdated":"2019-05-24T05:07:29.000+0000"},{"id":24,"code":"X1122","name":"공공인재연계전공","myParentId":852,"isActive":true,"lastUpdatorId":6,"dateCreated":"2019-05-23T06:50:09.000+0000","lastUpdated":"2019-05-24T05:07:30.000+0000"},{"id":25,"code":"X1131","name":"체육학과","myParentId":853,"isActive":true,"lastUpdatorId":6,"dateCreated":"2019-05-23T06:50:09.000+0000","lastUpdated":"2019-05-24T05:07:30.000+0000"},{"id":26,"code":"X1141","name":"화학과","myParentId":853,"isActive":true,"lastUpdatorId":6,"dateCreated":"2019-05-23T06:50:10.000+0000","lastUpdated":"2019-05-24T05:07:30.000+0000"},{"id":27,"code":"X1151","name":"독어독문학과","myParentId":850,"isActive":true,"lastUpdatorId":6,"dateCreated":"2019-05-23T06:50:10.000+0000","lastUpdated":"2019-05-24T05:07:31.000+0000"},{"id":28,"code":"X1152","name":"유럽미디어문화학과","myParentId":850,"isActive":true,"lastUpdatorId":6,"dateCreated":"2019-05-23T06:50:10.000+0000","lastUpdated":"2019-05-24T05:07:31.000+0000"},{"id":29,"code":"X1153","name":"미디어문화학과","myParentId":850,"isActive":true,"lastUpdatorId":6,"dateCreated":"2019-05-23T06:50:11.000+0000","lastUpdated":"2019-05-24T05:07:31.000+0000"},{"id":30,"code":"X1161","name":"법학과","myParentId":852,"isActive":true,"lastUpdatorId":6,"dateCreated":"2019-05-23T06:50:11.000+0000","lastUpdated":"2019-05-24T05:07:32.000+0000"},{"id":31,"code":"X1165","name":"디지털포렌식전공","myParentId":852,"isActive":true,"lastUpdatorId":6,"dateCreated":"2019-05-23T06:50:11.000+0000","lastUpdated":"2019-05-24T05:07:32.000+0000"},{"id":32,"code":"X1171","name":"전산통계학과","myParentId":853,"isActive":true,"lastUpdatorId":6,"dateCreated":"2019-05-23T06:50:12.000+0000","lastUpdated":"2019-05-24T05:46:14.000+0000"},{"id":33,"code":"X1172","name":"전자계산학과","myParentId":853,"isActive":true,"lastUpdatorId":6,"dateCreated":"2019-05-23T06:50:12.000+0000","lastUpdated":"2019-05-24T05:46:14.000+0000"},{"id":34,"code":"X1173","name":"컴퓨터과학과","myParentId":853,"isActive":true,"lastUpdatorId":6,"dateCreated":"2019-05-23T06:50:13.000+0000","lastUpdated":"2019-05-24T05:46:15.000+0000"},{"id":35,"code":"X1174","name":"컴퓨터정보과학과","myParentId":853,"isActive":true,"lastUpdatorId":6,"dateCreated":"2019-05-23T06:50:13.000+0000","lastUpdated":"2019-05-24T05:07:32.000+0000"},{"id":36,"code":"X1175","name":"컴퓨터정보공학과","myParentId":854,"isActive":true,"lastUpdatorId":6,"dateCreated":"2019-05-23T06:50:13.000+0000","lastUpdated":"2019-05-24T05:07:33.000+0000"},{"id":37,"code":"X1181","name":"해양개발학과","myParentId":853,"isActive":true,"lastUpdatorId":6,"dateCreated":"2019-05-23T06:50:14.000+0000","lastUpdated":"2019-05-24T05:46:16.000+0000"},{"id":38,"code":"X1182","name":"해양자원육성학과","myParentId":855,"isActive":true,"lastUpdatorId":6,"dateCreated":"2019-05-23T06:50:14.000+0000","lastUpdated":"2019-05-24T05:46:16.000+0000"},{"id":39,"code":"X1183","name":"해양생명개발학과","myParentId":855,"isActive":true,"lastUpdatorId":6,"dateCreated":"2019-05-23T06:50:14.000+0000","lastUpdated":"2019-05-24T05:46:16.000+0000"},{"id":40,"code":"X1184","name":"해양생물공학과","myParentId":855,"isActive":true,"lastUpdatorId":6,"dateCreated":"2019-05-23T06:50:15.000+0000","lastUpdated":"2019-05-24T05:07:33.000+0000"},{"id":41,"code":"X1191","name":"산업디자인학과","myParentId":851,"isActive":true,"lastUpdatorId":6,"dateCreated":"2019-05-23T06:50:15.000+0000","lastUpdated":"2019-05-24T05:07:34.000+0000"},{"id":42,"code":"X1201","name":"경제학과","myParentId":852,"isActive":true,"lastUpdatorId":6,"dateCreated":"2019-05-23T06:50:16.000+0000","lastUpdated":"2019-05-24T05:07:34.000+0000"},{"id":43,"code":"X1211","name":"해양공학과","myParentId":855,"isActive":true,"lastUpdatorId":6,"dateCreated":"2019-05-23T06:50:16.000+0000","lastUpdated":"2019-05-24T05:07:34.000+0000"},{"id":44,"code":"X1221","name":"해양학과","myParentId":855,"isActive":true,"lastUpdatorId":6,"dateCreated":"2019-05-23T06:50:16.000+0000","lastUpdated":"2019-05-24T05:07:35.000+0000"},{"id":45,"code":"X1222","name":"해양정보과학과","myParentId":855,"isActive":true,"lastUpdatorId":6,"dateCreated":"2019-05-23T06:50:17.000+0000","lastUpdated":"2019-05-24T05:46:18.000+0000"},{"id":46,"code":"X1231","name":"식품영양학과","myParentId":853,"isActive":true,"lastUpdatorId":6,"dateCreated":"2019-05-23T06:50:17.000+0000","lastUpdated":"2019-05-24T05:07:35.000+0000"},{"id":47,"code":"X1241","name":"전자공학과","myParentId":854,"isActive":true,"lastUpdatorId":6,"dateCreated":"2019-05-23T06:50:17.000+0000","lastUpdated":"2019-05-24T05:07:35.000+0000"},{"id":48,"code":"X1251","name":"정보통신공학과","myParentId":854,"isActive":true,"lastUpdatorId":6,"dateCreated":"2019-05-23T06:50:18.000+0000","lastUpdated":"2019-05-24T05:07:36.000+0000"},{"id":49,"code":"X1261","name":"회로및시스템공학과","myParentId":854,"isActive":true,"lastUpdatorId":6,"dateCreated":"2019-05-23T06:50:18.000+0000","lastUpdated":"2019-05-24T05:46:19.000+0000"},{"id":50,"code":"X1262","name":"제어계측공학과","myParentId":854,"isActive":true,"lastUpdatorId":6,"dateCreated":"2019-05-23T06:50:18.000+0000","lastUpdated":"2019-05-24T05:46:19.000+0000"},{"id":51,"code":"X1263","name":"제어로봇시스템공학과","myParentId":854,"isActive":true,"lastUpdatorId":6,"dateCreated":"2019-05-23T06:50:19.000+0000","lastUpdated":"2019-05-24T05:07:36.000+0000"},{"id":52,"code":"X1264","name":"제어로봇공학과","myParentId":854,"isActive":true,"lastUpdatorId":6,"dateCreated":"2019-05-23T06:50:19.000+0000","lastUpdated":"2019-05-24T05:07:36.000+0000"},{"id":53,"code":"X1265","name":"풍력연계전공","myParentId":854,"isActive":true,"lastUpdatorId":6,"dateCreated":"2019-05-23T06:50:28.000+0000","lastUpdated":"2019-05-24T05:07:37.000+0000"},{"id":54,"code":"X1271","name":"기계설계학과","myParentId":853,"isActive":true,"lastUpdatorId":6,"dateCreated":"2019-05-23T06:50:29.000+0000","lastUpdated":"2019-05-24T05:46:20.000+0000"},{"id":55,"code":"X1281","name":"생산기계공학과","myParentId":855,"isActive":true,"lastUpdatorId":6,"dateCreated":"2019-05-23T06:50:29.000+0000","lastUpdated":"2019-05-24T05:46:21.000+0000"},{"id":56,"code":"X1291","name":"재료공학과","myParentId":854,"isActive":true,"lastUpdatorId":6,"dateCreated":"2019-05-23T06:50:29.000+0000","lastUpdated":"2019-05-24T05:46:21.000+0000"},{"id":57,"code":"X1292","name":"신소재공학과","myParentId":854,"isActive":true,"lastUpdatorId":6,"dateCreated":"2019-05-23T06:50:30.000+0000","lastUpdated":"2019-05-24T05:07:37.000+0000"},{"id":58,"code":"X1301","name":"일어일문학과","myParentId":850,"isActive":true,"lastUpdatorId":6,"dateCreated":"2019-05-23T06:50:30.000+0000","lastUpdated":"2019-05-24T05:07:37.000+0000"},{"id":59,"code":"X1311","name":"해양환경공학과","myParentId":854,"isActive":true,"lastUpdatorId":6,"dateCreated":"2019-05-23T06:50:30.000+0000","lastUpdated":"2019-05-24T05:46:22.000+0000"},{"id":60,"code":"X1312","name":"환경공학과","myParentId":854,"isActive":true,"lastUpdatorId":6,"dateCreated":"2019-05-23T06:50:31.000+0000","lastUpdated":"2019-05-24T05:07:38.000+0000"},{"id":61,"code":"X1321","name":"전기공학과","myParentId":854,"isActive":true,"lastUpdatorId":6,"dateCreated":"2019-05-23T06:50:31.000+0000","lastUpdated":"2019-05-24T05:07:38.000+0000"},{"id":62,"code":"X1331","name":"화학공학과","myParentId":854,"isActive":true,"lastUpdatorId":6,"dateCreated":"2019-05-23T06:50:32.000+0000","lastUpdated":"2019-05-24T05:46:23.000+0000"},{"id":63,"code":"X1332","name":"나노화학공학과","myParentId":854,"isActive":true,"lastUpdatorId":6,"dateCreated":"2019-05-23T06:50:32.000+0000","lastUpdated":"2019-05-24T05:07:38.000+0000"},{"id":64,"code":"X1341","name":"수산경영학과","myParentId":852,"isActive":true,"lastUpdatorId":6,"dateCreated":"2019-05-23T06:50:32.000+0000","lastUpdated":"2019-05-24T05:46:23.000+0000"},{"id":65,"code":"X1351","name":"어업학과","myParentId":null,"isActive":true,"lastUpdatorId":6,"dateCreated":"2019-05-23T06:50:33.000+0000","lastUpdated":"2019-05-23T06:50:33.000+0000"},{"id":66,"code":"X1352","name":"해양생산학과","myParentId":855,"isActive":true,"lastUpdatorId":6,"dateCreated":"2019-05-23T06:50:33.000+0000","lastUpdated":"2019-05-24T05:07:39.000+0000"},{"id":67,"code":"X1353","name":"해양산업운송과학기술학부","myParentId":855,"isActive":true,"lastUpdatorId":6,"dateCreated":"2019-05-23T06:50:33.000+0000","lastUpdated":"2019-05-24T05:07:39.000+0000"},{"id":68,"code":"X1361","name":"수산가공학과","myParentId":null,"isActive":true,"lastUpdatorId":6,"dateCreated":"2019-05-23T06:50:34.000+0000","lastUpdated":"2019-05-23T06:50:34.000+0000"},{"id":69,"code":"X1362","name":"식품공학과","myParentId":855,"isActive":true,"lastUpdatorId":6,"dateCreated":"2019-05-23T06:50:34.000+0000","lastUpdated":"2019-05-24T05:46:25.000+0000"},{"id":70,"code":"X1363","name":"식품생명공학과","myParentId":855,"isActive":true,"lastUpdatorId":6,"dateCreated":"2019-05-23T06:50:35.000+0000","lastUpdated":"2019-05-24T05:07:39.000+0000"},{"id":71,"code":"X1371","name":"양식학과","myParentId":null,"isActive":true,"lastUpdatorId":6,"dateCreated":"2019-05-23T06:50:35.000+0000","lastUpdated":"2019-05-23T06:50:35.000+0000"},{"id":72,"code":"X1372","name":"해양생명양식학과","myParentId":855,"isActive":true,"lastUpdatorId":6,"dateCreated":"2019-05-23T06:50:35.000+0000","lastUpdated":"2019-05-24T05:07:40.000+0000"},{"id":73,"code":"X1381","name":"기관학과","myParentId":null,"isActive":true,"lastUpdatorId":6,"dateCreated":"2019-05-23T06:50:36.000+0000","lastUpdated":"2019-05-23T06:50:36.000+0000"},{"id":74,"code":"X1382","name":"기관공학과","myParentId":855,"isActive":true,"lastUpdatorId":6,"dateCreated":"2019-05-23T06:50:36.000+0000","lastUpdated":"2019-05-24T05:46:26.000+0000"},{"id":75,"code":"X1383","name":"동력기계시스템공학과","myParentId":855,"isActive":true,"lastUpdatorId":6,"dateCreated":"2019-05-23T06:50:36.000+0000","lastUpdated":"2019-05-24T05:07:40.000+0000"},{"id":76,"code":"X1391","name":"통신학과","myParentId":null,"isActive":true,"lastUpdatorId":6,"dateCreated":"2019-05-23T06:50:37.000+0000","lastUpdated":"2019-05-23T06:50:37.000+0000"},{"id":77,"code":"X1392","name":"전파공학과","myParentId":854,"isActive":true,"lastUpdatorId":6,"dateCreated":"2019-05-23T06:50:37.000+0000","lastUpdated":"2019-05-24T05:07:40.000+0000"},{"id":78,"code":"X1401","name":"해양토목학과","myParentId":null,"isActive":true,"lastUpdatorId":6,"dateCreated":"2019-05-23T06:50:37.000+0000","lastUpdated":"2019-05-23T06:50:37.000+0000"},{"id":79,"code":"X1402","name":"해양토목공학과","myParentId":855,"isActive":true,"lastUpdatorId":6,"dateCreated":"2019-05-23T06:50:38.000+0000","lastUpdated":"2019-05-24T05:46:27.000+0000"},{"id":80,"code":"X1403","name":"해양건설공학과","myParentId":855,"isActive":true,"lastUpdatorId":6,"dateCreated":"2019-05-23T06:50:38.000+0000","lastUpdated":"2019-05-24T05:07:41.000+0000"},{"id":81,"code":"X1411","name":"해양환경학과","myParentId":null,"isActive":true,"lastUpdatorId":6,"dateCreated":"2019-05-23T06:50:38.000+0000","lastUpdated":"2019-05-23T06:50:38.000+0000"},{"id":82,"code":"X1412","name":"해양환경공학과","myParentId":854,"isActive":true,"lastUpdatorId":6,"dateCreated":"2019-05-23T06:50:39.000+0000","lastUpdated":"2019-05-24T05:46:28.000+0000"},{"id":83,"code":"X1421","name":"수족병리학과","myParentId":855,"isActive":true,"lastUpdatorId":6,"dateCreated":"2019-05-23T06:50:39.000+0000","lastUpdated":"2019-05-24T05:46:29.000+0000"},{"id":84,"code":"X1422","name":"해양생명의학과","myParentId":855,"isActive":true,"lastUpdatorId":6,"dateCreated":"2019-05-23T06:50:40.000+0000","lastUpdated":"2019-05-24T05:46:29.000+0000"},{"id":85,"code":"X1423","name":"수산생명의학과","myParentId":855,"isActive":true,"lastUpdatorId":6,"dateCreated":"2019-05-23T06:50:40.000+0000","lastUpdated":"2019-05-24T05:07:41.000+0000"},{"id":86,"code":"X1431","name":"계산통계학과","myParentId":853,"isActive":true,"lastUpdatorId":6,"dateCreated":"2019-05-23T06:50:40.000+0000","lastUpdated":"2019-05-24T05:07:41.000+0000"},{"id":87,"code":"X1432","name":"정보통계학과","myParentId":853,"isActive":true,"lastUpdatorId":6,"dateCreated":"2019-05-23T06:50:41.000+0000","lastUpdated":"2019-05-24T05:46:30.000+0000"},{"id":88,"code":"X1433","name":"통계컴퓨터과학과","myParentId":853,"isActive":true,"lastUpdatorId":6,"dateCreated":"2019-05-23T06:50:41.000+0000","lastUpdated":"2019-05-24T05:07:42.000+0000"},{"id":89,"code":"X1441","name":"의류학과","myParentId":853,"isActive":true,"lastUpdatorId":6,"dateCreated":"2019-05-23T06:50:41.000+0000","lastUpdated":"2019-05-24T05:07:42.000+0000"},{"id":90,"code":"X1451","name":"건축공학과","myParentId":854,"isActive":true,"lastUpdatorId":6,"dateCreated":"2019-05-23T06:50:42.000+0000","lastUpdated":"2019-05-24T05:07:43.000+0000"},{"id":91,"code":"X1452","name":"건축해양건설융합공학부","myParentId":871,"isActive":true,"lastUpdatorId":6,"dateCreated":"2019-05-23T06:50:42.000+0000","lastUpdated":"2019-05-24T05:07:43.000+0000"},{"id":92,"code":"X1461","name":"중어중문학과","myParentId":850,"isActive":true,"lastUpdatorId":6,"dateCreated":"2019-05-23T06:50:43.000+0000","lastUpdated":"2019-05-24T05:07:43.000+0000"},{"id":93,"code":"X1471","name":"산업도예학과","myParentId":851,"isActive":true,"lastUpdatorId":6,"dateCreated":"2019-05-23T06:50:43.000+0000","lastUpdated":"2019-05-24T05:46:32.000+0000"},{"id":94,"code":"X1472","name":"세라믹디자인학과","myParentId":851,"isActive":true,"lastUpdatorId":6,"dateCreated":"2019-05-23T06:50:43.000+0000","lastUpdated":"2019-05-24T05:07:44.000+0000"},{"id":95,"code":"X1473","name":"세라믹콘텐츠디자인학과","myParentId":851,"isActive":true,"lastUpdatorId":6,"dateCreated":"2019-05-23T06:50:44.000+0000","lastUpdated":"2019-05-24T05:07:44.000+0000"},{"id":96,"code":"X1481","name":"사학과","myParentId":850,"isActive":true,"lastUpdatorId":6,"dateCreated":"2019-05-23T06:50:44.000+0000","lastUpdated":"2019-05-24T05:07:44.000+0000"},{"id":97,"code":"X1491","name":"기계공학부","myParentId":854,"isActive":true,"lastUpdatorId":6,"dateCreated":"2019-05-23T06:50:44.000+0000","lastUpdated":"2019-05-24T05:46:33.000+0000"},{"id":98,"code":"X1492","name":"기계자동차공학부","myParentId":854,"isActive":true,"lastUpdatorId":6,"dateCreated":"2019-05-23T06:50:45.000+0000","lastUpdated":"2019-05-24T05:07:45.000+0000"},{"id":99,"code":"X1493","name":"기계자동차조선해양공학부","myParentId":854,"isActive":true,"lastUpdatorId":6,"dateCreated":"2019-05-23T06:50:45.000+0000","lastUpdated":"2019-05-24T05:07:45.000+0000"},{"id":100,"code":"X1494","name":"기계융합시스템공학부","myParentId":871,"isActive":true,"lastUpdatorId":6,"dateCreated":"2019-05-23T06:50:46.000+0000","lastUpdated":"2019-05-24T05:07:45.000+0000"},{"id":101,"code":"X1501","name":"토목공학부","myParentId":854,"isActive":true,"lastUpdatorId":6,"dateCreated":"2019-05-23T06:50:46.000+0000","lastUpdated":"2019-05-24T05:46:34.000+0000"},{"id":102,"code":"X1502","name":"토목공학과","myParentId":854,"isActive":true,"lastUpdatorId":6,"dateCreated":"2019-05-23T06:50:46.000+0000","lastUpdated":"2019-05-24T05:07:46.000+0000"},{"id":103,"code":"X1511","name":"사회복지학과","myParentId":852,"isActive":true,"lastUpdatorId":6,"dateCreated":"2019-05-23T06:50:47.000+0000","lastUpdated":"2019-05-24T05:07:46.000+0000"},{"id":104,"code":"X1521","name":"해양시스템학과","myParentId":855,"isActive":true,"lastUpdatorId":6,"dateCreated":"2019-05-23T06:50:47.000+0000","lastUpdated":"2019-05-24T05:46:35.000+0000"},{"id":105,"code":"X1522","name":"해양시스템공학과","myParentId":855,"isActive":true,"lastUpdatorId":6,"dateCreated":"2019-05-23T06:50:47.000+0000","lastUpdated":"2019-05-24T05:46:35.000+0000"},{"id":106,"code":"X1531","name":"철학과","myParentId":850,"isActive":true,"lastUpdatorId":6,"dateCreated":"2019-05-23T06:50:48.000+0000","lastUpdated":"2019-05-24T05:07:46.000+0000"},{"id":107,"code":"X1541","name":"어문학과군","myParentId":850,"isActive":true,"lastUpdatorId":6,"dateCreated":"2019-05-23T06:50:48.000+0000","lastUpdated":"2019-05-24T05:46:36.000+0000"},{"id":108,"code":"X1551","name":"사학철학과군","myParentId":850,"isActive":true,"lastUpdatorId":6,"dateCreated":"2019-05-23T06:50:49.000+0000","lastUpdated":"2019-05-24T05:46:36.000+0000"},{"id":109,"code":"X1561","name":"행정복지학과군","myParentId":852,"isActive":true,"lastUpdatorId":6,"dateCreated":"2019-05-23T06:50:49.000+0000","lastUpdated":"2019-05-24T05:46:36.000+0000"},{"id":110,"code":"X1571","name":"경제무역학과군","myParentId":852,"isActive":true,"lastUpdatorId":6,"dateCreated":"2019-05-23T06:50:49.000+0000","lastUpdated":"2019-05-24T05:46:37.000+0000"},{"id":111,"code":"X1581","name":"경영회계학부","myParentId":852,"isActive":true,"lastUpdatorId":6,"dateCreated":"2019-05-23T06:50:50.000+0000","lastUpdated":"2019-05-24T05:07:47.000+0000"},{"id":112,"code":"X1591","name":"과학기술정보학과군","myParentId":853,"isActive":true,"lastUpdatorId":6,"dateCreated":"2019-05-23T06:50:50.000+0000","lastUpdated":"2019-05-24T05:46:37.000+0000"},{"id":113,"code":"X1601","name":"생활과학과군","myParentId":853,"isActive":true,"lastUpdatorId":6,"dateCreated":"2019-05-23T06:50:50.000+0000","lastUpdated":"2019-05-24T05:46:37.000+0000"},{"id":114,"code":"X1611","name":"전기전자제어공학부","myParentId":854,"isActive":true,"lastUpdatorId":6,"dateCreated":"2019-05-23T06:50:51.000+0000","lastUpdated":"2019-05-24T05:46:38.000+0000"},{"id":115,"code":"X1621","name":"정보통신전파공학부","myParentId":854,"isActive":true,"lastUpdatorId":6,"dateCreated":"2019-05-23T06:50:51.000+0000","lastUpdated":"2019-05-24T05:46:38.000+0000"},{"id":116,"code":"X1631","name":"재료환경건축공학과군","myParentId":854,"isActive":true,"lastUpdatorId":6,"dateCreated":"2019-05-23T06:50:52.000+0000","lastUpdated":"2019-05-24T05:46:38.000+0000"},{"id":117,"code":"X1641","name":"해양생명과학과군","myParentId":855,"isActive":true,"lastUpdatorId":6,"dateCreated":"2019-05-23T06:50:52.000+0000","lastUpdated":"2019-05-24T05:46:39.000+0000"},{"id":118,"code":"X1651","name":"해양생산학기관공학과군","myParentId":855,"isActive":true,"lastUpdatorId":6,"dateCreated":"2019-05-23T06:50:52.000+0000","lastUpdated":"2019-05-24T05:46:39.000+0000"},{"id":119,"code":"X1661","name":"해양응용공학과군","myParentId":855,"isActive":true,"lastUpdatorId":6,"dateCreated":"2019-05-23T06:50:53.000+0000","lastUpdated":"2019-05-24T05:46:39.000+0000"},{"id":120,"code":"X1671","name":"동양어문학부","myParentId":850,"isActive":true,"lastUpdatorId":6,"dateCreated":"2019-05-23T06:50:53.000+0000","lastUpdated":"2019-05-24T05:07:47.000+0000"},{"id":121,"code":"X1672","name":"동아시아학부","myParentId":850,"isActive":true,"lastUpdatorId":6,"dateCreated":"2019-05-23T06:50:54.000+0000","lastUpdated":"2019-05-24T05:07:47.000+0000"},{"id":122,"code":"X1681","name":"문화유럽학부","myParentId":850,"isActive":true,"lastUpdatorId":6,"dateCreated":"2019-05-23T06:50:54.000+0000","lastUpdated":"2019-05-24T05:46:40.000+0000"},{"id":123,"code":"X1682","name":"역사철학부","myParentId":850,"isActive":true,"lastUpdatorId":6,"dateCreated":"2019-05-23T06:50:54.000+0000","lastUpdated":"2019-05-24T05:07:48.000+0000"},{"id":124,"code":"X1691","name":"행정복지학부","myParentId":852,"isActive":true,"lastUpdatorId":6,"dateCreated":"2019-05-23T06:50:55.000+0000","lastUpdated":"2019-05-24T05:07:48.000+0000"},{"id":125,"code":"X1692","name":"행정경제학부","myParentId":852,"isActive":true,"lastUpdatorId":6,"dateCreated":"2019-05-23T06:50:55.000+0000","lastUpdated":"2019-05-24T05:07:48.000+0000"},{"id":126,"code":"X1701","name":"경제통상학부","myParentId":852,"isActive":true,"lastUpdatorId":6,"dateCreated":"2019-05-23T06:50:55.000+0000","lastUpdated":"2019-05-24T05:07:49.000+0000"},{"id":127,"code":"X1711","name":"과학기술학부","myParentId":853,"isActive":true,"lastUpdatorId":6,"dateCreated":"2019-05-23T06:50:56.000+0000","lastUpdated":"2019-05-24T05:07:49.000+0000"},{"id":128,"code":"X1721","name":"수리정보통계학부","myParentId":853,"isActive":true,"lastUpdatorId":6,"dateCreated":"2019-05-23T06:50:56.000+0000","lastUpdated":"2019-05-24T05:46:42.000+0000"},{"id":129,"code":"X1722","name":"수학정보통계학부","myParentId":853,"isActive":true,"lastUpdatorId":6,"dateCreated":"2019-05-23T06:50:56.000+0000","lastUpdated":"2019-05-24T05:07:49.000+0000"},{"id":130,"code":"X1731","name":"생활과학부","myParentId":853,"isActive":true,"lastUpdatorId":6,"dateCreated":"2019-05-23T06:50:57.000+0000","lastUpdated":"2019-05-24T05:07:50.000+0000"},{"id":131,"code":"X1732","name":"식품생명과학부","myParentId":853,"isActive":true,"lastUpdatorId":6,"dateCreated":"2019-05-23T06:50:57.000+0000","lastUpdated":"2019-05-24T05:07:50.000+0000"},{"id":132,"code":"X1733","name":"식품생명과학부","myParentId":855,"isActive":true,"lastUpdatorId":6,"dateCreated":"2019-05-23T06:50:57.000+0000","lastUpdated":"2019-05-24T05:07:50.000+0000"},{"id":133,"code":"X1741","name":"전자정보공학부","myParentId":854,"isActive":true,"lastUpdatorId":6,"dateCreated":"2019-05-23T06:50:58.000+0000","lastUpdated":"2019-05-24T05:07:51.000+0000"},{"id":134,"code":"X1742","name":"컴퓨터정보통신공학부","myParentId":854,"isActive":true,"lastUpdatorId":6,"dateCreated":"2019-05-23T06:50:58.000+0000","lastUpdated":"2019-05-24T05:07:51.000+0000"},{"id":135,"code":"X1743","name":"IT정보제어공학부","myParentId":854,"isActive":true,"lastUpdatorId":6,"dateCreated":"2019-05-23T06:50:58.000+0000","lastUpdated":"2019-05-24T05:07:51.000+0000"},{"id":136,"code":"X1751","name":"토목환경공학부","myParentId":854,"isActive":true,"lastUpdatorId":6,"dateCreated":"2019-05-23T06:50:59.000+0000","lastUpdated":"2019-05-24T05:07:52.000+0000"},{"id":137,"code":"X1755","name":"사회환경디자인공학부","myParentId":854,"isActive":true,"lastUpdatorId":6,"dateCreated":"2019-05-23T06:50:59.000+0000","lastUpdated":"2019-05-24T05:07:52.000+0000"},{"id":138,"code":"X1761","name":"재료화학공학부","myParentId":854,"isActive":true,"lastUpdatorId":6,"dateCreated":"2019-05-23T06:50:59.000+0000","lastUpdated":"2019-05-24T05:46:45.000+0000"},{"id":139,"code":"X1762","name":"신소재나노화학공학부","myParentId":854,"isActive":true,"lastUpdatorId":6,"dateCreated":"2019-05-23T06:51:00.000+0000","lastUpdated":"2019-05-24T05:07:52.000+0000"},{"id":140,"code":"X1771","name":"해양생명과학부","myParentId":855,"isActive":true,"lastUpdatorId":6,"dateCreated":"2019-05-23T06:51:00.000+0000","lastUpdated":"2019-05-24T05:07:53.000+0000"},{"id":141,"code":"X1781","name":"해양생산학기관공학부","myParentId":855,"isActive":true,"lastUpdatorId":6,"dateCreated":"2019-05-23T06:51:00.000+0000","lastUpdated":"2019-05-24T05:46:46.000+0000"},{"id":142,"code":"X1782","name":"해양생산학동력기계시스템공학부","myParentId":855,"isActive":true,"lastUpdatorId":6,"dateCreated":"2019-05-23T06:51:01.000+0000","lastUpdated":"2019-05-24T05:07:53.000+0000"},{"id":143,"code":"X1791","name":"해양응용공학부","myParentId":855,"isActive":true,"lastUpdatorId":6,"dateCreated":"2019-05-23T06:51:01.000+0000","lastUpdated":"2019-05-24T05:46:46.000+0000"},{"id":144,"code":"X1792","name":"식품생명공학해양시스템공학부","myParentId":855,"isActive":true,"lastUpdatorId":6,"dateCreated":"2019-05-23T06:51:02.000+0000","lastUpdated":"2019-05-24T05:07:53.000+0000"},{"id":145,"code":"X1793","name":"해양생명응용과학부","myParentId":855,"isActive":true,"lastUpdatorId":6,"dateCreated":"2019-05-23T06:51:02.000+0000","lastUpdated":"2019-05-24T05:07:54.000+0000"},{"id":146,"code":"X1801","name":"미술디자인학부","myParentId":851,"isActive":true,"lastUpdatorId":6,"dateCreated":"2019-05-23T06:51:02.000+0000","lastUpdated":"2019-05-24T05:07:54.000+0000"},{"id":147,"code":"X1811","name":"조선공학과","myParentId":854,"isActive":true,"lastUpdatorId":6,"dateCreated":"2019-05-23T06:51:03.000+0000","lastUpdated":"2019-05-24T05:07:55.000+0000"},{"id":148,"code":"X1812","name":"조선해양공학과","myParentId":854,"isActive":true,"lastUpdatorId":6,"dateCreated":"2019-05-23T06:51:03.000+0000","lastUpdated":"2019-05-24T05:07:55.000+0000"},{"id":149,"code":"X1821","name":"물류학과","myParentId":852,"isActive":true,"lastUpdatorId":6,"dateCreated":"2019-05-23T06:51:03.000+0000","lastUpdated":"2019-05-24T05:07:55.000+0000"},{"id":150,"code":"X1831","name":"방송매체공학과","myParentId":854,"isActive":true,"lastUpdatorId":6,"dateCreated":"2019-05-23T06:51:04.000+0000","lastUpdated":"2019-05-24T05:07:56.000+0000"},{"id":151,"code":"X1841","name":"해양경찰학과","myParentId":855,"isActive":true,"lastUpdatorId":6,"dateCreated":"2019-05-23T06:51:04.000+0000","lastUpdated":"2019-05-24T05:07:56.000+0000"},{"id":152,"code":"X1911","name":"교양과","myParentId":850,"isActive":true,"lastUpdatorId":6,"dateCreated":"2019-05-23T06:51:05.000+0000","lastUpdated":"2019-05-24T05:07:56.000+0000"},{"id":153,"code":"X1921","name":"교직과","myParentId":852,"isActive":true,"lastUpdatorId":6,"dateCreated":"2019-05-23T06:51:05.000+0000","lastUpdated":"2019-05-24T05:07:57.000+0000"},{"id":154,"code":"X1931","name":"군사학","myParentId":null,"isActive":true,"lastUpdatorId":6,"dateCreated":"2019-05-23T06:51:05.000+0000","lastUpdated":"2019-05-23T06:51:05.000+0000"},{"id":155,"code":"X1941","name":"수산교양","myParentId":850,"isActive":true,"lastUpdatorId":6,"dateCreated":"2019-05-23T06:51:06.000+0000","lastUpdated":"2019-05-24T05:46:49.000+0000"},{"id":156,"code":"X1951","name":"시간제학과","myParentId":null,"isActive":true,"lastUpdatorId":6,"dateCreated":"2019-05-23T06:51:06.000+0000","lastUpdated":"2019-05-24T05:46:50.000+0000"},{"id":157,"code":"X1961","name":"군산대학","myParentId":null,"isActive":true,"lastUpdatorId":6,"dateCreated":"2019-05-23T06:51:06.000+0000","lastUpdated":"2019-05-24T05:46:50.000+0000"},{"id":158,"code":"X1971","name":"군산대학교","myParentId":2,"isActive":true,"lastUpdatorId":6,"dateCreated":"2019-05-23T06:51:07.000+0000","lastUpdated":"2019-05-24T05:07:58.000+0000"},{"id":159,"code":"X1981","name":"수산전문대학","myParentId":null,"isActive":true,"lastUpdatorId":6,"dateCreated":"2019-05-23T06:51:07.000+0000","lastUpdated":"2019-05-24T05:46:51.000+0000"},{"id":160,"code":"X1A01","name":"연계전공학과","myParentId":null,"isActive":true,"lastUpdatorId":6,"dateCreated":"2019-05-23T06:51:07.000+0000","lastUpdated":"2019-05-24T05:46:51.000+0000"},{"id":161,"code":"X1A02","name":"어학교육원","myParentId":null,"isActive":true,"lastUpdatorId":6,"dateCreated":"2019-05-23T06:51:08.000+0000","lastUpdated":"2019-05-24T05:46:51.000+0000"},{"id":162,"code":"X1A03","name":"교육개발원","myParentId":null,"isActive":true,"lastUpdatorId":6,"dateCreated":"2019-05-23T06:51:08.000+0000","lastUpdated":"2019-05-23T06:51:08.000+0000"},{"id":163,"code":"X1A04","name":"학생종합인력개발센터","myParentId":null,"isActive":true,"lastUpdatorId":6,"dateCreated":"2019-05-23T06:51:08.000+0000","lastUpdated":"2019-05-24T05:46:52.000+0000"},{"id":164,"code":"X1A05","name":"개설학과","myParentId":null,"isActive":true,"lastUpdatorId":6,"dateCreated":"2019-05-23T06:51:09.000+0000","lastUpdated":"2019-05-24T05:46:52.000+0000"},{"id":165,"code":"X1A06","name":"국제교류센터","myParentId":null,"isActive":true,"lastUpdatorId":6,"dateCreated":"2019-05-23T06:51:09.000+0000","lastUpdated":"2019-05-23T06:51:09.000+0000"},{"id":166,"code":"X1A07","name":"국제교류교육원","myParentId":null,"isActive":true,"lastUpdatorId":6,"dateCreated":"2019-05-23T06:51:09.000+0000","lastUpdated":"2019-05-24T05:46:53.000+0000"},{"id":167,"code":"X1A08","name":"취업지원본부","myParentId":null,"isActive":true,"lastUpdatorId":6,"dateCreated":"2019-05-23T06:51:10.000+0000","lastUpdated":"2019-05-24T05:46:53.000+0000"},{"id":168,"code":"X1A09","name":"현장실습지원센터","myParentId":837,"isActive":true,"lastUpdatorId":6,"dateCreated":"2019-05-23T06:51:10.000+0000","lastUpdated":"2019-05-24T05:08:00.000+0000"},{"id":169,"code":"X1A0A","name":"교양교육원","myParentId":null,"isActive":true,"lastUpdatorId":6,"dateCreated":"2019-05-23T06:51:10.000+0000","lastUpdated":"2019-05-24T05:46:54.000+0000"},{"id":170,"code":"X1A10","name":"창업교육센터","myParentId":null,"isActive":true,"lastUpdatorId":6,"dateCreated":"2019-05-23T06:51:11.000+0000","lastUpdated":"2019-05-24T05:46:54.000+0000"},{"id":171,"code":"X1A11","name":"간호학과","myParentId":853,"isActive":true,"lastUpdatorId":6,"dateCreated":"2019-05-23T06:51:11.000+0000","lastUpdated":"2019-05-24T05:08:01.000+0000"},{"id":172,"code":"X1A12","name":"교육혁신본부","myParentId":null,"isActive":true,"lastUpdatorId":6,"dateCreated":"2019-05-23T06:51:11.000+0000","lastUpdated":"2019-05-24T05:46:55.000+0000"},{"id":173,"code":"X1A13","name":"취·창업지원과","myParentId":null,"isActive":true,"lastUpdatorId":6,"dateCreated":"2019-05-23T06:51:12.000+0000","lastUpdated":"2019-05-24T05:46:55.000+0000"},{"id":174,"code":"X1A14","name":"취업지원과","myParentId":null,"isActive":true,"lastUpdatorId":6,"dateCreated":"2019-05-23T06:51:12.000+0000","lastUpdated":"2019-05-24T05:46:55.000+0000"},{"id":175,"code":"X1A15","name":"창업교육센터","myParentId":null,"isActive":true,"lastUpdatorId":6,"dateCreated":"2019-05-23T06:51:12.000+0000","lastUpdated":"2019-05-24T05:46:55.000+0000"},{"id":176,"code":"X1A16","name":"공학교육혁신센터","myParentId":null,"isActive":true,"lastUpdatorId":6,"dateCreated":"2019-05-23T06:51:13.000+0000","lastUpdated":"2019-05-24T05:46:56.000+0000"},{"id":177,"code":"X1A17","name":"황룡인재교육원","myParentId":null,"isActive":true,"lastUpdatorId":6,"dateCreated":"2019-05-23T06:51:13.000+0000","lastUpdated":"2019-05-24T05:46:56.000+0000"},{"id":178,"code":"X1A18","name":"학생군사교육단","myParentId":null,"isActive":true,"lastUpdatorId":6,"dateCreated":"2019-05-23T06:51:13.000+0000","lastUpdated":"2019-05-24T05:46:56.000+0000"},{"id":179,"code":"X1A21","name":"경영학부","myParentId":852,"isActive":true,"lastUpdatorId":6,"dateCreated":"2019-05-23T06:51:14.000+0000","lastUpdated":"2019-05-24T05:08:03.000+0000"},{"id":180,"code":"X1A25","name":"식품클러스터전공","myParentId":919,"isActive":true,"lastUpdatorId":6,"dateCreated":"2019-05-23T06:51:14.000+0000","lastUpdated":"2019-05-24T05:08:04.000+0000"},{"id":181,"code":"X1A31","name":"주거및실내계획학과","myParentId":854,"isActive":true,"lastUpdatorId":6,"dateCreated":"2019-05-23T06:51:14.000+0000","lastUpdated":"2019-05-24T05:08:04.000+0000"},{"id":182,"code":"X1A32","name":"공간디자인융합기술학과","myParentId":871,"isActive":true,"lastUpdatorId":6,"dateCreated":"2019-05-23T06:51:15.000+0000","lastUpdated":"2019-05-24T05:08:04.000+0000"},{"id":183,"code":"X1A33","name":"주거복지연계전공","myParentId":null,"isActive":true,"lastUpdatorId":6,"dateCreated":"2019-05-23T06:51:15.000+0000","lastUpdated":"2019-05-24T05:46:58.000+0000"},{"id":184,"code":"X1A41","name":"아동가족학과","myParentId":853,"isActive":true,"lastUpdatorId":6,"dateCreated":"2019-05-23T06:51:15.000+0000","lastUpdated":"2019-05-24T05:08:05.000+0000"},{"id":185,"code":"X1A51","name":"해양생명과학과","myParentId":855,"isActive":true,"lastUpdatorId":6,"dateCreated":"2019-05-23T06:51:16.000+0000","lastUpdated":"2019-05-24T05:08:05.000+0000"},{"id":186,"code":"X1A61","name":"융합기술창업학과","myParentId":871,"isActive":true,"lastUpdatorId":6,"dateCreated":"2019-05-23T06:51:16.000+0000","lastUpdated":"2019-05-24T05:08:06.000+0000"},{"id":187,"code":"X1A71","name":"소프트웨어융합공학과","myParentId":871,"isActive":true,"lastUpdatorId":6,"dateCreated":"2019-05-23T06:51:16.000+0000","lastUpdated":"2019-05-24T05:08:06.000+0000"},{"id":188,"code":"X1AX1","name":"공학연구소","myParentId":null,"isActive":true,"lastUpdatorId":6,"dateCreated":"2019-05-23T06:51:17.000+0000","lastUpdated":"2019-05-24T05:46:59.000+0000"},{"id":189,"code":"X1AY1","name":"융복합기술공학과","myParentId":854,"isActive":true,"lastUpdatorId":6,"dateCreated":"2019-05-23T06:51:17.000+0000","lastUpdated":"2019-05-24T05:08:07.000+0000"},{"id":190,"code":"X1AY2","name":"빅데이터수리전산공학","myParentId":854,"isActive":true,"lastUpdatorId":6,"dateCreated":"2019-05-23T06:51:17.000+0000","lastUpdated":"2019-05-24T05:08:07.000+0000"},{"id":191,"code":"X1AY3","name":"글로벌인공지능프론티어","myParentId":854,"isActive":true,"lastUpdatorId":6,"dateCreated":"2019-05-23T06:51:18.000+0000","lastUpdated":"2019-05-24T05:08:08.000+0000"},{"id":192,"code":"X1AZ1","name":"자율전공학과","myParentId":null,"isActive":true,"lastUpdatorId":6,"dateCreated":"2019-05-23T06:51:18.000+0000","lastUpdated":"2019-05-24T05:47:00.000+0000"},{"id":193,"code":"X5000","name":"전공없음","myParentId":null,"isActive":true,"lastUpdatorId":6,"dateCreated":"2019-05-23T06:51:18.000+0000","lastUpdated":"2019-05-24T05:47:01.000+0000"},{"id":194,"code":"X5011","name":"경영학전공","myParentId":852,"isActive":true,"lastUpdatorId":6,"dateCreated":"2019-05-23T06:51:19.000+0000","lastUpdated":"2019-05-24T05:08:09.000+0000"},{"id":195,"code":"X5012","name":"인사관리전공","myParentId":null,"isActive":true,"lastUpdatorId":6,"dateCreated":"2019-05-23T06:51:19.000+0000","lastUpdated":"2019-05-24T05:47:01.000+0000"},{"id":196,"code":"X5013","name":"생산관리전공","myParentId":null,"isActive":true,"lastUpdatorId":6,"dateCreated":"2019-05-23T06:51:19.000+0000","lastUpdated":"2019-05-24T05:47:02.000+0000"},{"id":197,"code":"X5014","name":"재무관리전공","myParentId":null,"isActive":true,"lastUpdatorId":6,"dateCreated":"2019-05-23T06:51:20.000+0000","lastUpdated":"2019-05-24T05:47:02.000+0000"},{"id":198,"code":"X5015","name":"마케팅전공","myParentId":null,"isActive":true,"lastUpdatorId":6,"dateCreated":"2019-05-23T06:51:20.000+0000","lastUpdated":"2019-05-24T05:47:02.000+0000"},{"id":199,"code":"X5021","name":"회계학전공","myParentId":852,"isActive":true,"lastUpdatorId":6,"dateCreated":"2019-05-23T06:51:20.000+0000","lastUpdated":"2019-05-24T05:08:10.000+0000"},{"id":200,"code":"X5022","name":"재무회계전공","myParentId":null,"isActive":true,"lastUpdatorId":6,"dateCreated":"2019-05-23T06:51:21.000+0000","lastUpdated":"2019-05-24T05:47:03.000+0000"},{"id":201,"code":"X5023","name":"세무회계전공","myParentId":null,"isActive":true,"lastUpdatorId":6,"dateCreated":"2019-05-23T06:51:21.000+0000","lastUpdated":"2019-05-24T05:47:03.000+0000"},{"id":202,"code":"X5024","name":"관리회계학전공","myParentId":null,"isActive":true,"lastUpdatorId":6,"dateCreated":"2019-05-23T06:51:21.000+0000","lastUpdated":"2019-05-24T05:47:03.000+0000"},{"id":203,"code":"X5025","name":"회계감사전공","myParentId":null,"isActive":true,"lastUpdatorId":6,"dateCreated":"2019-05-23T06:51:22.000+0000","lastUpdated":"2019-05-24T05:47:04.000+0000"},{"id":204,"code":"X5031","name":"무역학전공","myParentId":852,"isActive":true,"lastUpdatorId":6,"dateCreated":"2019-05-23T06:51:22.000+0000","lastUpdated":"2019-05-24T05:08:12.000+0000"},{"id":205,"code":"X5032","name":"국제무역전공","myParentId":null,"isActive":true,"lastUpdatorId":6,"dateCreated":"2019-05-23T06:51:22.000+0000","lastUpdated":"2019-05-24T05:47:04.000+0000"},{"id":206,"code":"X5033","name":"국제통상학전공","myParentId":null,"isActive":true,"lastUpdatorId":6,"dateCreated":"2019-05-23T06:51:23.000+0000","lastUpdated":"2019-05-24T05:47:05.000+0000"},{"id":207,"code":"X5034","name":"국제경영전공","myParentId":null,"isActive":true,"lastUpdatorId":6,"dateCreated":"2019-05-23T06:51:23.000+0000","lastUpdated":"2019-05-24T05:47:05.000+0000"},{"id":208,"code":"X5041","name":"가정학전공","myParentId":853,"isActive":true,"lastUpdatorId":6,"dateCreated":"2019-05-23T06:51:23.000+0000","lastUpdated":"2019-05-24T05:47:05.000+0000"},{"id":209,"code":"X5042","name":"가정관리학전공","myParentId":853,"isActive":true,"lastUpdatorId":6,"dateCreated":"2019-05-23T06:51:29.000+0000","lastUpdated":"2019-05-24T05:08:13.000+0000"},{"id":210,"code":"X5051","name":"음악전공","myParentId":851,"isActive":true,"lastUpdatorId":6,"dateCreated":"2019-05-23T06:51:29.000+0000","lastUpdated":"2019-05-24T05:08:13.000+0000"},{"id":211,"code":"X5052","name":"피아노전공","myParentId":14,"isActive":true,"lastUpdatorId":6,"dateCreated":"2019-05-23T06:51:30.000+0000","lastUpdated":"2019-05-24T05:08:14.000+0000"},{"id":212,"code":"X5053","name":"성악전공","myParentId":14,"isActive":true,"lastUpdatorId":6,"dateCreated":"2019-05-23T06:51:30.000+0000","lastUpdated":"2019-05-24T05:08:14.000+0000"},{"id":213,"code":"X5054","name":"작곡전공","myParentId":14,"isActive":true,"lastUpdatorId":6,"dateCreated":"2019-05-23T06:51:30.000+0000","lastUpdated":"2019-05-24T05:08:14.000+0000"},{"id":214,"code":"X5055","name":"관현악전공","myParentId":14,"isActive":true,"lastUpdatorId":6,"dateCreated":"2019-05-23T06:51:31.000+0000","lastUpdated":"2019-05-24T05:08:15.000+0000"},{"id":215,"code":"X5061","name":"미술전공","myParentId":851,"isActive":true,"lastUpdatorId":6,"dateCreated":"2019-05-23T06:51:31.000+0000","lastUpdated":"2019-05-24T05:08:15.000+0000"},{"id":216,"code":"X5062","name":"공예전공","myParentId":851,"isActive":true,"lastUpdatorId":6,"dateCreated":"2019-05-23T06:51:31.000+0000","lastUpdated":"2019-05-24T05:08:15.000+0000"},{"id":217,"code":"X5063","name":"동양화전공","myParentId":851,"isActive":true,"lastUpdatorId":6,"dateCreated":"2019-05-23T06:51:32.000+0000","lastUpdated":"2019-05-24T05:08:16.000+0000"},{"id":218,"code":"X5064","name":"서양화전공","myParentId":851,"isActive":true,"lastUpdatorId":6,"dateCreated":"2019-05-23T06:51:32.000+0000","lastUpdated":"2019-05-24T05:08:16.000+0000"},{"id":219,"code":"X5065","name":"조소전공","myParentId":851,"isActive":true,"lastUpdatorId":6,"dateCreated":"2019-05-23T06:51:32.000+0000","lastUpdated":"2019-05-24T05:08:16.000+0000"},{"id":220,"code":"X5066","name":"동양화.서양화.조소전공","myParentId":null,"isActive":true,"lastUpdatorId":6,"dateCreated":"2019-05-23T06:51:33.000+0000","lastUpdated":"2019-05-24T05:47:09.000+0000"},{"id":221,"code":"X5067","name":"조각전공","myParentId":null,"isActive":true,"lastUpdatorId":6,"dateCreated":"2019-05-23T06:51:33.000+0000","lastUpdated":"2019-05-24T05:47:09.000+0000"},{"id":222,"code":"X5068","name":"도예전공","myParentId":null,"isActive":true,"lastUpdatorId":6,"dateCreated":"2019-05-23T06:51:33.000+0000","lastUpdated":"2019-05-24T05:47:09.000+0000"},{"id":223,"code":"X5069","name":"시각디자인전공","myParentId":null,"isActive":true,"lastUpdatorId":6,"dateCreated":"2019-05-23T06:51:34.000+0000","lastUpdated":"2019-05-24T05:47:10.000+0000"},{"id":224,"code":"X506A","name":"한국회화전공","myParentId":null,"isActive":true,"lastUpdatorId":6,"dateCreated":"2019-05-23T06:51:34.000+0000","lastUpdated":"2019-05-24T05:47:10.000+0000"},{"id":225,"code":"X506B","name":"현대회화전공","myParentId":null,"isActive":true,"lastUpdatorId":6,"dateCreated":"2019-05-23T06:51:35.000+0000","lastUpdated":"2019-05-24T05:47:10.000+0000"},{"id":226,"code":"X506C","name":"현대조각전공","myParentId":null,"isActive":true,"lastUpdatorId":6,"dateCreated":"2019-05-23T06:51:35.000+0000","lastUpdated":"2019-05-24T05:47:11.000+0000"},{"id":227,"code":"X506D","name":"세라믹디자인전공","myParentId":null,"isActive":true,"lastUpdatorId":6,"dateCreated":"2019-05-23T06:51:35.000+0000","lastUpdated":"2019-05-24T05:47:11.000+0000"},{"id":228,"code":"X506E","name":"현대미술전공","myParentId":null,"isActive":true,"lastUpdatorId":6,"dateCreated":"2019-05-23T06:51:36.000+0000","lastUpdated":"2019-05-24T05:47:11.000+0000"},{"id":229,"code":"X506F","name":"한국회화.현대회화.조각전공","myParentId":null,"isActive":true,"lastUpdatorId":6,"dateCreated":"2019-05-23T06:51:36.000+0000","lastUpdated":"2019-05-24T05:47:11.000+0000"},{"id":230,"code":"X506G","name":"세라믹콘텐츠디자인전공","myParentId":851,"isActive":true,"lastUpdatorId":6,"dateCreated":"2019-05-23T06:51:36.000+0000","lastUpdated":"2019-05-24T05:08:20.000+0000"},{"id":231,"code":"X5071","name":"영어영문학전공","myParentId":850,"isActive":true,"lastUpdatorId":6,"dateCreated":"2019-05-23T06:51:37.000+0000","lastUpdated":"2019-05-24T05:08:20.000+0000"},{"id":232,"code":"X5072","name":"영문학전공","myParentId":null,"isActive":true,"lastUpdatorId":6,"dateCreated":"2019-05-23T06:51:37.000+0000","lastUpdated":"2019-05-24T05:47:12.000+0000"},{"id":233,"code":"X5073","name":"영어학전공","myParentId":null,"isActive":true,"lastUpdatorId":6,"dateCreated":"2019-05-23T06:51:37.000+0000","lastUpdated":"2019-05-24T05:47:13.000+0000"},{"id":234,"code":"X5081","name":"수학전공","myParentId":853,"isActive":true,"lastUpdatorId":6,"dateCreated":"2019-05-23T06:51:38.000+0000","lastUpdated":"2019-05-24T05:08:21.000+0000"},{"id":235,"code":"X5082","name":"대수학전공","myParentId":null,"isActive":true,"lastUpdatorId":6,"dateCreated":"2019-05-23T06:51:38.000+0000","lastUpdated":"2019-05-24T05:47:13.000+0000"},{"id":236,"code":"X5083","name":"위상기하학전공","myParentId":null,"isActive":true,"lastUpdatorId":6,"dateCreated":"2019-05-23T06:51:38.000+0000","lastUpdated":"2019-05-24T05:47:13.000+0000"},{"id":237,"code":"X5084","name":"해석학전공","myParentId":null,"isActive":true,"lastUpdatorId":6,"dateCreated":"2019-05-23T06:51:39.000+0000","lastUpdated":"2019-05-24T05:47:14.000+0000"},{"id":238,"code":"X5085","name":"응용수학전공","myParentId":null,"isActive":true,"lastUpdatorId":6,"dateCreated":"2019-05-23T06:51:39.000+0000","lastUpdated":"2019-05-24T05:47:14.000+0000"},{"id":239,"code":"X5091","name":"물리학전공","myParentId":853,"isActive":true,"lastUpdatorId":6,"dateCreated":"2019-05-23T06:51:39.000+0000","lastUpdated":"2019-05-24T05:08:23.000+0000"},{"id":240,"code":"X5092","name":"고체물리학전공","myParentId":null,"isActive":true,"lastUpdatorId":6,"dateCreated":"2019-05-23T06:51:40.000+0000","lastUpdated":"2019-05-24T05:47:15.000+0000"},{"id":241,"code":"X5093","name":"응용물리학전공","myParentId":null,"isActive":true,"lastUpdatorId":6,"dateCreated":"2019-05-23T06:51:40.000+0000","lastUpdated":"2019-05-24T05:47:15.000+0000"},{"id":242,"code":"X5094","name":"이론물리학전공","myParentId":null,"isActive":true,"lastUpdatorId":6,"dateCreated":"2019-05-23T06:51:40.000+0000","lastUpdated":"2019-05-24T05:47:15.000+0000"},{"id":243,"code":"X5095","name":"양자광학전공","myParentId":null,"isActive":true,"lastUpdatorId":6,"dateCreated":"2019-05-23T06:51:41.000+0000","lastUpdated":"2019-05-24T05:47:16.000+0000"},{"id":244,"code":"X5101","name":"국어국문학전공","myParentId":850,"isActive":true,"lastUpdatorId":6,"dateCreated":"2019-05-23T06:51:41.000+0000","lastUpdated":"2019-05-24T05:08:26.000+0000"},{"id":245,"code":"X5102","name":"국문학전공","myParentId":null,"isActive":true,"lastUpdatorId":6,"dateCreated":"2019-05-23T06:51:42.000+0000","lastUpdated":"2019-05-24T05:47:16.000+0000"},{"id":246,"code":"X5103","name":"국어학전공","myParentId":null,"isActive":true,"lastUpdatorId":6,"dateCreated":"2019-05-23T06:51:42.000+0000","lastUpdated":"2019-05-24T05:47:17.000+0000"},{"id":247,"code":"X5111","name":"생물학전공","myParentId":853,"isActive":true,"lastUpdatorId":6,"dateCreated":"2019-05-23T06:51:42.000+0000","lastUpdated":"2019-05-24T05:08:27.000+0000"},{"id":248,"code":"X5112","name":"생명과학전공","myParentId":853,"isActive":true,"lastUpdatorId":6,"dateCreated":"2019-05-23T06:51:43.000+0000","lastUpdated":"2019-05-24T05:08:27.000+0000"},{"id":249,"code":"X5113","name":"분류학전공","myParentId":null,"isActive":true,"lastUpdatorId":6,"dateCreated":"2019-05-23T06:51:43.000+0000","lastUpdated":"2019-05-24T05:47:17.000+0000"},{"id":250,"code":"X5114","name":"식물학전공","myParentId":null,"isActive":true,"lastUpdatorId":6,"dateCreated":"2019-05-23T06:51:43.000+0000","lastUpdated":"2019-05-24T05:47:18.000+0000"},{"id":251,"code":"X5115","name":"동물학전공","myParentId":null,"isActive":true,"lastUpdatorId":6,"dateCreated":"2019-05-23T06:51:44.000+0000","lastUpdated":"2019-05-24T05:47:18.000+0000"},{"id":252,"code":"X5116","name":"미생물학전공","myParentId":null,"isActive":true,"lastUpdatorId":6,"dateCreated":"2019-05-23T06:51:44.000+0000","lastUpdated":"2019-05-24T05:47:18.000+0000"},{"id":253,"code":"X5117","name":"생리학전공","myParentId":null,"isActive":true,"lastUpdatorId":6,"dateCreated":"2019-05-23T06:51:44.000+0000","lastUpdated":"2019-05-24T05:47:19.000+0000"},{"id":254,"code":"X5118","name":"생태학전공","myParentId":null,"isActive":true,"lastUpdatorId":6,"dateCreated":"2019-05-23T06:51:45.000+0000","lastUpdated":"2019-05-24T05:47:19.000+0000"},{"id":255,"code":"X5119","name":"에너지전공","myParentId":null,"isActive":true,"lastUpdatorId":6,"dateCreated":"2019-05-23T06:51:45.000+0000","lastUpdated":"2019-05-24T05:47:19.000+0000"},{"id":256,"code":"X5120","name":"생물자원학전공","myParentId":null,"isActive":true,"lastUpdatorId":6,"dateCreated":"2019-05-23T06:51:45.000+0000","lastUpdated":"2019-05-24T05:47:20.000+0000"},{"id":257,"code":"X5121","name":"행정학전공","myParentId":125,"isActive":true,"lastUpdatorId":6,"dateCreated":"2019-05-23T06:51:46.000+0000","lastUpdated":"2019-05-24T05:08:30.000+0000"},{"id":258,"code":"X5122","name":"정책학전공","myParentId":null,"isActive":true,"lastUpdatorId":6,"dateCreated":"2019-05-23T06:51:46.000+0000","lastUpdated":"2019-05-24T05:47:20.000+0000"},{"id":259,"code":"X5123","name":"사회복지학전공","myParentId":null,"isActive":true,"lastUpdatorId":6,"dateCreated":"2019-05-23T06:51:46.000+0000","lastUpdated":"2019-05-24T05:47:20.000+0000"},{"id":260,"code":"X5124","name":"공공인재연계전공","myParentId":null,"isActive":true,"lastUpdatorId":6,"dateCreated":"2019-05-23T06:51:47.000+0000","lastUpdated":"2019-05-24T05:47:21.000+0000"},{"id":261,"code":"X5125","name":"생태환경교육연계전공","myParentId":null,"isActive":true,"lastUpdatorId":6,"dateCreated":"2019-05-23T06:51:47.000+0000","lastUpdated":"2019-05-24T05:47:21.000+0000"},{"id":262,"code":"X5131","name":"체육학전공","myParentId":853,"isActive":true,"lastUpdatorId":6,"dateCreated":"2019-05-23T06:51:47.000+0000","lastUpdated":"2019-05-24T05:08:31.000+0000"},{"id":263,"code":"X5132","name":"인문사회과학전공","myParentId":null,"isActive":true,"lastUpdatorId":6,"dateCreated":"2019-05-23T06:51:48.000+0000","lastUpdated":"2019-05-24T05:47:22.000+0000"},{"id":264,"code":"X5133","name":"자연과학전공","myParentId":null,"isActive":true,"lastUpdatorId":6,"dateCreated":"2019-05-23T06:51:48.000+0000","lastUpdated":"2019-05-24T05:47:22.000+0000"},{"id":265,"code":"X5134","name":"체육과학전공","myParentId":null,"isActive":true,"lastUpdatorId":6,"dateCreated":"2019-05-23T06:51:48.000+0000","lastUpdated":"2019-05-24T05:47:22.000+0000"},{"id":266,"code":"X5135","name":"사회체육학전공","myParentId":null,"isActive":true,"lastUpdatorId":6,"dateCreated":"2019-05-23T06:51:49.000+0000","lastUpdated":"2019-05-24T05:47:23.000+0000"},{"id":267,"code":"X5136","name":"자율전공(인문,사회)","myParentId":null,"isActive":true,"lastUpdatorId":6,"dateCreated":"2019-05-23T06:51:49.000+0000","lastUpdated":"2019-05-24T05:47:23.000+0000"},{"id":268,"code":"X5141","name":"화학전공","myParentId":853,"isActive":true,"lastUpdatorId":6,"dateCreated":"2019-05-23T06:51:49.000+0000","lastUpdated":"2019-05-24T05:08:33.000+0000"},{"id":269,"code":"X5142","name":"물리화학전공","myParentId":null,"isActive":true,"lastUpdatorId":6,"dateCreated":"2019-05-23T06:51:50.000+0000","lastUpdated":"2019-05-24T05:47:39.000+0000"},{"id":270,"code":"X5143","name":"무기화학전공","myParentId":null,"isActive":true,"lastUpdatorId":6,"dateCreated":"2019-05-23T06:51:50.000+0000","lastUpdated":"2019-05-24T05:47:39.000+0000"},{"id":271,"code":"X5144","name":"유기화학전공","myParentId":null,"isActive":true,"lastUpdatorId":6,"dateCreated":"2019-05-23T06:51:50.000+0000","lastUpdated":"2019-05-24T05:47:40.000+0000"},{"id":272,"code":"X5145","name":"분석화학전공","myParentId":null,"isActive":true,"lastUpdatorId":6,"dateCreated":"2019-05-23T06:51:51.000+0000","lastUpdated":"2019-05-24T05:47:40.000+0000"},{"id":273,"code":"X5146","name":"자율전공(자연)","myParentId":null,"isActive":true,"lastUpdatorId":6,"dateCreated":"2019-05-23T06:51:51.000+0000","lastUpdated":"2019-05-24T05:47:49.000+0000"},{"id":274,"code":"X5151","name":"독어독문학전공","myParentId":850,"isActive":true,"lastUpdatorId":6,"dateCreated":"2019-05-23T06:51:51.000+0000","lastUpdated":"2019-05-24T05:08:35.000+0000"},{"id":275,"code":"X5152","name":"유럽미디어문화학전공","myParentId":null,"isActive":true,"lastUpdatorId":6,"dateCreated":"2019-05-23T06:51:52.000+0000","lastUpdated":"2019-05-24T05:47:49.000+0000"},{"id":276,"code":"X5153","name":"미디어문화학전공","myParentId":850,"isActive":true,"lastUpdatorId":6,"dateCreated":"2019-05-23T06:51:52.000+0000","lastUpdated":"2019-05-24T05:08:36.000+0000"},{"id":277,"code":"X5161","name":"법학전공","myParentId":852,"isActive":true,"lastUpdatorId":6,"dateCreated":"2019-05-23T06:51:52.000+0000","lastUpdated":"2019-05-24T05:08:36.000+0000"},{"id":278,"code":"X5162","name":"공법전공","myParentId":null,"isActive":true,"lastUpdatorId":6,"dateCreated":"2019-05-23T06:51:53.000+0000","lastUpdated":"2019-05-24T05:47:50.000+0000"},{"id":279,"code":"X5163","name":"사법전공","myParentId":null,"isActive":true,"lastUpdatorId":6,"dateCreated":"2019-05-23T06:51:53.000+0000","lastUpdated":"2019-05-24T05:48:06.000+0000"},{"id":280,"code":"X5164","name":"사법행정학전공","myParentId":null,"isActive":true,"lastUpdatorId":6,"dateCreated":"2019-05-23T06:51:53.000+0000","lastUpdated":"2019-05-24T05:48:07.000+0000"},{"id":281,"code":"X5165","name":"디지털포렌식전공","myParentId":852,"isActive":true,"lastUpdatorId":6,"dateCreated":"2019-05-23T06:51:54.000+0000","lastUpdated":"2019-05-24T05:08:37.000+0000"},{"id":282,"code":"X5166","name":"상담심리학전공","myParentId":null,"isActive":true,"lastUpdatorId":6,"dateCreated":"2019-05-23T06:51:54.000+0000","lastUpdated":"2019-05-24T05:48:07.000+0000"},{"id":283,"code":"X5167","name":"부동산법학전공","myParentId":null,"isActive":true,"lastUpdatorId":6,"dateCreated":"2019-05-23T06:51:54.000+0000","lastUpdated":"2019-05-24T05:48:08.000+0000"},{"id":284,"code":"X5171","name":"전산통계학전공","myParentId":853,"isActive":true,"lastUpdatorId":6,"dateCreated":"2019-05-23T06:51:55.000+0000","lastUpdated":"2019-05-24T05:48:16.000+0000"},{"id":285,"code":"X5172","name":"전자계산학전공","myParentId":853,"isActive":true,"lastUpdatorId":6,"dateCreated":"2019-05-23T06:51:55.000+0000","lastUpdated":"2019-05-24T05:48:17.000+0000"},{"id":286,"code":"X5173","name":"컴퓨터과학전공","myParentId":853,"isActive":true,"lastUpdatorId":6,"dateCreated":"2019-05-23T06:51:55.000+0000","lastUpdated":"2019-05-24T05:08:38.000+0000"},{"id":287,"code":"X5174","name":"컴퓨터정보과학전공","myParentId":853,"isActive":true,"lastUpdatorId":6,"dateCreated":"2019-05-23T06:51:56.000+0000","lastUpdated":"2019-05-24T05:08:39.000+0000"},{"id":288,"code":"X5175","name":"컴퓨터정보공학전공","myParentId":135,"isActive":true,"lastUpdatorId":6,"dateCreated":"2019-05-23T06:51:56.000+0000","lastUpdated":"2019-05-24T05:08:39.000+0000"},{"id":289,"code":"X5181","name":"해양개발학전공","myParentId":853,"isActive":true,"lastUpdatorId":6,"dateCreated":"2019-05-23T06:51:56.000+0000","lastUpdated":"2019-05-24T05:48:18.000+0000"},{"id":290,"code":"X5182","name":"해양자원육성학전공","myParentId":855,"isActive":true,"lastUpdatorId":6,"dateCreated":"2019-05-23T06:51:57.000+0000","lastUpdated":"2019-05-24T05:48:18.000+0000"},{"id":291,"code":"X5183","name":"해양생명개발전공","myParentId":855,"isActive":true,"lastUpdatorId":6,"dateCreated":"2019-05-23T06:51:57.000+0000","lastUpdated":"2019-05-24T05:08:39.000+0000"},{"id":292,"code":"X5184","name":"해양생명개발학전공","myParentId":null,"isActive":true,"lastUpdatorId":6,"dateCreated":"2019-05-23T06:51:57.000+0000","lastUpdated":"2019-05-24T05:48:19.000+0000"},{"id":293,"code":"X5191","name":"산업디자인전공","myParentId":851,"isActive":true,"lastUpdatorId":6,"dateCreated":"2019-05-23T06:51:58.000+0000","lastUpdated":"2019-05-24T05:08:47.000+0000"},{"id":294,"code":"X5192","name":"디자인전공","myParentId":null,"isActive":true,"lastUpdatorId":6,"dateCreated":"2019-05-23T06:51:58.000+0000","lastUpdated":"2019-05-24T05:48:20.000+0000"},{"id":295,"code":"X5201","name":"경제학전공","myParentId":125,"isActive":true,"lastUpdatorId":6,"dateCreated":"2019-05-23T06:51:59.000+0000","lastUpdated":"2019-05-24T05:08:48.000+0000"},{"id":296,"code":"X5202","name":"경제이론학전공","myParentId":null,"isActive":true,"lastUpdatorId":6,"dateCreated":"2019-05-23T06:51:59.000+0000","lastUpdated":"2019-05-24T05:48:20.000+0000"},{"id":297,"code":"X5203","name":"경제정책학전공","myParentId":null,"isActive":true,"lastUpdatorId":6,"dateCreated":"2019-05-23T06:51:59.000+0000","lastUpdated":"2019-05-24T05:48:22.000+0000"},{"id":298,"code":"X5204","name":"경제사전공","myParentId":null,"isActive":true,"lastUpdatorId":6,"dateCreated":"2019-05-23T06:52:00.000+0000","lastUpdated":"2019-05-24T05:48:22.000+0000"},{"id":299,"code":"X5205","name":"지역경제이론전공","myParentId":null,"isActive":true,"lastUpdatorId":6,"dateCreated":"2019-05-23T06:52:00.000+0000","lastUpdated":"2019-05-24T05:48:22.000+0000"},{"id":300,"code":"X5206","name":"지역경제정책전공","myParentId":null,"isActive":true,"lastUpdatorId":6,"dateCreated":"2019-05-23T06:52:00.000+0000","lastUpdated":"2019-05-24T05:48:23.000+0000"},{"id":301,"code":"X5207","name":"지역경제사전공","myParentId":null,"isActive":true,"lastUpdatorId":6,"dateCreated":"2019-05-23T06:52:01.000+0000","lastUpdated":"2019-05-24T05:48:23.000+0000"},{"id":302,"code":"X5208","name":"경제통상학전공","myParentId":null,"isActive":true,"lastUpdatorId":6,"dateCreated":"2019-05-23T06:52:01.000+0000","lastUpdated":"2019-05-24T05:48:23.000+0000"},{"id":303,"code":"X5211","name":"해양공학전공","myParentId":853,"isActive":true,"lastUpdatorId":6,"dateCreated":"2019-05-23T06:52:01.000+0000","lastUpdated":"2019-05-24T05:08:57.000+0000"},{"id":304,"code":"X5221","name":"해양학전공","myParentId":853,"isActive":true,"lastUpdatorId":6,"dateCreated":"2019-05-23T06:52:02.000+0000","lastUpdated":"2019-05-24T05:08:57.000+0000"},{"id":305,"code":"X5222","name":"해양정보과학전공","myParentId":853,"isActive":true,"lastUpdatorId":6,"dateCreated":"2019-05-23T06:52:02.000+0000","lastUpdated":"2019-05-24T05:08:58.000+0000"},{"id":306,"code":"X5223","name":"물리해양학전공","myParentId":null,"isActive":true,"lastUpdatorId":6,"dateCreated":"2019-05-23T06:52:02.000+0000","lastUpdated":"2019-05-24T05:48:24.000+0000"},{"id":307,"code":"X5224","name":"화학해양학전공","myParentId":null,"isActive":true,"lastUpdatorId":6,"dateCreated":"2019-05-23T06:52:03.000+0000","lastUpdated":"2019-05-24T05:48:25.000+0000"},{"id":308,"code":"X5225","name":"생물해양학전공","myParentId":null,"isActive":true,"lastUpdatorId":6,"dateCreated":"2019-05-23T06:52:03.000+0000","lastUpdated":"2019-05-24T05:48:25.000+0000"},{"id":309,"code":"X5226","name":"지질해양학전공","myParentId":null,"isActive":true,"lastUpdatorId":6,"dateCreated":"2019-05-23T06:52:03.000+0000","lastUpdated":"2019-05-24T05:48:25.000+0000"},{"id":310,"code":"X5227","name":"생물ㆍ화학해양학전공","myParentId":null,"isActive":true,"lastUpdatorId":6,"dateCreated":"2019-05-23T06:52:04.000+0000","lastUpdated":"2019-05-24T05:48:26.000+0000"},{"id":311,"code":"X5228","name":"물리ㆍ지질해양학전공","myParentId":null,"isActive":true,"lastUpdatorId":6,"dateCreated":"2019-05-23T06:52:04.000+0000","lastUpdated":"2019-05-24T05:48:26.000+0000"},{"id":312,"code":"X5231","name":"식품영양학전공","myParentId":131,"isActive":true,"lastUpdatorId":6,"dateCreated":"2019-05-23T06:52:04.000+0000","lastUpdated":"2019-05-24T05:09:09.000+0000"},{"id":313,"code":"X5241","name":"전자공학전공","myParentId":854,"isActive":true,"lastUpdatorId":6,"dateCreated":"2019-05-23T06:52:05.000+0000","lastUpdated":"2019-05-24T05:09:09.000+0000"},{"id":314,"code":"X5251","name":"정보통신공학전공","myParentId":135,"isActive":true,"lastUpdatorId":6,"dateCreated":"2019-05-23T06:52:05.000+0000","lastUpdated":"2019-05-24T05:09:09.000+0000"},{"id":315,"code":"X5252","name":"정보공학전공","myParentId":null,"isActive":true,"lastUpdatorId":6,"dateCreated":"2019-05-23T06:52:06.000+0000","lastUpdated":"2019-05-24T05:48:27.000+0000"},{"id":316,"code":"X5253","name":"정보제어공학전공","myParentId":854,"isActive":true,"lastUpdatorId":6,"dateCreated":"2019-05-23T06:52:06.000+0000","lastUpdated":"2019-05-24T05:09:10.000+0000"},{"id":317,"code":"X5254","name":"IT융합통신공학전공","myParentId":854,"isActive":true,"lastUpdatorId":6,"dateCreated":"2019-05-23T06:52:06.000+0000","lastUpdated":"2019-05-24T05:09:10.000+0000"},{"id":318,"code":"X5261","name":"회로및시스템공학전공","myParentId":854,"isActive":true,"lastUpdatorId":6,"dateCreated":"2019-05-23T06:52:07.000+0000","lastUpdated":"2019-05-24T05:48:28.000+0000"},{"id":319,"code":"X5262","name":"제어계측공학전공","myParentId":854,"isActive":true,"lastUpdatorId":6,"dateCreated":"2019-05-23T06:52:07.000+0000","lastUpdated":"2019-05-24T05:09:18.000+0000"},{"id":320,"code":"X5263","name":"동역학및제어공학전공","myParentId":null,"isActive":true,"lastUpdatorId":6,"dateCreated":"2019-05-23T06:52:07.000+0000","lastUpdated":"2019-05-24T05:48:29.000+0000"},{"id":321,"code":"X5264","name":"제어로봇시스템공학전공","myParentId":null,"isActive":true,"lastUpdatorId":6,"dateCreated":"2019-05-23T06:52:08.000+0000","lastUpdated":"2019-05-24T05:48:29.000+0000"},{"id":322,"code":"X5265","name":"제어로봇공학전공","myParentId":null,"isActive":true,"lastUpdatorId":6,"dateCreated":"2019-05-23T06:52:08.000+0000","lastUpdated":"2019-05-24T05:48:29.000+0000"},{"id":323,"code":"X5266","name":"풍력연계전공","myParentId":null,"isActive":true,"lastUpdatorId":6,"dateCreated":"2019-05-23T06:52:08.000+0000","lastUpdated":"2019-05-24T05:48:30.000+0000"},{"id":324,"code":"X5271","name":"기계설계학전공","myParentId":854,"isActive":true,"lastUpdatorId":6,"dateCreated":"2019-05-23T06:52:09.000+0000","lastUpdated":"2019-05-24T05:48:30.000+0000"},{"id":325,"code":"X5272","name":"건설기계공학전공","myParentId":null,"isActive":true,"lastUpdatorId":6,"dateCreated":"2019-05-23T06:52:09.000+0000","lastUpdated":"2019-05-24T05:48:30.000+0000"},{"id":326,"code":"X5281","name":"생산기계공학전공","myParentId":854,"isActive":true,"lastUpdatorId":6,"dateCreated":"2019-05-23T06:52:09.000+0000","lastUpdated":"2019-05-24T05:48:30.000+0000"},{"id":327,"code":"X5282","name":"설계및생산공학전공","myParentId":null,"isActive":true,"lastUpdatorId":6,"dateCreated":"2019-05-23T06:52:10.000+0000","lastUpdated":"2019-05-24T05:48:31.000+0000"},{"id":328,"code":"X5283","name":"고체및재료공학전공","myParentId":null,"isActive":true,"lastUpdatorId":6,"dateCreated":"2019-05-23T06:52:10.000+0000","lastUpdated":"2019-05-24T05:48:31.000+0000"},{"id":329,"code":"X5284","name":"전산고체역학전공","myParentId":null,"isActive":true,"lastUpdatorId":6,"dateCreated":"2019-05-23T06:52:10.000+0000","lastUpdated":"2019-05-24T05:48:31.000+0000"},{"id":330,"code":"X5291","name":"재료공학전공","myParentId":854,"isActive":true,"lastUpdatorId":6,"dateCreated":"2019-05-23T06:52:11.000+0000","lastUpdated":"2019-05-24T05:09:20.000+0000"},{"id":331,"code":"X5292","name":"신소재공학전공","myParentId":854,"isActive":true,"lastUpdatorId":6,"dateCreated":"2019-05-23T06:52:11.000+0000","lastUpdated":"2019-05-24T05:09:21.000+0000"},{"id":332,"code":"X5301","name":"일어일문학전공","myParentId":121,"isActive":true,"lastUpdatorId":6,"dateCreated":"2019-05-23T06:52:12.000+0000","lastUpdated":"2019-05-24T05:09:21.000+0000"},{"id":333,"code":"X5311","name":"해양환경공학전공","myParentId":854,"isActive":true,"lastUpdatorId":6,"dateCreated":"2019-05-23T06:52:12.000+0000","lastUpdated":"2019-05-24T05:48:32.000+0000"},{"id":334,"code":"X5312","name":"환경공학전공","myParentId":854,"isActive":true,"lastUpdatorId":6,"dateCreated":"2019-05-23T06:52:12.000+0000","lastUpdated":"2019-05-24T05:09:28.000+0000"},{"id":335,"code":"X5321","name":"전기공학전공","myParentId":854,"isActive":true,"lastUpdatorId":6,"dateCreated":"2019-05-23T06:52:13.000+0000","lastUpdated":"2019-05-24T05:09:29.000+0000"},{"id":336,"code":"X5331","name":"화학공학전공","myParentId":854,"isActive":true,"lastUpdatorId":6,"dateCreated":"2019-05-23T06:52:13.000+0000","lastUpdated":"2019-05-24T05:09:29.000+0000"},{"id":337,"code":"X5332","name":"나노화학공학전공","myParentId":854,"isActive":true,"lastUpdatorId":6,"dateCreated":"2019-05-23T06:52:13.000+0000","lastUpdated":"2019-05-24T05:09:30.000+0000"},{"id":338,"code":"X5341","name":"수산경영학전공","myParentId":852,"isActive":true,"lastUpdatorId":6,"dateCreated":"2019-05-23T06:52:14.000+0000","lastUpdated":"2019-05-24T05:09:30.000+0000"},{"id":339,"code":"X5342","name":"수산경영전공","myParentId":null,"isActive":true,"lastUpdatorId":6,"dateCreated":"2019-05-23T06:52:14.000+0000","lastUpdated":"2019-05-24T05:48:34.000+0000"},{"id":340,"code":"X5343","name":"수산자원관리전공","myParentId":null,"isActive":true,"lastUpdatorId":6,"dateCreated":"2019-05-23T06:52:15.000+0000","lastUpdated":"2019-05-24T05:48:35.000+0000"},{"id":341,"code":"X5351","name":"어업학전공","myParentId":null,"isActive":true,"lastUpdatorId":6,"dateCreated":"2019-05-23T06:52:15.000+0000","lastUpdated":"2019-05-23T06:52:15.000+0000"},{"id":342,"code":"X5352","name":"해양생산학전공","myParentId":855,"isActive":true,"lastUpdatorId":6,"dateCreated":"2019-05-23T06:52:15.000+0000","lastUpdated":"2019-05-24T05:09:31.000+0000"},{"id":343,"code":"X5353","name":"해양산업운송과학기술학전공","myParentId":null,"isActive":true,"lastUpdatorId":6,"dateCreated":"2019-05-23T06:52:16.000+0000","lastUpdated":"2019-05-24T05:48:35.000+0000"},{"id":344,"code":"X5361","name":"수산가공학전공","myParentId":null,"isActive":true,"lastUpdatorId":6,"dateCreated":"2019-05-23T06:52:16.000+0000","lastUpdated":"2019-05-23T06:52:16.000+0000"},{"id":345,"code":"X5362","name":"식품공학전공","myParentId":855,"isActive":true,"lastUpdatorId":6,"dateCreated":"2019-05-23T06:52:17.000+0000","lastUpdated":"2019-05-24T05:09:40.000+0000"},{"id":346,"code":"X5363","name":"식품생명공학전공","myParentId":131,"isActive":true,"lastUpdatorId":6,"dateCreated":"2019-05-23T06:52:17.000+0000","lastUpdated":"2019-05-24T05:09:41.000+0000"},{"id":347,"code":"X5371","name":"양식학전공","myParentId":null,"isActive":true,"lastUpdatorId":6,"dateCreated":"2019-05-23T06:52:17.000+0000","lastUpdated":"2019-05-24T05:48:36.000+0000"},{"id":348,"code":"X5372","name":"해양생명양식학전공","myParentId":855,"isActive":true,"lastUpdatorId":6,"dateCreated":"2019-05-23T06:52:18.000+0000","lastUpdated":"2019-05-24T05:09:41.000+0000"},{"id":349,"code":"X5381","name":"기관학전공","myParentId":null,"isActive":true,"lastUpdatorId":6,"dateCreated":"2019-05-23T06:52:18.000+0000","lastUpdated":"2019-05-23T06:52:18.000+0000"},{"id":350,"code":"X5382","name":"기관공학전공","myParentId":855,"isActive":true,"lastUpdatorId":6,"dateCreated":"2019-05-23T06:52:18.000+0000","lastUpdated":"2019-05-24T05:09:42.000+0000"},{"id":351,"code":"X5383","name":"동력기계시스템공학전공","myParentId":855,"isActive":true,"lastUpdatorId":6,"dateCreated":"2019-05-23T06:52:19.000+0000","lastUpdated":"2019-05-24T05:09:42.000+0000"},{"id":352,"code":"X5391","name":"통신학전공","myParentId":null,"isActive":true,"lastUpdatorId":6,"dateCreated":"2019-05-23T06:52:19.000+0000","lastUpdated":"2019-05-23T06:52:19.000+0000"},{"id":353,"code":"X5392","name":"전파공학전공","myParentId":854,"isActive":true,"lastUpdatorId":6,"dateCreated":"2019-05-23T06:52:19.000+0000","lastUpdated":"2019-05-24T05:09:43.000+0000"},{"id":354,"code":"X5393","name":"통신공학전공","myParentId":null,"isActive":true,"lastUpdatorId":6,"dateCreated":"2019-05-23T06:52:20.000+0000","lastUpdated":"2019-05-24T05:48:38.000+0000"},{"id":355,"code":"X53A1","name":"해양생산시스템전공","myParentId":null,"isActive":true,"lastUpdatorId":6,"dateCreated":"2019-05-23T06:52:20.000+0000","lastUpdated":"2019-05-24T05:48:39.000+0000"},{"id":356,"code":"X53A2","name":"마린엔지니어링전공","myParentId":null,"isActive":true,"lastUpdatorId":6,"dateCreated":"2019-05-23T06:52:21.000+0000","lastUpdated":"2019-05-24T05:48:39.000+0000"},{"id":357,"code":"X5401","name":"해양토목학전공","myParentId":null,"isActive":true,"lastUpdatorId":6,"dateCreated":"2019-05-23T06:52:21.000+0000","lastUpdated":"2019-05-23T06:52:21.000+0000"},{"id":358,"code":"X5402","name":"해양토목공학전공","myParentId":855,"isActive":true,"lastUpdatorId":6,"dateCreated":"2019-05-23T06:52:21.000+0000","lastUpdated":"2019-05-24T05:48:39.000+0000"},{"id":359,"code":"X5403","name":"해양건설공학전공","myParentId":137,"isActive":true,"lastUpdatorId":6,"dateCreated":"2019-05-23T06:52:22.000+0000","lastUpdated":"2019-05-24T05:09:45.000+0000"},{"id":360,"code":"X5411","name":"해양환경학전공","myParentId":null,"isActive":true,"lastUpdatorId":6,"dateCreated":"2019-05-23T06:52:22.000+0000","lastUpdated":"2019-05-23T06:52:22.000+0000"},{"id":361,"code":"X5412","name":"해양환경공학전공","myParentId":854,"isActive":true,"lastUpdatorId":6,"dateCreated":"2019-05-23T06:52:22.000+0000","lastUpdated":"2019-05-24T05:48:40.000+0000"},{"id":362,"code":"X5421","name":"수족병리학전공","myParentId":855,"isActive":true,"lastUpdatorId":6,"dateCreated":"2019-05-23T06:52:32.000+0000","lastUpdated":"2019-05-24T05:09:45.000+0000"},{"id":363,"code":"X5422","name":"해양생명의학전공","myParentId":145,"isActive":true,"lastUpdatorId":6,"dateCreated":"2019-05-23T06:52:32.000+0000","lastUpdated":"2019-05-24T05:09:45.000+0000"},{"id":364,"code":"X5423","name":"수산생명의학전공","myParentId":145,"isActive":true,"lastUpdatorId":6,"dateCreated":"2019-05-23T06:52:32.000+0000","lastUpdated":"2019-05-24T05:09:45.000+0000"},{"id":365,"code":"X5431","name":"계산통계학전공","myParentId":853,"isActive":true,"lastUpdatorId":6,"dateCreated":"2019-05-23T06:52:33.000+0000","lastUpdated":"2019-05-24T05:48:42.000+0000"},{"id":366,"code":"X5432","name":"정보통계학전공","myParentId":853,"isActive":true,"lastUpdatorId":6,"dateCreated":"2019-05-23T06:52:33.000+0000","lastUpdated":"2019-05-24T05:09:46.000+0000"},{"id":367,"code":"X5433","name":"통계컴퓨터과학전공","myParentId":null,"isActive":true,"lastUpdatorId":6,"dateCreated":"2019-05-23T06:52:34.000+0000","lastUpdated":"2019-05-24T05:48:42.000+0000"},{"id":368,"code":"X5434","name":"응용통계학전공","myParentId":null,"isActive":true,"lastUpdatorId":6,"dateCreated":"2019-05-23T06:52:34.000+0000","lastUpdated":"2019-05-24T05:48:42.000+0000"},{"id":369,"code":"X5441","name":"의류학전공","myParentId":853,"isActive":true,"lastUpdatorId":6,"dateCreated":"2019-05-23T06:52:34.000+0000","lastUpdated":"2019-05-24T05:09:48.000+0000"},{"id":370,"code":"X5442","name":"주거가족아동학전공","myParentId":null,"isActive":true,"lastUpdatorId":6,"dateCreated":"2019-05-23T06:52:35.000+0000","lastUpdated":"2019-05-23T06:52:35.000+0000"},{"id":371,"code":"X5443","name":"섬유디자인전공","myParentId":null,"isActive":true,"lastUpdatorId":6,"dateCreated":"2019-05-23T06:52:35.000+0000","lastUpdated":"2019-05-24T05:48:43.000+0000"},{"id":372,"code":"X5451","name":"건축공학전공","myParentId":854,"isActive":true,"lastUpdatorId":6,"dateCreated":"2019-05-23T06:52:35.000+0000","lastUpdated":"2019-05-24T05:09:49.000+0000"},{"id":373,"code":"X5452","name":"건축전공","myParentId":137,"isActive":true,"lastUpdatorId":6,"dateCreated":"2019-05-23T06:52:36.000+0000","lastUpdated":"2019-05-24T05:09:49.000+0000"},{"id":374,"code":"X5453","name":"건축해양건설융합공학전공","myParentId":91,"isActive":true,"lastUpdatorId":6,"dateCreated":"2019-05-23T06:52:36.000+0000","lastUpdated":"2019-05-24T05:09:49.000+0000"},{"id":375,"code":"X5461","name":"중어중문학전공","myParentId":121,"isActive":true,"lastUpdatorId":6,"dateCreated":"2019-05-23T06:52:36.000+0000","lastUpdated":"2019-05-24T05:09:50.000+0000"},{"id":376,"code":"X5462","name":"중국학전공","myParentId":null,"isActive":true,"lastUpdatorId":6,"dateCreated":"2019-05-23T06:52:37.000+0000","lastUpdated":"2019-05-24T05:48:45.000+0000"},{"id":377,"code":"X5471","name":"산업도예전공","myParentId":851,"isActive":true,"lastUpdatorId":6,"dateCreated":"2019-05-23T06:52:37.000+0000","lastUpdated":"2019-05-24T05:09:50.000+0000"},{"id":378,"code":"X5481","name":"사학전공","myParentId":850,"isActive":true,"lastUpdatorId":6,"dateCreated":"2019-05-23T06:52:37.000+0000","lastUpdated":"2019-05-24T05:09:51.000+0000"},{"id":379,"code":"X5482","name":"고고학전공","myParentId":null,"isActive":true,"lastUpdatorId":6,"dateCreated":"2019-05-23T06:52:38.000+0000","lastUpdated":"2019-05-24T05:48:46.000+0000"},{"id":380,"code":"X5483","name":"역사전공","myParentId":123,"isActive":true,"lastUpdatorId":6,"dateCreated":"2019-05-23T06:52:38.000+0000","lastUpdated":"2019-05-24T05:09:51.000+0000"},{"id":381,"code":"X5491","name":"기계공학전공","myParentId":100,"isActive":true,"lastUpdatorId":6,"dateCreated":"2019-05-23T06:52:38.000+0000","lastUpdated":"2019-05-24T05:09:52.000+0000"},{"id":382,"code":"X5492","name":"정밀기계공학전공","myParentId":854,"isActive":true,"lastUpdatorId":6,"dateCreated":"2019-05-23T06:52:39.000+0000","lastUpdated":"2019-05-24T05:09:52.000+0000"},{"id":383,"code":"X5493","name":"자동차공학전공","myParentId":98,"isActive":true,"lastUpdatorId":6,"dateCreated":"2019-05-23T06:52:39.000+0000","lastUpdated":"2019-05-24T05:09:52.000+0000"},{"id":384,"code":"X5494","name":"기계설계전공","myParentId":98,"isActive":true,"lastUpdatorId":6,"dateCreated":"2019-05-23T06:52:39.000+0000","lastUpdated":"2019-05-24T05:09:53.000+0000"},{"id":385,"code":"X5495","name":"기계설계공학전공","myParentId":null,"isActive":true,"lastUpdatorId":6,"dateCreated":"2019-05-23T06:52:40.000+0000","lastUpdated":"2019-05-24T05:48:47.000+0000"},{"id":386,"code":"X5496","name":"기계디자인전공","myParentId":854,"isActive":true,"lastUpdatorId":6,"dateCreated":"2019-05-23T06:52:40.000+0000","lastUpdated":"2019-05-24T05:09:53.000+0000"},{"id":387,"code":"X5497","name":"메카트로닉스전공","myParentId":854,"isActive":true,"lastUpdatorId":6,"dateCreated":"2019-05-23T06:52:41.000+0000","lastUpdated":"2019-05-24T05:09:54.000+0000"},{"id":388,"code":"X5498","name":"기계자동차공학전공","myParentId":null,"isActive":true,"lastUpdatorId":6,"dateCreated":"2019-05-23T06:52:41.000+0000","lastUpdated":"2019-05-24T05:48:48.000+0000"},{"id":389,"code":"X5499","name":"미래형자동차공학전공","myParentId":100,"isActive":true,"lastUpdatorId":6,"dateCreated":"2019-05-23T06:52:41.000+0000","lastUpdated":"2019-05-24T05:09:54.000+0000"},{"id":390,"code":"X549A","name":"기계에너지공학전공","myParentId":100,"isActive":true,"lastUpdatorId":6,"dateCreated":"2019-05-23T06:52:42.000+0000","lastUpdated":"2019-05-24T05:09:55.000+0000"},{"id":391,"code":"X5501","name":"토목공학전공","myParentId":854,"isActive":true,"lastUpdatorId":6,"dateCreated":"2019-05-23T06:52:42.000+0000","lastUpdated":"2019-05-24T05:09:55.000+0000"},{"id":392,"code":"X5511","name":"사회복지학전공","myParentId":852,"isActive":true,"lastUpdatorId":6,"dateCreated":"2019-05-23T06:52:42.000+0000","lastUpdated":"2019-05-24T05:09:58.000+0000"},{"id":393,"code":"X5521","name":"해양시스템학전공","myParentId":855,"isActive":true,"lastUpdatorId":6,"dateCreated":"2019-05-23T06:52:43.000+0000","lastUpdated":"2019-05-24T05:48:50.000+0000"},{"id":394,"code":"X5522","name":"해양시스템공학전공","myParentId":855,"isActive":true,"lastUpdatorId":6,"dateCreated":"2019-05-23T06:52:43.000+0000","lastUpdated":"2019-05-24T05:09:58.000+0000"},{"id":395,"code":"X5531","name":"철학전공","myParentId":123,"isActive":true,"lastUpdatorId":6,"dateCreated":"2019-05-23T06:52:43.000+0000","lastUpdated":"2019-05-24T05:09:59.000+0000"},{"id":396,"code":"X5581","name":"경영회계학전공","myParentId":852,"isActive":true,"lastUpdatorId":6,"dateCreated":"2019-05-23T06:52:44.000+0000","lastUpdated":"2019-05-24T05:09:59.000+0000"},{"id":397,"code":"X5582","name":"경영론전공","myParentId":null,"isActive":true,"lastUpdatorId":6,"dateCreated":"2019-05-23T06:52:44.000+0000","lastUpdated":"2019-05-24T05:48:51.000+0000"},{"id":398,"code":"X5591","name":"다문화학전공","myParentId":null,"isActive":true,"lastUpdatorId":6,"dateCreated":"2019-05-23T06:52:44.000+0000","lastUpdated":"2019-05-24T05:48:51.000+0000"},{"id":399,"code":"X5601","name":"지질과학공학전공","myParentId":null,"isActive":true,"lastUpdatorId":6,"dateCreated":"2019-05-23T06:52:45.000+0000","lastUpdated":"2019-05-24T05:48:51.000+0000"},{"id":400,"code":"X5621","name":"정보통신전파공학전공","myParentId":854,"isActive":true,"lastUpdatorId":6,"dateCreated":"2019-05-23T06:52:45.000+0000","lastUpdated":"2019-05-24T05:10:00.000+0000"},{"id":401,"code":"X5622","name":"전기전자제어공학전공","myParentId":null,"isActive":true,"lastUpdatorId":6,"dateCreated":"2019-05-23T06:52:45.000+0000","lastUpdated":"2019-05-24T05:48:52.000+0000"},{"id":402,"code":"X5631","name":"국어교육전공","myParentId":null,"isActive":true,"lastUpdatorId":6,"dateCreated":"2019-05-23T06:52:46.000+0000","lastUpdated":"2019-05-24T05:48:52.000+0000"},{"id":403,"code":"X5632","name":"영어교육전공","myParentId":null,"isActive":true,"lastUpdatorId":6,"dateCreated":"2019-05-23T06:52:46.000+0000","lastUpdated":"2019-05-24T05:48:53.000+0000"},{"id":404,"code":"X5633","name":"수학교육전공","myParentId":null,"isActive":true,"lastUpdatorId":6,"dateCreated":"2019-05-23T06:52:46.000+0000","lastUpdated":"2019-05-24T05:48:53.000+0000"},{"id":405,"code":"X5634","name":"체육교육전공","myParentId":null,"isActive":true,"lastUpdatorId":6,"dateCreated":"2019-05-23T06:52:47.000+0000","lastUpdated":"2019-05-24T05:48:53.000+0000"},{"id":406,"code":"X5635","name":"일반사회교육전공","myParentId":null,"isActive":true,"lastUpdatorId":6,"dateCreated":"2019-05-23T06:52:47.000+0000","lastUpdated":"2019-05-24T05:48:53.000+0000"},{"id":407,"code":"X5636","name":"전자계산교육전공","myParentId":null,"isActive":true,"lastUpdatorId":6,"dateCreated":"2019-05-23T06:52:47.000+0000","lastUpdated":"2019-05-24T05:48:54.000+0000"},{"id":408,"code":"X5637","name":"생물교육전공","myParentId":null,"isActive":true,"lastUpdatorId":6,"dateCreated":"2019-05-23T06:52:48.000+0000","lastUpdated":"2019-05-24T05:48:54.000+0000"},{"id":409,"code":"X5638","name":"화학교육전공","myParentId":null,"isActive":true,"lastUpdatorId":6,"dateCreated":"2019-05-23T06:52:48.000+0000","lastUpdated":"2019-05-24T05:48:55.000+0000"},{"id":410,"code":"X5639","name":"유아교육전공","myParentId":null,"isActive":true,"lastUpdatorId":6,"dateCreated":"2019-05-23T06:52:49.000+0000","lastUpdated":"2019-05-24T05:48:55.000+0000"},{"id":411,"code":"X5640","name":"독어교육전공","myParentId":null,"isActive":true,"lastUpdatorId":6,"dateCreated":"2019-05-23T06:52:49.000+0000","lastUpdated":"2019-05-24T05:48:55.000+0000"},{"id":412,"code":"X5641","name":"가정교육전공","myParentId":null,"isActive":true,"lastUpdatorId":6,"dateCreated":"2019-05-23T06:52:49.000+0000","lastUpdated":"2019-05-24T05:48:55.000+0000"},{"id":413,"code":"X5642","name":"일본어교육전공","myParentId":null,"isActive":true,"lastUpdatorId":6,"dateCreated":"2019-05-23T06:52:50.000+0000","lastUpdated":"2019-05-24T05:48:56.000+0000"},{"id":414,"code":"X5643","name":"상업교육전공","myParentId":null,"isActive":true,"lastUpdatorId":6,"dateCreated":"2019-05-23T06:52:50.000+0000","lastUpdated":"2019-05-24T05:48:56.000+0000"},{"id":415,"code":"X5644","name":"교육행정전공","myParentId":null,"isActive":true,"lastUpdatorId":6,"dateCreated":"2019-05-23T06:52:51.000+0000","lastUpdated":"2019-05-24T05:48:56.000+0000"},{"id":416,"code":"X5645","name":"물리교육전공","myParentId":null,"isActive":true,"lastUpdatorId":6,"dateCreated":"2019-05-23T06:52:51.000+0000","lastUpdated":"2019-05-24T05:48:57.000+0000"},{"id":417,"code":"X5646","name":"역사교육전공","myParentId":null,"isActive":true,"lastUpdatorId":6,"dateCreated":"2019-05-23T06:52:52.000+0000","lastUpdated":"2019-05-24T05:48:57.000+0000"},{"id":418,"code":"X5647","name":"윤리교육전공","myParentId":null,"isActive":true,"lastUpdatorId":6,"dateCreated":"2019-05-23T06:52:52.000+0000","lastUpdated":"2019-05-24T05:48:57.000+0000"},{"id":419,"code":"X5648","name":"한문교육전공","myParentId":null,"isActive":true,"lastUpdatorId":6,"dateCreated":"2019-05-23T06:52:52.000+0000","lastUpdated":"2019-05-24T05:48:58.000+0000"},{"id":420,"code":"X5649","name":"외국어로서의한국어교육전공","myParentId":null,"isActive":true,"lastUpdatorId":6,"dateCreated":"2019-05-23T06:52:53.000+0000","lastUpdated":"2019-05-24T05:48:58.000+0000"},{"id":421,"code":"X5650","name":"철학교육전공","myParentId":null,"isActive":true,"lastUpdatorId":6,"dateCreated":"2019-05-23T06:52:53.000+0000","lastUpdated":"2019-05-24T05:48:58.000+0000"},{"id":422,"code":"X5651","name":"컴퓨터정보교육전공","myParentId":null,"isActive":true,"lastUpdatorId":6,"dateCreated":"2019-05-23T06:52:53.000+0000","lastUpdated":"2019-05-24T05:48:59.000+0000"},{"id":423,"code":"X5652","name":"상업정보교육전공","myParentId":null,"isActive":true,"lastUpdatorId":6,"dateCreated":"2019-05-23T06:52:54.000+0000","lastUpdated":"2019-05-24T05:48:59.000+0000"},{"id":424,"code":"X5653","name":"음악교육전공","myParentId":null,"isActive":true,"lastUpdatorId":6,"dateCreated":"2019-05-23T06:52:54.000+0000","lastUpdated":"2019-05-24T05:48:59.000+0000"},{"id":425,"code":"X5654","name":"중국어교육전공","myParentId":null,"isActive":true,"lastUpdatorId":6,"dateCreated":"2019-05-23T06:52:54.000+0000","lastUpdated":"2019-05-24T05:49:00.000+0000"},{"id":426,"code":"X5655","name":"논리ㆍ철학교육전공","myParentId":null,"isActive":true,"lastUpdatorId":6,"dateCreated":"2019-05-23T06:52:55.000+0000","lastUpdated":"2019-05-24T05:49:00.000+0000"},{"id":427,"code":"X5656","name":"지구과학교육전공","myParentId":null,"isActive":true,"lastUpdatorId":6,"dateCreated":"2019-05-23T06:53:01.000+0000","lastUpdated":"2019-05-24T05:49:00.000+0000"},{"id":428,"code":"X5657","name":"영양교육전공","myParentId":null,"isActive":true,"lastUpdatorId":6,"dateCreated":"2019-05-23T06:53:01.000+0000","lastUpdated":"2019-05-24T05:49:00.000+0000"},{"id":429,"code":"X5731","name":"주거및실내계획전공","myParentId":137,"isActive":true,"lastUpdatorId":6,"dateCreated":"2019-05-23T06:53:01.000+0000","lastUpdated":"2019-05-24T05:10:12.000+0000"},{"id":430,"code":"X5732","name":"아동가족학전공","myParentId":853,"isActive":true,"lastUpdatorId":6,"dateCreated":"2019-05-23T06:53:02.000+0000","lastUpdated":"2019-05-24T05:10:13.000+0000"},{"id":431,"code":"X5741","name":"전자정보공학전공","myParentId":null,"isActive":true,"lastUpdatorId":6,"dateCreated":"2019-05-23T06:53:02.000+0000","lastUpdated":"2019-05-23T06:53:02.000+0000"},{"id":432,"code":"X5771","name":"해양생물공학전공","myParentId":145,"isActive":true,"lastUpdatorId":6,"dateCreated":"2019-05-23T06:53:02.000+0000","lastUpdated":"2019-05-24T05:10:13.000+0000"},{"id":433,"code":"X5772","name":"일문학전공","myParentId":null,"isActive":true,"lastUpdatorId":6,"dateCreated":"2019-05-23T06:53:03.000+0000","lastUpdated":"2019-05-24T05:49:02.000+0000"},{"id":434,"code":"X5773","name":"일어학전공","myParentId":null,"isActive":true,"lastUpdatorId":6,"dateCreated":"2019-05-23T06:53:03.000+0000","lastUpdated":"2019-05-24T05:49:02.000+0000"},{"id":435,"code":"X5774","name":"복지행정전공","myParentId":null,"isActive":true,"lastUpdatorId":6,"dateCreated":"2019-05-23T06:53:03.000+0000","lastUpdated":"2019-05-24T05:49:02.000+0000"},{"id":436,"code":"X5775","name":"전자상거래전공","myParentId":null,"isActive":true,"lastUpdatorId":6,"dateCreated":"2019-05-23T06:53:04.000+0000","lastUpdated":"2019-05-24T05:49:03.000+0000"},{"id":437,"code":"X5776","name":"전산회계전공","myParentId":null,"isActive":true,"lastUpdatorId":6,"dateCreated":"2019-05-23T06:53:04.000+0000","lastUpdated":"2019-05-24T05:49:03.000+0000"},{"id":438,"code":"X5777","name":"국제물류전공","myParentId":null,"isActive":true,"lastUpdatorId":6,"dateCreated":"2019-05-23T06:53:04.000+0000","lastUpdated":"2019-05-24T05:49:03.000+0000"},{"id":439,"code":"X5778","name":"해양생명과학전공","myParentId":145,"isActive":true,"lastUpdatorId":6,"dateCreated":"2019-05-23T06:53:08.000+0000","lastUpdated":"2019-05-24T05:10:16.000+0000"},{"id":440,"code":"X5779","name":"지역문화콘텐츠전공","myParentId":null,"isActive":true,"lastUpdatorId":6,"dateCreated":"2019-05-23T06:53:08.000+0000","lastUpdated":"2019-05-24T05:49:04.000+0000"},{"id":441,"code":"X5781","name":"글로벌창업학","myParentId":null,"isActive":true,"lastUpdatorId":6,"dateCreated":"2019-05-23T06:53:09.000+0000","lastUpdated":"2019-05-24T05:49:04.000+0000"},{"id":442,"code":"X5811","name":"조선공학전공","myParentId":854,"isActive":true,"lastUpdatorId":6,"dateCreated":"2019-05-23T06:53:09.000+0000","lastUpdated":"2019-05-24T05:10:17.000+0000"},{"id":443,"code":"X5812","name":"조선해양공학전공","myParentId":99,"isActive":true,"lastUpdatorId":6,"dateCreated":"2019-05-23T06:53:09.000+0000","lastUpdated":"2019-05-24T05:10:17.000+0000"},{"id":444,"code":"X5821","name":"물류학전공","myParentId":852,"isActive":true,"lastUpdatorId":6,"dateCreated":"2019-05-23T06:53:10.000+0000","lastUpdated":"2019-05-24T05:10:18.000+0000"},{"id":445,"code":"X5831","name":"방송매체공학전공","myParentId":null,"isActive":true,"lastUpdatorId":6,"dateCreated":"2019-05-23T06:53:10.000+0000","lastUpdated":"2019-05-24T05:49:05.000+0000"},{"id":446,"code":"X5841","name":"해양경찰학전공","myParentId":855,"isActive":true,"lastUpdatorId":6,"dateCreated":"2019-05-23T06:53:10.000+0000","lastUpdated":"2019-05-24T05:10:19.000+0000"},{"id":447,"code":"X5842","name":"경찰학전공","myParentId":null,"isActive":true,"lastUpdatorId":6,"dateCreated":"2019-05-23T06:53:11.000+0000","lastUpdated":"2019-05-24T05:49:06.000+0000"},{"id":448,"code":"X5851","name":"플라즈마융합공학전공","myParentId":null,"isActive":true,"lastUpdatorId":6,"dateCreated":"2019-05-23T06:53:11.000+0000","lastUpdated":"2019-05-24T05:49:06.000+0000"},{"id":449,"code":"X5861","name":"유아교육학전공","myParentId":null,"isActive":true,"lastUpdatorId":6,"dateCreated":"2019-05-23T06:53:11.000+0000","lastUpdated":"2019-05-24T05:49:07.000+0000"},{"id":450,"code":"X5921","name":"교양교직","myParentId":null,"isActive":true,"lastUpdatorId":6,"dateCreated":"2019-05-23T06:53:12.000+0000","lastUpdated":"2019-05-24T05:49:07.000+0000"},{"id":451,"code":"X5931","name":"한국어교육과정","myParentId":null,"isActive":true,"lastUpdatorId":6,"dateCreated":"2019-05-23T06:53:12.000+0000","lastUpdated":"2019-05-24T05:49:07.000+0000"},{"id":452,"code":"X5A10","name":"간호학전공","myParentId":null,"isActive":true,"lastUpdatorId":6,"dateCreated":"2019-05-23T06:53:12.000+0000","lastUpdated":"2019-05-24T05:49:08.000+0000"},{"id":453,"code":"X5A25","name":"식품클러스터전공","myParentId":null,"isActive":true,"lastUpdatorId":6,"dateCreated":"2019-05-23T06:53:13.000+0000","lastUpdated":"2019-05-24T05:49:08.000+0000"},{"id":454,"code":"X5A31","name":"공간디자인융합기술학전공","myParentId":null,"isActive":true,"lastUpdatorId":6,"dateCreated":"2019-05-23T06:53:13.000+0000","lastUpdated":"2019-05-24T05:49:08.000+0000"},{"id":455,"code":"X5A33","name":"주거복지연계전공","myParentId":null,"isActive":true,"lastUpdatorId":6,"dateCreated":"2019-05-23T06:53:13.000+0000","lastUpdated":"2019-05-24T05:49:09.000+0000"},{"id":456,"code":"X5A61","name":"융합기술창업학전공","myParentId":null,"isActive":true,"lastUpdatorId":6,"dateCreated":"2019-05-23T06:53:14.000+0000","lastUpdated":"2019-05-24T05:49:09.000+0000"},{"id":457,"code":"X5A71","name":"소프트웨어융합공학전공","myParentId":null,"isActive":true,"lastUpdatorId":6,"dateCreated":"2019-05-23T06:53:14.000+0000","lastUpdated":"2019-05-24T05:49:09.000+0000"},{"id":458,"code":"X5A81","name":"글로벌뷰티산업학전공","myParentId":null,"isActive":true,"lastUpdatorId":6,"dateCreated":"2019-05-23T06:53:14.000+0000","lastUpdated":"2019-05-24T05:49:10.000+0000"},{"id":459,"code":"X5AY1","name":"융복합기술공학전공","myParentId":null,"isActive":true,"lastUpdatorId":6,"dateCreated":"2019-05-23T06:53:15.000+0000","lastUpdated":"2019-05-24T05:49:10.000+0000"},{"id":460,"code":"X5AY2","name":"빅데이터수리전산공학","myParentId":null,"isActive":true,"lastUpdatorId":6,"dateCreated":"2019-05-23T06:53:15.000+0000","lastUpdated":"2019-05-24T05:49:10.000+0000"},{"id":461,"code":"X5AY3","name":"글로벌인공지능프론티어","myParentId":null,"isActive":true,"lastUpdatorId":6,"dateCreated":"2019-05-23T06:53:15.000+0000","lastUpdated":"2019-05-24T05:49:11.000+0000"},{"id":462,"code":"XA000","name":"대학원(석사과정)","myParentId":null,"isActive":true,"lastUpdatorId":6,"dateCreated":"2019-05-23T06:53:16.000+0000","lastUpdated":"2019-05-23T06:53:16.000+0000"},{"id":463,"code":"XA101","name":"국어국문학과","myParentId":null,"isActive":true,"lastUpdatorId":6,"dateCreated":"2019-05-23T06:53:16.000+0000","lastUpdated":"2019-05-24T05:49:11.000+0000"},{"id":464,"code":"XA102","name":"영어영문학과","myParentId":null,"isActive":true,"lastUpdatorId":6,"dateCreated":"2019-05-23T06:53:16.000+0000","lastUpdated":"2019-05-24T05:49:11.000+0000"},{"id":465,"code":"XA103","name":"경영학과","myParentId":null,"isActive":true,"lastUpdatorId":6,"dateCreated":"2019-05-23T06:53:17.000+0000","lastUpdated":"2019-05-24T05:49:12.000+0000"},{"id":466,"code":"XA104","name":"화학과","myParentId":null,"isActive":true,"lastUpdatorId":6,"dateCreated":"2019-05-23T06:53:17.000+0000","lastUpdated":"2019-05-24T05:49:12.000+0000"},{"id":467,"code":"XA105","name":"생물학과","myParentId":null,"isActive":true,"lastUpdatorId":6,"dateCreated":"2019-05-23T06:53:17.000+0000","lastUpdated":"2019-05-24T05:49:12.000+0000"},{"id":468,"code":"XA106","name":"물리학과","myParentId":null,"isActive":true,"lastUpdatorId":6,"dateCreated":"2019-05-23T06:53:18.000+0000","lastUpdated":"2019-05-24T05:49:13.000+0000"},{"id":469,"code":"XA107","name":"법학과","myParentId":null,"isActive":true,"lastUpdatorId":6,"dateCreated":"2019-05-23T06:53:18.000+0000","lastUpdated":"2019-05-24T05:49:13.000+0000"},{"id":470,"code":"XA108","name":"수학과","myParentId":null,"isActive":true,"lastUpdatorId":6,"dateCreated":"2019-05-23T06:53:18.000+0000","lastUpdated":"2019-05-24T05:49:13.000+0000"},{"id":471,"code":"XA109","name":"해양학과","myParentId":null,"isActive":true,"lastUpdatorId":6,"dateCreated":"2019-05-23T06:53:19.000+0000","lastUpdated":"2019-05-24T05:49:14.000+0000"},{"id":472,"code":"XA110","name":"전자공학과","myParentId":null,"isActive":true,"lastUpdatorId":6,"dateCreated":"2019-05-23T06:53:19.000+0000","lastUpdated":"2019-05-23T06:53:19.000+0000"},{"id":473,"code":"XA111","name":"정보통신공학과","myParentId":null,"isActive":true,"lastUpdatorId":6,"dateCreated":"2019-05-23T06:53:20.000+0000","lastUpdated":"2019-05-24T05:49:14.000+0000"},{"id":474,"code":"XA112","name":"기계공학과","myParentId":null,"isActive":true,"lastUpdatorId":6,"dateCreated":"2019-05-23T06:53:20.000+0000","lastUpdated":"2019-05-24T05:49:14.000+0000"},{"id":475,"code":"XA113","name":"체육학과","myParentId":null,"isActive":true,"lastUpdatorId":6,"dateCreated":"2019-05-23T06:53:20.000+0000","lastUpdated":"2019-05-24T05:49:15.000+0000"},{"id":476,"code":"XA114","name":"해양자원육성학과","myParentId":null,"isActive":true,"lastUpdatorId":6,"dateCreated":"2019-05-23T06:53:21.000+0000","lastUpdated":"2019-05-23T06:53:21.000+0000"},{"id":477,"code":"XA115","name":"컴퓨터과학과","myParentId":null,"isActive":true,"lastUpdatorId":6,"dateCreated":"2019-05-23T06:53:21.000+0000","lastUpdated":"2019-05-24T05:49:15.000+0000"},{"id":478,"code":"XA116","name":"수산과학과","myParentId":null,"isActive":true,"lastUpdatorId":6,"dateCreated":"2019-05-23T06:53:21.000+0000","lastUpdated":"2019-05-24T05:49:16.000+0000"},{"id":479,"code":"XA117","name":"해양산업공학과","myParentId":null,"isActive":true,"lastUpdatorId":6,"dateCreated":"2019-05-23T06:53:22.000+0000","lastUpdated":"2019-05-24T05:49:16.000+0000"},{"id":480,"code":"XA118","name":"행정학과","myParentId":null,"isActive":true,"lastUpdatorId":6,"dateCreated":"2019-05-23T06:53:22.000+0000","lastUpdated":"2019-05-24T05:49:16.000+0000"},{"id":481,"code":"XA119","name":"경제학과","myParentId":null,"isActive":true,"lastUpdatorId":6,"dateCreated":"2019-05-23T06:53:22.000+0000","lastUpdated":"2019-05-24T05:49:17.000+0000"},{"id":482,"code":"XA120","name":"회계학과","myParentId":null,"isActive":true,"lastUpdatorId":6,"dateCreated":"2019-05-23T06:53:23.000+0000","lastUpdated":"2019-05-24T05:49:17.000+0000"},{"id":483,"code":"XA121","name":"무역학과","myParentId":null,"isActive":true,"lastUpdatorId":6,"dateCreated":"2019-05-23T06:53:23.000+0000","lastUpdated":"2019-05-24T05:49:17.000+0000"},{"id":484,"code":"XA122","name":"미술학과","myParentId":null,"isActive":true,"lastUpdatorId":6,"dateCreated":"2019-05-23T06:53:23.000+0000","lastUpdated":"2019-05-24T05:49:18.000+0000"},{"id":485,"code":"XA123","name":"전기공학과","myParentId":null,"isActive":true,"lastUpdatorId":6,"dateCreated":"2019-05-23T06:53:24.000+0000","lastUpdated":"2019-05-24T05:49:18.000+0000"},{"id":486,"code":"XA124","name":"전파공학과","myParentId":null,"isActive":true,"lastUpdatorId":6,"dateCreated":"2019-05-23T06:53:24.000+0000","lastUpdated":"2019-05-24T05:49:18.000+0000"},{"id":487,"code":"XA125","name":"토목공학과","myParentId":null,"isActive":true,"lastUpdatorId":6,"dateCreated":"2019-05-23T06:53:24.000+0000","lastUpdated":"2019-05-23T06:53:24.000+0000"},{"id":488,"code":"XA126","name":"화학공학과","myParentId":null,"isActive":true,"lastUpdatorId":6,"dateCreated":"2019-05-23T06:53:25.000+0000","lastUpdated":"2019-05-24T05:49:19.000+0000"},{"id":489,"code":"XA127","name":"건축공학과","myParentId":null,"isActive":true,"lastUpdatorId":6,"dateCreated":"2019-05-23T06:53:25.000+0000","lastUpdated":"2019-05-24T05:49:19.000+0000"},{"id":490,"code":"XA128","name":"음악과","myParentId":null,"isActive":true,"lastUpdatorId":6,"dateCreated":"2019-05-23T06:53:25.000+0000","lastUpdated":"2019-05-24T05:49:19.000+0000"},{"id":491,"code":"XA129","name":"전기전자제어공학과","myParentId":null,"isActive":true,"lastUpdatorId":6,"dateCreated":"2019-05-23T06:53:26.000+0000","lastUpdated":"2019-05-24T05:49:20.000+0000"},{"id":492,"code":"XA130","name":"환경공학과","myParentId":null,"isActive":true,"lastUpdatorId":6,"dateCreated":"2019-05-23T06:53:26.000+0000","lastUpdated":"2019-05-23T06:53:26.000+0000"},{"id":493,"code":"XA131","name":"재료공학과","myParentId":null,"isActive":true,"lastUpdatorId":6,"dateCreated":"2019-05-23T06:53:26.000+0000","lastUpdated":"2019-05-24T05:49:20.000+0000"},{"id":494,"code":"XA132","name":"가정학과","myParentId":null,"isActive":true,"lastUpdatorId":6,"dateCreated":"2019-05-23T06:53:27.000+0000","lastUpdated":"2019-05-24T05:49:21.000+0000"},{"id":495,"code":"XA133","name":"전자정보공학부","myParentId":null,"isActive":true,"lastUpdatorId":6,"dateCreated":"2019-05-23T06:53:27.000+0000","lastUpdated":"2019-05-24T05:49:21.000+0000"},{"id":496,"code":"XA134","name":"일어일문학과","myParentId":null,"isActive":true,"lastUpdatorId":6,"dateCreated":"2019-05-23T06:53:27.000+0000","lastUpdated":"2019-05-24T05:49:21.000+0000"},{"id":497,"code":"XA135","name":"정보통계학과","myParentId":null,"isActive":true,"lastUpdatorId":6,"dateCreated":"2019-05-23T06:53:28.000+0000","lastUpdated":"2019-05-23T06:53:28.000+0000"},{"id":498,"code":"XA136","name":"토목환경공학부","myParentId":null,"isActive":true,"lastUpdatorId":6,"dateCreated":"2019-05-23T06:53:28.000+0000","lastUpdated":"2019-05-24T05:49:22.000+0000"},{"id":499,"code":"XA137","name":"사회복지학과","myParentId":null,"isActive":true,"lastUpdatorId":6,"dateCreated":"2019-05-23T06:53:29.000+0000","lastUpdated":"2019-05-24T05:49:22.000+0000"},{"id":500,"code":"XA138","name":"컴퓨터정보공학과","myParentId":null,"isActive":true,"lastUpdatorId":6,"dateCreated":"2019-05-23T06:53:29.000+0000","lastUpdated":"2019-05-24T05:49:23.000+0000"},{"id":501,"code":"XA139","name":"사학과","myParentId":null,"isActive":true,"lastUpdatorId":6,"dateCreated":"2019-05-23T06:53:29.000+0000","lastUpdated":"2019-05-24T05:49:23.000+0000"},{"id":502,"code":"XA140","name":"지역문화콘텐츠학과","myParentId":null,"isActive":true,"lastUpdatorId":6,"dateCreated":"2019-05-23T06:53:30.000+0000","lastUpdated":"2019-05-24T05:49:24.000+0000"},{"id":503,"code":"XA141","name":"조형예술디자인학과","myParentId":null,"isActive":true,"lastUpdatorId":6,"dateCreated":"2019-05-23T06:53:30.000+0000","lastUpdated":"2019-05-24T05:49:24.000+0000"},{"id":504,"code":"XA142","name":"조선공학과","myParentId":null,"isActive":true,"lastUpdatorId":6,"dateCreated":"2019-05-23T06:53:30.000+0000","lastUpdated":"2019-05-24T05:49:25.000+0000"},{"id":505,"code":"XA143","name":"통계컴퓨터과학과","myParentId":null,"isActive":true,"lastUpdatorId":6,"dateCreated":"2019-05-23T06:53:31.000+0000","lastUpdated":"2019-05-24T05:49:37.000+0000"},{"id":506,"code":"XA144","name":"중국학과","myParentId":null,"isActive":true,"lastUpdatorId":6,"dateCreated":"2019-05-23T06:53:31.000+0000","lastUpdated":"2019-05-24T05:49:38.000+0000"},{"id":507,"code":"XA145","name":"주거및실내계획학과","myParentId":null,"isActive":true,"lastUpdatorId":6,"dateCreated":"2019-05-23T06:53:31.000+0000","lastUpdated":"2019-05-24T05:49:38.000+0000"},{"id":508,"code":"XA146","name":"아동가족학과","myParentId":null,"isActive":true,"lastUpdatorId":6,"dateCreated":"2019-05-23T06:53:32.000+0000","lastUpdated":"2019-05-24T05:49:38.000+0000"},{"id":509,"code":"XA147","name":"식품영양학과","myParentId":null,"isActive":true,"lastUpdatorId":6,"dateCreated":"2019-05-23T06:53:39.000+0000","lastUpdated":"2019-05-24T05:49:39.000+0000"},{"id":510,"code":"XA148","name":"의류학과","myParentId":null,"isActive":true,"lastUpdatorId":6,"dateCreated":"2019-05-23T06:53:40.000+0000","lastUpdated":"2019-05-24T05:49:39.000+0000"},{"id":511,"code":"XA149","name":"간호학과","myParentId":null,"isActive":true,"lastUpdatorId":6,"dateCreated":"2019-05-23T06:53:40.000+0000","lastUpdated":"2019-05-24T05:49:39.000+0000"},{"id":512,"code":"XA150","name":"신소재공학과","myParentId":null,"isActive":true,"lastUpdatorId":6,"dateCreated":"2019-05-23T06:53:40.000+0000","lastUpdated":"2019-05-24T05:49:40.000+0000"},{"id":513,"code":"XA151","name":"플라즈마융합공학과(학연산협동과정)","myParentId":null,"isActive":true,"lastUpdatorId":6,"dateCreated":"2019-05-23T06:53:41.000+0000","lastUpdated":"2019-05-24T05:49:47.000+0000"},{"id":514,"code":"XA152","name":"제어로봇공학과(산학협동과정)","myParentId":null,"isActive":true,"lastUpdatorId":6,"dateCreated":"2019-05-23T06:53:41.000+0000","lastUpdated":"2019-05-24T05:49:47.000+0000"},{"id":515,"code":"XA153","name":"물류학과","myParentId":null,"isActive":true,"lastUpdatorId":6,"dateCreated":"2019-05-23T06:53:41.000+0000","lastUpdated":"2019-05-24T05:49:47.000+0000"},{"id":516,"code":"XA154","name":"미디어문화학과","myParentId":null,"isActive":true,"lastUpdatorId":6,"dateCreated":"2019-05-23T06:53:42.000+0000","lastUpdated":"2019-05-24T05:49:48.000+0000"},{"id":517,"code":"XA155","name":"해양경찰학과","myParentId":null,"isActive":true,"lastUpdatorId":6,"dateCreated":"2019-05-23T06:53:42.000+0000","lastUpdated":"2019-05-24T05:49:48.000+0000"},{"id":518,"code":"XA156","name":"상담심리학과","myParentId":null,"isActive":true,"lastUpdatorId":6,"dateCreated":"2019-05-23T06:53:42.000+0000","lastUpdated":"2019-05-24T05:49:48.000+0000"},{"id":519,"code":"XA157","name":"기계공학과(산학협동과정)","myParentId":null,"isActive":true,"lastUpdatorId":6,"dateCreated":"2019-05-23T06:53:43.000+0000","lastUpdated":"2019-05-24T05:49:48.000+0000"},{"id":520,"code":"XA158","name":"조선공학과(산학협동과정)","myParentId":null,"isActive":true,"lastUpdatorId":6,"dateCreated":"2019-05-23T06:53:43.000+0000","lastUpdated":"2019-05-24T05:49:49.000+0000"},{"id":521,"code":"XA159","name":"물리학과(학연산협동과정)","myParentId":null,"isActive":true,"lastUpdatorId":6,"dateCreated":"2019-05-23T06:53:43.000+0000","lastUpdated":"2019-05-23T06:53:43.000+0000"},{"id":522,"code":"XA160","name":"건설기계공학과","myParentId":null,"isActive":true,"lastUpdatorId":6,"dateCreated":"2019-05-23T06:53:44.000+0000","lastUpdated":"2019-05-24T05:49:49.000+0000"},{"id":523,"code":"XA161","name":"생물학과(학연협동과정)","myParentId":null,"isActive":true,"lastUpdatorId":6,"dateCreated":"2019-05-23T06:53:44.000+0000","lastUpdated":"2019-05-24T05:49:50.000+0000"},{"id":524,"code":"XA162","name":"지질과학공학과","myParentId":null,"isActive":true,"lastUpdatorId":6,"dateCreated":"2019-05-23T06:53:45.000+0000","lastUpdated":"2019-05-24T05:49:50.000+0000"},{"id":525,"code":"XA163","name":"물리학과(학연협동과정)","myParentId":null,"isActive":true,"lastUpdatorId":6,"dateCreated":"2019-05-23T06:53:45.000+0000","lastUpdated":"2019-05-24T05:49:50.000+0000"},{"id":526,"code":"XA164","name":"플라즈마융합공학과(학연협동과정)","myParentId":null,"isActive":true,"lastUpdatorId":6,"dateCreated":"2019-05-23T06:53:45.000+0000","lastUpdated":"2019-05-24T05:49:51.000+0000"},{"id":527,"code":"XA165","name":"건설기계공학과(학연협동과정)","myParentId":null,"isActive":true,"lastUpdatorId":6,"dateCreated":"2019-05-23T06:53:46.000+0000","lastUpdated":"2019-05-24T05:49:51.000+0000"},{"id":528,"code":"XA166","name":"소프트웨어융합공학과","myParentId":null,"isActive":true,"lastUpdatorId":6,"dateCreated":"2019-05-23T06:53:46.000+0000","lastUpdated":"2019-05-24T05:49:51.000+0000"},{"id":529,"code":"XA167","name":"식품공학과","myParentId":null,"isActive":true,"lastUpdatorId":6,"dateCreated":"2019-05-23T06:53:46.000+0000","lastUpdated":"2019-05-24T05:49:52.000+0000"},{"id":530,"code":"XB000","name":"대학원(박사)","myParentId":null,"isActive":true,"lastUpdatorId":6,"dateCreated":"2019-05-23T06:53:47.000+0000","lastUpdated":"2019-05-23T06:53:47.000+0000"},{"id":531,"code":"XB201","name":"해양학과","myParentId":null,"isActive":true,"lastUpdatorId":6,"dateCreated":"2019-05-23T06:53:47.000+0000","lastUpdated":"2019-05-24T05:49:52.000+0000"},{"id":532,"code":"XB202","name":"수산과학과","myParentId":null,"isActive":true,"lastUpdatorId":6,"dateCreated":"2019-05-23T06:53:47.000+0000","lastUpdated":"2019-05-24T05:49:53.000+0000"},{"id":533,"code":"XB203","name":"컴퓨터과학과","myParentId":null,"isActive":true,"lastUpdatorId":6,"dateCreated":"2019-05-23T06:53:48.000+0000","lastUpdated":"2019-05-24T05:49:58.000+0000"},{"id":534,"code":"XB204","name":"화학과","myParentId":null,"isActive":true,"lastUpdatorId":6,"dateCreated":"2019-05-23T06:53:48.000+0000","lastUpdated":"2019-05-24T05:49:58.000+0000"},{"id":535,"code":"XB205","name":"생물학과","myParentId":null,"isActive":true,"lastUpdatorId":6,"dateCreated":"2019-05-23T06:53:48.000+0000","lastUpdated":"2019-05-24T05:49:58.000+0000"},{"id":536,"code":"XB206","name":"물리학과","myParentId":null,"isActive":true,"lastUpdatorId":6,"dateCreated":"2019-05-23T06:53:49.000+0000","lastUpdated":"2019-05-24T05:49:58.000+0000"},{"id":537,"code":"XB207","name":"정보통신공학과","myParentId":null,"isActive":true,"lastUpdatorId":6,"dateCreated":"2019-05-23T06:53:49.000+0000","lastUpdated":"2019-05-24T05:49:59.000+0000"},{"id":538,"code":"XB208","name":"전기전자제어공학과","myParentId":null,"isActive":true,"lastUpdatorId":6,"dateCreated":"2019-05-23T06:53:49.000+0000","lastUpdated":"2019-05-23T06:53:49.000+0000"},{"id":539,"code":"XB209","name":"전자정보공학부","myParentId":null,"isActive":true,"lastUpdatorId":6,"dateCreated":"2019-05-23T06:53:50.000+0000","lastUpdated":"2019-05-24T05:49:59.000+0000"},{"id":540,"code":"XB210","name":"기계공학과","myParentId":null,"isActive":true,"lastUpdatorId":6,"dateCreated":"2019-05-23T06:53:50.000+0000","lastUpdated":"2019-05-24T05:50:00.000+0000"},{"id":541,"code":"XB211","name":"해양산업공학과","myParentId":null,"isActive":true,"lastUpdatorId":6,"dateCreated":"2019-05-23T06:53:50.000+0000","lastUpdated":"2019-05-24T05:50:00.000+0000"},{"id":542,"code":"XB212","name":"토목공학과","myParentId":null,"isActive":true,"lastUpdatorId":6,"dateCreated":"2019-05-23T06:53:51.000+0000","lastUpdated":"2019-05-23T06:53:51.000+0000"},{"id":543,"code":"XB213","name":"영어영문학과","myParentId":null,"isActive":true,"lastUpdatorId":6,"dateCreated":"2019-05-23T06:53:51.000+0000","lastUpdated":"2019-05-24T05:50:01.000+0000"},{"id":544,"code":"XB214","name":"환경공학과","myParentId":null,"isActive":true,"lastUpdatorId":6,"dateCreated":"2019-05-23T06:53:51.000+0000","lastUpdated":"2019-05-23T06:53:51.000+0000"},{"id":545,"code":"XB215","name":"체육학과","myParentId":null,"isActive":true,"lastUpdatorId":6,"dateCreated":"2019-05-23T06:53:52.000+0000","lastUpdated":"2019-05-24T05:50:01.000+0000"},{"id":546,"code":"XB216","name":"국어국문학과","myParentId":null,"isActive":true,"lastUpdatorId":6,"dateCreated":"2019-05-23T06:53:52.000+0000","lastUpdated":"2019-05-24T05:50:02.000+0000"},{"id":547,"code":"XB217","name":"경영학과","myParentId":null,"isActive":true,"lastUpdatorId":6,"dateCreated":"2019-05-23T06:53:52.000+0000","lastUpdated":"2019-05-24T05:50:02.000+0000"},{"id":548,"code":"XB218","name":"화학공학과","myParentId":null,"isActive":true,"lastUpdatorId":6,"dateCreated":"2019-05-23T06:53:53.000+0000","lastUpdated":"2019-05-24T05:50:02.000+0000"},{"id":549,"code":"XB219","name":"건축공학과","myParentId":null,"isActive":true,"lastUpdatorId":6,"dateCreated":"2019-05-23T06:53:53.000+0000","lastUpdated":"2019-05-24T05:50:03.000+0000"},{"id":550,"code":"XB220","name":"경제통상학과(학과간협동과정)","myParentId":null,"isActive":true,"lastUpdatorId":6,"dateCreated":"2019-05-23T06:53:53.000+0000","lastUpdated":"2019-05-24T05:50:03.000+0000"},{"id":551,"code":"XB221","name":"사법행정학과(학과간협동과정)","myParentId":null,"isActive":true,"lastUpdatorId":6,"dateCreated":"2019-05-23T06:53:54.000+0000","lastUpdated":"2019-05-24T05:50:03.000+0000"},{"id":552,"code":"XB222","name":"토목환경공학부","myParentId":null,"isActive":true,"lastUpdatorId":6,"dateCreated":"2019-05-23T06:53:54.000+0000","lastUpdated":"2019-05-24T05:50:03.000+0000"},{"id":553,"code":"XB223","name":"재료공학과","myParentId":null,"isActive":true,"lastUpdatorId":6,"dateCreated":"2019-05-23T06:53:54.000+0000","lastUpdated":"2019-05-24T05:50:04.000+0000"},{"id":554,"code":"XB224","name":"컴퓨터정보공학과","myParentId":null,"isActive":true,"lastUpdatorId":6,"dateCreated":"2019-05-23T06:53:55.000+0000","lastUpdated":"2019-05-24T05:50:04.000+0000"},{"id":555,"code":"XB225","name":"조형예술디자인학과","myParentId":null,"isActive":true,"lastUpdatorId":6,"dateCreated":"2019-05-23T06:53:55.000+0000","lastUpdated":"2019-05-24T05:50:04.000+0000"},{"id":556,"code":"XB226","name":"중국학과","myParentId":null,"isActive":true,"lastUpdatorId":6,"dateCreated":"2019-05-23T06:53:56.000+0000","lastUpdated":"2019-05-24T05:50:05.000+0000"},{"id":557,"code":"XB227","name":"회계학과","myParentId":null,"isActive":true,"lastUpdatorId":6,"dateCreated":"2019-05-23T06:53:56.000+0000","lastUpdated":"2019-05-24T05:50:05.000+0000"},{"id":558,"code":"XB228","name":"유아교육학과","myParentId":null,"isActive":true,"lastUpdatorId":6,"dateCreated":"2019-05-23T06:53:56.000+0000","lastUpdated":"2019-05-24T05:50:05.000+0000"},{"id":559,"code":"XB229","name":"아동가족학과","myParentId":null,"isActive":true,"lastUpdatorId":6,"dateCreated":"2019-05-23T06:53:57.000+0000","lastUpdated":"2019-05-24T05:50:07.000+0000"},{"id":560,"code":"XB230","name":"신소재공학과","myParentId":null,"isActive":true,"lastUpdatorId":6,"dateCreated":"2019-05-23T06:53:57.000+0000","lastUpdated":"2019-05-24T05:50:08.000+0000"},{"id":561,"code":"XB231","name":"플라즈마융합공학과(학연산협동과정)","myParentId":null,"isActive":true,"lastUpdatorId":6,"dateCreated":"2019-05-23T06:53:57.000+0000","lastUpdated":"2019-05-23T06:53:57.000+0000"},{"id":562,"code":"XB232","name":"조선공학과","myParentId":null,"isActive":true,"lastUpdatorId":6,"dateCreated":"2019-05-23T06:53:58.000+0000","lastUpdated":"2019-05-24T05:50:08.000+0000"},{"id":563,"code":"XB233","name":"음악과","myParentId":null,"isActive":true,"lastUpdatorId":6,"dateCreated":"2019-05-23T06:53:58.000+0000","lastUpdated":"2019-05-24T05:50:09.000+0000"},{"id":564,"code":"XB234","name":"다문화학과","myParentId":null,"isActive":true,"lastUpdatorId":6,"dateCreated":"2019-05-23T06:53:58.000+0000","lastUpdated":"2019-05-24T05:50:09.000+0000"},{"id":565,"code":"XB235","name":"수학과","myParentId":null,"isActive":true,"lastUpdatorId":6,"dateCreated":"2019-05-23T06:53:59.000+0000","lastUpdated":"2019-05-24T05:50:09.000+0000"},{"id":566,"code":"XB236","name":"건설기계공학과","myParentId":null,"isActive":true,"lastUpdatorId":6,"dateCreated":"2019-05-23T06:53:59.000+0000","lastUpdated":"2019-05-24T05:50:09.000+0000"},{"id":567,"code":"XB237","name":"지질과학공학과","myParentId":null,"isActive":true,"lastUpdatorId":6,"dateCreated":"2019-05-23T06:54:00.000+0000","lastUpdated":"2019-05-24T05:50:10.000+0000"},{"id":568,"code":"XB238","name":"플라즈마융합공학과(학연협동과정)","myParentId":null,"isActive":true,"lastUpdatorId":6,"dateCreated":"2019-05-23T06:54:00.000+0000","lastUpdated":"2019-05-24T05:50:10.000+0000"},{"id":569,"code":"XB239","name":"건설기계공학과(학연협동과정)","myParentId":null,"isActive":true,"lastUpdatorId":6,"dateCreated":"2019-05-23T06:54:00.000+0000","lastUpdated":"2019-05-24T05:50:10.000+0000"},{"id":570,"code":"XB240","name":"글로벌창업학과","myParentId":null,"isActive":true,"lastUpdatorId":6,"dateCreated":"2019-05-23T06:54:01.000+0000","lastUpdated":"2019-05-24T05:50:11.000+0000"},{"id":571,"code":"XB241","name":"소프트웨어융합공학과","myParentId":null,"isActive":true,"lastUpdatorId":6,"dateCreated":"2019-05-23T06:54:01.000+0000","lastUpdated":"2019-05-24T05:50:12.000+0000"},{"id":572,"code":"XB242","name":"식품공학과","myParentId":null,"isActive":true,"lastUpdatorId":6,"dateCreated":"2019-05-23T06:54:01.000+0000","lastUpdated":"2019-05-24T05:50:12.000+0000"},{"id":573,"code":"XB243","name":"식품영양학과","myParentId":null,"isActive":true,"lastUpdatorId":6,"dateCreated":"2019-05-23T06:54:02.000+0000","lastUpdated":"2019-05-24T05:50:12.000+0000"},{"id":574,"code":"XB244","name":"물류학과","myParentId":null,"isActive":true,"lastUpdatorId":6,"dateCreated":"2019-05-23T06:54:02.000+0000","lastUpdated":"2019-05-24T05:50:13.000+0000"},{"id":575,"code":"XB245","name":"해양경찰학과","myParentId":null,"isActive":true,"lastUpdatorId":6,"dateCreated":"2019-05-23T06:54:02.000+0000","lastUpdated":"2019-05-24T05:50:13.000+0000"},{"id":576,"code":"XC000","name":"산업대학원","myParentId":null,"isActive":true,"lastUpdatorId":6,"dateCreated":"2019-05-23T06:54:03.000+0000","lastUpdated":"2019-05-23T06:54:03.000+0000"},{"id":577,"code":"XC301","name":"기계공학과","myParentId":null,"isActive":true,"lastUpdatorId":6,"dateCreated":"2019-05-23T06:54:03.000+0000","lastUpdated":"2019-05-24T05:50:14.000+0000"},{"id":578,"code":"XC302","name":"전기전자제어공학과","myParentId":null,"isActive":true,"lastUpdatorId":6,"dateCreated":"2019-05-23T06:54:04.000+0000","lastUpdated":"2019-05-24T05:50:14.000+0000"},{"id":579,"code":"XC303","name":"토목환경건축공학과","myParentId":null,"isActive":true,"lastUpdatorId":6,"dateCreated":"2019-05-23T06:54:06.000+0000","lastUpdated":"2019-05-24T05:50:14.000+0000"},{"id":580,"code":"XC304","name":"정보통신공학과","myParentId":null,"isActive":true,"lastUpdatorId":6,"dateCreated":"2019-05-23T06:54:06.000+0000","lastUpdated":"2019-05-24T05:50:15.000+0000"},{"id":581,"code":"XC305","name":"해양산업공학과","myParentId":null,"isActive":true,"lastUpdatorId":6,"dateCreated":"2019-05-23T06:54:07.000+0000","lastUpdated":"2019-05-24T05:50:15.000+0000"},{"id":582,"code":"XC306","name":"컴퓨터과학과","myParentId":null,"isActive":true,"lastUpdatorId":6,"dateCreated":"2019-05-23T06:54:07.000+0000","lastUpdated":"2019-05-24T05:50:15.000+0000"},{"id":583,"code":"XC307","name":"수산과학과","myParentId":null,"isActive":true,"lastUpdatorId":6,"dateCreated":"2019-05-23T06:54:07.000+0000","lastUpdated":"2019-05-24T05:50:16.000+0000"},{"id":584,"code":"XC308","name":"환경공학과","myParentId":null,"isActive":true,"lastUpdatorId":6,"dateCreated":"2019-05-23T06:54:08.000+0000","lastUpdated":"2019-05-24T05:50:16.000+0000"},{"id":585,"code":"XC309","name":"건축공학과","myParentId":null,"isActive":true,"lastUpdatorId":6,"dateCreated":"2019-05-23T06:54:08.000+0000","lastUpdated":"2019-05-24T05:50:16.000+0000"},{"id":586,"code":"XC310","name":"토목공학과","myParentId":null,"isActive":true,"lastUpdatorId":6,"dateCreated":"2019-05-23T06:54:08.000+0000","lastUpdated":"2019-05-24T05:50:16.000+0000"},{"id":587,"code":"XC311","name":"식품영양학과","myParentId":null,"isActive":true,"lastUpdatorId":6,"dateCreated":"2019-05-23T06:54:09.000+0000","lastUpdated":"2019-05-24T05:50:17.000+0000"},{"id":588,"code":"XC312","name":"화학공학과","myParentId":null,"isActive":true,"lastUpdatorId":6,"dateCreated":"2019-05-23T06:54:13.000+0000","lastUpdated":"2019-05-24T05:50:17.000+0000"},{"id":589,"code":"XC313","name":"정보통계학과","myParentId":null,"isActive":true,"lastUpdatorId":6,"dateCreated":"2019-05-23T06:54:13.000+0000","lastUpdated":"2019-05-24T05:50:17.000+0000"},{"id":590,"code":"XC314","name":"컴퓨터정보공학과","myParentId":null,"isActive":true,"lastUpdatorId":6,"dateCreated":"2019-05-23T06:54:13.000+0000","lastUpdated":"2019-05-24T05:50:18.000+0000"},{"id":591,"code":"XC315","name":"해양경찰학과","myParentId":null,"isActive":true,"lastUpdatorId":6,"dateCreated":"2019-05-23T06:54:14.000+0000","lastUpdated":"2019-05-24T05:50:18.000+0000"},{"id":592,"code":"XC316","name":"글로벌뷰티산업학과","myParentId":null,"isActive":true,"lastUpdatorId":6,"dateCreated":"2019-05-23T06:54:14.000+0000","lastUpdated":"2019-05-24T05:50:18.000+0000"},{"id":593,"code":"XD000","name":"경영행정대학원","myParentId":null,"isActive":true,"lastUpdatorId":6,"dateCreated":"2019-05-23T06:54:14.000+0000","lastUpdated":"2019-05-23T06:54:14.000+0000"},{"id":594,"code":"XD501","name":"행정학과","myParentId":null,"isActive":true,"lastUpdatorId":6,"dateCreated":"2019-05-23T06:54:14.000+0000","lastUpdated":"2019-05-24T05:50:19.000+0000"},{"id":595,"code":"XD502","name":"경영학과","myParentId":null,"isActive":true,"lastUpdatorId":6,"dateCreated":"2019-05-23T06:54:15.000+0000","lastUpdated":"2019-05-24T05:50:19.000+0000"},{"id":596,"code":"XD503","name":"무역학과","myParentId":null,"isActive":true,"lastUpdatorId":6,"dateCreated":"2019-05-23T06:54:15.000+0000","lastUpdated":"2019-05-24T05:50:19.000+0000"},{"id":597,"code":"XD504","name":"지역경제학과","myParentId":null,"isActive":true,"lastUpdatorId":6,"dateCreated":"2019-05-23T06:54:16.000+0000","lastUpdated":"2019-05-24T05:50:20.000+0000"},{"id":598,"code":"XD505","name":"사법행정학과","myParentId":null,"isActive":true,"lastUpdatorId":6,"dateCreated":"2019-05-23T06:54:16.000+0000","lastUpdated":"2019-05-24T05:50:20.000+0000"},{"id":599,"code":"XD506","name":"수산경영학과","myParentId":null,"isActive":true,"lastUpdatorId":6,"dateCreated":"2019-05-23T06:54:16.000+0000","lastUpdated":"2019-05-24T05:50:20.000+0000"},{"id":600,"code":"XD507","name":"세무회계학과","myParentId":null,"isActive":true,"lastUpdatorId":6,"dateCreated":"2019-05-23T06:54:17.000+0000","lastUpdated":"2019-05-24T05:50:21.000+0000"},{"id":601,"code":"XD508","name":"경제학과","myParentId":null,"isActive":true,"lastUpdatorId":6,"dateCreated":"2019-05-23T06:54:17.000+0000","lastUpdated":"2019-05-24T05:50:21.000+0000"},{"id":602,"code":"XD509","name":"법학과","myParentId":null,"isActive":true,"lastUpdatorId":6,"dateCreated":"2019-05-23T06:54:19.000+0000","lastUpdated":"2019-05-24T05:50:21.000+0000"},{"id":603,"code":"XD510","name":"회계학과","myParentId":null,"isActive":true,"lastUpdatorId":6,"dateCreated":"2019-05-23T06:54:19.000+0000","lastUpdated":"2019-05-24T05:50:22.000+0000"},{"id":604,"code":"XD511","name":"물류학과","myParentId":null,"isActive":true,"lastUpdatorId":6,"dateCreated":"2019-05-23T06:54:20.000+0000","lastUpdated":"2019-05-24T05:50:22.000+0000"},{"id":605,"code":"XD512","name":"부동산법학과","myParentId":null,"isActive":true,"lastUpdatorId":6,"dateCreated":"2019-05-23T06:54:20.000+0000","lastUpdated":"2019-05-24T05:50:22.000+0000"},{"id":606,"code":"XD513","name":"창업학과","myParentId":null,"isActive":true,"lastUpdatorId":6,"dateCreated":"2019-05-23T06:54:20.000+0000","lastUpdated":"2019-05-24T05:50:23.000+0000"},{"id":607,"code":"XE000","name":"교육대학원","myParentId":null,"isActive":true,"lastUpdatorId":6,"dateCreated":"2019-05-23T06:54:21.000+0000","lastUpdated":"2019-05-23T06:54:21.000+0000"},{"id":608,"code":"XE701","name":"교육학과(국어)","myParentId":null,"isActive":true,"lastUpdatorId":6,"dateCreated":"2019-05-23T06:54:21.000+0000","lastUpdated":"2019-05-24T05:50:23.000+0000"},{"id":609,"code":"XE702","name":"교육학과(영어)","myParentId":null,"isActive":true,"lastUpdatorId":6,"dateCreated":"2019-05-23T06:54:21.000+0000","lastUpdated":"2019-05-24T05:50:24.000+0000"},{"id":610,"code":"XE703","name":"교육학과(수학)","myParentId":null,"isActive":true,"lastUpdatorId":6,"dateCreated":"2019-05-23T06:54:22.000+0000","lastUpdated":"2019-05-24T05:50:24.000+0000"},{"id":611,"code":"XE704","name":"교육학과(체육)","myParentId":null,"isActive":true,"lastUpdatorId":6,"dateCreated":"2019-05-23T06:54:22.000+0000","lastUpdated":"2019-05-24T05:50:24.000+0000"},{"id":612,"code":"XE705","name":"교육학과(일반사회)","myParentId":null,"isActive":true,"lastUpdatorId":6,"dateCreated":"2019-05-23T06:54:22.000+0000","lastUpdated":"2019-05-24T05:50:25.000+0000"},{"id":613,"code":"XE706","name":"교육학과(전자계산)","myParentId":null,"isActive":true,"lastUpdatorId":6,"dateCreated":"2019-05-23T06:54:23.000+0000","lastUpdated":"2019-05-23T06:54:23.000+0000"},{"id":614,"code":"XE707","name":"교육학과(화학)","myParentId":null,"isActive":true,"lastUpdatorId":6,"dateCreated":"2019-05-23T06:54:23.000+0000","lastUpdated":"2019-05-24T05:50:25.000+0000"},{"id":615,"code":"XE708","name":"교육학과(생물)","myParentId":null,"isActive":true,"lastUpdatorId":6,"dateCreated":"2019-05-23T06:54:23.000+0000","lastUpdated":"2019-05-24T05:50:25.000+0000"},{"id":616,"code":"XE709","name":"교육학과(유아)","myParentId":null,"isActive":true,"lastUpdatorId":6,"dateCreated":"2019-05-23T06:54:24.000+0000","lastUpdated":"2019-05-24T05:50:26.000+0000"},{"id":617,"code":"XE710","name":"교육학과(독어)","myParentId":null,"isActive":true,"lastUpdatorId":6,"dateCreated":"2019-05-23T06:54:24.000+0000","lastUpdated":"2019-05-24T05:50:26.000+0000"},{"id":618,"code":"XE711","name":"교육학과(가정)","myParentId":null,"isActive":true,"lastUpdatorId":6,"dateCreated":"2019-05-23T06:54:24.000+0000","lastUpdated":"2019-05-24T05:50:26.000+0000"},{"id":619,"code":"XE712","name":"교육학과(일본어)","myParentId":null,"isActive":true,"lastUpdatorId":6,"dateCreated":"2019-05-23T06:54:25.000+0000","lastUpdated":"2019-05-24T05:50:27.000+0000"},{"id":620,"code":"XE713","name":"교육학과(상업)","myParentId":null,"isActive":true,"lastUpdatorId":6,"dateCreated":"2019-05-23T06:54:25.000+0000","lastUpdated":"2019-05-23T06:54:25.000+0000"},{"id":621,"code":"XE714","name":"교육학과(교육행정)","myParentId":null,"isActive":true,"lastUpdatorId":6,"dateCreated":"2019-05-23T06:54:25.000+0000","lastUpdated":"2019-05-24T05:50:27.000+0000"},{"id":622,"code":"XE715","name":"교육학과(물리)","myParentId":null,"isActive":true,"lastUpdatorId":6,"dateCreated":"2019-05-23T06:54:26.000+0000","lastUpdated":"2019-05-24T05:50:27.000+0000"},{"id":623,"code":"XE716","name":"교육학과(역사)","myParentId":null,"isActive":true,"lastUpdatorId":6,"dateCreated":"2019-05-23T06:54:26.000+0000","lastUpdated":"2019-05-24T05:50:28.000+0000"},{"id":624,"code":"XE717","name":"교육학과(윤리)","myParentId":null,"isActive":true,"lastUpdatorId":6,"dateCreated":"2019-05-23T06:54:28.000+0000","lastUpdated":"2019-05-24T05:50:28.000+0000"},{"id":625,"code":"XE718","name":"교육학과(한문)","myParentId":null,"isActive":true,"lastUpdatorId":6,"dateCreated":"2019-05-23T06:54:28.000+0000","lastUpdated":"2019-05-24T05:50:28.000+0000"},{"id":626,"code":"XE719","name":"교육학과(한국어)","myParentId":null,"isActive":true,"lastUpdatorId":6,"dateCreated":"2019-05-23T06:54:28.000+0000","lastUpdated":"2019-05-24T05:50:29.000+0000"},{"id":627,"code":"XE720","name":"교육학과(철학)","myParentId":null,"isActive":true,"lastUpdatorId":6,"dateCreated":"2019-05-23T06:54:29.000+0000","lastUpdated":"2019-05-24T05:50:29.000+0000"},{"id":628,"code":"XE721","name":"교육학과(음악)","myParentId":null,"isActive":true,"lastUpdatorId":6,"dateCreated":"2019-05-23T06:54:29.000+0000","lastUpdated":"2019-05-24T05:50:29.000+0000"},{"id":629,"code":"XE722","name":"교육학과(중국어)","myParentId":null,"isActive":true,"lastUpdatorId":6,"dateCreated":"2019-05-23T06:54:30.000+0000","lastUpdated":"2019-05-24T05:50:30.000+0000"},{"id":630,"code":"XE723","name":"교육학과(컴퓨터정보)","myParentId":null,"isActive":true,"lastUpdatorId":6,"dateCreated":"2019-05-23T06:54:30.000+0000","lastUpdated":"2019-05-24T05:50:30.000+0000"},{"id":631,"code":"XE724","name":"교육학과(상업정보)","myParentId":null,"isActive":true,"lastUpdatorId":6,"dateCreated":"2019-05-23T06:54:30.000+0000","lastUpdated":"2019-05-24T05:50:30.000+0000"},{"id":632,"code":"XE725","name":"교육학과(논리ㆍ철학)","myParentId":null,"isActive":true,"lastUpdatorId":6,"dateCreated":"2019-05-23T06:54:31.000+0000","lastUpdated":"2019-05-24T05:50:30.000+0000"},{"id":633,"code":"XE726","name":"교육학과(지구과학)","myParentId":null,"isActive":true,"lastUpdatorId":6,"dateCreated":"2019-05-23T06:54:31.000+0000","lastUpdated":"2019-05-24T05:50:31.000+0000"},{"id":634,"code":"XE727","name":"교육학과(영양)","myParentId":null,"isActive":true,"lastUpdatorId":6,"dateCreated":"2019-05-23T06:54:31.000+0000","lastUpdated":"2019-05-24T05:50:31.000+0000"},{"id":635,"code":"XF000","name":"대학원(석박사통합과정)","myParentId":null,"isActive":true,"lastUpdatorId":6,"dateCreated":"2019-05-23T06:54:32.000+0000","lastUpdated":"2019-05-23T06:54:32.000+0000"},{"id":636,"code":"XF201","name":"해양학과","myParentId":null,"isActive":true,"lastUpdatorId":6,"dateCreated":"2019-05-23T06:54:32.000+0000","lastUpdated":"2019-05-24T05:50:32.000+0000"},{"id":637,"code":"XF202","name":"수산과학과","myParentId":null,"isActive":true,"lastUpdatorId":6,"dateCreated":"2019-05-23T06:54:32.000+0000","lastUpdated":"2019-05-24T05:50:32.000+0000"},{"id":638,"code":"XF204","name":"화학과","myParentId":null,"isActive":true,"lastUpdatorId":6,"dateCreated":"2019-05-23T06:54:33.000+0000","lastUpdated":"2019-05-24T05:50:32.000+0000"},{"id":639,"code":"XF205","name":"생물학과","myParentId":null,"isActive":true,"lastUpdatorId":6,"dateCreated":"2019-05-23T06:54:33.000+0000","lastUpdated":"2019-05-24T05:50:33.000+0000"},{"id":640,"code":"XF206","name":"물리학과","myParentId":null,"isActive":true,"lastUpdatorId":6,"dateCreated":"2019-05-23T06:54:33.000+0000","lastUpdated":"2019-05-24T05:50:33.000+0000"},{"id":641,"code":"XF209","name":"전자정보공학부","myParentId":null,"isActive":true,"lastUpdatorId":6,"dateCreated":"2019-05-23T06:54:34.000+0000","lastUpdated":"2019-05-24T05:50:33.000+0000"},{"id":642,"code":"XF210","name":"기계공학과","myParentId":null,"isActive":true,"lastUpdatorId":6,"dateCreated":"2019-05-23T06:54:34.000+0000","lastUpdated":"2019-05-24T05:50:33.000+0000"},{"id":643,"code":"XF211","name":"해양산업공학과","myParentId":null,"isActive":true,"lastUpdatorId":6,"dateCreated":"2019-05-23T06:54:34.000+0000","lastUpdated":"2019-05-24T05:50:34.000+0000"},{"id":644,"code":"XF213","name":"영어영문학과","myParentId":null,"isActive":true,"lastUpdatorId":6,"dateCreated":"2019-05-23T06:54:35.000+0000","lastUpdated":"2019-05-24T05:50:34.000+0000"},{"id":645,"code":"XF215","name":"체육학과","myParentId":null,"isActive":true,"lastUpdatorId":6,"dateCreated":"2019-05-23T06:54:35.000+0000","lastUpdated":"2019-05-24T05:50:34.000+0000"},{"id":646,"code":"XF216","name":"국어국문학과","myParentId":null,"isActive":true,"lastUpdatorId":6,"dateCreated":"2019-05-23T06:54:35.000+0000","lastUpdated":"2019-05-24T05:50:35.000+0000"},{"id":647,"code":"XF217","name":"경영학과","myParentId":null,"isActive":true,"lastUpdatorId":6,"dateCreated":"2019-05-23T06:54:36.000+0000","lastUpdated":"2019-05-24T05:50:35.000+0000"},{"id":648,"code":"XF218","name":"화학공학과","myParentId":null,"isActive":true,"lastUpdatorId":6,"dateCreated":"2019-05-23T06:54:36.000+0000","lastUpdated":"2019-05-24T05:50:35.000+0000"},{"id":649,"code":"XF219","name":"건축공학과","myParentId":null,"isActive":true,"lastUpdatorId":6,"dateCreated":"2019-05-23T06:54:36.000+0000","lastUpdated":"2019-05-24T05:50:36.000+0000"},{"id":650,"code":"XF220","name":"경제통상학과","myParentId":null,"isActive":true,"lastUpdatorId":6,"dateCreated":"2019-05-23T06:54:37.000+0000","lastUpdated":"2019-05-23T06:54:37.000+0000"},{"id":651,"code":"XF221","name":"사법행정학과","myParentId":null,"isActive":true,"lastUpdatorId":6,"dateCreated":"2019-05-23T06:54:37.000+0000","lastUpdated":"2019-05-23T06:54:37.000+0000"},{"id":652,"code":"XF222","name":"토목환경공학부","myParentId":null,"isActive":true,"lastUpdatorId":6,"dateCreated":"2019-05-23T06:54:38.000+0000","lastUpdated":"2019-05-24T05:50:36.000+0000"},{"id":653,"code":"XF223","name":"재료공학과","myParentId":null,"isActive":true,"lastUpdatorId":6,"dateCreated":"2019-05-23T06:54:40.000+0000","lastUpdated":"2019-05-24T05:50:37.000+0000"},{"id":654,"code":"XF224","name":"컴퓨터정보공학과","myParentId":null,"isActive":true,"lastUpdatorId":6,"dateCreated":"2019-05-23T06:54:40.000+0000","lastUpdated":"2019-05-24T05:50:37.000+0000"},{"id":655,"code":"XF225","name":"중국학과","myParentId":null,"isActive":true,"lastUpdatorId":6,"dateCreated":"2019-05-23T06:54:40.000+0000","lastUpdated":"2019-05-24T05:50:37.000+0000"},{"id":656,"code":"XF226","name":"회계학과","myParentId":null,"isActive":true,"lastUpdatorId":6,"dateCreated":"2019-05-23T06:54:41.000+0000","lastUpdated":"2019-05-24T05:50:38.000+0000"},{"id":657,"code":"XF227","name":"유아교육학과","myParentId":null,"isActive":true,"lastUpdatorId":6,"dateCreated":"2019-05-23T06:54:41.000+0000","lastUpdated":"2019-05-24T05:50:38.000+0000"},{"id":658,"code":"XF228","name":"아동가족학과","myParentId":null,"isActive":true,"lastUpdatorId":6,"dateCreated":"2019-05-23T06:54:41.000+0000","lastUpdated":"2019-05-24T05:50:38.000+0000"},{"id":659,"code":"XF229","name":"신소재공학과","myParentId":null,"isActive":true,"lastUpdatorId":6,"dateCreated":"2019-05-23T06:54:48.000+0000","lastUpdated":"2019-05-24T05:50:39.000+0000"},{"id":660,"code":"XF230","name":"조형예술디자인학과","myParentId":null,"isActive":true,"lastUpdatorId":6,"dateCreated":"2019-05-23T06:54:48.000+0000","lastUpdated":"2019-05-24T05:50:39.000+0000"},{"id":661,"code":"XF231","name":"플라즈마융합공학과(학연산협동과정)","myParentId":null,"isActive":true,"lastUpdatorId":6,"dateCreated":"2019-05-23T06:54:49.000+0000","lastUpdated":"2019-05-23T06:54:49.000+0000"},{"id":662,"code":"XF232","name":"조선공학과","myParentId":null,"isActive":true,"lastUpdatorId":6,"dateCreated":"2019-05-23T06:54:49.000+0000","lastUpdated":"2019-05-24T05:50:39.000+0000"},{"id":663,"code":"XF233","name":"음악과","myParentId":null,"isActive":true,"lastUpdatorId":6,"dateCreated":"2019-05-23T06:54:49.000+0000","lastUpdated":"2019-05-24T05:50:40.000+0000"},{"id":664,"code":"XF234","name":"수학과","myParentId":null,"isActive":true,"lastUpdatorId":6,"dateCreated":"2019-05-23T06:54:50.000+0000","lastUpdated":"2019-05-24T05:50:40.000+0000"},{"id":665,"code":"XF235","name":"건설기계공학과","myParentId":null,"isActive":true,"lastUpdatorId":6,"dateCreated":"2019-05-23T06:54:50.000+0000","lastUpdated":"2019-05-24T05:50:40.000+0000"},{"id":666,"code":"XF236","name":"지질과학공학과","myParentId":null,"isActive":true,"lastUpdatorId":6,"dateCreated":"2019-05-23T06:54:51.000+0000","lastUpdated":"2019-05-24T05:50:41.000+0000"},{"id":667,"code":"XF237","name":"건설기계공학과(학연협동과정)","myParentId":null,"isActive":true,"lastUpdatorId":6,"dateCreated":"2019-05-23T06:54:51.000+0000","lastUpdated":"2019-05-24T05:50:41.000+0000"},{"id":668,"code":"XF238","name":"플라즈마융합공학과(학연협동과정)","myParentId":null,"isActive":true,"lastUpdatorId":6,"dateCreated":"2019-05-23T06:54:51.000+0000","lastUpdated":"2019-05-24T05:50:42.000+0000"},{"id":669,"code":"XF239","name":"소프트웨어융합공학과","myParentId":null,"isActive":true,"lastUpdatorId":6,"dateCreated":"2019-05-23T06:54:52.000+0000","lastUpdated":"2019-05-24T05:50:42.000+0000"},{"id":670,"code":"XF240","name":"식품공학과","myParentId":null,"isActive":true,"lastUpdatorId":6,"dateCreated":"2019-05-23T06:54:52.000+0000","lastUpdated":"2019-05-24T05:50:42.000+0000"},{"id":671,"code":"XF241","name":"식품영양학과","myParentId":null,"isActive":true,"lastUpdatorId":6,"dateCreated":"2019-05-23T06:54:52.000+0000","lastUpdated":"2019-05-24T05:50:42.000+0000"},{"id":672,"code":"XL000","name":"비서실","myParentId":null,"isActive":true,"lastUpdatorId":6,"dateCreated":"2019-05-23T06:54:53.000+0000","lastUpdated":"2019-05-24T05:50:43.000+0000"},{"id":673,"code":"XL001","name":"교무과","myParentId":843,"isActive":true,"lastUpdatorId":6,"dateCreated":"2019-05-23T06:54:53.000+0000","lastUpdated":"2019-05-24T05:11:45.000+0000"},{"id":674,"code":"XL002","name":"학사관리과","myParentId":843,"isActive":true,"lastUpdatorId":6,"dateCreated":"2019-05-23T06:54:53.000+0000","lastUpdated":"2019-05-24T05:11:45.000+0000"},{"id":675,"code":"XL003","name":"수업과","myParentId":null,"isActive":true,"lastUpdatorId":6,"dateCreated":"2019-05-23T06:54:56.000+0000","lastUpdated":"2019-05-23T06:54:56.000+0000"},{"id":676,"code":"XL004","name":"학생지원과","myParentId":872,"isActive":true,"lastUpdatorId":6,"dateCreated":"2019-05-23T06:54:57.000+0000","lastUpdated":"2019-05-24T05:11:45.000+0000"},{"id":677,"code":"XL005","name":"취업복지과","myParentId":null,"isActive":true,"lastUpdatorId":6,"dateCreated":"2019-05-23T06:54:57.000+0000","lastUpdated":"2019-05-23T06:54:57.000+0000"},{"id":678,"code":"XL006","name":"장학담당관실","myParentId":null,"isActive":true,"lastUpdatorId":6,"dateCreated":"2019-05-23T06:54:57.000+0000","lastUpdated":"2019-05-23T06:54:57.000+0000"},{"id":679,"code":"XL007","name":"기획홍보과","myParentId":null,"isActive":true,"lastUpdatorId":6,"dateCreated":"2019-05-23T06:54:58.000+0000","lastUpdated":"2019-05-23T06:54:58.000+0000"},{"id":680,"code":"XL008","name":"연구지원과","myParentId":null,"isActive":true,"lastUpdatorId":6,"dateCreated":"2019-05-23T06:54:58.000+0000","lastUpdated":"2019-05-24T05:26:42.000+0000"},{"id":681,"code":"XL009","name":"총무과","myParentId":846,"isActive":true,"lastUpdatorId":6,"dateCreated":"2019-05-23T06:54:58.000+0000","lastUpdated":"2019-05-24T05:11:46.000+0000"},{"id":682,"code":"XL010","name":"재무과","myParentId":846,"isActive":true,"lastUpdatorId":6,"dateCreated":"2019-05-23T06:54:59.000+0000","lastUpdated":"2019-05-24T05:11:46.000+0000"},{"id":683,"code":"XL011","name":"시설과","myParentId":846,"isActive":true,"lastUpdatorId":6,"dateCreated":"2019-05-23T06:54:59.000+0000","lastUpdated":"2019-05-24T05:11:47.000+0000"},{"id":684,"code":"XL012","name":"입학관리과","myParentId":847,"isActive":true,"lastUpdatorId":6,"dateCreated":"2019-05-23T06:54:59.000+0000","lastUpdated":"2019-05-24T05:11:47.000+0000"},{"id":685,"code":"XL013","name":"기획평가과","myParentId":845,"isActive":true,"lastUpdatorId":6,"dateCreated":"2019-05-23T06:55:00.000+0000","lastUpdated":"2019-05-24T05:11:47.000+0000"},{"id":686,"code":"XL014","name":"대외협력과","myParentId":845,"isActive":true,"lastUpdatorId":6,"dateCreated":"2019-05-23T06:55:00.000+0000","lastUpdated":"2019-05-24T05:11:48.000+0000"},{"id":687,"code":"XL021","name":"대학원","myParentId":158,"isActive":true,"lastUpdatorId":6,"dateCreated":"2019-05-23T06:55:00.000+0000","lastUpdated":"2019-05-24T05:11:48.000+0000"},{"id":688,"code":"XL022","name":"산업대학원행정실","myParentId":null,"isActive":true,"lastUpdatorId":6,"dateCreated":"2019-05-23T06:55:01.000+0000","lastUpdated":"2019-05-24T05:26:44.000+0000"},{"id":689,"code":"XL023","name":"경영행정대학원행정실","myParentId":null,"isActive":true,"lastUpdatorId":6,"dateCreated":"2019-05-23T06:55:01.000+0000","lastUpdated":"2019-05-24T05:26:45.000+0000"},{"id":690,"code":"XL024","name":"교육대학원행정실","myParentId":null,"isActive":true,"lastUpdatorId":6,"dateCreated":"2019-05-23T06:55:01.000+0000","lastUpdated":"2019-05-24T05:26:45.000+0000"},{"id":691,"code":"XL031","name":"인문대학행정실","myParentId":null,"isActive":true,"lastUpdatorId":6,"dateCreated":"2019-05-23T06:55:02.000+0000","lastUpdated":"2019-05-24T05:26:46.000+0000"},{"id":692,"code":"XL032","name":"사회과학대학행정실","myParentId":null,"isActive":true,"lastUpdatorId":6,"dateCreated":"2019-05-23T06:55:02.000+0000","lastUpdated":"2019-05-24T05:26:46.000+0000"},{"id":693,"code":"XL033","name":"자연과학대학행정실","myParentId":null,"isActive":true,"lastUpdatorId":6,"dateCreated":"2019-05-23T06:55:02.000+0000","lastUpdated":"2019-05-24T05:26:46.000+0000"},{"id":694,"code":"XL034","name":"공과대학행정실","myParentId":null,"isActive":true,"lastUpdatorId":6,"dateCreated":"2019-05-23T06:55:03.000+0000","lastUpdated":"2019-05-24T05:26:47.000+0000"},{"id":695,"code":"XL035","name":"해양과학대학행정실","myParentId":null,"isActive":true,"lastUpdatorId":6,"dateCreated":"2019-05-23T06:55:03.000+0000","lastUpdated":"2019-05-24T05:26:47.000+0000"},{"id":696,"code":"XL036","name":"예술대학행정실","myParentId":null,"isActive":true,"lastUpdatorId":6,"dateCreated":"2019-05-23T06:55:03.000+0000","lastUpdated":"2019-05-24T05:26:47.000+0000"},{"id":697,"code":"XL041","name":"공과대학부속공장","myParentId":837,"isActive":true,"lastUpdatorId":6,"dateCreated":"2019-05-23T06:55:04.000+0000","lastUpdated":"2019-05-24T05:11:51.000+0000"},{"id":698,"code":"XL042","name":"부속양어장","myParentId":null,"isActive":true,"lastUpdatorId":6,"dateCreated":"2019-05-23T06:55:04.000+0000","lastUpdated":"2019-05-24T05:26:48.000+0000"},{"id":699,"code":"XL043","name":"부속가공냉동공장","myParentId":null,"isActive":true,"lastUpdatorId":6,"dateCreated":"2019-05-23T06:55:04.000+0000","lastUpdated":"2019-05-24T05:26:48.000+0000"},{"id":700,"code":"XL044","name":"부속기관공장","myParentId":null,"isActive":true,"lastUpdatorId":6,"dateCreated":"2019-05-23T06:55:05.000+0000","lastUpdated":"2019-05-24T05:26:48.000+0000"},{"id":701,"code":"XL045","name":"실습선","myParentId":null,"isActive":true,"lastUpdatorId":6,"dateCreated":"2019-05-23T06:55:05.000+0000","lastUpdated":"2019-05-24T05:26:49.000+0000"},{"id":702,"code":"XL046","name":"변산천해양식장","myParentId":null,"isActive":true,"lastUpdatorId":6,"dateCreated":"2019-05-23T06:55:06.000+0000","lastUpdated":"2019-05-24T05:26:49.000+0000"},{"id":703,"code":"XL047","name":"교양교직","myParentId":null,"isActive":true,"lastUpdatorId":6,"dateCreated":"2019-05-23T06:55:06.000+0000","lastUpdated":"2019-05-23T06:55:06.000+0000"},{"id":704,"code":"XL048","name":"공동실험실습관","myParentId":837,"isActive":true,"lastUpdatorId":6,"dateCreated":"2019-05-23T06:55:06.000+0000","lastUpdated":"2019-05-24T05:11:54.000+0000"},{"id":705,"code":"XL049","name":"공실관","myParentId":null,"isActive":true,"lastUpdatorId":6,"dateCreated":"2019-05-23T06:55:07.000+0000","lastUpdated":"2019-05-23T06:55:07.000+0000"},{"id":706,"code":"XL051","name":"학술정보지원과","myParentId":848,"isActive":true,"lastUpdatorId":6,"dateCreated":"2019-05-23T06:55:07.000+0000","lastUpdated":"2019-05-24T05:11:54.000+0000"},{"id":707,"code":"XL052","name":"도서관분관","myParentId":null,"isActive":true,"lastUpdatorId":6,"dateCreated":"2019-05-23T06:55:07.000+0000","lastUpdated":"2019-05-23T06:55:07.000+0000"},{"id":708,"code":"XL053","name":"도서관수서과","myParentId":null,"isActive":true,"lastUpdatorId":6,"dateCreated":"2019-05-23T06:55:08.000+0000","lastUpdated":"2019-05-23T06:55:08.000+0000"},{"id":709,"code":"XL054","name":"도서관정리과","myParentId":null,"isActive":true,"lastUpdatorId":6,"dateCreated":"2019-05-23T06:55:08.000+0000","lastUpdated":"2019-05-23T06:55:08.000+0000"},{"id":710,"code":"XL055","name":"도서관열람과","myParentId":null,"isActive":true,"lastUpdatorId":6,"dateCreated":"2019-05-23T06:55:08.000+0000","lastUpdated":"2019-05-23T06:55:08.000+0000"},{"id":711,"code":"XL056","name":"박물관","myParentId":837,"isActive":true,"lastUpdatorId":6,"dateCreated":"2019-05-23T06:55:09.000+0000","lastUpdated":"2019-05-24T05:11:54.000+0000"},{"id":712,"code":"XL057","name":"학생기숙사","myParentId":null,"isActive":true,"lastUpdatorId":6,"dateCreated":"2019-05-23T06:55:09.000+0000","lastUpdated":"2019-05-24T05:26:50.000+0000"},{"id":713,"code":"XL058","name":"기숙사분사","myParentId":null,"isActive":true,"lastUpdatorId":6,"dateCreated":"2019-05-23T06:55:09.000+0000","lastUpdated":"2019-05-23T06:55:09.000+0000"},{"id":714,"code":"XL059","name":"정보전산원","myParentId":841,"isActive":true,"lastUpdatorId":6,"dateCreated":"2019-05-23T06:55:10.000+0000","lastUpdated":"2019-05-24T05:11:55.000+0000"},{"id":715,"code":"XL060","name":"보건진료소","myParentId":null,"isActive":true,"lastUpdatorId":6,"dateCreated":"2019-05-23T06:55:10.000+0000","lastUpdated":"2019-05-24T05:26:51.000+0000"},{"id":716,"code":"XL061","name":"학생생활상담소","myParentId":null,"isActive":true,"lastUpdatorId":6,"dateCreated":"2019-05-23T06:55:10.000+0000","lastUpdated":"2019-05-24T05:26:51.000+0000"},{"id":717,"code":"XL062","name":"언론사","myParentId":837,"isActive":true,"lastUpdatorId":6,"dateCreated":"2019-05-23T06:55:11.000+0000","lastUpdated":"2019-05-24T05:11:56.000+0000"},{"id":718,"code":"XL063","name":"방송국","myParentId":null,"isActive":true,"lastUpdatorId":6,"dateCreated":"2019-05-23T06:55:11.000+0000","lastUpdated":"2019-05-24T05:26:52.000+0000"},{"id":719,"code":"XL064","name":"영자신문사","myParentId":null,"isActive":true,"lastUpdatorId":6,"dateCreated":"2019-05-23T06:55:11.000+0000","lastUpdated":"2019-05-24T05:26:52.000+0000"},{"id":720,"code":"XL065","name":"체육부","myParentId":837,"isActive":true,"lastUpdatorId":6,"dateCreated":"2019-05-23T06:55:12.000+0000","lastUpdated":"2019-05-24T05:11:57.000+0000"},{"id":721,"code":"XL066","name":"출판부","myParentId":null,"isActive":true,"lastUpdatorId":6,"dateCreated":"2019-05-23T06:55:12.000+0000","lastUpdated":"2019-05-23T06:55:12.000+0000"},{"id":722,"code":"XL067","name":"평생교육원","myParentId":841,"isActive":true,"lastUpdatorId":6,"dateCreated":"2019-05-23T06:55:12.000+0000","lastUpdated":"2019-05-24T05:12:21.000+0000"},{"id":723,"code":"XL068","name":"정보통신훈련원","myParentId":null,"isActive":true,"lastUpdatorId":6,"dateCreated":"2019-05-23T06:55:13.000+0000","lastUpdated":"2019-05-23T06:55:13.000+0000"},{"id":724,"code":"XL069","name":"학군단","myParentId":null,"isActive":true,"lastUpdatorId":6,"dateCreated":"2019-05-23T06:55:13.000+0000","lastUpdated":"2019-05-24T05:26:53.000+0000"},{"id":725,"code":"XL070","name":"예비군대대","myParentId":null,"isActive":true,"lastUpdatorId":6,"dateCreated":"2019-05-23T06:55:14.000+0000","lastUpdated":"2019-05-24T05:26:54.000+0000"},{"id":726,"code":"XL071","name":"새만금적조연구소","myParentId":838,"isActive":true,"lastUpdatorId":6,"dateCreated":"2019-05-23T06:55:14.000+0000","lastUpdated":"2019-05-24T05:50:57.000+0000"},{"id":727,"code":"XL072","name":"자동차부품기술혁신센터","myParentId":null,"isActive":true,"lastUpdatorId":6,"dateCreated":"2019-05-23T06:55:14.000+0000","lastUpdated":"2019-05-24T05:26:54.000+0000"},{"id":728,"code":"XL073","name":"창업보육센터","myParentId":null,"isActive":true,"lastUpdatorId":6,"dateCreated":"2019-05-23T06:55:15.000+0000","lastUpdated":"2019-05-24T05:26:54.000+0000"},{"id":729,"code":"XL074","name":"갯벌연구센터","myParentId":null,"isActive":true,"lastUpdatorId":6,"dateCreated":"2019-05-23T06:55:15.000+0000","lastUpdated":"2019-05-23T06:55:15.000+0000"},{"id":730,"code":"XL075","name":"새만금환경연구센터","myParentId":null,"isActive":true,"lastUpdatorId":6,"dateCreated":"2019-05-23T06:55:23.000+0000","lastUpdated":"2019-05-24T05:26:55.000+0000"},{"id":731,"code":"XL076","name":"교수학습지원센터","myParentId":null,"isActive":true,"lastUpdatorId":6,"dateCreated":"2019-05-23T06:55:23.000+0000","lastUpdated":"2019-05-24T05:26:55.000+0000"},{"id":732,"code":"XL077","name":"수학정보","myParentId":null,"isActive":true,"lastUpdatorId":6,"dateCreated":"2019-05-23T06:55:24.000+0000","lastUpdated":"2019-05-24T05:26:55.000+0000"},{"id":733,"code":"XL079","name":"어학연구소","myParentId":838,"isActive":true,"lastUpdatorId":6,"dateCreated":"2019-05-23T06:55:24.000+0000","lastUpdated":"2019-05-24T05:12:24.000+0000"},{"id":734,"code":"XL080","name":"환경연구소","myParentId":838,"isActive":true,"lastUpdatorId":6,"dateCreated":"2019-05-23T06:55:24.000+0000","lastUpdated":"2019-05-24T05:12:24.000+0000"},{"id":735,"code":"XL081","name":"문화사상연구소","myParentId":838,"isActive":true,"lastUpdatorId":6,"dateCreated":"2019-05-23T06:55:25.000+0000","lastUpdated":"2019-05-24T05:12:25.000+0000"},{"id":736,"code":"XL082","name":"해양개발연구소","myParentId":838,"isActive":true,"lastUpdatorId":6,"dateCreated":"2019-05-23T06:55:25.000+0000","lastUpdated":"2019-05-24T05:12:25.000+0000"},{"id":737,"code":"XL083","name":"지역개발연구소","myParentId":838,"isActive":true,"lastUpdatorId":6,"dateCreated":"2019-05-23T06:55:25.000+0000","lastUpdated":"2019-05-24T05:12:25.000+0000"},{"id":738,"code":"XL084","name":"기초과학연구소","myParentId":838,"isActive":true,"lastUpdatorId":6,"dateCreated":"2019-05-23T06:55:26.000+0000","lastUpdated":"2019-05-24T05:12:26.000+0000"},{"id":739,"code":"XL085","name":"인문과학연구소","myParentId":838,"isActive":true,"lastUpdatorId":6,"dateCreated":"2019-05-23T06:55:33.000+0000","lastUpdated":"2019-05-24T05:12:26.000+0000"},{"id":740,"code":"XL086","name":"산업개발연구소","myParentId":838,"isActive":true,"lastUpdatorId":6,"dateCreated":"2019-05-23T06:55:33.000+0000","lastUpdated":"2019-05-24T05:51:00.000+0000"},{"id":741,"code":"XL087","name":"현대미술연구소","myParentId":838,"isActive":true,"lastUpdatorId":6,"dateCreated":"2019-05-23T06:55:34.000+0000","lastUpdated":"2019-05-24T05:12:26.000+0000"},{"id":742,"code":"XL088","name":"공학연구소","myParentId":838,"isActive":true,"lastUpdatorId":6,"dateCreated":"2019-05-23T06:55:34.000+0000","lastUpdated":"2019-05-24T05:12:27.000+0000"},{"id":743,"code":"XL089","name":"수산과학연구소","myParentId":838,"isActive":true,"lastUpdatorId":6,"dateCreated":"2019-05-23T06:55:34.000+0000","lastUpdated":"2019-05-24T05:12:27.000+0000"},{"id":744,"code":"XL090","name":"기계및자동차기술연구소","myParentId":838,"isActive":true,"lastUpdatorId":6,"dateCreated":"2019-05-23T06:55:35.000+0000","lastUpdated":"2019-05-24T05:12:27.000+0000"},{"id":745,"code":"XL091","name":"산학협력단","myParentId":158,"isActive":true,"lastUpdatorId":6,"dateCreated":"2019-05-23T06:55:35.000+0000","lastUpdated":"2019-05-24T05:12:28.000+0000"},{"id":746,"code":"XL092","name":"적조연구센터","myParentId":null,"isActive":true,"lastUpdatorId":6,"dateCreated":"2019-05-23T06:55:35.000+0000","lastUpdated":"2019-05-23T06:55:35.000+0000"},{"id":747,"code":"XL093","name":"법학연구소","myParentId":838,"isActive":true,"lastUpdatorId":6,"dateCreated":"2019-05-23T06:55:36.000+0000","lastUpdated":"2019-05-24T05:12:28.000+0000"},{"id":748,"code":"XL094","name":"정보통신기술연구소","myParentId":838,"isActive":true,"lastUpdatorId":6,"dateCreated":"2019-05-23T06:55:36.000+0000","lastUpdated":"2019-05-24T05:12:28.000+0000"},{"id":749,"code":"XL095","name":"어병연구소","myParentId":838,"isActive":true,"lastUpdatorId":6,"dateCreated":"2019-05-23T06:55:36.000+0000","lastUpdated":"2019-05-24T05:12:29.000+0000"},{"id":750,"code":"XL096","name":"식품연구소","myParentId":838,"isActive":true,"lastUpdatorId":6,"dateCreated":"2019-05-23T06:55:37.000+0000","lastUpdated":"2019-05-24T05:12:29.000+0000"},{"id":751,"code":"XL097","name":"어학교육원","myParentId":null,"isActive":true,"lastUpdatorId":6,"dateCreated":"2019-05-23T06:55:51.000+0000","lastUpdated":"2019-05-23T06:55:51.000+0000"},{"id":752,"code":"XL098","name":"종합서비스센터","myParentId":null,"isActive":true,"lastUpdatorId":6,"dateCreated":"2019-05-23T06:55:51.000+0000","lastUpdated":"2019-05-23T06:55:51.000+0000"},{"id":753,"code":"XL099","name":"학생종합인력개발센터","myParentId":null,"isActive":true,"lastUpdatorId":6,"dateCreated":"2019-05-23T06:55:52.000+0000","lastUpdated":"2019-05-24T05:27:00.000+0000"},{"id":754,"code":"XL100","name":"국제교류센터","myParentId":null,"isActive":true,"lastUpdatorId":6,"dateCreated":"2019-05-23T06:55:52.000+0000","lastUpdated":"2019-05-23T06:55:52.000+0000"},{"id":755,"code":"XL101","name":"과학영재교육원","myParentId":837,"isActive":true,"lastUpdatorId":6,"dateCreated":"2019-05-23T06:55:53.000+0000","lastUpdated":"2019-05-24T05:12:30.000+0000"},{"id":756,"code":"XL102","name":"환황해연구원","myParentId":null,"isActive":true,"lastUpdatorId":6,"dateCreated":"2019-05-23T06:55:53.000+0000","lastUpdated":"2019-05-24T05:27:00.000+0000"},{"id":757,"code":"XL103","name":"국제교류센타","myParentId":null,"isActive":true,"lastUpdatorId":6,"dateCreated":"2019-05-23T06:55:53.000+0000","lastUpdated":"2019-05-23T06:55:53.000+0000"},{"id":758,"code":"XL104","name":"공학교육혁신센터","myParentId":837,"isActive":true,"lastUpdatorId":6,"dateCreated":"2019-05-23T06:55:54.000+0000","lastUpdated":"2019-05-24T05:12:30.000+0000"},{"id":759,"code":"XL105","name":"소비조합","myParentId":null,"isActive":true,"lastUpdatorId":6,"dateCreated":"2019-05-23T06:56:01.000+0000","lastUpdated":"2019-05-24T05:27:01.000+0000"},{"id":760,"code":"XL106","name":"장애학생지원센터","myParentId":837,"isActive":true,"lastUpdatorId":6,"dateCreated":"2019-05-23T06:56:01.000+0000","lastUpdated":"2019-05-24T05:12:31.000+0000"},{"id":761,"code":"XL107","name":"해양생물연구교육센터","myParentId":null,"isActive":true,"lastUpdatorId":6,"dateCreated":"2019-05-23T06:56:02.000+0000","lastUpdated":"2019-05-24T05:27:02.000+0000"},{"id":762,"code":"XL108","name":"언어교육원","myParentId":null,"isActive":true,"lastUpdatorId":6,"dateCreated":"2019-05-23T06:56:02.000+0000","lastUpdated":"2019-05-23T06:56:02.000+0000"},{"id":763,"code":"XL109","name":"국제교류교육원","myParentId":841,"isActive":true,"lastUpdatorId":6,"dateCreated":"2019-05-23T06:56:02.000+0000","lastUpdated":"2019-05-24T05:12:32.000+0000"},{"id":764,"code":"XL110","name":"새만금종합개발연구원","myParentId":null,"isActive":true,"lastUpdatorId":6,"dateCreated":"2019-05-23T06:56:03.000+0000","lastUpdated":"2019-05-24T05:27:02.000+0000"},{"id":765,"code":"XL111","name":"수산공학실험관","myParentId":null,"isActive":true,"lastUpdatorId":6,"dateCreated":"2019-05-23T06:56:03.000+0000","lastUpdated":"2019-05-24T05:27:03.000+0000"},{"id":766,"code":"XL112","name":"교무과(대학원)","myParentId":null,"isActive":true,"lastUpdatorId":6,"dateCreated":"2019-05-23T06:56:03.000+0000","lastUpdated":"2019-05-23T06:56:03.000+0000"},{"id":767,"code":"XL113","name":"인문대사회대통합행정실","myParentId":null,"isActive":true,"lastUpdatorId":6,"dateCreated":"2019-05-23T06:56:04.000+0000","lastUpdated":"2019-05-24T05:27:03.000+0000"},{"id":768,"code":"XL114","name":"자연대예술대통합행정실","myParentId":null,"isActive":true,"lastUpdatorId":6,"dateCreated":"2019-05-23T06:56:04.000+0000","lastUpdated":"2019-05-24T05:27:03.000+0000"},{"id":769,"code":"XL115","name":"주차관리부","myParentId":null,"isActive":true,"lastUpdatorId":6,"dateCreated":"2019-05-23T06:56:04.000+0000","lastUpdated":"2019-05-24T05:27:04.000+0000"},{"id":770,"code":"XL116","name":"배움터사업단","myParentId":null,"isActive":true,"lastUpdatorId":6,"dateCreated":"2019-05-23T06:56:05.000+0000","lastUpdated":"2019-05-24T05:27:04.000+0000"},{"id":771,"code":"XL118","name":"녹조·적조연구센터","myParentId":null,"isActive":true,"lastUpdatorId":6,"dateCreated":"2019-05-23T06:56:19.000+0000","lastUpdated":"2019-05-24T05:27:04.000+0000"},{"id":772,"code":"XL119","name":"제1행정실(인문대)","myParentId":null,"isActive":true,"lastUpdatorId":6,"dateCreated":"2019-05-23T06:56:19.000+0000","lastUpdated":"2019-05-24T05:27:05.000+0000"},{"id":773,"code":"XL120","name":"제2행정실(자연대)","myParentId":null,"isActive":true,"lastUpdatorId":6,"dateCreated":"2019-05-23T06:56:20.000+0000","lastUpdated":"2019-05-24T05:27:05.000+0000"},{"id":774,"code":"XL121","name":"제3행정실","myParentId":null,"isActive":true,"lastUpdatorId":6,"dateCreated":"2019-05-23T06:56:20.000+0000","lastUpdated":"2019-05-24T05:27:05.000+0000"},{"id":775,"code":"XL122","name":"제4행정실","myParentId":null,"isActive":true,"lastUpdatorId":6,"dateCreated":"2019-05-23T06:56:21.000+0000","lastUpdated":"2019-05-24T05:27:06.000+0000"},{"id":776,"code":"XL123","name":"교육개발원","myParentId":841,"isActive":true,"lastUpdatorId":6,"dateCreated":"2019-05-23T06:56:21.000+0000","lastUpdated":"2019-05-24T05:12:36.000+0000"},{"id":777,"code":"XL124","name":"학생종합인력개발원","myParentId":null,"isActive":true,"lastUpdatorId":6,"dateCreated":"2019-05-23T06:56:21.000+0000","lastUpdated":"2019-05-24T05:27:06.000+0000"},{"id":778,"code":"XL125","name":"선박실습운영센터","myParentId":null,"isActive":true,"lastUpdatorId":6,"dateCreated":"2019-05-23T06:56:22.000+0000","lastUpdated":"2019-05-24T05:27:07.000+0000"},{"id":779,"code":"XL126","name":"제1행정실(사회대)","myParentId":null,"isActive":true,"lastUpdatorId":6,"dateCreated":"2019-05-23T06:56:22.000+0000","lastUpdated":"2019-05-24T05:27:07.000+0000"},{"id":780,"code":"XL127","name":"제2행정실(예술대)","myParentId":null,"isActive":true,"lastUpdatorId":6,"dateCreated":"2019-05-23T06:56:22.000+0000","lastUpdated":"2019-05-24T05:27:07.000+0000"},{"id":781,"code":"XL128","name":"제1행정실","myParentId":null,"isActive":true,"lastUpdatorId":6,"dateCreated":"2019-05-23T06:56:23.000+0000","lastUpdated":"2019-05-24T05:27:08.000+0000"},{"id":782,"code":"XL129","name":"제2행정실","myParentId":null,"isActive":true,"lastUpdatorId":6,"dateCreated":"2019-05-23T06:56:23.000+0000","lastUpdated":"2019-05-24T05:27:08.000+0000"},{"id":783,"code":"XL130","name":"중소기업산학협력센터","myParentId":null,"isActive":true,"lastUpdatorId":6,"dateCreated":"2019-05-23T06:56:29.000+0000","lastUpdated":"2019-05-24T05:27:08.000+0000"},{"id":784,"code":"XL131","name":"미술관","myParentId":837,"isActive":true,"lastUpdatorId":6,"dateCreated":"2019-05-23T06:56:29.000+0000","lastUpdated":"2019-05-24T05:12:39.000+0000"},{"id":785,"code":"XL132","name":"풍력기술연구센터","myParentId":null,"isActive":true,"lastUpdatorId":6,"dateCreated":"2019-05-23T06:56:30.000+0000","lastUpdated":"2019-05-24T05:27:09.000+0000"},{"id":786,"code":"XL133","name":"생활과학교실","myParentId":null,"isActive":true,"lastUpdatorId":6,"dateCreated":"2019-05-23T06:56:30.000+0000","lastUpdated":"2019-05-24T05:27:09.000+0000"},{"id":787,"code":"XL134","name":"희망나눔청년사업단","myParentId":745,"isActive":true,"lastUpdatorId":6,"dateCreated":"2019-05-23T06:56:31.000+0000","lastUpdated":"2019-05-24T05:12:40.000+0000"},{"id":788,"code":"XL135","name":"보령효나눔복지센터","myParentId":745,"isActive":true,"lastUpdatorId":6,"dateCreated":"2019-05-23T06:56:31.000+0000","lastUpdated":"2019-05-24T05:12:40.000+0000"},{"id":789,"code":"XL136","name":"예비군연대","myParentId":null,"isActive":true,"lastUpdatorId":6,"dateCreated":"2019-05-23T06:56:31.000+0000","lastUpdated":"2019-05-24T05:27:10.000+0000"},{"id":790,"code":"XL137","name":"해양수산실습원","myParentId":null,"isActive":true,"lastUpdatorId":6,"dateCreated":"2019-05-23T06:56:32.000+0000","lastUpdated":"2019-05-24T05:27:10.000+0000"},{"id":791,"code":"XL138","name":"학생생활관","myParentId":841,"isActive":true,"lastUpdatorId":6,"dateCreated":"2019-05-23T06:56:32.000+0000","lastUpdated":"2019-05-24T05:12:41.000+0000"},{"id":792,"code":"XL139","name":"취업지원본부","myParentId":null,"isActive":true,"lastUpdatorId":6,"dateCreated":"2019-05-23T06:56:47.000+0000","lastUpdated":"2019-05-24T05:27:11.000+0000"},{"id":793,"code":"XL140","name":"새만금캠퍼스본부","myParentId":158,"isActive":true,"lastUpdatorId":6,"dateCreated":"2019-05-23T06:56:48.000+0000","lastUpdated":"2019-05-24T05:12:42.000+0000"},{"id":794,"code":"XL141","name":"산학협력과","myParentId":745,"isActive":true,"lastUpdatorId":6,"dateCreated":"2019-05-23T06:56:48.000+0000","lastUpdated":"2019-05-24T05:12:42.000+0000"},{"id":795,"code":"XL142","name":"취업ㆍ상담지원본부","myParentId":null,"isActive":true,"lastUpdatorId":6,"dateCreated":"2019-05-23T06:56:49.000+0000","lastUpdated":"2019-05-24T05:27:12.000+0000"},{"id":796,"code":"XL143","name":"창업교육센터","myParentId":837,"isActive":true,"lastUpdatorId":6,"dateCreated":"2019-05-23T06:56:49.000+0000","lastUpdated":"2019-05-24T05:12:43.000+0000"},{"id":797,"code":"XL144","name":"교육혁신본부","myParentId":null,"isActive":true,"lastUpdatorId":6,"dateCreated":"2019-05-23T06:56:49.000+0000","lastUpdated":"2019-05-24T05:27:12.000+0000"},{"id":798,"code":"XL145","name":"전북새만금산학융합본부","myParentId":null,"isActive":true,"lastUpdatorId":6,"dateCreated":"2019-05-23T06:56:50.000+0000","lastUpdated":"2019-05-24T05:27:13.000+0000"},{"id":799,"code":"XL146","name":"교양교육원","myParentId":841,"isActive":true,"lastUpdatorId":6,"dateCreated":"2019-05-23T06:56:50.000+0000","lastUpdated":"2019-05-24T05:12:44.000+0000"},{"id":800,"code":"XL147","name":"취업지원센터","myParentId":null,"isActive":true,"lastUpdatorId":6,"dateCreated":"2019-05-23T06:56:50.000+0000","lastUpdated":"2019-05-24T05:27:13.000+0000"},{"id":801,"code":"XL148","name":"취업지원인재개발원","myParentId":841,"isActive":true,"lastUpdatorId":6,"dateCreated":"2019-05-23T06:56:51.000+0000","lastUpdated":"2019-05-24T05:12:45.000+0000"},{"id":802,"code":"XL149","name":"교수평의회","myParentId":849,"isActive":true,"lastUpdatorId":6,"dateCreated":"2019-05-23T06:56:51.000+0000","lastUpdated":"2019-05-24T05:12:45.000+0000"},{"id":803,"code":"XL150","name":"프라임사업단","myParentId":null,"isActive":true,"lastUpdatorId":6,"dateCreated":"2019-05-23T06:56:51.000+0000","lastUpdated":"2019-05-24T05:27:14.000+0000"},{"id":804,"code":"XL151","name":"군산시다문화가족지원센터","myParentId":745,"isActive":true,"lastUpdatorId":6,"dateCreated":"2019-05-23T06:56:52.000+0000","lastUpdated":"2019-05-24T05:12:46.000+0000"},{"id":805,"code":"XL152","name":"군산시건강가정지원센터","myParentId":745,"isActive":true,"lastUpdatorId":6,"dateCreated":"2019-05-23T06:56:52.000+0000","lastUpdated":"2019-05-24T05:12:46.000+0000"},{"id":806,"code":"XL160","name":"대학발전지원재단","myParentId":158,"isActive":true,"lastUpdatorId":6,"dateCreated":"2019-05-23T06:56:52.000+0000","lastUpdated":"2019-05-24T05:12:47.000+0000"},{"id":807,"code":"XL161","name":"WISET전북지역사업단","myParentId":745,"isActive":true,"lastUpdatorId":6,"dateCreated":"2019-05-23T06:56:53.000+0000","lastUpdated":"2019-05-24T05:12:47.000+0000"},{"id":808,"code":"XL162","name":"수송기계부품설계인력양성사업단","myParentId":745,"isActive":true,"lastUpdatorId":6,"dateCreated":"2019-05-23T06:56:53.000+0000","lastUpdated":"2019-05-24T05:12:47.000+0000"},{"id":809,"code":"XL163","name":"친환경분석연구센터","myParentId":745,"isActive":true,"lastUpdatorId":6,"dateCreated":"2019-05-23T06:56:53.000+0000","lastUpdated":"2019-05-24T05:12:48.000+0000"},{"id":810,"code":"XL164","name":"조선해양전문인력양성사업단","myParentId":745,"isActive":true,"lastUpdatorId":6,"dateCreated":"2019-05-23T06:56:54.000+0000","lastUpdated":"2019-05-24T05:12:48.000+0000"},{"id":811,"code":"XL167","name":"군산시어린이급식관리지원센터","myParentId":745,"isActive":true,"lastUpdatorId":6,"dateCreated":"2019-05-23T06:56:54.000+0000","lastUpdated":"2019-05-24T05:12:48.000+0000"},{"id":812,"code":"XL168","name":"산학협력선도대학육성사업단","myParentId":745,"isActive":true,"lastUpdatorId":6,"dateCreated":"2019-05-23T06:56:54.000+0000","lastUpdated":"2019-05-24T05:12:49.000+0000"},{"id":813,"code":"XL169","name":"취업연계특성화사업단","myParentId":745,"isActive":true,"lastUpdatorId":6,"dateCreated":"2019-05-23T06:56:55.000+0000","lastUpdated":"2019-05-24T05:12:49.000+0000"},{"id":814,"code":"XL170","name":"BK21플러스글로컬지반환경공학연구팀","myParentId":745,"isActive":true,"lastUpdatorId":6,"dateCreated":"2019-05-23T06:56:55.000+0000","lastUpdated":"2019-05-24T05:12:49.000+0000"},{"id":815,"code":"XL171","name":"새만금중·일ME육성사업단","myParentId":745,"isActive":true,"lastUpdatorId":6,"dateCreated":"2019-05-23T06:56:55.000+0000","lastUpdated":"2019-05-24T05:12:50.000+0000"},{"id":816,"code":"XL172","name":"새만금ICT융합인재양성사업단","myParentId":745,"isActive":true,"lastUpdatorId":6,"dateCreated":"2019-05-23T06:56:55.000+0000","lastUpdated":"2019-05-24T05:12:50.000+0000"},{"id":817,"code":"XL173","name":"해양바이오특성화사업단","myParentId":null,"isActive":true,"lastUpdatorId":6,"dateCreated":"2019-05-23T06:56:59.000+0000","lastUpdated":"2019-05-24T05:27:18.000+0000"},{"id":818,"code":"XL174","name":"ICT융합조선해양연구원","myParentId":745,"isActive":true,"lastUpdatorId":6,"dateCreated":"2019-05-23T06:56:59.000+0000","lastUpdated":"2019-05-24T05:12:51.000+0000"},{"id":819,"code":"XL175","name":"차세대건설기계알앤디센터","myParentId":745,"isActive":true,"lastUpdatorId":6,"dateCreated":"2019-05-23T06:56:59.000+0000","lastUpdated":"2019-05-24T05:12:51.000+0000"},{"id":820,"code":"XL176","name":"한국사회서비스센터","myParentId":745,"isActive":true,"lastUpdatorId":6,"dateCreated":"2019-05-23T06:57:00.000+0000","lastUpdated":"2019-05-24T05:12:51.000+0000"},{"id":821,"code":"XL177","name":"해양지반연동고급인력양성사업단","myParentId":745,"isActive":true,"lastUpdatorId":6,"dateCreated":"2019-05-23T06:57:00.000+0000","lastUpdated":"2019-05-24T05:12:52.000+0000"},{"id":822,"code":"XL178","name":"글로벌물류인력양성사업단","myParentId":745,"isActive":true,"lastUpdatorId":6,"dateCreated":"2019-05-23T06:57:00.000+0000","lastUpdated":"2019-05-24T05:12:52.000+0000"},{"id":823,"code":"XL179","name":"농생명융합기술센터","myParentId":745,"isActive":true,"lastUpdatorId":6,"dateCreated":"2019-05-23T06:57:01.000+0000","lastUpdated":"2019-05-24T05:12:52.000+0000"},{"id":824,"code":"XL180","name":"새만금창의융합센터","myParentId":745,"isActive":true,"lastUpdatorId":6,"dateCreated":"2019-05-23T06:57:01.000+0000","lastUpdated":"2019-05-24T05:13:07.000+0000"},{"id":825,"code":"XL181","name":"학교기업쓰리디프로","myParentId":745,"isActive":true,"lastUpdatorId":6,"dateCreated":"2019-05-23T06:57:02.000+0000","lastUpdated":"2019-05-24T05:13:07.000+0000"},{"id":826,"code":"XL182","name":"기계부품설계신뢰성기술센터","myParentId":745,"isActive":true,"lastUpdatorId":6,"dateCreated":"2019-05-23T06:57:02.000+0000","lastUpdated":"2019-05-24T05:13:08.000+0000"},{"id":827,"code":"XL183","name":"인문도시사업센터","myParentId":745,"isActive":true,"lastUpdatorId":6,"dateCreated":"2019-05-23T06:57:02.000+0000","lastUpdated":"2019-05-24T05:13:08.000+0000"},{"id":828,"code":"XL184","name":"테크숍센터","myParentId":745,"isActive":true,"lastUpdatorId":6,"dateCreated":"2019-05-23T06:57:03.000+0000","lastUpdated":"2019-05-24T05:13:08.000+0000"},{"id":829,"code":"XL185","name":"지식재산교육선도사업단","myParentId":745,"isActive":true,"lastUpdatorId":6,"dateCreated":"2019-05-23T06:57:03.000+0000","lastUpdated":"2019-05-24T05:13:09.000+0000"},{"id":830,"code":"XL186","name":"인문정보예술융합센터","myParentId":745,"isActive":true,"lastUpdatorId":6,"dateCreated":"2019-05-23T06:57:04.000+0000","lastUpdated":"2019-05-24T05:13:09.000+0000"},{"id":831,"code":"XL188","name":"어린이행복연구소","myParentId":838,"isActive":true,"lastUpdatorId":6,"dateCreated":"2019-05-23T06:57:04.000+0000","lastUpdated":"2019-05-24T05:13:10.000+0000"},{"id":832,"code":"XL189","name":"전북역사문화교육연구소","myParentId":838,"isActive":true,"lastUpdatorId":6,"dateCreated":"2019-05-23T06:57:05.000+0000","lastUpdated":"2019-05-24T05:13:10.000+0000"},{"id":833,"code":"XL190","name":"금호어울림국공립어린이집","myParentId":745,"isActive":true,"lastUpdatorId":6,"dateCreated":"2019-05-23T06:57:06.000+0000","lastUpdated":"2019-05-24T05:13:11.000+0000"},{"id":834,"code":"XL191","name":"산업연계교육활성화선도대학사업단","myParentId":845,"isActive":true,"lastUpdatorId":6,"dateCreated":"2019-05-23T06:57:06.000+0000","lastUpdated":"2019-05-24T05:13:11.000+0000"},{"id":835,"code":"XL192","name":"스포츠과학연구소","myParentId":838,"isActive":true,"lastUpdatorId":6,"dateCreated":"2019-05-23T06:57:10.000+0000","lastUpdated":"2019-05-24T05:13:12.000+0000"},{"id":836,"code":"XL193","name":"현대음악연구소","myParentId":838,"isActive":true,"lastUpdatorId":6,"dateCreated":"2019-05-23T06:57:10.000+0000","lastUpdated":"2019-05-24T05:13:12.000+0000"},{"id":837,"code":"XL194","name":"부속시설","myParentId":158,"isActive":true,"lastUpdatorId":6,"dateCreated":"2019-05-23T06:57:11.000+0000","lastUpdated":"2019-05-24T05:13:12.000+0000"},{"id":838,"code":"XL195","name":"연구시설","myParentId":158,"isActive":true,"lastUpdatorId":6,"dateCreated":"2019-05-23T06:57:11.000+0000","lastUpdated":"2019-05-24T05:13:13.000+0000"},{"id":839,"code":"XL196","name":"ICT특성화취업연계형사업단","myParentId":745,"isActive":true,"lastUpdatorId":6,"dateCreated":"2019-05-23T06:57:11.000+0000","lastUpdated":"2019-05-24T05:13:13.000+0000"},{"id":840,"code":"XL197","name":"입학사정관실","myParentId":847,"isActive":true,"lastUpdatorId":6,"dateCreated":"2019-05-23T06:57:12.000+0000","lastUpdated":"2019-05-24T05:13:13.000+0000"},{"id":841,"code":"XL198","name":"지원시설","myParentId":158,"isActive":true,"lastUpdatorId":6,"dateCreated":"2019-05-23T06:57:12.000+0000","lastUpdated":"2019-05-24T05:13:13.000+0000"},{"id":842,"code":"XL199","name":"학생상담센터","myParentId":873,"isActive":true,"lastUpdatorId":6,"dateCreated":"2019-05-23T06:57:12.000+0000","lastUpdated":"2019-05-24T05:13:14.000+0000"},{"id":843,"code":"XL200","name":"교무처","myParentId":158,"isActive":true,"lastUpdatorId":6,"dateCreated":"2019-05-23T06:57:13.000+0000","lastUpdated":"2019-05-24T05:13:14.000+0000"},{"id":844,"code":"XL201","name":"학생처","myParentId":null,"isActive":true,"lastUpdatorId":6,"dateCreated":"2019-05-23T06:57:13.000+0000","lastUpdated":"2019-05-24T05:27:25.000+0000"},{"id":845,"code":"XL202","name":"기획처","myParentId":158,"isActive":true,"lastUpdatorId":6,"dateCreated":"2019-05-23T06:57:13.000+0000","lastUpdated":"2019-05-24T05:13:15.000+0000"},{"id":846,"code":"XL203","name":"사무국","myParentId":158,"isActive":true,"lastUpdatorId":6,"dateCreated":"2019-05-23T06:57:14.000+0000","lastUpdated":"2019-05-24T05:13:15.000+0000"},{"id":847,"code":"XL204","name":"입학관리본부","myParentId":158,"isActive":true,"lastUpdatorId":6,"dateCreated":"2019-05-23T06:57:14.000+0000","lastUpdated":"2019-05-24T05:13:15.000+0000"},{"id":848,"code":"XL205","name":"도서관","myParentId":158,"isActive":true,"lastUpdatorId":6,"dateCreated":"2019-05-23T06:57:21.000+0000","lastUpdated":"2019-05-24T05:13:16.000+0000"},{"id":849,"code":"XL206","name":"위원회","myParentId":158,"isActive":true,"lastUpdatorId":6,"dateCreated":"2019-05-23T06:57:21.000+0000","lastUpdated":"2019-05-24T05:13:16.000+0000"},{"id":850,"code":"XL208","name":"인문대학","myParentId":158,"isActive":true,"lastUpdatorId":6,"dateCreated":"2019-05-23T06:57:21.000+0000","lastUpdated":"2019-05-24T05:13:17.000+0000"},{"id":851,"code":"XL209","name":"예술대학","myParentId":158,"isActive":true,"lastUpdatorId":6,"dateCreated":"2019-05-23T06:57:22.000+0000","lastUpdated":"2019-05-24T05:13:17.000+0000"},{"id":852,"code":"XL210","name":"사회과학대학","myParentId":158,"isActive":true,"lastUpdatorId":6,"dateCreated":"2019-05-23T06:57:22.000+0000","lastUpdated":"2019-05-24T05:13:17.000+0000"},{"id":853,"code":"XL211","name":"자연과학대학","myParentId":158,"isActive":true,"lastUpdatorId":6,"dateCreated":"2019-05-23T06:57:22.000+0000","lastUpdated":"2019-05-24T05:13:18.000+0000"},{"id":854,"code":"XL212","name":"공과대학","myParentId":158,"isActive":true,"lastUpdatorId":6,"dateCreated":"2019-05-23T06:57:23.000+0000","lastUpdated":"2019-05-24T05:13:18.000+0000"},{"id":855,"code":"XL213","name":"해양과학대학","myParentId":158,"isActive":true,"lastUpdatorId":6,"dateCreated":"2019-05-23T06:57:27.000+0000","lastUpdated":"2019-05-24T05:13:18.000+0000"},{"id":856,"code":"XL214","name":"산업대학원","myParentId":158,"isActive":true,"lastUpdatorId":6,"dateCreated":"2019-05-23T06:57:28.000+0000","lastUpdated":"2019-05-24T05:13:18.000+0000"},{"id":857,"code":"XL215","name":"경영행정대학원","myParentId":158,"isActive":true,"lastUpdatorId":6,"dateCreated":"2019-05-23T06:57:28.000+0000","lastUpdated":"2019-05-24T05:13:19.000+0000"},{"id":858,"code":"XL216","name":"교육대학원","myParentId":158,"isActive":true,"lastUpdatorId":6,"dateCreated":"2019-05-23T06:57:28.000+0000","lastUpdated":"2019-05-24T05:13:19.000+0000"},{"id":859,"code":"XL220","name":"생활협동조합","myParentId":676,"isActive":true,"lastUpdatorId":6,"dateCreated":"2019-05-23T06:57:29.000+0000","lastUpdated":"2019-05-24T05:13:19.000+0000"},{"id":860,"code":"XL221","name":"해양과학대학선박실습운영센터","myParentId":837,"isActive":true,"lastUpdatorId":6,"dateCreated":"2019-05-23T06:57:29.000+0000","lastUpdated":"2019-05-24T05:13:20.000+0000"},{"id":861,"code":"XL222","name":"해양과학대학해양수산실습원","myParentId":837,"isActive":true,"lastUpdatorId":6,"dateCreated":"2019-05-23T06:57:30.000+0000","lastUpdated":"2019-05-24T05:13:20.000+0000"},{"id":862,"code":"XL223","name":"산학융합공과대학개설추진단","myParentId":null,"isActive":true,"lastUpdatorId":6,"dateCreated":"2019-05-23T06:57:30.000+0000","lastUpdated":"2019-05-24T05:27:30.000+0000"},{"id":863,"code":"XL224","name":"교육연수원","myParentId":837,"isActive":true,"lastUpdatorId":6,"dateCreated":"2019-05-23T06:57:30.000+0000","lastUpdated":"2019-05-24T05:13:21.000+0000"},{"id":864,"code":"XL225","name":"생활체육지도자연수원","myParentId":837,"isActive":true,"lastUpdatorId":6,"dateCreated":"2019-05-23T06:57:31.000+0000","lastUpdated":"2019-05-24T05:13:21.000+0000"},{"id":865,"code":"XL226","name":"기업지원센터","myParentId":837,"isActive":true,"lastUpdatorId":6,"dateCreated":"2019-05-23T06:57:31.000+0000","lastUpdated":"2019-05-24T05:13:21.000+0000"},{"id":866,"code":"XL227","name":"녹조적조연구센터","myParentId":null,"isActive":true,"lastUpdatorId":6,"dateCreated":"2019-05-23T06:57:31.000+0000","lastUpdated":"2019-05-24T05:27:32.000+0000"},{"id":867,"code":"XL228","name":"기술혁신센터","myParentId":null,"isActive":true,"lastUpdatorId":6,"dateCreated":"2019-05-23T06:57:32.000+0000","lastUpdated":"2019-05-24T05:27:32.000+0000"},{"id":868,"code":"XL229","name":"학생군사교육단","myParentId":158,"isActive":true,"lastUpdatorId":6,"dateCreated":"2019-05-23T06:57:32.000+0000","lastUpdated":"2019-05-24T05:13:22.000+0000"},{"id":869,"code":"XL230","name":"환경건설연구소","myParentId":838,"isActive":true,"lastUpdatorId":6,"dateCreated":"2019-05-23T06:57:32.000+0000","lastUpdated":"2019-05-24T05:13:23.000+0000"},{"id":870,"code":"XL231","name":"여학생행복지원센터","myParentId":873,"isActive":true,"lastUpdatorId":6,"dateCreated":"2019-05-23T06:57:33.000+0000","lastUpdated":"2019-05-24T05:13:23.000+0000"},{"id":871,"code":"XL232","name":"산학융합공과대학","myParentId":158,"isActive":true,"lastUpdatorId":6,"dateCreated":"2019-05-23T06:57:33.000+0000","lastUpdated":"2019-05-24T05:13:23.000+0000"},{"id":872,"code":"XL240","name":"학생·취업지원처","myParentId":158,"isActive":true,"lastUpdatorId":6,"dateCreated":"2019-05-23T06:57:33.000+0000","lastUpdated":"2019-05-24T05:13:24.000+0000"},{"id":873,"code":"XL241","name":"취·창업지원과","myParentId":872,"isActive":true,"lastUpdatorId":6,"dateCreated":"2019-05-23T06:57:34.000+0000","lastUpdated":"2019-05-24T05:13:24.000+0000"},{"id":874,"code":"XL242","name":"인공지능무인시스템연구센터","myParentId":745,"isActive":true,"lastUpdatorId":6,"dateCreated":"2019-05-23T06:57:34.000+0000","lastUpdated":"2019-05-24T06:05:02.000+0000"},{"id":875,"code":"XL243","name":"대학창조일자리센터","myParentId":837,"isActive":true,"lastUpdatorId":6,"dateCreated":"2019-05-23T06:57:34.000+0000","lastUpdated":"2019-05-24T05:13:24.000+0000"},{"id":876,"code":"XL244","name":"생명윤리센터","myParentId":837,"isActive":true,"lastUpdatorId":6,"dateCreated":"2019-05-23T06:57:35.000+0000","lastUpdated":"2019-05-24T05:13:25.000+0000"},{"id":877,"code":"XL245","name":"전북씨그랜트센터","myParentId":null,"isActive":true,"lastUpdatorId":6,"dateCreated":"2019-05-23T06:57:35.000+0000","lastUpdated":"2019-05-24T05:27:34.000+0000"},{"id":878,"code":"XL247","name":"인공지능자율시스템센터","myParentId":null,"isActive":true,"lastUpdatorId":6,"dateCreated":"2019-05-23T06:57:35.000+0000","lastUpdated":"2019-05-24T05:27:35.000+0000"},{"id":879,"code":"XL248","name":"WISET전북지역군산대사업단","myParentId":null,"isActive":true,"lastUpdatorId":6,"dateCreated":"2019-05-23T06:57:36.000+0000","lastUpdated":"2019-05-24T05:27:35.000+0000"},{"id":880,"code":"XL249","name":"미래형자동차R&D전문인력양성사업단","myParentId":null,"isActive":true,"lastUpdatorId":6,"dateCreated":"2019-05-23T06:57:36.000+0000","lastUpdated":"2019-05-24T05:27:35.000+0000"},{"id":881,"code":"XL250","name":"국제다문화센터사업단","myParentId":null,"isActive":true,"lastUpdatorId":6,"dateCreated":"2019-05-23T06:57:36.000+0000","lastUpdated":"2019-05-24T05:27:36.000+0000"},{"id":882,"code":"XL251","name":"해양산업기술교육센터","myParentId":null,"isActive":true,"lastUpdatorId":6,"dateCreated":"2019-05-23T06:57:37.000+0000","lastUpdated":"2019-05-24T05:27:36.000+0000"},{"id":883,"code":"XL252","name":"귀어·귀촌지원센터","myParentId":null,"isActive":true,"lastUpdatorId":6,"dateCreated":"2019-05-23T06:57:37.000+0000","lastUpdated":"2019-05-24T05:27:36.000+0000"},{"id":884,"code":"XL253","name":"네트워크기반유체기기사업단","myParentId":null,"isActive":true,"lastUpdatorId":6,"dateCreated":"2019-05-23T06:57:38.000+0000","lastUpdated":"2019-05-24T05:27:37.000+0000"},{"id":885,"code":"XL254","name":"WISET호남제주권역사업단","myParentId":null,"isActive":true,"lastUpdatorId":6,"dateCreated":"2019-05-23T06:57:38.000+0000","lastUpdated":"2019-05-24T05:27:37.000+0000"},{"id":886,"code":"XL255","name":"보건의료안전교육센터","myParentId":null,"isActive":true,"lastUpdatorId":6,"dateCreated":"2019-05-23T06:57:38.000+0000","lastUpdated":"2019-05-24T05:27:37.000+0000"},{"id":887,"code":"XL256","name":"가야문화연구소","myParentId":null,"isActive":true,"lastUpdatorId":6,"dateCreated":"2019-05-23T06:57:39.000+0000","lastUpdated":"2019-05-24T05:27:37.000+0000"},{"id":888,"code":"XL257","name":"대학일자리센터","myParentId":837,"isActive":true,"lastUpdatorId":6,"dateCreated":"2019-05-23T06:57:39.000+0000","lastUpdated":"2019-05-24T05:13:29.000+0000"},{"id":889,"code":"XL258","name":"창업지원단","myParentId":837,"isActive":true,"lastUpdatorId":6,"dateCreated":"2019-05-23T06:57:39.000+0000","lastUpdated":"2019-05-24T05:13:29.000+0000"},{"id":890,"code":"XL259","name":"사회맞춤형교육과정운영사업단","myParentId":null,"isActive":true,"lastUpdatorId":6,"dateCreated":"2019-05-23T06:57:40.000+0000","lastUpdated":"2019-05-24T05:27:38.000+0000"},{"id":891,"code":"XL260","name":"조선해양기자재역량강화센터","myParentId":null,"isActive":true,"lastUpdatorId":6,"dateCreated":"2019-05-23T06:57:40.000+0000","lastUpdated":"2019-05-24T05:27:39.000+0000"},{"id":892,"code":"XL261","name":"소비자생활협동조합","myParentId":158,"isActive":true,"lastUpdatorId":6,"dateCreated":"2019-05-23T06:57:40.000+0000","lastUpdated":"2019-05-24T05:13:30.000+0000"},{"id":893,"code":"XL262","name":"취업지원과","myParentId":911,"isActive":true,"lastUpdatorId":6,"dateCreated":"2019-05-23T06:57:41.000+0000","lastUpdated":"2019-05-24T05:13:30.000+0000"},{"id":894,"code":"XL263","name":"여학생행복센터","myParentId":844,"isActive":true,"lastUpdatorId":6,"dateCreated":"2019-05-23T06:57:41.000+0000","lastUpdated":"2019-05-24T05:13:31.000+0000"},{"id":895,"code":"XL264","name":"해상풍력연구원","myParentId":745,"isActive":true,"lastUpdatorId":6,"dateCreated":"2019-05-23T06:57:41.000+0000","lastUpdated":"2019-05-24T05:13:31.000+0000"},{"id":896,"code":"XL265","name":"혁신성장청년인재집중양성사업단","myParentId":745,"isActive":true,"lastUpdatorId":6,"dateCreated":"2019-05-23T06:57:42.000+0000","lastUpdated":"2019-05-24T05:13:31.000+0000"},{"id":897,"code":"XL266","name":"전략기획본부","myParentId":745,"isActive":true,"lastUpdatorId":6,"dateCreated":"2019-05-23T06:57:42.000+0000","lastUpdated":"2019-05-24T05:13:32.000+0000"},{"id":898,"code":"XL267","name":"기술사업화실","myParentId":745,"isActive":true,"lastUpdatorId":6,"dateCreated":"2019-05-23T06:57:42.000+0000","lastUpdated":"2019-05-24T05:13:32.000+0000"},{"id":899,"code":"XL268","name":"연구윤리감사실","myParentId":745,"isActive":true,"lastUpdatorId":6,"dateCreated":"2019-05-23T06:57:43.000+0000","lastUpdated":"2019-05-24T05:13:32.000+0000"},{"id":900,"code":"XL269","name":"지진전문인력양성사업단","myParentId":745,"isActive":true,"lastUpdatorId":6,"dateCreated":"2019-05-23T06:57:43.000+0000","lastUpdated":"2019-05-24T05:13:32.000+0000"},{"id":901,"code":"XL270","name":"전북산학연촉진센터사업단","myParentId":745,"isActive":true,"lastUpdatorId":6,"dateCreated":"2019-05-23T06:57:43.000+0000","lastUpdated":"2019-05-24T05:13:33.000+0000"},{"id":902,"code":"XL271","name":"지역재생연구센터","myParentId":745,"isActive":true,"lastUpdatorId":6,"dateCreated":"2019-05-23T06:57:44.000+0000","lastUpdated":"2019-05-24T05:13:33.000+0000"},{"id":903,"code":"XL272","name":"주식회사군산대학교기술지주","myParentId":745,"isActive":true,"lastUpdatorId":6,"dateCreated":"2019-05-23T06:57:44.000+0000","lastUpdated":"2019-05-24T05:13:33.000+0000"},{"id":904,"code":"XL273","name":"인권센터","myParentId":837,"isActive":true,"lastUpdatorId":6,"dateCreated":"2019-05-23T06:57:44.000+0000","lastUpdated":"2019-05-24T05:13:34.000+0000"},{"id":905,"code":"XL274","name":"기술지주","myParentId":745,"isActive":true,"lastUpdatorId":6,"dateCreated":"2019-05-23T06:57:45.000+0000","lastUpdated":"2019-05-24T05:13:34.000+0000"},{"id":906,"code":"XL275","name":"황룡인재교육원","myParentId":841,"isActive":true,"lastUpdatorId":6,"dateCreated":"2019-05-23T06:57:45.000+0000","lastUpdated":"2019-05-24T05:13:34.000+0000"},{"id":907,"code":"XL276","name":"새만금중소기업진흥원","myParentId":928,"isActive":true,"lastUpdatorId":6,"dateCreated":"2019-05-23T06:57:45.000+0000","lastUpdated":"2019-05-24T05:13:35.000+0000"},{"id":908,"code":"XL999","name":"임시부서","myParentId":158,"isActive":true,"lastUpdatorId":6,"dateCreated":"2019-05-23T06:57:46.000+0000","lastUpdated":"2019-05-24T05:13:35.000+0000"},{"id":909,"code":"XM101","name":"사무국","myParentId":null,"isActive":true,"lastUpdatorId":6,"dateCreated":"2019-05-23T06:57:46.000+0000","lastUpdated":"2019-05-24T05:27:44.000+0000"},{"id":910,"code":"XM102","name":"교무처","myParentId":null,"isActive":true,"lastUpdatorId":6,"dateCreated":"2019-05-23T06:57:46.000+0000","lastUpdated":"2019-05-24T05:27:44.000+0000"},{"id":911,"code":"XM103","name":"학생처","myParentId":null,"isActive":true,"lastUpdatorId":6,"dateCreated":"2019-05-23T06:57:47.000+0000","lastUpdated":"2019-05-24T05:27:44.000+0000"},{"id":912,"code":"XM104","name":"기획처","myParentId":null,"isActive":true,"lastUpdatorId":6,"dateCreated":"2019-05-23T06:57:47.000+0000","lastUpdated":"2019-05-24T05:27:45.000+0000"},{"id":913,"code":"XM105","name":"주차관리부","myParentId":null,"isActive":true,"lastUpdatorId":6,"dateCreated":"2019-05-23T06:57:47.000+0000","lastUpdated":"2019-05-24T05:27:45.000+0000"},{"id":914,"code":"XM201","name":"인문대학","myParentId":null,"isActive":true,"lastUpdatorId":6,"dateCreated":"2019-05-23T06:57:48.000+0000","lastUpdated":"2019-05-24T05:27:45.000+0000"},{"id":915,"code":"XM202","name":"예술대학","myParentId":null,"isActive":true,"lastUpdatorId":6,"dateCreated":"2019-05-23T06:57:48.000+0000","lastUpdated":"2019-05-24T05:27:46.000+0000"},{"id":916,"code":"XM203","name":"사회과학대학","myParentId":null,"isActive":true,"lastUpdatorId":6,"dateCreated":"2019-05-23T06:57:48.000+0000","lastUpdated":"2019-05-24T05:27:46.000+0000"},{"id":917,"code":"XM204","name":"자연과학대학","myParentId":null,"isActive":true,"lastUpdatorId":6,"dateCreated":"2019-05-23T06:57:49.000+0000","lastUpdated":"2019-05-24T05:27:46.000+0000"},{"id":918,"code":"XM205","name":"공과대학","myParentId":null,"isActive":true,"lastUpdatorId":6,"dateCreated":"2019-05-23T06:57:49.000+0000","lastUpdated":"2019-05-24T05:27:46.000+0000"},{"id":919,"code":"XM206","name":"해양과학대학","myParentId":null,"isActive":true,"lastUpdatorId":6,"dateCreated":"2019-05-23T06:57:49.000+0000","lastUpdated":"2019-05-24T05:27:47.000+0000"},{"id":920,"code":"XM301","name":"대학원","myParentId":null,"isActive":true,"lastUpdatorId":6,"dateCreated":"2019-05-23T06:57:50.000+0000","lastUpdated":"2019-05-24T05:27:47.000+0000"},{"id":921,"code":"XM401","name":"도서관","myParentId":null,"isActive":true,"lastUpdatorId":6,"dateCreated":"2019-05-23T06:57:50.000+0000","lastUpdated":"2019-05-24T05:27:47.000+0000"},{"id":922,"code":"XM402","name":"평생교육원","myParentId":null,"isActive":true,"lastUpdatorId":6,"dateCreated":"2019-05-23T06:57:50.000+0000","lastUpdated":"2019-05-24T05:27:48.000+0000"},{"id":923,"code":"XM403","name":"국제교류교육원","myParentId":null,"isActive":true,"lastUpdatorId":6,"dateCreated":"2019-05-23T06:57:51.000+0000","lastUpdated":"2019-05-24T05:27:48.000+0000"},{"id":924,"code":"XM404","name":"정보통신훈련원","myParentId":null,"isActive":true,"lastUpdatorId":6,"dateCreated":"2019-05-23T06:57:51.000+0000","lastUpdated":"2019-05-24T05:27:48.000+0000"},{"id":925,"code":"XM405","name":"취업지원본부","myParentId":null,"isActive":true,"lastUpdatorId":6,"dateCreated":"2019-05-23T06:57:51.000+0000","lastUpdated":"2019-05-24T05:27:49.000+0000"},{"id":926,"code":"XM406","name":"정보전산원","myParentId":null,"isActive":true,"lastUpdatorId":6,"dateCreated":"2019-05-23T06:57:52.000+0000","lastUpdated":"2019-05-24T05:27:49.000+0000"},{"id":927,"code":"XM407","name":"입학관리과","myParentId":null,"isActive":true,"lastUpdatorId":6,"dateCreated":"2019-05-23T06:57:52.000+0000","lastUpdated":"2019-05-24T05:27:49.000+0000"},{"id":928,"code":"XM408","name":"산학협력단","myParentId":null,"isActive":true,"lastUpdatorId":6,"dateCreated":"2019-05-23T06:57:52.000+0000","lastUpdated":"2019-05-24T05:27:50.000+0000"},{"id":929,"code":"XM409","name":"교육개발원","myParentId":null,"isActive":true,"lastUpdatorId":6,"dateCreated":"2019-05-23T06:57:53.000+0000","lastUpdated":"2019-05-24T05:27:50.000+0000"},{"id":930,"code":"XM410","name":"공동실험실습관","myParentId":null,"isActive":true,"lastUpdatorId":6,"dateCreated":"2019-05-23T06:57:53.000+0000","lastUpdated":"2019-05-24T05:27:50.000+0000"},{"id":931,"code":"XM411","name":"새만금캠퍼스본부","myParentId":null,"isActive":true,"lastUpdatorId":6,"dateCreated":"2019-05-23T06:57:53.000+0000","lastUpdated":"2019-05-24T05:27:51.000+0000"},{"id":932,"code":"XM412","name":"취업ㆍ상담지원본부","myParentId":null,"isActive":true,"lastUpdatorId":6,"dateCreated":"2019-05-23T06:57:54.000+0000","lastUpdated":"2019-05-24T05:27:51.000+0000"},{"id":933,"code":"XM413","name":"학생군사교육단","myParentId":null,"isActive":true,"lastUpdatorId":6,"dateCreated":"2019-05-23T06:57:54.000+0000","lastUpdated":"2019-05-24T05:27:51.000+0000"},{"id":934,"code":"XM414","name":"교양교육원","myParentId":null,"isActive":true,"lastUpdatorId":6,"dateCreated":"2019-05-23T06:57:54.000+0000","lastUpdated":"2019-05-24T05:27:52.000+0000"},{"id":935,"code":"XM901","name":"학생생활관","myParentId":null,"isActive":true,"lastUpdatorId":6,"dateCreated":"2019-05-23T06:57:55.000+0000","lastUpdated":"2019-05-24T05:27:52.000+0000"},{"id":936,"code":"XM902","name":"소비조합","myParentId":null,"isActive":true,"lastUpdatorId":6,"dateCreated":"2019-05-23T06:57:55.000+0000","lastUpdated":"2019-05-24T05:27:52.000+0000"},{"id":937,"code":"XY101","name":"영양교사양성과정","myParentId":null,"isActive":true,"lastUpdatorId":6,"dateCreated":"2019-05-23T06:57:55.000+0000","lastUpdated":"2019-05-23T06:57:55.000+0000"}]
    Forwarded URL = null
   Redirected URL = null
          Cookies = []
]]></system-out>
  <system-err><![CDATA[]]></system-err>
</testsuite>
